<?xml version="1.0" encoding="UTF-8"?>
<!-- Generated by org.testng.reporters.JUnitReportReporter -->
<testsuite hostname="cdore-HP-Spectre-Pro-x360-G1" name="com.frenchies.tennisclub.service.CourtServiceTest" tests="1" failures="0" timestamp="26 Nov 2017 19:44:35 GMT" time="0.189" errors="0">
  <testcase name="changeCourtType" time="0.189" classname="com.frenchies.tennisclub.service.CourtServiceTest"/>
</testsuite> <!-- com.frenchies.tennisclub.service.CourtServiceTest -->
