<?xml version="1.0" encoding="UTF-8"?>
<!-- Generated by org.testng.reporters.JUnitReportReporter -->
<testsuite hostname="cdore-HP-Spectre-Pro-x360-G1" name="com.frenchies.tennisclub.service.BeanMappingServiceTest" tests="1" failures="0" timestamp="27 Nov 2017 11:30:41 GMT" time="0.241" errors="0">
  <testcase name="mapping" time="0.241" classname="com.frenchies.tennisclub.service.BeanMappingServiceTest"/>
</testsuite> <!-- com.frenchies.tennisclub.service.BeanMappingServiceTest -->
