<?xml version="1.0" encoding="UTF-8"?>
<!-- Generated by org.testng.reporters.JUnitReportReporter -->
<testsuite hostname="thomasmeon-Inspiron-5559" name="com.frenchies.tennisclub.facade.CourtFacadeTest" tests="3" failures="0" timestamp="27 Nov 2017 12:19:33 GMT" time="0.018" errors="0">
  <testcase name="testGetAllCourts" time="0.001" classname="com.frenchies.tennisclub.facade.CourtFacadeTest"/>
  <testcase name="testChangeTypeCourt" time="0.003" classname="com.frenchies.tennisclub.facade.CourtFacadeTest"/>
  <testcase name="testCreateCourt" time="0.014" classname="com.frenchies.tennisclub.facade.CourtFacadeTest"/>
</testsuite> <!-- com.frenchies.tennisclub.facade.CourtFacadeTest -->
