<?xml version="1.0" encoding="UTF-8"?>
<!-- Generated by org.testng.reporters.JUnitReportReporter -->
<testsuite hostname="thomasmeon-Inspiron-5559" name="com.frenchies.tennisclub.service.BookingServiceTest" tests="1" failures="0" timestamp="26 Nov 2017 17:58:56 GMT" time="0.017" errors="0">
  <testcase name="getAllBookingsLastWeek" time="0.017" classname="com.frenchies.tennisclub.service.BookingServiceTest"/>
</testsuite> <!-- com.frenchies.tennisclub.service.BookingServiceTest -->
