<?xml version="1.0" encoding="UTF-8"?>
<!-- Generated by org.testng.reporters.JUnitReportReporter -->
<testsuite hostname="val-Inspiron-7548" name="com.frenchies.tennisclub.service.BookingServiceTest" tests="1" failures="0" timestamp="26 Nov 2017 18:11:17 GMT" time="0.019" errors="0">
  <testcase name="getAllBookingsLastWeek" time="0.019" classname="com.frenchies.tennisclub.service.BookingServiceTest"/>
</testsuite> <!-- com.frenchies.tennisclub.service.BookingServiceTest -->
