<?xml version="1.0" encoding="UTF-8"?>
<!-- Generated by org.testng.reporters.JUnitReportReporter -->
<testsuite hostname="thomasmeon-Inspiron-5559" name="com.frenchies.tennisclub.service.CourtServiceTest" tests="1" failures="0" timestamp="27 Nov 2017 12:19:33 GMT" time="0.135" errors="0">
  <testcase name="changeCourtType" time="0.135" classname="com.frenchies.tennisclub.service.CourtServiceTest"/>
</testsuite> <!-- com.frenchies.tennisclub.service.CourtServiceTest -->
