<?xml version="1.0" encoding="UTF-8"?>
<!-- Generated by org.testng.reporters.JUnitReportReporter -->
<<<<<<< HEAD
<testsuite hostname="thomasmeon-Inspiron-5559" name="com.frenchies.tennisclub.service.BookingServiceTest" tests="1" failures="0" timestamp="26 Nov 2017 17:58:56 GMT" time="0.017" errors="0">
  <testcase name="getAllBookingsLastWeek" time="0.017" classname="com.frenchies.tennisclub.service.BookingServiceTest"/>
=======
<testsuite hostname="val-Inspiron-7548" name="com.frenchies.tennisclub.service.BookingServiceTest" tests="1" failures="0" timestamp="26 Nov 2017 17:34:02 GMT" time="0.026" errors="0">
  <testcase name="getAllBookingsLastWeek" time="0.026" classname="com.frenchies.tennisclub.service.BookingServiceTest"/>
>>>>>>> f90907f1099e1200db986edd0462ce6b2ca469d2
</testsuite> <!-- com.frenchies.tennisclub.service.BookingServiceTest -->
