<?xml version="1.0" encoding="UTF-8"?>
<testsuite name="TestSuite" time="0.113" tests="3" errors="0" skipped="1" failures="1">
  <properties>
    <property name="java.runtime.name" value="OpenJDK Runtime Environment"/>
    <property name="sun.boot.library.path" value="/usr/lib/jvm/java-8-openjdk-amd64/jre/lib/amd64"/>
    <property name="java.vm.version" value="25.151-b12"/>
    <property name="java.vm.vendor" value="Oracle Corporation"/>
    <property name="maven.multiModuleProjectDirectory" value="/home/val/Documents/M2_Masaryk/Java/Seminars/project/tennisClub/tennisclubproject"/>
    <property name="java.vendor.url" value="http://java.oracle.com/"/>
    <property name="path.separator" value=":"/>
    <property name="guice.disable.misplaced.annotation.check" value="true"/>
    <property name="java.vm.name" value="OpenJDK 64-Bit Server VM"/>
    <property name="file.encoding.pkg" value="sun.io"/>
    <property name="user.country" value="US"/>
    <property name="sun.java.launcher" value="SUN_STANDARD"/>
    <property name="sun.os.patch.level" value="unknown"/>
    <property name="java.vm.specification.name" value="Java Virtual Machine Specification"/>
    <property name="user.dir" value="/home/val/Documents/M2_Masaryk/Java/Seminars/project/tennisClub/tennisclubproject"/>
    <property name="java.runtime.version" value="1.8.0_151-8u151-b12-0ubuntu0.16.04.2-b12"/>
    <property name="java.awt.graphicsenv" value="sun.awt.X11GraphicsEnvironment"/>
    <property name="java.endorsed.dirs" value="/usr/lib/jvm/java-8-openjdk-amd64/jre/lib/endorsed"/>
    <property name="os.arch" value="amd64"/>
    <property name="java.io.tmpdir" value="/tmp"/>
    <property name="line.separator" value="&#10;"/>
    <property name="java.vm.specification.vendor" value="Oracle Corporation"/>
    <property name="os.name" value="Linux"/>
    <property name="classworlds.conf" value="/usr/share/maven/bin/m2.conf"/>
    <property name="sun.jnu.encoding" value="UTF-8"/>
    <property name="java.library.path" value="/usr/java/packages/lib/amd64:/usr/lib/x86_64-linux-gnu/jni:/lib/x86_64-linux-gnu:/usr/lib/x86_64-linux-gnu:/usr/lib/jni:/lib:/usr/lib"/>
    <property name="java.specification.name" value="Java Platform API Specification"/>
    <property name="java.class.version" value="52.0"/>
    <property name="sun.management.compiler" value="HotSpot 64-Bit Tiered Compilers"/>
    <property name="os.version" value="4.10.0-38-generic"/>
    <property name="user.home" value="/home/val"/>
    <property name="user.timezone" value="Europe/Prague"/>
    <property name="java.awt.printerjob" value="sun.print.PSPrinterJob"/>
    <property name="file.encoding" value="UTF-8"/>
    <property name="java.specification.version" value="1.8"/>
    <property name="user.name" value="val"/>
    <property name="java.class.path" value="/usr/share/maven/boot/plexus-classworlds-2.x.jar"/>
    <property name="java.vm.specification.version" value="1.8"/>
    <property name="sun.arch.data.model" value="64"/>
    <property name="java.home" value="/usr/lib/jvm/java-8-openjdk-amd64/jre"/>
    <property name="sun.java.command" value="org.codehaus.plexus.classworlds.launcher.Launcher clean install"/>
    <property name="java.specification.vendor" value="Oracle Corporation"/>
    <property name="user.language" value="en"/>
    <property name="awt.toolkit" value="sun.awt.X11.XToolkit"/>
    <property name="java.vm.info" value="mixed mode"/>
    <property name="java.version" value="1.8.0_151"/>
    <property name="java.ext.dirs" value="/usr/lib/jvm/java-8-openjdk-amd64/jre/lib/ext:/usr/java/packages/lib/ext"/>
    <property name="securerandom.source" value="file:/dev/./urandom"/>
    <property name="sun.boot.class.path" value="/usr/lib/jvm/java-8-openjdk-amd64/jre/lib/resources.jar:/usr/lib/jvm/java-8-openjdk-amd64/jre/lib/rt.jar:/usr/lib/jvm/java-8-openjdk-amd64/jre/lib/sunrsasign.jar:/usr/lib/jvm/java-8-openjdk-amd64/jre/lib/jsse.jar:/usr/lib/jvm/java-8-openjdk-amd64/jre/lib/jce.jar:/usr/lib/jvm/java-8-openjdk-amd64/jre/lib/charsets.jar:/usr/lib/jvm/java-8-openjdk-amd64/jre/lib/jfr.jar:/usr/lib/jvm/java-8-openjdk-amd64/jre/classes"/>
    <property name="java.vendor" value="Oracle Corporation"/>
    <property name="maven.home" value="/usr/share/maven"/>
    <property name="file.separator" value="/"/>
    <property name="java.vendor.url.bug" value="http://bugreport.sun.com/bugreport/"/>
    <property name="sun.cpu.endian" value="little"/>
    <property name="sun.io.unicode.encoding" value="UnicodeLittle"/>
    <property name="sun.cpu.isalist" value=""/>
  </properties>
  <testcase name="changeType" classname="com.frenchies.tennisclub.service.CourtServiceTest" time="0">
    <skipped/>
    <system-out><![CDATA[Configuring TestNG with: TestNG652Configurator
12:59:34.067 [main] DEBUG o.s.test.context.BootstrapUtils - Instantiating TestContextBootstrapper from class [org.springframework.test.context.support.DefaultTestContextBootstrapper]
12:59:34.085 [main] DEBUG o.s.t.c.s.AbstractDelegatingSmartContextLoader - Delegating to AnnotationConfigContextLoader to process context configuration [ContextConfigurationAttributes@1500955a declaringClass = 'com.frenchies.tennisclub.service.BookingServiceTest', classes = '{class com.frenchies.tennisclub.service.config.ServiceConfiguration}', locations = '{}', inheritLocations = true, initializers = '{}', inheritInitializers = true, name = [null], contextLoaderClass = 'org.springframework.test.context.ContextLoader'].
12:59:34.086 [main] DEBUG o.s.t.c.support.ActiveProfilesUtils - Could not find an 'annotation declaring class' for annotation type [org.springframework.test.context.ActiveProfiles] and class [com.frenchies.tennisclub.service.BookingServiceTest]
12:59:34.092 [main] INFO  o.s.t.c.s.DefaultTestContextBootstrapper - Could not instantiate TestExecutionListener [org.springframework.test.context.web.ServletTestExecutionListener]. Specify custom listener classes or make the default listener classes (and their required dependencies) available. Offending class: [javax/servlet/ServletContext]
12:59:34.101 [main] INFO  o.s.t.c.s.DefaultTestContextBootstrapper - Using TestExecutionListeners: [org.springframework.test.context.support.DependencyInjectionTestExecutionListener@7cbd213e, org.springframework.test.context.support.DirtiesContextTestExecutionListener@192d3247, org.springframework.test.context.transaction.TransactionalTestExecutionListener@3ecd23d9]
12:59:34.104 [main] DEBUG o.s.test.context.BootstrapUtils - Instantiating TestContextBootstrapper from class [org.springframework.test.context.support.DefaultTestContextBootstrapper]
12:59:34.106 [main] DEBUG o.s.t.c.s.AbstractDelegatingSmartContextLoader - Delegating to AnnotationConfigContextLoader to process context configuration [ContextConfigurationAttributes@64f6106c declaringClass = 'com.frenchies.tennisclub.service.CourtServiceTest', classes = '{class com.frenchies.tennisclub.service.config.ServiceConfiguration}', locations = '{}', inheritLocations = true, initializers = '{}', inheritInitializers = true, name = [null], contextLoaderClass = 'org.springframework.test.context.ContextLoader'].
12:59:34.106 [main] DEBUG o.s.t.c.support.ActiveProfilesUtils - Could not find an 'annotation declaring class' for annotation type [org.springframework.test.context.ActiveProfiles] and class [com.frenchies.tennisclub.service.CourtServiceTest]
12:59:34.107 [main] INFO  o.s.t.c.s.DefaultTestContextBootstrapper - Could not instantiate TestExecutionListener [org.springframework.test.context.web.ServletTestExecutionListener]. Specify custom listener classes or make the default listener classes (and their required dependencies) available. Offending class: [javax/servlet/ServletContext]
12:59:34.108 [main] INFO  o.s.t.c.s.DefaultTestContextBootstrapper - Using TestExecutionListeners: [org.springframework.test.context.support.DependencyInjectionTestExecutionListener@553a3d88, org.springframework.test.context.support.DirtiesContextTestExecutionListener@7a30d1e6, org.springframework.test.context.transaction.TransactionalTestExecutionListener@5891e32e]
12:59:34.108 [main] DEBUG o.s.test.context.BootstrapUtils - Instantiating TestContextBootstrapper from class [org.springframework.test.context.support.DefaultTestContextBootstrapper]
12:59:34.109 [main] DEBUG o.s.t.c.s.AbstractDelegatingSmartContextLoader - Delegating to AnnotationConfigContextLoader to process context configuration [ContextConfigurationAttributes@cb0ed20 declaringClass = 'com.frenchies.tennisclub.service.BeanMappingServiceTest', classes = '{class com.frenchies.tennisclub.service.config.ServiceConfiguration}', locations = '{}', inheritLocations = true, initializers = '{}', inheritInitializers = true, name = [null], contextLoaderClass = 'org.springframework.test.context.ContextLoader'].
12:59:34.109 [main] DEBUG o.s.t.c.support.ActiveProfilesUtils - Could not find an 'annotation declaring class' for annotation type [org.springframework.test.context.ActiveProfiles] and class [com.frenchies.tennisclub.service.BeanMappingServiceTest]
12:59:34.110 [main] INFO  o.s.t.c.s.DefaultTestContextBootstrapper - Could not instantiate TestExecutionListener [org.springframework.test.context.web.ServletTestExecutionListener]. Specify custom listener classes or make the default listener classes (and their required dependencies) available. Offending class: [javax/servlet/ServletContext]
12:59:34.110 [main] INFO  o.s.t.c.s.DefaultTestContextBootstrapper - Using TestExecutionListeners: [org.springframework.test.context.support.DependencyInjectionTestExecutionListener@8e24743, org.springframework.test.context.support.DirtiesContextTestExecutionListener@74a10858, org.springframework.test.context.transaction.TransactionalTestExecutionListener@23fe1d71]
12:59:34.179 [main] DEBUG o.s.t.c.s.DependencyInjectionTestExecutionListener - Performing dependency injection for test context [[DefaultTestContext@dbd940d testClass = CourtServiceTest, testInstance = com.frenchies.tennisclub.service.CourtServiceTest@2f0a87b3, testMethod = [null], testException = [null], mergedContextConfiguration = [MergedContextConfiguration@71d15f18 testClass = CourtServiceTest, locations = '{}', classes = '{class com.frenchies.tennisclub.service.config.ServiceConfiguration}', contextInitializerClasses = '[]', activeProfiles = '{}', propertySourceLocations = '{}', propertySourceProperties = '{}', contextLoader = 'org.springframework.test.context.support.DelegatingSmartContextLoader', parent = [null]]]].
12:59:34.179 [main] DEBUG o.s.t.c.s.AbstractDelegatingSmartContextLoader - Delegating to AnnotationConfigContextLoader to load context from [MergedContextConfiguration@71d15f18 testClass = CourtServiceTest, locations = '{}', classes = '{class com.frenchies.tennisclub.service.config.ServiceConfiguration}', contextInitializerClasses = '[]', activeProfiles = '{}', propertySourceLocations = '{}', propertySourceProperties = '{}', contextLoader = 'org.springframework.test.context.support.DelegatingSmartContextLoader', parent = [null]].
12:59:34.179 [main] DEBUG o.s.t.c.s.AbstractGenericContextLoader - Loading ApplicationContext for merged context configuration [[MergedContextConfiguration@71d15f18 testClass = CourtServiceTest, locations = '{}', classes = '{class com.frenchies.tennisclub.service.config.ServiceConfiguration}', contextInitializerClasses = '[]', activeProfiles = '{}', propertySourceLocations = '{}', propertySourceProperties = '{}', contextLoader = 'org.springframework.test.context.support.DelegatingSmartContextLoader', parent = [null]]].
12:59:34.235 [main] DEBUG o.s.core.env.StandardEnvironment - Adding [systemProperties] PropertySource with lowest search precedence
12:59:34.237 [main] DEBUG o.s.core.env.StandardEnvironment - Adding [systemEnvironment] PropertySource with lowest search precedence
12:59:34.237 [main] DEBUG o.s.core.env.StandardEnvironment - Initialized StandardEnvironment with PropertySources [systemProperties,systemEnvironment]
12:59:34.237 [main] DEBUG o.s.t.c.s.AnnotationConfigContextLoader - Registering annotated classes: {class com.frenchies.tennisclub.service.config.ServiceConfiguration}
12:59:34.267 [main] INFO  o.s.c.s.GenericApplicationContext - Refreshing org.springframework.context.support.GenericApplicationContext@71a794e5: startup date [Sun Nov 26 12:59:34 CET 2017]; root of context hierarchy
12:59:34.268 [main] DEBUG o.s.c.s.GenericApplicationContext - Bean factory for org.springframework.context.support.GenericApplicationContext@71a794e5: org.springframework.beans.factory.support.DefaultListableBeanFactory@769f71a9: defining beans [org.springframework.context.annotation.internalConfigurationAnnotationProcessor,org.springframework.context.annotation.internalAutowiredAnnotationProcessor,org.springframework.context.annotation.internalRequiredAnnotationProcessor,org.springframework.context.annotation.internalCommonAnnotationProcessor,org.springframework.context.annotation.internalPersistenceAnnotationProcessor,serviceConfiguration]; root of factory hierarchy
12:59:34.281 [main] DEBUG o.s.b.f.s.DefaultListableBeanFactory - Creating shared instance of singleton bean 'org.springframework.context.annotation.internalConfigurationAnnotationProcessor'
12:59:34.281 [main] DEBUG o.s.b.f.s.DefaultListableBeanFactory - Creating instance of bean 'org.springframework.context.annotation.internalConfigurationAnnotationProcessor'
12:59:34.292 [main] DEBUG o.s.b.f.s.DefaultListableBeanFactory - Eagerly caching bean 'org.springframework.context.annotation.internalConfigurationAnnotationProcessor' to allow for resolving potential circular references
12:59:34.296 [main] DEBUG o.s.b.f.s.DefaultListableBeanFactory - Finished creating instance of bean 'org.springframework.context.annotation.internalConfigurationAnnotationProcessor'
12:59:34.320 [main] DEBUG o.s.core.env.StandardEnvironment - Adding [systemProperties] PropertySource with lowest search precedence
12:59:34.320 [main] DEBUG o.s.core.env.StandardEnvironment - Adding [systemEnvironment] PropertySource with lowest search precedence
12:59:34.321 [main] DEBUG o.s.core.env.StandardEnvironment - Initialized StandardEnvironment with PropertySources [systemProperties,systemEnvironment]
12:59:34.324 [main] DEBUG o.s.c.a.ClassPathBeanDefinitionScanner - JSR-330 'javax.inject.Named' annotation found and supported for component scanning
12:59:34.329 [main] DEBUG o.s.c.i.s.PathMatchingResourcePatternResolver - Looking for matching resources in directory tree [/home/val/Documents/M2_Masaryk/Java/Seminars/project/tennisClub/tennisclubproject/tennisclub-service/target/test-classes/com/frenchies/tennisclub/service]
12:59:34.330 [main] DEBUG o.s.c.i.s.PathMatchingResourcePatternResolver - Searching directory [/home/val/Documents/M2_Masaryk/Java/Seminars/project/tennisClub/tennisclubproject/tennisclub-service/target/test-classes/com/frenchies/tennisclub/service] for files matching pattern [/home/val/Documents/M2_Masaryk/Java/Seminars/project/tennisClub/tennisclubproject/tennisclub-service/target/test-classes/com/frenchies/tennisclub/service/**/*.class]
12:59:34.333 [main] DEBUG o.s.c.i.s.PathMatchingResourcePatternResolver - Looking for matching resources in directory tree [/home/val/Documents/M2_Masaryk/Java/Seminars/project/tennisClub/tennisclubproject/tennisclub-service/target/classes/com/frenchies/tennisclub/service]
12:59:34.334 [main] DEBUG o.s.c.i.s.PathMatchingResourcePatternResolver - Searching directory [/home/val/Documents/M2_Masaryk/Java/Seminars/project/tennisClub/tennisclubproject/tennisclub-service/target/classes/com/frenchies/tennisclub/service] for files matching pattern [/home/val/Documents/M2_Masaryk/Java/Seminars/project/tennisClub/tennisclubproject/tennisclub-service/target/classes/com/frenchies/tennisclub/service/**/*.class]
12:59:34.347 [main] DEBUG o.s.c.i.s.PathMatchingResourcePatternResolver - Searching directory [/home/val/Documents/M2_Masaryk/Java/Seminars/project/tennisClub/tennisclubproject/tennisclub-service/target/classes/com/frenchies/tennisclub/service/config] for files matching pattern [/home/val/Documents/M2_Masaryk/Java/Seminars/project/tennisClub/tennisclubproject/tennisclub-service/target/classes/com/frenchies/tennisclub/service/**/*.class]
12:59:34.348 [main] DEBUG o.s.c.i.s.PathMatchingResourcePatternResolver - Searching directory [/home/val/Documents/M2_Masaryk/Java/Seminars/project/tennisClub/tennisclubproject/tennisclub-service/target/classes/com/frenchies/tennisclub/service/facade] for files matching pattern [/home/val/Documents/M2_Masaryk/Java/Seminars/project/tennisClub/tennisclubproject/tennisclub-service/target/classes/com/frenchies/tennisclub/service/**/*.class]
12:59:34.350 [main] DEBUG o.s.c.i.s.PathMatchingResourcePatternResolver - Resolved location pattern [classpath*:com/frenchies/tennisclub/service/**/*.class] to resources [file [/home/val/Documents/M2_Masaryk/Java/Seminars/project/tennisClub/tennisclubproject/tennisclub-service/target/test-classes/com/frenchies/tennisclub/service/CourtServiceTest.class], file [/home/val/Documents/M2_Masaryk/Java/Seminars/project/tennisClub/tennisclubproject/tennisclub-service/target/test-classes/com/frenchies/tennisclub/service/BeanMappingServiceTest.class], file [/home/val/Documents/M2_Masaryk/Java/Seminars/project/tennisClub/tennisclubproject/tennisclub-service/target/test-classes/com/frenchies/tennisclub/service/BookingServiceTest.class], file [/home/val/Documents/M2_Masaryk/Java/Seminars/project/tennisClub/tennisclubproject/tennisclub-service/target/classes/com/frenchies/tennisclub/service/UserServiceImpl.class], file [/home/val/Documents/M2_Masaryk/Java/Seminars/project/tennisClub/tennisclubproject/tennisclub-service/target/classes/com/frenchies/tennisclub/service/config/ServiceConfiguration.class], file [/home/val/Documents/M2_Masaryk/Java/Seminars/project/tennisClub/tennisclubproject/tennisclub-service/target/classes/com/frenchies/tennisclub/service/config/ServiceConfiguration$DozerCustomConfig.class], file [/home/val/Documents/M2_Masaryk/Java/Seminars/project/tennisClub/tennisclubproject/tennisclub-service/target/classes/com/frenchies/tennisclub/service/BookingServiceImpl.class], file [/home/val/Documents/M2_Masaryk/Java/Seminars/project/tennisClub/tennisclubproject/tennisclub-service/target/classes/com/frenchies/tennisclub/service/UserService.class], file [/home/val/Documents/M2_Masaryk/Java/Seminars/project/tennisClub/tennisclubproject/tennisclub-service/target/classes/com/frenchies/tennisclub/service/facade/CourtFacadeImpl.class], file [/home/val/Documents/M2_Masaryk/Java/Seminars/project/tennisClub/tennisclubproject/tennisclub-service/target/classes/com/frenchies/tennisclub/service/facade/UserFacadeImpl.class], file [/home/val/Documents/M2_Masaryk/Java/Seminars/project/tennisClub/tennisclubproject/tennisclub-service/target/classes/com/frenchies/tennisclub/service/facade/BookingFacadeImpl.class], file [/home/val/Documents/M2_Masaryk/Java/Seminars/project/tennisClub/tennisclubproject/tennisclub-service/target/classes/com/frenchies/tennisclub/service/BookingService.class], file [/home/val/Documents/M2_Masaryk/Java/Seminars/project/tennisClub/tennisclubproject/tennisclub-service/target/classes/com/frenchies/tennisclub/service/TimeServiceImpl.class], file [/home/val/Documents/M2_Masaryk/Java/Seminars/project/tennisClub/tennisclubproject/tennisclub-service/target/classes/com/frenchies/tennisclub/service/CourtService.class], file [/home/val/Documents/M2_Masaryk/Java/Seminars/project/tennisClub/tennisclubproject/tennisclub-service/target/classes/com/frenchies/tennisclub/service/CourtServiceImpl.class], file [/home/val/Documents/M2_Masaryk/Java/Seminars/project/tennisClub/tennisclubproject/tennisclub-service/target/classes/com/frenchies/tennisclub/service/TimeService.class]]
12:59:34.365 [main] DEBUG o.s.c.a.ClassPathBeanDefinitionScanner - Identified candidate component class: file [/home/val/Documents/M2_Masaryk/Java/Seminars/project/tennisClub/tennisclubproject/tennisclub-service/target/classes/com/frenchies/tennisclub/service/UserServiceImpl.class]
12:59:34.367 [main] DEBUG o.s.c.a.ClassPathBeanDefinitionScanner - Identified candidate component class: file [/home/val/Documents/M2_Masaryk/Java/Seminars/project/tennisClub/tennisclubproject/tennisclub-service/target/classes/com/frenchies/tennisclub/service/BookingServiceImpl.class]
12:59:34.367 [main] DEBUG o.s.c.a.ClassPathBeanDefinitionScanner - Ignored because not a concrete top-level class: file [/home/val/Documents/M2_Masaryk/Java/Seminars/project/tennisClub/tennisclubproject/tennisclub-service/target/classes/com/frenchies/tennisclub/service/UserService.class]
12:59:34.368 [main] DEBUG o.s.c.a.ClassPathBeanDefinitionScanner - Identified candidate component class: file [/home/val/Documents/M2_Masaryk/Java/Seminars/project/tennisClub/tennisclubproject/tennisclub-service/target/classes/com/frenchies/tennisclub/service/facade/CourtFacadeImpl.class]
12:59:34.369 [main] DEBUG o.s.c.a.ClassPathBeanDefinitionScanner - Identified candidate component class: file [/home/val/Documents/M2_Masaryk/Java/Seminars/project/tennisClub/tennisclubproject/tennisclub-service/target/classes/com/frenchies/tennisclub/service/facade/UserFacadeImpl.class]
12:59:34.370 [main] DEBUG o.s.c.a.ClassPathBeanDefinitionScanner - Identified candidate component class: file [/home/val/Documents/M2_Masaryk/Java/Seminars/project/tennisClub/tennisclubproject/tennisclub-service/target/classes/com/frenchies/tennisclub/service/facade/BookingFacadeImpl.class]
12:59:34.371 [main] DEBUG o.s.c.a.ClassPathBeanDefinitionScanner - Ignored because not a concrete top-level class: file [/home/val/Documents/M2_Masaryk/Java/Seminars/project/tennisClub/tennisclubproject/tennisclub-service/target/classes/com/frenchies/tennisclub/service/BookingService.class]
12:59:34.372 [main] DEBUG o.s.c.a.ClassPathBeanDefinitionScanner - Identified candidate component class: file [/home/val/Documents/M2_Masaryk/Java/Seminars/project/tennisClub/tennisclubproject/tennisclub-service/target/classes/com/frenchies/tennisclub/service/TimeServiceImpl.class]
12:59:34.372 [main] DEBUG o.s.c.a.ClassPathBeanDefinitionScanner - Ignored because not a concrete top-level class: file [/home/val/Documents/M2_Masaryk/Java/Seminars/project/tennisClub/tennisclubproject/tennisclub-service/target/classes/com/frenchies/tennisclub/service/CourtService.class]
12:59:34.372 [main] DEBUG o.s.c.a.ClassPathBeanDefinitionScanner - Identified candidate component class: file [/home/val/Documents/M2_Masaryk/Java/Seminars/project/tennisClub/tennisclubproject/tennisclub-service/target/classes/com/frenchies/tennisclub/service/CourtServiceImpl.class]
12:59:34.373 [main] DEBUG o.s.c.a.ClassPathBeanDefinitionScanner - Ignored because not a concrete top-level class: file [/home/val/Documents/M2_Masaryk/Java/Seminars/project/tennisClub/tennisclubproject/tennisclub-service/target/classes/com/frenchies/tennisclub/service/TimeService.class]
12:59:34.374 [main] DEBUG o.s.c.i.s.PathMatchingResourcePatternResolver - Looking for matching resources in directory tree [/home/val/Documents/M2_Masaryk/Java/Seminars/project/tennisClub/tennisclubproject/tennisclub-service/target/classes/com/frenchies/tennisclub/service/facade]
12:59:34.374 [main] DEBUG o.s.c.i.s.PathMatchingResourcePatternResolver - Searching directory [/home/val/Documents/M2_Masaryk/Java/Seminars/project/tennisClub/tennisclubproject/tennisclub-service/target/classes/com/frenchies/tennisclub/service/facade] for files matching pattern [/home/val/Documents/M2_Masaryk/Java/Seminars/project/tennisClub/tennisclubproject/tennisclub-service/target/classes/com/frenchies/tennisclub/service/facade/**/*.class]
12:59:34.375 [main] DEBUG o.s.c.i.s.PathMatchingResourcePatternResolver - Resolved location pattern [classpath*:com/frenchies/tennisclub/service/facade/**/*.class] to resources [file [/home/val/Documents/M2_Masaryk/Java/Seminars/project/tennisClub/tennisclubproject/tennisclub-service/target/classes/com/frenchies/tennisclub/service/facade/CourtFacadeImpl.class], file [/home/val/Documents/M2_Masaryk/Java/Seminars/project/tennisClub/tennisclubproject/tennisclub-service/target/classes/com/frenchies/tennisclub/service/facade/UserFacadeImpl.class], file [/home/val/Documents/M2_Masaryk/Java/Seminars/project/tennisClub/tennisclubproject/tennisclub-service/target/classes/com/frenchies/tennisclub/service/facade/BookingFacadeImpl.class]]
12:59:34.375 [main] DEBUG o.s.c.a.ClassPathBeanDefinitionScanner - Identified candidate component class: file [/home/val/Documents/M2_Masaryk/Java/Seminars/project/tennisClub/tennisclubproject/tennisclub-service/target/classes/com/frenchies/tennisclub/service/facade/CourtFacadeImpl.class]
12:59:34.376 [main] DEBUG o.s.c.a.ClassPathBeanDefinitionScanner - Identified candidate component class: file [/home/val/Documents/M2_Masaryk/Java/Seminars/project/tennisClub/tennisclubproject/tennisclub-service/target/classes/com/frenchies/tennisclub/service/facade/UserFacadeImpl.class]
12:59:34.376 [main] DEBUG o.s.c.a.ClassPathBeanDefinitionScanner - Identified candidate component class: file [/home/val/Documents/M2_Masaryk/Java/Seminars/project/tennisClub/tennisclubproject/tennisclub-service/target/classes/com/frenchies/tennisclub/service/facade/BookingFacadeImpl.class]
12:59:34.405 [main] DEBUG o.s.core.env.StandardEnvironment - Adding [systemProperties] PropertySource with lowest search precedence
12:59:34.405 [main] DEBUG o.s.core.env.StandardEnvironment - Adding [systemEnvironment] PropertySource with lowest search precedence
12:59:34.405 [main] DEBUG o.s.core.env.StandardEnvironment - Initialized StandardEnvironment with PropertySources [systemProperties,systemEnvironment]
12:59:34.406 [main] DEBUG o.s.c.a.ClassPathBeanDefinitionScanner - JSR-330 'javax.inject.Named' annotation found and supported for component scanning
12:59:34.407 [main] DEBUG o.s.c.i.s.PathMatchingResourcePatternResolver - Looking for matching resources in directory tree [/home/val/Documents/M2_Masaryk/Java/Seminars/project/tennisClub/tennisclubproject/tennisclub-service/target/test-classes/com/frenchies/tennisclub]
12:59:34.407 [main] DEBUG o.s.c.i.s.PathMatchingResourcePatternResolver - Searching directory [/home/val/Documents/M2_Masaryk/Java/Seminars/project/tennisClub/tennisclubproject/tennisclub-service/target/test-classes/com/frenchies/tennisclub] for files matching pattern [/home/val/Documents/M2_Masaryk/Java/Seminars/project/tennisClub/tennisclubproject/tennisclub-service/target/test-classes/com/frenchies/tennisclub/**/*.class]
12:59:34.407 [main] DEBUG o.s.c.i.s.PathMatchingResourcePatternResolver - Searching directory [/home/val/Documents/M2_Masaryk/Java/Seminars/project/tennisClub/tennisclubproject/tennisclub-service/target/test-classes/com/frenchies/tennisclub/service] for files matching pattern [/home/val/Documents/M2_Masaryk/Java/Seminars/project/tennisClub/tennisclubproject/tennisclub-service/target/test-classes/com/frenchies/tennisclub/**/*.class]
12:59:34.408 [main] DEBUG o.s.c.i.s.PathMatchingResourcePatternResolver - Looking for matching resources in directory tree [/home/val/Documents/M2_Masaryk/Java/Seminars/project/tennisClub/tennisclubproject/tennisclub-service/target/classes/com/frenchies/tennisclub]
12:59:34.408 [main] DEBUG o.s.c.i.s.PathMatchingResourcePatternResolver - Searching directory [/home/val/Documents/M2_Masaryk/Java/Seminars/project/tennisClub/tennisclubproject/tennisclub-service/target/classes/com/frenchies/tennisclub] for files matching pattern [/home/val/Documents/M2_Masaryk/Java/Seminars/project/tennisClub/tennisclubproject/tennisclub-service/target/classes/com/frenchies/tennisclub/**/*.class]
12:59:34.408 [main] DEBUG o.s.c.i.s.PathMatchingResourcePatternResolver - Searching directory [/home/val/Documents/M2_Masaryk/Java/Seminars/project/tennisClub/tennisclubproject/tennisclub-service/target/classes/com/frenchies/tennisclub/service] for files matching pattern [/home/val/Documents/M2_Masaryk/Java/Seminars/project/tennisClub/tennisclubproject/tennisclub-service/target/classes/com/frenchies/tennisclub/**/*.class]
12:59:34.408 [main] DEBUG o.s.c.i.s.PathMatchingResourcePatternResolver - Searching directory [/home/val/Documents/M2_Masaryk/Java/Seminars/project/tennisClub/tennisclubproject/tennisclub-service/target/classes/com/frenchies/tennisclub/service/config] for files matching pattern [/home/val/Documents/M2_Masaryk/Java/Seminars/project/tennisClub/tennisclubproject/tennisclub-service/target/classes/com/frenchies/tennisclub/**/*.class]
12:59:34.409 [main] DEBUG o.s.c.i.s.PathMatchingResourcePatternResolver - Searching directory [/home/val/Documents/M2_Masaryk/Java/Seminars/project/tennisClub/tennisclubproject/tennisclub-service/target/classes/com/frenchies/tennisclub/service/facade] for files matching pattern [/home/val/Documents/M2_Masaryk/Java/Seminars/project/tennisClub/tennisclubproject/tennisclub-service/target/classes/com/frenchies/tennisclub/**/*.class]
12:59:34.409 [main] DEBUG o.s.c.i.s.PathMatchingResourcePatternResolver - Searching directory [/home/val/Documents/M2_Masaryk/Java/Seminars/project/tennisClub/tennisclubproject/tennisclub-service/target/classes/com/frenchies/tennisclub/mappers] for files matching pattern [/home/val/Documents/M2_Masaryk/Java/Seminars/project/tennisClub/tennisclubproject/tennisclub-service/target/classes/com/frenchies/tennisclub/**/*.class]
12:59:34.410 [main] DEBUG o.s.c.i.s.PathMatchingResourcePatternResolver - Looking for matching resources in jar file [file:/home/val/Documents/M2_Masaryk/Java/Seminars/project/tennisClub/tennisclubproject/tennisclub-api/target/tennisclub-api-1.0-SNAPSHOT.jar]
12:59:34.411 [main] DEBUG o.s.c.i.s.PathMatchingResourcePatternResolver - Looking for matching resources in jar file [file:/home/val/Documents/M2_Masaryk/Java/Seminars/project/tennisClub/tennisclubproject/tennisclub-persistence/target/tennisclub-persistence-1.0-SNAPSHOT.jar]
12:59:34.412 [main] DEBUG o.s.c.i.s.PathMatchingResourcePatternResolver - Resolved location pattern [classpath*:com/frenchies/tennisclub/**/*.class] to resources [file [/home/val/Documents/M2_Masaryk/Java/Seminars/project/tennisClub/tennisclubproject/tennisclub-service/target/test-classes/com/frenchies/tennisclub/service/CourtServiceTest.class], file [/home/val/Documents/M2_Masaryk/Java/Seminars/project/tennisClub/tennisclubproject/tennisclub-service/target/test-classes/com/frenchies/tennisclub/service/BeanMappingServiceTest.class], file [/home/val/Documents/M2_Masaryk/Java/Seminars/project/tennisClub/tennisclubproject/tennisclub-service/target/test-classes/com/frenchies/tennisclub/service/BookingServiceTest.class], file [/home/val/Documents/M2_Masaryk/Java/Seminars/project/tennisClub/tennisclubproject/tennisclub-service/target/classes/com/frenchies/tennisclub/service/UserServiceImpl.class], file [/home/val/Documents/M2_Masaryk/Java/Seminars/project/tennisClub/tennisclubproject/tennisclub-service/target/classes/com/frenchies/tennisclub/service/config/ServiceConfiguration.class], file [/home/val/Documents/M2_Masaryk/Java/Seminars/project/tennisClub/tennisclubproject/tennisclub-service/target/classes/com/frenchies/tennisclub/service/config/ServiceConfiguration$DozerCustomConfig.class], file [/home/val/Documents/M2_Masaryk/Java/Seminars/project/tennisClub/tennisclubproject/tennisclub-service/target/classes/com/frenchies/tennisclub/service/BookingServiceImpl.class], file [/home/val/Documents/M2_Masaryk/Java/Seminars/project/tennisClub/tennisclubproject/tennisclub-service/target/classes/com/frenchies/tennisclub/service/UserService.class], file [/home/val/Documents/M2_Masaryk/Java/Seminars/project/tennisClub/tennisclubproject/tennisclub-service/target/classes/com/frenchies/tennisclub/service/facade/CourtFacadeImpl.class], file [/home/val/Documents/M2_Masaryk/Java/Seminars/project/tennisClub/tennisclubproject/tennisclub-service/target/classes/com/frenchies/tennisclub/service/facade/UserFacadeImpl.class], file [/home/val/Documents/M2_Masaryk/Java/Seminars/project/tennisClub/tennisclubproject/tennisclub-service/target/classes/com/frenchies/tennisclub/service/facade/BookingFacadeImpl.class], file [/home/val/Documents/M2_Masaryk/Java/Seminars/project/tennisClub/tennisclubproject/tennisclub-service/target/classes/com/frenchies/tennisclub/service/BookingService.class], file [/home/val/Documents/M2_Masaryk/Java/Seminars/project/tennisClub/tennisclubproject/tennisclub-service/target/classes/com/frenchies/tennisclub/service/TimeServiceImpl.class], file [/home/val/Documents/M2_Masaryk/Java/Seminars/project/tennisClub/tennisclubproject/tennisclub-service/target/classes/com/frenchies/tennisclub/service/CourtService.class], file [/home/val/Documents/M2_Masaryk/Java/Seminars/project/tennisClub/tennisclubproject/tennisclub-service/target/classes/com/frenchies/tennisclub/service/CourtServiceImpl.class], file [/home/val/Documents/M2_Masaryk/Java/Seminars/project/tennisClub/tennisclubproject/tennisclub-service/target/classes/com/frenchies/tennisclub/service/TimeService.class], file [/home/val/Documents/M2_Masaryk/Java/Seminars/project/tennisClub/tennisclubproject/tennisclub-service/target/classes/com/frenchies/tennisclub/mappers/BeanMappingService.class], file [/home/val/Documents/M2_Masaryk/Java/Seminars/project/tennisClub/tennisclubproject/tennisclub-service/target/classes/com/frenchies/tennisclub/mappers/BeanMappingServiceImpl.class], URL [jar:file:/home/val/Documents/M2_Masaryk/Java/Seminars/project/tennisClub/tennisclubproject/tennisclub-api/target/tennisclub-api-1.0-SNAPSHOT.jar!/com/frenchies/tennisclub/dto/CourtCreateDTO.class], URL [jar:file:/home/val/Documents/M2_Masaryk/Java/Seminars/project/tennisClub/tennisclubproject/tennisclub-api/target/tennisclub-api-1.0-SNAPSHOT.jar!/com/frenchies/tennisclub/dto/BookingDTO.class], URL [jar:file:/home/val/Documents/M2_Masaryk/Java/Seminars/project/tennisClub/tennisclubproject/tennisclub-api/target/tennisclub-api-1.0-SNAPSHOT.jar!/com/frenchies/tennisclub/dto/BookingCreateDTO.class], URL [jar:file:/home/val/Documents/M2_Masaryk/Java/Seminars/project/tennisClub/tennisclubproject/tennisclub-api/target/tennisclub-api-1.0-SNAPSHOT.jar!/com/frenchies/tennisclub/dto/UserAuthenticateDTO.class], URL [jar:file:/home/val/Documents/M2_Masaryk/Java/Seminars/project/tennisClub/tennisclubproject/tennisclub-api/target/tennisclub-api-1.0-SNAPSHOT.jar!/com/frenchies/tennisclub/dto/CourtDTO.class], URL [jar:file:/home/val/Documents/M2_Masaryk/Java/Seminars/project/tennisClub/tennisclubproject/tennisclub-api/target/tennisclub-api-1.0-SNAPSHOT.jar!/com/frenchies/tennisclub/dto/UserDTO.class], URL [jar:file:/home/val/Documents/M2_Masaryk/Java/Seminars/project/tennisClub/tennisclubproject/tennisclub-api/target/tennisclub-api-1.0-SNAPSHOT.jar!/com/frenchies/tennisclub/facade/BookingFacade.class], URL [jar:file:/home/val/Documents/M2_Masaryk/Java/Seminars/project/tennisClub/tennisclubproject/tennisclub-api/target/tennisclub-api-1.0-SNAPSHOT.jar!/com/frenchies/tennisclub/facade/CourtFacade.class], URL [jar:file:/home/val/Documents/M2_Masaryk/Java/Seminars/project/tennisClub/tennisclubproject/tennisclub-api/target/tennisclub-api-1.0-SNAPSHOT.jar!/com/frenchies/tennisclub/facade/UserFacade.class], URL [jar:file:/home/val/Documents/M2_Masaryk/Java/Seminars/project/tennisClub/tennisclubproject/tennisclub-api/target/tennisclub-api-1.0-SNAPSHOT.jar!/com/frenchies/tennisclub/enums/Hour24.class], URL [jar:file:/home/val/Documents/M2_Masaryk/Java/Seminars/project/tennisClub/tennisclubproject/tennisclub-api/target/tennisclub-api-1.0-SNAPSHOT.jar!/com/frenchies/tennisclub/enums/CourtType.class], URL [jar:file:/home/val/Documents/M2_Masaryk/Java/Seminars/project/tennisClub/tennisclubproject/tennisclub-api/target/tennisclub-api-1.0-SNAPSHOT.jar!/com/frenchies/tennisclub/enums/Status.class], URL [jar:file:/home/val/Documents/M2_Masaryk/Java/Seminars/project/tennisClub/tennisclubproject/tennisclub-api/target/tennisclub-api-1.0-SNAPSHOT.jar!/com/frenchies/tennisclub/exceptions/UserAuthentificationException.class], URL [jar:file:/home/val/Documents/M2_Masaryk/Java/Seminars/project/tennisClub/tennisclubproject/tennisclub-persistence/target/tennisclub-persistence-1.0-SNAPSHOT.jar!/com/frenchies/tennisclub/entity/Booking.class], URL [jar:file:/home/val/Documents/M2_Masaryk/Java/Seminars/project/tennisClub/tennisclubproject/tennisclub-persistence/target/tennisclub-persistence-1.0-SNAPSHOT.jar!/com/frenchies/tennisclub/entity/User.class], URL [jar:file:/home/val/Documents/M2_Masaryk/Java/Seminars/project/tennisClub/tennisclubproject/tennisclub-persistence/target/tennisclub-persistence-1.0-SNAPSHOT.jar!/com/frenchies/tennisclub/entity/Court.class], URL [jar:file:/home/val/Documents/M2_Masaryk/Java/Seminars/project/tennisClub/tennisclubproject/tennisclub-persistence/target/tennisclub-persistence-1.0-SNAPSHOT.jar!/com/frenchies/tennisclub/enums/Hour24.class], URL [jar:file:/home/val/Documents/M2_Masaryk/Java/Seminars/project/tennisClub/tennisclubproject/tennisclub-persistence/target/tennisclub-persistence-1.0-SNAPSHOT.jar!/com/frenchies/tennisclub/enums/CourtType.class], URL [jar:file:/home/val/Documents/M2_Masaryk/Java/Seminars/project/tennisClub/tennisclubproject/tennisclub-persistence/target/tennisclub-persistence-1.0-SNAPSHOT.jar!/com/frenchies/tennisclub/enums/Status.class], URL [jar:file:/home/val/Documents/M2_Masaryk/Java/Seminars/project/tennisClub/tennisclubproject/tennisclub-persistence/target/tennisclub-persistence-1.0-SNAPSHOT.jar!/com/frenchies/tennisclub/PersistenceSampleApplicationContext.class], URL [jar:file:/home/val/Documents/M2_Masaryk/Java/Seminars/project/tennisClub/tennisclubproject/tennisclub-persistence/target/tennisclub-persistence-1.0-SNAPSHOT.jar!/com/frenchies/tennisclub/dao/UserDaoImpl.class], URL [jar:file:/home/val/Documents/M2_Masaryk/Java/Seminars/project/tennisClub/tennisclubproject/tennisclub-persistence/target/tennisclub-persistence-1.0-SNAPSHOT.jar!/com/frenchies/tennisclub/dao/BookingDaoImpl.class], URL [jar:file:/home/val/Documents/M2_Masaryk/Java/Seminars/project/tennisClub/tennisclubproject/tennisclub-persistence/target/tennisclub-persistence-1.0-SNAPSHOT.jar!/com/frenchies/tennisclub/dao/BookingDao.class], URL [jar:file:/home/val/Documents/M2_Masaryk/Java/Seminars/project/tennisClub/tennisclubproject/tennisclub-persistence/target/tennisclub-persistence-1.0-SNAPSHOT.jar!/com/frenchies/tennisclub/dao/UserDao.class], URL [jar:file:/home/val/Documents/M2_Masaryk/Java/Seminars/project/tennisClub/tennisclubproject/tennisclub-persistence/target/tennisclub-persistence-1.0-SNAPSHOT.jar!/com/frenchies/tennisclub/dao/CourtDaoImpl.class], URL [jar:file:/home/val/Documents/M2_Masaryk/Java/Seminars/project/tennisClub/tennisclubproject/tennisclub-persistence/target/tennisclub-persistence-1.0-SNAPSHOT.jar!/com/frenchies/tennisclub/dao/CourtDao.class]]
12:59:34.414 [main] DEBUG o.s.c.a.ClassPathBeanDefinitionScanner - Identified candidate component class: file [/home/val/Documents/M2_Masaryk/Java/Seminars/project/tennisClub/tennisclubproject/tennisclub-service/target/classes/com/frenchies/tennisclub/service/UserServiceImpl.class]
12:59:34.414 [main] DEBUG o.s.c.a.ClassPathBeanDefinitionScanner - Identified candidate component class: file [/home/val/Documents/M2_Masaryk/Java/Seminars/project/tennisClub/tennisclubproject/tennisclub-service/target/classes/com/frenchies/tennisclub/service/config/ServiceConfiguration.class]
12:59:34.415 [main] DEBUG o.s.c.a.ClassPathBeanDefinitionScanner - Identified candidate component class: file [/home/val/Documents/M2_Masaryk/Java/Seminars/project/tennisClub/tennisclubproject/tennisclub-service/target/classes/com/frenchies/tennisclub/service/BookingServiceImpl.class]
12:59:34.415 [main] DEBUG o.s.c.a.ClassPathBeanDefinitionScanner - Ignored because not a concrete top-level class: file [/home/val/Documents/M2_Masaryk/Java/Seminars/project/tennisClub/tennisclubproject/tennisclub-service/target/classes/com/frenchies/tennisclub/service/UserService.class]
12:59:34.415 [main] DEBUG o.s.c.a.ClassPathBeanDefinitionScanner - Identified candidate component class: file [/home/val/Documents/M2_Masaryk/Java/Seminars/project/tennisClub/tennisclubproject/tennisclub-service/target/classes/com/frenchies/tennisclub/service/facade/CourtFacadeImpl.class]
12:59:34.415 [main] DEBUG o.s.c.a.ClassPathBeanDefinitionScanner - Identified candidate component class: file [/home/val/Documents/M2_Masaryk/Java/Seminars/project/tennisClub/tennisclubproject/tennisclub-service/target/classes/com/frenchies/tennisclub/service/facade/UserFacadeImpl.class]
12:59:34.416 [main] DEBUG o.s.c.a.ClassPathBeanDefinitionScanner - Identified candidate component class: file [/home/val/Documents/M2_Masaryk/Java/Seminars/project/tennisClub/tennisclubproject/tennisclub-service/target/classes/com/frenchies/tennisclub/service/facade/BookingFacadeImpl.class]
12:59:34.416 [main] DEBUG o.s.c.a.ClassPathBeanDefinitionScanner - Ignored because not a concrete top-level class: file [/home/val/Documents/M2_Masaryk/Java/Seminars/project/tennisClub/tennisclubproject/tennisclub-service/target/classes/com/frenchies/tennisclub/service/BookingService.class]
12:59:34.417 [main] DEBUG o.s.c.a.ClassPathBeanDefinitionScanner - Identified candidate component class: file [/home/val/Documents/M2_Masaryk/Java/Seminars/project/tennisClub/tennisclubproject/tennisclub-service/target/classes/com/frenchies/tennisclub/service/TimeServiceImpl.class]
12:59:34.417 [main] DEBUG o.s.c.a.ClassPathBeanDefinitionScanner - Ignored because not a concrete top-level class: file [/home/val/Documents/M2_Masaryk/Java/Seminars/project/tennisClub/tennisclubproject/tennisclub-service/target/classes/com/frenchies/tennisclub/service/CourtService.class]
12:59:34.417 [main] DEBUG o.s.c.a.ClassPathBeanDefinitionScanner - Identified candidate component class: file [/home/val/Documents/M2_Masaryk/Java/Seminars/project/tennisClub/tennisclubproject/tennisclub-service/target/classes/com/frenchies/tennisclub/service/CourtServiceImpl.class]
12:59:34.417 [main] DEBUG o.s.c.a.ClassPathBeanDefinitionScanner - Ignored because not a concrete top-level class: file [/home/val/Documents/M2_Masaryk/Java/Seminars/project/tennisClub/tennisclubproject/tennisclub-service/target/classes/com/frenchies/tennisclub/service/TimeService.class]
12:59:34.417 [main] DEBUG o.s.c.a.ClassPathBeanDefinitionScanner - Ignored because not a concrete top-level class: file [/home/val/Documents/M2_Masaryk/Java/Seminars/project/tennisClub/tennisclubproject/tennisclub-service/target/classes/com/frenchies/tennisclub/mappers/BeanMappingService.class]
12:59:34.418 [main] DEBUG o.s.c.a.ClassPathBeanDefinitionScanner - Identified candidate component class: file [/home/val/Documents/M2_Masaryk/Java/Seminars/project/tennisClub/tennisclubproject/tennisclub-service/target/classes/com/frenchies/tennisclub/mappers/BeanMappingServiceImpl.class]
12:59:34.424 [main] DEBUG o.s.c.a.ClassPathBeanDefinitionScanner - Identified candidate component class: URL [jar:file:/home/val/Documents/M2_Masaryk/Java/Seminars/project/tennisClub/tennisclubproject/tennisclub-persistence/target/tennisclub-persistence-1.0-SNAPSHOT.jar!/com/frenchies/tennisclub/dao/UserDaoImpl.class]
12:59:34.425 [main] DEBUG o.s.c.a.ClassPathBeanDefinitionScanner - Identified candidate component class: URL [jar:file:/home/val/Documents/M2_Masaryk/Java/Seminars/project/tennisClub/tennisclubproject/tennisclub-persistence/target/tennisclub-persistence-1.0-SNAPSHOT.jar!/com/frenchies/tennisclub/dao/BookingDaoImpl.class]
12:59:34.426 [main] DEBUG o.s.c.a.ClassPathBeanDefinitionScanner - Identified candidate component class: URL [jar:file:/home/val/Documents/M2_Masaryk/Java/Seminars/project/tennisClub/tennisclubproject/tennisclub-persistence/target/tennisclub-persistence-1.0-SNAPSHOT.jar!/com/frenchies/tennisclub/dao/CourtDaoImpl.class]
12:59:34.459 [main] DEBUG o.s.c.a.ConfigurationClassBeanDefinitionReader - Registered bean definition for imported class 'org.springframework.transaction.annotation.ProxyTransactionManagementConfiguration'
12:59:34.460 [main] DEBUG o.s.c.a.ConfigurationClassBeanDefinitionReader - Registering bean definition for @Bean method org.springframework.transaction.annotation.ProxyTransactionManagementConfiguration.org.springframework.transaction.config.internalTransactionAdvisor()
12:59:34.461 [main] DEBUG o.s.c.a.ConfigurationClassBeanDefinitionReader - Registering bean definition for @Bean method org.springframework.transaction.annotation.ProxyTransactionManagementConfiguration.transactionAttributeSource()
12:59:34.462 [main] DEBUG o.s.c.a.ConfigurationClassBeanDefinitionReader - Registering bean definition for @Bean method org.springframework.transaction.annotation.ProxyTransactionManagementConfiguration.transactionInterceptor()
12:59:34.464 [main] DEBUG o.s.c.a.ConfigurationClassBeanDefinitionReader - Registered bean definition for imported class 'com.frenchies.tennisclub.PersistenceSampleApplicationContext'
12:59:34.465 [main] DEBUG o.s.c.a.ConfigurationClassBeanDefinitionReader - Registering bean definition for @Bean method com.frenchies.tennisclub.PersistenceSampleApplicationContext.transactionManager()
12:59:34.466 [main] DEBUG o.s.c.a.ConfigurationClassBeanDefinitionReader - Registering bean definition for @Bean method com.frenchies.tennisclub.PersistenceSampleApplicationContext.instrumentationLoadTimeWeaver()
12:59:34.466 [main] DEBUG o.s.c.a.ConfigurationClassBeanDefinitionReader - Registering bean definition for @Bean method com.frenchies.tennisclub.PersistenceSampleApplicationContext.localValidatorFactoryBean()
12:59:34.467 [main] DEBUG o.s.c.a.ConfigurationClassBeanDefinitionReader - Registering bean definition for @Bean method com.frenchies.tennisclub.PersistenceSampleApplicationContext.db()
12:59:34.467 [main] DEBUG o.s.c.a.ConfigurationClassBeanDefinitionReader - Registering bean definition for @Bean method com.frenchies.tennisclub.PersistenceSampleApplicationContext.entityManagerFactory()
12:59:34.478 [main] DEBUG o.s.core.env.StandardEnvironment - Adding [systemProperties] PropertySource with lowest search precedence
12:59:34.478 [main] DEBUG o.s.core.env.StandardEnvironment - Adding [systemEnvironment] PropertySource with lowest search precedence
12:59:34.478 [main] DEBUG o.s.core.env.StandardEnvironment - Initialized StandardEnvironment with PropertySources [systemProperties,systemEnvironment]
12:59:34.480 [main] DEBUG o.s.c.i.s.PathMatchingResourcePatternResolver - Looking for matching resources in jar file [file:/home/val/.m2/repository/org/springframework/data/spring-data-jpa/1.7.4.RELEASE/spring-data-jpa-1.7.4.RELEASE.jar]
12:59:34.484 [main] DEBUG o.s.c.i.s.PathMatchingResourcePatternResolver - Looking for matching resources in jar file [file:/home/val/.m2/repository/org/springframework/data/spring-data-commons/1.9.4.RELEASE/spring-data-commons-1.9.4.RELEASE.jar]
12:59:34.494 [main] DEBUG o.s.c.i.s.PathMatchingResourcePatternResolver - Resolved location pattern [classpath*:org/springframework/data/**/repository/support/**/*.class] to resources [URL [jar:file:/home/val/.m2/repository/org/springframework/data/spring-data-jpa/1.7.4.RELEASE/spring-data-jpa-1.7.4.RELEASE.jar!/org/springframework/data/jpa/repository/support/Querydsl$1.class], URL [jar:file:/home/val/.m2/repository/org/springframework/data/spring-data-jpa/1.7.4.RELEASE/spring-data-jpa-1.7.4.RELEASE.jar!/org/springframework/data/jpa/repository/support/CrudMethodMetadataPostProcessor$ThreadBoundTargetSource.class], URL [jar:file:/home/val/.m2/repository/org/springframework/data/spring-data-jpa/1.7.4.RELEASE/spring-data-jpa-1.7.4.RELEASE.jar!/org/springframework/data/jpa/repository/support/JpaPersistableEntityInformation.class], URL [jar:file:/home/val/.m2/repository/org/springframework/data/spring-data-jpa/1.7.4.RELEASE/spring-data-jpa-1.7.4.RELEASE.jar!/org/springframework/data/jpa/repository/support/PersistenceProvider$4.class], URL [jar:file:/home/val/.m2/repository/org/springframework/data/spring-data-jpa/1.7.4.RELEASE/spring-data-jpa-1.7.4.RELEASE.jar!/org/springframework/data/jpa/repository/support/CrudMethodMetadataPostProcessor.class], URL [jar:file:/home/val/.m2/repository/org/springframework/data/spring-data-jpa/1.7.4.RELEASE/spring-data-jpa-1.7.4.RELEASE.jar!/org/springframework/data/jpa/repository/support/CrudMethodMetadataPostProcessor$1.class], URL [jar:file:/home/val/.m2/repository/org/springframework/data/spring-data-jpa/1.7.4.RELEASE/spring-data-jpa-1.7.4.RELEASE.jar!/org/springframework/data/jpa/repository/support/JpaEntityInformation.class], URL [jar:file:/home/val/.m2/repository/org/springframework/data/spring-data-jpa/1.7.4.RELEASE/spring-data-jpa-1.7.4.RELEASE.jar!/org/springframework/data/jpa/repository/support/JpaMetamodelEntityInformation.class], URL [jar:file:/home/val/.m2/repository/org/springframework/data/spring-data-jpa/1.7.4.RELEASE/spring-data-jpa-1.7.4.RELEASE.jar!/org/springframework/data/jpa/repository/support/JpaMetamodelEntityInformation$IdMetadata.class], URL [jar:file:/home/val/.m2/repository/org/springframework/data/spring-data-jpa/1.7.4.RELEASE/spring-data-jpa-1.7.4.RELEASE.jar!/org/springframework/data/jpa/repository/support/JpaEntityInformationSupport.class], URL [jar:file:/home/val/.m2/repository/org/springframework/data/spring-data-jpa/1.7.4.RELEASE/spring-data-jpa-1.7.4.RELEASE.jar!/org/springframework/data/jpa/repository/support/PersistenceProvider$3.class], URL [jar:file:/home/val/.m2/repository/org/springframework/data/spring-data-jpa/1.7.4.RELEASE/spring-data-jpa-1.7.4.RELEASE.jar!/org/springframework/data/jpa/repository/support/QueryDslRepositorySupport.class], URL [jar:file:/home/val/.m2/repository/org/springframework/data/spring-data-jpa/1.7.4.RELEASE/spring-data-jpa-1.7.4.RELEASE.jar!/org/springframework/data/jpa/repository/support/JpaRepositoryFactory.class], URL [jar:file:/home/val/.m2/repository/org/springframework/data/spring-data-jpa/1.7.4.RELEASE/spring-data-jpa-1.7.4.RELEASE.jar!/org/springframework/data/jpa/repository/support/CrudMethodMetadataPostProcessor$DefaultCrudMethodMetadata.class], URL [jar:file:/home/val/.m2/repository/org/springframework/data/spring-data-jpa/1.7.4.RELEASE/spring-data-jpa-1.7.4.RELEASE.jar!/org/springframework/data/jpa/repository/support/PersistenceProvider.class], URL [jar:file:/home/val/.m2/repository/org/springframework/data/spring-data-jpa/1.7.4.RELEASE/spring-data-jpa-1.7.4.RELEASE.jar!/org/springframework/data/jpa/repository/support/SimpleJpaRepository.class], URL [jar:file:/home/val/.m2/repository/org/springframework/data/spring-data-jpa/1.7.4.RELEASE/spring-data-jpa-1.7.4.RELEASE.jar!/org/springframework/data/jpa/repository/support/CrudMethodMetadataPostProcessor$CrudMethodMetadataPopulatingMethodIntercceptor.class], URL [jar:file:/home/val/.m2/repository/org/springframework/data/spring-data-jpa/1.7.4.RELEASE/spring-data-jpa-1.7.4.RELEASE.jar!/org/springframework/data/jpa/repository/support/Querydsl.class], URL [jar:file:/home/val/.m2/repository/org/springframework/data/spring-data-jpa/1.7.4.RELEASE/spring-data-jpa-1.7.4.RELEASE.jar!/org/springframework/data/jpa/repository/support/CrudMethodMetadata.class], URL [jar:file:/home/val/.m2/repository/org/springframework/data/spring-data-jpa/1.7.4.RELEASE/spring-data-jpa-1.7.4.RELEASE.jar!/org/springframework/data/jpa/repository/support/EntityManagerBeanDefinitionRegistrarPostProcessor.class], URL [jar:file:/home/val/.m2/repository/org/springframework/data/spring-data-jpa/1.7.4.RELEASE/spring-data-jpa-1.7.4.RELEASE.jar!/org/springframework/data/jpa/repository/support/JpaMetamodelEntityInformation$IdentifierDerivingDirectFieldAccessFallbackBeanWrapper.class], URL [jar:file:/home/val/.m2/repository/org/springframework/data/spring-data-jpa/1.7.4.RELEASE/spring-data-jpa-1.7.4.RELEASE.jar!/org/springframework/data/jpa/repository/support/PersistenceProvider$1.class], URL [jar:file:/home/val/.m2/repository/org/springframework/data/spring-data-jpa/1.7.4.RELEASE/spring-data-jpa-1.7.4.RELEASE.jar!/org/springframework/data/jpa/repository/support/QueryDslJpaRepository.class], URL [jar:file:/home/val/.m2/repository/org/springframework/data/spring-data-jpa/1.7.4.RELEASE/spring-data-jpa-1.7.4.RELEASE.jar!/org/springframework/data/jpa/repository/support/PersistenceProvider$2.class], URL [jar:file:/home/val/.m2/repository/org/springframework/data/spring-data-jpa/1.7.4.RELEASE/spring-data-jpa-1.7.4.RELEASE.jar!/org/springframework/data/jpa/repository/support/JpaRepositoryFactoryBean.class], URL [jar:file:/home/val/.m2/repository/org/springframework/data/spring-data-jpa/1.7.4.RELEASE/spring-data-jpa-1.7.4.RELEASE.jar!/org/springframework/data/jpa/repository/support/PersistenceProvider$Constants.class], URL [jar:file:/home/val/.m2/repository/org/springframework/data/spring-data-jpa/1.7.4.RELEASE/spring-data-jpa-1.7.4.RELEASE.jar!/org/springframework/data/jpa/repository/support/SimpleJpaRepository$ByIdsSpecification.class], URL [jar:file:/home/val/.m2/repository/org/springframework/data/spring-data-commons/1.9.4.RELEASE/spring-data-commons-1.9.4.RELEASE.jar!/org/springframework/data/repository/support/Repositories$EmptyRepositoryFactoryInformation.class], URL [jar:file:/home/val/.m2/repository/org/springframework/data/spring-data-commons/1.9.4.RELEASE/spring-data-commons-1.9.4.RELEASE.jar!/org/springframework/data/repository/support/DomainClassPropertyEditorRegistrar.class], URL [jar:file:/home/val/.m2/repository/org/springframework/data/spring-data-commons/1.9.4.RELEASE/spring-data-commons-1.9.4.RELEASE.jar!/org/springframework/data/repository/support/CrudRepositoryInvoker.class], URL [jar:file:/home/val/.m2/repository/org/springframework/data/spring-data-commons/1.9.4.RELEASE/spring-data-commons-1.9.4.RELEASE.jar!/org/springframework/data/repository/support/Repositories.class], URL [jar:file:/home/val/.m2/repository/org/springframework/data/spring-data-commons/1.9.4.RELEASE/spring-data-commons-1.9.4.RELEASE.jar!/org/springframework/data/repository/support/ReflectionRepositoryInvoker.class], URL [jar:file:/home/val/.m2/repository/org/springframework/data/spring-data-commons/1.9.4.RELEASE/spring-data-commons-1.9.4.RELEASE.jar!/org/springframework/data/repository/support/DomainClassPropertyEditor.class], URL [jar:file:/home/val/.m2/repository/org/springframework/data/spring-data-commons/1.9.4.RELEASE/spring-data-commons-1.9.4.RELEASE.jar!/org/springframework/data/repository/support/DomainClassConverter.class]]
12:59:34.509 [main] DEBUG o.s.c.a.ClassPathScanningCandidateComponentProvider - Identified candidate component class: URL [jar:file:/home/val/.m2/repository/org/springframework/data/spring-data-jpa/1.7.4.RELEASE/spring-data-jpa-1.7.4.RELEASE.jar!/org/springframework/data/jpa/repository/support/JpaRepositoryFactory.class]
12:59:34.546 [main] DEBUG o.s.core.env.StandardEnvironment - Adding [systemProperties] PropertySource with lowest search precedence
12:59:34.547 [main] DEBUG o.s.core.env.StandardEnvironment - Adding [systemEnvironment] PropertySource with lowest search precedence
12:59:34.547 [main] DEBUG o.s.core.env.StandardEnvironment - Initialized StandardEnvironment with PropertySources [systemProperties,systemEnvironment]
12:59:34.549 [main] DEBUG o.s.c.i.s.PathMatchingResourcePatternResolver - Looking for matching resources in directory tree [/home/val/Documents/M2_Masaryk/Java/Seminars/project/tennisClub/tennisclubproject/tennisclub-service/target/test-classes/com/frenchies/tennisclub]
12:59:34.549 [main] DEBUG o.s.c.i.s.PathMatchingResourcePatternResolver - Searching directory [/home/val/Documents/M2_Masaryk/Java/Seminars/project/tennisClub/tennisclubproject/tennisclub-service/target/test-classes/com/frenchies/tennisclub] for files matching pattern [/home/val/Documents/M2_Masaryk/Java/Seminars/project/tennisClub/tennisclubproject/tennisclub-service/target/test-classes/com/frenchies/tennisclub/**/*.class]
12:59:34.550 [main] DEBUG o.s.c.i.s.PathMatchingResourcePatternResolver - Searching directory [/home/val/Documents/M2_Masaryk/Java/Seminars/project/tennisClub/tennisclubproject/tennisclub-service/target/test-classes/com/frenchies/tennisclub/service] for files matching pattern [/home/val/Documents/M2_Masaryk/Java/Seminars/project/tennisClub/tennisclubproject/tennisclub-service/target/test-classes/com/frenchies/tennisclub/**/*.class]
12:59:34.550 [main] DEBUG o.s.c.i.s.PathMatchingResourcePatternResolver - Looking for matching resources in directory tree [/home/val/Documents/M2_Masaryk/Java/Seminars/project/tennisClub/tennisclubproject/tennisclub-service/target/classes/com/frenchies/tennisclub]
12:59:34.550 [main] DEBUG o.s.c.i.s.PathMatchingResourcePatternResolver - Searching directory [/home/val/Documents/M2_Masaryk/Java/Seminars/project/tennisClub/tennisclubproject/tennisclub-service/target/classes/com/frenchies/tennisclub] for files matching pattern [/home/val/Documents/M2_Masaryk/Java/Seminars/project/tennisClub/tennisclubproject/tennisclub-service/target/classes/com/frenchies/tennisclub/**/*.class]
12:59:34.550 [main] DEBUG o.s.c.i.s.PathMatchingResourcePatternResolver - Searching directory [/home/val/Documents/M2_Masaryk/Java/Seminars/project/tennisClub/tennisclubproject/tennisclub-service/target/classes/com/frenchies/tennisclub/service] for files matching pattern [/home/val/Documents/M2_Masaryk/Java/Seminars/project/tennisClub/tennisclubproject/tennisclub-service/target/classes/com/frenchies/tennisclub/**/*.class]
12:59:34.551 [main] DEBUG o.s.c.i.s.PathMatchingResourcePatternResolver - Searching directory [/home/val/Documents/M2_Masaryk/Java/Seminars/project/tennisClub/tennisclubproject/tennisclub-service/target/classes/com/frenchies/tennisclub/service/config] for files matching pattern [/home/val/Documents/M2_Masaryk/Java/Seminars/project/tennisClub/tennisclubproject/tennisclub-service/target/classes/com/frenchies/tennisclub/**/*.class]
12:59:34.551 [main] DEBUG o.s.c.i.s.PathMatchingResourcePatternResolver - Searching directory [/home/val/Documents/M2_Masaryk/Java/Seminars/project/tennisClub/tennisclubproject/tennisclub-service/target/classes/com/frenchies/tennisclub/service/facade] for files matching pattern [/home/val/Documents/M2_Masaryk/Java/Seminars/project/tennisClub/tennisclubproject/tennisclub-service/target/classes/com/frenchies/tennisclub/**/*.class]
12:59:34.552 [main] DEBUG o.s.c.i.s.PathMatchingResourcePatternResolver - Searching directory [/home/val/Documents/M2_Masaryk/Java/Seminars/project/tennisClub/tennisclubproject/tennisclub-service/target/classes/com/frenchies/tennisclub/mappers] for files matching pattern [/home/val/Documents/M2_Masaryk/Java/Seminars/project/tennisClub/tennisclubproject/tennisclub-service/target/classes/com/frenchies/tennisclub/**/*.class]
12:59:34.552 [main] DEBUG o.s.c.i.s.PathMatchingResourcePatternResolver - Looking for matching resources in jar file [file:/home/val/Documents/M2_Masaryk/Java/Seminars/project/tennisClub/tennisclubproject/tennisclub-api/target/tennisclub-api-1.0-SNAPSHOT.jar]
12:59:34.553 [main] DEBUG o.s.c.i.s.PathMatchingResourcePatternResolver - Looking for matching resources in jar file [file:/home/val/Documents/M2_Masaryk/Java/Seminars/project/tennisClub/tennisclubproject/tennisclub-persistence/target/tennisclub-persistence-1.0-SNAPSHOT.jar]
12:59:34.554 [main] DEBUG o.s.c.i.s.PathMatchingResourcePatternResolver - Resolved location pattern [classpath*:com/frenchies/tennisclub/**/*.class] to resources [file [/home/val/Documents/M2_Masaryk/Java/Seminars/project/tennisClub/tennisclubproject/tennisclub-service/target/test-classes/com/frenchies/tennisclub/service/CourtServiceTest.class], file [/home/val/Documents/M2_Masaryk/Java/Seminars/project/tennisClub/tennisclubproject/tennisclub-service/target/test-classes/com/frenchies/tennisclub/service/BeanMappingServiceTest.class], file [/home/val/Documents/M2_Masaryk/Java/Seminars/project/tennisClub/tennisclubproject/tennisclub-service/target/test-classes/com/frenchies/tennisclub/service/BookingServiceTest.class], file [/home/val/Documents/M2_Masaryk/Java/Seminars/project/tennisClub/tennisclubproject/tennisclub-service/target/classes/com/frenchies/tennisclub/service/UserServiceImpl.class], file [/home/val/Documents/M2_Masaryk/Java/Seminars/project/tennisClub/tennisclubproject/tennisclub-service/target/classes/com/frenchies/tennisclub/service/config/ServiceConfiguration.class], file [/home/val/Documents/M2_Masaryk/Java/Seminars/project/tennisClub/tennisclubproject/tennisclub-service/target/classes/com/frenchies/tennisclub/service/config/ServiceConfiguration$DozerCustomConfig.class], file [/home/val/Documents/M2_Masaryk/Java/Seminars/project/tennisClub/tennisclubproject/tennisclub-service/target/classes/com/frenchies/tennisclub/service/BookingServiceImpl.class], file [/home/val/Documents/M2_Masaryk/Java/Seminars/project/tennisClub/tennisclubproject/tennisclub-service/target/classes/com/frenchies/tennisclub/service/UserService.class], file [/home/val/Documents/M2_Masaryk/Java/Seminars/project/tennisClub/tennisclubproject/tennisclub-service/target/classes/com/frenchies/tennisclub/service/facade/CourtFacadeImpl.class], file [/home/val/Documents/M2_Masaryk/Java/Seminars/project/tennisClub/tennisclubproject/tennisclub-service/target/classes/com/frenchies/tennisclub/service/facade/UserFacadeImpl.class], file [/home/val/Documents/M2_Masaryk/Java/Seminars/project/tennisClub/tennisclubproject/tennisclub-service/target/classes/com/frenchies/tennisclub/service/facade/BookingFacadeImpl.class], file [/home/val/Documents/M2_Masaryk/Java/Seminars/project/tennisClub/tennisclubproject/tennisclub-service/target/classes/com/frenchies/tennisclub/service/BookingService.class], file [/home/val/Documents/M2_Masaryk/Java/Seminars/project/tennisClub/tennisclubproject/tennisclub-service/target/classes/com/frenchies/tennisclub/service/TimeServiceImpl.class], file [/home/val/Documents/M2_Masaryk/Java/Seminars/project/tennisClub/tennisclubproject/tennisclub-service/target/classes/com/frenchies/tennisclub/service/CourtService.class], file [/home/val/Documents/M2_Masaryk/Java/Seminars/project/tennisClub/tennisclubproject/tennisclub-service/target/classes/com/frenchies/tennisclub/service/CourtServiceImpl.class], file [/home/val/Documents/M2_Masaryk/Java/Seminars/project/tennisClub/tennisclubproject/tennisclub-service/target/classes/com/frenchies/tennisclub/service/TimeService.class], file [/home/val/Documents/M2_Masaryk/Java/Seminars/project/tennisClub/tennisclubproject/tennisclub-service/target/classes/com/frenchies/tennisclub/mappers/BeanMappingService.class], file [/home/val/Documents/M2_Masaryk/Java/Seminars/project/tennisClub/tennisclubproject/tennisclub-service/target/classes/com/frenchies/tennisclub/mappers/BeanMappingServiceImpl.class], URL [jar:file:/home/val/Documents/M2_Masaryk/Java/Seminars/project/tennisClub/tennisclubproject/tennisclub-api/target/tennisclub-api-1.0-SNAPSHOT.jar!/com/frenchies/tennisclub/dto/CourtCreateDTO.class], URL [jar:file:/home/val/Documents/M2_Masaryk/Java/Seminars/project/tennisClub/tennisclubproject/tennisclub-api/target/tennisclub-api-1.0-SNAPSHOT.jar!/com/frenchies/tennisclub/dto/BookingDTO.class], URL [jar:file:/home/val/Documents/M2_Masaryk/Java/Seminars/project/tennisClub/tennisclubproject/tennisclub-api/target/tennisclub-api-1.0-SNAPSHOT.jar!/com/frenchies/tennisclub/dto/BookingCreateDTO.class], URL [jar:file:/home/val/Documents/M2_Masaryk/Java/Seminars/project/tennisClub/tennisclubproject/tennisclub-api/target/tennisclub-api-1.0-SNAPSHOT.jar!/com/frenchies/tennisclub/dto/UserAuthenticateDTO.class], URL [jar:file:/home/val/Documents/M2_Masaryk/Java/Seminars/project/tennisClub/tennisclubproject/tennisclub-api/target/tennisclub-api-1.0-SNAPSHOT.jar!/com/frenchies/tennisclub/dto/CourtDTO.class], URL [jar:file:/home/val/Documents/M2_Masaryk/Java/Seminars/project/tennisClub/tennisclubproject/tennisclub-api/target/tennisclub-api-1.0-SNAPSHOT.jar!/com/frenchies/tennisclub/dto/UserDTO.class], URL [jar:file:/home/val/Documents/M2_Masaryk/Java/Seminars/project/tennisClub/tennisclubproject/tennisclub-api/target/tennisclub-api-1.0-SNAPSHOT.jar!/com/frenchies/tennisclub/facade/BookingFacade.class], URL [jar:file:/home/val/Documents/M2_Masaryk/Java/Seminars/project/tennisClub/tennisclubproject/tennisclub-api/target/tennisclub-api-1.0-SNAPSHOT.jar!/com/frenchies/tennisclub/facade/CourtFacade.class], URL [jar:file:/home/val/Documents/M2_Masaryk/Java/Seminars/project/tennisClub/tennisclubproject/tennisclub-api/target/tennisclub-api-1.0-SNAPSHOT.jar!/com/frenchies/tennisclub/facade/UserFacade.class], URL [jar:file:/home/val/Documents/M2_Masaryk/Java/Seminars/project/tennisClub/tennisclubproject/tennisclub-api/target/tennisclub-api-1.0-SNAPSHOT.jar!/com/frenchies/tennisclub/enums/Hour24.class], URL [jar:file:/home/val/Documents/M2_Masaryk/Java/Seminars/project/tennisClub/tennisclubproject/tennisclub-api/target/tennisclub-api-1.0-SNAPSHOT.jar!/com/frenchies/tennisclub/enums/CourtType.class], URL [jar:file:/home/val/Documents/M2_Masaryk/Java/Seminars/project/tennisClub/tennisclubproject/tennisclub-api/target/tennisclub-api-1.0-SNAPSHOT.jar!/com/frenchies/tennisclub/enums/Status.class], URL [jar:file:/home/val/Documents/M2_Masaryk/Java/Seminars/project/tennisClub/tennisclubproject/tennisclub-api/target/tennisclub-api-1.0-SNAPSHOT.jar!/com/frenchies/tennisclub/exceptions/UserAuthentificationException.class], URL [jar:file:/home/val/Documents/M2_Masaryk/Java/Seminars/project/tennisClub/tennisclubproject/tennisclub-persistence/target/tennisclub-persistence-1.0-SNAPSHOT.jar!/com/frenchies/tennisclub/entity/Booking.class], URL [jar:file:/home/val/Documents/M2_Masaryk/Java/Seminars/project/tennisClub/tennisclubproject/tennisclub-persistence/target/tennisclub-persistence-1.0-SNAPSHOT.jar!/com/frenchies/tennisclub/entity/User.class], URL [jar:file:/home/val/Documents/M2_Masaryk/Java/Seminars/project/tennisClub/tennisclubproject/tennisclub-persistence/target/tennisclub-persistence-1.0-SNAPSHOT.jar!/com/frenchies/tennisclub/entity/Court.class], URL [jar:file:/home/val/Documents/M2_Masaryk/Java/Seminars/project/tennisClub/tennisclubproject/tennisclub-persistence/target/tennisclub-persistence-1.0-SNAPSHOT.jar!/com/frenchies/tennisclub/enums/Hour24.class], URL [jar:file:/home/val/Documents/M2_Masaryk/Java/Seminars/project/tennisClub/tennisclubproject/tennisclub-persistence/target/tennisclub-persistence-1.0-SNAPSHOT.jar!/com/frenchies/tennisclub/enums/CourtType.class], URL [jar:file:/home/val/Documents/M2_Masaryk/Java/Seminars/project/tennisClub/tennisclubproject/tennisclub-persistence/target/tennisclub-persistence-1.0-SNAPSHOT.jar!/com/frenchies/tennisclub/enums/Status.class], URL [jar:file:/home/val/Documents/M2_Masaryk/Java/Seminars/project/tennisClub/tennisclubproject/tennisclub-persistence/target/tennisclub-persistence-1.0-SNAPSHOT.jar!/com/frenchies/tennisclub/PersistenceSampleApplicationContext.class], URL [jar:file:/home/val/Documents/M2_Masaryk/Java/Seminars/project/tennisClub/tennisclubproject/tennisclub-persistence/target/tennisclub-persistence-1.0-SNAPSHOT.jar!/com/frenchies/tennisclub/dao/UserDaoImpl.class], URL [jar:file:/home/val/Documents/M2_Masaryk/Java/Seminars/project/tennisClub/tennisclubproject/tennisclub-persistence/target/tennisclub-persistence-1.0-SNAPSHOT.jar!/com/frenchies/tennisclub/dao/BookingDaoImpl.class], URL [jar:file:/home/val/Documents/M2_Masaryk/Java/Seminars/project/tennisClub/tennisclubproject/tennisclub-persistence/target/tennisclub-persistence-1.0-SNAPSHOT.jar!/com/frenchies/tennisclub/dao/BookingDao.class], URL [jar:file:/home/val/Documents/M2_Masaryk/Java/Seminars/project/tennisClub/tennisclubproject/tennisclub-persistence/target/tennisclub-persistence-1.0-SNAPSHOT.jar!/com/frenchies/tennisclub/dao/UserDao.class], URL [jar:file:/home/val/Documents/M2_Masaryk/Java/Seminars/project/tennisClub/tennisclubproject/tennisclub-persistence/target/tennisclub-persistence-1.0-SNAPSHOT.jar!/com/frenchies/tennisclub/dao/CourtDaoImpl.class], URL [jar:file:/home/val/Documents/M2_Masaryk/Java/Seminars/project/tennisClub/tennisclubproject/tennisclub-persistence/target/tennisclub-persistence-1.0-SNAPSHOT.jar!/com/frenchies/tennisclub/dao/CourtDao.class]]
12:59:34.578 [main] DEBUG o.s.c.a.ConfigurationClassBeanDefinitionReader - Registering bean definition for @Bean method com.frenchies.tennisclub.service.config.ServiceConfiguration.dozer()
12:59:34.655 [main] DEBUG o.s.c.a.ConfigurationClassEnhancer - Successfully enhanced com.frenchies.tennisclub.service.config.ServiceConfiguration; enhanced class name is: com.frenchies.tennisclub.service.config.ServiceConfiguration$$EnhancerBySpringCGLIB$$df30cbf0
12:59:34.655 [main] DEBUG o.s.c.a.ConfigurationClassPostProcessor - Replacing bean definition 'serviceConfiguration' existing class name 'com.frenchies.tennisclub.service.config.ServiceConfiguration' with enhanced class name 'com.frenchies.tennisclub.service.config.ServiceConfiguration$$EnhancerBySpringCGLIB$$df30cbf0'
12:59:34.661 [main] DEBUG o.s.c.a.ConfigurationClassEnhancer - Successfully enhanced org.springframework.transaction.annotation.ProxyTransactionManagementConfiguration; enhanced class name is: org.springframework.transaction.annotation.ProxyTransactionManagementConfiguration$$EnhancerBySpringCGLIB$$8647b2d6
12:59:34.661 [main] DEBUG o.s.c.a.ConfigurationClassPostProcessor - Replacing bean definition 'org.springframework.transaction.annotation.ProxyTransactionManagementConfiguration' existing class name 'org.springframework.transaction.annotation.ProxyTransactionManagementConfiguration' with enhanced class name 'org.springframework.transaction.annotation.ProxyTransactionManagementConfiguration$$EnhancerBySpringCGLIB$$8647b2d6'
12:59:34.665 [main] DEBUG o.s.c.a.ConfigurationClassEnhancer - Successfully enhanced com.frenchies.tennisclub.PersistenceSampleApplicationContext; enhanced class name is: com.frenchies.tennisclub.PersistenceSampleApplicationContext$$EnhancerBySpringCGLIB$$18edb344
12:59:34.665 [main] DEBUG o.s.c.a.ConfigurationClassPostProcessor - Replacing bean definition 'com.frenchies.tennisclub.PersistenceSampleApplicationContext' existing class name 'com.frenchies.tennisclub.PersistenceSampleApplicationContext' with enhanced class name 'com.frenchies.tennisclub.PersistenceSampleApplicationContext$$EnhancerBySpringCGLIB$$18edb344'
12:59:34.668 [main] DEBUG o.s.b.f.s.DefaultListableBeanFactory - Creating shared instance of singleton bean 'foo'
12:59:34.669 [main] DEBUG o.s.b.f.s.DefaultListableBeanFactory - Creating instance of bean 'foo'
12:59:34.669 [main] DEBUG o.s.b.f.s.DefaultListableBeanFactory - Eagerly caching bean 'foo' to allow for resolving potential circular references
12:59:34.669 [main] DEBUG o.s.b.f.s.DefaultListableBeanFactory - Finished creating instance of bean 'foo'
12:59:34.683 [main] DEBUG o.s.b.f.s.DefaultListableBeanFactory - Creating shared instance of singleton bean 'org.springframework.context.annotation.internalAutowiredAnnotationProcessor'
12:59:34.683 [main] DEBUG o.s.b.f.s.DefaultListableBeanFactory - Creating instance of bean 'org.springframework.context.annotation.internalAutowiredAnnotationProcessor'
12:59:34.684 [main] INFO  o.s.b.f.a.AutowiredAnnotationBeanPostProcessor - JSR-330 'javax.inject.Inject' annotation found and supported for autowiring
12:59:34.684 [main] DEBUG o.s.b.f.s.DefaultListableBeanFactory - Eagerly caching bean 'org.springframework.context.annotation.internalAutowiredAnnotationProcessor' to allow for resolving potential circular references
12:59:34.684 [main] DEBUG o.s.b.f.s.DefaultListableBeanFactory - Finished creating instance of bean 'org.springframework.context.annotation.internalAutowiredAnnotationProcessor'
12:59:34.684 [main] DEBUG o.s.b.f.s.DefaultListableBeanFactory - Creating shared instance of singleton bean 'org.springframework.context.annotation.internalRequiredAnnotationProcessor'
12:59:34.684 [main] DEBUG o.s.b.f.s.DefaultListableBeanFactory - Creating instance of bean 'org.springframework.context.annotation.internalRequiredAnnotationProcessor'
12:59:34.685 [main] DEBUG o.s.b.f.s.DefaultListableBeanFactory - Eagerly caching bean 'org.springframework.context.annotation.internalRequiredAnnotationProcessor' to allow for resolving potential circular references
12:59:34.685 [main] DEBUG o.s.b.f.s.DefaultListableBeanFactory - Finished creating instance of bean 'org.springframework.context.annotation.internalRequiredAnnotationProcessor'
12:59:34.685 [main] DEBUG o.s.b.f.s.DefaultListableBeanFactory - Creating shared instance of singleton bean 'org.springframework.context.annotation.internalCommonAnnotationProcessor'
12:59:34.685 [main] DEBUG o.s.b.f.s.DefaultListableBeanFactory - Creating instance of bean 'org.springframework.context.annotation.internalCommonAnnotationProcessor'
12:59:34.688 [main] DEBUG o.s.b.f.s.DefaultListableBeanFactory - Eagerly caching bean 'org.springframework.context.annotation.internalCommonAnnotationProcessor' to allow for resolving potential circular references
12:59:34.689 [main] DEBUG o.s.b.f.s.DefaultListableBeanFactory - Finished creating instance of bean 'org.springframework.context.annotation.internalCommonAnnotationProcessor'
12:59:34.689 [main] DEBUG o.s.b.f.s.DefaultListableBeanFactory - Creating shared instance of singleton bean 'org.springframework.context.annotation.internalPersistenceAnnotationProcessor'
12:59:34.689 [main] DEBUG o.s.b.f.s.DefaultListableBeanFactory - Creating instance of bean 'org.springframework.context.annotation.internalPersistenceAnnotationProcessor'
12:59:34.689 [main] DEBUG o.s.b.f.s.DefaultListableBeanFactory - Eagerly caching bean 'org.springframework.context.annotation.internalPersistenceAnnotationProcessor' to allow for resolving potential circular references
12:59:34.689 [main] DEBUG o.s.b.f.s.DefaultListableBeanFactory - Finished creating instance of bean 'org.springframework.context.annotation.internalPersistenceAnnotationProcessor'
12:59:34.689 [main] DEBUG o.s.b.f.s.DefaultListableBeanFactory - Creating shared instance of singleton bean 'org.springframework.context.annotation.ConfigurationClassPostProcessor.importAwareProcessor'
12:59:34.689 [main] DEBUG o.s.b.f.s.DefaultListableBeanFactory - Creating instance of bean 'org.springframework.context.annotation.ConfigurationClassPostProcessor.importAwareProcessor'
12:59:34.690 [main] DEBUG o.s.b.f.s.DefaultListableBeanFactory - Eagerly caching bean 'org.springframework.context.annotation.ConfigurationClassPostProcessor.importAwareProcessor' to allow for resolving potential circular references
12:59:34.690 [main] DEBUG o.s.b.f.s.DefaultListableBeanFactory - Finished creating instance of bean 'org.springframework.context.annotation.ConfigurationClassPostProcessor.importAwareProcessor'
12:59:34.690 [main] DEBUG o.s.b.f.s.DefaultListableBeanFactory - Creating shared instance of singleton bean 'org.springframework.context.annotation.ConfigurationClassPostProcessor.enhancedConfigurationProcessor'
12:59:34.690 [main] DEBUG o.s.b.f.s.DefaultListableBeanFactory - Creating instance of bean 'org.springframework.context.annotation.ConfigurationClassPostProcessor.enhancedConfigurationProcessor'
12:59:34.690 [main] DEBUG o.s.b.f.s.DefaultListableBeanFactory - Eagerly caching bean 'org.springframework.context.annotation.ConfigurationClassPostProcessor.enhancedConfigurationProcessor' to allow for resolving potential circular references
12:59:34.690 [main] DEBUG o.s.b.f.s.DefaultListableBeanFactory - Finished creating instance of bean 'org.springframework.context.annotation.ConfigurationClassPostProcessor.enhancedConfigurationProcessor'
12:59:34.690 [main] DEBUG o.s.b.f.s.DefaultListableBeanFactory - Creating shared instance of singleton bean 'org.springframework.data.repository.core.support.RepositoryInterfaceAwareBeanPostProcessor'
12:59:34.690 [main] DEBUG o.s.b.f.s.DefaultListableBeanFactory - Creating instance of bean 'org.springframework.data.repository.core.support.RepositoryInterfaceAwareBeanPostProcessor'
12:59:34.691 [main] DEBUG o.s.b.f.s.DefaultListableBeanFactory - Eagerly caching bean 'org.springframework.data.repository.core.support.RepositoryInterfaceAwareBeanPostProcessor' to allow for resolving potential circular references
12:59:34.692 [main] DEBUG o.s.b.f.s.DefaultListableBeanFactory - Finished creating instance of bean 'org.springframework.data.repository.core.support.RepositoryInterfaceAwareBeanPostProcessor'
12:59:34.693 [main] DEBUG o.s.b.f.s.DefaultListableBeanFactory - Creating shared instance of singleton bean 'org.springframework.aop.config.internalAutoProxyCreator'
12:59:34.693 [main] DEBUG o.s.b.f.s.DefaultListableBeanFactory - Creating instance of bean 'org.springframework.aop.config.internalAutoProxyCreator'
12:59:34.702 [main] DEBUG o.s.b.f.s.DefaultListableBeanFactory - Eagerly caching bean 'org.springframework.aop.config.internalAutoProxyCreator' to allow for resolving potential circular references
12:59:34.736 [main] DEBUG o.s.b.f.s.DefaultListableBeanFactory - Finished creating instance of bean 'org.springframework.aop.config.internalAutoProxyCreator'
12:59:34.738 [main] DEBUG o.s.c.s.GenericApplicationContext - Unable to locate MessageSource with name 'messageSource': using default [org.springframework.context.support.DelegatingMessageSource@1e4f4a5c]
12:59:34.741 [main] DEBUG o.s.c.s.GenericApplicationContext - Unable to locate ApplicationEventMulticaster with name 'applicationEventMulticaster': using default [org.springframework.context.event.SimpleApplicationEventMulticaster@1c9b0314]
12:59:34.747 [main] DEBUG o.s.b.f.s.DefaultListableBeanFactory - Creating shared instance of singleton bean 'entityManagerFactory'
12:59:34.747 [main] DEBUG o.s.b.f.s.DefaultListableBeanFactory - Creating instance of bean 'entityManagerFactory'
12:59:34.750 [main] DEBUG o.s.b.f.s.DefaultListableBeanFactory - Creating shared instance of singleton bean 'com.frenchies.tennisclub.PersistenceSampleApplicationContext'
12:59:34.750 [main] DEBUG o.s.b.f.s.DefaultListableBeanFactory - Creating instance of bean 'com.frenchies.tennisclub.PersistenceSampleApplicationContext'
12:59:34.751 [main] DEBUG o.s.b.f.s.DefaultListableBeanFactory - Eagerly caching bean 'com.frenchies.tennisclub.PersistenceSampleApplicationContext' to allow for resolving potential circular references
12:59:34.759 [main] DEBUG o.s.b.f.s.DefaultListableBeanFactory - Creating shared instance of singleton bean 'org.springframework.transaction.config.internalTransactionAdvisor'
12:59:34.759 [main] DEBUG o.s.b.f.s.DefaultListableBeanFactory - Creating instance of bean 'org.springframework.transaction.config.internalTransactionAdvisor'
12:59:34.759 [main] DEBUG o.s.b.f.s.DefaultListableBeanFactory - Creating shared instance of singleton bean 'org.springframework.transaction.annotation.ProxyTransactionManagementConfiguration'
12:59:34.760 [main] DEBUG o.s.b.f.s.DefaultListableBeanFactory - Creating instance of bean 'org.springframework.transaction.annotation.ProxyTransactionManagementConfiguration'
12:59:34.767 [main] DEBUG o.s.b.f.annotation.InjectionMetadata - Registered injected element on class [org.springframework.transaction.annotation.ProxyTransactionManagementConfiguration$$EnhancerBySpringCGLIB$$8647b2d6]: AutowiredMethodElement for void org.springframework.transaction.annotation.AbstractTransactionManagementConfiguration.setConfigurers(java.util.Collection)
12:59:34.767 [main] DEBUG o.s.b.f.s.DefaultListableBeanFactory - Eagerly caching bean 'org.springframework.transaction.annotation.ProxyTransactionManagementConfiguration' to allow for resolving potential circular references
12:59:34.768 [main] DEBUG o.s.b.f.annotation.InjectionMetadata - Processing injected element of bean 'org.springframework.transaction.annotation.ProxyTransactionManagementConfiguration': AutowiredMethodElement for void org.springframework.transaction.annotation.AbstractTransactionManagementConfiguration.setConfigurers(java.util.Collection)
12:59:34.773 [main] DEBUG o.s.b.f.s.DefaultListableBeanFactory - Returning cached instance of singleton bean 'org.springframework.context.annotation.ConfigurationClassPostProcessor.importRegistry'
12:59:34.774 [main] DEBUG o.s.a.f.a.BeanFactoryAdvisorRetrievalHelper - Skipping currently created advisor 'org.springframework.transaction.config.internalTransactionAdvisor'
12:59:34.775 [main] DEBUG o.s.b.f.s.DefaultListableBeanFactory - Finished creating instance of bean 'org.springframework.transaction.annotation.ProxyTransactionManagementConfiguration'
12:59:34.796 [main] DEBUG o.s.b.f.s.DefaultListableBeanFactory - Creating shared instance of singleton bean 'transactionAttributeSource'
12:59:34.796 [main] DEBUG o.s.b.f.s.DefaultListableBeanFactory - Creating instance of bean 'transactionAttributeSource'
12:59:34.796 [main] DEBUG o.s.b.f.s.DefaultListableBeanFactory - Returning cached instance of singleton bean 'org.springframework.transaction.annotation.ProxyTransactionManagementConfiguration'
12:59:34.797 [main] DEBUG o.s.b.f.s.DefaultListableBeanFactory - Eagerly caching bean 'transactionAttributeSource' to allow for resolving potential circular references
12:59:34.800 [main] DEBUG o.s.a.f.a.BeanFactoryAdvisorRetrievalHelper - Skipping currently created advisor 'org.springframework.transaction.config.internalTransactionAdvisor'
12:59:34.800 [main] DEBUG o.s.b.f.s.DefaultListableBeanFactory - Finished creating instance of bean 'transactionAttributeSource'
12:59:34.800 [main] DEBUG o.s.b.f.s.DefaultListableBeanFactory - Creating shared instance of singleton bean 'transactionInterceptor'
12:59:34.800 [main] DEBUG o.s.b.f.s.DefaultListableBeanFactory - Creating instance of bean 'transactionInterceptor'
12:59:34.800 [main] DEBUG o.s.b.f.s.DefaultListableBeanFactory - Returning cached instance of singleton bean 'org.springframework.transaction.annotation.ProxyTransactionManagementConfiguration'
12:59:34.803 [main] DEBUG o.s.b.f.s.DefaultListableBeanFactory - Returning cached instance of singleton bean 'transactionAttributeSource'
12:59:34.807 [main] DEBUG o.s.b.f.s.DefaultListableBeanFactory - Eagerly caching bean 'transactionInterceptor' to allow for resolving potential circular references
12:59:34.811 [main] DEBUG o.s.b.f.s.DefaultListableBeanFactory - Invoking afterPropertiesSet() on bean with name 'transactionInterceptor'
12:59:34.811 [main] DEBUG o.s.b.f.s.DefaultListableBeanFactory - Finished creating instance of bean 'transactionInterceptor'
12:59:34.812 [main] DEBUG o.s.b.f.s.DefaultListableBeanFactory - Eagerly caching bean 'org.springframework.transaction.config.internalTransactionAdvisor' to allow for resolving potential circular references
12:59:34.821 [main] DEBUG o.s.b.f.s.DefaultListableBeanFactory - Finished creating instance of bean 'org.springframework.transaction.config.internalTransactionAdvisor'
12:59:34.824 [main] DEBUG o.s.b.f.s.DefaultListableBeanFactory - Finished creating instance of bean 'com.frenchies.tennisclub.PersistenceSampleApplicationContext'
12:59:34.836 [main] DEBUG o.s.b.f.s.DefaultListableBeanFactory - Creating shared instance of singleton bean 'db'
12:59:34.836 [main] DEBUG o.s.b.f.s.DefaultListableBeanFactory - Creating instance of bean 'db'
12:59:34.836 [main] DEBUG o.s.b.f.s.DefaultListableBeanFactory - Returning cached instance of singleton bean 'com.frenchies.tennisclub.PersistenceSampleApplicationContext'
12:59:34.842 [main] INFO  o.s.j.d.e.EmbeddedDatabaseFactory - Creating embedded database 'testdb'
12:59:35.021 [main] DEBUG o.s.jdbc.datasource.DataSourceUtils - Fetching JDBC Connection from DataSource
12:59:35.021 [main] DEBUG o.s.j.d.SimpleDriverDataSource - Creating new JDBC Driver Connection to [jdbc:derby:memory:testdb;create=true]
12:59:35.417 [main] DEBUG o.s.jdbc.datasource.DataSourceUtils - Returning JDBC Connection to DataSource
12:59:35.419 [main] DEBUG o.s.b.f.s.DefaultListableBeanFactory - Eagerly caching bean 'db' to allow for resolving potential circular references
12:59:35.422 [main] DEBUG o.s.b.f.s.DefaultListableBeanFactory - Returning cached instance of singleton bean 'org.springframework.transaction.config.internalTransactionAdvisor'
12:59:35.423 [main] DEBUG o.s.b.f.s.DefaultListableBeanFactory - Finished creating instance of bean 'db'
12:59:35.424 [main] DEBUG o.s.b.f.s.DefaultListableBeanFactory - Creating shared instance of singleton bean 'instrumentationLoadTimeWeaver'
12:59:35.424 [main] DEBUG o.s.b.f.s.DefaultListableBeanFactory - Creating instance of bean 'instrumentationLoadTimeWeaver'
12:59:35.424 [main] DEBUG o.s.b.f.s.DefaultListableBeanFactory - Returning cached instance of singleton bean 'com.frenchies.tennisclub.PersistenceSampleApplicationContext'
12:59:35.427 [main] DEBUG o.s.b.f.s.DefaultListableBeanFactory - Eagerly caching bean 'instrumentationLoadTimeWeaver' to allow for resolving potential circular references
12:59:35.428 [main] DEBUG o.s.b.f.s.DefaultListableBeanFactory - Returning cached instance of singleton bean 'org.springframework.transaction.config.internalTransactionAdvisor'
12:59:35.429 [main] DEBUG o.s.b.f.s.DefaultListableBeanFactory - Finished creating instance of bean 'instrumentationLoadTimeWeaver'
12:59:35.438 [main] DEBUG org.jboss.logging - Logging Provider: org.jboss.logging.Slf4jLoggerProvider
12:59:35.441 [main] DEBUG o.s.b.f.s.DefaultListableBeanFactory - Eagerly caching bean 'entityManagerFactory' to allow for resolving potential circular references
12:59:35.448 [main] DEBUG o.s.b.f.s.DefaultListableBeanFactory - Invoking afterPropertiesSet() on bean with name 'entityManagerFactory'
12:59:35.485 [main] INFO  o.s.o.j.LocalContainerEntityManagerFactoryBean - Building JPA container EntityManagerFactory for persistence unit 'default'
12:59:35.502 [main] DEBUG o.h.jpa.internal.util.LogHelper - PersistenceUnitInfo [
	name: default
	persistence provider classname: org.hibernate.ejb.HibernatePersistence
	classloader: sun.misc.Launcher$AppClassLoader@7f31245a
	excludeUnlistedClasses: false
	JTA datasource: null
	Non JTA datasource: org.springframework.jdbc.datasource.embedded.EmbeddedDatabaseFactory$EmbeddedDataSourceProxy@25ddbbbb
	Transaction type: RESOURCE_LOCAL
	PU root URL: file:/home/val/Documents/M2_Masaryk/Java/Seminars/project/tennisClub/tennisclubproject/tennisclub-persistence/target/tennisclub-persistence-1.0-SNAPSHOT.jar
	Shared Cache Mode: UNSPECIFIED
	Validation Mode: AUTO
	Jar files URLs []
	Managed classes names []
	Mapping files names []
	Properties [
		hibernate.cache.provider_class: org.hibernate.cache.NoCacheProvider
		hibernate.connection.url: jdbc:derby:memory:testdb
		hibernate.show_sql: true
		hibernate.connection.driver_class: org.apache.derby.jdbc.EmbeddedDriver
		hibernate.format_sql: true
		hibernate.hbm2ddl.auto: create]
12:59:35.516 [main] DEBUG o.h.i.internal.IntegratorServiceImpl - Adding Integrator [org.hibernate.cfg.beanvalidation.BeanValidationIntegrator].
12:59:35.518 [main] DEBUG o.h.i.internal.IntegratorServiceImpl - Adding Integrator [org.hibernate.secure.spi.JaccIntegrator].
12:59:35.521 [main] DEBUG o.h.i.internal.IntegratorServiceImpl - Adding Integrator [org.hibernate.cache.internal.CollectionCacheInvalidator].
12:59:35.521 [main] DEBUG o.h.i.internal.IntegratorServiceImpl - Adding Integrator [org.hibernate.jpa.event.spi.JpaIntegrator].
12:59:35.531 [main] DEBUG o.h.b.r.s.i.StrategySelectorImpl - Registering named strategy selector [org.hibernate.dialect.Dialect] : [MySQL5] -> [org.hibernate.dialect.MySQL5Dialect] (replacing [org.hibernate.dialect.MySQL5Dialect])
12:59:35.531 [main] DEBUG o.h.b.r.s.i.StrategySelectorImpl - Registering named strategy selector [org.hibernate.dialect.Dialect] : [MySQL5InnoDB] -> [org.hibernate.dialect.MySQL5InnoDBDialect] (replacing [org.hibernate.dialect.MySQL5InnoDBDialect])
12:59:35.601 [main] INFO  org.hibernate.Version - HHH000412: Hibernate Core {4.3.11.Final}
12:59:35.602 [main] INFO  org.hibernate.cfg.Environment - HHH000206: hibernate.properties not found
12:59:35.603 [main] INFO  org.hibernate.cfg.Environment - HHH000021: Bytecode provider name : javassist
12:59:35.699 [main] DEBUG o.h.service.spi.ServiceBinding - Overriding existing service binding [org.hibernate.secure.spi.JaccService]
12:59:35.715 [main] DEBUG org.hibernate.type.BasicTypeRegistry - Adding type registration boolean -> org.hibernate.type.BooleanType@6105f8a3
12:59:35.715 [main] DEBUG org.hibernate.type.BasicTypeRegistry - Adding type registration boolean -> org.hibernate.type.BooleanType@6105f8a3
12:59:35.715 [main] DEBUG org.hibernate.type.BasicTypeRegistry - Adding type registration java.lang.Boolean -> org.hibernate.type.BooleanType@6105f8a3
12:59:35.716 [main] DEBUG org.hibernate.type.BasicTypeRegistry - Adding type registration numeric_boolean -> org.hibernate.type.NumericBooleanType@6e0d4a8
12:59:35.716 [main] DEBUG org.hibernate.type.BasicTypeRegistry - Adding type registration true_false -> org.hibernate.type.TrueFalseType@251ebf23
12:59:35.717 [main] DEBUG org.hibernate.type.BasicTypeRegistry - Adding type registration yes_no -> org.hibernate.type.YesNoType@51671b08
12:59:35.718 [main] DEBUG org.hibernate.type.BasicTypeRegistry - Adding type registration byte -> org.hibernate.type.ByteType@26f3d90c
12:59:35.718 [main] DEBUG org.hibernate.type.BasicTypeRegistry - Adding type registration byte -> org.hibernate.type.ByteType@26f3d90c
12:59:35.718 [main] DEBUG org.hibernate.type.BasicTypeRegistry - Adding type registration java.lang.Byte -> org.hibernate.type.ByteType@26f3d90c
12:59:35.719 [main] DEBUG org.hibernate.type.BasicTypeRegistry - Adding type registration character -> org.hibernate.type.CharacterType@3f3ddbd9
12:59:35.719 [main] DEBUG org.hibernate.type.BasicTypeRegistry - Adding type registration char -> org.hibernate.type.CharacterType@3f3ddbd9
12:59:35.719 [main] DEBUG org.hibernate.type.BasicTypeRegistry - Adding type registration java.lang.Character -> org.hibernate.type.CharacterType@3f3ddbd9
12:59:35.720 [main] DEBUG org.hibernate.type.BasicTypeRegistry - Adding type registration short -> org.hibernate.type.ShortType@73e132e0
12:59:35.720 [main] DEBUG org.hibernate.type.BasicTypeRegistry - Adding type registration short -> org.hibernate.type.ShortType@73e132e0
12:59:35.720 [main] DEBUG org.hibernate.type.BasicTypeRegistry - Adding type registration java.lang.Short -> org.hibernate.type.ShortType@73e132e0
12:59:35.721 [main] DEBUG org.hibernate.type.BasicTypeRegistry - Adding type registration integer -> org.hibernate.type.IntegerType@9fecdf1
12:59:35.721 [main] DEBUG org.hibernate.type.BasicTypeRegistry - Adding type registration int -> org.hibernate.type.IntegerType@9fecdf1
12:59:35.721 [main] DEBUG org.hibernate.type.BasicTypeRegistry - Adding type registration java.lang.Integer -> org.hibernate.type.IntegerType@9fecdf1
12:59:35.722 [main] DEBUG org.hibernate.type.BasicTypeRegistry - Adding type registration long -> org.hibernate.type.LongType@55a8dc49
12:59:35.722 [main] DEBUG org.hibernate.type.BasicTypeRegistry - Adding type registration long -> org.hibernate.type.LongType@55a8dc49
12:59:35.722 [main] DEBUG org.hibernate.type.BasicTypeRegistry - Adding type registration java.lang.Long -> org.hibernate.type.LongType@55a8dc49
12:59:35.724 [main] DEBUG org.hibernate.type.BasicTypeRegistry - Adding type registration float -> org.hibernate.type.FloatType@5b43e173
12:59:35.724 [main] DEBUG org.hibernate.type.BasicTypeRegistry - Adding type registration float -> org.hibernate.type.FloatType@5b43e173
12:59:35.724 [main] DEBUG org.hibernate.type.BasicTypeRegistry - Adding type registration java.lang.Float -> org.hibernate.type.FloatType@5b43e173
12:59:35.726 [main] DEBUG org.hibernate.type.BasicTypeRegistry - Adding type registration double -> org.hibernate.type.DoubleType@30f4b1a6
12:59:35.726 [main] DEBUG org.hibernate.type.BasicTypeRegistry - Adding type registration double -> org.hibernate.type.DoubleType@30f4b1a6
12:59:35.726 [main] DEBUG org.hibernate.type.BasicTypeRegistry - Adding type registration java.lang.Double -> org.hibernate.type.DoubleType@30f4b1a6
12:59:35.728 [main] DEBUG org.hibernate.type.BasicTypeRegistry - Adding type registration big_decimal -> org.hibernate.type.BigDecimalType@1ea9f009
12:59:35.728 [main] DEBUG org.hibernate.type.BasicTypeRegistry - Adding type registration java.math.BigDecimal -> org.hibernate.type.BigDecimalType@1ea9f009
12:59:35.729 [main] DEBUG org.hibernate.type.BasicTypeRegistry - Adding type registration big_integer -> org.hibernate.type.BigIntegerType@4e406694
12:59:35.729 [main] DEBUG org.hibernate.type.BasicTypeRegistry - Adding type registration java.math.BigInteger -> org.hibernate.type.BigIntegerType@4e406694
12:59:35.731 [main] DEBUG org.hibernate.type.BasicTypeRegistry - Adding type registration string -> org.hibernate.type.StringType@15b986cd
12:59:35.731 [main] DEBUG org.hibernate.type.BasicTypeRegistry - Adding type registration java.lang.String -> org.hibernate.type.StringType@15b986cd
12:59:35.732 [main] DEBUG org.hibernate.type.BasicTypeRegistry - Adding type registration nstring -> org.hibernate.type.StringNVarcharType@678040b3
12:59:35.733 [main] DEBUG org.hibernate.type.BasicTypeRegistry - Adding type registration ncharacter -> org.hibernate.type.CharacterNCharType@2c0f7678
12:59:35.735 [main] DEBUG org.hibernate.type.BasicTypeRegistry - Adding type registration url -> org.hibernate.type.UrlType@88a8218
12:59:35.736 [main] DEBUG org.hibernate.type.BasicTypeRegistry - Adding type registration java.net.URL -> org.hibernate.type.UrlType@88a8218
12:59:35.739 [main] DEBUG org.hibernate.type.BasicTypeRegistry - Adding type registration date -> org.hibernate.type.DateType@7a9c84a5
12:59:35.739 [main] DEBUG org.hibernate.type.BasicTypeRegistry - Adding type registration java.sql.Date -> org.hibernate.type.DateType@7a9c84a5
12:59:35.741 [main] DEBUG org.hibernate.type.BasicTypeRegistry - Adding type registration time -> org.hibernate.type.TimeType@710b30ef
12:59:35.741 [main] DEBUG org.hibernate.type.BasicTypeRegistry - Adding type registration java.sql.Time -> org.hibernate.type.TimeType@710b30ef
12:59:35.743 [main] DEBUG org.hibernate.type.BasicTypeRegistry - Adding type registration timestamp -> org.hibernate.type.TimestampType@64711bf2
12:59:35.743 [main] DEBUG org.hibernate.type.BasicTypeRegistry - Adding type registration java.sql.Timestamp -> org.hibernate.type.TimestampType@64711bf2
12:59:35.743 [main] DEBUG org.hibernate.type.BasicTypeRegistry - Adding type registration java.util.Date -> org.hibernate.type.TimestampType@64711bf2
12:59:35.745 [main] DEBUG org.hibernate.type.BasicTypeRegistry - Adding type registration dbtimestamp -> org.hibernate.type.DbTimestampType@ceb4bd2
12:59:35.746 [main] DEBUG org.hibernate.type.BasicTypeRegistry - Adding type registration calendar -> org.hibernate.type.CalendarType@2ba45490
12:59:35.746 [main] DEBUG org.hibernate.type.BasicTypeRegistry - Adding type registration java.util.Calendar -> org.hibernate.type.CalendarType@2ba45490
12:59:35.746 [main] DEBUG org.hibernate.type.BasicTypeRegistry - Adding type registration java.util.GregorianCalendar -> org.hibernate.type.CalendarType@2ba45490
12:59:35.747 [main] DEBUG org.hibernate.type.BasicTypeRegistry - Adding type registration calendar_date -> org.hibernate.type.CalendarDateType@7af707e0
12:59:35.748 [main] DEBUG org.hibernate.type.BasicTypeRegistry - Adding type registration locale -> org.hibernate.type.LocaleType@3359c978
12:59:35.748 [main] DEBUG org.hibernate.type.BasicTypeRegistry - Adding type registration java.util.Locale -> org.hibernate.type.LocaleType@3359c978
12:59:35.748 [main] DEBUG org.hibernate.type.BasicTypeRegistry - Adding type registration currency -> org.hibernate.type.CurrencyType@68ace111
12:59:35.749 [main] DEBUG org.hibernate.type.BasicTypeRegistry - Adding type registration java.util.Currency -> org.hibernate.type.CurrencyType@68ace111
12:59:35.749 [main] DEBUG org.hibernate.type.BasicTypeRegistry - Adding type registration timezone -> org.hibernate.type.TimeZoneType@341a8659
12:59:35.749 [main] DEBUG org.hibernate.type.BasicTypeRegistry - Adding type registration java.util.TimeZone -> org.hibernate.type.TimeZoneType@341a8659
12:59:35.750 [main] DEBUG org.hibernate.type.BasicTypeRegistry - Adding type registration class -> org.hibernate.type.ClassType@2fb69ff6
12:59:35.750 [main] DEBUG org.hibernate.type.BasicTypeRegistry - Adding type registration java.lang.Class -> org.hibernate.type.ClassType@2fb69ff6
12:59:35.751 [main] DEBUG org.hibernate.type.BasicTypeRegistry - Adding type registration uuid-binary -> org.hibernate.type.UUIDBinaryType@27f3b6d6
12:59:35.751 [main] DEBUG org.hibernate.type.BasicTypeRegistry - Adding type registration java.util.UUID -> org.hibernate.type.UUIDBinaryType@27f3b6d6
12:59:35.752 [main] DEBUG org.hibernate.type.BasicTypeRegistry - Adding type registration uuid-char -> org.hibernate.type.UUIDCharType@676f0a60
12:59:35.753 [main] DEBUG org.hibernate.type.BasicTypeRegistry - Adding type registration pg-uuid -> org.hibernate.type.PostgresUUIDType@a53bb6f
12:59:35.754 [main] DEBUG org.hibernate.type.BasicTypeRegistry - Adding type registration binary -> org.hibernate.type.BinaryType@20921b9b
12:59:35.754 [main] DEBUG org.hibernate.type.BasicTypeRegistry - Adding type registration byte[] -> org.hibernate.type.BinaryType@20921b9b
12:59:35.754 [main] DEBUG org.hibernate.type.BasicTypeRegistry - Adding type registration [B -> org.hibernate.type.BinaryType@20921b9b
12:59:35.755 [main] DEBUG org.hibernate.type.BasicTypeRegistry - Adding type registration wrapper-binary -> org.hibernate.type.WrapperBinaryType@15fc442
12:59:35.755 [main] DEBUG org.hibernate.type.BasicTypeRegistry - Adding type registration Byte[] -> org.hibernate.type.WrapperBinaryType@15fc442
12:59:35.755 [main] DEBUG org.hibernate.type.BasicTypeRegistry - Adding type registration [Ljava.lang.Byte; -> org.hibernate.type.WrapperBinaryType@15fc442
12:59:35.756 [main] DEBUG org.hibernate.type.BasicTypeRegistry - Adding type registration image -> org.hibernate.type.ImageType@219f4597
12:59:35.757 [main] DEBUG org.hibernate.type.BasicTypeRegistry - Adding type registration characters -> org.hibernate.type.CharArrayType@42561fba
12:59:35.757 [main] DEBUG org.hibernate.type.BasicTypeRegistry - Adding type registration char[] -> org.hibernate.type.CharArrayType@42561fba
12:59:35.757 [main] DEBUG org.hibernate.type.BasicTypeRegistry - Adding type registration [C -> org.hibernate.type.CharArrayType@42561fba
12:59:35.759 [main] DEBUG org.hibernate.type.BasicTypeRegistry - Adding type registration wrapper-characters -> org.hibernate.type.CharacterArrayType@63a5d002
12:59:35.759 [main] DEBUG org.hibernate.type.BasicTypeRegistry - Adding type registration [Ljava.lang.Character; -> org.hibernate.type.CharacterArrayType@63a5d002
12:59:35.759 [main] DEBUG org.hibernate.type.BasicTypeRegistry - Adding type registration Character[] -> org.hibernate.type.CharacterArrayType@63a5d002
12:59:35.760 [main] DEBUG org.hibernate.type.BasicTypeRegistry - Adding type registration text -> org.hibernate.type.TextType@91c4a3f
12:59:35.760 [main] DEBUG org.hibernate.type.BasicTypeRegistry - Adding type registration ntext -> org.hibernate.type.NTextType@64d43929
12:59:35.765 [main] DEBUG org.hibernate.type.BasicTypeRegistry - Adding type registration blob -> org.hibernate.type.BlobType@49298ce7
12:59:35.765 [main] DEBUG org.hibernate.type.BasicTypeRegistry - Adding type registration java.sql.Blob -> org.hibernate.type.BlobType@49298ce7
12:59:35.765 [main] DEBUG org.hibernate.type.BasicTypeRegistry - Adding type registration materialized_blob -> org.hibernate.type.MaterializedBlobType@503fbbc6
12:59:35.770 [main] DEBUG org.hibernate.type.BasicTypeRegistry - Adding type registration clob -> org.hibernate.type.ClobType@9ec531
12:59:35.770 [main] DEBUG org.hibernate.type.BasicTypeRegistry - Adding type registration java.sql.Clob -> org.hibernate.type.ClobType@9ec531
12:59:35.776 [main] DEBUG org.hibernate.type.BasicTypeRegistry - Adding type registration nclob -> org.hibernate.type.NClobType@e044b4a
12:59:35.776 [main] DEBUG org.hibernate.type.BasicTypeRegistry - Adding type registration java.sql.NClob -> org.hibernate.type.NClobType@e044b4a
12:59:35.777 [main] DEBUG org.hibernate.type.BasicTypeRegistry - Adding type registration materialized_clob -> org.hibernate.type.MaterializedClobType@3ae66c85
12:59:35.778 [main] DEBUG org.hibernate.type.BasicTypeRegistry - Adding type registration materialized_nclob -> org.hibernate.type.MaterializedNClobType@73d6d0c
12:59:35.779 [main] DEBUG org.hibernate.type.BasicTypeRegistry - Adding type registration serializable -> org.hibernate.type.SerializableType@d2387c8
12:59:35.782 [main] DEBUG org.hibernate.type.BasicTypeRegistry - Adding type registration object -> org.hibernate.type.ObjectType@3569edd5
12:59:35.782 [main] DEBUG org.hibernate.type.BasicTypeRegistry - Adding type registration java.lang.Object -> org.hibernate.type.ObjectType@3569edd5
12:59:35.783 [main] DEBUG org.hibernate.type.BasicTypeRegistry - Adding type registration imm_date -> org.hibernate.type.AdaptedImmutableType@7a356a0d
12:59:35.784 [main] DEBUG org.hibernate.type.BasicTypeRegistry - Adding type registration imm_time -> org.hibernate.type.AdaptedImmutableType@c827db
12:59:35.784 [main] DEBUG org.hibernate.type.BasicTypeRegistry - Adding type registration imm_timestamp -> org.hibernate.type.AdaptedImmutableType@377c68c6
12:59:35.784 [main] DEBUG org.hibernate.type.BasicTypeRegistry - Adding type registration imm_dbtimestamp -> org.hibernate.type.AdaptedImmutableType@538cd0f2
12:59:35.784 [main] DEBUG org.hibernate.type.BasicTypeRegistry - Adding type registration imm_calendar -> org.hibernate.type.AdaptedImmutableType@238ad8c
12:59:35.784 [main] DEBUG org.hibernate.type.BasicTypeRegistry - Adding type registration imm_calendar_date -> org.hibernate.type.AdaptedImmutableType@430fa4ef
12:59:35.784 [main] DEBUG org.hibernate.type.BasicTypeRegistry - Adding type registration imm_binary -> org.hibernate.type.AdaptedImmutableType@1761de10
12:59:35.784 [main] DEBUG org.hibernate.type.BasicTypeRegistry - Adding type registration imm_serializable -> org.hibernate.type.AdaptedImmutableType@22df874e
12:59:35.807 [main] INFO  o.h.annotations.common.Version - HCANN000001: Hibernate Commons Annotations {4.0.5.Final}
12:59:35.822 [main] DEBUG o.h.i.f.i.DefaultIdentifierGeneratorFactory - Registering IdentifierGenerator strategy [uuid2] -> [org.hibernate.id.UUIDGenerator]
12:59:35.823 [main] DEBUG o.h.i.f.i.DefaultIdentifierGeneratorFactory - Registering IdentifierGenerator strategy [guid] -> [org.hibernate.id.GUIDGenerator]
12:59:35.823 [main] DEBUG o.h.i.f.i.DefaultIdentifierGeneratorFactory - Registering IdentifierGenerator strategy [uuid] -> [org.hibernate.id.UUIDHexGenerator]
12:59:35.824 [main] DEBUG o.h.i.f.i.DefaultIdentifierGeneratorFactory - Registering IdentifierGenerator strategy [uuid.hex] -> [org.hibernate.id.UUIDHexGenerator]
12:59:35.825 [main] DEBUG o.h.i.f.i.DefaultIdentifierGeneratorFactory - Registering IdentifierGenerator strategy [hilo] -> [org.hibernate.id.TableHiLoGenerator]
12:59:35.825 [main] DEBUG o.h.i.f.i.DefaultIdentifierGeneratorFactory - Registering IdentifierGenerator strategy [assigned] -> [org.hibernate.id.Assigned]
12:59:35.826 [main] DEBUG o.h.i.f.i.DefaultIdentifierGeneratorFactory - Registering IdentifierGenerator strategy [identity] -> [org.hibernate.id.IdentityGenerator]
12:59:35.830 [main] DEBUG o.h.i.f.i.DefaultIdentifierGeneratorFactory - Registering IdentifierGenerator strategy [select] -> [org.hibernate.id.SelectGenerator]
12:59:35.831 [main] DEBUG o.h.i.f.i.DefaultIdentifierGeneratorFactory - Registering IdentifierGenerator strategy [sequence] -> [org.hibernate.id.SequenceGenerator]
12:59:35.833 [main] DEBUG o.h.i.f.i.DefaultIdentifierGeneratorFactory - Registering IdentifierGenerator strategy [seqhilo] -> [org.hibernate.id.SequenceHiLoGenerator]
12:59:35.835 [main] DEBUG o.h.i.f.i.DefaultIdentifierGeneratorFactory - Registering IdentifierGenerator strategy [increment] -> [org.hibernate.id.IncrementGenerator]
12:59:35.836 [main] DEBUG o.h.i.f.i.DefaultIdentifierGeneratorFactory - Registering IdentifierGenerator strategy [foreign] -> [org.hibernate.id.ForeignGenerator]
12:59:35.837 [main] DEBUG o.h.i.f.i.DefaultIdentifierGeneratorFactory - Registering IdentifierGenerator strategy [sequence-identity] -> [org.hibernate.id.SequenceIdentityGenerator]
12:59:35.837 [main] DEBUG o.h.i.f.i.DefaultIdentifierGeneratorFactory - Registering IdentifierGenerator strategy [enhanced-sequence] -> [org.hibernate.id.enhanced.SequenceStyleGenerator]
12:59:35.838 [main] DEBUG o.h.i.f.i.DefaultIdentifierGeneratorFactory - Registering IdentifierGenerator strategy [enhanced-table] -> [org.hibernate.id.enhanced.TableGenerator]
12:59:35.845 [main] DEBUG org.hibernate.cfg.Configuration - Preparing to build session factory with filters : {}
12:59:35.872 [main] DEBUG o.s.j.d.SimpleDriverDataSource - Creating new JDBC Driver Connection to [jdbc:derby:memory:testdb;create=true]
12:59:35.878 [main] DEBUG o.h.e.jdbc.internal.JdbcServicesImpl - Database ->
       name : Apache Derby
    version : 10.10.2.0 - (1582446)
      major : 10
      minor : 10
12:59:35.879 [main] DEBUG o.h.e.jdbc.internal.JdbcServicesImpl - Driver ->
       name : Apache Derby Embedded JDBC Driver
    version : 10.10.2.0 - (1582446)
      major : 10
      minor : 10
12:59:35.879 [main] DEBUG o.h.e.jdbc.internal.JdbcServicesImpl - JDBC version : 4.2
12:59:35.880 [main] DEBUG o.h.e.j.c.i.StandardRefCursorSupport - Unexpected error trying to gauge level of JDBC REF_CURSOR support : null
12:59:36.236 [main] INFO  org.hibernate.dialect.Dialect - HHH000400: Using dialect: org.hibernate.dialect.DerbyTenSevenDialect
12:59:36.286 [main] DEBUG org.hibernate.cfg.Configuration - Processing hbm.xml files
12:59:36.286 [main] DEBUG org.hibernate.cfg.Configuration - Process annotated classes
12:59:36.289 [main] DEBUG org.hibernate.cfg.AnnotationBinder - Binding entity from annotated class: com.frenchies.tennisclub.entity.User
12:59:36.320 [main] DEBUG org.hibernate.cfg.Ejb3Column - Binding column: Ejb3DiscriminatorColumn{logicalColumnName'DTYPE', discriminatorTypeName='string'}
12:59:36.335 [main] DEBUG o.h.cfg.annotations.EntityBinder - Import with entity name User
12:59:36.341 [main] DEBUG o.h.cfg.annotations.EntityBinder - Bind entity com.frenchies.tennisclub.entity.User on table Users
12:59:36.377 [main] DEBUG org.hibernate.cfg.Ejb3Column - Binding column: Ejb3Column{table=org.hibernate.mapping.Table(Users), mappingColumn=id, insertable=true, updatable=true, unique=false}
12:59:36.379 [main] DEBUG o.h.cfg.annotations.PropertyBinder - MetadataSourceProcessor property id with lazy=false
12:59:36.381 [main] DEBUG o.h.cfg.AbstractPropertyHolder - Attempting to locate auto-apply AttributeConverter for property [com.frenchies.tennisclub.entity.User:id]
12:59:36.382 [main] DEBUG o.h.c.annotations.SimpleValueBinder - building SimpleValue for id
12:59:36.390 [main] DEBUG o.h.cfg.annotations.PropertyBinder - Building property id
12:59:36.397 [main] DEBUG org.hibernate.cfg.Ejb3Column - Binding column: Ejb3Column{table=org.hibernate.mapping.Table(Users), mappingColumn=admin, insertable=true, updatable=true, unique=false}
12:59:36.397 [main] DEBUG o.h.cfg.annotations.PropertyBinder - MetadataSourceProcessor property admin with lazy=false
12:59:36.397 [main] DEBUG o.h.cfg.AbstractPropertyHolder - Attempting to locate auto-apply AttributeConverter for property [com.frenchies.tennisclub.entity.User:admin]
12:59:36.397 [main] DEBUG o.h.c.annotations.SimpleValueBinder - building SimpleValue for admin
12:59:36.397 [main] DEBUG o.h.cfg.annotations.PropertyBinder - Building property admin
12:59:36.398 [main] DEBUG org.hibernate.cfg.Ejb3Column - Binding column: Ejb3Column{table=org.hibernate.mapping.Table(Users), mappingColumn=dateOfBirth, insertable=true, updatable=true, unique=false}
12:59:36.398 [main] DEBUG o.h.cfg.annotations.PropertyBinder - MetadataSourceProcessor property dateOfBirth with lazy=false
12:59:36.398 [main] DEBUG o.h.cfg.AbstractPropertyHolder - Attempting to locate auto-apply AttributeConverter for property [com.frenchies.tennisclub.entity.User:dateOfBirth]
12:59:36.398 [main] DEBUG o.h.c.annotations.SimpleValueBinder - building SimpleValue for dateOfBirth
12:59:36.399 [main] DEBUG o.h.cfg.annotations.PropertyBinder - Building property dateOfBirth
12:59:36.403 [main] DEBUG org.hibernate.cfg.Ejb3Column - Binding column: Ejb3Column{table=org.hibernate.mapping.Table(Users), mappingColumn=login, insertable=true, updatable=true, unique=false}
12:59:36.404 [main] DEBUG o.h.cfg.annotations.PropertyBinder - MetadataSourceProcessor property login with lazy=false
12:59:36.404 [main] DEBUG o.h.cfg.AbstractPropertyHolder - Attempting to locate auto-apply AttributeConverter for property [com.frenchies.tennisclub.entity.User:login]
12:59:36.404 [main] DEBUG o.h.c.annotations.SimpleValueBinder - building SimpleValue for login
12:59:36.404 [main] DEBUG o.h.cfg.annotations.PropertyBinder - Building property login
12:59:36.405 [main] DEBUG org.hibernate.cfg.Ejb3Column - Binding column: Ejb3Column{table=org.hibernate.mapping.Table(Users), mappingColumn=mail, insertable=true, updatable=true, unique=true}
12:59:36.405 [main] DEBUG o.h.cfg.annotations.PropertyBinder - MetadataSourceProcessor property mail with lazy=false
12:59:36.406 [main] DEBUG o.h.cfg.AbstractPropertyHolder - Attempting to locate auto-apply AttributeConverter for property [com.frenchies.tennisclub.entity.User:mail]
12:59:36.406 [main] DEBUG o.h.c.annotations.SimpleValueBinder - building SimpleValue for mail
12:59:36.406 [main] DEBUG o.h.cfg.annotations.PropertyBinder - Building property mail
12:59:36.407 [main] DEBUG org.hibernate.cfg.Ejb3Column - Binding column: Ejb3Column{table=org.hibernate.mapping.Table(Users), mappingColumn=name, insertable=true, updatable=true, unique=false}
12:59:36.410 [main] DEBUG o.h.cfg.annotations.PropertyBinder - MetadataSourceProcessor property name with lazy=false
12:59:36.410 [main] DEBUG o.h.cfg.AbstractPropertyHolder - Attempting to locate auto-apply AttributeConverter for property [com.frenchies.tennisclub.entity.User:name]
12:59:36.410 [main] DEBUG o.h.c.annotations.SimpleValueBinder - building SimpleValue for name
12:59:36.412 [main] DEBUG o.h.cfg.annotations.PropertyBinder - Building property name
12:59:36.416 [main] DEBUG org.hibernate.cfg.Ejb3Column - Binding column: Ejb3Column{table=org.hibernate.mapping.Table(Users), mappingColumn=passwordHash, insertable=true, updatable=true, unique=false}
12:59:36.417 [main] DEBUG o.h.cfg.annotations.PropertyBinder - MetadataSourceProcessor property passwordHash with lazy=false
12:59:36.417 [main] DEBUG o.h.cfg.AbstractPropertyHolder - Attempting to locate auto-apply AttributeConverter for property [com.frenchies.tennisclub.entity.User:passwordHash]
12:59:36.417 [main] DEBUG o.h.c.annotations.SimpleValueBinder - building SimpleValue for passwordHash
12:59:36.417 [main] DEBUG o.h.cfg.annotations.PropertyBinder - Building property passwordHash
12:59:36.418 [main] DEBUG org.hibernate.cfg.Ejb3Column - Binding column: Ejb3Column{table=org.hibernate.mapping.Table(Users), mappingColumn=phone, insertable=true, updatable=true, unique=false}
12:59:36.418 [main] DEBUG o.h.cfg.annotations.PropertyBinder - MetadataSourceProcessor property phone with lazy=false
12:59:36.418 [main] DEBUG o.h.cfg.AbstractPropertyHolder - Attempting to locate auto-apply AttributeConverter for property [com.frenchies.tennisclub.entity.User:phone]
12:59:36.418 [main] DEBUG o.h.c.annotations.SimpleValueBinder - building SimpleValue for phone
12:59:36.418 [main] DEBUG o.h.cfg.annotations.PropertyBinder - Building property phone
12:59:36.419 [main] DEBUG org.hibernate.cfg.Ejb3Column - Binding column: Ejb3Column{table=org.hibernate.mapping.Table(Users), mappingColumn=surname, insertable=true, updatable=true, unique=false}
12:59:36.420 [main] DEBUG o.h.cfg.annotations.PropertyBinder - MetadataSourceProcessor property surname with lazy=false
12:59:36.420 [main] DEBUG o.h.cfg.AbstractPropertyHolder - Attempting to locate auto-apply AttributeConverter for property [com.frenchies.tennisclub.entity.User:surname]
12:59:36.420 [main] DEBUG o.h.c.annotations.SimpleValueBinder - building SimpleValue for surname
12:59:36.420 [main] DEBUG o.h.cfg.annotations.PropertyBinder - Building property surname
12:59:36.422 [main] DEBUG org.hibernate.cfg.AnnotationBinder - Binding entity from annotated class: com.frenchies.tennisclub.entity.Booking
12:59:36.426 [main] DEBUG org.hibernate.cfg.Ejb3Column - Binding column: Ejb3DiscriminatorColumn{logicalColumnName'DTYPE', discriminatorTypeName='string'}
12:59:36.426 [main] DEBUG o.h.cfg.annotations.EntityBinder - Import with entity name Booking
12:59:36.426 [main] DEBUG o.h.cfg.annotations.EntityBinder - Bind entity com.frenchies.tennisclub.entity.Booking on table Booking
12:59:36.430 [main] DEBUG org.hibernate.cfg.Ejb3Column - Binding column: Ejb3Column{table=org.hibernate.mapping.Table(Booking), mappingColumn=idBooking, insertable=true, updatable=true, unique=false}
12:59:36.430 [main] DEBUG o.h.cfg.annotations.PropertyBinder - MetadataSourceProcessor property idBooking with lazy=false
12:59:36.431 [main] DEBUG o.h.cfg.AbstractPropertyHolder - Attempting to locate auto-apply AttributeConverter for property [com.frenchies.tennisclub.entity.Booking:idBooking]
12:59:36.431 [main] DEBUG o.h.c.annotations.SimpleValueBinder - building SimpleValue for idBooking
12:59:36.431 [main] DEBUG o.h.cfg.annotations.PropertyBinder - Building property idBooking
12:59:36.431 [main] DEBUG org.hibernate.cfg.Ejb3Column - Binding column: Ejb3Column{table=org.hibernate.mapping.Table(Booking), mappingColumn=dateOfBooking, insertable=true, updatable=true, unique=false}
12:59:36.431 [main] DEBUG o.h.cfg.annotations.PropertyBinder - MetadataSourceProcessor property dateOfBooking with lazy=false
12:59:36.431 [main] DEBUG o.h.cfg.AbstractPropertyHolder - Attempting to locate auto-apply AttributeConverter for property [com.frenchies.tennisclub.entity.Booking:dateOfBooking]
12:59:36.431 [main] DEBUG o.h.c.annotations.SimpleValueBinder - building SimpleValue for dateOfBooking
12:59:36.431 [main] DEBUG o.h.cfg.annotations.PropertyBinder - Building property dateOfBooking
12:59:36.431 [main] DEBUG org.hibernate.cfg.Ejb3Column - Binding column: Ejb3Column{table=org.hibernate.mapping.Table(Booking), mappingColumn=hourOfBooking, insertable=true, updatable=true, unique=false}
12:59:36.431 [main] DEBUG o.h.cfg.annotations.PropertyBinder - MetadataSourceProcessor property hourOfBooking with lazy=false
12:59:36.432 [main] DEBUG o.h.cfg.AbstractPropertyHolder - Attempting to locate auto-apply AttributeConverter for property [com.frenchies.tennisclub.entity.Booking:hourOfBooking]
12:59:36.433 [main] DEBUG o.h.c.annotations.SimpleValueBinder - building SimpleValue for hourOfBooking
12:59:36.434 [main] DEBUG o.h.cfg.annotations.PropertyBinder - Building property hourOfBooking
12:59:36.434 [main] DEBUG org.hibernate.cfg.Ejb3Column - Binding column: Ejb3Column{table=org.hibernate.mapping.Table(Booking), mappingColumn=idCourt, insertable=true, updatable=true, unique=false}
12:59:36.434 [main] DEBUG o.h.cfg.annotations.PropertyBinder - MetadataSourceProcessor property idCourt with lazy=false
12:59:36.434 [main] DEBUG o.h.cfg.AbstractPropertyHolder - Attempting to locate auto-apply AttributeConverter for property [com.frenchies.tennisclub.entity.Booking:idCourt]
12:59:36.434 [main] DEBUG o.h.c.annotations.SimpleValueBinder - building SimpleValue for idCourt
12:59:36.434 [main] DEBUG o.h.cfg.annotations.PropertyBinder - Building property idCourt
12:59:36.435 [main] DEBUG org.hibernate.cfg.Ejb3Column - Binding column: Ejb3JoinColumn{logicalColumnName='null', referencedColumn='null', mappedBy='null'}
12:59:36.435 [main] DEBUG org.hibernate.cfg.Ejb3Column - Binding column: Ejb3Column{table=org.hibernate.mapping.Table(Booking), mappingColumn=user1, insertable=true, updatable=true, unique=false}
12:59:36.437 [main] DEBUG o.h.cfg.annotations.PropertyBinder - Building property user1
12:59:36.438 [main] DEBUG org.hibernate.cfg.Ejb3Column - Binding column: Ejb3JoinColumn{logicalColumnName='null', referencedColumn='null', mappedBy='null'}
12:59:36.438 [main] DEBUG org.hibernate.cfg.Ejb3Column - Binding column: Ejb3Column{table=org.hibernate.mapping.Table(Booking), mappingColumn=user2, insertable=true, updatable=true, unique=false}
12:59:36.439 [main] DEBUG o.h.cfg.annotations.PropertyBinder - Building property user2
12:59:36.439 [main] DEBUG org.hibernate.cfg.AnnotationBinder - Binding entity from annotated class: com.frenchies.tennisclub.entity.Court
12:59:36.439 [main] DEBUG org.hibernate.cfg.Ejb3Column - Binding column: Ejb3DiscriminatorColumn{logicalColumnName'DTYPE', discriminatorTypeName='string'}
12:59:36.439 [main] DEBUG o.h.cfg.annotations.EntityBinder - Import with entity name Court
12:59:36.439 [main] DEBUG o.h.cfg.annotations.EntityBinder - Bind entity com.frenchies.tennisclub.entity.Court on table Court
12:59:36.440 [main] DEBUG org.hibernate.cfg.Ejb3Column - Binding column: Ejb3Column{table=org.hibernate.mapping.Table(Court), mappingColumn=idCourt, insertable=true, updatable=true, unique=false}
12:59:36.441 [main] DEBUG o.h.cfg.annotations.PropertyBinder - MetadataSourceProcessor property idCourt with lazy=false
12:59:36.441 [main] DEBUG o.h.cfg.AbstractPropertyHolder - Attempting to locate auto-apply AttributeConverter for property [com.frenchies.tennisclub.entity.Court:idCourt]
12:59:36.441 [main] DEBUG o.h.c.annotations.SimpleValueBinder - building SimpleValue for idCourt
12:59:36.441 [main] DEBUG o.h.cfg.annotations.PropertyBinder - Building property idCourt
12:59:36.441 [main] DEBUG org.hibernate.cfg.Ejb3Column - Binding column: Ejb3Column{table=org.hibernate.mapping.Table(Court), mappingColumn=latitude, insertable=true, updatable=true, unique=false}
12:59:36.441 [main] DEBUG o.h.cfg.annotations.PropertyBinder - MetadataSourceProcessor property latitude with lazy=false
12:59:36.441 [main] DEBUG o.h.cfg.AbstractPropertyHolder - Attempting to locate auto-apply AttributeConverter for property [com.frenchies.tennisclub.entity.Court:latitude]
12:59:36.441 [main] DEBUG o.h.c.annotations.SimpleValueBinder - building SimpleValue for latitude
12:59:36.441 [main] DEBUG o.h.cfg.annotations.PropertyBinder - Building property latitude
12:59:36.441 [main] DEBUG org.hibernate.cfg.Ejb3Column - Binding column: Ejb3Column{table=org.hibernate.mapping.Table(Court), mappingColumn=longitude, insertable=true, updatable=true, unique=false}
12:59:36.441 [main] DEBUG o.h.cfg.annotations.PropertyBinder - MetadataSourceProcessor property longitude with lazy=false
12:59:36.441 [main] DEBUG o.h.cfg.AbstractPropertyHolder - Attempting to locate auto-apply AttributeConverter for property [com.frenchies.tennisclub.entity.Court:longitude]
12:59:36.442 [main] DEBUG o.h.c.annotations.SimpleValueBinder - building SimpleValue for longitude
12:59:36.442 [main] DEBUG o.h.cfg.annotations.PropertyBinder - Building property longitude
12:59:36.442 [main] DEBUG org.hibernate.cfg.Ejb3Column - Binding column: Ejb3Column{table=org.hibernate.mapping.Table(Court), mappingColumn=status, insertable=true, updatable=true, unique=false}
12:59:36.442 [main] DEBUG o.h.cfg.annotations.PropertyBinder - MetadataSourceProcessor property status with lazy=false
12:59:36.442 [main] DEBUG o.h.cfg.AbstractPropertyHolder - Attempting to locate auto-apply AttributeConverter for property [com.frenchies.tennisclub.entity.Court:status]
12:59:36.442 [main] DEBUG o.h.c.annotations.SimpleValueBinder - building SimpleValue for status
12:59:36.442 [main] DEBUG o.h.cfg.annotations.PropertyBinder - Building property status
12:59:36.442 [main] DEBUG org.hibernate.cfg.Ejb3Column - Binding column: Ejb3Column{table=org.hibernate.mapping.Table(Court), mappingColumn=type, insertable=true, updatable=true, unique=false}
12:59:36.442 [main] DEBUG o.h.cfg.annotations.PropertyBinder - MetadataSourceProcessor property type with lazy=false
12:59:36.442 [main] DEBUG o.h.cfg.AbstractPropertyHolder - Attempting to locate auto-apply AttributeConverter for property [com.frenchies.tennisclub.entity.Court:type]
12:59:36.442 [main] DEBUG o.h.c.annotations.SimpleValueBinder - building SimpleValue for type
12:59:36.443 [main] DEBUG o.h.cfg.annotations.PropertyBinder - Building property type
12:59:36.443 [main] DEBUG o.h.c.annotations.SimpleValueBinder - Starting fillSimpleValue for id
12:59:36.443 [main] DEBUG o.h.c.annotations.SimpleValueBinder - Starting fillSimpleValue for admin
12:59:36.443 [main] DEBUG o.h.c.annotations.SimpleValueBinder - Starting fillSimpleValue for dateOfBirth
12:59:36.443 [main] DEBUG o.h.c.annotations.SimpleValueBinder - Starting fillSimpleValue for login
12:59:36.443 [main] DEBUG o.h.c.annotations.SimpleValueBinder - Starting fillSimpleValue for mail
12:59:36.444 [main] DEBUG o.h.c.annotations.SimpleValueBinder - Starting fillSimpleValue for name
12:59:36.444 [main] DEBUG o.h.c.annotations.SimpleValueBinder - Starting fillSimpleValue for passwordHash
12:59:36.444 [main] DEBUG o.h.c.annotations.SimpleValueBinder - Starting fillSimpleValue for phone
12:59:36.444 [main] DEBUG o.h.c.annotations.SimpleValueBinder - Starting fillSimpleValue for surname
12:59:36.444 [main] DEBUG o.h.c.annotations.SimpleValueBinder - Starting fillSimpleValue for idBooking
12:59:36.444 [main] DEBUG o.h.c.annotations.SimpleValueBinder - Starting fillSimpleValue for dateOfBooking
12:59:36.444 [main] DEBUG o.h.c.annotations.SimpleValueBinder - Starting fillSimpleValue for hourOfBooking
12:59:36.445 [main] DEBUG o.h.c.annotations.SimpleValueBinder - Starting fillSimpleValue for idCourt
12:59:36.445 [main] DEBUG o.h.c.annotations.SimpleValueBinder - Starting fillSimpleValue for idCourt
12:59:36.445 [main] DEBUG o.h.c.annotations.SimpleValueBinder - Starting fillSimpleValue for latitude
12:59:36.445 [main] DEBUG o.h.c.annotations.SimpleValueBinder - Starting fillSimpleValue for longitude
12:59:36.445 [main] DEBUG o.h.c.annotations.SimpleValueBinder - Starting fillSimpleValue for status
12:59:36.445 [main] DEBUG o.h.c.annotations.SimpleValueBinder - Starting fillSimpleValue for type
12:59:36.446 [main] DEBUG org.hibernate.cfg.Configuration - Processing fk mappings (*ToOne and JoinedSubclass)
12:59:36.461 [main] DEBUG org.hibernate.cfg.Configuration - Processing extends queue
12:59:36.461 [main] DEBUG org.hibernate.cfg.Configuration - Processing extends queue
12:59:36.461 [main] DEBUG org.hibernate.cfg.Configuration - Processing collection mappings
12:59:36.461 [main] DEBUG org.hibernate.cfg.Configuration - Processing native query and ResultSetMapping mappings
12:59:36.461 [main] DEBUG org.hibernate.cfg.Configuration - Processing association property references
12:59:36.461 [main] DEBUG org.hibernate.cfg.Configuration - Creating tables' unique integer identifiers
12:59:36.461 [main] DEBUG org.hibernate.cfg.Configuration - Processing foreign key constraints
12:59:36.462 [main] DEBUG org.hibernate.cfg.Configuration - Resolving reference to class: com.frenchies.tennisclub.entity.User
12:59:36.462 [main] DEBUG org.hibernate.cfg.Configuration - Resolving reference to class: com.frenchies.tennisclub.entity.User
12:59:36.466 [main] DEBUG o.h.e.t.j.p.i.JtaPlatformInitiator - No JtaPlatform was specified, checking resolver
12:59:36.467 [main] DEBUG o.h.e.t.j.p.i.JtaPlatformResolverInitiator - No JtaPlatformResolver was specified, using default [org.hibernate.engine.transaction.jta.platform.internal.StandardJtaPlatformResolver]
12:59:36.469 [main] DEBUG o.h.e.t.j.p.i.StandardJtaPlatformResolver - Could not resolve JtaPlatform, using default [org.hibernate.engine.transaction.jta.platform.internal.NoJtaPlatform]
12:59:36.472 [main] DEBUG org.hibernate.cfg.SettingsFactory - Automatic flush during beforeCompletion(): disabled
12:59:36.472 [main] DEBUG org.hibernate.cfg.SettingsFactory - Automatic session close at end of transaction: disabled
12:59:36.472 [main] DEBUG org.hibernate.cfg.SettingsFactory - Scrollable result sets: enabled
12:59:36.472 [main] DEBUG org.hibernate.cfg.SettingsFactory - Wrap result sets: disabled
12:59:36.472 [main] DEBUG org.hibernate.cfg.SettingsFactory - JDBC3 getGeneratedKeys(): disabled
12:59:36.472 [main] DEBUG org.hibernate.cfg.SettingsFactory - multi-tenancy strategy : NONE
12:59:36.472 [main] DEBUG org.hibernate.cfg.SettingsFactory - Connection release mode: auto
12:59:36.474 [main] DEBUG org.hibernate.cfg.SettingsFactory - Using BatchFetchStyle : LEGACY
12:59:36.475 [main] DEBUG org.hibernate.cfg.SettingsFactory - Default batch fetch size: 1
12:59:36.475 [main] DEBUG org.hibernate.cfg.SettingsFactory - Generate SQL with comments: disabled
12:59:36.475 [main] DEBUG org.hibernate.cfg.SettingsFactory - Order SQL updates by primary key: disabled
12:59:36.475 [main] DEBUG org.hibernate.cfg.SettingsFactory - Order SQL inserts for batching: disabled
12:59:36.475 [main] DEBUG org.hibernate.cfg.SettingsFactory - Default null ordering: none
12:59:36.475 [main] DEBUG org.hibernate.cfg.SettingsFactory - Query translator: org.hibernate.hql.internal.ast.ASTQueryTranslatorFactory
12:59:36.477 [main] INFO  o.h.h.i.a.ASTQueryTranslatorFactory - HHH000397: Using ASTQueryTranslatorFactory
12:59:36.477 [main] DEBUG org.hibernate.cfg.SettingsFactory - Query language substitutions: {}
12:59:36.477 [main] DEBUG org.hibernate.cfg.SettingsFactory - JPA-QL strict compliance: disabled
12:59:36.477 [main] DEBUG org.hibernate.cfg.SettingsFactory - Second-level cache: enabled
12:59:36.477 [main] DEBUG org.hibernate.cfg.SettingsFactory - Query cache: disabled
12:59:36.478 [main] DEBUG o.h.c.i.RegionFactoryInitiator - Cache region factory : org.hibernate.cache.internal.NoCachingRegionFactory
12:59:36.481 [main] DEBUG org.hibernate.cfg.SettingsFactory - Optimize cache for minimal puts: disabled
12:59:36.481 [main] DEBUG org.hibernate.cfg.SettingsFactory - Structured second-level cache entries: disabled
12:59:36.481 [main] DEBUG org.hibernate.cfg.SettingsFactory - Second-level cache direct-reference entries: disabled
12:59:36.481 [main] DEBUG org.hibernate.cfg.SettingsFactory - Automatic eviction of collection cache: disabled
12:59:36.482 [main] DEBUG org.hibernate.cfg.SettingsFactory - Statistics: disabled
12:59:36.482 [main] DEBUG org.hibernate.cfg.SettingsFactory - Deleted entity synthetic identifier rollback: disabled
12:59:36.482 [main] DEBUG org.hibernate.cfg.SettingsFactory - Default entity-mode: pojo
12:59:36.482 [main] DEBUG org.hibernate.cfg.SettingsFactory - Named query checking : enabled
12:59:36.482 [main] DEBUG org.hibernate.cfg.SettingsFactory - Check Nullability in Core (should be disabled when Bean Validation is on): enabled
12:59:36.482 [main] DEBUG org.hibernate.cfg.SettingsFactory - Allow initialization of lazy state outside session : : disabled
12:59:36.482 [main] DEBUG org.hibernate.cfg.SettingsFactory - JTA Track by Thread: enabled
12:59:36.493 [main] DEBUG o.h.internal.SessionFactoryImpl - Building session factory
12:59:36.500 [main] DEBUG o.h.internal.SessionFactoryImpl - Session factory constructed with filter configurations : {}
12:59:36.500 [main] DEBUG o.h.internal.SessionFactoryImpl - Instantiating session factory with properties: {java.runtime.name=OpenJDK Runtime Environment, hibernate.cache.provider_class=org.hibernate.cache.NoCacheProvider, sun.boot.library.path=/usr/lib/jvm/java-8-openjdk-amd64/jre/lib/amd64, java.vm.version=25.151-b12, java.vm.vendor=Oracle Corporation, java.vendor.url=http://java.oracle.com/, path.separator=:, java.vm.name=OpenJDK 64-Bit Server VM, file.encoding.pkg=sun.io, user.country=US, sun.java.launcher=SUN_STANDARD, sun.os.patch.level=unknown, java.vm.specification.name=Java Virtual Machine Specification, user.dir=/home/val/Documents/M2_Masaryk/Java/Seminars/project/tennisClub/tennisclubproject/tennisclub-service, javax.persistence.sharedCache.mode=UNSPECIFIED, java.runtime.version=1.8.0_151-8u151-b12-0ubuntu0.16.04.2-b12, java.awt.graphicsenv=sun.awt.X11GraphicsEnvironment, basedir=/home/val/Documents/M2_Masaryk/Java/Seminars/project/tennisClub/tennisclubproject/tennisclub-service, java.endorsed.dirs=/usr/lib/jvm/java-8-openjdk-amd64/jre/lib/endorsed, os.arch=amd64, surefire.real.class.path=/home/val/Documents/M2_Masaryk/Java/Seminars/project/tennisClub/tennisclubproject/tennisclub-service/target/surefire/surefirebooter381805524901770889.jar, java.io.tmpdir=/tmp, line.separator=
, java.vm.specification.vendor=Oracle Corporation, os.name=Linux, sun.jnu.encoding=UTF-8, java.library.path=/usr/java/packages/lib/amd64:/usr/lib/x86_64-linux-gnu/jni:/lib/x86_64-linux-gnu:/usr/lib/x86_64-linux-gnu:/usr/lib/jni:/lib:/usr/lib, surefire.test.class.path=/home/val/Documents/M2_Masaryk/Java/Seminars/project/tennisClub/tennisclubproject/tennisclub-service/target/test-classes:/home/val/Documents/M2_Masaryk/Java/Seminars/project/tennisClub/tennisclubproject/tennisclub-service/target/classes:/home/val/.m2/repository/org/testng/testng/6.8.8/testng-6.8.8.jar:/home/val/.m2/repository/org/beanshell/bsh/2.0b4/bsh-2.0b4.jar:/home/val/.m2/repository/com/beust/jcommander/1.35/jcommander-1.35.jar:/home/val/Documents/M2_Masaryk/Java/Seminars/project/tennisClub/tennisclubproject/tennisclub-api/target/tennisclub-api-1.0-SNAPSHOT.jar:/home/val/.m2/repository/javax/validation/validation-api/1.1.0.Final/validation-api-1.1.0.Final.jar:/home/val/Documents/M2_Masaryk/Java/Seminars/project/tennisClub/tennisclubproject/tennisclub-persistence/target/tennisclub-persistence-1.0-SNAPSHOT.jar:/home/val/.m2/repository/org/springframework/spring-test/4.1.8.RELEASE/spring-test-4.1.8.RELEASE.jar:/home/val/.m2/repository/org/springframework/spring-orm/4.1.8.RELEASE/spring-orm-4.1.8.RELEASE.jar:/home/val/.m2/repository/org/springframework/spring-beans/4.1.8.RELEASE/spring-beans-4.1.8.RELEASE.jar:/home/val/.m2/repository/org/springframework/spring-jdbc/4.1.8.RELEASE/spring-jdbc-4.1.8.RELEASE.jar:/home/val/.m2/repository/org/springframework/spring-tx/4.1.8.RELEASE/spring-tx-4.1.8.RELEASE.jar:/home/val/.m2/repository/org/springframework/data/spring-data-jpa/1.7.4.RELEASE/spring-data-jpa-1.7.4.RELEASE.jar:/home/val/.m2/repository/org/springframework/data/spring-data-commons/1.9.4.RELEASE/spring-data-commons-1.9.4.RELEASE.jar:/home/val/.m2/repository/org/springframework/spring-aop/4.1.8.RELEASE/spring-aop-4.1.8.RELEASE.jar:/home/val/.m2/repository/aopalliance/aopalliance/1.0/aopalliance-1.0.jar:/home/val/.m2/repository/org/aspectj/aspectjrt/1.8.7/aspectjrt-1.8.7.jar:/home/val/.m2/repository/org/hibernate/hibernate-entitymanager/4.3.11.Final/hibernate-entitymanager-4.3.11.Final.jar:/home/val/.m2/repository/org/jboss/logging/jboss-logging/3.1.3.GA/jboss-logging-3.1.3.GA.jar:/home/val/.m2/repository/org/jboss/logging/jboss-logging-annotations/1.2.0.Beta1/jboss-logging-annotations-1.2.0.Beta1.jar:/home/val/.m2/repository/org/hibernate/hibernate-core/4.3.11.Final/hibernate-core-4.3.11.Final.jar:/home/val/.m2/repository/antlr/antlr/2.7.7/antlr-2.7.7.jar:/home/val/.m2/repository/org/jboss/jandex/1.1.0.Final/jandex-1.1.0.Final.jar:/home/val/.m2/repository/dom4j/dom4j/1.6.1/dom4j-1.6.1.jar:/home/val/.m2/repository/xml-apis/xml-apis/1.0.b2/xml-apis-1.0.b2.jar:/home/val/.m2/repository/org/hibernate/common/hibernate-commons-annotations/4.0.5.Final/hibernate-commons-annotations-4.0.5.Final.jar:/home/val/.m2/repository/org/hibernate/javax/persistence/hibernate-jpa-2.1-api/1.0.0.Final/hibernate-jpa-2.1-api-1.0.0.Final.jar:/home/val/.m2/repository/org/jboss/spec/javax/transaction/jboss-transaction-api_1.2_spec/1.0.0.Final/jboss-transaction-api_1.2_spec-1.0.0.Final.jar:/home/val/.m2/repository/org/javassist/javassist/3.18.1-GA/javassist-3.18.1-GA.jar:/home/val/.m2/repository/org/hibernate/hibernate-validator/5.1.3.Final/hibernate-validator-5.1.3.Final.jar:/home/val/.m2/repository/com/fasterxml/classmate/1.0.0/classmate-1.0.0.jar:/home/val/.m2/repository/cz/fi/muni/pa165/eshop-api/1.0-SNAPSHOT/eshop-api-1.0-SNAPSHOT.jar:/home/val/.m2/repository/org/springframework/spring-context/4.1.8.RELEASE/spring-context-4.1.8.RELEASE.jar:/home/val/.m2/repository/org/springframework/spring-expression/4.1.8.RELEASE/spring-expression-4.1.8.RELEASE.jar:/home/val/.m2/repository/org/springframework/spring-core/4.1.8.RELEASE/spring-core-4.1.8.RELEASE.jar:/home/val/.m2/repository/org/slf4j/slf4j-api/1.7.12/slf4j-api-1.7.12.jar:/home/val/.m2/repository/org/slf4j/jcl-over-slf4j/1.7.12/jcl-over-slf4j-1.7.12.jar:/home/val/.m2/repository/org/apache/derby/derby/10.10.2.0/derby-10.10.2.0.jar:/home/val/.m2/repository/javax/inject/javax.inject/1/javax.inject-1.jar:/home/val/.m2/repository/javax/enterprise/cdi-api/1.2/cdi-api-1.2.jar:/home/val/.m2/repository/javax/el/javax.el-api/2.2.5/javax.el-api-2.2.5.jar:/home/val/.m2/repository/javax/interceptor/javax.interceptor-api/1.2/javax.interceptor-api-1.2.jar:/home/val/.m2/repository/net/sf/dozer/dozer/5.5.1/dozer-5.5.1.jar:/home/val/.m2/repository/commons-beanutils/commons-beanutils/1.9.2/commons-beanutils-1.9.2.jar:/home/val/.m2/repository/commons-collections/commons-collections/3.2.1/commons-collections-3.2.1.jar:/home/val/.m2/repository/org/apache/commons/commons-lang3/3.3.2/commons-lang3-3.3.2.jar:/home/val/.m2/repository/org/mockito/mockito-all/2.0.2-beta/mockito-all-2.0.2-beta.jar:/home/val/.m2/repository/ch/qos/logback/logback-classic/1.1.3/logback-classic-1.1.3.jar:/home/val/.m2/repository/ch/qos/logback/logback-core/1.1.3/logback-core-1.1.3.jar:/home/val/.m2/repository/org/apache/maven/surefire/surefire-testng-utils/2.17/surefire-testng-utils-2.17.jar:/home/val/.m2/repository/org/apache/maven/surefire/surefire-grouper/2.17/surefire-grouper-2.17.jar:, hibernate.ejb.persistenceUnitName=default, java.specification.name=Java Platform API Specification, java.class.version=52.0, sun.management.compiler=HotSpot 64-Bit Tiered Compilers, os.version=4.10.0-38-generic, user.home=/home/val, user.timezone=Europe/Prague, java.awt.printerjob=sun.print.PSPrinterJob, java.specification.version=1.8, file.encoding=UTF-8, javax.persistence.nonJtaDataSource=org.springframework.jdbc.datasource.embedded.EmbeddedDatabaseFactory$EmbeddedDataSourceProxy@25ddbbbb, hibernate.format_sql=true, hibernate.connection.driver_class=org.apache.derby.jdbc.EmbeddedDriver, user.name=val, java.class.path=/home/val/Documents/M2_Masaryk/Java/Seminars/project/tennisClub/tennisclubproject/tennisclub-service/target/test-classes:/home/val/Documents/M2_Masaryk/Java/Seminars/project/tennisClub/tennisclubproject/tennisclub-service/target/classes:/home/val/.m2/repository/org/testng/testng/6.8.8/testng-6.8.8.jar:/home/val/.m2/repository/org/beanshell/bsh/2.0b4/bsh-2.0b4.jar:/home/val/.m2/repository/com/beust/jcommander/1.35/jcommander-1.35.jar:/home/val/Documents/M2_Masaryk/Java/Seminars/project/tennisClub/tennisclubproject/tennisclub-api/target/tennisclub-api-1.0-SNAPSHOT.jar:/home/val/.m2/repository/javax/validation/validation-api/1.1.0.Final/validation-api-1.1.0.Final.jar:/home/val/Documents/M2_Masaryk/Java/Seminars/project/tennisClub/tennisclubproject/tennisclub-persistence/target/tennisclub-persistence-1.0-SNAPSHOT.jar:/home/val/.m2/repository/org/springframework/spring-test/4.1.8.RELEASE/spring-test-4.1.8.RELEASE.jar:/home/val/.m2/repository/org/springframework/spring-orm/4.1.8.RELEASE/spring-orm-4.1.8.RELEASE.jar:/home/val/.m2/repository/org/springframework/spring-beans/4.1.8.RELEASE/spring-beans-4.1.8.RELEASE.jar:/home/val/.m2/repository/org/springframework/spring-jdbc/4.1.8.RELEASE/spring-jdbc-4.1.8.RELEASE.jar:/home/val/.m2/repository/org/springframework/spring-tx/4.1.8.RELEASE/spring-tx-4.1.8.RELEASE.jar:/home/val/.m2/repository/org/springframework/data/spring-data-jpa/1.7.4.RELEASE/spring-data-jpa-1.7.4.RELEASE.jar:/home/val/.m2/repository/org/springframework/data/spring-data-commons/1.9.4.RELEASE/spring-data-commons-1.9.4.RELEASE.jar:/home/val/.m2/repository/org/springframework/spring-aop/4.1.8.RELEASE/spring-aop-4.1.8.RELEASE.jar:/home/val/.m2/repository/aopalliance/aopalliance/1.0/aopalliance-1.0.jar:/home/val/.m2/repository/org/aspectj/aspectjrt/1.8.7/aspectjrt-1.8.7.jar:/home/val/.m2/repository/org/hibernate/hibernate-entitymanager/4.3.11.Final/hibernate-entitymanager-4.3.11.Final.jar:/home/val/.m2/repository/org/jboss/logging/jboss-logging/3.1.3.GA/jboss-logging-3.1.3.GA.jar:/home/val/.m2/repository/org/jboss/logging/jboss-logging-annotations/1.2.0.Beta1/jboss-logging-annotations-1.2.0.Beta1.jar:/home/val/.m2/repository/org/hibernate/hibernate-core/4.3.11.Final/hibernate-core-4.3.11.Final.jar:/home/val/.m2/repository/antlr/antlr/2.7.7/antlr-2.7.7.jar:/home/val/.m2/repository/org/jboss/jandex/1.1.0.Final/jandex-1.1.0.Final.jar:/home/val/.m2/repository/dom4j/dom4j/1.6.1/dom4j-1.6.1.jar:/home/val/.m2/repository/xml-apis/xml-apis/1.0.b2/xml-apis-1.0.b2.jar:/home/val/.m2/repository/org/hibernate/common/hibernate-commons-annotations/4.0.5.Final/hibernate-commons-annotations-4.0.5.Final.jar:/home/val/.m2/repository/org/hibernate/javax/persistence/hibernate-jpa-2.1-api/1.0.0.Final/hibernate-jpa-2.1-api-1.0.0.Final.jar:/home/val/.m2/repository/org/jboss/spec/javax/transaction/jboss-transaction-api_1.2_spec/1.0.0.Final/jboss-transaction-api_1.2_spec-1.0.0.Final.jar:/home/val/.m2/repository/org/javassist/javassist/3.18.1-GA/javassist-3.18.1-GA.jar:/home/val/.m2/repository/org/hibernate/hibernate-validator/5.1.3.Final/hibernate-validator-5.1.3.Final.jar:/home/val/.m2/repository/com/fasterxml/classmate/1.0.0/classmate-1.0.0.jar:/home/val/.m2/repository/cz/fi/muni/pa165/eshop-api/1.0-SNAPSHOT/eshop-api-1.0-SNAPSHOT.jar:/home/val/.m2/repository/org/springframework/spring-context/4.1.8.RELEASE/spring-context-4.1.8.RELEASE.jar:/home/val/.m2/repository/org/springframework/spring-expression/4.1.8.RELEASE/spring-expression-4.1.8.RELEASE.jar:/home/val/.m2/repository/org/springframework/spring-core/4.1.8.RELEASE/spring-core-4.1.8.RELEASE.jar:/home/val/.m2/repository/org/slf4j/slf4j-api/1.7.12/slf4j-api-1.7.12.jar:/home/val/.m2/repository/org/slf4j/jcl-over-slf4j/1.7.12/jcl-over-slf4j-1.7.12.jar:/home/val/.m2/repository/org/apache/derby/derby/10.10.2.0/derby-10.10.2.0.jar:/home/val/.m2/repository/javax/inject/javax.inject/1/javax.inject-1.jar:/home/val/.m2/repository/javax/enterprise/cdi-api/1.2/cdi-api-1.2.jar:/home/val/.m2/repository/javax/el/javax.el-api/2.2.5/javax.el-api-2.2.5.jar:/home/val/.m2/repository/javax/interceptor/javax.interceptor-api/1.2/javax.interceptor-api-1.2.jar:/home/val/.m2/repository/net/sf/dozer/dozer/5.5.1/dozer-5.5.1.jar:/home/val/.m2/repository/commons-beanutils/commons-beanutils/1.9.2/commons-beanutils-1.9.2.jar:/home/val/.m2/repository/commons-collections/commons-collections/3.2.1/commons-collections-3.2.1.jar:/home/val/.m2/repository/org/apache/commons/commons-lang3/3.3.2/commons-lang3-3.3.2.jar:/home/val/.m2/repository/org/mockito/mockito-all/2.0.2-beta/mockito-all-2.0.2-beta.jar:/home/val/.m2/repository/ch/qos/logback/logback-classic/1.1.3/logback-classic-1.1.3.jar:/home/val/.m2/repository/ch/qos/logback/logback-core/1.1.3/logback-core-1.1.3.jar:/home/val/.m2/repository/org/apache/maven/surefire/surefire-testng-utils/2.17/surefire-testng-utils-2.17.jar:/home/val/.m2/repository/org/apache/maven/surefire/surefire-grouper/2.17/surefire-grouper-2.17.jar:, hibernate.bytecode.use_reflection_optimizer=false, hibernate.show_sql=true, javax.persistence.validation.mode=AUTO, java.vm.specification.version=1.8, sun.arch.data.model=64, java.home=/usr/lib/jvm/java-8-openjdk-amd64/jre, sun.java.command=/home/val/Documents/M2_Masaryk/Java/Seminars/project/tennisClub/tennisclubproject/tennisclub-service/target/surefire/surefirebooter381805524901770889.jar /home/val/Documents/M2_Masaryk/Java/Seminars/project/tennisClub/tennisclubproject/tennisclub-service/target/surefire/surefire6592094934984354833tmp /home/val/Documents/M2_Masaryk/Java/Seminars/project/tennisClub/tennisclubproject/tennisclub-service/target/surefire/surefire_14650603435866584977tmp, hibernate.connection.url=jdbc:derby:memory:testdb, java.specification.vendor=Oracle Corporation, user.language=en, awt.toolkit=sun.awt.X11.XToolkit, java.vm.info=mixed mode, java.version=1.8.0_151, java.ext.dirs=/usr/lib/jvm/java-8-openjdk-amd64/jre/lib/ext:/usr/java/packages/lib/ext, sun.boot.class.path=/usr/lib/jvm/java-8-openjdk-amd64/jre/lib/resources.jar:/usr/lib/jvm/java-8-openjdk-amd64/jre/lib/rt.jar:/usr/lib/jvm/java-8-openjdk-amd64/jre/lib/sunrsasign.jar:/usr/lib/jvm/java-8-openjdk-amd64/jre/lib/jsse.jar:/usr/lib/jvm/java-8-openjdk-amd64/jre/lib/jce.jar:/usr/lib/jvm/java-8-openjdk-amd64/jre/lib/charsets.jar:/usr/lib/jvm/java-8-openjdk-amd64/jre/lib/jfr.jar:/usr/lib/jvm/java-8-openjdk-amd64/jre/classes, java.vendor=Oracle Corporation, derby.stream.error.method=org.springframework.jdbc.datasource.embedded.OutputStreamFactory.getNoopOutputStream, localRepository=/home/val/.m2/repository, file.separator=/, java.vendor.url.bug=http://bugreport.sun.com/bugreport/, hibernate.hbm2ddl.auto=create, sun.cpu.endian=little, sun.io.unicode.encoding=UnicodeLittle, sun.cpu.isalist=}
12:59:36.528 [main] INFO  o.h.validator.internal.util.Version - HV000001: Hibernate Validator 5.1.3.Final
12:59:36.535 [main] DEBUG o.h.v.i.e.r.DefaultTraversableResolver - Found javax.persistence.Persistence on classpath containing 'getPersistenceUtil'. Assuming JPA 2 environment. Trying to instantiate JPA aware TraversableResolver
12:59:36.536 [main] DEBUG o.h.v.i.e.r.DefaultTraversableResolver - Instantiated JPA aware TraversableResolver of type org.hibernate.validator.internal.engine.resolver.JPATraversableResolver.
12:59:36.551 [main] DEBUG o.h.v.i.xml.ValidationXmlParser - Trying to load META-INF/validation.xml for XML based Validator configuration.
12:59:36.558 [main] DEBUG o.h.v.i.xml.ValidationXmlParser - No META-INF/validation.xml found. Using annotation based configuration only.
12:59:36.689 [main] DEBUG o.h.secure.spi.JaccIntegrator - Skipping JACC integration as it was not enabled
12:59:36.691 [main] DEBUG o.hibernate.engine.spi.CascadeStyles - External cascade style regsitration [persist : STYLE_PERSIST_SKIPLAZY] overrode base registration [STYLE_PERSIST]
12:59:36.699 [main] DEBUG o.h.i.f.i.DefaultIdentifierGeneratorFactory - Setting dialect [org.hibernate.dialect.DerbyTenSevenDialect]
12:59:36.700 [main] DEBUG o.h.i.f.i.DefaultIdentifierGeneratorFactory - Setting dialect [org.hibernate.dialect.DerbyTenSevenDialect]
12:59:36.700 [main] DEBUG o.h.i.f.i.DefaultIdentifierGeneratorFactory - Setting dialect [org.hibernate.dialect.DerbyTenSevenDialect]
12:59:36.771 [main] INFO  org.hibernate.tuple.PojoInstantiator - HHH000182: No default (no-argument) constructor for class: com.frenchies.tennisclub.entity.Court (class must be instantiated by Interceptor)
12:59:36.780 [main] DEBUG o.h.p.entity.AbstractEntityPersister - Static SQL for entity: com.frenchies.tennisclub.entity.User
12:59:36.780 [main] DEBUG o.h.p.entity.AbstractEntityPersister -  Version select: select id from Users where id =?
12:59:36.780 [main] DEBUG o.h.p.entity.AbstractEntityPersister -  Snapshot select: select user_.id, user_.admin as admin2_2_, user_.dateOfBirth as dateOfBi3_2_, user_.login as login4_2_, user_.mail as mail5_2_, user_.name as name6_2_, user_.passwordHash as password7_2_, user_.phone as phone8_2_, user_.surname as surname9_2_ from Users user_ where user_.id=?
12:59:36.780 [main] DEBUG o.h.p.entity.AbstractEntityPersister -  Insert 0: insert into Users (admin, dateOfBirth, login, mail, name, passwordHash, phone, surname, id) values (?, ?, ?, ?, ?, ?, ?, ?, ?)
12:59:36.780 [main] DEBUG o.h.p.entity.AbstractEntityPersister -  Update 0: update Users set admin=?, dateOfBirth=?, login=?, mail=?, name=?, passwordHash=?, phone=?, surname=? where id=?
12:59:36.780 [main] DEBUG o.h.p.entity.AbstractEntityPersister -  Delete 0: delete from Users where id=?
12:59:36.780 [main] DEBUG o.h.p.entity.AbstractEntityPersister -  Identity insert: insert into Users (id, admin, dateOfBirth, login, mail, name, passwordHash, phone, surname) values (default, ?, ?, ?, ?, ?, ?, ?, ?)
12:59:36.799 [main] DEBUG o.h.l.p.b.i.spaces.QuerySpacesImpl - Adding QuerySpace : uid = <gen:0> -> org.hibernate.loader.plan.build.internal.spaces.EntityQuerySpaceImpl@43045f9f]
12:59:36.801 [main] DEBUG o.h.p.w.spi.MetamodelGraphWalker - Visiting attribute path : admin
12:59:36.801 [main] DEBUG o.h.p.w.spi.MetamodelGraphWalker - Visiting attribute path : dateOfBirth
12:59:36.801 [main] DEBUG o.h.p.w.spi.MetamodelGraphWalker - Visiting attribute path : login
12:59:36.801 [main] DEBUG o.h.p.w.spi.MetamodelGraphWalker - Visiting attribute path : mail
12:59:36.801 [main] DEBUG o.h.p.w.spi.MetamodelGraphWalker - Visiting attribute path : name
12:59:36.801 [main] DEBUG o.h.p.w.spi.MetamodelGraphWalker - Visiting attribute path : passwordHash
12:59:36.801 [main] DEBUG o.h.p.w.spi.MetamodelGraphWalker - Visiting attribute path : phone
12:59:36.801 [main] DEBUG o.h.p.w.spi.MetamodelGraphWalker - Visiting attribute path : surname
12:59:36.801 [main] DEBUG o.h.l.p.b.i.FetchStyleLoadPlanBuildingAssociationVisitationStrategy - Building LoadPlan...
12:59:36.815 [main] DEBUG o.h.l.p.e.i.LoadQueryJoinAndFetchProcessor - processing queryspace <gen:0>
12:59:36.818 [main] DEBUG o.h.l.p.b.spi.LoadPlanTreePrinter - LoadPlan(entity=com.frenchies.tennisclub.entity.User)
    - Returns
       - EntityReturnImpl(entity=com.frenchies.tennisclub.entity.User, querySpaceUid=<gen:0>, path=com.frenchies.tennisclub.entity.User)
    - QuerySpaces
       - EntityQuerySpaceImpl(uid=<gen:0>, entity=com.frenchies.tennisclub.entity.User)
          - SQL table alias mapping - user0_
          - alias suffix - 0_
          - suffixed key columns - {id1_2_0_}

12:59:36.820 [main] DEBUG o.h.loader.entity.plan.EntityLoader - Static select for entity com.frenchies.tennisclub.entity.User [NONE]: select user0_.id as id1_2_0_, user0_.admin as admin2_2_0_, user0_.dateOfBirth as dateOfBi3_2_0_, user0_.login as login4_2_0_, user0_.mail as mail5_2_0_, user0_.name as name6_2_0_, user0_.passwordHash as password7_2_0_, user0_.phone as phone8_2_0_, user0_.surname as surname9_2_0_ from Users user0_ where user0_.id=?
12:59:36.820 [main] DEBUG o.h.l.p.b.i.spaces.QuerySpacesImpl - Adding QuerySpace : uid = <gen:0> -> org.hibernate.loader.plan.build.internal.spaces.EntityQuerySpaceImpl@1422ac7f]
12:59:36.820 [main] DEBUG o.h.p.w.spi.MetamodelGraphWalker - Visiting attribute path : admin
12:59:36.820 [main] DEBUG o.h.p.w.spi.MetamodelGraphWalker - Visiting attribute path : dateOfBirth
12:59:36.820 [main] DEBUG o.h.p.w.spi.MetamodelGraphWalker - Visiting attribute path : login
12:59:36.820 [main] DEBUG o.h.p.w.spi.MetamodelGraphWalker - Visiting attribute path : mail
12:59:36.820 [main] DEBUG o.h.p.w.spi.MetamodelGraphWalker - Visiting attribute path : name
12:59:36.820 [main] DEBUG o.h.p.w.spi.MetamodelGraphWalker - Visiting attribute path : passwordHash
12:59:36.820 [main] DEBUG o.h.p.w.spi.MetamodelGraphWalker - Visiting attribute path : phone
12:59:36.821 [main] DEBUG o.h.p.w.spi.MetamodelGraphWalker - Visiting attribute path : surname
12:59:36.821 [main] DEBUG o.h.l.p.b.i.FetchStyleLoadPlanBuildingAssociationVisitationStrategy - Building LoadPlan...
12:59:36.821 [main] DEBUG o.h.l.p.e.i.LoadQueryJoinAndFetchProcessor - processing queryspace <gen:0>
12:59:36.821 [main] DEBUG o.h.l.p.b.spi.LoadPlanTreePrinter - LoadPlan(entity=com.frenchies.tennisclub.entity.User)
    - Returns
       - EntityReturnImpl(entity=com.frenchies.tennisclub.entity.User, querySpaceUid=<gen:0>, path=com.frenchies.tennisclub.entity.User)
    - QuerySpaces
       - EntityQuerySpaceImpl(uid=<gen:0>, entity=com.frenchies.tennisclub.entity.User)
          - SQL table alias mapping - user0_
          - alias suffix - 0_
          - suffixed key columns - {id1_2_0_}

12:59:36.821 [main] DEBUG o.h.loader.entity.plan.EntityLoader - Static select for entity com.frenchies.tennisclub.entity.User [READ]: select user0_.id as id1_2_0_, user0_.admin as admin2_2_0_, user0_.dateOfBirth as dateOfBi3_2_0_, user0_.login as login4_2_0_, user0_.mail as mail5_2_0_, user0_.name as name6_2_0_, user0_.passwordHash as password7_2_0_, user0_.phone as phone8_2_0_, user0_.surname as surname9_2_0_ from Users user0_ where user0_.id=?
12:59:36.821 [main] DEBUG o.h.l.p.b.i.spaces.QuerySpacesImpl - Adding QuerySpace : uid = <gen:0> -> org.hibernate.loader.plan.build.internal.spaces.EntityQuerySpaceImpl@7bc44ce8]
12:59:36.821 [main] DEBUG o.h.p.w.spi.MetamodelGraphWalker - Visiting attribute path : admin
12:59:36.821 [main] DEBUG o.h.p.w.spi.MetamodelGraphWalker - Visiting attribute path : dateOfBirth
12:59:36.822 [main] DEBUG o.h.p.w.spi.MetamodelGraphWalker - Visiting attribute path : login
12:59:36.822 [main] DEBUG o.h.p.w.spi.MetamodelGraphWalker - Visiting attribute path : mail
12:59:36.822 [main] DEBUG o.h.p.w.spi.MetamodelGraphWalker - Visiting attribute path : name
12:59:36.822 [main] DEBUG o.h.p.w.spi.MetamodelGraphWalker - Visiting attribute path : passwordHash
12:59:36.822 [main] DEBUG o.h.p.w.spi.MetamodelGraphWalker - Visiting attribute path : phone
12:59:36.822 [main] DEBUG o.h.p.w.spi.MetamodelGraphWalker - Visiting attribute path : surname
12:59:36.822 [main] DEBUG o.h.l.p.b.i.FetchStyleLoadPlanBuildingAssociationVisitationStrategy - Building LoadPlan...
12:59:36.822 [main] DEBUG o.h.l.p.e.i.LoadQueryJoinAndFetchProcessor - processing queryspace <gen:0>
12:59:36.822 [main] DEBUG o.h.l.p.b.spi.LoadPlanTreePrinter - LoadPlan(entity=com.frenchies.tennisclub.entity.User)
    - Returns
       - EntityReturnImpl(entity=com.frenchies.tennisclub.entity.User, querySpaceUid=<gen:0>, path=com.frenchies.tennisclub.entity.User)
    - QuerySpaces
       - EntityQuerySpaceImpl(uid=<gen:0>, entity=com.frenchies.tennisclub.entity.User)
          - SQL table alias mapping - user0_
          - alias suffix - 0_
          - suffixed key columns - {id1_2_0_}

12:59:36.822 [main] DEBUG o.h.loader.entity.plan.EntityLoader - Static select for entity com.frenchies.tennisclub.entity.User [UPGRADE]: select user0_.id as id1_2_0_, user0_.admin as admin2_2_0_, user0_.dateOfBirth as dateOfBi3_2_0_, user0_.login as login4_2_0_, user0_.mail as mail5_2_0_, user0_.name as name6_2_0_, user0_.passwordHash as password7_2_0_, user0_.phone as phone8_2_0_, user0_.surname as surname9_2_0_ from Users user0_ where user0_.id=? for update with rs
12:59:36.822 [main] DEBUG o.h.l.p.b.i.spaces.QuerySpacesImpl - Adding QuerySpace : uid = <gen:0> -> org.hibernate.loader.plan.build.internal.spaces.EntityQuerySpaceImpl@58472096]
12:59:36.823 [main] DEBUG o.h.p.w.spi.MetamodelGraphWalker - Visiting attribute path : admin
12:59:36.823 [main] DEBUG o.h.p.w.spi.MetamodelGraphWalker - Visiting attribute path : dateOfBirth
12:59:36.823 [main] DEBUG o.h.p.w.spi.MetamodelGraphWalker - Visiting attribute path : login
12:59:36.823 [main] DEBUG o.h.p.w.spi.MetamodelGraphWalker - Visiting attribute path : mail
12:59:36.823 [main] DEBUG o.h.p.w.spi.MetamodelGraphWalker - Visiting attribute path : name
12:59:36.823 [main] DEBUG o.h.p.w.spi.MetamodelGraphWalker - Visiting attribute path : passwordHash
12:59:36.823 [main] DEBUG o.h.p.w.spi.MetamodelGraphWalker - Visiting attribute path : phone
12:59:36.823 [main] DEBUG o.h.p.w.spi.MetamodelGraphWalker - Visiting attribute path : surname
12:59:36.823 [main] DEBUG o.h.l.p.b.i.FetchStyleLoadPlanBuildingAssociationVisitationStrategy - Building LoadPlan...
12:59:36.823 [main] DEBUG o.h.l.p.e.i.LoadQueryJoinAndFetchProcessor - processing queryspace <gen:0>
12:59:36.823 [main] DEBUG o.h.l.p.b.spi.LoadPlanTreePrinter - LoadPlan(entity=com.frenchies.tennisclub.entity.User)
    - Returns
       - EntityReturnImpl(entity=com.frenchies.tennisclub.entity.User, querySpaceUid=<gen:0>, path=com.frenchies.tennisclub.entity.User)
    - QuerySpaces
       - EntityQuerySpaceImpl(uid=<gen:0>, entity=com.frenchies.tennisclub.entity.User)
          - SQL table alias mapping - user0_
          - alias suffix - 0_
          - suffixed key columns - {id1_2_0_}

12:59:36.823 [main] DEBUG o.h.loader.entity.plan.EntityLoader - Static select for entity com.frenchies.tennisclub.entity.User [UPGRADE_NOWAIT]: select user0_.id as id1_2_0_, user0_.admin as admin2_2_0_, user0_.dateOfBirth as dateOfBi3_2_0_, user0_.login as login4_2_0_, user0_.mail as mail5_2_0_, user0_.name as name6_2_0_, user0_.passwordHash as password7_2_0_, user0_.phone as phone8_2_0_, user0_.surname as surname9_2_0_ from Users user0_ where user0_.id=? for update with rs
12:59:36.824 [main] DEBUG o.h.l.p.b.i.spaces.QuerySpacesImpl - Adding QuerySpace : uid = <gen:0> -> org.hibernate.loader.plan.build.internal.spaces.EntityQuerySpaceImpl@53e800f9]
12:59:36.824 [main] DEBUG o.h.p.w.spi.MetamodelGraphWalker - Visiting attribute path : admin
12:59:36.824 [main] DEBUG o.h.p.w.spi.MetamodelGraphWalker - Visiting attribute path : dateOfBirth
12:59:36.824 [main] DEBUG o.h.p.w.spi.MetamodelGraphWalker - Visiting attribute path : login
12:59:36.824 [main] DEBUG o.h.p.w.spi.MetamodelGraphWalker - Visiting attribute path : mail
12:59:36.824 [main] DEBUG o.h.p.w.spi.MetamodelGraphWalker - Visiting attribute path : name
12:59:36.824 [main] DEBUG o.h.p.w.spi.MetamodelGraphWalker - Visiting attribute path : passwordHash
12:59:36.824 [main] DEBUG o.h.p.w.spi.MetamodelGraphWalker - Visiting attribute path : phone
12:59:36.824 [main] DEBUG o.h.p.w.spi.MetamodelGraphWalker - Visiting attribute path : surname
12:59:36.824 [main] DEBUG o.h.l.p.b.i.FetchStyleLoadPlanBuildingAssociationVisitationStrategy - Building LoadPlan...
12:59:36.824 [main] DEBUG o.h.l.p.e.i.LoadQueryJoinAndFetchProcessor - processing queryspace <gen:0>
12:59:36.824 [main] DEBUG o.h.l.p.b.spi.LoadPlanTreePrinter - LoadPlan(entity=com.frenchies.tennisclub.entity.User)
    - Returns
       - EntityReturnImpl(entity=com.frenchies.tennisclub.entity.User, querySpaceUid=<gen:0>, path=com.frenchies.tennisclub.entity.User)
    - QuerySpaces
       - EntityQuerySpaceImpl(uid=<gen:0>, entity=com.frenchies.tennisclub.entity.User)
          - SQL table alias mapping - user0_
          - alias suffix - 0_
          - suffixed key columns - {id1_2_0_}

12:59:36.824 [main] DEBUG o.h.loader.entity.plan.EntityLoader - Static select for entity com.frenchies.tennisclub.entity.User [UPGRADE_SKIPLOCKED]: select user0_.id as id1_2_0_, user0_.admin as admin2_2_0_, user0_.dateOfBirth as dateOfBi3_2_0_, user0_.login as login4_2_0_, user0_.mail as mail5_2_0_, user0_.name as name6_2_0_, user0_.passwordHash as password7_2_0_, user0_.phone as phone8_2_0_, user0_.surname as surname9_2_0_ from Users user0_ where user0_.id=? for update with rs
12:59:36.824 [main] DEBUG o.h.l.p.b.i.spaces.QuerySpacesImpl - Adding QuerySpace : uid = <gen:0> -> org.hibernate.loader.plan.build.internal.spaces.EntityQuerySpaceImpl@52d97ab6]
12:59:36.825 [main] DEBUG o.h.p.w.spi.MetamodelGraphWalker - Visiting attribute path : admin
12:59:36.825 [main] DEBUG o.h.p.w.spi.MetamodelGraphWalker - Visiting attribute path : dateOfBirth
12:59:36.825 [main] DEBUG o.h.p.w.spi.MetamodelGraphWalker - Visiting attribute path : login
12:59:36.825 [main] DEBUG o.h.p.w.spi.MetamodelGraphWalker - Visiting attribute path : mail
12:59:36.825 [main] DEBUG o.h.p.w.spi.MetamodelGraphWalker - Visiting attribute path : name
12:59:36.825 [main] DEBUG o.h.p.w.spi.MetamodelGraphWalker - Visiting attribute path : passwordHash
12:59:36.825 [main] DEBUG o.h.p.w.spi.MetamodelGraphWalker - Visiting attribute path : phone
12:59:36.825 [main] DEBUG o.h.p.w.spi.MetamodelGraphWalker - Visiting attribute path : surname
12:59:36.825 [main] DEBUG o.h.l.p.b.i.FetchStyleLoadPlanBuildingAssociationVisitationStrategy - Building LoadPlan...
12:59:36.825 [main] DEBUG o.h.l.p.e.i.LoadQueryJoinAndFetchProcessor - processing queryspace <gen:0>
12:59:36.825 [main] DEBUG o.h.l.p.b.spi.LoadPlanTreePrinter - LoadPlan(entity=com.frenchies.tennisclub.entity.User)
    - Returns
       - EntityReturnImpl(entity=com.frenchies.tennisclub.entity.User, querySpaceUid=<gen:0>, path=com.frenchies.tennisclub.entity.User)
    - QuerySpaces
       - EntityQuerySpaceImpl(uid=<gen:0>, entity=com.frenchies.tennisclub.entity.User)
          - SQL table alias mapping - user0_
          - alias suffix - 0_
          - suffixed key columns - {id1_2_0_}

12:59:36.825 [main] DEBUG o.h.loader.entity.plan.EntityLoader - Static select for entity com.frenchies.tennisclub.entity.User [FORCE]: select user0_.id as id1_2_0_, user0_.admin as admin2_2_0_, user0_.dateOfBirth as dateOfBi3_2_0_, user0_.login as login4_2_0_, user0_.mail as mail5_2_0_, user0_.name as name6_2_0_, user0_.passwordHash as password7_2_0_, user0_.phone as phone8_2_0_, user0_.surname as surname9_2_0_ from Users user0_ where user0_.id=? for update with rs
12:59:36.826 [main] DEBUG o.h.l.p.b.i.spaces.QuerySpacesImpl - Adding QuerySpace : uid = <gen:0> -> org.hibernate.loader.plan.build.internal.spaces.EntityQuerySpaceImpl@5e5af8e1]
12:59:36.826 [main] DEBUG o.h.p.w.spi.MetamodelGraphWalker - Visiting attribute path : admin
12:59:36.826 [main] DEBUG o.h.p.w.spi.MetamodelGraphWalker - Visiting attribute path : dateOfBirth
12:59:36.826 [main] DEBUG o.h.p.w.spi.MetamodelGraphWalker - Visiting attribute path : login
12:59:36.826 [main] DEBUG o.h.p.w.spi.MetamodelGraphWalker - Visiting attribute path : mail
12:59:36.826 [main] DEBUG o.h.p.w.spi.MetamodelGraphWalker - Visiting attribute path : name
12:59:36.826 [main] DEBUG o.h.p.w.spi.MetamodelGraphWalker - Visiting attribute path : passwordHash
12:59:36.826 [main] DEBUG o.h.p.w.spi.MetamodelGraphWalker - Visiting attribute path : phone
12:59:36.826 [main] DEBUG o.h.p.w.spi.MetamodelGraphWalker - Visiting attribute path : surname
12:59:36.826 [main] DEBUG o.h.l.p.b.i.FetchStyleLoadPlanBuildingAssociationVisitationStrategy - Building LoadPlan...
12:59:36.826 [main] DEBUG o.h.l.p.e.i.LoadQueryJoinAndFetchProcessor - processing queryspace <gen:0>
12:59:36.828 [main] DEBUG o.h.l.p.b.spi.LoadPlanTreePrinter - LoadPlan(entity=com.frenchies.tennisclub.entity.User)
    - Returns
       - EntityReturnImpl(entity=com.frenchies.tennisclub.entity.User, querySpaceUid=<gen:0>, path=com.frenchies.tennisclub.entity.User)
    - QuerySpaces
       - EntityQuerySpaceImpl(uid=<gen:0>, entity=com.frenchies.tennisclub.entity.User)
          - SQL table alias mapping - user0_
          - alias suffix - 0_
          - suffixed key columns - {id1_2_0_}

12:59:36.828 [main] DEBUG o.h.loader.entity.plan.EntityLoader - Static select for entity com.frenchies.tennisclub.entity.User [PESSIMISTIC_READ]: select user0_.id as id1_2_0_, user0_.admin as admin2_2_0_, user0_.dateOfBirth as dateOfBi3_2_0_, user0_.login as login4_2_0_, user0_.mail as mail5_2_0_, user0_.name as name6_2_0_, user0_.passwordHash as password7_2_0_, user0_.phone as phone8_2_0_, user0_.surname as surname9_2_0_ from Users user0_ where user0_.id=? for read only with rs
12:59:36.828 [main] DEBUG o.h.l.p.b.i.spaces.QuerySpacesImpl - Adding QuerySpace : uid = <gen:0> -> org.hibernate.loader.plan.build.internal.spaces.EntityQuerySpaceImpl@2924f1d8]
12:59:36.828 [main] DEBUG o.h.p.w.spi.MetamodelGraphWalker - Visiting attribute path : admin
12:59:36.828 [main] DEBUG o.h.p.w.spi.MetamodelGraphWalker - Visiting attribute path : dateOfBirth
12:59:36.828 [main] DEBUG o.h.p.w.spi.MetamodelGraphWalker - Visiting attribute path : login
12:59:36.828 [main] DEBUG o.h.p.w.spi.MetamodelGraphWalker - Visiting attribute path : mail
12:59:36.828 [main] DEBUG o.h.p.w.spi.MetamodelGraphWalker - Visiting attribute path : name
12:59:36.828 [main] DEBUG o.h.p.w.spi.MetamodelGraphWalker - Visiting attribute path : passwordHash
12:59:36.828 [main] DEBUG o.h.p.w.spi.MetamodelGraphWalker - Visiting attribute path : phone
12:59:36.829 [main] DEBUG o.h.p.w.spi.MetamodelGraphWalker - Visiting attribute path : surname
12:59:36.829 [main] DEBUG o.h.l.p.b.i.FetchStyleLoadPlanBuildingAssociationVisitationStrategy - Building LoadPlan...
12:59:36.829 [main] DEBUG o.h.l.p.e.i.LoadQueryJoinAndFetchProcessor - processing queryspace <gen:0>
12:59:36.829 [main] DEBUG o.h.l.p.b.spi.LoadPlanTreePrinter - LoadPlan(entity=com.frenchies.tennisclub.entity.User)
    - Returns
       - EntityReturnImpl(entity=com.frenchies.tennisclub.entity.User, querySpaceUid=<gen:0>, path=com.frenchies.tennisclub.entity.User)
    - QuerySpaces
       - EntityQuerySpaceImpl(uid=<gen:0>, entity=com.frenchies.tennisclub.entity.User)
          - SQL table alias mapping - user0_
          - alias suffix - 0_
          - suffixed key columns - {id1_2_0_}

12:59:36.829 [main] DEBUG o.h.loader.entity.plan.EntityLoader - Static select for entity com.frenchies.tennisclub.entity.User [PESSIMISTIC_WRITE]: select user0_.id as id1_2_0_, user0_.admin as admin2_2_0_, user0_.dateOfBirth as dateOfBi3_2_0_, user0_.login as login4_2_0_, user0_.mail as mail5_2_0_, user0_.name as name6_2_0_, user0_.passwordHash as password7_2_0_, user0_.phone as phone8_2_0_, user0_.surname as surname9_2_0_ from Users user0_ where user0_.id=? for update with rs
12:59:36.829 [main] DEBUG o.h.l.p.b.i.spaces.QuerySpacesImpl - Adding QuerySpace : uid = <gen:0> -> org.hibernate.loader.plan.build.internal.spaces.EntityQuerySpaceImpl@5b5e7036]
12:59:36.829 [main] DEBUG o.h.p.w.spi.MetamodelGraphWalker - Visiting attribute path : admin
12:59:36.829 [main] DEBUG o.h.p.w.spi.MetamodelGraphWalker - Visiting attribute path : dateOfBirth
12:59:36.829 [main] DEBUG o.h.p.w.spi.MetamodelGraphWalker - Visiting attribute path : login
12:59:36.829 [main] DEBUG o.h.p.w.spi.MetamodelGraphWalker - Visiting attribute path : mail
12:59:36.829 [main] DEBUG o.h.p.w.spi.MetamodelGraphWalker - Visiting attribute path : name
12:59:36.829 [main] DEBUG o.h.p.w.spi.MetamodelGraphWalker - Visiting attribute path : passwordHash
12:59:36.830 [main] DEBUG o.h.p.w.spi.MetamodelGraphWalker - Visiting attribute path : phone
12:59:36.830 [main] DEBUG o.h.p.w.spi.MetamodelGraphWalker - Visiting attribute path : surname
12:59:36.830 [main] DEBUG o.h.l.p.b.i.FetchStyleLoadPlanBuildingAssociationVisitationStrategy - Building LoadPlan...
12:59:36.830 [main] DEBUG o.h.l.p.e.i.LoadQueryJoinAndFetchProcessor - processing queryspace <gen:0>
12:59:36.830 [main] DEBUG o.h.l.p.b.spi.LoadPlanTreePrinter - LoadPlan(entity=com.frenchies.tennisclub.entity.User)
    - Returns
       - EntityReturnImpl(entity=com.frenchies.tennisclub.entity.User, querySpaceUid=<gen:0>, path=com.frenchies.tennisclub.entity.User)
    - QuerySpaces
       - EntityQuerySpaceImpl(uid=<gen:0>, entity=com.frenchies.tennisclub.entity.User)
          - SQL table alias mapping - user0_
          - alias suffix - 0_
          - suffixed key columns - {id1_2_0_}

12:59:36.830 [main] DEBUG o.h.loader.entity.plan.EntityLoader - Static select for entity com.frenchies.tennisclub.entity.User [PESSIMISTIC_FORCE_INCREMENT]: select user0_.id as id1_2_0_, user0_.admin as admin2_2_0_, user0_.dateOfBirth as dateOfBi3_2_0_, user0_.login as login4_2_0_, user0_.mail as mail5_2_0_, user0_.name as name6_2_0_, user0_.passwordHash as password7_2_0_, user0_.phone as phone8_2_0_, user0_.surname as surname9_2_0_ from Users user0_ where user0_.id=? for update with rs
12:59:36.830 [main] DEBUG o.h.l.p.b.i.spaces.QuerySpacesImpl - Adding QuerySpace : uid = <gen:0> -> org.hibernate.loader.plan.build.internal.spaces.EntityQuerySpaceImpl@6cff61fc]
12:59:36.831 [main] DEBUG o.h.p.w.spi.MetamodelGraphWalker - Visiting attribute path : admin
12:59:36.831 [main] DEBUG o.h.p.w.spi.MetamodelGraphWalker - Visiting attribute path : dateOfBirth
12:59:36.831 [main] DEBUG o.h.p.w.spi.MetamodelGraphWalker - Visiting attribute path : login
12:59:36.831 [main] DEBUG o.h.p.w.spi.MetamodelGraphWalker - Visiting attribute path : mail
12:59:36.831 [main] DEBUG o.h.p.w.spi.MetamodelGraphWalker - Visiting attribute path : name
12:59:36.831 [main] DEBUG o.h.p.w.spi.MetamodelGraphWalker - Visiting attribute path : passwordHash
12:59:36.831 [main] DEBUG o.h.p.w.spi.MetamodelGraphWalker - Visiting attribute path : phone
12:59:36.831 [main] DEBUG o.h.p.w.spi.MetamodelGraphWalker - Visiting attribute path : surname
12:59:36.831 [main] DEBUG o.h.l.p.b.i.FetchStyleLoadPlanBuildingAssociationVisitationStrategy - Building LoadPlan...
12:59:36.831 [main] DEBUG o.h.l.p.e.i.LoadQueryJoinAndFetchProcessor - processing queryspace <gen:0>
12:59:36.831 [main] DEBUG o.h.l.p.b.spi.LoadPlanTreePrinter - LoadPlan(entity=com.frenchies.tennisclub.entity.User)
    - Returns
       - EntityReturnImpl(entity=com.frenchies.tennisclub.entity.User, querySpaceUid=<gen:0>, path=com.frenchies.tennisclub.entity.User)
    - QuerySpaces
       - EntityQuerySpaceImpl(uid=<gen:0>, entity=com.frenchies.tennisclub.entity.User)
          - SQL table alias mapping - user0_
          - alias suffix - 0_
          - suffixed key columns - {id1_2_0_}

12:59:36.831 [main] DEBUG o.h.loader.entity.plan.EntityLoader - Static select for entity com.frenchies.tennisclub.entity.User [OPTIMISTIC]: select user0_.id as id1_2_0_, user0_.admin as admin2_2_0_, user0_.dateOfBirth as dateOfBi3_2_0_, user0_.login as login4_2_0_, user0_.mail as mail5_2_0_, user0_.name as name6_2_0_, user0_.passwordHash as password7_2_0_, user0_.phone as phone8_2_0_, user0_.surname as surname9_2_0_ from Users user0_ where user0_.id=?
12:59:36.832 [main] DEBUG o.h.l.p.b.i.spaces.QuerySpacesImpl - Adding QuerySpace : uid = <gen:0> -> org.hibernate.loader.plan.build.internal.spaces.EntityQuerySpaceImpl@467b684d]
12:59:36.832 [main] DEBUG o.h.p.w.spi.MetamodelGraphWalker - Visiting attribute path : admin
12:59:36.832 [main] DEBUG o.h.p.w.spi.MetamodelGraphWalker - Visiting attribute path : dateOfBirth
12:59:36.832 [main] DEBUG o.h.p.w.spi.MetamodelGraphWalker - Visiting attribute path : login
12:59:36.832 [main] DEBUG o.h.p.w.spi.MetamodelGraphWalker - Visiting attribute path : mail
12:59:36.832 [main] DEBUG o.h.p.w.spi.MetamodelGraphWalker - Visiting attribute path : name
12:59:36.832 [main] DEBUG o.h.p.w.spi.MetamodelGraphWalker - Visiting attribute path : passwordHash
12:59:36.832 [main] DEBUG o.h.p.w.spi.MetamodelGraphWalker - Visiting attribute path : phone
12:59:36.832 [main] DEBUG o.h.p.w.spi.MetamodelGraphWalker - Visiting attribute path : surname
12:59:36.832 [main] DEBUG o.h.l.p.b.i.FetchStyleLoadPlanBuildingAssociationVisitationStrategy - Building LoadPlan...
12:59:36.832 [main] DEBUG o.h.l.p.e.i.LoadQueryJoinAndFetchProcessor - processing queryspace <gen:0>
12:59:36.832 [main] DEBUG o.h.l.p.b.spi.LoadPlanTreePrinter - LoadPlan(entity=com.frenchies.tennisclub.entity.User)
    - Returns
       - EntityReturnImpl(entity=com.frenchies.tennisclub.entity.User, querySpaceUid=<gen:0>, path=com.frenchies.tennisclub.entity.User)
    - QuerySpaces
       - EntityQuerySpaceImpl(uid=<gen:0>, entity=com.frenchies.tennisclub.entity.User)
          - SQL table alias mapping - user0_
          - alias suffix - 0_
          - suffixed key columns - {id1_2_0_}

12:59:36.832 [main] DEBUG o.h.loader.entity.plan.EntityLoader - Static select for entity com.frenchies.tennisclub.entity.User [OPTIMISTIC_FORCE_INCREMENT]: select user0_.id as id1_2_0_, user0_.admin as admin2_2_0_, user0_.dateOfBirth as dateOfBi3_2_0_, user0_.login as login4_2_0_, user0_.mail as mail5_2_0_, user0_.name as name6_2_0_, user0_.passwordHash as password7_2_0_, user0_.phone as phone8_2_0_, user0_.surname as surname9_2_0_ from Users user0_ where user0_.id=?
12:59:36.853 [main] DEBUG org.hibernate.loader.Loader - Static select for action ACTION_MERGE on entity com.frenchies.tennisclub.entity.User: select user0_.id as id1_2_0_, user0_.admin as admin2_2_0_, user0_.dateOfBirth as dateOfBi3_2_0_, user0_.login as login4_2_0_, user0_.mail as mail5_2_0_, user0_.name as name6_2_0_, user0_.passwordHash as password7_2_0_, user0_.phone as phone8_2_0_, user0_.surname as surname9_2_0_ from Users user0_ where user0_.id=?
12:59:36.853 [main] DEBUG org.hibernate.loader.Loader - Static select for action ACTION_REFRESH on entity com.frenchies.tennisclub.entity.User: select user0_.id as id1_2_0_, user0_.admin as admin2_2_0_, user0_.dateOfBirth as dateOfBi3_2_0_, user0_.login as login4_2_0_, user0_.mail as mail5_2_0_, user0_.name as name6_2_0_, user0_.passwordHash as password7_2_0_, user0_.phone as phone8_2_0_, user0_.surname as surname9_2_0_ from Users user0_ where user0_.id=?
12:59:36.854 [main] DEBUG o.h.p.entity.AbstractEntityPersister - Static SQL for entity: com.frenchies.tennisclub.entity.Booking
12:59:36.854 [main] DEBUG o.h.p.entity.AbstractEntityPersister -  Version select: select idBooking from Booking where idBooking =?
12:59:36.854 [main] DEBUG o.h.p.entity.AbstractEntityPersister -  Snapshot select: select booking_.idBooking, booking_.dateOfBooking as dateOfBo2_0_, booking_.hourOfBooking as hourOfBo3_0_, booking_.idCourt as idCourt4_0_, booking_.user1_id as user5_0_, booking_.user2_id as user6_0_ from Booking booking_ where booking_.idBooking=?
12:59:36.854 [main] DEBUG o.h.p.entity.AbstractEntityPersister -  Insert 0: insert into Booking (dateOfBooking, hourOfBooking, idCourt, user1_id, user2_id, idBooking) values (?, ?, ?, ?, ?, ?)
12:59:36.854 [main] DEBUG o.h.p.entity.AbstractEntityPersister -  Update 0: update Booking set dateOfBooking=?, hourOfBooking=?, idCourt=?, user1_id=?, user2_id=? where idBooking=?
12:59:36.854 [main] DEBUG o.h.p.entity.AbstractEntityPersister -  Delete 0: delete from Booking where idBooking=?
12:59:36.854 [main] DEBUG o.h.p.entity.AbstractEntityPersister -  Identity insert: insert into Booking (idBooking, dateOfBooking, hourOfBooking, idCourt, user1_id, user2_id) values (default, ?, ?, ?, ?, ?)
12:59:36.854 [main] DEBUG o.h.l.p.b.i.spaces.QuerySpacesImpl - Adding QuerySpace : uid = <gen:0> -> org.hibernate.loader.plan.build.internal.spaces.EntityQuerySpaceImpl@5dd903be]
12:59:36.854 [main] DEBUG o.h.p.w.spi.MetamodelGraphWalker - Visiting attribute path : dateOfBooking
12:59:36.854 [main] DEBUG o.h.p.w.spi.MetamodelGraphWalker - Visiting attribute path : hourOfBooking
12:59:36.854 [main] DEBUG o.h.p.w.spi.MetamodelGraphWalker - Visiting attribute path : idCourt
12:59:36.854 [main] DEBUG o.h.p.w.spi.MetamodelGraphWalker - Visiting attribute path : user1
12:59:36.858 [main] DEBUG o.h.l.p.b.i.spaces.QuerySpacesImpl - Adding QuerySpace : uid = <gen:1> -> org.hibernate.loader.plan.build.internal.spaces.EntityQuerySpaceImpl@7efb53af]
12:59:36.860 [main] DEBUG o.h.p.w.spi.MetamodelGraphWalker - Visiting attribute path : user1.admin
12:59:36.860 [main] DEBUG o.h.p.w.spi.MetamodelGraphWalker - Visiting attribute path : user1.dateOfBirth
12:59:36.860 [main] DEBUG o.h.p.w.spi.MetamodelGraphWalker - Visiting attribute path : user1.login
12:59:36.860 [main] DEBUG o.h.p.w.spi.MetamodelGraphWalker - Visiting attribute path : user1.mail
12:59:36.860 [main] DEBUG o.h.p.w.spi.MetamodelGraphWalker - Visiting attribute path : user1.name
12:59:36.860 [main] DEBUG o.h.p.w.spi.MetamodelGraphWalker - Visiting attribute path : user1.passwordHash
12:59:36.860 [main] DEBUG o.h.p.w.spi.MetamodelGraphWalker - Visiting attribute path : user1.phone
12:59:36.860 [main] DEBUG o.h.p.w.spi.MetamodelGraphWalker - Visiting attribute path : user1.surname
12:59:36.860 [main] DEBUG o.h.p.w.spi.MetamodelGraphWalker - Visiting attribute path : user2
12:59:36.861 [main] DEBUG o.h.l.p.b.i.spaces.QuerySpacesImpl - Adding QuerySpace : uid = <gen:2> -> org.hibernate.loader.plan.build.internal.spaces.EntityQuerySpaceImpl@53b7ce6]
12:59:36.861 [main] DEBUG o.h.p.w.spi.MetamodelGraphWalker - Visiting attribute path : user2.admin
12:59:36.861 [main] DEBUG o.h.p.w.spi.MetamodelGraphWalker - Visiting attribute path : user2.dateOfBirth
12:59:36.861 [main] DEBUG o.h.p.w.spi.MetamodelGraphWalker - Visiting attribute path : user2.login
12:59:36.861 [main] DEBUG o.h.p.w.spi.MetamodelGraphWalker - Visiting attribute path : user2.mail
12:59:36.861 [main] DEBUG o.h.p.w.spi.MetamodelGraphWalker - Visiting attribute path : user2.name
12:59:36.861 [main] DEBUG o.h.p.w.spi.MetamodelGraphWalker - Visiting attribute path : user2.passwordHash
12:59:36.861 [main] DEBUG o.h.p.w.spi.MetamodelGraphWalker - Visiting attribute path : user2.phone
12:59:36.861 [main] DEBUG o.h.p.w.spi.MetamodelGraphWalker - Visiting attribute path : user2.surname
12:59:36.861 [main] DEBUG o.h.l.p.b.i.FetchStyleLoadPlanBuildingAssociationVisitationStrategy - Building LoadPlan...
12:59:36.861 [main] DEBUG o.h.l.p.e.i.LoadQueryJoinAndFetchProcessor - processing queryspace <gen:0>
12:59:36.863 [main] DEBUG o.h.l.p.b.spi.LoadPlanTreePrinter - LoadPlan(entity=com.frenchies.tennisclub.entity.Booking)
    - Returns
       - EntityReturnImpl(entity=com.frenchies.tennisclub.entity.Booking, querySpaceUid=<gen:0>, path=com.frenchies.tennisclub.entity.Booking)
          - EntityAttributeFetchImpl(entity=com.frenchies.tennisclub.entity.User, querySpaceUid=<gen:1>, path=com.frenchies.tennisclub.entity.Booking.user1)
          - EntityAttributeFetchImpl(entity=com.frenchies.tennisclub.entity.User, querySpaceUid=<gen:2>, path=com.frenchies.tennisclub.entity.Booking.user2)
    - QuerySpaces
       - EntityQuerySpaceImpl(uid=<gen:0>, entity=com.frenchies.tennisclub.entity.Booking)
          - SQL table alias mapping - booking0_
          - alias suffix - 0_
          - suffixed key columns - {idBookin1_0_0_}
          - JOIN (JoinDefinedByMetadata(user1)) : <gen:0> -> <gen:1>
             - EntityQuerySpaceImpl(uid=<gen:1>, entity=com.frenchies.tennisclub.entity.User)
                - SQL table alias mapping - user1_
                - alias suffix - 1_
                - suffixed key columns - {id1_2_1_}
          - JOIN (JoinDefinedByMetadata(user2)) : <gen:0> -> <gen:2>
             - EntityQuerySpaceImpl(uid=<gen:2>, entity=com.frenchies.tennisclub.entity.User)
                - SQL table alias mapping - user2_
                - alias suffix - 2_
                - suffixed key columns - {id1_2_2_}

12:59:36.863 [main] DEBUG o.h.loader.entity.plan.EntityLoader - Static select for entity com.frenchies.tennisclub.entity.Booking [NONE]: select booking0_.idBooking as idBookin1_0_0_, booking0_.dateOfBooking as dateOfBo2_0_0_, booking0_.hourOfBooking as hourOfBo3_0_0_, booking0_.idCourt as idCourt4_0_0_, booking0_.user1_id as user5_0_0_, booking0_.user2_id as user6_0_0_, user1_.id as id1_2_1_, user1_.admin as admin2_2_1_, user1_.dateOfBirth as dateOfBi3_2_1_, user1_.login as login4_2_1_, user1_.mail as mail5_2_1_, user1_.name as name6_2_1_, user1_.passwordHash as password7_2_1_, user1_.phone as phone8_2_1_, user1_.surname as surname9_2_1_, user2_.id as id1_2_2_, user2_.admin as admin2_2_2_, user2_.dateOfBirth as dateOfBi3_2_2_, user2_.login as login4_2_2_, user2_.mail as mail5_2_2_, user2_.name as name6_2_2_, user2_.passwordHash as password7_2_2_, user2_.phone as phone8_2_2_, user2_.surname as surname9_2_2_ from Booking booking0_ inner join Users user1_ on booking0_.user1_id=user1_.id inner join Users user2_ on booking0_.user2_id=user2_.id where booking0_.idBooking=?
12:59:36.863 [main] DEBUG o.h.l.p.b.i.spaces.QuerySpacesImpl - Adding QuerySpace : uid = <gen:0> -> org.hibernate.loader.plan.build.internal.spaces.EntityQuerySpaceImpl@41eb94bc]
12:59:36.863 [main] DEBUG o.h.p.w.spi.MetamodelGraphWalker - Visiting attribute path : dateOfBooking
12:59:36.863 [main] DEBUG o.h.p.w.spi.MetamodelGraphWalker - Visiting attribute path : hourOfBooking
12:59:36.863 [main] DEBUG o.h.p.w.spi.MetamodelGraphWalker - Visiting attribute path : idCourt
12:59:36.863 [main] DEBUG o.h.p.w.spi.MetamodelGraphWalker - Visiting attribute path : user1
12:59:36.863 [main] DEBUG o.h.l.p.b.i.spaces.QuerySpacesImpl - Adding QuerySpace : uid = <gen:1> -> org.hibernate.loader.plan.build.internal.spaces.EntityQuerySpaceImpl@97d0c06]
12:59:36.863 [main] DEBUG o.h.p.w.spi.MetamodelGraphWalker - Visiting attribute path : user1.admin
12:59:36.864 [main] DEBUG o.h.p.w.spi.MetamodelGraphWalker - Visiting attribute path : user1.dateOfBirth
12:59:36.864 [main] DEBUG o.h.p.w.spi.MetamodelGraphWalker - Visiting attribute path : user1.login
12:59:36.864 [main] DEBUG o.h.p.w.spi.MetamodelGraphWalker - Visiting attribute path : user1.mail
12:59:36.864 [main] DEBUG o.h.p.w.spi.MetamodelGraphWalker - Visiting attribute path : user1.name
12:59:36.864 [main] DEBUG o.h.p.w.spi.MetamodelGraphWalker - Visiting attribute path : user1.passwordHash
12:59:36.864 [main] DEBUG o.h.p.w.spi.MetamodelGraphWalker - Visiting attribute path : user1.phone
12:59:36.864 [main] DEBUG o.h.p.w.spi.MetamodelGraphWalker - Visiting attribute path : user1.surname
12:59:36.864 [main] DEBUG o.h.p.w.spi.MetamodelGraphWalker - Visiting attribute path : user2
12:59:36.864 [main] DEBUG o.h.l.p.b.i.spaces.QuerySpacesImpl - Adding QuerySpace : uid = <gen:2> -> org.hibernate.loader.plan.build.internal.spaces.EntityQuerySpaceImpl@43af351a]
12:59:36.864 [main] DEBUG o.h.p.w.spi.MetamodelGraphWalker - Visiting attribute path : user2.admin
12:59:36.864 [main] DEBUG o.h.p.w.spi.MetamodelGraphWalker - Visiting attribute path : user2.dateOfBirth
12:59:36.864 [main] DEBUG o.h.p.w.spi.MetamodelGraphWalker - Visiting attribute path : user2.login
12:59:36.864 [main] DEBUG o.h.p.w.spi.MetamodelGraphWalker - Visiting attribute path : user2.mail
12:59:36.864 [main] DEBUG o.h.p.w.spi.MetamodelGraphWalker - Visiting attribute path : user2.name
12:59:36.864 [main] DEBUG o.h.p.w.spi.MetamodelGraphWalker - Visiting attribute path : user2.passwordHash
12:59:36.864 [main] DEBUG o.h.p.w.spi.MetamodelGraphWalker - Visiting attribute path : user2.phone
12:59:36.864 [main] DEBUG o.h.p.w.spi.MetamodelGraphWalker - Visiting attribute path : user2.surname
12:59:36.864 [main] DEBUG o.h.l.p.b.i.FetchStyleLoadPlanBuildingAssociationVisitationStrategy - Building LoadPlan...
12:59:36.865 [main] DEBUG o.h.l.p.e.i.LoadQueryJoinAndFetchProcessor - processing queryspace <gen:0>
12:59:36.865 [main] DEBUG o.h.l.p.b.spi.LoadPlanTreePrinter - LoadPlan(entity=com.frenchies.tennisclub.entity.Booking)
    - Returns
       - EntityReturnImpl(entity=com.frenchies.tennisclub.entity.Booking, querySpaceUid=<gen:0>, path=com.frenchies.tennisclub.entity.Booking)
          - EntityAttributeFetchImpl(entity=com.frenchies.tennisclub.entity.User, querySpaceUid=<gen:1>, path=com.frenchies.tennisclub.entity.Booking.user1)
          - EntityAttributeFetchImpl(entity=com.frenchies.tennisclub.entity.User, querySpaceUid=<gen:2>, path=com.frenchies.tennisclub.entity.Booking.user2)
    - QuerySpaces
       - EntityQuerySpaceImpl(uid=<gen:0>, entity=com.frenchies.tennisclub.entity.Booking)
          - SQL table alias mapping - booking0_
          - alias suffix - 0_
          - suffixed key columns - {idBookin1_0_0_}
          - JOIN (JoinDefinedByMetadata(user1)) : <gen:0> -> <gen:1>
             - EntityQuerySpaceImpl(uid=<gen:1>, entity=com.frenchies.tennisclub.entity.User)
                - SQL table alias mapping - user1_
                - alias suffix - 1_
                - suffixed key columns - {id1_2_1_}
          - JOIN (JoinDefinedByMetadata(user2)) : <gen:0> -> <gen:2>
             - EntityQuerySpaceImpl(uid=<gen:2>, entity=com.frenchies.tennisclub.entity.User)
                - SQL table alias mapping - user2_
                - alias suffix - 2_
                - suffixed key columns - {id1_2_2_}

12:59:36.865 [main] DEBUG o.h.loader.entity.plan.EntityLoader - Static select for entity com.frenchies.tennisclub.entity.Booking [READ]: select booking0_.idBooking as idBookin1_0_0_, booking0_.dateOfBooking as dateOfBo2_0_0_, booking0_.hourOfBooking as hourOfBo3_0_0_, booking0_.idCourt as idCourt4_0_0_, booking0_.user1_id as user5_0_0_, booking0_.user2_id as user6_0_0_, user1_.id as id1_2_1_, user1_.admin as admin2_2_1_, user1_.dateOfBirth as dateOfBi3_2_1_, user1_.login as login4_2_1_, user1_.mail as mail5_2_1_, user1_.name as name6_2_1_, user1_.passwordHash as password7_2_1_, user1_.phone as phone8_2_1_, user1_.surname as surname9_2_1_, user2_.id as id1_2_2_, user2_.admin as admin2_2_2_, user2_.dateOfBirth as dateOfBi3_2_2_, user2_.login as login4_2_2_, user2_.mail as mail5_2_2_, user2_.name as name6_2_2_, user2_.passwordHash as password7_2_2_, user2_.phone as phone8_2_2_, user2_.surname as surname9_2_2_ from Booking booking0_ inner join Users user1_ on booking0_.user1_id=user1_.id inner join Users user2_ on booking0_.user2_id=user2_.id where booking0_.idBooking=?
12:59:36.866 [main] DEBUG o.h.l.p.b.i.spaces.QuerySpacesImpl - Adding QuerySpace : uid = <gen:0> -> org.hibernate.loader.plan.build.internal.spaces.EntityQuerySpaceImpl@72f9f27c]
12:59:36.866 [main] DEBUG o.h.p.w.spi.MetamodelGraphWalker - Visiting attribute path : dateOfBooking
12:59:36.866 [main] DEBUG o.h.p.w.spi.MetamodelGraphWalker - Visiting attribute path : hourOfBooking
12:59:36.866 [main] DEBUG o.h.p.w.spi.MetamodelGraphWalker - Visiting attribute path : idCourt
12:59:36.866 [main] DEBUG o.h.p.w.spi.MetamodelGraphWalker - Visiting attribute path : user1
12:59:36.866 [main] DEBUG o.h.l.p.b.i.spaces.QuerySpacesImpl - Adding QuerySpace : uid = <gen:1> -> org.hibernate.loader.plan.build.internal.spaces.EntityQuerySpaceImpl@762637be]
12:59:36.866 [main] DEBUG o.h.p.w.spi.MetamodelGraphWalker - Visiting attribute path : user2
12:59:36.866 [main] DEBUG o.h.l.p.b.i.spaces.QuerySpacesImpl - Adding QuerySpace : uid = <gen:2> -> org.hibernate.loader.plan.build.internal.spaces.EntityQuerySpaceImpl@4b97c4ad]
12:59:36.866 [main] DEBUG o.h.l.p.b.i.FetchStyleLoadPlanBuildingAssociationVisitationStrategy - Building LoadPlan...
12:59:36.866 [main] DEBUG o.h.l.p.e.i.LoadQueryJoinAndFetchProcessor - processing queryspace <gen:0>
12:59:36.867 [main] DEBUG o.h.l.p.b.spi.LoadPlanTreePrinter - LoadPlan(entity=com.frenchies.tennisclub.entity.Booking)
    - Returns
       - EntityReturnImpl(entity=com.frenchies.tennisclub.entity.Booking, querySpaceUid=<gen:0>, path=com.frenchies.tennisclub.entity.Booking)
          - EntityAttributeFetchImpl(entity=com.frenchies.tennisclub.entity.User, querySpaceUid=<gen:1>, path=com.frenchies.tennisclub.entity.Booking.user1)
          - EntityAttributeFetchImpl(entity=com.frenchies.tennisclub.entity.User, querySpaceUid=<gen:2>, path=com.frenchies.tennisclub.entity.Booking.user2)
    - QuerySpaces
       - EntityQuerySpaceImpl(uid=<gen:0>, entity=com.frenchies.tennisclub.entity.Booking)
          - SQL table alias mapping - booking0_
          - alias suffix - 0_
          - suffixed key columns - {idBookin1_0_0_}

12:59:36.867 [main] DEBUG o.h.loader.entity.plan.EntityLoader - Static select for entity com.frenchies.tennisclub.entity.Booking [UPGRADE]: select booking0_.idBooking as idBookin1_0_0_, booking0_.dateOfBooking as dateOfBo2_0_0_, booking0_.hourOfBooking as hourOfBo3_0_0_, booking0_.idCourt as idCourt4_0_0_, booking0_.user1_id as user5_0_0_, booking0_.user2_id as user6_0_0_ from Booking booking0_ where booking0_.idBooking=? for update with rs
12:59:36.867 [main] DEBUG o.h.l.p.b.i.spaces.QuerySpacesImpl - Adding QuerySpace : uid = <gen:0> -> org.hibernate.loader.plan.build.internal.spaces.EntityQuerySpaceImpl@7640a5b1]
12:59:36.867 [main] DEBUG o.h.p.w.spi.MetamodelGraphWalker - Visiting attribute path : dateOfBooking
12:59:36.867 [main] DEBUG o.h.p.w.spi.MetamodelGraphWalker - Visiting attribute path : hourOfBooking
12:59:36.867 [main] DEBUG o.h.p.w.spi.MetamodelGraphWalker - Visiting attribute path : idCourt
12:59:36.867 [main] DEBUG o.h.p.w.spi.MetamodelGraphWalker - Visiting attribute path : user1
12:59:36.867 [main] DEBUG o.h.l.p.b.i.spaces.QuerySpacesImpl - Adding QuerySpace : uid = <gen:1> -> org.hibernate.loader.plan.build.internal.spaces.EntityQuerySpaceImpl@23f3da8b]
12:59:36.867 [main] DEBUG o.h.p.w.spi.MetamodelGraphWalker - Visiting attribute path : user2
12:59:36.867 [main] DEBUG o.h.l.p.b.i.spaces.QuerySpacesImpl - Adding QuerySpace : uid = <gen:2> -> org.hibernate.loader.plan.build.internal.spaces.EntityQuerySpaceImpl@5634d0f4]
12:59:36.867 [main] DEBUG o.h.l.p.b.i.FetchStyleLoadPlanBuildingAssociationVisitationStrategy - Building LoadPlan...
12:59:36.867 [main] DEBUG o.h.l.p.e.i.LoadQueryJoinAndFetchProcessor - processing queryspace <gen:0>
12:59:36.868 [main] DEBUG o.h.l.p.b.spi.LoadPlanTreePrinter - LoadPlan(entity=com.frenchies.tennisclub.entity.Booking)
    - Returns
       - EntityReturnImpl(entity=com.frenchies.tennisclub.entity.Booking, querySpaceUid=<gen:0>, path=com.frenchies.tennisclub.entity.Booking)
          - EntityAttributeFetchImpl(entity=com.frenchies.tennisclub.entity.User, querySpaceUid=<gen:1>, path=com.frenchies.tennisclub.entity.Booking.user1)
          - EntityAttributeFetchImpl(entity=com.frenchies.tennisclub.entity.User, querySpaceUid=<gen:2>, path=com.frenchies.tennisclub.entity.Booking.user2)
    - QuerySpaces
       - EntityQuerySpaceImpl(uid=<gen:0>, entity=com.frenchies.tennisclub.entity.Booking)
          - SQL table alias mapping - booking0_
          - alias suffix - 0_
          - suffixed key columns - {idBookin1_0_0_}

12:59:36.868 [main] DEBUG o.h.loader.entity.plan.EntityLoader - Static select for entity com.frenchies.tennisclub.entity.Booking [UPGRADE_NOWAIT]: select booking0_.idBooking as idBookin1_0_0_, booking0_.dateOfBooking as dateOfBo2_0_0_, booking0_.hourOfBooking as hourOfBo3_0_0_, booking0_.idCourt as idCourt4_0_0_, booking0_.user1_id as user5_0_0_, booking0_.user2_id as user6_0_0_ from Booking booking0_ where booking0_.idBooking=? for update with rs
12:59:36.868 [main] DEBUG o.h.l.p.b.i.spaces.QuerySpacesImpl - Adding QuerySpace : uid = <gen:0> -> org.hibernate.loader.plan.build.internal.spaces.EntityQuerySpaceImpl@252a8aae]
12:59:36.868 [main] DEBUG o.h.p.w.spi.MetamodelGraphWalker - Visiting attribute path : dateOfBooking
12:59:36.868 [main] DEBUG o.h.p.w.spi.MetamodelGraphWalker - Visiting attribute path : hourOfBooking
12:59:36.868 [main] DEBUG o.h.p.w.spi.MetamodelGraphWalker - Visiting attribute path : idCourt
12:59:36.868 [main] DEBUG o.h.p.w.spi.MetamodelGraphWalker - Visiting attribute path : user1
12:59:36.868 [main] DEBUG o.h.l.p.b.i.spaces.QuerySpacesImpl - Adding QuerySpace : uid = <gen:1> -> org.hibernate.loader.plan.build.internal.spaces.EntityQuerySpaceImpl@54e2fe]
12:59:36.868 [main] DEBUG o.h.p.w.spi.MetamodelGraphWalker - Visiting attribute path : user2
12:59:36.868 [main] DEBUG o.h.l.p.b.i.spaces.QuerySpacesImpl - Adding QuerySpace : uid = <gen:2> -> org.hibernate.loader.plan.build.internal.spaces.EntityQuerySpaceImpl@70972170]
12:59:36.868 [main] DEBUG o.h.l.p.b.i.FetchStyleLoadPlanBuildingAssociationVisitationStrategy - Building LoadPlan...
12:59:36.868 [main] DEBUG o.h.l.p.e.i.LoadQueryJoinAndFetchProcessor - processing queryspace <gen:0>
12:59:36.869 [main] DEBUG o.h.l.p.b.spi.LoadPlanTreePrinter - LoadPlan(entity=com.frenchies.tennisclub.entity.Booking)
    - Returns
       - EntityReturnImpl(entity=com.frenchies.tennisclub.entity.Booking, querySpaceUid=<gen:0>, path=com.frenchies.tennisclub.entity.Booking)
          - EntityAttributeFetchImpl(entity=com.frenchies.tennisclub.entity.User, querySpaceUid=<gen:1>, path=com.frenchies.tennisclub.entity.Booking.user1)
          - EntityAttributeFetchImpl(entity=com.frenchies.tennisclub.entity.User, querySpaceUid=<gen:2>, path=com.frenchies.tennisclub.entity.Booking.user2)
    - QuerySpaces
       - EntityQuerySpaceImpl(uid=<gen:0>, entity=com.frenchies.tennisclub.entity.Booking)
          - SQL table alias mapping - booking0_
          - alias suffix - 0_
          - suffixed key columns - {idBookin1_0_0_}

12:59:36.869 [main] DEBUG o.h.loader.entity.plan.EntityLoader - Static select for entity com.frenchies.tennisclub.entity.Booking [UPGRADE_SKIPLOCKED]: select booking0_.idBooking as idBookin1_0_0_, booking0_.dateOfBooking as dateOfBo2_0_0_, booking0_.hourOfBooking as hourOfBo3_0_0_, booking0_.idCourt as idCourt4_0_0_, booking0_.user1_id as user5_0_0_, booking0_.user2_id as user6_0_0_ from Booking booking0_ where booking0_.idBooking=? for update with rs
12:59:36.869 [main] DEBUG o.h.l.p.b.i.spaces.QuerySpacesImpl - Adding QuerySpace : uid = <gen:0> -> org.hibernate.loader.plan.build.internal.spaces.EntityQuerySpaceImpl@119aa36]
12:59:36.869 [main] DEBUG o.h.p.w.spi.MetamodelGraphWalker - Visiting attribute path : dateOfBooking
12:59:36.869 [main] DEBUG o.h.p.w.spi.MetamodelGraphWalker - Visiting attribute path : hourOfBooking
12:59:36.869 [main] DEBUG o.h.p.w.spi.MetamodelGraphWalker - Visiting attribute path : idCourt
12:59:36.869 [main] DEBUG o.h.p.w.spi.MetamodelGraphWalker - Visiting attribute path : user1
12:59:36.869 [main] DEBUG o.h.l.p.b.i.spaces.QuerySpacesImpl - Adding QuerySpace : uid = <gen:1> -> org.hibernate.loader.plan.build.internal.spaces.EntityQuerySpaceImpl@69fe0ed4]
12:59:36.869 [main] DEBUG o.h.p.w.spi.MetamodelGraphWalker - Visiting attribute path : user2
12:59:36.869 [main] DEBUG o.h.l.p.b.i.spaces.QuerySpacesImpl - Adding QuerySpace : uid = <gen:2> -> org.hibernate.loader.plan.build.internal.spaces.EntityQuerySpaceImpl@20ab3e3a]
12:59:36.869 [main] DEBUG o.h.l.p.b.i.FetchStyleLoadPlanBuildingAssociationVisitationStrategy - Building LoadPlan...
12:59:36.870 [main] DEBUG o.h.l.p.e.i.LoadQueryJoinAndFetchProcessor - processing queryspace <gen:0>
12:59:36.870 [main] DEBUG o.h.l.p.b.spi.LoadPlanTreePrinter - LoadPlan(entity=com.frenchies.tennisclub.entity.Booking)
    - Returns
       - EntityReturnImpl(entity=com.frenchies.tennisclub.entity.Booking, querySpaceUid=<gen:0>, path=com.frenchies.tennisclub.entity.Booking)
          - EntityAttributeFetchImpl(entity=com.frenchies.tennisclub.entity.User, querySpaceUid=<gen:1>, path=com.frenchies.tennisclub.entity.Booking.user1)
          - EntityAttributeFetchImpl(entity=com.frenchies.tennisclub.entity.User, querySpaceUid=<gen:2>, path=com.frenchies.tennisclub.entity.Booking.user2)
    - QuerySpaces
       - EntityQuerySpaceImpl(uid=<gen:0>, entity=com.frenchies.tennisclub.entity.Booking)
          - SQL table alias mapping - booking0_
          - alias suffix - 0_
          - suffixed key columns - {idBookin1_0_0_}

12:59:36.870 [main] DEBUG o.h.loader.entity.plan.EntityLoader - Static select for entity com.frenchies.tennisclub.entity.Booking [FORCE]: select booking0_.idBooking as idBookin1_0_0_, booking0_.dateOfBooking as dateOfBo2_0_0_, booking0_.hourOfBooking as hourOfBo3_0_0_, booking0_.idCourt as idCourt4_0_0_, booking0_.user1_id as user5_0_0_, booking0_.user2_id as user6_0_0_ from Booking booking0_ where booking0_.idBooking=? for update with rs
12:59:36.870 [main] DEBUG o.h.l.p.b.i.spaces.QuerySpacesImpl - Adding QuerySpace : uid = <gen:0> -> org.hibernate.loader.plan.build.internal.spaces.EntityQuerySpaceImpl@6caf7803]
12:59:36.870 [main] DEBUG o.h.p.w.spi.MetamodelGraphWalker - Visiting attribute path : dateOfBooking
12:59:36.870 [main] DEBUG o.h.p.w.spi.MetamodelGraphWalker - Visiting attribute path : hourOfBooking
12:59:36.870 [main] DEBUG o.h.p.w.spi.MetamodelGraphWalker - Visiting attribute path : idCourt
12:59:36.870 [main] DEBUG o.h.p.w.spi.MetamodelGraphWalker - Visiting attribute path : user1
12:59:36.871 [main] DEBUG o.h.l.p.b.i.spaces.QuerySpacesImpl - Adding QuerySpace : uid = <gen:1> -> org.hibernate.loader.plan.build.internal.spaces.EntityQuerySpaceImpl@698fee9a]
12:59:36.871 [main] DEBUG o.h.p.w.spi.MetamodelGraphWalker - Visiting attribute path : user2
12:59:36.871 [main] DEBUG o.h.l.p.b.i.spaces.QuerySpacesImpl - Adding QuerySpace : uid = <gen:2> -> org.hibernate.loader.plan.build.internal.spaces.EntityQuerySpaceImpl@102c577f]
12:59:36.871 [main] DEBUG o.h.l.p.b.i.FetchStyleLoadPlanBuildingAssociationVisitationStrategy - Building LoadPlan...
12:59:36.871 [main] DEBUG o.h.l.p.e.i.LoadQueryJoinAndFetchProcessor - processing queryspace <gen:0>
12:59:36.871 [main] DEBUG o.h.l.p.b.spi.LoadPlanTreePrinter - LoadPlan(entity=com.frenchies.tennisclub.entity.Booking)
    - Returns
       - EntityReturnImpl(entity=com.frenchies.tennisclub.entity.Booking, querySpaceUid=<gen:0>, path=com.frenchies.tennisclub.entity.Booking)
          - EntityAttributeFetchImpl(entity=com.frenchies.tennisclub.entity.User, querySpaceUid=<gen:1>, path=com.frenchies.tennisclub.entity.Booking.user1)
          - EntityAttributeFetchImpl(entity=com.frenchies.tennisclub.entity.User, querySpaceUid=<gen:2>, path=com.frenchies.tennisclub.entity.Booking.user2)
    - QuerySpaces
       - EntityQuerySpaceImpl(uid=<gen:0>, entity=com.frenchies.tennisclub.entity.Booking)
          - SQL table alias mapping - booking0_
          - alias suffix - 0_
          - suffixed key columns - {idBookin1_0_0_}

12:59:36.871 [main] DEBUG o.h.loader.entity.plan.EntityLoader - Static select for entity com.frenchies.tennisclub.entity.Booking [PESSIMISTIC_READ]: select booking0_.idBooking as idBookin1_0_0_, booking0_.dateOfBooking as dateOfBo2_0_0_, booking0_.hourOfBooking as hourOfBo3_0_0_, booking0_.idCourt as idCourt4_0_0_, booking0_.user1_id as user5_0_0_, booking0_.user2_id as user6_0_0_ from Booking booking0_ where booking0_.idBooking=? for read only with rs
12:59:36.872 [main] DEBUG o.h.l.p.b.i.spaces.QuerySpacesImpl - Adding QuerySpace : uid = <gen:0> -> org.hibernate.loader.plan.build.internal.spaces.EntityQuerySpaceImpl@7d44a19]
12:59:36.872 [main] DEBUG o.h.p.w.spi.MetamodelGraphWalker - Visiting attribute path : dateOfBooking
12:59:36.872 [main] DEBUG o.h.p.w.spi.MetamodelGraphWalker - Visiting attribute path : hourOfBooking
12:59:36.872 [main] DEBUG o.h.p.w.spi.MetamodelGraphWalker - Visiting attribute path : idCourt
12:59:36.872 [main] DEBUG o.h.p.w.spi.MetamodelGraphWalker - Visiting attribute path : user1
12:59:36.872 [main] DEBUG o.h.l.p.b.i.spaces.QuerySpacesImpl - Adding QuerySpace : uid = <gen:1> -> org.hibernate.loader.plan.build.internal.spaces.EntityQuerySpaceImpl@1716e8c5]
12:59:36.872 [main] DEBUG o.h.p.w.spi.MetamodelGraphWalker - Visiting attribute path : user2
12:59:36.872 [main] DEBUG o.h.l.p.b.i.spaces.QuerySpacesImpl - Adding QuerySpace : uid = <gen:2> -> org.hibernate.loader.plan.build.internal.spaces.EntityQuerySpaceImpl@6573d2f7]
12:59:36.872 [main] DEBUG o.h.l.p.b.i.FetchStyleLoadPlanBuildingAssociationVisitationStrategy - Building LoadPlan...
12:59:36.872 [main] DEBUG o.h.l.p.e.i.LoadQueryJoinAndFetchProcessor - processing queryspace <gen:0>
12:59:36.872 [main] DEBUG o.h.l.p.b.spi.LoadPlanTreePrinter - LoadPlan(entity=com.frenchies.tennisclub.entity.Booking)
    - Returns
       - EntityReturnImpl(entity=com.frenchies.tennisclub.entity.Booking, querySpaceUid=<gen:0>, path=com.frenchies.tennisclub.entity.Booking)
          - EntityAttributeFetchImpl(entity=com.frenchies.tennisclub.entity.User, querySpaceUid=<gen:1>, path=com.frenchies.tennisclub.entity.Booking.user1)
          - EntityAttributeFetchImpl(entity=com.frenchies.tennisclub.entity.User, querySpaceUid=<gen:2>, path=com.frenchies.tennisclub.entity.Booking.user2)
    - QuerySpaces
       - EntityQuerySpaceImpl(uid=<gen:0>, entity=com.frenchies.tennisclub.entity.Booking)
          - SQL table alias mapping - booking0_
          - alias suffix - 0_
          - suffixed key columns - {idBookin1_0_0_}

12:59:36.873 [main] DEBUG o.h.loader.entity.plan.EntityLoader - Static select for entity com.frenchies.tennisclub.entity.Booking [PESSIMISTIC_WRITE]: select booking0_.idBooking as idBookin1_0_0_, booking0_.dateOfBooking as dateOfBo2_0_0_, booking0_.hourOfBooking as hourOfBo3_0_0_, booking0_.idCourt as idCourt4_0_0_, booking0_.user1_id as user5_0_0_, booking0_.user2_id as user6_0_0_ from Booking booking0_ where booking0_.idBooking=? for update with rs
12:59:36.873 [main] DEBUG o.h.l.p.b.i.spaces.QuerySpacesImpl - Adding QuerySpace : uid = <gen:0> -> org.hibernate.loader.plan.build.internal.spaces.EntityQuerySpaceImpl@4052c8c2]
12:59:36.873 [main] DEBUG o.h.p.w.spi.MetamodelGraphWalker - Visiting attribute path : dateOfBooking
12:59:36.873 [main] DEBUG o.h.p.w.spi.MetamodelGraphWalker - Visiting attribute path : hourOfBooking
12:59:36.873 [main] DEBUG o.h.p.w.spi.MetamodelGraphWalker - Visiting attribute path : idCourt
12:59:36.873 [main] DEBUG o.h.p.w.spi.MetamodelGraphWalker - Visiting attribute path : user1
12:59:36.873 [main] DEBUG o.h.l.p.b.i.spaces.QuerySpacesImpl - Adding QuerySpace : uid = <gen:1> -> org.hibernate.loader.plan.build.internal.spaces.EntityQuerySpaceImpl@38eb0f4d]
12:59:36.873 [main] DEBUG o.h.p.w.spi.MetamodelGraphWalker - Visiting attribute path : user2
12:59:36.873 [main] DEBUG o.h.l.p.b.i.spaces.QuerySpacesImpl - Adding QuerySpace : uid = <gen:2> -> org.hibernate.loader.plan.build.internal.spaces.EntityQuerySpaceImpl@437486cd]
12:59:36.873 [main] DEBUG o.h.l.p.b.i.FetchStyleLoadPlanBuildingAssociationVisitationStrategy - Building LoadPlan...
12:59:36.873 [main] DEBUG o.h.l.p.e.i.LoadQueryJoinAndFetchProcessor - processing queryspace <gen:0>
12:59:36.874 [main] DEBUG o.h.l.p.b.spi.LoadPlanTreePrinter - LoadPlan(entity=com.frenchies.tennisclub.entity.Booking)
    - Returns
       - EntityReturnImpl(entity=com.frenchies.tennisclub.entity.Booking, querySpaceUid=<gen:0>, path=com.frenchies.tennisclub.entity.Booking)
          - EntityAttributeFetchImpl(entity=com.frenchies.tennisclub.entity.User, querySpaceUid=<gen:1>, path=com.frenchies.tennisclub.entity.Booking.user1)
          - EntityAttributeFetchImpl(entity=com.frenchies.tennisclub.entity.User, querySpaceUid=<gen:2>, path=com.frenchies.tennisclub.entity.Booking.user2)
    - QuerySpaces
       - EntityQuerySpaceImpl(uid=<gen:0>, entity=com.frenchies.tennisclub.entity.Booking)
          - SQL table alias mapping - booking0_
          - alias suffix - 0_
          - suffixed key columns - {idBookin1_0_0_}

12:59:36.874 [main] DEBUG o.h.loader.entity.plan.EntityLoader - Static select for entity com.frenchies.tennisclub.entity.Booking [PESSIMISTIC_FORCE_INCREMENT]: select booking0_.idBooking as idBookin1_0_0_, booking0_.dateOfBooking as dateOfBo2_0_0_, booking0_.hourOfBooking as hourOfBo3_0_0_, booking0_.idCourt as idCourt4_0_0_, booking0_.user1_id as user5_0_0_, booking0_.user2_id as user6_0_0_ from Booking booking0_ where booking0_.idBooking=? for update with rs
12:59:36.875 [main] DEBUG o.h.l.p.b.i.spaces.QuerySpacesImpl - Adding QuerySpace : uid = <gen:0> -> org.hibernate.loader.plan.build.internal.spaces.EntityQuerySpaceImpl@15b642b9]
12:59:36.875 [main] DEBUG o.h.p.w.spi.MetamodelGraphWalker - Visiting attribute path : dateOfBooking
12:59:36.875 [main] DEBUG o.h.p.w.spi.MetamodelGraphWalker - Visiting attribute path : hourOfBooking
12:59:36.875 [main] DEBUG o.h.p.w.spi.MetamodelGraphWalker - Visiting attribute path : idCourt
12:59:36.875 [main] DEBUG o.h.p.w.spi.MetamodelGraphWalker - Visiting attribute path : user1
12:59:36.875 [main] DEBUG o.h.l.p.b.i.spaces.QuerySpacesImpl - Adding QuerySpace : uid = <gen:1> -> org.hibernate.loader.plan.build.internal.spaces.EntityQuerySpaceImpl@317a118b]
12:59:36.875 [main] DEBUG o.h.p.w.spi.MetamodelGraphWalker - Visiting attribute path : user2
12:59:36.875 [main] DEBUG o.h.l.p.b.i.spaces.QuerySpacesImpl - Adding QuerySpace : uid = <gen:2> -> org.hibernate.loader.plan.build.internal.spaces.EntityQuerySpaceImpl@56dfab87]
12:59:36.875 [main] DEBUG o.h.l.p.b.i.FetchStyleLoadPlanBuildingAssociationVisitationStrategy - Building LoadPlan...
12:59:36.875 [main] DEBUG o.h.l.p.e.i.LoadQueryJoinAndFetchProcessor - processing queryspace <gen:0>
12:59:36.876 [main] DEBUG o.h.l.p.b.spi.LoadPlanTreePrinter - LoadPlan(entity=com.frenchies.tennisclub.entity.Booking)
    - Returns
       - EntityReturnImpl(entity=com.frenchies.tennisclub.entity.Booking, querySpaceUid=<gen:0>, path=com.frenchies.tennisclub.entity.Booking)
          - EntityAttributeFetchImpl(entity=com.frenchies.tennisclub.entity.User, querySpaceUid=<gen:1>, path=com.frenchies.tennisclub.entity.Booking.user1)
          - EntityAttributeFetchImpl(entity=com.frenchies.tennisclub.entity.User, querySpaceUid=<gen:2>, path=com.frenchies.tennisclub.entity.Booking.user2)
    - QuerySpaces
       - EntityQuerySpaceImpl(uid=<gen:0>, entity=com.frenchies.tennisclub.entity.Booking)
          - SQL table alias mapping - booking0_
          - alias suffix - 0_
          - suffixed key columns - {idBookin1_0_0_}

12:59:36.876 [main] DEBUG o.h.loader.entity.plan.EntityLoader - Static select for entity com.frenchies.tennisclub.entity.Booking [OPTIMISTIC]: select booking0_.idBooking as idBookin1_0_0_, booking0_.dateOfBooking as dateOfBo2_0_0_, booking0_.hourOfBooking as hourOfBo3_0_0_, booking0_.idCourt as idCourt4_0_0_, booking0_.user1_id as user5_0_0_, booking0_.user2_id as user6_0_0_ from Booking booking0_ where booking0_.idBooking=?
12:59:36.876 [main] DEBUG o.h.l.p.b.i.spaces.QuerySpacesImpl - Adding QuerySpace : uid = <gen:0> -> org.hibernate.loader.plan.build.internal.spaces.EntityQuerySpaceImpl@715b886f]
12:59:36.876 [main] DEBUG o.h.p.w.spi.MetamodelGraphWalker - Visiting attribute path : dateOfBooking
12:59:36.876 [main] DEBUG o.h.p.w.spi.MetamodelGraphWalker - Visiting attribute path : hourOfBooking
12:59:36.876 [main] DEBUG o.h.p.w.spi.MetamodelGraphWalker - Visiting attribute path : idCourt
12:59:36.876 [main] DEBUG o.h.p.w.spi.MetamodelGraphWalker - Visiting attribute path : user1
12:59:36.876 [main] DEBUG o.h.l.p.b.i.spaces.QuerySpacesImpl - Adding QuerySpace : uid = <gen:1> -> org.hibernate.loader.plan.build.internal.spaces.EntityQuerySpaceImpl@1e253c9d]
12:59:36.876 [main] DEBUG o.h.p.w.spi.MetamodelGraphWalker - Visiting attribute path : user2
12:59:36.876 [main] DEBUG o.h.l.p.b.i.spaces.QuerySpacesImpl - Adding QuerySpace : uid = <gen:2> -> org.hibernate.loader.plan.build.internal.spaces.EntityQuerySpaceImpl@350d3f4d]
12:59:36.876 [main] DEBUG o.h.l.p.b.i.FetchStyleLoadPlanBuildingAssociationVisitationStrategy - Building LoadPlan...
12:59:36.877 [main] DEBUG o.h.l.p.e.i.LoadQueryJoinAndFetchProcessor - processing queryspace <gen:0>
12:59:36.877 [main] DEBUG o.h.l.p.b.spi.LoadPlanTreePrinter - LoadPlan(entity=com.frenchies.tennisclub.entity.Booking)
    - Returns
       - EntityReturnImpl(entity=com.frenchies.tennisclub.entity.Booking, querySpaceUid=<gen:0>, path=com.frenchies.tennisclub.entity.Booking)
          - EntityAttributeFetchImpl(entity=com.frenchies.tennisclub.entity.User, querySpaceUid=<gen:1>, path=com.frenchies.tennisclub.entity.Booking.user1)
          - EntityAttributeFetchImpl(entity=com.frenchies.tennisclub.entity.User, querySpaceUid=<gen:2>, path=com.frenchies.tennisclub.entity.Booking.user2)
    - QuerySpaces
       - EntityQuerySpaceImpl(uid=<gen:0>, entity=com.frenchies.tennisclub.entity.Booking)
          - SQL table alias mapping - booking0_
          - alias suffix - 0_
          - suffixed key columns - {idBookin1_0_0_}

12:59:36.877 [main] DEBUG o.h.loader.entity.plan.EntityLoader - Static select for entity com.frenchies.tennisclub.entity.Booking [OPTIMISTIC_FORCE_INCREMENT]: select booking0_.idBooking as idBookin1_0_0_, booking0_.dateOfBooking as dateOfBo2_0_0_, booking0_.hourOfBooking as hourOfBo3_0_0_, booking0_.idCourt as idCourt4_0_0_, booking0_.user1_id as user5_0_0_, booking0_.user2_id as user6_0_0_ from Booking booking0_ where booking0_.idBooking=?
12:59:36.877 [main] DEBUG org.hibernate.loader.Loader - Static select for action ACTION_MERGE on entity com.frenchies.tennisclub.entity.Booking: select booking0_.idBooking as idBookin1_0_0_, booking0_.dateOfBooking as dateOfBo2_0_0_, booking0_.hourOfBooking as hourOfBo3_0_0_, booking0_.idCourt as idCourt4_0_0_, booking0_.user1_id as user5_0_0_, booking0_.user2_id as user6_0_0_ from Booking booking0_ where booking0_.idBooking=?
12:59:36.878 [main] DEBUG org.hibernate.loader.Loader - Static select for action ACTION_REFRESH on entity com.frenchies.tennisclub.entity.Booking: select booking0_.idBooking as idBookin1_0_0_, booking0_.dateOfBooking as dateOfBo2_0_0_, booking0_.hourOfBooking as hourOfBo3_0_0_, booking0_.idCourt as idCourt4_0_0_, booking0_.user1_id as user5_0_0_, booking0_.user2_id as user6_0_0_ from Booking booking0_ where booking0_.idBooking=?
12:59:36.882 [main] DEBUG o.h.p.entity.AbstractEntityPersister - Static SQL for entity: com.frenchies.tennisclub.entity.Court
12:59:36.882 [main] DEBUG o.h.p.entity.AbstractEntityPersister -  Version select: select idCourt from Court where idCourt =?
12:59:36.882 [main] DEBUG o.h.p.entity.AbstractEntityPersister -  Snapshot select: select court_.idCourt, court_.latitude as latitude2_1_, court_.longitude as longitud3_1_, court_.status as status4_1_, court_.type as type5_1_ from Court court_ where court_.idCourt=?
12:59:36.882 [main] DEBUG o.h.p.entity.AbstractEntityPersister -  Insert 0: insert into Court (latitude, longitude, status, type, idCourt) values (?, ?, ?, ?, ?)
12:59:36.882 [main] DEBUG o.h.p.entity.AbstractEntityPersister -  Update 0: update Court set latitude=?, longitude=?, status=?, type=? where idCourt=?
12:59:36.882 [main] DEBUG o.h.p.entity.AbstractEntityPersister -  Delete 0: delete from Court where idCourt=?
12:59:36.882 [main] DEBUG o.h.p.entity.AbstractEntityPersister -  Identity insert: insert into Court (idCourt, latitude, longitude, status, type) values (default, ?, ?, ?, ?)
12:59:36.882 [main] DEBUG o.h.l.p.b.i.spaces.QuerySpacesImpl - Adding QuerySpace : uid = <gen:0> -> org.hibernate.loader.plan.build.internal.spaces.EntityQuerySpaceImpl@18b8d173]
12:59:36.882 [main] DEBUG o.h.p.w.spi.MetamodelGraphWalker - Visiting attribute path : latitude
12:59:36.882 [main] DEBUG o.h.p.w.spi.MetamodelGraphWalker - Visiting attribute path : longitude
12:59:36.882 [main] DEBUG o.h.p.w.spi.MetamodelGraphWalker - Visiting attribute path : status
12:59:36.882 [main] DEBUG o.h.p.w.spi.MetamodelGraphWalker - Visiting attribute path : type
12:59:36.882 [main] DEBUG o.h.l.p.b.i.FetchStyleLoadPlanBuildingAssociationVisitationStrategy - Building LoadPlan...
12:59:36.882 [main] DEBUG o.h.l.p.e.i.LoadQueryJoinAndFetchProcessor - processing queryspace <gen:0>
12:59:36.883 [main] DEBUG o.h.l.p.b.spi.LoadPlanTreePrinter - LoadPlan(entity=com.frenchies.tennisclub.entity.Court)
    - Returns
       - EntityReturnImpl(entity=com.frenchies.tennisclub.entity.Court, querySpaceUid=<gen:0>, path=com.frenchies.tennisclub.entity.Court)
    - QuerySpaces
       - EntityQuerySpaceImpl(uid=<gen:0>, entity=com.frenchies.tennisclub.entity.Court)
          - SQL table alias mapping - court0_
          - alias suffix - 0_
          - suffixed key columns - {idCourt1_1_0_}

12:59:36.883 [main] DEBUG o.h.loader.entity.plan.EntityLoader - Static select for entity com.frenchies.tennisclub.entity.Court [NONE]: select court0_.idCourt as idCourt1_1_0_, court0_.latitude as latitude2_1_0_, court0_.longitude as longitud3_1_0_, court0_.status as status4_1_0_, court0_.type as type5_1_0_ from Court court0_ where court0_.idCourt=?
12:59:36.883 [main] DEBUG o.h.l.p.b.i.spaces.QuerySpacesImpl - Adding QuerySpace : uid = <gen:0> -> org.hibernate.loader.plan.build.internal.spaces.EntityQuerySpaceImpl@44f24a20]
12:59:36.883 [main] DEBUG o.h.p.w.spi.MetamodelGraphWalker - Visiting attribute path : latitude
12:59:36.883 [main] DEBUG o.h.p.w.spi.MetamodelGraphWalker - Visiting attribute path : longitude
12:59:36.883 [main] DEBUG o.h.p.w.spi.MetamodelGraphWalker - Visiting attribute path : status
12:59:36.883 [main] DEBUG o.h.p.w.spi.MetamodelGraphWalker - Visiting attribute path : type
12:59:36.883 [main] DEBUG o.h.l.p.b.i.FetchStyleLoadPlanBuildingAssociationVisitationStrategy - Building LoadPlan...
12:59:36.883 [main] DEBUG o.h.l.p.e.i.LoadQueryJoinAndFetchProcessor - processing queryspace <gen:0>
12:59:36.884 [main] DEBUG o.h.l.p.b.spi.LoadPlanTreePrinter - LoadPlan(entity=com.frenchies.tennisclub.entity.Court)
    - Returns
       - EntityReturnImpl(entity=com.frenchies.tennisclub.entity.Court, querySpaceUid=<gen:0>, path=com.frenchies.tennisclub.entity.Court)
    - QuerySpaces
       - EntityQuerySpaceImpl(uid=<gen:0>, entity=com.frenchies.tennisclub.entity.Court)
          - SQL table alias mapping - court0_
          - alias suffix - 0_
          - suffixed key columns - {idCourt1_1_0_}

12:59:36.884 [main] DEBUG o.h.loader.entity.plan.EntityLoader - Static select for entity com.frenchies.tennisclub.entity.Court [READ]: select court0_.idCourt as idCourt1_1_0_, court0_.latitude as latitude2_1_0_, court0_.longitude as longitud3_1_0_, court0_.status as status4_1_0_, court0_.type as type5_1_0_ from Court court0_ where court0_.idCourt=?
12:59:36.884 [main] DEBUG o.h.l.p.b.i.spaces.QuerySpacesImpl - Adding QuerySpace : uid = <gen:0> -> org.hibernate.loader.plan.build.internal.spaces.EntityQuerySpaceImpl@46349b95]
12:59:36.884 [main] DEBUG o.h.p.w.spi.MetamodelGraphWalker - Visiting attribute path : latitude
12:59:36.884 [main] DEBUG o.h.p.w.spi.MetamodelGraphWalker - Visiting attribute path : longitude
12:59:36.884 [main] DEBUG o.h.p.w.spi.MetamodelGraphWalker - Visiting attribute path : status
12:59:36.884 [main] DEBUG o.h.p.w.spi.MetamodelGraphWalker - Visiting attribute path : type
12:59:36.884 [main] DEBUG o.h.l.p.b.i.FetchStyleLoadPlanBuildingAssociationVisitationStrategy - Building LoadPlan...
12:59:36.884 [main] DEBUG o.h.l.p.e.i.LoadQueryJoinAndFetchProcessor - processing queryspace <gen:0>
12:59:36.884 [main] DEBUG o.h.l.p.b.spi.LoadPlanTreePrinter - LoadPlan(entity=com.frenchies.tennisclub.entity.Court)
    - Returns
       - EntityReturnImpl(entity=com.frenchies.tennisclub.entity.Court, querySpaceUid=<gen:0>, path=com.frenchies.tennisclub.entity.Court)
    - QuerySpaces
       - EntityQuerySpaceImpl(uid=<gen:0>, entity=com.frenchies.tennisclub.entity.Court)
          - SQL table alias mapping - court0_
          - alias suffix - 0_
          - suffixed key columns - {idCourt1_1_0_}

12:59:36.884 [main] DEBUG o.h.loader.entity.plan.EntityLoader - Static select for entity com.frenchies.tennisclub.entity.Court [UPGRADE]: select court0_.idCourt as idCourt1_1_0_, court0_.latitude as latitude2_1_0_, court0_.longitude as longitud3_1_0_, court0_.status as status4_1_0_, court0_.type as type5_1_0_ from Court court0_ where court0_.idCourt=? for update with rs
12:59:36.884 [main] DEBUG o.h.l.p.b.i.spaces.QuerySpacesImpl - Adding QuerySpace : uid = <gen:0> -> org.hibernate.loader.plan.build.internal.spaces.EntityQuerySpaceImpl@411c6d44]
12:59:36.885 [main] DEBUG o.h.p.w.spi.MetamodelGraphWalker - Visiting attribute path : latitude
12:59:36.885 [main] DEBUG o.h.p.w.spi.MetamodelGraphWalker - Visiting attribute path : longitude
12:59:36.885 [main] DEBUG o.h.p.w.spi.MetamodelGraphWalker - Visiting attribute path : status
12:59:36.885 [main] DEBUG o.h.p.w.spi.MetamodelGraphWalker - Visiting attribute path : type
12:59:36.885 [main] DEBUG o.h.l.p.b.i.FetchStyleLoadPlanBuildingAssociationVisitationStrategy - Building LoadPlan...
12:59:36.885 [main] DEBUG o.h.l.p.e.i.LoadQueryJoinAndFetchProcessor - processing queryspace <gen:0>
12:59:36.885 [main] DEBUG o.h.l.p.b.spi.LoadPlanTreePrinter - LoadPlan(entity=com.frenchies.tennisclub.entity.Court)
    - Returns
       - EntityReturnImpl(entity=com.frenchies.tennisclub.entity.Court, querySpaceUid=<gen:0>, path=com.frenchies.tennisclub.entity.Court)
    - QuerySpaces
       - EntityQuerySpaceImpl(uid=<gen:0>, entity=com.frenchies.tennisclub.entity.Court)
          - SQL table alias mapping - court0_
          - alias suffix - 0_
          - suffixed key columns - {idCourt1_1_0_}

12:59:36.885 [main] DEBUG o.h.loader.entity.plan.EntityLoader - Static select for entity com.frenchies.tennisclub.entity.Court [UPGRADE_NOWAIT]: select court0_.idCourt as idCourt1_1_0_, court0_.latitude as latitude2_1_0_, court0_.longitude as longitud3_1_0_, court0_.status as status4_1_0_, court0_.type as type5_1_0_ from Court court0_ where court0_.idCourt=? for update with rs
12:59:36.885 [main] DEBUG o.h.l.p.b.i.spaces.QuerySpacesImpl - Adding QuerySpace : uid = <gen:0> -> org.hibernate.loader.plan.build.internal.spaces.EntityQuerySpaceImpl@748d2277]
12:59:36.886 [main] DEBUG o.h.p.w.spi.MetamodelGraphWalker - Visiting attribute path : latitude
12:59:36.886 [main] DEBUG o.h.p.w.spi.MetamodelGraphWalker - Visiting attribute path : longitude
12:59:36.886 [main] DEBUG o.h.p.w.spi.MetamodelGraphWalker - Visiting attribute path : status
12:59:36.886 [main] DEBUG o.h.p.w.spi.MetamodelGraphWalker - Visiting attribute path : type
12:59:36.886 [main] DEBUG o.h.l.p.b.i.FetchStyleLoadPlanBuildingAssociationVisitationStrategy - Building LoadPlan...
12:59:36.886 [main] DEBUG o.h.l.p.e.i.LoadQueryJoinAndFetchProcessor - processing queryspace <gen:0>
12:59:36.886 [main] DEBUG o.h.l.p.b.spi.LoadPlanTreePrinter - LoadPlan(entity=com.frenchies.tennisclub.entity.Court)
    - Returns
       - EntityReturnImpl(entity=com.frenchies.tennisclub.entity.Court, querySpaceUid=<gen:0>, path=com.frenchies.tennisclub.entity.Court)
    - QuerySpaces
       - EntityQuerySpaceImpl(uid=<gen:0>, entity=com.frenchies.tennisclub.entity.Court)
          - SQL table alias mapping - court0_
          - alias suffix - 0_
          - suffixed key columns - {idCourt1_1_0_}

12:59:36.886 [main] DEBUG o.h.loader.entity.plan.EntityLoader - Static select for entity com.frenchies.tennisclub.entity.Court [UPGRADE_SKIPLOCKED]: select court0_.idCourt as idCourt1_1_0_, court0_.latitude as latitude2_1_0_, court0_.longitude as longitud3_1_0_, court0_.status as status4_1_0_, court0_.type as type5_1_0_ from Court court0_ where court0_.idCourt=? for update with rs
12:59:36.886 [main] DEBUG o.h.l.p.b.i.spaces.QuerySpacesImpl - Adding QuerySpace : uid = <gen:0> -> org.hibernate.loader.plan.build.internal.spaces.EntityQuerySpaceImpl@d5d5353]
12:59:36.886 [main] DEBUG o.h.p.w.spi.MetamodelGraphWalker - Visiting attribute path : latitude
12:59:36.886 [main] DEBUG o.h.p.w.spi.MetamodelGraphWalker - Visiting attribute path : longitude
12:59:36.886 [main] DEBUG o.h.p.w.spi.MetamodelGraphWalker - Visiting attribute path : status
12:59:36.886 [main] DEBUG o.h.p.w.spi.MetamodelGraphWalker - Visiting attribute path : type
12:59:36.886 [main] DEBUG o.h.l.p.b.i.FetchStyleLoadPlanBuildingAssociationVisitationStrategy - Building LoadPlan...
12:59:36.887 [main] DEBUG o.h.l.p.e.i.LoadQueryJoinAndFetchProcessor - processing queryspace <gen:0>
12:59:36.887 [main] DEBUG o.h.l.p.b.spi.LoadPlanTreePrinter - LoadPlan(entity=com.frenchies.tennisclub.entity.Court)
    - Returns
       - EntityReturnImpl(entity=com.frenchies.tennisclub.entity.Court, querySpaceUid=<gen:0>, path=com.frenchies.tennisclub.entity.Court)
    - QuerySpaces
       - EntityQuerySpaceImpl(uid=<gen:0>, entity=com.frenchies.tennisclub.entity.Court)
          - SQL table alias mapping - court0_
          - alias suffix - 0_
          - suffixed key columns - {idCourt1_1_0_}

12:59:36.887 [main] DEBUG o.h.loader.entity.plan.EntityLoader - Static select for entity com.frenchies.tennisclub.entity.Court [FORCE]: select court0_.idCourt as idCourt1_1_0_, court0_.latitude as latitude2_1_0_, court0_.longitude as longitud3_1_0_, court0_.status as status4_1_0_, court0_.type as type5_1_0_ from Court court0_ where court0_.idCourt=? for update with rs
12:59:36.887 [main] DEBUG o.h.l.p.b.i.spaces.QuerySpacesImpl - Adding QuerySpace : uid = <gen:0> -> org.hibernate.loader.plan.build.internal.spaces.EntityQuerySpaceImpl@39a87e72]
12:59:36.887 [main] DEBUG o.h.p.w.spi.MetamodelGraphWalker - Visiting attribute path : latitude
12:59:36.887 [main] DEBUG o.h.p.w.spi.MetamodelGraphWalker - Visiting attribute path : longitude
12:59:36.887 [main] DEBUG o.h.p.w.spi.MetamodelGraphWalker - Visiting attribute path : status
12:59:36.887 [main] DEBUG o.h.p.w.spi.MetamodelGraphWalker - Visiting attribute path : type
12:59:36.887 [main] DEBUG o.h.l.p.b.i.FetchStyleLoadPlanBuildingAssociationVisitationStrategy - Building LoadPlan...
12:59:36.888 [main] DEBUG o.h.l.p.e.i.LoadQueryJoinAndFetchProcessor - processing queryspace <gen:0>
12:59:36.888 [main] DEBUG o.h.l.p.b.spi.LoadPlanTreePrinter - LoadPlan(entity=com.frenchies.tennisclub.entity.Court)
    - Returns
       - EntityReturnImpl(entity=com.frenchies.tennisclub.entity.Court, querySpaceUid=<gen:0>, path=com.frenchies.tennisclub.entity.Court)
    - QuerySpaces
       - EntityQuerySpaceImpl(uid=<gen:0>, entity=com.frenchies.tennisclub.entity.Court)
          - SQL table alias mapping - court0_
          - alias suffix - 0_
          - suffixed key columns - {idCourt1_1_0_}

12:59:36.888 [main] DEBUG o.h.loader.entity.plan.EntityLoader - Static select for entity com.frenchies.tennisclub.entity.Court [PESSIMISTIC_READ]: select court0_.idCourt as idCourt1_1_0_, court0_.latitude as latitude2_1_0_, court0_.longitude as longitud3_1_0_, court0_.status as status4_1_0_, court0_.type as type5_1_0_ from Court court0_ where court0_.idCourt=? for read only with rs
12:59:36.888 [main] DEBUG o.h.l.p.b.i.spaces.QuerySpacesImpl - Adding QuerySpace : uid = <gen:0> -> org.hibernate.loader.plan.build.internal.spaces.EntityQuerySpaceImpl@3a082ff4]
12:59:36.888 [main] DEBUG o.h.p.w.spi.MetamodelGraphWalker - Visiting attribute path : latitude
12:59:36.888 [main] DEBUG o.h.p.w.spi.MetamodelGraphWalker - Visiting attribute path : longitude
12:59:36.888 [main] DEBUG o.h.p.w.spi.MetamodelGraphWalker - Visiting attribute path : status
12:59:36.888 [main] DEBUG o.h.p.w.spi.MetamodelGraphWalker - Visiting attribute path : type
12:59:36.888 [main] DEBUG o.h.l.p.b.i.FetchStyleLoadPlanBuildingAssociationVisitationStrategy - Building LoadPlan...
12:59:36.888 [main] DEBUG o.h.l.p.e.i.LoadQueryJoinAndFetchProcessor - processing queryspace <gen:0>
12:59:36.889 [main] DEBUG o.h.l.p.b.spi.LoadPlanTreePrinter - LoadPlan(entity=com.frenchies.tennisclub.entity.Court)
    - Returns
       - EntityReturnImpl(entity=com.frenchies.tennisclub.entity.Court, querySpaceUid=<gen:0>, path=com.frenchies.tennisclub.entity.Court)
    - QuerySpaces
       - EntityQuerySpaceImpl(uid=<gen:0>, entity=com.frenchies.tennisclub.entity.Court)
          - SQL table alias mapping - court0_
          - alias suffix - 0_
          - suffixed key columns - {idCourt1_1_0_}

12:59:36.889 [main] DEBUG o.h.loader.entity.plan.EntityLoader - Static select for entity com.frenchies.tennisclub.entity.Court [PESSIMISTIC_WRITE]: select court0_.idCourt as idCourt1_1_0_, court0_.latitude as latitude2_1_0_, court0_.longitude as longitud3_1_0_, court0_.status as status4_1_0_, court0_.type as type5_1_0_ from Court court0_ where court0_.idCourt=? for update with rs
12:59:36.889 [main] DEBUG o.h.l.p.b.i.spaces.QuerySpacesImpl - Adding QuerySpace : uid = <gen:0> -> org.hibernate.loader.plan.build.internal.spaces.EntityQuerySpaceImpl@3f0d6038]
12:59:36.889 [main] DEBUG o.h.p.w.spi.MetamodelGraphWalker - Visiting attribute path : latitude
12:59:36.889 [main] DEBUG o.h.p.w.spi.MetamodelGraphWalker - Visiting attribute path : longitude
12:59:36.889 [main] DEBUG o.h.p.w.spi.MetamodelGraphWalker - Visiting attribute path : status
12:59:36.889 [main] DEBUG o.h.p.w.spi.MetamodelGraphWalker - Visiting attribute path : type
12:59:36.889 [main] DEBUG o.h.l.p.b.i.FetchStyleLoadPlanBuildingAssociationVisitationStrategy - Building LoadPlan...
12:59:36.889 [main] DEBUG o.h.l.p.e.i.LoadQueryJoinAndFetchProcessor - processing queryspace <gen:0>
12:59:36.890 [main] DEBUG o.h.l.p.b.spi.LoadPlanTreePrinter - LoadPlan(entity=com.frenchies.tennisclub.entity.Court)
    - Returns
       - EntityReturnImpl(entity=com.frenchies.tennisclub.entity.Court, querySpaceUid=<gen:0>, path=com.frenchies.tennisclub.entity.Court)
    - QuerySpaces
       - EntityQuerySpaceImpl(uid=<gen:0>, entity=com.frenchies.tennisclub.entity.Court)
          - SQL table alias mapping - court0_
          - alias suffix - 0_
          - suffixed key columns - {idCourt1_1_0_}

12:59:36.890 [main] DEBUG o.h.loader.entity.plan.EntityLoader - Static select for entity com.frenchies.tennisclub.entity.Court [PESSIMISTIC_FORCE_INCREMENT]: select court0_.idCourt as idCourt1_1_0_, court0_.latitude as latitude2_1_0_, court0_.longitude as longitud3_1_0_, court0_.status as status4_1_0_, court0_.type as type5_1_0_ from Court court0_ where court0_.idCourt=? for update with rs
12:59:36.890 [main] DEBUG o.h.l.p.b.i.spaces.QuerySpacesImpl - Adding QuerySpace : uid = <gen:0> -> org.hibernate.loader.plan.build.internal.spaces.EntityQuerySpaceImpl@58f39564]
12:59:36.890 [main] DEBUG o.h.p.w.spi.MetamodelGraphWalker - Visiting attribute path : latitude
12:59:36.890 [main] DEBUG o.h.p.w.spi.MetamodelGraphWalker - Visiting attribute path : longitude
12:59:36.890 [main] DEBUG o.h.p.w.spi.MetamodelGraphWalker - Visiting attribute path : status
12:59:36.890 [main] DEBUG o.h.p.w.spi.MetamodelGraphWalker - Visiting attribute path : type
12:59:36.890 [main] DEBUG o.h.l.p.b.i.FetchStyleLoadPlanBuildingAssociationVisitationStrategy - Building LoadPlan...
12:59:36.890 [main] DEBUG o.h.l.p.e.i.LoadQueryJoinAndFetchProcessor - processing queryspace <gen:0>
12:59:36.890 [main] DEBUG o.h.l.p.b.spi.LoadPlanTreePrinter - LoadPlan(entity=com.frenchies.tennisclub.entity.Court)
    - Returns
       - EntityReturnImpl(entity=com.frenchies.tennisclub.entity.Court, querySpaceUid=<gen:0>, path=com.frenchies.tennisclub.entity.Court)
    - QuerySpaces
       - EntityQuerySpaceImpl(uid=<gen:0>, entity=com.frenchies.tennisclub.entity.Court)
          - SQL table alias mapping - court0_
          - alias suffix - 0_
          - suffixed key columns - {idCourt1_1_0_}

12:59:36.890 [main] DEBUG o.h.loader.entity.plan.EntityLoader - Static select for entity com.frenchies.tennisclub.entity.Court [OPTIMISTIC]: select court0_.idCourt as idCourt1_1_0_, court0_.latitude as latitude2_1_0_, court0_.longitude as longitud3_1_0_, court0_.status as status4_1_0_, court0_.type as type5_1_0_ from Court court0_ where court0_.idCourt=?
12:59:36.890 [main] DEBUG o.h.l.p.b.i.spaces.QuerySpacesImpl - Adding QuerySpace : uid = <gen:0> -> org.hibernate.loader.plan.build.internal.spaces.EntityQuerySpaceImpl@2f4c2cd4]
12:59:36.891 [main] DEBUG o.h.p.w.spi.MetamodelGraphWalker - Visiting attribute path : latitude
12:59:36.891 [main] DEBUG o.h.p.w.spi.MetamodelGraphWalker - Visiting attribute path : longitude
12:59:36.891 [main] DEBUG o.h.p.w.spi.MetamodelGraphWalker - Visiting attribute path : status
12:59:36.891 [main] DEBUG o.h.p.w.spi.MetamodelGraphWalker - Visiting attribute path : type
12:59:36.891 [main] DEBUG o.h.l.p.b.i.FetchStyleLoadPlanBuildingAssociationVisitationStrategy - Building LoadPlan...
12:59:36.891 [main] DEBUG o.h.l.p.e.i.LoadQueryJoinAndFetchProcessor - processing queryspace <gen:0>
12:59:36.891 [main] DEBUG o.h.l.p.b.spi.LoadPlanTreePrinter - LoadPlan(entity=com.frenchies.tennisclub.entity.Court)
    - Returns
       - EntityReturnImpl(entity=com.frenchies.tennisclub.entity.Court, querySpaceUid=<gen:0>, path=com.frenchies.tennisclub.entity.Court)
    - QuerySpaces
       - EntityQuerySpaceImpl(uid=<gen:0>, entity=com.frenchies.tennisclub.entity.Court)
          - SQL table alias mapping - court0_
          - alias suffix - 0_
          - suffixed key columns - {idCourt1_1_0_}

12:59:36.891 [main] DEBUG o.h.loader.entity.plan.EntityLoader - Static select for entity com.frenchies.tennisclub.entity.Court [OPTIMISTIC_FORCE_INCREMENT]: select court0_.idCourt as idCourt1_1_0_, court0_.latitude as latitude2_1_0_, court0_.longitude as longitud3_1_0_, court0_.status as status4_1_0_, court0_.type as type5_1_0_ from Court court0_ where court0_.idCourt=?
12:59:36.891 [main] DEBUG org.hibernate.loader.Loader - Static select for action ACTION_MERGE on entity com.frenchies.tennisclub.entity.Court: select court0_.idCourt as idCourt1_1_0_, court0_.latitude as latitude2_1_0_, court0_.longitude as longitud3_1_0_, court0_.status as status4_1_0_, court0_.type as type5_1_0_ from Court court0_ where court0_.idCourt=?
12:59:36.891 [main] DEBUG org.hibernate.loader.Loader - Static select for action ACTION_REFRESH on entity com.frenchies.tennisclub.entity.Court: select court0_.idCourt as idCourt1_1_0_, court0_.latitude as latitude2_1_0_, court0_.longitude as longitud3_1_0_, court0_.status as status4_1_0_, court0_.type as type5_1_0_ from Court court0_ where court0_.idCourt=?
12:59:36.893 [main] DEBUG o.h.internal.SessionFactoryRegistry - Initializing SessionFactoryRegistry : org.hibernate.internal.SessionFactoryRegistry@1cc680e
12:59:36.894 [main] DEBUG o.h.internal.SessionFactoryRegistry - Registering SessionFactory: f7735be7-a95c-4915-b12d-51b9535c2298 (<unnamed>)
12:59:36.894 [main] DEBUG o.h.internal.SessionFactoryRegistry - Not binding SessionFactory to JNDI, no JNDI name configured
12:59:36.894 [main] DEBUG o.h.internal.SessionFactoryImpl - Instantiated session factory
12:59:36.899 [main] DEBUG org.hibernate.cfg.Configuration - Processing hbm.xml files
12:59:36.899 [main] DEBUG org.hibernate.cfg.Configuration - Process annotated classes
12:59:36.899 [main] DEBUG org.hibernate.cfg.Configuration - Processing fk mappings (*ToOne and JoinedSubclass)
12:59:36.899 [main] DEBUG org.hibernate.cfg.Configuration - Processing extends queue
12:59:36.899 [main] DEBUG org.hibernate.cfg.Configuration - Processing extends queue
12:59:36.899 [main] DEBUG org.hibernate.cfg.Configuration - Processing collection mappings
12:59:36.899 [main] DEBUG org.hibernate.cfg.Configuration - Processing native query and ResultSetMapping mappings
12:59:36.899 [main] DEBUG org.hibernate.cfg.Configuration - Processing association property references
12:59:36.899 [main] DEBUG org.hibernate.cfg.Configuration - Creating tables' unique integer identifiers
12:59:36.899 [main] DEBUG org.hibernate.cfg.Configuration - Processing foreign key constraints
12:59:36.900 [main] DEBUG org.hibernate.cfg.Configuration - Resolving reference to class: com.frenchies.tennisclub.entity.User
12:59:36.900 [main] DEBUG org.hibernate.cfg.Configuration - Resolving reference to class: com.frenchies.tennisclub.entity.User
12:59:36.900 [main] DEBUG o.h.i.f.i.DefaultIdentifierGeneratorFactory - Setting dialect [org.hibernate.dialect.DerbyTenSevenDialect]
12:59:36.900 [main] DEBUG o.h.i.f.i.DefaultIdentifierGeneratorFactory - Setting dialect [org.hibernate.dialect.DerbyTenSevenDialect]
12:59:36.900 [main] DEBUG o.h.i.f.i.DefaultIdentifierGeneratorFactory - Setting dialect [org.hibernate.dialect.DerbyTenSevenDialect]
12:59:36.900 [main] DEBUG org.hibernate.cfg.Configuration - Processing hbm.xml files
12:59:36.901 [main] DEBUG org.hibernate.cfg.Configuration - Process annotated classes
12:59:36.901 [main] DEBUG org.hibernate.cfg.Configuration - Processing fk mappings (*ToOne and JoinedSubclass)
12:59:36.901 [main] DEBUG org.hibernate.cfg.Configuration - Processing extends queue
12:59:36.901 [main] DEBUG org.hibernate.cfg.Configuration - Processing extends queue
12:59:36.901 [main] DEBUG org.hibernate.cfg.Configuration - Processing collection mappings
12:59:36.901 [main] DEBUG org.hibernate.cfg.Configuration - Processing native query and ResultSetMapping mappings
12:59:36.901 [main] DEBUG org.hibernate.cfg.Configuration - Processing association property references
12:59:36.901 [main] DEBUG org.hibernate.cfg.Configuration - Creating tables' unique integer identifiers
12:59:36.901 [main] DEBUG org.hibernate.cfg.Configuration - Processing foreign key constraints
12:59:36.901 [main] DEBUG org.hibernate.cfg.Configuration - Resolving reference to class: com.frenchies.tennisclub.entity.User
12:59:36.901 [main] DEBUG org.hibernate.cfg.Configuration - Resolving reference to class: com.frenchies.tennisclub.entity.User
12:59:36.901 [main] DEBUG o.h.i.f.i.DefaultIdentifierGeneratorFactory - Setting dialect [org.hibernate.dialect.DerbyTenSevenDialect]
12:59:36.902 [main] DEBUG o.h.i.f.i.DefaultIdentifierGeneratorFactory - Setting dialect [org.hibernate.dialect.DerbyTenSevenDialect]
12:59:36.902 [main] DEBUG o.h.i.f.i.DefaultIdentifierGeneratorFactory - Setting dialect [org.hibernate.dialect.DerbyTenSevenDialect]
12:59:36.904 [main] DEBUG o.h.i.f.i.DefaultIdentifierGeneratorFactory - Setting dialect [org.hibernate.dialect.DerbyTenSevenDialect]
12:59:36.904 [main] DEBUG o.h.i.f.i.DefaultIdentifierGeneratorFactory - Setting dialect [org.hibernate.dialect.DerbyTenSevenDialect]
12:59:36.904 [main] DEBUG o.h.i.f.i.DefaultIdentifierGeneratorFactory - Setting dialect [org.hibernate.dialect.DerbyTenSevenDialect]
12:59:36.906 [main] INFO  o.h.tool.hbm2ddl.SchemaExport - HHH000227: Running hbm2ddl schema export
12:59:36.907 [main] DEBUG o.h.tool.hbm2ddl.SchemaExport - Import file not found: /import.sql
12:59:36.910 [main] DEBUG o.s.j.d.SimpleDriverDataSource - Creating new JDBC Driver Connection to [jdbc:derby:memory:testdb;create=true]
12:59:36.915 [main] DEBUG org.hibernate.SQL - 
    alter table Booking 
        drop constraint FK_lmol5h11bykg4uwy61b6cifhw
Hibernate: 
    alter table Booking 
        drop constraint FK_lmol5h11bykg4uwy61b6cifhw
12:59:36.928 [main] ERROR o.h.tool.hbm2ddl.SchemaExport - HHH000389: Unsuccessful: alter table Booking drop constraint FK_lmol5h11bykg4uwy61b6cifhw
12:59:36.928 [main] ERROR o.h.tool.hbm2ddl.SchemaExport - Schema 'SA' does not exist
12:59:36.928 [main] DEBUG org.hibernate.SQL - 
    alter table Booking 
        drop constraint FK_q2d49fbae7fc7vcyt1pnwgtvu
Hibernate: 
    alter table Booking 
        drop constraint FK_q2d49fbae7fc7vcyt1pnwgtvu
12:59:36.930 [main] ERROR o.h.tool.hbm2ddl.SchemaExport - HHH000389: Unsuccessful: alter table Booking drop constraint FK_q2d49fbae7fc7vcyt1pnwgtvu
12:59:36.931 [main] ERROR o.h.tool.hbm2ddl.SchemaExport - Schema 'SA' does not exist
12:59:36.931 [main] DEBUG org.hibernate.SQL - 
    drop table Booking
Hibernate: 
    drop table Booking
12:59:36.933 [main] ERROR o.h.tool.hbm2ddl.SchemaExport - HHH000389: Unsuccessful: drop table Booking
12:59:36.933 [main] ERROR o.h.tool.hbm2ddl.SchemaExport - Schema 'SA' does not exist
12:59:36.933 [main] DEBUG org.hibernate.SQL - 
    drop table Court
Hibernate: 
    drop table Court
12:59:36.934 [main] ERROR o.h.tool.hbm2ddl.SchemaExport - HHH000389: Unsuccessful: drop table Court
12:59:36.934 [main] ERROR o.h.tool.hbm2ddl.SchemaExport - Schema 'SA' does not exist
12:59:36.934 [main] DEBUG org.hibernate.SQL - 
    drop table Users
Hibernate: 
    drop table Users
12:59:36.940 [main] ERROR o.h.tool.hbm2ddl.SchemaExport - HHH000389: Unsuccessful: drop table Users
12:59:36.941 [main] ERROR o.h.tool.hbm2ddl.SchemaExport - Schema 'SA' does not exist
12:59:36.941 [main] DEBUG org.hibernate.SQL - 
    create table Booking (
        idBooking bigint generated by default as identity,
        dateOfBooking timestamp not null,
        hourOfBooking varchar(255) not null,
        idCourt bigint not null,
        user1_id bigint not null,
        user2_id bigint not null,
        primary key (idBooking)
    )
Hibernate: 
    create table Booking (
        idBooking bigint generated by default as identity,
        dateOfBooking timestamp not null,
        hourOfBooking varchar(255) not null,
        idCourt bigint not null,
        user1_id bigint not null,
        user2_id bigint not null,
        primary key (idBooking)
    )
12:59:36.989 [main] DEBUG org.hibernate.SQL - 
    create table Court (
        idCourt bigint generated by default as identity,
        latitude float not null,
        longitude float not null,
        status varchar(255) not null,
        type varchar(255) not null,
        primary key (idCourt)
    )
Hibernate: 
    create table Court (
        idCourt bigint generated by default as identity,
        latitude float not null,
        longitude float not null,
        status varchar(255) not null,
        type varchar(255) not null,
        primary key (idCourt)
    )
12:59:37.002 [main] DEBUG org.hibernate.SQL - 
    create table Users (
        id bigint generated by default as identity,
        admin boolean not null,
        dateOfBirth date not null,
        login varchar(255) not null,
        mail varchar(255) not null,
        name varchar(255) not null,
        passwordHash varchar(255),
        phone varchar(255) not null,
        surname varchar(255) not null,
        primary key (id)
    )
Hibernate: 
    create table Users (
        id bigint generated by default as identity,
        admin boolean not null,
        dateOfBirth date not null,
        login varchar(255) not null,
        mail varchar(255) not null,
        name varchar(255) not null,
        passwordHash varchar(255),
        phone varchar(255) not null,
        surname varchar(255) not null,
        primary key (id)
    )
12:59:37.009 [main] DEBUG org.hibernate.SQL - 
    alter table Users 
        add constraint UK_4lksqvm90j64k5ohpk4ydcfhu unique (mail)
Hibernate: 
    alter table Users 
        add constraint UK_4lksqvm90j64k5ohpk4ydcfhu unique (mail)
12:59:37.023 [main] DEBUG org.hibernate.SQL - 
    alter table Booking 
        add constraint FK_lmol5h11bykg4uwy61b6cifhw 
        foreign key (user1_id) 
        references Users
Hibernate: 
    alter table Booking 
        add constraint FK_lmol5h11bykg4uwy61b6cifhw 
        foreign key (user1_id) 
        references Users
12:59:37.044 [main] DEBUG org.hibernate.SQL - 
    alter table Booking 
        add constraint FK_q2d49fbae7fc7vcyt1pnwgtvu 
        foreign key (user2_id) 
        references Users
Hibernate: 
    alter table Booking 
        add constraint FK_q2d49fbae7fc7vcyt1pnwgtvu 
        foreign key (user2_id) 
        references Users
12:59:37.067 [main] DEBUG o.h.e.jdbc.spi.SqlExceptionHelper - SQL Warning
java.sql.SQLWarning: Database 'memory:testdb' not created, connection made to existing database instead.
	at org.apache.derby.iapi.error.SQLWarningFactory.newSQLWarning(Unknown Source) ~[derby-10.10.2.0.jar:na]
	at org.apache.derby.iapi.error.SQLWarningFactory.newSQLWarning(Unknown Source) ~[derby-10.10.2.0.jar:na]
	at org.apache.derby.impl.jdbc.EmbedConnection.<init>(Unknown Source) ~[derby-10.10.2.0.jar:na]
	at org.apache.derby.impl.jdbc.EmbedConnection40.<init>(Unknown Source) ~[derby-10.10.2.0.jar:na]
	at org.apache.derby.jdbc.Driver40.getNewEmbedConnection(Unknown Source) ~[derby-10.10.2.0.jar:na]
	at org.apache.derby.jdbc.InternalDriver.connect(Unknown Source) ~[derby-10.10.2.0.jar:na]
	at org.apache.derby.jdbc.Driver20.connect(Unknown Source) ~[derby-10.10.2.0.jar:na]
	at org.apache.derby.jdbc.EmbeddedDriver.connect(Unknown Source) ~[derby-10.10.2.0.jar:na]
	at org.springframework.jdbc.datasource.SimpleDriverDataSource.getConnectionFromDriver(SimpleDriverDataSource.java:140) ~[spring-jdbc-4.1.8.RELEASE.jar:4.1.8.RELEASE]
	at org.springframework.jdbc.datasource.AbstractDriverBasedDataSource.getConnectionFromDriver(AbstractDriverBasedDataSource.java:155) ~[spring-jdbc-4.1.8.RELEASE.jar:4.1.8.RELEASE]
	at org.springframework.jdbc.datasource.AbstractDriverBasedDataSource.getConnection(AbstractDriverBasedDataSource.java:120) ~[spring-jdbc-4.1.8.RELEASE.jar:4.1.8.RELEASE]
	at org.springframework.jdbc.datasource.embedded.EmbeddedDatabaseFactory$EmbeddedDataSourceProxy.getConnection(EmbeddedDatabaseFactory.java:204) ~[spring-jdbc-4.1.8.RELEASE.jar:4.1.8.RELEASE]
	at org.hibernate.engine.jdbc.connections.internal.DatasourceConnectionProviderImpl.getConnection(DatasourceConnectionProviderImpl.java:139) ~[hibernate-core-4.3.11.Final.jar:4.3.11.Final]
	at org.hibernate.tool.hbm2ddl.SuppliedConnectionProviderConnectionHelper.prepare(SuppliedConnectionProviderConnectionHelper.java:51) ~[hibernate-core-4.3.11.Final.jar:4.3.11.Final]
	at org.hibernate.tool.hbm2ddl.DatabaseExporter.<init>(DatabaseExporter.java:52) ~[hibernate-core-4.3.11.Final.jar:4.3.11.Final]
	at org.hibernate.tool.hbm2ddl.SchemaExport.execute(SchemaExport.java:368) ~[hibernate-core-4.3.11.Final.jar:4.3.11.Final]
	at org.hibernate.tool.hbm2ddl.SchemaExport.create(SchemaExport.java:305) ~[hibernate-core-4.3.11.Final.jar:4.3.11.Final]
	at org.hibernate.tool.hbm2ddl.SchemaExport.create(SchemaExport.java:294) ~[hibernate-core-4.3.11.Final.jar:4.3.11.Final]
	at org.hibernate.internal.SessionFactoryImpl.<init>(SessionFactoryImpl.java:517) ~[hibernate-core-4.3.11.Final.jar:4.3.11.Final]
	at org.hibernate.cfg.Configuration.buildSessionFactory(Configuration.java:1859) [hibernate-core-4.3.11.Final.jar:4.3.11.Final]
	at org.hibernate.jpa.boot.internal.EntityManagerFactoryBuilderImpl$4.perform(EntityManagerFactoryBuilderImpl.java:857) [hibernate-entitymanager-4.3.11.Final.jar:4.3.11.Final]
	at org.hibernate.jpa.boot.internal.EntityManagerFactoryBuilderImpl$4.perform(EntityManagerFactoryBuilderImpl.java:850) [hibernate-entitymanager-4.3.11.Final.jar:4.3.11.Final]
	at org.hibernate.boot.registry.classloading.internal.ClassLoaderServiceImpl.withTccl(ClassLoaderServiceImpl.java:425) [hibernate-core-4.3.11.Final.jar:4.3.11.Final]
	at org.hibernate.jpa.boot.internal.EntityManagerFactoryBuilderImpl.build(EntityManagerFactoryBuilderImpl.java:849) [hibernate-entitymanager-4.3.11.Final.jar:4.3.11.Final]
	at org.hibernate.jpa.HibernatePersistenceProvider.createContainerEntityManagerFactory(HibernatePersistenceProvider.java:152) [hibernate-entitymanager-4.3.11.Final.jar:4.3.11.Final]
	at org.springframework.orm.jpa.LocalContainerEntityManagerFactoryBean.createNativeEntityManagerFactory(LocalContainerEntityManagerFactoryBean.java:343) [spring-orm-4.1.8.RELEASE.jar:4.1.8.RELEASE]
	at org.springframework.orm.jpa.AbstractEntityManagerFactoryBean.afterPropertiesSet(AbstractEntityManagerFactoryBean.java:318) [spring-orm-4.1.8.RELEASE.jar:4.1.8.RELEASE]
	at org.springframework.beans.factory.support.AbstractAutowireCapableBeanFactory.invokeInitMethods(AbstractAutowireCapableBeanFactory.java:1631) [spring-beans-4.1.8.RELEASE.jar:4.1.8.RELEASE]
	at org.springframework.beans.factory.support.AbstractAutowireCapableBeanFactory.initializeBean(AbstractAutowireCapableBeanFactory.java:1568) [spring-beans-4.1.8.RELEASE.jar:4.1.8.RELEASE]
	at org.springframework.beans.factory.support.AbstractAutowireCapableBeanFactory.doCreateBean(AbstractAutowireCapableBeanFactory.java:539) [spring-beans-4.1.8.RELEASE.jar:4.1.8.RELEASE]
	at org.springframework.beans.factory.support.AbstractAutowireCapableBeanFactory.createBean(AbstractAutowireCapableBeanFactory.java:476) [spring-beans-4.1.8.RELEASE.jar:4.1.8.RELEASE]
	at org.springframework.beans.factory.support.AbstractBeanFactory$1.getObject(AbstractBeanFactory.java:303) [spring-beans-4.1.8.RELEASE.jar:4.1.8.RELEASE]
	at org.springframework.beans.factory.support.DefaultSingletonBeanRegistry.getSingleton(DefaultSingletonBeanRegistry.java:230) [spring-beans-4.1.8.RELEASE.jar:4.1.8.RELEASE]
	at org.springframework.beans.factory.support.AbstractBeanFactory.doGetBean(AbstractBeanFactory.java:299) [spring-beans-4.1.8.RELEASE.jar:4.1.8.RELEASE]
	at org.springframework.beans.factory.support.AbstractBeanFactory.getBean(AbstractBeanFactory.java:194) [spring-beans-4.1.8.RELEASE.jar:4.1.8.RELEASE]
	at org.springframework.context.support.AbstractApplicationContext.getBean(AbstractApplicationContext.java:960) [spring-context-4.1.8.RELEASE.jar:4.1.8.RELEASE]
	at org.springframework.context.support.AbstractApplicationContext.finishBeanFactoryInitialization(AbstractApplicationContext.java:749) [spring-context-4.1.8.RELEASE.jar:4.1.8.RELEASE]
	at org.springframework.context.support.AbstractApplicationContext.refresh(AbstractApplicationContext.java:480) [spring-context-4.1.8.RELEASE.jar:4.1.8.RELEASE]
	at org.springframework.test.context.support.AbstractGenericContextLoader.loadContext(AbstractGenericContextLoader.java:125) [spring-test-4.1.8.RELEASE.jar:4.1.8.RELEASE]
	at org.springframework.test.context.support.AbstractGenericContextLoader.loadContext(AbstractGenericContextLoader.java:60) [spring-test-4.1.8.RELEASE.jar:4.1.8.RELEASE]
	at org.springframework.test.context.support.AbstractDelegatingSmartContextLoader.delegateLoading(AbstractDelegatingSmartContextLoader.java:109) [spring-test-4.1.8.RELEASE.jar:4.1.8.RELEASE]
	at org.springframework.test.context.support.AbstractDelegatingSmartContextLoader.loadContext(AbstractDelegatingSmartContextLoader.java:261) [spring-test-4.1.8.RELEASE.jar:4.1.8.RELEASE]
	at org.springframework.test.context.DefaultCacheAwareContextLoaderDelegate.loadContextInternal(DefaultCacheAwareContextLoaderDelegate.java:68) [spring-test-4.1.8.RELEASE.jar:4.1.8.RELEASE]
	at org.springframework.test.context.DefaultCacheAwareContextLoaderDelegate.loadContext(DefaultCacheAwareContextLoaderDelegate.java:86) [spring-test-4.1.8.RELEASE.jar:4.1.8.RELEASE]
	at org.springframework.test.context.DefaultTestContext.getApplicationContext(DefaultTestContext.java:72) [spring-test-4.1.8.RELEASE.jar:4.1.8.RELEASE]
	at org.springframework.test.context.support.DependencyInjectionTestExecutionListener.injectDependencies(DependencyInjectionTestExecutionListener.java:117) [spring-test-4.1.8.RELEASE.jar:4.1.8.RELEASE]
	at org.springframework.test.context.support.DependencyInjectionTestExecutionListener.prepareTestInstance(DependencyInjectionTestExecutionListener.java:83) [spring-test-4.1.8.RELEASE.jar:4.1.8.RELEASE]
	at org.springframework.test.context.TestContextManager.prepareTestInstance(TestContextManager.java:212) [spring-test-4.1.8.RELEASE.jar:4.1.8.RELEASE]
	at org.springframework.test.context.testng.AbstractTestNGSpringContextTests.springTestContextPrepareTestInstance(AbstractTestNGSpringContextTests.java:145) [spring-test-4.1.8.RELEASE.jar:4.1.8.RELEASE]
	at sun.reflect.NativeMethodAccessorImpl.invoke0(Native Method) ~[na:1.8.0_151]
	at sun.reflect.NativeMethodAccessorImpl.invoke(NativeMethodAccessorImpl.java:62) ~[na:1.8.0_151]
	at sun.reflect.DelegatingMethodAccessorImpl.invoke(DelegatingMethodAccessorImpl.java:43) ~[na:1.8.0_151]
	at java.lang.reflect.Method.invoke(Method.java:498) ~[na:1.8.0_151]
	at org.testng.internal.MethodInvocationHelper.invokeMethod(MethodInvocationHelper.java:84) [testng-6.8.8.jar:na]
	at org.testng.internal.Invoker.invokeConfigurationMethod(Invoker.java:564) [testng-6.8.8.jar:na]
	at org.testng.internal.Invoker.invokeConfigurations(Invoker.java:213) [testng-6.8.8.jar:na]
	at org.testng.internal.Invoker.invokeConfigurations(Invoker.java:138) [testng-6.8.8.jar:na]
	at org.testng.internal.TestMethodWorker.invokeBeforeClassMethods(TestMethodWorker.java:175) [testng-6.8.8.jar:na]
	at org.testng.internal.TestMethodWorker.run(TestMethodWorker.java:107) [testng-6.8.8.jar:na]
	at org.testng.TestRunner.privateRun(TestRunner.java:767) [testng-6.8.8.jar:na]
	at org.testng.TestRunner.run(TestRunner.java:617) [testng-6.8.8.jar:na]
	at org.testng.SuiteRunner.runTest(SuiteRunner.java:348) [testng-6.8.8.jar:na]
	at org.testng.SuiteRunner.runSequentially(SuiteRunner.java:343) [testng-6.8.8.jar:na]
	at org.testng.SuiteRunner.privateRun(SuiteRunner.java:305) [testng-6.8.8.jar:na]
	at org.testng.SuiteRunner.run(SuiteRunner.java:254) [testng-6.8.8.jar:na]
	at org.testng.SuiteRunnerWorker.runSuite(SuiteRunnerWorker.java:52) [testng-6.8.8.jar:na]
	at org.testng.SuiteRunnerWorker.run(SuiteRunnerWorker.java:86) [testng-6.8.8.jar:na]
	at org.testng.TestNG.runSuitesSequentially(TestNG.java:1224) [testng-6.8.8.jar:na]
	at org.testng.TestNG.runSuitesLocally(TestNG.java:1149) [testng-6.8.8.jar:na]
	at org.testng.TestNG.run(TestNG.java:1057) [testng-6.8.8.jar:na]
	at org.apache.maven.surefire.testng.TestNGExecutor.run(TestNGExecutor.java:115) [surefire-testng-2.17.jar:2.17]
	at org.apache.maven.surefire.testng.TestNGDirectoryTestSuite.executeMulti(TestNGDirectoryTestSuite.java:204) [surefire-testng-2.17.jar:2.17]
	at org.apache.maven.surefire.testng.TestNGDirectoryTestSuite.execute(TestNGDirectoryTestSuite.java:107) [surefire-testng-2.17.jar:2.17]
	at org.apache.maven.surefire.testng.TestNGProvider.invoke(TestNGProvider.java:112) [surefire-testng-2.17.jar:2.17]
	at org.apache.maven.surefire.booter.ForkedBooter.invokeProviderInSameClassLoader(ForkedBooter.java:200) [surefire-booter-2.17.jar:2.17]
	at org.apache.maven.surefire.booter.ForkedBooter.runSuitesInProcess(ForkedBooter.java:153) [surefire-booter-2.17.jar:2.17]
	at org.apache.maven.surefire.booter.ForkedBooter.main(ForkedBooter.java:103) [surefire-booter-2.17.jar:2.17]
12:59:37.067 [main] WARN  o.h.e.jdbc.spi.SqlExceptionHelper - SQL Warning Code: 10000, SQLState: 01J01
12:59:37.067 [main] WARN  o.h.e.jdbc.spi.SqlExceptionHelper - Database 'memory:testdb' not created, connection made to existing database instead.
12:59:37.068 [main] INFO  o.h.tool.hbm2ddl.SchemaExport - HHH000230: Schema export complete
12:59:37.068 [main] DEBUG o.h.internal.NamedQueryRepository - Checking 0 named HQL queries
12:59:37.068 [main] DEBUG o.h.internal.NamedQueryRepository - Checking 0 named SQL queries
12:59:37.074 [main] DEBUG o.h.s.internal.StatisticsInitiator - Statistics initialized [enabled=false]
12:59:37.078 [main] DEBUG o.h.j.i.schemagen.JpaSchemaGenerator - No actions specified; doing nothing
12:59:37.112 [main] DEBUG o.h.j.i.EntityManagerFactoryRegistry - Initializing EntityManagerFactoryRegistry : org.hibernate.jpa.internal.EntityManagerFactoryRegistry@63dfada0
12:59:37.112 [main] DEBUG o.h.j.i.EntityManagerFactoryRegistry - Registering EntityManagerFactory: default 
12:59:37.114 [main] DEBUG o.s.b.f.s.DefaultListableBeanFactory - Returning cached instance of singleton bean 'org.springframework.transaction.config.internalTransactionAdvisor'
12:59:37.116 [main] DEBUG o.s.b.f.s.DefaultListableBeanFactory - Finished creating instance of bean 'entityManagerFactory'
12:59:37.116 [main] DEBUG o.s.b.f.s.DefaultListableBeanFactory - Pre-instantiating singletons in org.springframework.beans.factory.support.DefaultListableBeanFactory@769f71a9: defining beans [org.springframework.context.annotation.internalConfigurationAnnotationProcessor,org.springframework.context.annotation.internalAutowiredAnnotationProcessor,org.springframework.context.annotation.internalRequiredAnnotationProcessor,org.springframework.context.annotation.internalCommonAnnotationProcessor,org.springframework.context.annotation.internalPersistenceAnnotationProcessor,serviceConfiguration,org.springframework.context.annotation.ConfigurationClassPostProcessor.importAwareProcessor,org.springframework.context.annotation.ConfigurationClassPostProcessor.enhancedConfigurationProcessor,userServiceImpl,bookingServiceImpl,courtFacadeImpl,userFacadeImpl,bookingFacadeImpl,timeServiceImpl,courtServiceImpl,beanMappingServiceImpl,userDaoImpl,bookingDaoImpl,courtDaoImpl,org.springframework.transaction.annotation.ProxyTransactionManagementConfiguration,org.springframework.transaction.config.internalTransactionAdvisor,transactionAttributeSource,transactionInterceptor,com.frenchies.tennisclub.PersistenceSampleApplicationContext,transactionManager,instrumentationLoadTimeWeaver,localValidatorFactoryBean,db,entityManagerFactory,org.springframework.aop.config.internalAutoProxyCreator,org.springframework.data.jpa.repository.config.JpaRepositoryConfigExtension#0,org.springframework.data.repository.core.support.RepositoryInterfaceAwareBeanPostProcessor,foo,jpaMappingContext,dozer,org.springframework.orm.jpa.SharedEntityManagerCreator#0]; root of factory hierarchy
12:59:37.116 [main] DEBUG o.s.b.f.s.DefaultListableBeanFactory - Returning cached instance of singleton bean 'org.springframework.context.annotation.internalConfigurationAnnotationProcessor'
12:59:37.116 [main] DEBUG o.s.b.f.s.DefaultListableBeanFactory - Returning cached instance of singleton bean 'org.springframework.context.annotation.internalAutowiredAnnotationProcessor'
12:59:37.116 [main] DEBUG o.s.b.f.s.DefaultListableBeanFactory - Returning cached instance of singleton bean 'org.springframework.context.annotation.internalRequiredAnnotationProcessor'
12:59:37.116 [main] DEBUG o.s.b.f.s.DefaultListableBeanFactory - Returning cached instance of singleton bean 'org.springframework.context.annotation.internalCommonAnnotationProcessor'
12:59:37.116 [main] DEBUG o.s.b.f.s.DefaultListableBeanFactory - Returning cached instance of singleton bean 'org.springframework.context.annotation.internalPersistenceAnnotationProcessor'
12:59:37.116 [main] DEBUG o.s.b.f.s.DefaultListableBeanFactory - Creating shared instance of singleton bean 'serviceConfiguration'
12:59:37.116 [main] DEBUG o.s.b.f.s.DefaultListableBeanFactory - Creating instance of bean 'serviceConfiguration'
12:59:37.117 [main] DEBUG o.s.b.f.s.DefaultListableBeanFactory - Eagerly caching bean 'serviceConfiguration' to allow for resolving potential circular references
12:59:37.120 [main] DEBUG o.s.b.f.s.DefaultListableBeanFactory - Returning cached instance of singleton bean 'org.springframework.transaction.config.internalTransactionAdvisor'
12:59:37.121 [main] DEBUG o.s.b.f.s.DefaultListableBeanFactory - Finished creating instance of bean 'serviceConfiguration'
12:59:37.121 [main] DEBUG o.s.b.f.s.DefaultListableBeanFactory - Returning cached instance of singleton bean 'org.springframework.context.annotation.ConfigurationClassPostProcessor.importAwareProcessor'
12:59:37.121 [main] DEBUG o.s.b.f.s.DefaultListableBeanFactory - Returning cached instance of singleton bean 'org.springframework.context.annotation.ConfigurationClassPostProcessor.enhancedConfigurationProcessor'
12:59:37.122 [main] DEBUG o.s.b.f.s.DefaultListableBeanFactory - Creating shared instance of singleton bean 'userServiceImpl'
12:59:37.122 [main] DEBUG o.s.b.f.s.DefaultListableBeanFactory - Creating instance of bean 'userServiceImpl'
12:59:37.125 [main] DEBUG o.s.b.f.annotation.InjectionMetadata - Registered injected element on class [com.frenchies.tennisclub.service.UserServiceImpl]: AutowiredFieldElement for private com.frenchies.tennisclub.dao.UserDao com.frenchies.tennisclub.service.UserServiceImpl.userDao
12:59:37.125 [main] DEBUG o.s.b.f.s.DefaultListableBeanFactory - Eagerly caching bean 'userServiceImpl' to allow for resolving potential circular references
12:59:37.127 [main] DEBUG o.s.b.f.annotation.InjectionMetadata - Processing injected element of bean 'userServiceImpl': AutowiredFieldElement for private com.frenchies.tennisclub.dao.UserDao com.frenchies.tennisclub.service.UserServiceImpl.userDao
12:59:37.128 [main] DEBUG o.s.b.f.s.DefaultListableBeanFactory - Creating shared instance of singleton bean 'userDaoImpl'
12:59:37.128 [main] DEBUG o.s.b.f.s.DefaultListableBeanFactory - Creating instance of bean 'userDaoImpl'
12:59:37.131 [main] DEBUG o.s.b.f.annotation.InjectionMetadata - Registered injected element on class [com.frenchies.tennisclub.dao.UserDaoImpl]: PersistenceElement for private javax.persistence.EntityManager com.frenchies.tennisclub.dao.UserDaoImpl.em
12:59:37.132 [main] DEBUG o.s.b.f.s.DefaultListableBeanFactory - Eagerly caching bean 'userDaoImpl' to allow for resolving potential circular references
12:59:37.133 [main] DEBUG o.s.b.f.annotation.InjectionMetadata - Processing injected element of bean 'userDaoImpl': PersistenceElement for private javax.persistence.EntityManager com.frenchies.tennisclub.dao.UserDaoImpl.em
12:59:37.134 [main] DEBUG o.s.b.f.s.DefaultListableBeanFactory - Returning cached instance of singleton bean 'entityManagerFactory'
12:59:37.134 [main] DEBUG o.s.b.f.s.DefaultListableBeanFactory - Returning cached instance of singleton bean 'org.springframework.transaction.config.internalTransactionAdvisor'
12:59:37.143 [main] DEBUG o.s.b.f.s.DefaultListableBeanFactory - Returning cached instance of singleton bean 'org.springframework.transaction.config.internalTransactionAdvisor'
12:59:37.144 [main] DEBUG o.s.b.f.s.DefaultListableBeanFactory - Finished creating instance of bean 'userDaoImpl'
12:59:37.144 [main] DEBUG o.s.b.f.a.AutowiredAnnotationBeanPostProcessor - Autowiring by type from bean name 'userServiceImpl' to bean named 'userDaoImpl'
12:59:37.145 [main] DEBUG o.s.b.f.s.DefaultListableBeanFactory - Returning cached instance of singleton bean 'org.springframework.transaction.config.internalTransactionAdvisor'
12:59:37.146 [main] DEBUG o.s.b.f.s.DefaultListableBeanFactory - Finished creating instance of bean 'userServiceImpl'
12:59:37.146 [main] DEBUG o.s.b.f.s.DefaultListableBeanFactory - Creating shared instance of singleton bean 'bookingServiceImpl'
12:59:37.146 [main] DEBUG o.s.b.f.s.DefaultListableBeanFactory - Creating instance of bean 'bookingServiceImpl'
12:59:37.147 [main] DEBUG o.s.b.f.annotation.InjectionMetadata - Registered injected element on class [com.frenchies.tennisclub.service.BookingServiceImpl]: AutowiredFieldElement for private com.frenchies.tennisclub.dao.BookingDao com.frenchies.tennisclub.service.BookingServiceImpl.BookingDao
12:59:37.147 [main] DEBUG o.s.b.f.annotation.InjectionMetadata - Registered injected element on class [com.frenchies.tennisclub.service.BookingServiceImpl]: AutowiredFieldElement for private com.frenchies.tennisclub.service.TimeService com.frenchies.tennisclub.service.BookingServiceImpl.timeService
12:59:37.147 [main] DEBUG o.s.b.f.s.DefaultListableBeanFactory - Eagerly caching bean 'bookingServiceImpl' to allow for resolving potential circular references
12:59:37.150 [main] DEBUG o.s.b.f.annotation.InjectionMetadata - Processing injected element of bean 'bookingServiceImpl': AutowiredFieldElement for private com.frenchies.tennisclub.dao.BookingDao com.frenchies.tennisclub.service.BookingServiceImpl.BookingDao
12:59:37.151 [main] DEBUG o.s.b.f.s.DefaultListableBeanFactory - Creating shared instance of singleton bean 'bookingDaoImpl'
12:59:37.151 [main] DEBUG o.s.b.f.s.DefaultListableBeanFactory - Creating instance of bean 'bookingDaoImpl'
12:59:37.152 [main] DEBUG o.s.b.f.annotation.InjectionMetadata - Registered injected element on class [com.frenchies.tennisclub.dao.BookingDaoImpl]: PersistenceElement for private javax.persistence.EntityManager com.frenchies.tennisclub.dao.BookingDaoImpl.em
12:59:37.152 [main] DEBUG o.s.b.f.s.DefaultListableBeanFactory - Eagerly caching bean 'bookingDaoImpl' to allow for resolving potential circular references
12:59:37.154 [main] DEBUG o.s.b.f.annotation.InjectionMetadata - Processing injected element of bean 'bookingDaoImpl': PersistenceElement for private javax.persistence.EntityManager com.frenchies.tennisclub.dao.BookingDaoImpl.em
12:59:37.154 [main] DEBUG o.s.b.f.s.DefaultListableBeanFactory - Returning cached instance of singleton bean 'entityManagerFactory'
12:59:37.154 [main] DEBUG o.s.b.f.s.DefaultListableBeanFactory - Returning cached instance of singleton bean 'org.springframework.transaction.config.internalTransactionAdvisor'
12:59:37.156 [main] DEBUG o.s.t.a.AnnotationTransactionAttributeSource - Adding transactional method 'BookingDaoImpl.getBookingsCreatedBetween' with attribute: PROPAGATION_REQUIRED,ISOLATION_DEFAULT; ''
12:59:37.158 [main] DEBUG o.s.a.f.a.InfrastructureAdvisorAutoProxyCreator - Creating implicit proxy for bean 'bookingDaoImpl' with 0 common interceptors and 1 specific interceptors
12:59:37.159 [main] DEBUG o.s.aop.framework.JdkDynamicAopProxy - Creating JDK dynamic proxy: target source is SingletonTargetSource for target object [com.frenchies.tennisclub.dao.BookingDaoImpl@6e6d4780]
12:59:37.161 [main] DEBUG o.s.b.f.s.DefaultListableBeanFactory - Finished creating instance of bean 'bookingDaoImpl'
12:59:37.162 [main] DEBUG o.s.b.f.a.AutowiredAnnotationBeanPostProcessor - Autowiring by type from bean name 'bookingServiceImpl' to bean named 'bookingDaoImpl'
12:59:37.162 [main] DEBUG o.s.b.f.annotation.InjectionMetadata - Processing injected element of bean 'bookingServiceImpl': AutowiredFieldElement for private com.frenchies.tennisclub.service.TimeService com.frenchies.tennisclub.service.BookingServiceImpl.timeService
12:59:37.162 [main] DEBUG o.s.b.f.s.DefaultListableBeanFactory - Creating shared instance of singleton bean 'timeServiceImpl'
12:59:37.162 [main] DEBUG o.s.b.f.s.DefaultListableBeanFactory - Creating instance of bean 'timeServiceImpl'
12:59:37.162 [main] DEBUG o.s.b.f.s.DefaultListableBeanFactory - Eagerly caching bean 'timeServiceImpl' to allow for resolving potential circular references
12:59:37.163 [main] DEBUG o.s.b.f.s.DefaultListableBeanFactory - Returning cached instance of singleton bean 'org.springframework.transaction.config.internalTransactionAdvisor'
12:59:37.163 [main] DEBUG o.s.b.f.s.DefaultListableBeanFactory - Finished creating instance of bean 'timeServiceImpl'
12:59:37.163 [main] DEBUG o.s.b.f.a.AutowiredAnnotationBeanPostProcessor - Autowiring by type from bean name 'bookingServiceImpl' to bean named 'timeServiceImpl'
12:59:37.163 [main] DEBUG o.s.b.f.s.DefaultListableBeanFactory - Returning cached instance of singleton bean 'org.springframework.transaction.config.internalTransactionAdvisor'
12:59:37.164 [main] DEBUG o.s.b.f.s.DefaultListableBeanFactory - Finished creating instance of bean 'bookingServiceImpl'
12:59:37.164 [main] DEBUG o.s.b.f.s.DefaultListableBeanFactory - Creating shared instance of singleton bean 'courtFacadeImpl'
12:59:37.164 [main] DEBUG o.s.b.f.s.DefaultListableBeanFactory - Creating instance of bean 'courtFacadeImpl'
12:59:37.174 [main] DEBUG o.s.b.f.annotation.InjectionMetadata - Registered injected element on class [com.frenchies.tennisclub.service.facade.CourtFacadeImpl]: AutowiredFieldElement for private com.frenchies.tennisclub.service.CourtService com.frenchies.tennisclub.service.facade.CourtFacadeImpl.courtService
12:59:37.174 [main] DEBUG o.s.b.f.annotation.InjectionMetadata - Registered injected element on class [com.frenchies.tennisclub.service.facade.CourtFacadeImpl]: AutowiredFieldElement for private com.frenchies.tennisclub.mappers.BeanMappingService com.frenchies.tennisclub.service.facade.CourtFacadeImpl.beanMappingService
12:59:37.174 [main] DEBUG o.s.b.f.s.DefaultListableBeanFactory - Eagerly caching bean 'courtFacadeImpl' to allow for resolving potential circular references
12:59:37.176 [main] DEBUG o.s.b.f.annotation.InjectionMetadata - Processing injected element of bean 'courtFacadeImpl': AutowiredFieldElement for private com.frenchies.tennisclub.service.CourtService com.frenchies.tennisclub.service.facade.CourtFacadeImpl.courtService
12:59:37.176 [main] DEBUG o.s.b.f.s.DefaultListableBeanFactory - Creating shared instance of singleton bean 'courtServiceImpl'
12:59:37.176 [main] DEBUG o.s.b.f.s.DefaultListableBeanFactory - Creating instance of bean 'courtServiceImpl'
12:59:37.179 [main] DEBUG o.s.b.f.annotation.InjectionMetadata - Registered injected element on class [com.frenchies.tennisclub.service.CourtServiceImpl]: AutowiredFieldElement for private com.frenchies.tennisclub.dao.CourtDao com.frenchies.tennisclub.service.CourtServiceImpl.courtDao
12:59:37.179 [main] DEBUG o.s.b.f.s.DefaultListableBeanFactory - Eagerly caching bean 'courtServiceImpl' to allow for resolving potential circular references
12:59:37.181 [main] DEBUG o.s.b.f.annotation.InjectionMetadata - Processing injected element of bean 'courtServiceImpl': AutowiredFieldElement for private com.frenchies.tennisclub.dao.CourtDao com.frenchies.tennisclub.service.CourtServiceImpl.courtDao
12:59:37.182 [main] DEBUG o.s.b.f.s.DefaultListableBeanFactory - Creating shared instance of singleton bean 'courtDaoImpl'
12:59:37.182 [main] DEBUG o.s.b.f.s.DefaultListableBeanFactory - Creating instance of bean 'courtDaoImpl'
12:59:37.184 [main] DEBUG o.s.b.f.annotation.InjectionMetadata - Registered injected element on class [com.frenchies.tennisclub.dao.CourtDaoImpl]: PersistenceElement for private javax.persistence.EntityManager com.frenchies.tennisclub.dao.CourtDaoImpl.em
12:59:37.184 [main] DEBUG o.s.b.f.s.DefaultListableBeanFactory - Eagerly caching bean 'courtDaoImpl' to allow for resolving potential circular references
12:59:37.185 [main] DEBUG o.s.b.f.annotation.InjectionMetadata - Processing injected element of bean 'courtDaoImpl': PersistenceElement for private javax.persistence.EntityManager com.frenchies.tennisclub.dao.CourtDaoImpl.em
12:59:37.185 [main] DEBUG o.s.b.f.s.DefaultListableBeanFactory - Returning cached instance of singleton bean 'entityManagerFactory'
12:59:37.185 [main] DEBUG o.s.b.f.s.DefaultListableBeanFactory - Returning cached instance of singleton bean 'org.springframework.transaction.config.internalTransactionAdvisor'
12:59:37.186 [main] DEBUG o.s.b.f.s.DefaultListableBeanFactory - Finished creating instance of bean 'courtDaoImpl'
12:59:37.186 [main] DEBUG o.s.b.f.a.AutowiredAnnotationBeanPostProcessor - Autowiring by type from bean name 'courtServiceImpl' to bean named 'courtDaoImpl'
12:59:37.186 [main] DEBUG o.s.b.f.s.DefaultListableBeanFactory - Returning cached instance of singleton bean 'org.springframework.transaction.config.internalTransactionAdvisor'
12:59:37.187 [main] DEBUG o.s.b.f.s.DefaultListableBeanFactory - Finished creating instance of bean 'courtServiceImpl'
12:59:37.187 [main] DEBUG o.s.b.f.a.AutowiredAnnotationBeanPostProcessor - Autowiring by type from bean name 'courtFacadeImpl' to bean named 'courtServiceImpl'
12:59:37.187 [main] DEBUG o.s.b.f.annotation.InjectionMetadata - Processing injected element of bean 'courtFacadeImpl': AutowiredFieldElement for private com.frenchies.tennisclub.mappers.BeanMappingService com.frenchies.tennisclub.service.facade.CourtFacadeImpl.beanMappingService
12:59:37.187 [main] DEBUG o.s.b.f.s.DefaultListableBeanFactory - Creating shared instance of singleton bean 'beanMappingServiceImpl'
12:59:37.187 [main] DEBUG o.s.b.f.s.DefaultListableBeanFactory - Creating instance of bean 'beanMappingServiceImpl'
12:59:37.188 [main] DEBUG o.s.b.f.annotation.InjectionMetadata - Registered injected element on class [com.frenchies.tennisclub.mappers.BeanMappingServiceImpl]: AutowiredFieldElement for private org.dozer.Mapper com.frenchies.tennisclub.mappers.BeanMappingServiceImpl.dozer
12:59:37.188 [main] DEBUG o.s.b.f.s.DefaultListableBeanFactory - Eagerly caching bean 'beanMappingServiceImpl' to allow for resolving potential circular references
12:59:37.189 [main] DEBUG o.s.b.f.annotation.InjectionMetadata - Processing injected element of bean 'beanMappingServiceImpl': AutowiredFieldElement for private org.dozer.Mapper com.frenchies.tennisclub.mappers.BeanMappingServiceImpl.dozer
12:59:37.190 [main] DEBUG o.s.b.f.s.DefaultListableBeanFactory - Creating shared instance of singleton bean 'dozer'
12:59:37.190 [main] DEBUG o.s.b.f.s.DefaultListableBeanFactory - Creating instance of bean 'dozer'
12:59:37.190 [main] DEBUG o.s.b.f.s.DefaultListableBeanFactory - Returning cached instance of singleton bean 'serviceConfiguration'
12:59:37.200 [main] INFO  org.dozer.config.GlobalSettings - Trying to find Dozer configuration file: dozer.properties
12:59:37.205 [main] WARN  org.dozer.config.GlobalSettings - Dozer configuration file not found: dozer.properties.  Using defaults for all Dozer global properties.
12:59:37.207 [main] INFO  org.dozer.DozerInitializer - Initializing Dozer. Version: 5.5.0, Thread Name: main
12:59:37.209 [main] INFO  org.dozer.jmx.JMXPlatformImpl - Dozer JMX MBean [org.dozer.jmx:type=DozerStatisticsController] auto registered with the Platform MBean Server
12:59:37.210 [main] INFO  org.dozer.jmx.JMXPlatformImpl - Dozer JMX MBean [org.dozer.jmx:type=DozerAdminController] auto registered with the Platform MBean Server
12:59:37.211 [main] INFO  org.dozer.DozerBeanMapper - Initializing a new instance of dozer bean mapper.
12:59:37.217 [main] DEBUG o.s.b.f.s.DefaultListableBeanFactory - Eagerly caching bean 'dozer' to allow for resolving potential circular references
12:59:37.220 [main] DEBUG o.s.b.f.s.DefaultListableBeanFactory - Returning cached instance of singleton bean 'org.springframework.transaction.config.internalTransactionAdvisor'
12:59:37.221 [main] DEBUG o.s.b.f.s.DefaultListableBeanFactory - Finished creating instance of bean 'dozer'
12:59:37.221 [main] DEBUG o.s.b.f.a.AutowiredAnnotationBeanPostProcessor - Autowiring by type from bean name 'beanMappingServiceImpl' to bean named 'dozer'
12:59:37.221 [main] DEBUG o.s.b.f.s.DefaultListableBeanFactory - Returning cached instance of singleton bean 'org.springframework.transaction.config.internalTransactionAdvisor'
12:59:37.221 [main] DEBUG o.s.b.f.s.DefaultListableBeanFactory - Finished creating instance of bean 'beanMappingServiceImpl'
12:59:37.221 [main] DEBUG o.s.b.f.a.AutowiredAnnotationBeanPostProcessor - Autowiring by type from bean name 'courtFacadeImpl' to bean named 'beanMappingServiceImpl'
12:59:37.221 [main] DEBUG o.s.b.f.s.DefaultListableBeanFactory - Returning cached instance of singleton bean 'org.springframework.transaction.config.internalTransactionAdvisor'
12:59:37.222 [main] DEBUG o.s.t.a.AnnotationTransactionAttributeSource - Adding transactional method 'CourtFacadeImpl.changeCourtType' with attribute: PROPAGATION_REQUIRED,ISOLATION_DEFAULT; ''
12:59:37.222 [main] DEBUG o.s.a.f.a.InfrastructureAdvisorAutoProxyCreator - Creating implicit proxy for bean 'courtFacadeImpl' with 0 common interceptors and 1 specific interceptors
12:59:37.222 [main] DEBUG o.s.aop.framework.JdkDynamicAopProxy - Creating JDK dynamic proxy: target source is SingletonTargetSource for target object [com.frenchies.tennisclub.service.facade.CourtFacadeImpl@106d77da]
12:59:37.224 [main] DEBUG o.s.b.f.s.DefaultListableBeanFactory - Finished creating instance of bean 'courtFacadeImpl'
12:59:37.224 [main] DEBUG o.s.b.f.s.DefaultListableBeanFactory - Creating shared instance of singleton bean 'userFacadeImpl'
12:59:37.224 [main] DEBUG o.s.b.f.s.DefaultListableBeanFactory - Creating instance of bean 'userFacadeImpl'
12:59:37.225 [main] DEBUG o.s.b.f.annotation.InjectionMetadata - Registered injected element on class [com.frenchies.tennisclub.service.facade.UserFacadeImpl]: AutowiredFieldElement for private com.frenchies.tennisclub.service.UserService com.frenchies.tennisclub.service.facade.UserFacadeImpl.userService
12:59:37.225 [main] DEBUG o.s.b.f.annotation.InjectionMetadata - Registered injected element on class [com.frenchies.tennisclub.service.facade.UserFacadeImpl]: AutowiredFieldElement for private com.frenchies.tennisclub.mappers.BeanMappingServiceImpl com.frenchies.tennisclub.service.facade.UserFacadeImpl.beanMappingService
12:59:37.226 [main] DEBUG o.s.b.f.s.DefaultListableBeanFactory - Eagerly caching bean 'userFacadeImpl' to allow for resolving potential circular references
12:59:37.227 [main] DEBUG o.s.b.f.annotation.InjectionMetadata - Processing injected element of bean 'userFacadeImpl': AutowiredFieldElement for private com.frenchies.tennisclub.service.UserService com.frenchies.tennisclub.service.facade.UserFacadeImpl.userService
12:59:37.227 [main] DEBUG o.s.b.f.s.DefaultListableBeanFactory - Returning cached instance of singleton bean 'userServiceImpl'
12:59:37.227 [main] DEBUG o.s.b.f.a.AutowiredAnnotationBeanPostProcessor - Autowiring by type from bean name 'userFacadeImpl' to bean named 'userServiceImpl'
12:59:37.227 [main] DEBUG o.s.b.f.annotation.InjectionMetadata - Processing injected element of bean 'userFacadeImpl': AutowiredFieldElement for private com.frenchies.tennisclub.mappers.BeanMappingServiceImpl com.frenchies.tennisclub.service.facade.UserFacadeImpl.beanMappingService
12:59:37.228 [main] DEBUG o.s.b.f.s.DefaultListableBeanFactory - Returning cached instance of singleton bean 'beanMappingServiceImpl'
12:59:37.228 [main] DEBUG o.s.b.f.a.AutowiredAnnotationBeanPostProcessor - Autowiring by type from bean name 'userFacadeImpl' to bean named 'beanMappingServiceImpl'
12:59:37.228 [main] DEBUG o.s.b.f.s.DefaultListableBeanFactory - Returning cached instance of singleton bean 'org.springframework.transaction.config.internalTransactionAdvisor'
12:59:37.228 [main] DEBUG o.s.t.a.AnnotationTransactionAttributeSource - Adding transactional method 'UserFacadeImpl.createUser' with attribute: PROPAGATION_REQUIRED,ISOLATION_DEFAULT; ''
12:59:37.228 [main] DEBUG o.s.a.f.a.InfrastructureAdvisorAutoProxyCreator - Creating implicit proxy for bean 'userFacadeImpl' with 0 common interceptors and 1 specific interceptors
12:59:37.228 [main] DEBUG o.s.aop.framework.JdkDynamicAopProxy - Creating JDK dynamic proxy: target source is SingletonTargetSource for target object [com.frenchies.tennisclub.service.facade.UserFacadeImpl@2f0bfe17]
12:59:37.231 [main] DEBUG o.s.b.f.s.DefaultListableBeanFactory - Finished creating instance of bean 'userFacadeImpl'
12:59:37.231 [main] DEBUG o.s.b.f.s.DefaultListableBeanFactory - Creating shared instance of singleton bean 'bookingFacadeImpl'
12:59:37.232 [main] DEBUG o.s.b.f.s.DefaultListableBeanFactory - Creating instance of bean 'bookingFacadeImpl'
12:59:37.233 [main] DEBUG o.s.b.f.annotation.InjectionMetadata - Registered injected element on class [com.frenchies.tennisclub.service.facade.BookingFacadeImpl]: AutowiredFieldElement for private com.frenchies.tennisclub.service.BookingService com.frenchies.tennisclub.service.facade.BookingFacadeImpl.bookingService
12:59:37.233 [main] DEBUG o.s.b.f.annotation.InjectionMetadata - Registered injected element on class [com.frenchies.tennisclub.service.facade.BookingFacadeImpl]: AutowiredFieldElement for private com.frenchies.tennisclub.service.UserService com.frenchies.tennisclub.service.facade.BookingFacadeImpl.userService
12:59:37.233 [main] DEBUG o.s.b.f.annotation.InjectionMetadata - Registered injected element on class [com.frenchies.tennisclub.service.facade.BookingFacadeImpl]: AutowiredFieldElement for private com.frenchies.tennisclub.mappers.BeanMappingService com.frenchies.tennisclub.service.facade.BookingFacadeImpl.beanMappingService
12:59:37.233 [main] DEBUG o.s.b.f.s.DefaultListableBeanFactory - Eagerly caching bean 'bookingFacadeImpl' to allow for resolving potential circular references
12:59:37.235 [main] DEBUG o.s.b.f.annotation.InjectionMetadata - Processing injected element of bean 'bookingFacadeImpl': AutowiredFieldElement for private com.frenchies.tennisclub.service.BookingService com.frenchies.tennisclub.service.facade.BookingFacadeImpl.bookingService
12:59:37.235 [main] DEBUG o.s.b.f.s.DefaultListableBeanFactory - Returning cached instance of singleton bean 'bookingServiceImpl'
12:59:37.235 [main] DEBUG o.s.b.f.a.AutowiredAnnotationBeanPostProcessor - Autowiring by type from bean name 'bookingFacadeImpl' to bean named 'bookingServiceImpl'
12:59:37.235 [main] DEBUG o.s.b.f.annotation.InjectionMetadata - Processing injected element of bean 'bookingFacadeImpl': AutowiredFieldElement for private com.frenchies.tennisclub.service.UserService com.frenchies.tennisclub.service.facade.BookingFacadeImpl.userService
12:59:37.235 [main] DEBUG o.s.b.f.s.DefaultListableBeanFactory - Returning cached instance of singleton bean 'userServiceImpl'
12:59:37.235 [main] DEBUG o.s.b.f.a.AutowiredAnnotationBeanPostProcessor - Autowiring by type from bean name 'bookingFacadeImpl' to bean named 'userServiceImpl'
12:59:37.235 [main] DEBUG o.s.b.f.annotation.InjectionMetadata - Processing injected element of bean 'bookingFacadeImpl': AutowiredFieldElement for private com.frenchies.tennisclub.mappers.BeanMappingService com.frenchies.tennisclub.service.facade.BookingFacadeImpl.beanMappingService
12:59:37.235 [main] DEBUG o.s.b.f.s.DefaultListableBeanFactory - Returning cached instance of singleton bean 'beanMappingServiceImpl'
12:59:37.235 [main] DEBUG o.s.b.f.a.AutowiredAnnotationBeanPostProcessor - Autowiring by type from bean name 'bookingFacadeImpl' to bean named 'beanMappingServiceImpl'
12:59:37.236 [main] DEBUG o.s.b.f.s.DefaultListableBeanFactory - Returning cached instance of singleton bean 'org.springframework.transaction.config.internalTransactionAdvisor'
12:59:37.236 [main] DEBUG o.s.t.a.AnnotationTransactionAttributeSource - Adding transactional method 'BookingFacadeImpl.getAllBookingsLastWeek' with attribute: PROPAGATION_REQUIRED,ISOLATION_DEFAULT; ''
12:59:37.236 [main] DEBUG o.s.a.f.a.InfrastructureAdvisorAutoProxyCreator - Creating implicit proxy for bean 'bookingFacadeImpl' with 0 common interceptors and 1 specific interceptors
12:59:37.236 [main] DEBUG o.s.aop.framework.JdkDynamicAopProxy - Creating JDK dynamic proxy: target source is SingletonTargetSource for target object [com.frenchies.tennisclub.service.facade.BookingFacadeImpl@4098dd77]
12:59:37.239 [main] DEBUG o.s.b.f.s.DefaultListableBeanFactory - Finished creating instance of bean 'bookingFacadeImpl'
12:59:37.239 [main] DEBUG o.s.b.f.s.DefaultListableBeanFactory - Returning cached instance of singleton bean 'timeServiceImpl'
12:59:37.239 [main] DEBUG o.s.b.f.s.DefaultListableBeanFactory - Returning cached instance of singleton bean 'courtServiceImpl'
12:59:37.239 [main] DEBUG o.s.b.f.s.DefaultListableBeanFactory - Returning cached instance of singleton bean 'beanMappingServiceImpl'
12:59:37.239 [main] DEBUG o.s.b.f.s.DefaultListableBeanFactory - Returning cached instance of singleton bean 'userDaoImpl'
12:59:37.239 [main] DEBUG o.s.b.f.s.DefaultListableBeanFactory - Returning cached instance of singleton bean 'bookingDaoImpl'
12:59:37.239 [main] DEBUG o.s.b.f.s.DefaultListableBeanFactory - Returning cached instance of singleton bean 'courtDaoImpl'
12:59:37.239 [main] DEBUG o.s.b.f.s.DefaultListableBeanFactory - Returning cached instance of singleton bean 'org.springframework.transaction.annotation.ProxyTransactionManagementConfiguration'
12:59:37.239 [main] DEBUG o.s.b.f.s.DefaultListableBeanFactory - Returning cached instance of singleton bean 'org.springframework.transaction.config.internalTransactionAdvisor'
12:59:37.239 [main] DEBUG o.s.b.f.s.DefaultListableBeanFactory - Returning cached instance of singleton bean 'transactionAttributeSource'
12:59:37.239 [main] DEBUG o.s.b.f.s.DefaultListableBeanFactory - Returning cached instance of singleton bean 'transactionInterceptor'
12:59:37.239 [main] DEBUG o.s.b.f.s.DefaultListableBeanFactory - Returning cached instance of singleton bean 'com.frenchies.tennisclub.PersistenceSampleApplicationContext'
12:59:37.239 [main] DEBUG o.s.b.f.s.DefaultListableBeanFactory - Creating shared instance of singleton bean 'transactionManager'
12:59:37.239 [main] DEBUG o.s.b.f.s.DefaultListableBeanFactory - Creating instance of bean 'transactionManager'
12:59:37.239 [main] DEBUG o.s.b.f.s.DefaultListableBeanFactory - Returning cached instance of singleton bean 'com.frenchies.tennisclub.PersistenceSampleApplicationContext'
12:59:37.245 [main] DEBUG o.s.b.f.s.DefaultListableBeanFactory - Returning cached instance of singleton bean 'entityManagerFactory'
12:59:37.260 [main] DEBUG o.s.b.f.s.DefaultListableBeanFactory - Returning cached instance of singleton bean 'entityManagerFactory'
12:59:37.264 [main] DEBUG o.s.b.f.s.DefaultListableBeanFactory - Eagerly caching bean 'transactionManager' to allow for resolving potential circular references
12:59:37.267 [main] DEBUG o.s.b.f.s.DefaultListableBeanFactory - Invoking afterPropertiesSet() on bean with name 'transactionManager'
12:59:37.267 [main] DEBUG o.s.b.f.s.DefaultListableBeanFactory - Returning cached instance of singleton bean 'org.springframework.transaction.config.internalTransactionAdvisor'
12:59:37.268 [main] DEBUG o.s.b.f.s.DefaultListableBeanFactory - Finished creating instance of bean 'transactionManager'
12:59:37.268 [main] DEBUG o.s.b.f.s.DefaultListableBeanFactory - Returning cached instance of singleton bean 'instrumentationLoadTimeWeaver'
12:59:37.268 [main] DEBUG o.s.b.f.s.DefaultListableBeanFactory - Creating shared instance of singleton bean 'localValidatorFactoryBean'
12:59:37.268 [main] DEBUG o.s.b.f.s.DefaultListableBeanFactory - Creating instance of bean 'localValidatorFactoryBean'
12:59:37.268 [main] DEBUG o.s.b.f.s.DefaultListableBeanFactory - Returning cached instance of singleton bean 'com.frenchies.tennisclub.PersistenceSampleApplicationContext'
12:59:37.272 [main] DEBUG o.s.b.f.s.DefaultListableBeanFactory - Eagerly caching bean 'localValidatorFactoryBean' to allow for resolving potential circular references
12:59:37.279 [main] DEBUG o.s.b.f.s.DefaultListableBeanFactory - Invoking afterPropertiesSet() on bean with name 'localValidatorFactoryBean'
12:59:37.279 [main] DEBUG o.h.v.i.e.r.DefaultTraversableResolver - Found javax.persistence.Persistence on classpath containing 'getPersistenceUtil'. Assuming JPA 2 environment. Trying to instantiate JPA aware TraversableResolver
12:59:37.279 [main] DEBUG o.h.v.i.e.r.DefaultTraversableResolver - Instantiated JPA aware TraversableResolver of type org.hibernate.validator.internal.engine.resolver.JPATraversableResolver.
12:59:37.280 [main] DEBUG o.h.v.i.engine.ConfigurationImpl - Setting custom MessageInterpolator of type org.springframework.validation.beanvalidation.LocaleContextMessageInterpolator
12:59:37.280 [main] DEBUG o.h.v.i.engine.ConfigurationImpl - Setting custom ConstraintValidatorFactory of type org.springframework.validation.beanvalidation.SpringConstraintValidatorFactory
12:59:37.282 [main] DEBUG o.h.v.i.engine.ConfigurationImpl - Setting custom ParameterNameProvider of type com.sun.proxy.$Proxy51
12:59:37.282 [main] DEBUG o.h.v.i.xml.ValidationXmlParser - Trying to load META-INF/validation.xml for XML based Validator configuration.
12:59:37.283 [main] DEBUG o.h.v.i.xml.ValidationXmlParser - No META-INF/validation.xml found. Using annotation based configuration only.
12:59:37.284 [main] DEBUG o.s.b.f.s.DefaultListableBeanFactory - Returning cached instance of singleton bean 'org.springframework.transaction.config.internalTransactionAdvisor'
12:59:37.285 [main] DEBUG o.s.b.f.s.DefaultListableBeanFactory - Finished creating instance of bean 'localValidatorFactoryBean'
12:59:37.285 [main] DEBUG o.s.b.f.s.DefaultListableBeanFactory - Returning cached instance of singleton bean 'db'
12:59:37.285 [main] DEBUG o.s.b.f.s.DefaultListableBeanFactory - Returning cached instance of singleton bean 'entityManagerFactory'
12:59:37.285 [main] DEBUG o.s.b.f.s.DefaultListableBeanFactory - Returning cached instance of singleton bean 'org.springframework.aop.config.internalAutoProxyCreator'
12:59:37.285 [main] DEBUG o.s.b.f.s.DefaultListableBeanFactory - Returning cached instance of singleton bean 'org.springframework.data.repository.core.support.RepositoryInterfaceAwareBeanPostProcessor'
12:59:37.285 [main] DEBUG o.s.b.f.s.DefaultListableBeanFactory - Returning cached instance of singleton bean 'foo'
12:59:37.285 [main] DEBUG o.s.b.f.s.DefaultListableBeanFactory - Creating shared instance of singleton bean 'jpaMappingContext'
12:59:37.285 [main] DEBUG o.s.b.f.s.DefaultListableBeanFactory - Creating instance of bean 'jpaMappingContext'
12:59:37.285 [main] DEBUG o.s.b.f.s.DefaultListableBeanFactory - Eagerly caching bean 'jpaMappingContext' to allow for resolving potential circular references
12:59:37.291 [main] DEBUG o.s.b.f.s.DefaultListableBeanFactory - Invoking afterPropertiesSet() on bean with name 'jpaMappingContext'
12:59:37.291 [main] DEBUG o.s.b.f.s.DefaultListableBeanFactory - Returning cached instance of singleton bean 'entityManagerFactory'
12:59:37.326 [main] DEBUG o.s.b.f.s.DefaultListableBeanFactory - Returning cached instance of singleton bean 'org.springframework.transaction.config.internalTransactionAdvisor'
12:59:37.326 [main] DEBUG o.s.b.f.s.DefaultListableBeanFactory - Finished creating instance of bean 'jpaMappingContext'
12:59:37.326 [main] DEBUG o.s.b.f.s.DefaultListableBeanFactory - Returning cached instance of singleton bean 'dozer'
12:59:37.326 [main] DEBUG o.s.b.f.s.DefaultListableBeanFactory - Creating shared instance of singleton bean 'org.springframework.orm.jpa.SharedEntityManagerCreator#0'
12:59:37.326 [main] DEBUG o.s.b.f.s.DefaultListableBeanFactory - Creating instance of bean 'org.springframework.orm.jpa.SharedEntityManagerCreator#0'
12:59:37.335 [main] DEBUG o.s.b.f.s.DefaultListableBeanFactory - Returning cached instance of singleton bean 'entityManagerFactory'
12:59:37.343 [main] DEBUG o.s.b.f.s.DefaultListableBeanFactory - Eagerly caching bean 'org.springframework.orm.jpa.SharedEntityManagerCreator#0' to allow for resolving potential circular references
12:59:37.346 [main] DEBUG o.s.b.f.s.DefaultListableBeanFactory - Returning cached instance of singleton bean 'org.springframework.transaction.config.internalTransactionAdvisor'
12:59:37.347 [main] DEBUG o.s.b.f.s.DefaultListableBeanFactory - Finished creating instance of bean 'org.springframework.orm.jpa.SharedEntityManagerCreator#0'
12:59:37.348 [main] DEBUG o.s.c.s.GenericApplicationContext - Unable to locate LifecycleProcessor with name 'lifecycleProcessor': using default [org.springframework.context.support.DefaultLifecycleProcessor@38830ea]
12:59:37.349 [main] DEBUG o.s.b.f.s.DefaultListableBeanFactory - Returning cached instance of singleton bean 'lifecycleProcessor'
12:59:37.350 [main] DEBUG o.s.c.e.PropertySourcesPropertyResolver - Searching for key 'spring.liveBeansView.mbeanDomain' in [systemProperties]
12:59:37.351 [main] DEBUG o.s.c.e.PropertySourcesPropertyResolver - Searching for key 'spring.liveBeansView.mbeanDomain' in [systemEnvironment]
12:59:37.351 [main] DEBUG o.s.c.e.PropertySourcesPropertyResolver - Could not find key 'spring.liveBeansView.mbeanDomain' in any property source. Returning [null]
12:59:37.351 [main] DEBUG o.s.t.c.DefaultCacheAwareContextLoaderDelegate - Storing ApplicationContext in cache under key [[MergedContextConfiguration@71d15f18 testClass = CourtServiceTest, locations = '{}', classes = '{class com.frenchies.tennisclub.service.config.ServiceConfiguration}', contextInitializerClasses = '[]', activeProfiles = '{}', propertySourceLocations = '{}', propertySourceProperties = '{}', contextLoader = 'org.springframework.test.context.support.DelegatingSmartContextLoader', parent = [null]]]
12:59:37.351 [main] DEBUG o.springframework.test.context.cache - Spring test ApplicationContext cache statistics: [ContextCache@5984feef size = 1, hitCount = 0, missCount = 1, parentContextCount = 0]
12:59:37.380 [main] DEBUG o.s.b.f.annotation.InjectionMetadata - Processing injected element of bean 'com.frenchies.tennisclub.service.CourtServiceTest': AutowiredFieldElement for private com.frenchies.tennisclub.service.CourtService com.frenchies.tennisclub.service.CourtServiceTest.courtService
12:59:37.380 [main] DEBUG o.s.b.f.s.DefaultListableBeanFactory - Returning cached instance of singleton bean 'courtServiceImpl'
12:59:37.380 [main] DEBUG o.s.b.f.a.AutowiredAnnotationBeanPostProcessor - Autowiring by type from bean name 'com.frenchies.tennisclub.service.CourtServiceTest' to bean named 'courtServiceImpl'
12:59:37.380 [main] DEBUG o.s.b.f.s.DefaultListableBeanFactory - Returning cached instance of singleton bean 'org.springframework.transaction.config.internalTransactionAdvisor'
12:59:37.381 [main] DEBUG o.s.t.a.AnnotationTransactionAttributeSource - Adding transactional method 'CourtServiceTest.changeType' with attribute: PROPAGATION_REQUIRED,ISOLATION_DEFAULT; ''
12:59:37.381 [main] DEBUG o.s.a.f.a.InfrastructureAdvisorAutoProxyCreator - Creating implicit proxy for bean 'com.frenchies.tennisclub.service.CourtServiceTest' with 0 common interceptors and 1 specific interceptors
12:59:37.381 [main] DEBUG o.s.aop.framework.JdkDynamicAopProxy - Creating JDK dynamic proxy: target source is SingletonTargetSource for target object [com.frenchies.tennisclub.service.CourtServiceTest@2f0a87b3]
]]></system-out>
  </testcase>
  <testcase name="mapping" classname="com.frenchies.tennisclub.service.BeanMappingServiceTest" time="0.093">
    <failure message="expected [true] but found [false]" type="java.lang.AssertionError">java.lang.AssertionError: expected [true] but found [false]
	at org.testng.Assert.fail(Assert.java:94)
	at org.testng.Assert.failNotEquals(Assert.java:494)
	at org.testng.Assert.assertTrue(Assert.java:42)
	at org.testng.Assert.assertTrue(Assert.java:52)
	at com.frenchies.tennisclub.service.BeanMappingServiceTest.mapping(BeanMappingServiceTest.java:36)
</failure>
    <system-out><![CDATA[12:59:37.556 [main] DEBUG o.s.t.c.s.DirtiesContextTestExecutionListener - After test class: context [DefaultTestContext@dbd940d testClass = CourtServiceTest, testInstance = [null], testMethod = [null], testException = [null], mergedContextConfiguration = [MergedContextConfiguration@71d15f18 testClass = CourtServiceTest, locations = '{}', classes = '{class com.frenchies.tennisclub.service.config.ServiceConfiguration}', contextInitializerClasses = '[]', activeProfiles = '{}', propertySourceLocations = '{}', propertySourceProperties = '{}', contextLoader = 'org.springframework.test.context.support.DelegatingSmartContextLoader', parent = [null]]], dirtiesContext [false].
12:59:37.557 [main] DEBUG o.s.t.c.s.DependencyInjectionTestExecutionListener - Performing dependency injection for test context [[DefaultTestContext@4a8a0099 testClass = BeanMappingServiceTest, testInstance = com.frenchies.tennisclub.service.BeanMappingServiceTest@fcd6521, testMethod = [null], testException = [null], mergedContextConfiguration = [MergedContextConfiguration@7c1447b5 testClass = BeanMappingServiceTest, locations = '{}', classes = '{class com.frenchies.tennisclub.service.config.ServiceConfiguration}', contextInitializerClasses = '[]', activeProfiles = '{}', propertySourceLocations = '{}', propertySourceProperties = '{}', contextLoader = 'org.springframework.test.context.support.DelegatingSmartContextLoader', parent = [null]]]].
12:59:37.557 [main] DEBUG o.s.t.c.DefaultCacheAwareContextLoaderDelegate - Retrieved ApplicationContext from cache with key [[MergedContextConfiguration@7c1447b5 testClass = BeanMappingServiceTest, locations = '{}', classes = '{class com.frenchies.tennisclub.service.config.ServiceConfiguration}', contextInitializerClasses = '[]', activeProfiles = '{}', propertySourceLocations = '{}', propertySourceProperties = '{}', contextLoader = 'org.springframework.test.context.support.DelegatingSmartContextLoader', parent = [null]]]
12:59:37.557 [main] DEBUG o.springframework.test.context.cache - Spring test ApplicationContext cache statistics: [ContextCache@5984feef size = 1, hitCount = 1, missCount = 1, parentContextCount = 0]
12:59:37.563 [main] DEBUG o.s.b.f.annotation.InjectionMetadata - Processing injected element of bean 'com.frenchies.tennisclub.service.BeanMappingServiceTest': AutowiredFieldElement for private com.frenchies.tennisclub.mappers.BeanMappingService com.frenchies.tennisclub.service.BeanMappingServiceTest.beanMappingService
12:59:37.563 [main] DEBUG o.s.b.f.s.DefaultListableBeanFactory - Returning cached instance of singleton bean 'beanMappingServiceImpl'
12:59:37.563 [main] DEBUG o.s.b.f.a.AutowiredAnnotationBeanPostProcessor - Autowiring by type from bean name 'com.frenchies.tennisclub.service.BeanMappingServiceTest' to bean named 'beanMappingServiceImpl'
12:59:37.563 [main] DEBUG o.s.b.f.s.DefaultListableBeanFactory - Returning cached instance of singleton bean 'org.springframework.transaction.config.internalTransactionAdvisor'
12:59:37.563 [main] DEBUG o.s.t.a.AnnotationTransactionAttributeSource - Adding transactional method 'BeanMappingServiceTest.mapping' with attribute: PROPAGATION_REQUIRED,ISOLATION_DEFAULT; ''
12:59:37.563 [main] DEBUG o.s.a.f.a.InfrastructureAdvisorAutoProxyCreator - Creating implicit proxy for bean 'com.frenchies.tennisclub.service.BeanMappingServiceTest' with 0 common interceptors and 1 specific interceptors
12:59:37.563 [main] DEBUG o.s.aop.framework.JdkDynamicAopProxy - Creating JDK dynamic proxy: target source is SingletonTargetSource for target object [com.frenchies.tennisclub.service.BeanMappingServiceTest@fcd6521]
12:59:37.566 [main] DEBUG o.s.t.a.AnnotationTransactionAttributeSource - Adding transactional method 'BeanMappingServiceTest.mapping' with attribute: PROPAGATION_REQUIRED,ISOLATION_DEFAULT; ''
12:59:37.567 [main] DEBUG o.s.t.c.t.TransactionalTestExecutionListener - Explicit transaction definition [PROPAGATION_REQUIRED,ISOLATION_DEFAULT; ''] found for test context [DefaultTestContext@4a8a0099 testClass = BeanMappingServiceTest, testInstance = com.frenchies.tennisclub.service.BeanMappingServiceTest@fcd6521, testMethod = mapping@BeanMappingServiceTest, testException = [null], mergedContextConfiguration = [MergedContextConfiguration@7c1447b5 testClass = BeanMappingServiceTest, locations = '{}', classes = '{class com.frenchies.tennisclub.service.config.ServiceConfiguration}', contextInitializerClasses = '[]', activeProfiles = '{}', propertySourceLocations = '{}', propertySourceProperties = '{}', contextLoader = 'org.springframework.test.context.support.DelegatingSmartContextLoader', parent = [null]]]
12:59:37.567 [main] DEBUG o.s.t.c.t.TransactionalTestExecutionListener - Retrieved @TransactionConfiguration attributes [null] for test class [class com.frenchies.tennisclub.service.BeanMappingServiceTest].
12:59:37.567 [main] DEBUG o.s.t.c.t.TransactionalTestExecutionListener - Retrieved TransactionConfigurationAttributes [TransactionConfigurationAttributes@39ffda4a transactionManagerName = '', defaultRollback = true] for class [class com.frenchies.tennisclub.service.BeanMappingServiceTest].
12:59:37.568 [main] DEBUG o.s.t.c.DefaultCacheAwareContextLoaderDelegate - Retrieved ApplicationContext from cache with key [[MergedContextConfiguration@7c1447b5 testClass = BeanMappingServiceTest, locations = '{}', classes = '{class com.frenchies.tennisclub.service.config.ServiceConfiguration}', contextInitializerClasses = '[]', activeProfiles = '{}', propertySourceLocations = '{}', propertySourceProperties = '{}', contextLoader = 'org.springframework.test.context.support.DelegatingSmartContextLoader', parent = [null]]]
12:59:37.568 [main] DEBUG o.springframework.test.context.cache - Spring test ApplicationContext cache statistics: [ContextCache@5984feef size = 1, hitCount = 2, missCount = 1, parentContextCount = 0]
12:59:37.568 [main] DEBUG o.s.b.f.s.DefaultListableBeanFactory - Returning cached instance of singleton bean 'transactionManager'
12:59:37.569 [main] DEBUG o.s.t.c.t.TransactionalTestExecutionListener - No method-level @Rollback override: using default rollback [true] for test context [DefaultTestContext@4a8a0099 testClass = BeanMappingServiceTest, testInstance = com.frenchies.tennisclub.service.BeanMappingServiceTest@fcd6521, testMethod = mapping@BeanMappingServiceTest, testException = [null], mergedContextConfiguration = [MergedContextConfiguration@7c1447b5 testClass = BeanMappingServiceTest, locations = '{}', classes = '{class com.frenchies.tennisclub.service.config.ServiceConfiguration}', contextInitializerClasses = '[]', activeProfiles = '{}', propertySourceLocations = '{}', propertySourceProperties = '{}', contextLoader = 'org.springframework.test.context.support.DelegatingSmartContextLoader', parent = [null]]].
12:59:37.569 [main] DEBUG o.s.orm.jpa.JpaTransactionManager - Creating new transaction with name [com.frenchies.tennisclub.service.BeanMappingServiceTest.mapping]: PROPAGATION_REQUIRED,ISOLATION_DEFAULT; ''
12:59:37.610 [main] DEBUG o.s.orm.jpa.JpaTransactionManager - Opened new EntityManager [org.hibernate.jpa.internal.EntityManagerImpl@58fbd02e] for JPA transaction
12:59:37.611 [main] DEBUG o.h.e.t.spi.AbstractTransactionImpl - begin
12:59:37.611 [main] DEBUG o.h.e.j.i.LogicalConnectionImpl - Obtaining JDBC connection
12:59:37.611 [main] DEBUG o.s.j.d.SimpleDriverDataSource - Creating new JDBC Driver Connection to [jdbc:derby:memory:testdb;create=true]
12:59:37.612 [main] DEBUG o.h.e.j.i.LogicalConnectionImpl - Obtained JDBC connection
12:59:37.612 [main] DEBUG o.h.e.t.i.jdbc.JdbcTransaction - initial autocommit status: true
12:59:37.612 [main] DEBUG o.h.e.t.i.jdbc.JdbcTransaction - disabling autocommit
12:59:37.612 [main] DEBUG o.s.orm.jpa.JpaTransactionManager - Not exposing JPA transaction [org.hibernate.jpa.internal.EntityManagerImpl@58fbd02e] as JDBC transaction because JpaDialect [org.springframework.orm.jpa.DefaultJpaDialect@20eaeaf8] does not support JDBC Connection retrieval
12:59:37.613 [main] INFO  o.s.t.c.t.TransactionContext - Began transaction (1) for test context [DefaultTestContext@4a8a0099 testClass = BeanMappingServiceTest, testInstance = com.frenchies.tennisclub.service.BeanMappingServiceTest@fcd6521, testMethod = mapping@BeanMappingServiceTest, testException = [null], mergedContextConfiguration = [MergedContextConfiguration@7c1447b5 testClass = BeanMappingServiceTest, locations = '{}', classes = '{class com.frenchies.tennisclub.service.config.ServiceConfiguration}', contextInitializerClasses = '[]', activeProfiles = '{}', propertySourceLocations = '{}', propertySourceProperties = '{}', contextLoader = 'org.springframework.test.context.support.DelegatingSmartContextLoader', parent = [null]]]; transaction manager [org.springframework.orm.jpa.JpaTransactionManager@68f6e55d]; rollback [true]
12:59:37.637 [main] DEBUG o.a.c.b.converters.BooleanConverter - Setting default value: false
12:59:37.638 [main] DEBUG o.a.c.b.converters.BooleanConverter - Converting 'Boolean' value 'false' to type 'Boolean'
12:59:37.638 [main] DEBUG o.a.c.b.converters.BooleanConverter -     No conversion required, value is already a Boolean
12:59:37.640 [main] DEBUG o.a.c.b.converters.ByteConverter - Setting default value: 0
12:59:37.640 [main] DEBUG o.a.c.b.converters.ByteConverter - Converting 'Integer' value '0' to type 'Byte'
12:59:37.640 [main] DEBUG o.a.c.b.converters.ByteConverter -     Converted to Byte value '0'
12:59:37.640 [main] DEBUG o.a.c.b.c.CharacterConverter - Setting default value:  
12:59:37.640 [main] DEBUG o.a.c.b.c.CharacterConverter - Converting 'Character' value ' ' to type 'Character'
12:59:37.640 [main] DEBUG o.a.c.b.c.CharacterConverter -     No conversion required, value is already a Character
12:59:37.641 [main] DEBUG o.a.c.b.converters.DoubleConverter - Setting default value: 0
12:59:37.641 [main] DEBUG o.a.c.b.converters.DoubleConverter - Converting 'Integer' value '0' to type 'Double'
12:59:37.641 [main] DEBUG o.a.c.b.converters.DoubleConverter -     Converted to Double value '0.0'
12:59:37.641 [main] DEBUG o.a.c.b.converters.FloatConverter - Setting default value: 0
12:59:37.641 [main] DEBUG o.a.c.b.converters.FloatConverter - Converting 'Integer' value '0' to type 'Float'
12:59:37.641 [main] DEBUG o.a.c.b.converters.FloatConverter -     Converted to Float value '0.0'
12:59:37.642 [main] DEBUG o.a.c.b.converters.IntegerConverter - Setting default value: 0
12:59:37.642 [main] DEBUG o.a.c.b.converters.IntegerConverter - Converting 'Integer' value '0' to type 'Integer'
12:59:37.642 [main] DEBUG o.a.c.b.converters.IntegerConverter -     No conversion required, value is already a Integer
12:59:37.642 [main] DEBUG o.a.c.b.converters.LongConverter - Setting default value: 0
12:59:37.642 [main] DEBUG o.a.c.b.converters.LongConverter - Converting 'Integer' value '0' to type 'Long'
12:59:37.643 [main] DEBUG o.a.c.b.converters.LongConverter -     Converted to Long value '0'
12:59:37.643 [main] DEBUG o.a.c.b.converters.ShortConverter - Setting default value: 0
12:59:37.643 [main] DEBUG o.a.c.b.converters.ShortConverter - Converting 'Integer' value '0' to type 'Short'
12:59:37.643 [main] DEBUG o.a.c.b.converters.ShortConverter -     Converted to Short value '0'
12:59:37.644 [main] DEBUG o.a.c.b.c.BigDecimalConverter - Setting default value: 0.0
12:59:37.644 [main] DEBUG o.a.c.b.c.BigDecimalConverter - Converting 'BigDecimal' value '0.0' to type 'BigDecimal'
12:59:37.644 [main] DEBUG o.a.c.b.c.BigDecimalConverter -     No conversion required, value is already a BigDecimal
12:59:37.644 [main] DEBUG o.a.c.b.c.BigIntegerConverter - Setting default value: 0
12:59:37.644 [main] DEBUG o.a.c.b.c.BigIntegerConverter - Converting 'BigInteger' value '0' to type 'BigInteger'
12:59:37.644 [main] DEBUG o.a.c.b.c.BigIntegerConverter -     No conversion required, value is already a BigInteger
12:59:37.644 [main] DEBUG o.a.c.b.converters.BooleanConverter - Setting default value: false
12:59:37.644 [main] DEBUG o.a.c.b.converters.BooleanConverter - Converting 'Boolean' value 'false' to type 'Boolean'
12:59:37.644 [main] DEBUG o.a.c.b.converters.BooleanConverter -     No conversion required, value is already a Boolean
12:59:37.644 [main] DEBUG o.a.c.b.converters.ByteConverter - Setting default value: 0
12:59:37.644 [main] DEBUG o.a.c.b.converters.ByteConverter - Converting 'Integer' value '0' to type 'Byte'
12:59:37.644 [main] DEBUG o.a.c.b.converters.ByteConverter -     Converted to Byte value '0'
12:59:37.644 [main] DEBUG o.a.c.b.c.CharacterConverter - Setting default value:  
12:59:37.644 [main] DEBUG o.a.c.b.c.CharacterConverter - Converting 'Character' value ' ' to type 'Character'
12:59:37.644 [main] DEBUG o.a.c.b.c.CharacterConverter -     No conversion required, value is already a Character
12:59:37.644 [main] DEBUG o.a.c.b.converters.DoubleConverter - Setting default value: 0
12:59:37.644 [main] DEBUG o.a.c.b.converters.DoubleConverter - Converting 'Integer' value '0' to type 'Double'
12:59:37.644 [main] DEBUG o.a.c.b.converters.DoubleConverter -     Converted to Double value '0.0'
12:59:37.644 [main] DEBUG o.a.c.b.converters.FloatConverter - Setting default value: 0
12:59:37.644 [main] DEBUG o.a.c.b.converters.FloatConverter - Converting 'Integer' value '0' to type 'Float'
12:59:37.644 [main] DEBUG o.a.c.b.converters.FloatConverter -     Converted to Float value '0.0'
12:59:37.644 [main] DEBUG o.a.c.b.converters.IntegerConverter - Setting default value: 0
12:59:37.644 [main] DEBUG o.a.c.b.converters.IntegerConverter - Converting 'Integer' value '0' to type 'Integer'
12:59:37.644 [main] DEBUG o.a.c.b.converters.IntegerConverter -     No conversion required, value is already a Integer
12:59:37.644 [main] DEBUG o.a.c.b.converters.LongConverter - Setting default value: 0
12:59:37.644 [main] DEBUG o.a.c.b.converters.LongConverter - Converting 'Integer' value '0' to type 'Long'
12:59:37.644 [main] DEBUG o.a.c.b.converters.LongConverter -     Converted to Long value '0'
12:59:37.644 [main] DEBUG o.a.c.b.converters.ShortConverter - Setting default value: 0
12:59:37.644 [main] DEBUG o.a.c.b.converters.ShortConverter - Converting 'Integer' value '0' to type 'Short'
12:59:37.644 [main] DEBUG o.a.c.b.converters.ShortConverter -     Converted to Short value '0'
12:59:37.645 [main] DEBUG o.a.c.b.converters.StringConverter - Setting default value: 
12:59:37.645 [main] DEBUG o.a.c.b.converters.StringConverter - Converting 'String' value '' to type 'String'
12:59:37.649 [main] DEBUG o.a.c.b.converters.ArrayConverter - Setting default value: [Z@6215366a
12:59:37.649 [main] DEBUG o.a.c.b.converters.ArrayConverter - Converting 'boolean[]' value '[Z@6215366a' to type 'boolean[]'
12:59:37.649 [main] DEBUG o.a.c.b.converters.ArrayConverter -     No conversion required, value is already a boolean[]
12:59:37.649 [main] DEBUG o.a.c.b.converters.ArrayConverter - Setting default value: [B@46dcbeab
12:59:37.649 [main] DEBUG o.a.c.b.converters.ArrayConverter - Converting 'byte[]' value '[B@46dcbeab' to type 'byte[]'
12:59:37.649 [main] DEBUG o.a.c.b.converters.ArrayConverter -     No conversion required, value is already a byte[]
12:59:37.649 [main] DEBUG o.a.c.b.converters.ArrayConverter - Setting default value: [C@36e43829
12:59:37.649 [main] DEBUG o.a.c.b.converters.ArrayConverter - Converting 'char[]' value '[C@36e43829' to type 'char[]'
12:59:37.649 [main] DEBUG o.a.c.b.converters.ArrayConverter -     No conversion required, value is already a char[]
12:59:37.649 [main] DEBUG o.a.c.b.converters.ArrayConverter - Setting default value: [D@152c4495
12:59:37.650 [main] DEBUG o.a.c.b.converters.ArrayConverter - Converting 'double[]' value '[D@152c4495' to type 'double[]'
12:59:37.650 [main] DEBUG o.a.c.b.converters.ArrayConverter -     No conversion required, value is already a double[]
12:59:37.650 [main] DEBUG o.a.c.b.converters.ArrayConverter - Setting default value: [F@5ec1963c
12:59:37.650 [main] DEBUG o.a.c.b.converters.ArrayConverter - Converting 'float[]' value '[F@5ec1963c' to type 'float[]'
12:59:37.650 [main] DEBUG o.a.c.b.converters.ArrayConverter -     No conversion required, value is already a float[]
12:59:37.650 [main] DEBUG o.a.c.b.converters.ArrayConverter - Setting default value: [I@7dcb42a9
12:59:37.650 [main] DEBUG o.a.c.b.converters.ArrayConverter - Converting 'int[]' value '[I@7dcb42a9' to type 'int[]'
12:59:37.650 [main] DEBUG o.a.c.b.converters.ArrayConverter -     No conversion required, value is already a int[]
12:59:37.650 [main] DEBUG o.a.c.b.converters.ArrayConverter - Setting default value: [J@6af90849
12:59:37.650 [main] DEBUG o.a.c.b.converters.ArrayConverter - Converting 'long[]' value '[J@6af90849' to type 'long[]'
12:59:37.650 [main] DEBUG o.a.c.b.converters.ArrayConverter -     No conversion required, value is already a long[]
12:59:37.650 [main] DEBUG o.a.c.b.converters.ArrayConverter - Setting default value: [S@1d06f16f
12:59:37.650 [main] DEBUG o.a.c.b.converters.ArrayConverter - Converting 'short[]' value '[S@1d06f16f' to type 'short[]'
12:59:37.650 [main] DEBUG o.a.c.b.converters.ArrayConverter -     No conversion required, value is already a short[]
12:59:37.650 [main] DEBUG o.a.c.b.converters.ArrayConverter - Setting default value: [Ljava.math.BigDecimal;@4fa4f485
12:59:37.650 [main] DEBUG o.a.c.b.converters.ArrayConverter - Converting 'BigDecimal[]' value '[Ljava.math.BigDecimal;@4fa4f485' to type 'BigDecimal[]'
12:59:37.650 [main] DEBUG o.a.c.b.converters.ArrayConverter -     No conversion required, value is already a BigDecimal[]
12:59:37.650 [main] DEBUG o.a.c.b.converters.ArrayConverter - Setting default value: [Ljava.math.BigInteger;@4a44cfc0
12:59:37.650 [main] DEBUG o.a.c.b.converters.ArrayConverter - Converting 'BigInteger[]' value '[Ljava.math.BigInteger;@4a44cfc0' to type 'BigInteger[]'
12:59:37.650 [main] DEBUG o.a.c.b.converters.ArrayConverter -     No conversion required, value is already a BigInteger[]
12:59:37.650 [main] DEBUG o.a.c.b.converters.ArrayConverter - Setting default value: [Ljava.lang.Boolean;@80b122b
12:59:37.650 [main] DEBUG o.a.c.b.converters.ArrayConverter - Converting 'Boolean[]' value '[Ljava.lang.Boolean;@80b122b' to type 'Boolean[]'
12:59:37.650 [main] DEBUG o.a.c.b.converters.ArrayConverter -     No conversion required, value is already a Boolean[]
12:59:37.650 [main] DEBUG o.a.c.b.converters.ArrayConverter - Setting default value: [Ljava.lang.Byte;@65cf4d6d
12:59:37.650 [main] DEBUG o.a.c.b.converters.ArrayConverter - Converting 'Byte[]' value '[Ljava.lang.Byte;@65cf4d6d' to type 'Byte[]'
12:59:37.650 [main] DEBUG o.a.c.b.converters.ArrayConverter -     No conversion required, value is already a Byte[]
12:59:37.650 [main] DEBUG o.a.c.b.converters.ArrayConverter - Setting default value: [Ljava.lang.Character;@1b410308
12:59:37.650 [main] DEBUG o.a.c.b.converters.ArrayConverter - Converting 'Character[]' value '[Ljava.lang.Character;@1b410308' to type 'Character[]'
12:59:37.650 [main] DEBUG o.a.c.b.converters.ArrayConverter -     No conversion required, value is already a Character[]
12:59:37.650 [main] DEBUG o.a.c.b.converters.ArrayConverter - Setting default value: [Ljava.lang.Double;@4b0bd001
12:59:37.650 [main] DEBUG o.a.c.b.converters.ArrayConverter - Converting 'Double[]' value '[Ljava.lang.Double;@4b0bd001' to type 'Double[]'
12:59:37.650 [main] DEBUG o.a.c.b.converters.ArrayConverter -     No conversion required, value is already a Double[]
12:59:37.650 [main] DEBUG o.a.c.b.converters.ArrayConverter - Setting default value: [Ljava.lang.Float;@10272bbb
12:59:37.650 [main] DEBUG o.a.c.b.converters.ArrayConverter - Converting 'Float[]' value '[Ljava.lang.Float;@10272bbb' to type 'Float[]'
12:59:37.650 [main] DEBUG o.a.c.b.converters.ArrayConverter -     No conversion required, value is already a Float[]
12:59:37.650 [main] DEBUG o.a.c.b.converters.ArrayConverter - Setting default value: [Ljava.lang.Integer;@16736040
12:59:37.650 [main] DEBUG o.a.c.b.converters.ArrayConverter - Converting 'Integer[]' value '[Ljava.lang.Integer;@16736040' to type 'Integer[]'
12:59:37.650 [main] DEBUG o.a.c.b.converters.ArrayConverter -     No conversion required, value is already a Integer[]
12:59:37.650 [main] DEBUG o.a.c.b.converters.ArrayConverter - Setting default value: [Ljava.lang.Long;@550e9be6
12:59:37.650 [main] DEBUG o.a.c.b.converters.ArrayConverter - Converting 'Long[]' value '[Ljava.lang.Long;@550e9be6' to type 'Long[]'
12:59:37.650 [main] DEBUG o.a.c.b.converters.ArrayConverter -     No conversion required, value is already a Long[]
12:59:37.650 [main] DEBUG o.a.c.b.converters.ArrayConverter - Setting default value: [Ljava.lang.Short;@32eae6f2
12:59:37.650 [main] DEBUG o.a.c.b.converters.ArrayConverter - Converting 'Short[]' value '[Ljava.lang.Short;@32eae6f2' to type 'Short[]'
12:59:37.650 [main] DEBUG o.a.c.b.converters.ArrayConverter -     No conversion required, value is already a Short[]
12:59:37.650 [main] DEBUG o.a.c.b.converters.ArrayConverter - Setting default value: [Ljava.lang.String;@73a0f2b
12:59:37.650 [main] DEBUG o.a.c.b.converters.ArrayConverter - Converting 'String[]' value '[Ljava.lang.String;@73a0f2b' to type 'String[]'
12:59:37.650 [main] DEBUG o.a.c.b.converters.ArrayConverter -     No conversion required, value is already a String[]
12:59:37.650 [main] DEBUG o.a.c.b.converters.ArrayConverter - Setting default value: [Ljava.lang.Class;@fa5f81c
12:59:37.650 [main] DEBUG o.a.c.b.converters.ArrayConverter - Converting 'Class[]' value '[Ljava.lang.Class;@fa5f81c' to type 'Class[]'
12:59:37.651 [main] DEBUG o.a.c.b.converters.ArrayConverter -     No conversion required, value is already a Class[]
12:59:37.651 [main] DEBUG o.a.c.b.converters.ArrayConverter - Setting default value: [Ljava.util.Date;@6a1d526c
12:59:37.651 [main] DEBUG o.a.c.b.converters.ArrayConverter - Converting 'Date[]' value '[Ljava.util.Date;@6a1d526c' to type 'Date[]'
12:59:37.651 [main] DEBUG o.a.c.b.converters.ArrayConverter -     No conversion required, value is already a Date[]
12:59:37.651 [main] DEBUG o.a.c.b.converters.ArrayConverter - Setting default value: [Ljava.util.Calendar;@483b0690
12:59:37.651 [main] DEBUG o.a.c.b.converters.ArrayConverter - Converting 'Calendar[]' value '[Ljava.util.Calendar;@483b0690' to type 'Calendar[]'
12:59:37.651 [main] DEBUG o.a.c.b.converters.ArrayConverter -     No conversion required, value is already a Calendar[]
12:59:37.651 [main] DEBUG o.a.c.b.converters.ArrayConverter - Setting default value: [Ljava.io.File;@6870c3c2
12:59:37.651 [main] DEBUG o.a.c.b.converters.ArrayConverter - Converting 'java.io.File[]' value '[Ljava.io.File;@6870c3c2' to type 'java.io.File[]'
12:59:37.651 [main] DEBUG o.a.c.b.converters.ArrayConverter -     No conversion required, value is already a java.io.File[]
12:59:37.651 [main] DEBUG o.a.c.b.converters.ArrayConverter - Setting default value: [Ljava.sql.Date;@1faf386c
12:59:37.651 [main] DEBUG o.a.c.b.converters.ArrayConverter - Converting 'java.sql.Date[]' value '[Ljava.sql.Date;@1faf386c' to type 'java.sql.Date[]'
12:59:37.651 [main] DEBUG o.a.c.b.converters.ArrayConverter -     No conversion required, value is already a java.sql.Date[]
12:59:37.651 [main] DEBUG o.a.c.b.converters.ArrayConverter - Setting default value: [Ljava.sql.Time;@6a5e167a
12:59:37.651 [main] DEBUG o.a.c.b.converters.ArrayConverter - Converting 'java.sql.Time[]' value '[Ljava.sql.Time;@6a5e167a' to type 'java.sql.Time[]'
12:59:37.651 [main] DEBUG o.a.c.b.converters.ArrayConverter -     No conversion required, value is already a java.sql.Time[]
12:59:37.651 [main] DEBUG o.a.c.b.converters.ArrayConverter - Setting default value: [Ljava.sql.Timestamp;@66a5755
12:59:37.651 [main] DEBUG o.a.c.b.converters.ArrayConverter - Converting 'java.sql.Timestamp[]' value '[Ljava.sql.Timestamp;@66a5755' to type 'java.sql.Timestamp[]'
12:59:37.651 [main] DEBUG o.a.c.b.converters.ArrayConverter -     No conversion required, value is already a java.sql.Timestamp[]
12:59:37.651 [main] DEBUG o.a.c.b.converters.ArrayConverter - Setting default value: [Ljava.net.URL;@6d6d480c
12:59:37.651 [main] DEBUG o.a.c.b.converters.ArrayConverter - Converting 'java.net.URL[]' value '[Ljava.net.URL;@6d6d480c' to type 'java.net.URL[]'
12:59:37.651 [main] DEBUG o.a.c.b.converters.ArrayConverter -     No conversion required, value is already a java.net.URL[]
12:59:37.687 [main] DEBUG org.dozer.fieldmap.FieldMap - Getting ready to invoke write method on the destination object. Dest Obj: UserDTO, Dest value: null
12:59:37.688 [main] DEBUG org.dozer.MappingProcessor - MAPPED: User.phone --> UserDTO.phone    VALUES: NULL --> NULL    MAPID: 
12:59:37.688 [main] DEBUG org.dozer.fieldmap.FieldMap - Getting ready to invoke write method on the destination object. Dest Obj: UserDTO, Dest value: null
12:59:37.688 [main] DEBUG org.dozer.MappingProcessor - MAPPED: User.surname --> UserDTO.surname    VALUES: NULL --> NULL    MAPID: 
12:59:37.689 [main] DEBUG org.dozer.fieldmap.FieldMap - Getting ready to invoke write method on the destination object. Dest Obj: UserDTO, Dest value: BOB
12:59:37.689 [main] DEBUG org.dozer.MappingProcessor - MAPPED: User.name --> UserDTO.name    VALUES: BOB --> BOB    MAPID: 
12:59:37.689 [main] DEBUG org.dozer.fieldmap.FieldMap - Getting ready to invoke write method on the destination object. Dest Obj: UserDTO, Dest value: null
12:59:37.689 [main] DEBUG org.dozer.MappingProcessor - MAPPED: User.dateOfBirth --> UserDTO.dateOfBirth    VALUES: NULL --> NULL    MAPID: 
12:59:37.689 [main] DEBUG org.dozer.fieldmap.FieldMap - Getting ready to invoke write method on the destination object. Dest Obj: UserDTO, Dest value: null
12:59:37.689 [main] DEBUG org.dozer.MappingProcessor - MAPPED: User.id --> UserDTO.id    VALUES: NULL --> NULL    MAPID: 
12:59:37.689 [main] DEBUG org.dozer.fieldmap.FieldMap - Getting ready to invoke write method on the destination object. Dest Obj: UserDTO, Dest value: null
12:59:37.690 [main] DEBUG org.dozer.MappingProcessor - MAPPED: User.passwordHash --> UserDTO.passwordHash    VALUES: NULL --> NULL    MAPID: 
12:59:37.696 [main] DEBUG org.dozer.fieldmap.FieldMap - Getting ready to invoke write method on the destination object. Dest Obj: User, Dest value: null
12:59:37.696 [main] DEBUG org.dozer.MappingProcessor - MAPPED: UserDTO.phone --> User.phone    VALUES: NULL --> NULL    MAPID: 
12:59:37.698 [main] DEBUG org.dozer.fieldmap.FieldMap - Getting ready to invoke write method on the destination object. Dest Obj: User, Dest value: null
12:59:37.698 [main] DEBUG org.dozer.MappingProcessor - MAPPED: UserDTO.surname --> User.surname    VALUES: NULL --> NULL    MAPID: 
12:59:37.699 [main] DEBUG org.dozer.fieldmap.FieldMap - Getting ready to invoke write method on the destination object. Dest Obj: User, Dest value: BOB
12:59:37.699 [main] DEBUG org.dozer.MappingProcessor - MAPPED: UserDTO.name --> User.name    VALUES: BOB --> BOB    MAPID: 
12:59:37.699 [main] DEBUG org.dozer.fieldmap.FieldMap - Getting ready to invoke write method on the destination object. Dest Obj: User, Dest value: null
12:59:37.699 [main] DEBUG org.dozer.MappingProcessor - MAPPED: UserDTO.dateOfBirth --> User.dateOfBirth    VALUES: NULL --> NULL    MAPID: 
12:59:37.699 [main] DEBUG org.dozer.fieldmap.FieldMap - Getting ready to invoke write method on the destination object. Dest Obj: User, Dest value: null
12:59:37.699 [main] DEBUG org.dozer.MappingProcessor - MAPPED: UserDTO.id --> User.id    VALUES: NULL --> NULL    MAPID: 
12:59:37.699 [main] DEBUG org.dozer.fieldmap.FieldMap - Getting ready to invoke write method on the destination object. Dest Obj: User, Dest value: null
12:59:37.699 [main] DEBUG org.dozer.MappingProcessor - MAPPED: UserDTO.passwordHash --> User.passwordHash    VALUES: NULL --> NULL    MAPID: 
]]></system-out>
  </testcase>
  <testcase name="getAllBookingsLastWeek" classname="com.frenchies.tennisclub.service.BookingServiceTest" time="0.02"/>
</testsuite>