<?xml version="1.0" encoding="UTF-8"?>
<testsuite name="TestSuite" time="0.081" tests="3" errors="0" skipped="1" failures="1">
  <properties>
    <property name="java.runtime.name" value="OpenJDK Runtime Environment"/>
    <property name="sun.boot.library.path" value="/usr/lib/jvm/java-8-openjdk-amd64/jre/lib/amd64"/>
    <property name="java.vm.version" value="25.151-b12"/>
    <property name="java.vm.vendor" value="Oracle Corporation"/>
    <property name="maven.multiModuleProjectDirectory" value="/home/thomasmeon/Bureau/Projet/tennisclub/tennisclubproject"/>
    <property name="java.vendor.url" value="http://java.oracle.com/"/>
    <property name="path.separator" value=":"/>
    <property name="guice.disable.misplaced.annotation.check" value="true"/>
    <property name="java.vm.name" value="OpenJDK 64-Bit Server VM"/>
    <property name="file.encoding.pkg" value="sun.io"/>
    <property name="user.country" value="FR"/>
    <property name="sun.java.launcher" value="SUN_STANDARD"/>
    <property name="sun.os.patch.level" value="unknown"/>
    <property name="java.vm.specification.name" value="Java Virtual Machine Specification"/>
    <property name="user.dir" value="/home/thomasmeon/Bureau/Projet/tennisclub/tennisclubproject"/>
    <property name="java.runtime.version" value="1.8.0_151-8u151-b12-0ubuntu0.16.04.2-b12"/>
    <property name="java.awt.graphicsenv" value="sun.awt.X11GraphicsEnvironment"/>
    <property name="java.endorsed.dirs" value="/usr/lib/jvm/java-8-openjdk-amd64/jre/lib/endorsed"/>
    <property name="os.arch" value="amd64"/>
    <property name="java.io.tmpdir" value="/tmp"/>
    <property name="line.separator" value="&#10;"/>
    <property name="java.vm.specification.vendor" value="Oracle Corporation"/>
    <property name="os.name" value="Linux"/>
    <property name="classworlds.conf" value="/usr/share/maven/bin/m2.conf"/>
    <property name="sun.jnu.encoding" value="UTF-8"/>
    <property name="java.library.path" value="/usr/java/packages/lib/amd64:/usr/lib/x86_64-linux-gnu/jni:/lib/x86_64-linux-gnu:/usr/lib/x86_64-linux-gnu:/usr/lib/jni:/lib:/usr/lib"/>
    <property name="java.specification.name" value="Java Platform API Specification"/>
    <property name="java.class.version" value="52.0"/>
    <property name="sun.management.compiler" value="HotSpot 64-Bit Tiered Compilers"/>
    <property name="os.version" value="4.10.0-40-generic"/>
    <property name="user.home" value="/home/thomasmeon"/>
    <property name="user.timezone" value="Europe/Prague"/>
    <property name="java.awt.printerjob" value="sun.print.PSPrinterJob"/>
    <property name="file.encoding" value="UTF-8"/>
    <property name="java.specification.version" value="1.8"/>
    <property name="user.name" value="thomasmeon"/>
    <property name="java.class.path" value="/usr/share/maven/boot/plexus-classworlds-2.x.jar"/>
    <property name="java.vm.specification.version" value="1.8"/>
    <property name="sun.arch.data.model" value="64"/>
    <property name="java.home" value="/usr/lib/jvm/java-8-openjdk-amd64/jre"/>
    <property name="sun.java.command" value="org.codehaus.plexus.classworlds.launcher.Launcher clean install"/>
    <property name="java.specification.vendor" value="Oracle Corporation"/>
    <property name="user.language" value="fr"/>
    <property name="awt.toolkit" value="sun.awt.X11.XToolkit"/>
    <property name="java.vm.info" value="mixed mode"/>
    <property name="java.version" value="1.8.0_151"/>
    <property name="java.ext.dirs" value="/usr/lib/jvm/java-8-openjdk-amd64/jre/lib/ext:/usr/java/packages/lib/ext"/>
    <property name="securerandom.source" value="file:/dev/./urandom"/>
    <property name="sun.boot.class.path" value="/usr/lib/jvm/java-8-openjdk-amd64/jre/lib/resources.jar:/usr/lib/jvm/java-8-openjdk-amd64/jre/lib/rt.jar:/usr/lib/jvm/java-8-openjdk-amd64/jre/lib/sunrsasign.jar:/usr/lib/jvm/java-8-openjdk-amd64/jre/lib/jsse.jar:/usr/lib/jvm/java-8-openjdk-amd64/jre/lib/jce.jar:/usr/lib/jvm/java-8-openjdk-amd64/jre/lib/charsets.jar:/usr/lib/jvm/java-8-openjdk-amd64/jre/lib/jfr.jar:/usr/lib/jvm/java-8-openjdk-amd64/jre/classes"/>
    <property name="java.vendor" value="Oracle Corporation"/>
    <property name="maven.home" value="/usr/share/maven"/>
    <property name="file.separator" value="/"/>
    <property name="java.vendor.url.bug" value="http://bugreport.sun.com/bugreport/"/>
    <property name="sun.cpu.endian" value="little"/>
    <property name="sun.io.unicode.encoding" value="UnicodeLittle"/>
    <property name="sun.cpu.isalist" value=""/>
  </properties>
  <testcase name="changeType" classname="com.frenchies.tennisclub.service.CourtServiceTest" time="0">
    <skipped/>
    <system-out><![CDATA[Configuring TestNG with: TestNG652Configurator
18:58:53.442 [main] DEBUG o.s.test.context.BootstrapUtils - Instantiating TestContextBootstrapper from class [org.springframework.test.context.support.DefaultTestContextBootstrapper]
18:58:53.461 [main] DEBUG o.s.t.c.s.AbstractDelegatingSmartContextLoader - Delegating to AnnotationConfigContextLoader to process context configuration [ContextConfigurationAttributes@670b40af declaringClass = 'com.frenchies.tennisclub.service.BookingServiceTest', classes = '{class com.frenchies.tennisclub.service.config.ServiceConfiguration}', locations = '{}', inheritLocations = true, initializers = '{}', inheritInitializers = true, name = [null], contextLoaderClass = 'org.springframework.test.context.ContextLoader'].
18:58:53.462 [main] DEBUG o.s.t.c.support.ActiveProfilesUtils - Could not find an 'annotation declaring class' for annotation type [org.springframework.test.context.ActiveProfiles] and class [com.frenchies.tennisclub.service.BookingServiceTest]
18:58:53.467 [main] INFO  o.s.t.c.s.DefaultTestContextBootstrapper - Could not instantiate TestExecutionListener [org.springframework.test.context.web.ServletTestExecutionListener]. Specify custom listener classes or make the default listener classes (and their required dependencies) available. Offending class: [javax/servlet/ServletContext]
18:58:53.475 [main] INFO  o.s.t.c.s.DefaultTestContextBootstrapper - Using TestExecutionListeners: [org.springframework.test.context.support.DependencyInjectionTestExecutionListener@4e718207, org.springframework.test.context.support.DirtiesContextTestExecutionListener@1d371b2d, org.springframework.test.context.transaction.TransactionalTestExecutionListener@543c6f6d]
18:58:53.477 [main] DEBUG o.s.test.context.BootstrapUtils - Instantiating TestContextBootstrapper from class [org.springframework.test.context.support.DefaultTestContextBootstrapper]
18:58:53.478 [main] DEBUG o.s.t.c.s.AbstractDelegatingSmartContextLoader - Delegating to AnnotationConfigContextLoader to process context configuration [ContextConfigurationAttributes@43738a82 declaringClass = 'com.frenchies.tennisclub.service.CourtServiceTest', classes = '{class com.frenchies.tennisclub.service.config.ServiceConfiguration}', locations = '{}', inheritLocations = true, initializers = '{}', inheritInitializers = true, name = [null], contextLoaderClass = 'org.springframework.test.context.ContextLoader'].
18:58:53.478 [main] DEBUG o.s.t.c.support.ActiveProfilesUtils - Could not find an 'annotation declaring class' for annotation type [org.springframework.test.context.ActiveProfiles] and class [com.frenchies.tennisclub.service.CourtServiceTest]
18:58:53.479 [main] INFO  o.s.t.c.s.DefaultTestContextBootstrapper - Could not instantiate TestExecutionListener [org.springframework.test.context.web.ServletTestExecutionListener]. Specify custom listener classes or make the default listener classes (and their required dependencies) available. Offending class: [javax/servlet/ServletContext]
18:58:53.479 [main] INFO  o.s.t.c.s.DefaultTestContextBootstrapper - Using TestExecutionListeners: [org.springframework.test.context.support.DependencyInjectionTestExecutionListener@c81cdd1, org.springframework.test.context.support.DirtiesContextTestExecutionListener@1fc2b765, org.springframework.test.context.transaction.TransactionalTestExecutionListener@75881071]
18:58:53.480 [main] DEBUG o.s.test.context.BootstrapUtils - Instantiating TestContextBootstrapper from class [org.springframework.test.context.support.DefaultTestContextBootstrapper]
18:58:53.482 [main] DEBUG o.s.t.c.s.AbstractDelegatingSmartContextLoader - Delegating to AnnotationConfigContextLoader to process context configuration [ContextConfigurationAttributes@2a70a3d8 declaringClass = 'com.frenchies.tennisclub.service.BeanMappingServiceTest', classes = '{class com.frenchies.tennisclub.service.config.ServiceConfiguration}', locations = '{}', inheritLocations = true, initializers = '{}', inheritInitializers = true, name = [null], contextLoaderClass = 'org.springframework.test.context.ContextLoader'].
18:58:53.482 [main] DEBUG o.s.t.c.support.ActiveProfilesUtils - Could not find an 'annotation declaring class' for annotation type [org.springframework.test.context.ActiveProfiles] and class [com.frenchies.tennisclub.service.BeanMappingServiceTest]
18:58:53.483 [main] INFO  o.s.t.c.s.DefaultTestContextBootstrapper - Could not instantiate TestExecutionListener [org.springframework.test.context.web.ServletTestExecutionListener]. Specify custom listener classes or make the default listener classes (and their required dependencies) available. Offending class: [javax/servlet/ServletContext]
18:58:53.484 [main] INFO  o.s.t.c.s.DefaultTestContextBootstrapper - Using TestExecutionListeners: [org.springframework.test.context.support.DependencyInjectionTestExecutionListener@289d1c02, org.springframework.test.context.support.DirtiesContextTestExecutionListener@22eeefeb, org.springframework.test.context.transaction.TransactionalTestExecutionListener@17d0685f]
18:58:53.564 [main] DEBUG o.s.t.c.s.DependencyInjectionTestExecutionListener - Performing dependency injection for test context [[DefaultTestContext@130f889 testClass = CourtServiceTest, testInstance = com.frenchies.tennisclub.service.CourtServiceTest@10d59286, testMethod = [null], testException = [null], mergedContextConfiguration = [MergedContextConfiguration@1188e820 testClass = CourtServiceTest, locations = '{}', classes = '{class com.frenchies.tennisclub.service.config.ServiceConfiguration}', contextInitializerClasses = '[]', activeProfiles = '{}', propertySourceLocations = '{}', propertySourceProperties = '{}', contextLoader = 'org.springframework.test.context.support.DelegatingSmartContextLoader', parent = [null]]]].
18:58:53.565 [main] DEBUG o.s.t.c.s.AbstractDelegatingSmartContextLoader - Delegating to AnnotationConfigContextLoader to load context from [MergedContextConfiguration@1188e820 testClass = CourtServiceTest, locations = '{}', classes = '{class com.frenchies.tennisclub.service.config.ServiceConfiguration}', contextInitializerClasses = '[]', activeProfiles = '{}', propertySourceLocations = '{}', propertySourceProperties = '{}', contextLoader = 'org.springframework.test.context.support.DelegatingSmartContextLoader', parent = [null]].
18:58:53.565 [main] DEBUG o.s.t.c.s.AbstractGenericContextLoader - Loading ApplicationContext for merged context configuration [[MergedContextConfiguration@1188e820 testClass = CourtServiceTest, locations = '{}', classes = '{class com.frenchies.tennisclub.service.config.ServiceConfiguration}', contextInitializerClasses = '[]', activeProfiles = '{}', propertySourceLocations = '{}', propertySourceProperties = '{}', contextLoader = 'org.springframework.test.context.support.DelegatingSmartContextLoader', parent = [null]]].
18:58:53.623 [main] DEBUG o.s.core.env.StandardEnvironment - Adding [systemProperties] PropertySource with lowest search precedence
18:58:53.625 [main] DEBUG o.s.core.env.StandardEnvironment - Adding [systemEnvironment] PropertySource with lowest search precedence
18:58:53.625 [main] DEBUG o.s.core.env.StandardEnvironment - Initialized StandardEnvironment with PropertySources [systemProperties,systemEnvironment]
18:58:53.625 [main] DEBUG o.s.t.c.s.AnnotationConfigContextLoader - Registering annotated classes: {class com.frenchies.tennisclub.service.config.ServiceConfiguration}
18:58:53.677 [main] INFO  o.s.c.s.GenericApplicationContext - Refreshing org.springframework.context.support.GenericApplicationContext@1372ed45: startup date [Sun Nov 26 18:58:53 CET 2017]; root of context hierarchy
18:58:53.678 [main] DEBUG o.s.c.s.GenericApplicationContext - Bean factory for org.springframework.context.support.GenericApplicationContext@1372ed45: org.springframework.beans.factory.support.DefaultListableBeanFactory@3e2e18f2: defining beans [org.springframework.context.annotation.internalConfigurationAnnotationProcessor,org.springframework.context.annotation.internalAutowiredAnnotationProcessor,org.springframework.context.annotation.internalRequiredAnnotationProcessor,org.springframework.context.annotation.internalCommonAnnotationProcessor,org.springframework.context.annotation.internalPersistenceAnnotationProcessor,serviceConfiguration]; root of factory hierarchy
18:58:53.687 [main] DEBUG o.s.b.f.s.DefaultListableBeanFactory - Creating shared instance of singleton bean 'org.springframework.context.annotation.internalConfigurationAnnotationProcessor'
18:58:53.687 [main] DEBUG o.s.b.f.s.DefaultListableBeanFactory - Creating instance of bean 'org.springframework.context.annotation.internalConfigurationAnnotationProcessor'
18:58:53.703 [main] DEBUG o.s.b.f.s.DefaultListableBeanFactory - Eagerly caching bean 'org.springframework.context.annotation.internalConfigurationAnnotationProcessor' to allow for resolving potential circular references
18:58:53.705 [main] DEBUG o.s.b.f.s.DefaultListableBeanFactory - Finished creating instance of bean 'org.springframework.context.annotation.internalConfigurationAnnotationProcessor'
18:58:53.724 [main] DEBUG o.s.core.env.StandardEnvironment - Adding [systemProperties] PropertySource with lowest search precedence
18:58:53.725 [main] DEBUG o.s.core.env.StandardEnvironment - Adding [systemEnvironment] PropertySource with lowest search precedence
18:58:53.725 [main] DEBUG o.s.core.env.StandardEnvironment - Initialized StandardEnvironment with PropertySources [systemProperties,systemEnvironment]
18:58:53.729 [main] DEBUG o.s.c.a.ClassPathBeanDefinitionScanner - JSR-330 'javax.inject.Named' annotation found and supported for component scanning
18:58:53.735 [main] DEBUG o.s.c.i.s.PathMatchingResourcePatternResolver - Looking for matching resources in directory tree [/home/thomasmeon/Bureau/Projet/tennisclub/tennisclubproject/tennisclub-service/target/test-classes/com/frenchies/tennisclub/service]
18:58:53.736 [main] DEBUG o.s.c.i.s.PathMatchingResourcePatternResolver - Searching directory [/home/thomasmeon/Bureau/Projet/tennisclub/tennisclubproject/tennisclub-service/target/test-classes/com/frenchies/tennisclub/service] for files matching pattern [/home/thomasmeon/Bureau/Projet/tennisclub/tennisclubproject/tennisclub-service/target/test-classes/com/frenchies/tennisclub/service/**/*.class]
18:58:53.740 [main] DEBUG o.s.c.i.s.PathMatchingResourcePatternResolver - Looking for matching resources in directory tree [/home/thomasmeon/Bureau/Projet/tennisclub/tennisclubproject/tennisclub-service/target/classes/com/frenchies/tennisclub/service]
18:58:53.741 [main] DEBUG o.s.c.i.s.PathMatchingResourcePatternResolver - Searching directory [/home/thomasmeon/Bureau/Projet/tennisclub/tennisclubproject/tennisclub-service/target/classes/com/frenchies/tennisclub/service] for files matching pattern [/home/thomasmeon/Bureau/Projet/tennisclub/tennisclubproject/tennisclub-service/target/classes/com/frenchies/tennisclub/service/**/*.class]
18:58:53.741 [main] DEBUG o.s.c.i.s.PathMatchingResourcePatternResolver - Searching directory [/home/thomasmeon/Bureau/Projet/tennisclub/tennisclubproject/tennisclub-service/target/classes/com/frenchies/tennisclub/service/facade] for files matching pattern [/home/thomasmeon/Bureau/Projet/tennisclub/tennisclubproject/tennisclub-service/target/classes/com/frenchies/tennisclub/service/**/*.class]
18:58:53.743 [main] DEBUG o.s.c.i.s.PathMatchingResourcePatternResolver - Searching directory [/home/thomasmeon/Bureau/Projet/tennisclub/tennisclubproject/tennisclub-service/target/classes/com/frenchies/tennisclub/service/config] for files matching pattern [/home/thomasmeon/Bureau/Projet/tennisclub/tennisclubproject/tennisclub-service/target/classes/com/frenchies/tennisclub/service/**/*.class]
18:58:53.745 [main] DEBUG o.s.c.i.s.PathMatchingResourcePatternResolver - Resolved location pattern [classpath*:com/frenchies/tennisclub/service/**/*.class] to resources [file [/home/thomasmeon/Bureau/Projet/tennisclub/tennisclubproject/tennisclub-service/target/test-classes/com/frenchies/tennisclub/service/CourtServiceTest.class], file [/home/thomasmeon/Bureau/Projet/tennisclub/tennisclubproject/tennisclub-service/target/test-classes/com/frenchies/tennisclub/service/BeanMappingServiceTest.class], file [/home/thomasmeon/Bureau/Projet/tennisclub/tennisclubproject/tennisclub-service/target/test-classes/com/frenchies/tennisclub/service/BookingServiceTest.class], file [/home/thomasmeon/Bureau/Projet/tennisclub/tennisclubproject/tennisclub-service/target/classes/com/frenchies/tennisclub/service/facade/BookingFacadeImpl.class], file [/home/thomasmeon/Bureau/Projet/tennisclub/tennisclubproject/tennisclub-service/target/classes/com/frenchies/tennisclub/service/facade/UserFacadeImpl.class], file [/home/thomasmeon/Bureau/Projet/tennisclub/tennisclubproject/tennisclub-service/target/classes/com/frenchies/tennisclub/service/facade/CourtFacadeImpl.class], file [/home/thomasmeon/Bureau/Projet/tennisclub/tennisclubproject/tennisclub-service/target/classes/com/frenchies/tennisclub/service/UserServiceImpl.class], file [/home/thomasmeon/Bureau/Projet/tennisclub/tennisclubproject/tennisclub-service/target/classes/com/frenchies/tennisclub/service/TimeService.class], file [/home/thomasmeon/Bureau/Projet/tennisclub/tennisclubproject/tennisclub-service/target/classes/com/frenchies/tennisclub/service/config/ServiceConfiguration$DozerCustomConfig.class], file [/home/thomasmeon/Bureau/Projet/tennisclub/tennisclubproject/tennisclub-service/target/classes/com/frenchies/tennisclub/service/config/ServiceConfiguration.class], file [/home/thomasmeon/Bureau/Projet/tennisclub/tennisclubproject/tennisclub-service/target/classes/com/frenchies/tennisclub/service/CourtService.class], file [/home/thomasmeon/Bureau/Projet/tennisclub/tennisclubproject/tennisclub-service/target/classes/com/frenchies/tennisclub/service/BookingServiceImpl.class], file [/home/thomasmeon/Bureau/Projet/tennisclub/tennisclubproject/tennisclub-service/target/classes/com/frenchies/tennisclub/service/TimeServiceImpl.class], file [/home/thomasmeon/Bureau/Projet/tennisclub/tennisclubproject/tennisclub-service/target/classes/com/frenchies/tennisclub/service/CourtServiceImpl.class], file [/home/thomasmeon/Bureau/Projet/tennisclub/tennisclubproject/tennisclub-service/target/classes/com/frenchies/tennisclub/service/BookingService.class], file [/home/thomasmeon/Bureau/Projet/tennisclub/tennisclubproject/tennisclub-service/target/classes/com/frenchies/tennisclub/service/UserService.class]]
18:58:53.775 [main] DEBUG o.s.c.a.ClassPathBeanDefinitionScanner - Identified candidate component class: file [/home/thomasmeon/Bureau/Projet/tennisclub/tennisclubproject/tennisclub-service/target/classes/com/frenchies/tennisclub/service/facade/BookingFacadeImpl.class]
18:58:53.776 [main] DEBUG o.s.c.a.ClassPathBeanDefinitionScanner - Identified candidate component class: file [/home/thomasmeon/Bureau/Projet/tennisclub/tennisclubproject/tennisclub-service/target/classes/com/frenchies/tennisclub/service/facade/UserFacadeImpl.class]
18:58:53.776 [main] DEBUG o.s.c.a.ClassPathBeanDefinitionScanner - Identified candidate component class: file [/home/thomasmeon/Bureau/Projet/tennisclub/tennisclubproject/tennisclub-service/target/classes/com/frenchies/tennisclub/service/facade/CourtFacadeImpl.class]
18:58:53.777 [main] DEBUG o.s.c.a.ClassPathBeanDefinitionScanner - Identified candidate component class: file [/home/thomasmeon/Bureau/Projet/tennisclub/tennisclubproject/tennisclub-service/target/classes/com/frenchies/tennisclub/service/UserServiceImpl.class]
18:58:53.777 [main] DEBUG o.s.c.a.ClassPathBeanDefinitionScanner - Ignored because not a concrete top-level class: file [/home/thomasmeon/Bureau/Projet/tennisclub/tennisclubproject/tennisclub-service/target/classes/com/frenchies/tennisclub/service/TimeService.class]
18:58:53.779 [main] DEBUG o.s.c.a.ClassPathBeanDefinitionScanner - Ignored because not a concrete top-level class: file [/home/thomasmeon/Bureau/Projet/tennisclub/tennisclubproject/tennisclub-service/target/classes/com/frenchies/tennisclub/service/CourtService.class]
18:58:53.780 [main] DEBUG o.s.c.a.ClassPathBeanDefinitionScanner - Identified candidate component class: file [/home/thomasmeon/Bureau/Projet/tennisclub/tennisclubproject/tennisclub-service/target/classes/com/frenchies/tennisclub/service/BookingServiceImpl.class]
18:58:53.780 [main] DEBUG o.s.c.a.ClassPathBeanDefinitionScanner - Identified candidate component class: file [/home/thomasmeon/Bureau/Projet/tennisclub/tennisclubproject/tennisclub-service/target/classes/com/frenchies/tennisclub/service/TimeServiceImpl.class]
18:58:53.780 [main] DEBUG o.s.c.a.ClassPathBeanDefinitionScanner - Identified candidate component class: file [/home/thomasmeon/Bureau/Projet/tennisclub/tennisclubproject/tennisclub-service/target/classes/com/frenchies/tennisclub/service/CourtServiceImpl.class]
18:58:53.781 [main] DEBUG o.s.c.a.ClassPathBeanDefinitionScanner - Ignored because not a concrete top-level class: file [/home/thomasmeon/Bureau/Projet/tennisclub/tennisclubproject/tennisclub-service/target/classes/com/frenchies/tennisclub/service/BookingService.class]
18:58:53.781 [main] DEBUG o.s.c.a.ClassPathBeanDefinitionScanner - Ignored because not a concrete top-level class: file [/home/thomasmeon/Bureau/Projet/tennisclub/tennisclubproject/tennisclub-service/target/classes/com/frenchies/tennisclub/service/UserService.class]
18:58:53.783 [main] DEBUG o.s.c.i.s.PathMatchingResourcePatternResolver - Looking for matching resources in directory tree [/home/thomasmeon/Bureau/Projet/tennisclub/tennisclubproject/tennisclub-service/target/classes/com/frenchies/tennisclub/service/facade]
18:58:53.783 [main] DEBUG o.s.c.i.s.PathMatchingResourcePatternResolver - Searching directory [/home/thomasmeon/Bureau/Projet/tennisclub/tennisclubproject/tennisclub-service/target/classes/com/frenchies/tennisclub/service/facade] for files matching pattern [/home/thomasmeon/Bureau/Projet/tennisclub/tennisclubproject/tennisclub-service/target/classes/com/frenchies/tennisclub/service/facade/**/*.class]
18:58:53.783 [main] DEBUG o.s.c.i.s.PathMatchingResourcePatternResolver - Resolved location pattern [classpath*:com/frenchies/tennisclub/service/facade/**/*.class] to resources [file [/home/thomasmeon/Bureau/Projet/tennisclub/tennisclubproject/tennisclub-service/target/classes/com/frenchies/tennisclub/service/facade/BookingFacadeImpl.class], file [/home/thomasmeon/Bureau/Projet/tennisclub/tennisclubproject/tennisclub-service/target/classes/com/frenchies/tennisclub/service/facade/UserFacadeImpl.class], file [/home/thomasmeon/Bureau/Projet/tennisclub/tennisclubproject/tennisclub-service/target/classes/com/frenchies/tennisclub/service/facade/CourtFacadeImpl.class]]
18:58:53.784 [main] DEBUG o.s.c.a.ClassPathBeanDefinitionScanner - Identified candidate component class: file [/home/thomasmeon/Bureau/Projet/tennisclub/tennisclubproject/tennisclub-service/target/classes/com/frenchies/tennisclub/service/facade/BookingFacadeImpl.class]
18:58:53.784 [main] DEBUG o.s.c.a.ClassPathBeanDefinitionScanner - Identified candidate component class: file [/home/thomasmeon/Bureau/Projet/tennisclub/tennisclubproject/tennisclub-service/target/classes/com/frenchies/tennisclub/service/facade/UserFacadeImpl.class]
18:58:53.784 [main] DEBUG o.s.c.a.ClassPathBeanDefinitionScanner - Identified candidate component class: file [/home/thomasmeon/Bureau/Projet/tennisclub/tennisclubproject/tennisclub-service/target/classes/com/frenchies/tennisclub/service/facade/CourtFacadeImpl.class]
18:58:53.810 [main] DEBUG o.s.core.env.StandardEnvironment - Adding [systemProperties] PropertySource with lowest search precedence
18:58:53.810 [main] DEBUG o.s.core.env.StandardEnvironment - Adding [systemEnvironment] PropertySource with lowest search precedence
18:58:53.810 [main] DEBUG o.s.core.env.StandardEnvironment - Initialized StandardEnvironment with PropertySources [systemProperties,systemEnvironment]
18:58:53.811 [main] DEBUG o.s.c.a.ClassPathBeanDefinitionScanner - JSR-330 'javax.inject.Named' annotation found and supported for component scanning
18:58:53.812 [main] DEBUG o.s.c.i.s.PathMatchingResourcePatternResolver - Looking for matching resources in directory tree [/home/thomasmeon/Bureau/Projet/tennisclub/tennisclubproject/tennisclub-service/target/test-classes/com/frenchies/tennisclub]
18:58:53.813 [main] DEBUG o.s.c.i.s.PathMatchingResourcePatternResolver - Searching directory [/home/thomasmeon/Bureau/Projet/tennisclub/tennisclubproject/tennisclub-service/target/test-classes/com/frenchies/tennisclub] for files matching pattern [/home/thomasmeon/Bureau/Projet/tennisclub/tennisclubproject/tennisclub-service/target/test-classes/com/frenchies/tennisclub/**/*.class]
18:58:53.813 [main] DEBUG o.s.c.i.s.PathMatchingResourcePatternResolver - Searching directory [/home/thomasmeon/Bureau/Projet/tennisclub/tennisclubproject/tennisclub-service/target/test-classes/com/frenchies/tennisclub/service] for files matching pattern [/home/thomasmeon/Bureau/Projet/tennisclub/tennisclubproject/tennisclub-service/target/test-classes/com/frenchies/tennisclub/**/*.class]
18:58:53.814 [main] DEBUG o.s.c.i.s.PathMatchingResourcePatternResolver - Looking for matching resources in directory tree [/home/thomasmeon/Bureau/Projet/tennisclub/tennisclubproject/tennisclub-service/target/classes/com/frenchies/tennisclub]
18:58:53.814 [main] DEBUG o.s.c.i.s.PathMatchingResourcePatternResolver - Searching directory [/home/thomasmeon/Bureau/Projet/tennisclub/tennisclubproject/tennisclub-service/target/classes/com/frenchies/tennisclub] for files matching pattern [/home/thomasmeon/Bureau/Projet/tennisclub/tennisclubproject/tennisclub-service/target/classes/com/frenchies/tennisclub/**/*.class]
18:58:53.814 [main] DEBUG o.s.c.i.s.PathMatchingResourcePatternResolver - Searching directory [/home/thomasmeon/Bureau/Projet/tennisclub/tennisclubproject/tennisclub-service/target/classes/com/frenchies/tennisclub/service] for files matching pattern [/home/thomasmeon/Bureau/Projet/tennisclub/tennisclubproject/tennisclub-service/target/classes/com/frenchies/tennisclub/**/*.class]
18:58:53.815 [main] DEBUG o.s.c.i.s.PathMatchingResourcePatternResolver - Searching directory [/home/thomasmeon/Bureau/Projet/tennisclub/tennisclubproject/tennisclub-service/target/classes/com/frenchies/tennisclub/service/facade] for files matching pattern [/home/thomasmeon/Bureau/Projet/tennisclub/tennisclubproject/tennisclub-service/target/classes/com/frenchies/tennisclub/**/*.class]
18:58:53.815 [main] DEBUG o.s.c.i.s.PathMatchingResourcePatternResolver - Searching directory [/home/thomasmeon/Bureau/Projet/tennisclub/tennisclubproject/tennisclub-service/target/classes/com/frenchies/tennisclub/service/config] for files matching pattern [/home/thomasmeon/Bureau/Projet/tennisclub/tennisclubproject/tennisclub-service/target/classes/com/frenchies/tennisclub/**/*.class]
18:58:53.816 [main] DEBUG o.s.c.i.s.PathMatchingResourcePatternResolver - Searching directory [/home/thomasmeon/Bureau/Projet/tennisclub/tennisclubproject/tennisclub-service/target/classes/com/frenchies/tennisclub/mappers] for files matching pattern [/home/thomasmeon/Bureau/Projet/tennisclub/tennisclubproject/tennisclub-service/target/classes/com/frenchies/tennisclub/**/*.class]
18:58:53.818 [main] DEBUG o.s.c.i.s.PathMatchingResourcePatternResolver - Looking for matching resources in jar file [file:/home/thomasmeon/Bureau/Projet/tennisclub/tennisclubproject/tennisclub-api/target/tennisclub-api-1.0-SNAPSHOT.jar]
18:58:53.819 [main] DEBUG o.s.c.i.s.PathMatchingResourcePatternResolver - Looking for matching resources in jar file [file:/home/thomasmeon/Bureau/Projet/tennisclub/tennisclubproject/tennisclub-persistence/target/tennisclub-persistence-1.0-SNAPSHOT.jar]
18:58:53.820 [main] DEBUG o.s.c.i.s.PathMatchingResourcePatternResolver - Resolved location pattern [classpath*:com/frenchies/tennisclub/**/*.class] to resources [file [/home/thomasmeon/Bureau/Projet/tennisclub/tennisclubproject/tennisclub-service/target/test-classes/com/frenchies/tennisclub/service/CourtServiceTest.class], file [/home/thomasmeon/Bureau/Projet/tennisclub/tennisclubproject/tennisclub-service/target/test-classes/com/frenchies/tennisclub/service/BeanMappingServiceTest.class], file [/home/thomasmeon/Bureau/Projet/tennisclub/tennisclubproject/tennisclub-service/target/test-classes/com/frenchies/tennisclub/service/BookingServiceTest.class], file [/home/thomasmeon/Bureau/Projet/tennisclub/tennisclubproject/tennisclub-service/target/classes/com/frenchies/tennisclub/service/facade/BookingFacadeImpl.class], file [/home/thomasmeon/Bureau/Projet/tennisclub/tennisclubproject/tennisclub-service/target/classes/com/frenchies/tennisclub/service/facade/UserFacadeImpl.class], file [/home/thomasmeon/Bureau/Projet/tennisclub/tennisclubproject/tennisclub-service/target/classes/com/frenchies/tennisclub/service/facade/CourtFacadeImpl.class], file [/home/thomasmeon/Bureau/Projet/tennisclub/tennisclubproject/tennisclub-service/target/classes/com/frenchies/tennisclub/service/UserServiceImpl.class], file [/home/thomasmeon/Bureau/Projet/tennisclub/tennisclubproject/tennisclub-service/target/classes/com/frenchies/tennisclub/service/TimeService.class], file [/home/thomasmeon/Bureau/Projet/tennisclub/tennisclubproject/tennisclub-service/target/classes/com/frenchies/tennisclub/service/config/ServiceConfiguration$DozerCustomConfig.class], file [/home/thomasmeon/Bureau/Projet/tennisclub/tennisclubproject/tennisclub-service/target/classes/com/frenchies/tennisclub/service/config/ServiceConfiguration.class], file [/home/thomasmeon/Bureau/Projet/tennisclub/tennisclubproject/tennisclub-service/target/classes/com/frenchies/tennisclub/service/CourtService.class], file [/home/thomasmeon/Bureau/Projet/tennisclub/tennisclubproject/tennisclub-service/target/classes/com/frenchies/tennisclub/service/BookingServiceImpl.class], file [/home/thomasmeon/Bureau/Projet/tennisclub/tennisclubproject/tennisclub-service/target/classes/com/frenchies/tennisclub/service/TimeServiceImpl.class], file [/home/thomasmeon/Bureau/Projet/tennisclub/tennisclubproject/tennisclub-service/target/classes/com/frenchies/tennisclub/service/CourtServiceImpl.class], file [/home/thomasmeon/Bureau/Projet/tennisclub/tennisclubproject/tennisclub-service/target/classes/com/frenchies/tennisclub/service/BookingService.class], file [/home/thomasmeon/Bureau/Projet/tennisclub/tennisclubproject/tennisclub-service/target/classes/com/frenchies/tennisclub/service/UserService.class], file [/home/thomasmeon/Bureau/Projet/tennisclub/tennisclubproject/tennisclub-service/target/classes/com/frenchies/tennisclub/mappers/BeanMappingServiceImpl.class], file [/home/thomasmeon/Bureau/Projet/tennisclub/tennisclubproject/tennisclub-service/target/classes/com/frenchies/tennisclub/mappers/BeanMappingService.class], URL [jar:file:/home/thomasmeon/Bureau/Projet/tennisclub/tennisclubproject/tennisclub-api/target/tennisclub-api-1.0-SNAPSHOT.jar!/com/frenchies/tennisclub/enums/Hour24.class], URL [jar:file:/home/thomasmeon/Bureau/Projet/tennisclub/tennisclubproject/tennisclub-api/target/tennisclub-api-1.0-SNAPSHOT.jar!/com/frenchies/tennisclub/enums/CourtType.class], URL [jar:file:/home/thomasmeon/Bureau/Projet/tennisclub/tennisclubproject/tennisclub-api/target/tennisclub-api-1.0-SNAPSHOT.jar!/com/frenchies/tennisclub/enums/Status.class], URL [jar:file:/home/thomasmeon/Bureau/Projet/tennisclub/tennisclubproject/tennisclub-api/target/tennisclub-api-1.0-SNAPSHOT.jar!/com/frenchies/tennisclub/exceptions/UserAuthentificationException.class], URL [jar:file:/home/thomasmeon/Bureau/Projet/tennisclub/tennisclubproject/tennisclub-api/target/tennisclub-api-1.0-SNAPSHOT.jar!/com/frenchies/tennisclub/facade/BookingFacade.class], URL [jar:file:/home/thomasmeon/Bureau/Projet/tennisclub/tennisclubproject/tennisclub-api/target/tennisclub-api-1.0-SNAPSHOT.jar!/com/frenchies/tennisclub/facade/UserFacade.class], URL [jar:file:/home/thomasmeon/Bureau/Projet/tennisclub/tennisclubproject/tennisclub-api/target/tennisclub-api-1.0-SNAPSHOT.jar!/com/frenchies/tennisclub/facade/CourtFacade.class], URL [jar:file:/home/thomasmeon/Bureau/Projet/tennisclub/tennisclubproject/tennisclub-api/target/tennisclub-api-1.0-SNAPSHOT.jar!/com/frenchies/tennisclub/dto/UserUpdatePasswordDTO.class], URL [jar:file:/home/thomasmeon/Bureau/Projet/tennisclub/tennisclubproject/tennisclub-api/target/tennisclub-api-1.0-SNAPSHOT.jar!/com/frenchies/tennisclub/dto/UserAuthenticateDTO.class], URL [jar:file:/home/thomasmeon/Bureau/Projet/tennisclub/tennisclubproject/tennisclub-api/target/tennisclub-api-1.0-SNAPSHOT.jar!/com/frenchies/tennisclub/dto/BookingCreateDTO.class], URL [jar:file:/home/thomasmeon/Bureau/Projet/tennisclub/tennisclubproject/tennisclub-api/target/tennisclub-api-1.0-SNAPSHOT.jar!/com/frenchies/tennisclub/dto/CourtCreateDTO.class], URL [jar:file:/home/thomasmeon/Bureau/Projet/tennisclub/tennisclubproject/tennisclub-api/target/tennisclub-api-1.0-SNAPSHOT.jar!/com/frenchies/tennisclub/dto/BookingDTO.class], URL [jar:file:/home/thomasmeon/Bureau/Projet/tennisclub/tennisclubproject/tennisclub-api/target/tennisclub-api-1.0-SNAPSHOT.jar!/com/frenchies/tennisclub/dto/UserUpdateDTO.class], URL [jar:file:/home/thomasmeon/Bureau/Projet/tennisclub/tennisclubproject/tennisclub-api/target/tennisclub-api-1.0-SNAPSHOT.jar!/com/frenchies/tennisclub/dto/CourtDTO.class], URL [jar:file:/home/thomasmeon/Bureau/Projet/tennisclub/tennisclubproject/tennisclub-api/target/tennisclub-api-1.0-SNAPSHOT.jar!/com/frenchies/tennisclub/dto/UserDTO.class], URL [jar:file:/home/thomasmeon/Bureau/Projet/tennisclub/tennisclubproject/tennisclub-persistence/target/tennisclub-persistence-1.0-SNAPSHOT.jar!/com/frenchies/tennisclub/enums/Hour24.class], URL [jar:file:/home/thomasmeon/Bureau/Projet/tennisclub/tennisclubproject/tennisclub-persistence/target/tennisclub-persistence-1.0-SNAPSHOT.jar!/com/frenchies/tennisclub/enums/CourtType.class], URL [jar:file:/home/thomasmeon/Bureau/Projet/tennisclub/tennisclubproject/tennisclub-persistence/target/tennisclub-persistence-1.0-SNAPSHOT.jar!/com/frenchies/tennisclub/enums/Status.class], URL [jar:file:/home/thomasmeon/Bureau/Projet/tennisclub/tennisclubproject/tennisclub-persistence/target/tennisclub-persistence-1.0-SNAPSHOT.jar!/com/frenchies/tennisclub/dao/BookingDao.class], URL [jar:file:/home/thomasmeon/Bureau/Projet/tennisclub/tennisclubproject/tennisclub-persistence/target/tennisclub-persistence-1.0-SNAPSHOT.jar!/com/frenchies/tennisclub/dao/CourtDao.class], URL [jar:file:/home/thomasmeon/Bureau/Projet/tennisclub/tennisclubproject/tennisclub-persistence/target/tennisclub-persistence-1.0-SNAPSHOT.jar!/com/frenchies/tennisclub/dao/BookingDaoImpl.class], URL [jar:file:/home/thomasmeon/Bureau/Projet/tennisclub/tennisclubproject/tennisclub-persistence/target/tennisclub-persistence-1.0-SNAPSHOT.jar!/com/frenchies/tennisclub/dao/CourtDaoImpl.class], URL [jar:file:/home/thomasmeon/Bureau/Projet/tennisclub/tennisclubproject/tennisclub-persistence/target/tennisclub-persistence-1.0-SNAPSHOT.jar!/com/frenchies/tennisclub/dao/UserDao.class], URL [jar:file:/home/thomasmeon/Bureau/Projet/tennisclub/tennisclubproject/tennisclub-persistence/target/tennisclub-persistence-1.0-SNAPSHOT.jar!/com/frenchies/tennisclub/dao/UserDaoImpl.class], URL [jar:file:/home/thomasmeon/Bureau/Projet/tennisclub/tennisclubproject/tennisclub-persistence/target/tennisclub-persistence-1.0-SNAPSHOT.jar!/com/frenchies/tennisclub/entity/User.class], URL [jar:file:/home/thomasmeon/Bureau/Projet/tennisclub/tennisclubproject/tennisclub-persistence/target/tennisclub-persistence-1.0-SNAPSHOT.jar!/com/frenchies/tennisclub/entity/Court.class], URL [jar:file:/home/thomasmeon/Bureau/Projet/tennisclub/tennisclubproject/tennisclub-persistence/target/tennisclub-persistence-1.0-SNAPSHOT.jar!/com/frenchies/tennisclub/entity/Booking.class], URL [jar:file:/home/thomasmeon/Bureau/Projet/tennisclub/tennisclubproject/tennisclub-persistence/target/tennisclub-persistence-1.0-SNAPSHOT.jar!/com/frenchies/tennisclub/PersistenceSampleApplicationContext.class]]
18:58:53.823 [main] DEBUG o.s.c.a.ClassPathBeanDefinitionScanner - Identified candidate component class: file [/home/thomasmeon/Bureau/Projet/tennisclub/tennisclubproject/tennisclub-service/target/classes/com/frenchies/tennisclub/service/facade/BookingFacadeImpl.class]
18:58:53.824 [main] DEBUG o.s.c.a.ClassPathBeanDefinitionScanner - Identified candidate component class: file [/home/thomasmeon/Bureau/Projet/tennisclub/tennisclubproject/tennisclub-service/target/classes/com/frenchies/tennisclub/service/facade/UserFacadeImpl.class]
18:58:53.825 [main] DEBUG o.s.c.a.ClassPathBeanDefinitionScanner - Identified candidate component class: file [/home/thomasmeon/Bureau/Projet/tennisclub/tennisclubproject/tennisclub-service/target/classes/com/frenchies/tennisclub/service/facade/CourtFacadeImpl.class]
18:58:53.825 [main] DEBUG o.s.c.a.ClassPathBeanDefinitionScanner - Identified candidate component class: file [/home/thomasmeon/Bureau/Projet/tennisclub/tennisclubproject/tennisclub-service/target/classes/com/frenchies/tennisclub/service/UserServiceImpl.class]
18:58:53.826 [main] DEBUG o.s.c.a.ClassPathBeanDefinitionScanner - Ignored because not a concrete top-level class: file [/home/thomasmeon/Bureau/Projet/tennisclub/tennisclubproject/tennisclub-service/target/classes/com/frenchies/tennisclub/service/TimeService.class]
18:58:53.827 [main] DEBUG o.s.c.a.ClassPathBeanDefinitionScanner - Identified candidate component class: file [/home/thomasmeon/Bureau/Projet/tennisclub/tennisclubproject/tennisclub-service/target/classes/com/frenchies/tennisclub/service/config/ServiceConfiguration.class]
18:58:53.827 [main] DEBUG o.s.c.a.ClassPathBeanDefinitionScanner - Ignored because not a concrete top-level class: file [/home/thomasmeon/Bureau/Projet/tennisclub/tennisclubproject/tennisclub-service/target/classes/com/frenchies/tennisclub/service/CourtService.class]
18:58:53.827 [main] DEBUG o.s.c.a.ClassPathBeanDefinitionScanner - Identified candidate component class: file [/home/thomasmeon/Bureau/Projet/tennisclub/tennisclubproject/tennisclub-service/target/classes/com/frenchies/tennisclub/service/BookingServiceImpl.class]
18:58:53.828 [main] DEBUG o.s.c.a.ClassPathBeanDefinitionScanner - Identified candidate component class: file [/home/thomasmeon/Bureau/Projet/tennisclub/tennisclubproject/tennisclub-service/target/classes/com/frenchies/tennisclub/service/TimeServiceImpl.class]
18:58:53.828 [main] DEBUG o.s.c.a.ClassPathBeanDefinitionScanner - Identified candidate component class: file [/home/thomasmeon/Bureau/Projet/tennisclub/tennisclubproject/tennisclub-service/target/classes/com/frenchies/tennisclub/service/CourtServiceImpl.class]
18:58:53.828 [main] DEBUG o.s.c.a.ClassPathBeanDefinitionScanner - Ignored because not a concrete top-level class: file [/home/thomasmeon/Bureau/Projet/tennisclub/tennisclubproject/tennisclub-service/target/classes/com/frenchies/tennisclub/service/BookingService.class]
18:58:53.829 [main] DEBUG o.s.c.a.ClassPathBeanDefinitionScanner - Ignored because not a concrete top-level class: file [/home/thomasmeon/Bureau/Projet/tennisclub/tennisclubproject/tennisclub-service/target/classes/com/frenchies/tennisclub/service/UserService.class]
18:58:53.829 [main] DEBUG o.s.c.a.ClassPathBeanDefinitionScanner - Identified candidate component class: file [/home/thomasmeon/Bureau/Projet/tennisclub/tennisclubproject/tennisclub-service/target/classes/com/frenchies/tennisclub/mappers/BeanMappingServiceImpl.class]
18:58:53.829 [main] DEBUG o.s.c.a.ClassPathBeanDefinitionScanner - Ignored because not a concrete top-level class: file [/home/thomasmeon/Bureau/Projet/tennisclub/tennisclubproject/tennisclub-service/target/classes/com/frenchies/tennisclub/mappers/BeanMappingService.class]
18:58:53.836 [main] DEBUG o.s.c.a.ClassPathBeanDefinitionScanner - Identified candidate component class: URL [jar:file:/home/thomasmeon/Bureau/Projet/tennisclub/tennisclubproject/tennisclub-persistence/target/tennisclub-persistence-1.0-SNAPSHOT.jar!/com/frenchies/tennisclub/dao/BookingDaoImpl.class]
18:58:53.837 [main] DEBUG o.s.c.a.ClassPathBeanDefinitionScanner - Identified candidate component class: URL [jar:file:/home/thomasmeon/Bureau/Projet/tennisclub/tennisclubproject/tennisclub-persistence/target/tennisclub-persistence-1.0-SNAPSHOT.jar!/com/frenchies/tennisclub/dao/CourtDaoImpl.class]
18:58:53.838 [main] DEBUG o.s.c.a.ClassPathBeanDefinitionScanner - Identified candidate component class: URL [jar:file:/home/thomasmeon/Bureau/Projet/tennisclub/tennisclubproject/tennisclub-persistence/target/tennisclub-persistence-1.0-SNAPSHOT.jar!/com/frenchies/tennisclub/dao/UserDaoImpl.class]
18:58:53.870 [main] DEBUG o.s.c.a.ConfigurationClassBeanDefinitionReader - Registered bean definition for imported class 'org.springframework.transaction.annotation.ProxyTransactionManagementConfiguration'
18:58:53.872 [main] DEBUG o.s.c.a.ConfigurationClassBeanDefinitionReader - Registering bean definition for @Bean method org.springframework.transaction.annotation.ProxyTransactionManagementConfiguration.org.springframework.transaction.config.internalTransactionAdvisor()
18:58:53.872 [main] DEBUG o.s.c.a.ConfigurationClassBeanDefinitionReader - Registering bean definition for @Bean method org.springframework.transaction.annotation.ProxyTransactionManagementConfiguration.transactionAttributeSource()
18:58:53.873 [main] DEBUG o.s.c.a.ConfigurationClassBeanDefinitionReader - Registering bean definition for @Bean method org.springframework.transaction.annotation.ProxyTransactionManagementConfiguration.transactionInterceptor()
18:58:53.874 [main] DEBUG o.s.c.a.ConfigurationClassBeanDefinitionReader - Registered bean definition for imported class 'com.frenchies.tennisclub.PersistenceSampleApplicationContext'
18:58:53.875 [main] DEBUG o.s.c.a.ConfigurationClassBeanDefinitionReader - Registering bean definition for @Bean method com.frenchies.tennisclub.PersistenceSampleApplicationContext.transactionManager()
18:58:53.876 [main] DEBUG o.s.c.a.ConfigurationClassBeanDefinitionReader - Registering bean definition for @Bean method com.frenchies.tennisclub.PersistenceSampleApplicationContext.instrumentationLoadTimeWeaver()
18:58:53.877 [main] DEBUG o.s.c.a.ConfigurationClassBeanDefinitionReader - Registering bean definition for @Bean method com.frenchies.tennisclub.PersistenceSampleApplicationContext.db()
18:58:53.877 [main] DEBUG o.s.c.a.ConfigurationClassBeanDefinitionReader - Registering bean definition for @Bean method com.frenchies.tennisclub.PersistenceSampleApplicationContext.localValidatorFactoryBean()
18:58:53.878 [main] DEBUG o.s.c.a.ConfigurationClassBeanDefinitionReader - Registering bean definition for @Bean method com.frenchies.tennisclub.PersistenceSampleApplicationContext.entityManagerFactory()
18:58:53.890 [main] DEBUG o.s.core.env.StandardEnvironment - Adding [systemProperties] PropertySource with lowest search precedence
18:58:53.890 [main] DEBUG o.s.core.env.StandardEnvironment - Adding [systemEnvironment] PropertySource with lowest search precedence
18:58:53.890 [main] DEBUG o.s.core.env.StandardEnvironment - Initialized StandardEnvironment with PropertySources [systemProperties,systemEnvironment]
18:58:53.892 [main] DEBUG o.s.c.i.s.PathMatchingResourcePatternResolver - Looking for matching resources in jar file [file:/home/thomasmeon/.m2/repository/org/springframework/data/spring-data-jpa/1.7.4.RELEASE/spring-data-jpa-1.7.4.RELEASE.jar]
18:58:53.896 [main] DEBUG o.s.c.i.s.PathMatchingResourcePatternResolver - Looking for matching resources in jar file [file:/home/thomasmeon/.m2/repository/org/springframework/data/spring-data-commons/1.9.4.RELEASE/spring-data-commons-1.9.4.RELEASE.jar]
18:58:53.903 [main] DEBUG o.s.c.i.s.PathMatchingResourcePatternResolver - Resolved location pattern [classpath*:org/springframework/data/**/repository/support/**/*.class] to resources [URL [jar:file:/home/thomasmeon/.m2/repository/org/springframework/data/spring-data-jpa/1.7.4.RELEASE/spring-data-jpa-1.7.4.RELEASE.jar!/org/springframework/data/jpa/repository/support/Querydsl$1.class], URL [jar:file:/home/thomasmeon/.m2/repository/org/springframework/data/spring-data-jpa/1.7.4.RELEASE/spring-data-jpa-1.7.4.RELEASE.jar!/org/springframework/data/jpa/repository/support/CrudMethodMetadataPostProcessor$ThreadBoundTargetSource.class], URL [jar:file:/home/thomasmeon/.m2/repository/org/springframework/data/spring-data-jpa/1.7.4.RELEASE/spring-data-jpa-1.7.4.RELEASE.jar!/org/springframework/data/jpa/repository/support/JpaPersistableEntityInformation.class], URL [jar:file:/home/thomasmeon/.m2/repository/org/springframework/data/spring-data-jpa/1.7.4.RELEASE/spring-data-jpa-1.7.4.RELEASE.jar!/org/springframework/data/jpa/repository/support/PersistenceProvider$4.class], URL [jar:file:/home/thomasmeon/.m2/repository/org/springframework/data/spring-data-jpa/1.7.4.RELEASE/spring-data-jpa-1.7.4.RELEASE.jar!/org/springframework/data/jpa/repository/support/CrudMethodMetadataPostProcessor.class], URL [jar:file:/home/thomasmeon/.m2/repository/org/springframework/data/spring-data-jpa/1.7.4.RELEASE/spring-data-jpa-1.7.4.RELEASE.jar!/org/springframework/data/jpa/repository/support/CrudMethodMetadataPostProcessor$1.class], URL [jar:file:/home/thomasmeon/.m2/repository/org/springframework/data/spring-data-jpa/1.7.4.RELEASE/spring-data-jpa-1.7.4.RELEASE.jar!/org/springframework/data/jpa/repository/support/JpaEntityInformation.class], URL [jar:file:/home/thomasmeon/.m2/repository/org/springframework/data/spring-data-jpa/1.7.4.RELEASE/spring-data-jpa-1.7.4.RELEASE.jar!/org/springframework/data/jpa/repository/support/JpaMetamodelEntityInformation.class], URL [jar:file:/home/thomasmeon/.m2/repository/org/springframework/data/spring-data-jpa/1.7.4.RELEASE/spring-data-jpa-1.7.4.RELEASE.jar!/org/springframework/data/jpa/repository/support/JpaMetamodelEntityInformation$IdMetadata.class], URL [jar:file:/home/thomasmeon/.m2/repository/org/springframework/data/spring-data-jpa/1.7.4.RELEASE/spring-data-jpa-1.7.4.RELEASE.jar!/org/springframework/data/jpa/repository/support/JpaEntityInformationSupport.class], URL [jar:file:/home/thomasmeon/.m2/repository/org/springframework/data/spring-data-jpa/1.7.4.RELEASE/spring-data-jpa-1.7.4.RELEASE.jar!/org/springframework/data/jpa/repository/support/PersistenceProvider$3.class], URL [jar:file:/home/thomasmeon/.m2/repository/org/springframework/data/spring-data-jpa/1.7.4.RELEASE/spring-data-jpa-1.7.4.RELEASE.jar!/org/springframework/data/jpa/repository/support/QueryDslRepositorySupport.class], URL [jar:file:/home/thomasmeon/.m2/repository/org/springframework/data/spring-data-jpa/1.7.4.RELEASE/spring-data-jpa-1.7.4.RELEASE.jar!/org/springframework/data/jpa/repository/support/JpaRepositoryFactory.class], URL [jar:file:/home/thomasmeon/.m2/repository/org/springframework/data/spring-data-jpa/1.7.4.RELEASE/spring-data-jpa-1.7.4.RELEASE.jar!/org/springframework/data/jpa/repository/support/CrudMethodMetadataPostProcessor$DefaultCrudMethodMetadata.class], URL [jar:file:/home/thomasmeon/.m2/repository/org/springframework/data/spring-data-jpa/1.7.4.RELEASE/spring-data-jpa-1.7.4.RELEASE.jar!/org/springframework/data/jpa/repository/support/PersistenceProvider.class], URL [jar:file:/home/thomasmeon/.m2/repository/org/springframework/data/spring-data-jpa/1.7.4.RELEASE/spring-data-jpa-1.7.4.RELEASE.jar!/org/springframework/data/jpa/repository/support/SimpleJpaRepository.class], URL [jar:file:/home/thomasmeon/.m2/repository/org/springframework/data/spring-data-jpa/1.7.4.RELEASE/spring-data-jpa-1.7.4.RELEASE.jar!/org/springframework/data/jpa/repository/support/CrudMethodMetadataPostProcessor$CrudMethodMetadataPopulatingMethodIntercceptor.class], URL [jar:file:/home/thomasmeon/.m2/repository/org/springframework/data/spring-data-jpa/1.7.4.RELEASE/spring-data-jpa-1.7.4.RELEASE.jar!/org/springframework/data/jpa/repository/support/Querydsl.class], URL [jar:file:/home/thomasmeon/.m2/repository/org/springframework/data/spring-data-jpa/1.7.4.RELEASE/spring-data-jpa-1.7.4.RELEASE.jar!/org/springframework/data/jpa/repository/support/CrudMethodMetadata.class], URL [jar:file:/home/thomasmeon/.m2/repository/org/springframework/data/spring-data-jpa/1.7.4.RELEASE/spring-data-jpa-1.7.4.RELEASE.jar!/org/springframework/data/jpa/repository/support/EntityManagerBeanDefinitionRegistrarPostProcessor.class], URL [jar:file:/home/thomasmeon/.m2/repository/org/springframework/data/spring-data-jpa/1.7.4.RELEASE/spring-data-jpa-1.7.4.RELEASE.jar!/org/springframework/data/jpa/repository/support/JpaMetamodelEntityInformation$IdentifierDerivingDirectFieldAccessFallbackBeanWrapper.class], URL [jar:file:/home/thomasmeon/.m2/repository/org/springframework/data/spring-data-jpa/1.7.4.RELEASE/spring-data-jpa-1.7.4.RELEASE.jar!/org/springframework/data/jpa/repository/support/PersistenceProvider$1.class], URL [jar:file:/home/thomasmeon/.m2/repository/org/springframework/data/spring-data-jpa/1.7.4.RELEASE/spring-data-jpa-1.7.4.RELEASE.jar!/org/springframework/data/jpa/repository/support/QueryDslJpaRepository.class], URL [jar:file:/home/thomasmeon/.m2/repository/org/springframework/data/spring-data-jpa/1.7.4.RELEASE/spring-data-jpa-1.7.4.RELEASE.jar!/org/springframework/data/jpa/repository/support/PersistenceProvider$2.class], URL [jar:file:/home/thomasmeon/.m2/repository/org/springframework/data/spring-data-jpa/1.7.4.RELEASE/spring-data-jpa-1.7.4.RELEASE.jar!/org/springframework/data/jpa/repository/support/JpaRepositoryFactoryBean.class], URL [jar:file:/home/thomasmeon/.m2/repository/org/springframework/data/spring-data-jpa/1.7.4.RELEASE/spring-data-jpa-1.7.4.RELEASE.jar!/org/springframework/data/jpa/repository/support/PersistenceProvider$Constants.class], URL [jar:file:/home/thomasmeon/.m2/repository/org/springframework/data/spring-data-jpa/1.7.4.RELEASE/spring-data-jpa-1.7.4.RELEASE.jar!/org/springframework/data/jpa/repository/support/SimpleJpaRepository$ByIdsSpecification.class], URL [jar:file:/home/thomasmeon/.m2/repository/org/springframework/data/spring-data-commons/1.9.4.RELEASE/spring-data-commons-1.9.4.RELEASE.jar!/org/springframework/data/repository/support/Repositories$EmptyRepositoryFactoryInformation.class], URL [jar:file:/home/thomasmeon/.m2/repository/org/springframework/data/spring-data-commons/1.9.4.RELEASE/spring-data-commons-1.9.4.RELEASE.jar!/org/springframework/data/repository/support/DomainClassPropertyEditorRegistrar.class], URL [jar:file:/home/thomasmeon/.m2/repository/org/springframework/data/spring-data-commons/1.9.4.RELEASE/spring-data-commons-1.9.4.RELEASE.jar!/org/springframework/data/repository/support/CrudRepositoryInvoker.class], URL [jar:file:/home/thomasmeon/.m2/repository/org/springframework/data/spring-data-commons/1.9.4.RELEASE/spring-data-commons-1.9.4.RELEASE.jar!/org/springframework/data/repository/support/Repositories.class], URL [jar:file:/home/thomasmeon/.m2/repository/org/springframework/data/spring-data-commons/1.9.4.RELEASE/spring-data-commons-1.9.4.RELEASE.jar!/org/springframework/data/repository/support/ReflectionRepositoryInvoker.class], URL [jar:file:/home/thomasmeon/.m2/repository/org/springframework/data/spring-data-commons/1.9.4.RELEASE/spring-data-commons-1.9.4.RELEASE.jar!/org/springframework/data/repository/support/DomainClassPropertyEditor.class], URL [jar:file:/home/thomasmeon/.m2/repository/org/springframework/data/spring-data-commons/1.9.4.RELEASE/spring-data-commons-1.9.4.RELEASE.jar!/org/springframework/data/repository/support/DomainClassConverter.class]]
18:58:53.918 [main] DEBUG o.s.c.a.ClassPathScanningCandidateComponentProvider - Identified candidate component class: URL [jar:file:/home/thomasmeon/.m2/repository/org/springframework/data/spring-data-jpa/1.7.4.RELEASE/spring-data-jpa-1.7.4.RELEASE.jar!/org/springframework/data/jpa/repository/support/JpaRepositoryFactory.class]
18:58:53.949 [main] DEBUG o.s.core.env.StandardEnvironment - Adding [systemProperties] PropertySource with lowest search precedence
18:58:53.949 [main] DEBUG o.s.core.env.StandardEnvironment - Adding [systemEnvironment] PropertySource with lowest search precedence
18:58:53.949 [main] DEBUG o.s.core.env.StandardEnvironment - Initialized StandardEnvironment with PropertySources [systemProperties,systemEnvironment]
18:58:53.951 [main] DEBUG o.s.c.i.s.PathMatchingResourcePatternResolver - Looking for matching resources in directory tree [/home/thomasmeon/Bureau/Projet/tennisclub/tennisclubproject/tennisclub-service/target/test-classes/com/frenchies/tennisclub]
18:58:53.952 [main] DEBUG o.s.c.i.s.PathMatchingResourcePatternResolver - Searching directory [/home/thomasmeon/Bureau/Projet/tennisclub/tennisclubproject/tennisclub-service/target/test-classes/com/frenchies/tennisclub] for files matching pattern [/home/thomasmeon/Bureau/Projet/tennisclub/tennisclubproject/tennisclub-service/target/test-classes/com/frenchies/tennisclub/**/*.class]
18:58:53.952 [main] DEBUG o.s.c.i.s.PathMatchingResourcePatternResolver - Searching directory [/home/thomasmeon/Bureau/Projet/tennisclub/tennisclubproject/tennisclub-service/target/test-classes/com/frenchies/tennisclub/service] for files matching pattern [/home/thomasmeon/Bureau/Projet/tennisclub/tennisclubproject/tennisclub-service/target/test-classes/com/frenchies/tennisclub/**/*.class]
18:58:53.953 [main] DEBUG o.s.c.i.s.PathMatchingResourcePatternResolver - Looking for matching resources in directory tree [/home/thomasmeon/Bureau/Projet/tennisclub/tennisclubproject/tennisclub-service/target/classes/com/frenchies/tennisclub]
18:58:53.953 [main] DEBUG o.s.c.i.s.PathMatchingResourcePatternResolver - Searching directory [/home/thomasmeon/Bureau/Projet/tennisclub/tennisclubproject/tennisclub-service/target/classes/com/frenchies/tennisclub] for files matching pattern [/home/thomasmeon/Bureau/Projet/tennisclub/tennisclubproject/tennisclub-service/target/classes/com/frenchies/tennisclub/**/*.class]
18:58:53.953 [main] DEBUG o.s.c.i.s.PathMatchingResourcePatternResolver - Searching directory [/home/thomasmeon/Bureau/Projet/tennisclub/tennisclubproject/tennisclub-service/target/classes/com/frenchies/tennisclub/service] for files matching pattern [/home/thomasmeon/Bureau/Projet/tennisclub/tennisclubproject/tennisclub-service/target/classes/com/frenchies/tennisclub/**/*.class]
18:58:53.953 [main] DEBUG o.s.c.i.s.PathMatchingResourcePatternResolver - Searching directory [/home/thomasmeon/Bureau/Projet/tennisclub/tennisclubproject/tennisclub-service/target/classes/com/frenchies/tennisclub/service/facade] for files matching pattern [/home/thomasmeon/Bureau/Projet/tennisclub/tennisclubproject/tennisclub-service/target/classes/com/frenchies/tennisclub/**/*.class]
18:58:53.954 [main] DEBUG o.s.c.i.s.PathMatchingResourcePatternResolver - Searching directory [/home/thomasmeon/Bureau/Projet/tennisclub/tennisclubproject/tennisclub-service/target/classes/com/frenchies/tennisclub/service/config] for files matching pattern [/home/thomasmeon/Bureau/Projet/tennisclub/tennisclubproject/tennisclub-service/target/classes/com/frenchies/tennisclub/**/*.class]
18:58:53.954 [main] DEBUG o.s.c.i.s.PathMatchingResourcePatternResolver - Searching directory [/home/thomasmeon/Bureau/Projet/tennisclub/tennisclubproject/tennisclub-service/target/classes/com/frenchies/tennisclub/mappers] for files matching pattern [/home/thomasmeon/Bureau/Projet/tennisclub/tennisclubproject/tennisclub-service/target/classes/com/frenchies/tennisclub/**/*.class]
18:58:53.955 [main] DEBUG o.s.c.i.s.PathMatchingResourcePatternResolver - Looking for matching resources in jar file [file:/home/thomasmeon/Bureau/Projet/tennisclub/tennisclubproject/tennisclub-api/target/tennisclub-api-1.0-SNAPSHOT.jar]
18:58:53.956 [main] DEBUG o.s.c.i.s.PathMatchingResourcePatternResolver - Looking for matching resources in jar file [file:/home/thomasmeon/Bureau/Projet/tennisclub/tennisclubproject/tennisclub-persistence/target/tennisclub-persistence-1.0-SNAPSHOT.jar]
18:58:53.957 [main] DEBUG o.s.c.i.s.PathMatchingResourcePatternResolver - Resolved location pattern [classpath*:com/frenchies/tennisclub/**/*.class] to resources [file [/home/thomasmeon/Bureau/Projet/tennisclub/tennisclubproject/tennisclub-service/target/test-classes/com/frenchies/tennisclub/service/CourtServiceTest.class], file [/home/thomasmeon/Bureau/Projet/tennisclub/tennisclubproject/tennisclub-service/target/test-classes/com/frenchies/tennisclub/service/BeanMappingServiceTest.class], file [/home/thomasmeon/Bureau/Projet/tennisclub/tennisclubproject/tennisclub-service/target/test-classes/com/frenchies/tennisclub/service/BookingServiceTest.class], file [/home/thomasmeon/Bureau/Projet/tennisclub/tennisclubproject/tennisclub-service/target/classes/com/frenchies/tennisclub/service/facade/BookingFacadeImpl.class], file [/home/thomasmeon/Bureau/Projet/tennisclub/tennisclubproject/tennisclub-service/target/classes/com/frenchies/tennisclub/service/facade/UserFacadeImpl.class], file [/home/thomasmeon/Bureau/Projet/tennisclub/tennisclubproject/tennisclub-service/target/classes/com/frenchies/tennisclub/service/facade/CourtFacadeImpl.class], file [/home/thomasmeon/Bureau/Projet/tennisclub/tennisclubproject/tennisclub-service/target/classes/com/frenchies/tennisclub/service/UserServiceImpl.class], file [/home/thomasmeon/Bureau/Projet/tennisclub/tennisclubproject/tennisclub-service/target/classes/com/frenchies/tennisclub/service/TimeService.class], file [/home/thomasmeon/Bureau/Projet/tennisclub/tennisclubproject/tennisclub-service/target/classes/com/frenchies/tennisclub/service/config/ServiceConfiguration$DozerCustomConfig.class], file [/home/thomasmeon/Bureau/Projet/tennisclub/tennisclubproject/tennisclub-service/target/classes/com/frenchies/tennisclub/service/config/ServiceConfiguration.class], file [/home/thomasmeon/Bureau/Projet/tennisclub/tennisclubproject/tennisclub-service/target/classes/com/frenchies/tennisclub/service/CourtService.class], file [/home/thomasmeon/Bureau/Projet/tennisclub/tennisclubproject/tennisclub-service/target/classes/com/frenchies/tennisclub/service/BookingServiceImpl.class], file [/home/thomasmeon/Bureau/Projet/tennisclub/tennisclubproject/tennisclub-service/target/classes/com/frenchies/tennisclub/service/TimeServiceImpl.class], file [/home/thomasmeon/Bureau/Projet/tennisclub/tennisclubproject/tennisclub-service/target/classes/com/frenchies/tennisclub/service/CourtServiceImpl.class], file [/home/thomasmeon/Bureau/Projet/tennisclub/tennisclubproject/tennisclub-service/target/classes/com/frenchies/tennisclub/service/BookingService.class], file [/home/thomasmeon/Bureau/Projet/tennisclub/tennisclubproject/tennisclub-service/target/classes/com/frenchies/tennisclub/service/UserService.class], file [/home/thomasmeon/Bureau/Projet/tennisclub/tennisclubproject/tennisclub-service/target/classes/com/frenchies/tennisclub/mappers/BeanMappingServiceImpl.class], file [/home/thomasmeon/Bureau/Projet/tennisclub/tennisclubproject/tennisclub-service/target/classes/com/frenchies/tennisclub/mappers/BeanMappingService.class], URL [jar:file:/home/thomasmeon/Bureau/Projet/tennisclub/tennisclubproject/tennisclub-api/target/tennisclub-api-1.0-SNAPSHOT.jar!/com/frenchies/tennisclub/enums/Hour24.class], URL [jar:file:/home/thomasmeon/Bureau/Projet/tennisclub/tennisclubproject/tennisclub-api/target/tennisclub-api-1.0-SNAPSHOT.jar!/com/frenchies/tennisclub/enums/CourtType.class], URL [jar:file:/home/thomasmeon/Bureau/Projet/tennisclub/tennisclubproject/tennisclub-api/target/tennisclub-api-1.0-SNAPSHOT.jar!/com/frenchies/tennisclub/enums/Status.class], URL [jar:file:/home/thomasmeon/Bureau/Projet/tennisclub/tennisclubproject/tennisclub-api/target/tennisclub-api-1.0-SNAPSHOT.jar!/com/frenchies/tennisclub/exceptions/UserAuthentificationException.class], URL [jar:file:/home/thomasmeon/Bureau/Projet/tennisclub/tennisclubproject/tennisclub-api/target/tennisclub-api-1.0-SNAPSHOT.jar!/com/frenchies/tennisclub/facade/BookingFacade.class], URL [jar:file:/home/thomasmeon/Bureau/Projet/tennisclub/tennisclubproject/tennisclub-api/target/tennisclub-api-1.0-SNAPSHOT.jar!/com/frenchies/tennisclub/facade/UserFacade.class], URL [jar:file:/home/thomasmeon/Bureau/Projet/tennisclub/tennisclubproject/tennisclub-api/target/tennisclub-api-1.0-SNAPSHOT.jar!/com/frenchies/tennisclub/facade/CourtFacade.class], URL [jar:file:/home/thomasmeon/Bureau/Projet/tennisclub/tennisclubproject/tennisclub-api/target/tennisclub-api-1.0-SNAPSHOT.jar!/com/frenchies/tennisclub/dto/UserUpdatePasswordDTO.class], URL [jar:file:/home/thomasmeon/Bureau/Projet/tennisclub/tennisclubproject/tennisclub-api/target/tennisclub-api-1.0-SNAPSHOT.jar!/com/frenchies/tennisclub/dto/UserAuthenticateDTO.class], URL [jar:file:/home/thomasmeon/Bureau/Projet/tennisclub/tennisclubproject/tennisclub-api/target/tennisclub-api-1.0-SNAPSHOT.jar!/com/frenchies/tennisclub/dto/BookingCreateDTO.class], URL [jar:file:/home/thomasmeon/Bureau/Projet/tennisclub/tennisclubproject/tennisclub-api/target/tennisclub-api-1.0-SNAPSHOT.jar!/com/frenchies/tennisclub/dto/CourtCreateDTO.class], URL [jar:file:/home/thomasmeon/Bureau/Projet/tennisclub/tennisclubproject/tennisclub-api/target/tennisclub-api-1.0-SNAPSHOT.jar!/com/frenchies/tennisclub/dto/BookingDTO.class], URL [jar:file:/home/thomasmeon/Bureau/Projet/tennisclub/tennisclubproject/tennisclub-api/target/tennisclub-api-1.0-SNAPSHOT.jar!/com/frenchies/tennisclub/dto/UserUpdateDTO.class], URL [jar:file:/home/thomasmeon/Bureau/Projet/tennisclub/tennisclubproject/tennisclub-api/target/tennisclub-api-1.0-SNAPSHOT.jar!/com/frenchies/tennisclub/dto/CourtDTO.class], URL [jar:file:/home/thomasmeon/Bureau/Projet/tennisclub/tennisclubproject/tennisclub-api/target/tennisclub-api-1.0-SNAPSHOT.jar!/com/frenchies/tennisclub/dto/UserDTO.class], URL [jar:file:/home/thomasmeon/Bureau/Projet/tennisclub/tennisclubproject/tennisclub-persistence/target/tennisclub-persistence-1.0-SNAPSHOT.jar!/com/frenchies/tennisclub/enums/Hour24.class], URL [jar:file:/home/thomasmeon/Bureau/Projet/tennisclub/tennisclubproject/tennisclub-persistence/target/tennisclub-persistence-1.0-SNAPSHOT.jar!/com/frenchies/tennisclub/enums/CourtType.class], URL [jar:file:/home/thomasmeon/Bureau/Projet/tennisclub/tennisclubproject/tennisclub-persistence/target/tennisclub-persistence-1.0-SNAPSHOT.jar!/com/frenchies/tennisclub/enums/Status.class], URL [jar:file:/home/thomasmeon/Bureau/Projet/tennisclub/tennisclubproject/tennisclub-persistence/target/tennisclub-persistence-1.0-SNAPSHOT.jar!/com/frenchies/tennisclub/dao/BookingDao.class], URL [jar:file:/home/thomasmeon/Bureau/Projet/tennisclub/tennisclubproject/tennisclub-persistence/target/tennisclub-persistence-1.0-SNAPSHOT.jar!/com/frenchies/tennisclub/dao/CourtDao.class], URL [jar:file:/home/thomasmeon/Bureau/Projet/tennisclub/tennisclubproject/tennisclub-persistence/target/tennisclub-persistence-1.0-SNAPSHOT.jar!/com/frenchies/tennisclub/dao/BookingDaoImpl.class], URL [jar:file:/home/thomasmeon/Bureau/Projet/tennisclub/tennisclubproject/tennisclub-persistence/target/tennisclub-persistence-1.0-SNAPSHOT.jar!/com/frenchies/tennisclub/dao/CourtDaoImpl.class], URL [jar:file:/home/thomasmeon/Bureau/Projet/tennisclub/tennisclubproject/tennisclub-persistence/target/tennisclub-persistence-1.0-SNAPSHOT.jar!/com/frenchies/tennisclub/dao/UserDao.class], URL [jar:file:/home/thomasmeon/Bureau/Projet/tennisclub/tennisclubproject/tennisclub-persistence/target/tennisclub-persistence-1.0-SNAPSHOT.jar!/com/frenchies/tennisclub/dao/UserDaoImpl.class], URL [jar:file:/home/thomasmeon/Bureau/Projet/tennisclub/tennisclubproject/tennisclub-persistence/target/tennisclub-persistence-1.0-SNAPSHOT.jar!/com/frenchies/tennisclub/entity/User.class], URL [jar:file:/home/thomasmeon/Bureau/Projet/tennisclub/tennisclubproject/tennisclub-persistence/target/tennisclub-persistence-1.0-SNAPSHOT.jar!/com/frenchies/tennisclub/entity/Court.class], URL [jar:file:/home/thomasmeon/Bureau/Projet/tennisclub/tennisclubproject/tennisclub-persistence/target/tennisclub-persistence-1.0-SNAPSHOT.jar!/com/frenchies/tennisclub/entity/Booking.class], URL [jar:file:/home/thomasmeon/Bureau/Projet/tennisclub/tennisclubproject/tennisclub-persistence/target/tennisclub-persistence-1.0-SNAPSHOT.jar!/com/frenchies/tennisclub/PersistenceSampleApplicationContext.class]]
18:58:53.992 [main] DEBUG o.s.c.a.ConfigurationClassBeanDefinitionReader - Registering bean definition for @Bean method com.frenchies.tennisclub.service.config.ServiceConfiguration.dozer()
18:58:54.076 [main] DEBUG o.s.c.a.ConfigurationClassEnhancer - Successfully enhanced com.frenchies.tennisclub.service.config.ServiceConfiguration; enhanced class name is: com.frenchies.tennisclub.service.config.ServiceConfiguration$$EnhancerBySpringCGLIB$$45e3a2bc
18:58:54.077 [main] DEBUG o.s.c.a.ConfigurationClassPostProcessor - Replacing bean definition 'serviceConfiguration' existing class name 'com.frenchies.tennisclub.service.config.ServiceConfiguration' with enhanced class name 'com.frenchies.tennisclub.service.config.ServiceConfiguration$$EnhancerBySpringCGLIB$$45e3a2bc'
18:58:54.083 [main] DEBUG o.s.c.a.ConfigurationClassEnhancer - Successfully enhanced org.springframework.transaction.annotation.ProxyTransactionManagementConfiguration; enhanced class name is: org.springframework.transaction.annotation.ProxyTransactionManagementConfiguration$$EnhancerBySpringCGLIB$$ecfa89a2
18:58:54.083 [main] DEBUG o.s.c.a.ConfigurationClassPostProcessor - Replacing bean definition 'org.springframework.transaction.annotation.ProxyTransactionManagementConfiguration' existing class name 'org.springframework.transaction.annotation.ProxyTransactionManagementConfiguration' with enhanced class name 'org.springframework.transaction.annotation.ProxyTransactionManagementConfiguration$$EnhancerBySpringCGLIB$$ecfa89a2'
18:58:54.087 [main] DEBUG o.s.c.a.ConfigurationClassEnhancer - Successfully enhanced com.frenchies.tennisclub.PersistenceSampleApplicationContext; enhanced class name is: com.frenchies.tennisclub.PersistenceSampleApplicationContext$$EnhancerBySpringCGLIB$$7fa08a10
18:58:54.087 [main] DEBUG o.s.c.a.ConfigurationClassPostProcessor - Replacing bean definition 'com.frenchies.tennisclub.PersistenceSampleApplicationContext' existing class name 'com.frenchies.tennisclub.PersistenceSampleApplicationContext' with enhanced class name 'com.frenchies.tennisclub.PersistenceSampleApplicationContext$$EnhancerBySpringCGLIB$$7fa08a10'
18:58:54.092 [main] DEBUG o.s.b.f.s.DefaultListableBeanFactory - Creating shared instance of singleton bean 'foo'
18:58:54.092 [main] DEBUG o.s.b.f.s.DefaultListableBeanFactory - Creating instance of bean 'foo'
18:58:54.092 [main] DEBUG o.s.b.f.s.DefaultListableBeanFactory - Eagerly caching bean 'foo' to allow for resolving potential circular references
18:58:54.092 [main] DEBUG o.s.b.f.s.DefaultListableBeanFactory - Finished creating instance of bean 'foo'
18:58:54.106 [main] DEBUG o.s.b.f.s.DefaultListableBeanFactory - Creating shared instance of singleton bean 'org.springframework.context.annotation.internalAutowiredAnnotationProcessor'
18:58:54.106 [main] DEBUG o.s.b.f.s.DefaultListableBeanFactory - Creating instance of bean 'org.springframework.context.annotation.internalAutowiredAnnotationProcessor'
18:58:54.107 [main] INFO  o.s.b.f.a.AutowiredAnnotationBeanPostProcessor - JSR-330 'javax.inject.Inject' annotation found and supported for autowiring
18:58:54.107 [main] DEBUG o.s.b.f.s.DefaultListableBeanFactory - Eagerly caching bean 'org.springframework.context.annotation.internalAutowiredAnnotationProcessor' to allow for resolving potential circular references
18:58:54.107 [main] DEBUG o.s.b.f.s.DefaultListableBeanFactory - Finished creating instance of bean 'org.springframework.context.annotation.internalAutowiredAnnotationProcessor'
18:58:54.107 [main] DEBUG o.s.b.f.s.DefaultListableBeanFactory - Creating shared instance of singleton bean 'org.springframework.context.annotation.internalRequiredAnnotationProcessor'
18:58:54.107 [main] DEBUG o.s.b.f.s.DefaultListableBeanFactory - Creating instance of bean 'org.springframework.context.annotation.internalRequiredAnnotationProcessor'
18:58:54.108 [main] DEBUG o.s.b.f.s.DefaultListableBeanFactory - Eagerly caching bean 'org.springframework.context.annotation.internalRequiredAnnotationProcessor' to allow for resolving potential circular references
18:58:54.108 [main] DEBUG o.s.b.f.s.DefaultListableBeanFactory - Finished creating instance of bean 'org.springframework.context.annotation.internalRequiredAnnotationProcessor'
18:58:54.108 [main] DEBUG o.s.b.f.s.DefaultListableBeanFactory - Creating shared instance of singleton bean 'org.springframework.context.annotation.internalCommonAnnotationProcessor'
18:58:54.108 [main] DEBUG o.s.b.f.s.DefaultListableBeanFactory - Creating instance of bean 'org.springframework.context.annotation.internalCommonAnnotationProcessor'
18:58:54.111 [main] DEBUG o.s.b.f.s.DefaultListableBeanFactory - Eagerly caching bean 'org.springframework.context.annotation.internalCommonAnnotationProcessor' to allow for resolving potential circular references
18:58:54.111 [main] DEBUG o.s.b.f.s.DefaultListableBeanFactory - Finished creating instance of bean 'org.springframework.context.annotation.internalCommonAnnotationProcessor'
18:58:54.111 [main] DEBUG o.s.b.f.s.DefaultListableBeanFactory - Creating shared instance of singleton bean 'org.springframework.context.annotation.internalPersistenceAnnotationProcessor'
18:58:54.111 [main] DEBUG o.s.b.f.s.DefaultListableBeanFactory - Creating instance of bean 'org.springframework.context.annotation.internalPersistenceAnnotationProcessor'
18:58:54.111 [main] DEBUG o.s.b.f.s.DefaultListableBeanFactory - Eagerly caching bean 'org.springframework.context.annotation.internalPersistenceAnnotationProcessor' to allow for resolving potential circular references
18:58:54.111 [main] DEBUG o.s.b.f.s.DefaultListableBeanFactory - Finished creating instance of bean 'org.springframework.context.annotation.internalPersistenceAnnotationProcessor'
18:58:54.111 [main] DEBUG o.s.b.f.s.DefaultListableBeanFactory - Creating shared instance of singleton bean 'org.springframework.context.annotation.ConfigurationClassPostProcessor.importAwareProcessor'
18:58:54.111 [main] DEBUG o.s.b.f.s.DefaultListableBeanFactory - Creating instance of bean 'org.springframework.context.annotation.ConfigurationClassPostProcessor.importAwareProcessor'
18:58:54.111 [main] DEBUG o.s.b.f.s.DefaultListableBeanFactory - Eagerly caching bean 'org.springframework.context.annotation.ConfigurationClassPostProcessor.importAwareProcessor' to allow for resolving potential circular references
18:58:54.111 [main] DEBUG o.s.b.f.s.DefaultListableBeanFactory - Finished creating instance of bean 'org.springframework.context.annotation.ConfigurationClassPostProcessor.importAwareProcessor'
18:58:54.111 [main] DEBUG o.s.b.f.s.DefaultListableBeanFactory - Creating shared instance of singleton bean 'org.springframework.context.annotation.ConfigurationClassPostProcessor.enhancedConfigurationProcessor'
18:58:54.112 [main] DEBUG o.s.b.f.s.DefaultListableBeanFactory - Creating instance of bean 'org.springframework.context.annotation.ConfigurationClassPostProcessor.enhancedConfigurationProcessor'
18:58:54.112 [main] DEBUG o.s.b.f.s.DefaultListableBeanFactory - Eagerly caching bean 'org.springframework.context.annotation.ConfigurationClassPostProcessor.enhancedConfigurationProcessor' to allow for resolving potential circular references
18:58:54.112 [main] DEBUG o.s.b.f.s.DefaultListableBeanFactory - Finished creating instance of bean 'org.springframework.context.annotation.ConfigurationClassPostProcessor.enhancedConfigurationProcessor'
18:58:54.112 [main] DEBUG o.s.b.f.s.DefaultListableBeanFactory - Creating shared instance of singleton bean 'org.springframework.data.repository.core.support.RepositoryInterfaceAwareBeanPostProcessor'
18:58:54.112 [main] DEBUG o.s.b.f.s.DefaultListableBeanFactory - Creating instance of bean 'org.springframework.data.repository.core.support.RepositoryInterfaceAwareBeanPostProcessor'
18:58:54.112 [main] DEBUG o.s.b.f.s.DefaultListableBeanFactory - Eagerly caching bean 'org.springframework.data.repository.core.support.RepositoryInterfaceAwareBeanPostProcessor' to allow for resolving potential circular references
18:58:54.112 [main] DEBUG o.s.b.f.s.DefaultListableBeanFactory - Finished creating instance of bean 'org.springframework.data.repository.core.support.RepositoryInterfaceAwareBeanPostProcessor'
18:58:54.113 [main] DEBUG o.s.b.f.s.DefaultListableBeanFactory - Creating shared instance of singleton bean 'org.springframework.aop.config.internalAutoProxyCreator'
18:58:54.113 [main] DEBUG o.s.b.f.s.DefaultListableBeanFactory - Creating instance of bean 'org.springframework.aop.config.internalAutoProxyCreator'
18:58:54.121 [main] DEBUG o.s.b.f.s.DefaultListableBeanFactory - Eagerly caching bean 'org.springframework.aop.config.internalAutoProxyCreator' to allow for resolving potential circular references
18:58:54.146 [main] DEBUG o.s.b.f.s.DefaultListableBeanFactory - Finished creating instance of bean 'org.springframework.aop.config.internalAutoProxyCreator'
18:58:54.148 [main] DEBUG o.s.c.s.GenericApplicationContext - Unable to locate MessageSource with name 'messageSource': using default [org.springframework.context.support.DelegatingMessageSource@2f67a4d3]
18:58:54.149 [main] DEBUG o.s.c.s.GenericApplicationContext - Unable to locate ApplicationEventMulticaster with name 'applicationEventMulticaster': using default [org.springframework.context.event.SimpleApplicationEventMulticaster@4f49f6af]
18:58:54.157 [main] DEBUG o.s.b.f.s.DefaultListableBeanFactory - Creating shared instance of singleton bean 'entityManagerFactory'
18:58:54.157 [main] DEBUG o.s.b.f.s.DefaultListableBeanFactory - Creating instance of bean 'entityManagerFactory'
18:58:54.159 [main] DEBUG o.s.b.f.s.DefaultListableBeanFactory - Creating shared instance of singleton bean 'com.frenchies.tennisclub.PersistenceSampleApplicationContext'
18:58:54.159 [main] DEBUG o.s.b.f.s.DefaultListableBeanFactory - Creating instance of bean 'com.frenchies.tennisclub.PersistenceSampleApplicationContext'
18:58:54.160 [main] DEBUG o.s.b.f.s.DefaultListableBeanFactory - Eagerly caching bean 'com.frenchies.tennisclub.PersistenceSampleApplicationContext' to allow for resolving potential circular references
18:58:54.167 [main] DEBUG o.s.b.f.s.DefaultListableBeanFactory - Creating shared instance of singleton bean 'org.springframework.transaction.config.internalTransactionAdvisor'
18:58:54.167 [main] DEBUG o.s.b.f.s.DefaultListableBeanFactory - Creating instance of bean 'org.springframework.transaction.config.internalTransactionAdvisor'
18:58:54.167 [main] DEBUG o.s.b.f.s.DefaultListableBeanFactory - Creating shared instance of singleton bean 'org.springframework.transaction.annotation.ProxyTransactionManagementConfiguration'
18:58:54.167 [main] DEBUG o.s.b.f.s.DefaultListableBeanFactory - Creating instance of bean 'org.springframework.transaction.annotation.ProxyTransactionManagementConfiguration'
18:58:54.174 [main] DEBUG o.s.b.f.annotation.InjectionMetadata - Registered injected element on class [org.springframework.transaction.annotation.ProxyTransactionManagementConfiguration$$EnhancerBySpringCGLIB$$ecfa89a2]: AutowiredMethodElement for void org.springframework.transaction.annotation.AbstractTransactionManagementConfiguration.setConfigurers(java.util.Collection)
18:58:54.174 [main] DEBUG o.s.b.f.s.DefaultListableBeanFactory - Eagerly caching bean 'org.springframework.transaction.annotation.ProxyTransactionManagementConfiguration' to allow for resolving potential circular references
18:58:54.174 [main] DEBUG o.s.b.f.annotation.InjectionMetadata - Processing injected element of bean 'org.springframework.transaction.annotation.ProxyTransactionManagementConfiguration': AutowiredMethodElement for void org.springframework.transaction.annotation.AbstractTransactionManagementConfiguration.setConfigurers(java.util.Collection)
18:58:54.180 [main] DEBUG o.s.b.f.s.DefaultListableBeanFactory - Returning cached instance of singleton bean 'org.springframework.context.annotation.ConfigurationClassPostProcessor.importRegistry'
18:58:54.180 [main] DEBUG o.s.a.f.a.BeanFactoryAdvisorRetrievalHelper - Skipping currently created advisor 'org.springframework.transaction.config.internalTransactionAdvisor'
18:58:54.182 [main] DEBUG o.s.b.f.s.DefaultListableBeanFactory - Finished creating instance of bean 'org.springframework.transaction.annotation.ProxyTransactionManagementConfiguration'
18:58:54.200 [main] DEBUG o.s.b.f.s.DefaultListableBeanFactory - Creating shared instance of singleton bean 'transactionAttributeSource'
18:58:54.200 [main] DEBUG o.s.b.f.s.DefaultListableBeanFactory - Creating instance of bean 'transactionAttributeSource'
18:58:54.200 [main] DEBUG o.s.b.f.s.DefaultListableBeanFactory - Returning cached instance of singleton bean 'org.springframework.transaction.annotation.ProxyTransactionManagementConfiguration'
18:58:54.201 [main] DEBUG o.s.b.f.s.DefaultListableBeanFactory - Eagerly caching bean 'transactionAttributeSource' to allow for resolving potential circular references
18:58:54.204 [main] DEBUG o.s.a.f.a.BeanFactoryAdvisorRetrievalHelper - Skipping currently created advisor 'org.springframework.transaction.config.internalTransactionAdvisor'
18:58:54.204 [main] DEBUG o.s.b.f.s.DefaultListableBeanFactory - Finished creating instance of bean 'transactionAttributeSource'
18:58:54.204 [main] DEBUG o.s.b.f.s.DefaultListableBeanFactory - Creating shared instance of singleton bean 'transactionInterceptor'
18:58:54.204 [main] DEBUG o.s.b.f.s.DefaultListableBeanFactory - Creating instance of bean 'transactionInterceptor'
18:58:54.205 [main] DEBUG o.s.b.f.s.DefaultListableBeanFactory - Returning cached instance of singleton bean 'org.springframework.transaction.annotation.ProxyTransactionManagementConfiguration'
18:58:54.207 [main] DEBUG o.s.b.f.s.DefaultListableBeanFactory - Returning cached instance of singleton bean 'transactionAttributeSource'
18:58:54.212 [main] DEBUG o.s.b.f.s.DefaultListableBeanFactory - Eagerly caching bean 'transactionInterceptor' to allow for resolving potential circular references
18:58:54.215 [main] DEBUG o.s.b.f.s.DefaultListableBeanFactory - Invoking afterPropertiesSet() on bean with name 'transactionInterceptor'
18:58:54.215 [main] DEBUG o.s.b.f.s.DefaultListableBeanFactory - Finished creating instance of bean 'transactionInterceptor'
18:58:54.216 [main] DEBUG o.s.b.f.s.DefaultListableBeanFactory - Eagerly caching bean 'org.springframework.transaction.config.internalTransactionAdvisor' to allow for resolving potential circular references
18:58:54.220 [main] DEBUG o.s.b.f.s.DefaultListableBeanFactory - Finished creating instance of bean 'org.springframework.transaction.config.internalTransactionAdvisor'
18:58:54.223 [main] DEBUG o.s.b.f.s.DefaultListableBeanFactory - Finished creating instance of bean 'com.frenchies.tennisclub.PersistenceSampleApplicationContext'
18:58:54.234 [main] DEBUG o.s.b.f.s.DefaultListableBeanFactory - Creating shared instance of singleton bean 'db'
18:58:54.235 [main] DEBUG o.s.b.f.s.DefaultListableBeanFactory - Creating instance of bean 'db'
18:58:54.235 [main] DEBUG o.s.b.f.s.DefaultListableBeanFactory - Returning cached instance of singleton bean 'com.frenchies.tennisclub.PersistenceSampleApplicationContext'
18:58:54.242 [main] INFO  o.s.j.d.e.EmbeddedDatabaseFactory - Creating embedded database 'testdb'
18:58:54.411 [main] DEBUG o.s.jdbc.datasource.DataSourceUtils - Fetching JDBC Connection from DataSource
18:58:54.411 [main] DEBUG o.s.j.d.SimpleDriverDataSource - Creating new JDBC Driver Connection to [jdbc:derby:memory:testdb;create=true]
18:58:54.854 [main] DEBUG o.s.jdbc.datasource.DataSourceUtils - Returning JDBC Connection to DataSource
18:58:54.855 [main] DEBUG o.s.b.f.s.DefaultListableBeanFactory - Eagerly caching bean 'db' to allow for resolving potential circular references
18:58:54.858 [main] DEBUG o.s.b.f.s.DefaultListableBeanFactory - Returning cached instance of singleton bean 'org.springframework.transaction.config.internalTransactionAdvisor'
18:58:54.859 [main] DEBUG o.s.b.f.s.DefaultListableBeanFactory - Finished creating instance of bean 'db'
18:58:54.860 [main] DEBUG o.s.b.f.s.DefaultListableBeanFactory - Creating shared instance of singleton bean 'instrumentationLoadTimeWeaver'
18:58:54.860 [main] DEBUG o.s.b.f.s.DefaultListableBeanFactory - Creating instance of bean 'instrumentationLoadTimeWeaver'
18:58:54.860 [main] DEBUG o.s.b.f.s.DefaultListableBeanFactory - Returning cached instance of singleton bean 'com.frenchies.tennisclub.PersistenceSampleApplicationContext'
18:58:54.863 [main] DEBUG o.s.b.f.s.DefaultListableBeanFactory - Eagerly caching bean 'instrumentationLoadTimeWeaver' to allow for resolving potential circular references
18:58:54.864 [main] DEBUG o.s.b.f.s.DefaultListableBeanFactory - Returning cached instance of singleton bean 'org.springframework.transaction.config.internalTransactionAdvisor'
18:58:54.865 [main] DEBUG o.s.b.f.s.DefaultListableBeanFactory - Finished creating instance of bean 'instrumentationLoadTimeWeaver'
18:58:54.875 [main] DEBUG org.jboss.logging - Logging Provider: org.jboss.logging.Slf4jLoggerProvider
18:58:54.879 [main] DEBUG o.s.b.f.s.DefaultListableBeanFactory - Eagerly caching bean 'entityManagerFactory' to allow for resolving potential circular references
18:58:54.887 [main] DEBUG o.s.b.f.s.DefaultListableBeanFactory - Invoking afterPropertiesSet() on bean with name 'entityManagerFactory'
18:58:54.925 [main] INFO  o.s.o.j.LocalContainerEntityManagerFactoryBean - Building JPA container EntityManagerFactory for persistence unit 'default'
18:58:54.945 [main] DEBUG o.h.jpa.internal.util.LogHelper - PersistenceUnitInfo [
	name: default
	persistence provider classname: org.hibernate.ejb.HibernatePersistence
	classloader: sun.misc.Launcher$AppClassLoader@7f31245a
	excludeUnlistedClasses: false
	JTA datasource: null
	Non JTA datasource: org.springframework.jdbc.datasource.embedded.EmbeddedDatabaseFactory$EmbeddedDataSourceProxy@625e134e
	Transaction type: RESOURCE_LOCAL
	PU root URL: file:/home/thomasmeon/Bureau/Projet/tennisclub/tennisclubproject/tennisclub-persistence/target/tennisclub-persistence-1.0-SNAPSHOT.jar
	Shared Cache Mode: UNSPECIFIED
	Validation Mode: AUTO
	Jar files URLs []
	Managed classes names []
	Mapping files names []
	Properties [
		hibernate.cache.provider_class: org.hibernate.cache.NoCacheProvider
		hibernate.connection.url: jdbc:derby:memory:testdb
		hibernate.show_sql: true
		hibernate.connection.driver_class: org.apache.derby.jdbc.EmbeddedDriver
		hibernate.format_sql: true
		hibernate.hbm2ddl.auto: create]
18:58:54.958 [main] DEBUG o.h.i.internal.IntegratorServiceImpl - Adding Integrator [org.hibernate.cfg.beanvalidation.BeanValidationIntegrator].
18:58:54.959 [main] DEBUG o.h.i.internal.IntegratorServiceImpl - Adding Integrator [org.hibernate.secure.spi.JaccIntegrator].
18:58:54.960 [main] DEBUG o.h.i.internal.IntegratorServiceImpl - Adding Integrator [org.hibernate.cache.internal.CollectionCacheInvalidator].
18:58:54.960 [main] DEBUG o.h.i.internal.IntegratorServiceImpl - Adding Integrator [org.hibernate.jpa.event.spi.JpaIntegrator].
18:58:54.971 [main] DEBUG o.h.b.r.s.i.StrategySelectorImpl - Registering named strategy selector [org.hibernate.dialect.Dialect] : [MySQL5] -> [org.hibernate.dialect.MySQL5Dialect] (replacing [org.hibernate.dialect.MySQL5Dialect])
18:58:54.971 [main] DEBUG o.h.b.r.s.i.StrategySelectorImpl - Registering named strategy selector [org.hibernate.dialect.Dialect] : [MySQL5InnoDB] -> [org.hibernate.dialect.MySQL5InnoDBDialect] (replacing [org.hibernate.dialect.MySQL5InnoDBDialect])
18:58:55.042 [main] INFO  org.hibernate.Version - HHH000412: Hibernate Core {4.3.11.Final}
18:58:55.043 [main] INFO  org.hibernate.cfg.Environment - HHH000206: hibernate.properties not found
18:58:55.044 [main] INFO  org.hibernate.cfg.Environment - HHH000021: Bytecode provider name : javassist
18:58:55.138 [main] DEBUG o.h.service.spi.ServiceBinding - Overriding existing service binding [org.hibernate.secure.spi.JaccService]
18:58:55.155 [main] DEBUG org.hibernate.type.BasicTypeRegistry - Adding type registration boolean -> org.hibernate.type.BooleanType@3f3ddbd9
18:58:55.155 [main] DEBUG org.hibernate.type.BasicTypeRegistry - Adding type registration boolean -> org.hibernate.type.BooleanType@3f3ddbd9
18:58:55.155 [main] DEBUG org.hibernate.type.BasicTypeRegistry - Adding type registration java.lang.Boolean -> org.hibernate.type.BooleanType@3f3ddbd9
18:58:55.156 [main] DEBUG org.hibernate.type.BasicTypeRegistry - Adding type registration numeric_boolean -> org.hibernate.type.NumericBooleanType@777c9dc9
18:58:55.157 [main] DEBUG org.hibernate.type.BasicTypeRegistry - Adding type registration true_false -> org.hibernate.type.TrueFalseType@3b809711
18:58:55.158 [main] DEBUG org.hibernate.type.BasicTypeRegistry - Adding type registration yes_no -> org.hibernate.type.YesNoType@5c84624f
18:58:55.159 [main] DEBUG org.hibernate.type.BasicTypeRegistry - Adding type registration byte -> org.hibernate.type.ByteType@62b3df3a
18:58:55.159 [main] DEBUG org.hibernate.type.BasicTypeRegistry - Adding type registration byte -> org.hibernate.type.ByteType@62b3df3a
18:58:55.160 [main] DEBUG org.hibernate.type.BasicTypeRegistry - Adding type registration java.lang.Byte -> org.hibernate.type.ByteType@62b3df3a
18:58:55.161 [main] DEBUG org.hibernate.type.BasicTypeRegistry - Adding type registration character -> org.hibernate.type.CharacterType@5b43e173
18:58:55.161 [main] DEBUG org.hibernate.type.BasicTypeRegistry - Adding type registration char -> org.hibernate.type.CharacterType@5b43e173
18:58:55.161 [main] DEBUG org.hibernate.type.BasicTypeRegistry - Adding type registration java.lang.Character -> org.hibernate.type.CharacterType@5b43e173
18:58:55.163 [main] DEBUG org.hibernate.type.BasicTypeRegistry - Adding type registration short -> org.hibernate.type.ShortType@30f4b1a6
18:58:55.163 [main] DEBUG org.hibernate.type.BasicTypeRegistry - Adding type registration short -> org.hibernate.type.ShortType@30f4b1a6
18:58:55.163 [main] DEBUG org.hibernate.type.BasicTypeRegistry - Adding type registration java.lang.Short -> org.hibernate.type.ShortType@30f4b1a6
18:58:55.164 [main] DEBUG org.hibernate.type.BasicTypeRegistry - Adding type registration integer -> org.hibernate.type.IntegerType@350b3a17
18:58:55.164 [main] DEBUG org.hibernate.type.BasicTypeRegistry - Adding type registration int -> org.hibernate.type.IntegerType@350b3a17
18:58:55.164 [main] DEBUG org.hibernate.type.BasicTypeRegistry - Adding type registration java.lang.Integer -> org.hibernate.type.IntegerType@350b3a17
18:58:55.166 [main] DEBUG org.hibernate.type.BasicTypeRegistry - Adding type registration long -> org.hibernate.type.LongType@553f3b6e
18:58:55.166 [main] DEBUG org.hibernate.type.BasicTypeRegistry - Adding type registration long -> org.hibernate.type.LongType@553f3b6e
18:58:55.166 [main] DEBUG org.hibernate.type.BasicTypeRegistry - Adding type registration java.lang.Long -> org.hibernate.type.LongType@553f3b6e
18:58:55.168 [main] DEBUG org.hibernate.type.BasicTypeRegistry - Adding type registration float -> org.hibernate.type.FloatType@41c62850
18:58:55.168 [main] DEBUG org.hibernate.type.BasicTypeRegistry - Adding type registration float -> org.hibernate.type.FloatType@41c62850
18:58:55.168 [main] DEBUG org.hibernate.type.BasicTypeRegistry - Adding type registration java.lang.Float -> org.hibernate.type.FloatType@41c62850
18:58:55.170 [main] DEBUG org.hibernate.type.BasicTypeRegistry - Adding type registration double -> org.hibernate.type.DoubleType@18ca3c62
18:58:55.170 [main] DEBUG org.hibernate.type.BasicTypeRegistry - Adding type registration double -> org.hibernate.type.DoubleType@18ca3c62
18:58:55.170 [main] DEBUG org.hibernate.type.BasicTypeRegistry - Adding type registration java.lang.Double -> org.hibernate.type.DoubleType@18ca3c62
18:58:55.172 [main] DEBUG org.hibernate.type.BasicTypeRegistry - Adding type registration big_decimal -> org.hibernate.type.BigDecimalType@5fa05212
18:58:55.172 [main] DEBUG org.hibernate.type.BasicTypeRegistry - Adding type registration java.math.BigDecimal -> org.hibernate.type.BigDecimalType@5fa05212
18:58:55.174 [main] DEBUG org.hibernate.type.BasicTypeRegistry - Adding type registration big_integer -> org.hibernate.type.BigIntegerType@680bddf5
18:58:55.174 [main] DEBUG org.hibernate.type.BasicTypeRegistry - Adding type registration java.math.BigInteger -> org.hibernate.type.BigIntegerType@680bddf5
18:58:55.176 [main] DEBUG org.hibernate.type.BasicTypeRegistry - Adding type registration string -> org.hibernate.type.StringType@60222fd8
18:58:55.176 [main] DEBUG org.hibernate.type.BasicTypeRegistry - Adding type registration java.lang.String -> org.hibernate.type.StringType@60222fd8
18:58:55.177 [main] DEBUG org.hibernate.type.BasicTypeRegistry - Adding type registration nstring -> org.hibernate.type.StringNVarcharType@28b576a9
18:58:55.178 [main] DEBUG org.hibernate.type.BasicTypeRegistry - Adding type registration ncharacter -> org.hibernate.type.CharacterNCharType@64711bf2
18:58:55.180 [main] DEBUG org.hibernate.type.BasicTypeRegistry - Adding type registration url -> org.hibernate.type.UrlType@1bf0f6f6
18:58:55.180 [main] DEBUG org.hibernate.type.BasicTypeRegistry - Adding type registration java.net.URL -> org.hibernate.type.UrlType@1bf0f6f6
18:58:55.181 [main] DEBUG org.hibernate.type.BasicTypeRegistry - Adding type registration date -> org.hibernate.type.DateType@74cf8b28
18:58:55.182 [main] DEBUG org.hibernate.type.BasicTypeRegistry - Adding type registration java.sql.Date -> org.hibernate.type.DateType@74cf8b28
18:58:55.183 [main] DEBUG org.hibernate.type.BasicTypeRegistry - Adding type registration time -> org.hibernate.type.TimeType@584f5497
18:58:55.183 [main] DEBUG org.hibernate.type.BasicTypeRegistry - Adding type registration java.sql.Time -> org.hibernate.type.TimeType@584f5497
18:58:55.185 [main] DEBUG org.hibernate.type.BasicTypeRegistry - Adding type registration timestamp -> org.hibernate.type.TimestampType@4943defe
18:58:55.185 [main] DEBUG org.hibernate.type.BasicTypeRegistry - Adding type registration java.sql.Timestamp -> org.hibernate.type.TimestampType@4943defe
18:58:55.185 [main] DEBUG org.hibernate.type.BasicTypeRegistry - Adding type registration java.util.Date -> org.hibernate.type.TimestampType@4943defe
18:58:55.186 [main] DEBUG org.hibernate.type.BasicTypeRegistry - Adding type registration dbtimestamp -> org.hibernate.type.DbTimestampType@78d50a3c
18:58:55.188 [main] DEBUG org.hibernate.type.BasicTypeRegistry - Adding type registration calendar -> org.hibernate.type.CalendarType@344b8190
18:58:55.188 [main] DEBUG org.hibernate.type.BasicTypeRegistry - Adding type registration java.util.Calendar -> org.hibernate.type.CalendarType@344b8190
18:58:55.188 [main] DEBUG org.hibernate.type.BasicTypeRegistry - Adding type registration java.util.GregorianCalendar -> org.hibernate.type.CalendarType@344b8190
18:58:55.189 [main] DEBUG org.hibernate.type.BasicTypeRegistry - Adding type registration calendar_date -> org.hibernate.type.CalendarDateType@1929425f
18:58:55.190 [main] DEBUG org.hibernate.type.BasicTypeRegistry - Adding type registration locale -> org.hibernate.type.LocaleType@676f0a60
18:58:55.190 [main] DEBUG org.hibernate.type.BasicTypeRegistry - Adding type registration java.util.Locale -> org.hibernate.type.LocaleType@676f0a60
18:58:55.191 [main] DEBUG org.hibernate.type.BasicTypeRegistry - Adding type registration currency -> org.hibernate.type.CurrencyType@5e63cad
18:58:55.191 [main] DEBUG org.hibernate.type.BasicTypeRegistry - Adding type registration java.util.Currency -> org.hibernate.type.CurrencyType@5e63cad
18:58:55.192 [main] DEBUG org.hibernate.type.BasicTypeRegistry - Adding type registration timezone -> org.hibernate.type.TimeZoneType@867ba60
18:58:55.192 [main] DEBUG org.hibernate.type.BasicTypeRegistry - Adding type registration java.util.TimeZone -> org.hibernate.type.TimeZoneType@867ba60
18:58:55.193 [main] DEBUG org.hibernate.type.BasicTypeRegistry - Adding type registration class -> org.hibernate.type.ClassType@15fc442
18:58:55.194 [main] DEBUG org.hibernate.type.BasicTypeRegistry - Adding type registration java.lang.Class -> org.hibernate.type.ClassType@15fc442
18:58:55.195 [main] DEBUG org.hibernate.type.BasicTypeRegistry - Adding type registration uuid-binary -> org.hibernate.type.UUIDBinaryType@70d8de
18:58:55.195 [main] DEBUG org.hibernate.type.BasicTypeRegistry - Adding type registration java.util.UUID -> org.hibernate.type.UUIDBinaryType@70d8de
18:58:55.196 [main] DEBUG org.hibernate.type.BasicTypeRegistry - Adding type registration uuid-char -> org.hibernate.type.UUIDCharType@46b695ec
18:58:55.197 [main] DEBUG org.hibernate.type.BasicTypeRegistry - Adding type registration pg-uuid -> org.hibernate.type.PostgresUUIDType@13cda7c9
18:58:55.198 [main] DEBUG org.hibernate.type.BasicTypeRegistry - Adding type registration binary -> org.hibernate.type.BinaryType@62d0ac62
18:58:55.198 [main] DEBUG org.hibernate.type.BasicTypeRegistry - Adding type registration byte[] -> org.hibernate.type.BinaryType@62d0ac62
18:58:55.198 [main] DEBUG org.hibernate.type.BasicTypeRegistry - Adding type registration [B -> org.hibernate.type.BinaryType@62d0ac62
18:58:55.200 [main] DEBUG org.hibernate.type.BasicTypeRegistry - Adding type registration wrapper-binary -> org.hibernate.type.WrapperBinaryType@437ebf59
18:58:55.200 [main] DEBUG org.hibernate.type.BasicTypeRegistry - Adding type registration Byte[] -> org.hibernate.type.WrapperBinaryType@437ebf59
18:58:55.200 [main] DEBUG org.hibernate.type.BasicTypeRegistry - Adding type registration [Ljava.lang.Byte; -> org.hibernate.type.WrapperBinaryType@437ebf59
18:58:55.201 [main] DEBUG org.hibernate.type.BasicTypeRegistry - Adding type registration image -> org.hibernate.type.ImageType@1e7f2e0f
18:58:55.202 [main] DEBUG org.hibernate.type.BasicTypeRegistry - Adding type registration characters -> org.hibernate.type.CharArrayType@71154f21
18:58:55.202 [main] DEBUG org.hibernate.type.BasicTypeRegistry - Adding type registration char[] -> org.hibernate.type.CharArrayType@71154f21
18:58:55.202 [main] DEBUG org.hibernate.type.BasicTypeRegistry - Adding type registration [C -> org.hibernate.type.CharArrayType@71154f21
18:58:55.203 [main] DEBUG org.hibernate.type.BasicTypeRegistry - Adding type registration wrapper-characters -> org.hibernate.type.CharacterArrayType@606fc505
18:58:55.204 [main] DEBUG org.hibernate.type.BasicTypeRegistry - Adding type registration [Ljava.lang.Character; -> org.hibernate.type.CharacterArrayType@606fc505
18:58:55.204 [main] DEBUG org.hibernate.type.BasicTypeRegistry - Adding type registration Character[] -> org.hibernate.type.CharacterArrayType@606fc505
18:58:55.204 [main] DEBUG org.hibernate.type.BasicTypeRegistry - Adding type registration text -> org.hibernate.type.TextType@7f34a967
18:58:55.205 [main] DEBUG org.hibernate.type.BasicTypeRegistry - Adding type registration ntext -> org.hibernate.type.NTextType@49298ce7
18:58:55.209 [main] DEBUG org.hibernate.type.BasicTypeRegistry - Adding type registration blob -> org.hibernate.type.BlobType@4c9e9fb8
18:58:55.209 [main] DEBUG org.hibernate.type.BasicTypeRegistry - Adding type registration java.sql.Blob -> org.hibernate.type.BlobType@4c9e9fb8
18:58:55.210 [main] DEBUG org.hibernate.type.BasicTypeRegistry - Adding type registration materialized_blob -> org.hibernate.type.MaterializedBlobType@210f0cc1
18:58:55.213 [main] DEBUG org.hibernate.type.BasicTypeRegistry - Adding type registration clob -> org.hibernate.type.ClobType@73d6d0c
18:58:55.213 [main] DEBUG org.hibernate.type.BasicTypeRegistry - Adding type registration java.sql.Clob -> org.hibernate.type.ClobType@73d6d0c
18:58:55.218 [main] DEBUG org.hibernate.type.BasicTypeRegistry - Adding type registration nclob -> org.hibernate.type.NClobType@c827db
18:58:55.218 [main] DEBUG org.hibernate.type.BasicTypeRegistry - Adding type registration java.sql.NClob -> org.hibernate.type.NClobType@c827db
18:58:55.219 [main] DEBUG org.hibernate.type.BasicTypeRegistry - Adding type registration materialized_clob -> org.hibernate.type.MaterializedClobType@238ad8c
18:58:55.219 [main] DEBUG org.hibernate.type.BasicTypeRegistry - Adding type registration materialized_nclob -> org.hibernate.type.MaterializedNClobType@22df874e
18:58:55.220 [main] DEBUG org.hibernate.type.BasicTypeRegistry - Adding type registration serializable -> org.hibernate.type.SerializableType@19f21b6b
18:58:55.224 [main] DEBUG org.hibernate.type.BasicTypeRegistry - Adding type registration object -> org.hibernate.type.ObjectType@60e9df3c
18:58:55.224 [main] DEBUG org.hibernate.type.BasicTypeRegistry - Adding type registration java.lang.Object -> org.hibernate.type.ObjectType@60e9df3c
18:58:55.225 [main] DEBUG org.hibernate.type.BasicTypeRegistry - Adding type registration imm_date -> org.hibernate.type.AdaptedImmutableType@537b32ef
18:58:55.225 [main] DEBUG org.hibernate.type.BasicTypeRegistry - Adding type registration imm_time -> org.hibernate.type.AdaptedImmutableType@7dc51783
18:58:55.225 [main] DEBUG org.hibernate.type.BasicTypeRegistry - Adding type registration imm_timestamp -> org.hibernate.type.AdaptedImmutableType@4b61d0c6
18:58:55.225 [main] DEBUG org.hibernate.type.BasicTypeRegistry - Adding type registration imm_dbtimestamp -> org.hibernate.type.AdaptedImmutableType@6f815e7f
18:58:55.225 [main] DEBUG org.hibernate.type.BasicTypeRegistry - Adding type registration imm_calendar -> org.hibernate.type.AdaptedImmutableType@65e7f52a
18:58:55.225 [main] DEBUG org.hibernate.type.BasicTypeRegistry - Adding type registration imm_calendar_date -> org.hibernate.type.AdaptedImmutableType@304b9f1a
18:58:55.226 [main] DEBUG org.hibernate.type.BasicTypeRegistry - Adding type registration imm_binary -> org.hibernate.type.AdaptedImmutableType@75699e35
18:58:55.226 [main] DEBUG org.hibernate.type.BasicTypeRegistry - Adding type registration imm_serializable -> org.hibernate.type.AdaptedImmutableType@107e5441
18:58:55.247 [main] INFO  o.h.annotations.common.Version - HCANN000001: Hibernate Commons Annotations {4.0.5.Final}
18:58:55.261 [main] DEBUG o.h.i.f.i.DefaultIdentifierGeneratorFactory - Registering IdentifierGenerator strategy [uuid2] -> [org.hibernate.id.UUIDGenerator]
18:58:55.262 [main] DEBUG o.h.i.f.i.DefaultIdentifierGeneratorFactory - Registering IdentifierGenerator strategy [guid] -> [org.hibernate.id.GUIDGenerator]
18:58:55.263 [main] DEBUG o.h.i.f.i.DefaultIdentifierGeneratorFactory - Registering IdentifierGenerator strategy [uuid] -> [org.hibernate.id.UUIDHexGenerator]
18:58:55.263 [main] DEBUG o.h.i.f.i.DefaultIdentifierGeneratorFactory - Registering IdentifierGenerator strategy [uuid.hex] -> [org.hibernate.id.UUIDHexGenerator]
18:58:55.264 [main] DEBUG o.h.i.f.i.DefaultIdentifierGeneratorFactory - Registering IdentifierGenerator strategy [hilo] -> [org.hibernate.id.TableHiLoGenerator]
18:58:55.264 [main] DEBUG o.h.i.f.i.DefaultIdentifierGeneratorFactory - Registering IdentifierGenerator strategy [assigned] -> [org.hibernate.id.Assigned]
18:58:55.266 [main] DEBUG o.h.i.f.i.DefaultIdentifierGeneratorFactory - Registering IdentifierGenerator strategy [identity] -> [org.hibernate.id.IdentityGenerator]
18:58:55.269 [main] DEBUG o.h.i.f.i.DefaultIdentifierGeneratorFactory - Registering IdentifierGenerator strategy [select] -> [org.hibernate.id.SelectGenerator]
18:58:55.270 [main] DEBUG o.h.i.f.i.DefaultIdentifierGeneratorFactory - Registering IdentifierGenerator strategy [sequence] -> [org.hibernate.id.SequenceGenerator]
18:58:55.270 [main] DEBUG o.h.i.f.i.DefaultIdentifierGeneratorFactory - Registering IdentifierGenerator strategy [seqhilo] -> [org.hibernate.id.SequenceHiLoGenerator]
18:58:55.271 [main] DEBUG o.h.i.f.i.DefaultIdentifierGeneratorFactory - Registering IdentifierGenerator strategy [increment] -> [org.hibernate.id.IncrementGenerator]
18:58:55.271 [main] DEBUG o.h.i.f.i.DefaultIdentifierGeneratorFactory - Registering IdentifierGenerator strategy [foreign] -> [org.hibernate.id.ForeignGenerator]
18:58:55.271 [main] DEBUG o.h.i.f.i.DefaultIdentifierGeneratorFactory - Registering IdentifierGenerator strategy [sequence-identity] -> [org.hibernate.id.SequenceIdentityGenerator]
18:58:55.272 [main] DEBUG o.h.i.f.i.DefaultIdentifierGeneratorFactory - Registering IdentifierGenerator strategy [enhanced-sequence] -> [org.hibernate.id.enhanced.SequenceStyleGenerator]
18:58:55.273 [main] DEBUG o.h.i.f.i.DefaultIdentifierGeneratorFactory - Registering IdentifierGenerator strategy [enhanced-table] -> [org.hibernate.id.enhanced.TableGenerator]
18:58:55.281 [main] DEBUG org.hibernate.cfg.Configuration - Preparing to build session factory with filters : {}
18:58:55.295 [main] DEBUG o.s.j.d.SimpleDriverDataSource - Creating new JDBC Driver Connection to [jdbc:derby:memory:testdb;create=true]
18:58:55.302 [main] DEBUG o.h.e.jdbc.internal.JdbcServicesImpl - Database ->
       name : Apache Derby
    version : 10.10.2.0 - (1582446)
      major : 10
      minor : 10
18:58:55.302 [main] DEBUG o.h.e.jdbc.internal.JdbcServicesImpl - Driver ->
       name : Apache Derby Embedded JDBC Driver
    version : 10.10.2.0 - (1582446)
      major : 10
      minor : 10
18:58:55.302 [main] DEBUG o.h.e.jdbc.internal.JdbcServicesImpl - JDBC version : 4.2
18:58:55.304 [main] DEBUG o.h.e.j.c.i.StandardRefCursorSupport - Unexpected error trying to gauge level of JDBC REF_CURSOR support : null
18:58:55.630 [main] INFO  org.hibernate.dialect.Dialect - HHH000400: Using dialect: org.hibernate.dialect.DerbyTenSevenDialect
18:58:55.672 [main] DEBUG org.hibernate.cfg.Configuration - Processing hbm.xml files
18:58:55.672 [main] DEBUG org.hibernate.cfg.Configuration - Process annotated classes
18:58:55.676 [main] DEBUG org.hibernate.cfg.AnnotationBinder - Binding entity from annotated class: com.frenchies.tennisclub.entity.User
18:58:55.691 [main] DEBUG org.hibernate.cfg.Ejb3Column - Binding column: Ejb3DiscriminatorColumn{logicalColumnName'DTYPE', discriminatorTypeName='string'}
18:58:55.696 [main] DEBUG o.h.cfg.annotations.EntityBinder - Import with entity name User
18:58:55.697 [main] DEBUG o.h.cfg.annotations.EntityBinder - Bind entity com.frenchies.tennisclub.entity.User on table Users
18:58:55.717 [main] DEBUG org.hibernate.cfg.Ejb3Column - Binding column: Ejb3Column{table=org.hibernate.mapping.Table(Users), mappingColumn=id, insertable=true, updatable=true, unique=false}
18:58:55.720 [main] DEBUG o.h.cfg.annotations.PropertyBinder - MetadataSourceProcessor property id with lazy=false
18:58:55.722 [main] DEBUG o.h.cfg.AbstractPropertyHolder - Attempting to locate auto-apply AttributeConverter for property [com.frenchies.tennisclub.entity.User:id]
18:58:55.723 [main] DEBUG o.h.c.annotations.SimpleValueBinder - building SimpleValue for id
18:58:55.725 [main] DEBUG o.h.cfg.annotations.PropertyBinder - Building property id
18:58:55.728 [main] DEBUG org.hibernate.cfg.Ejb3Column - Binding column: Ejb3Column{table=org.hibernate.mapping.Table(Users), mappingColumn=admin, insertable=true, updatable=true, unique=false}
18:58:55.729 [main] DEBUG o.h.cfg.annotations.PropertyBinder - MetadataSourceProcessor property admin with lazy=false
18:58:55.729 [main] DEBUG o.h.cfg.AbstractPropertyHolder - Attempting to locate auto-apply AttributeConverter for property [com.frenchies.tennisclub.entity.User:admin]
18:58:55.729 [main] DEBUG o.h.c.annotations.SimpleValueBinder - building SimpleValue for admin
18:58:55.729 [main] DEBUG o.h.cfg.annotations.PropertyBinder - Building property admin
18:58:55.729 [main] DEBUG org.hibernate.cfg.Ejb3Column - Binding column: Ejb3Column{table=org.hibernate.mapping.Table(Users), mappingColumn=dateOfBirth, insertable=true, updatable=true, unique=false}
18:58:55.730 [main] DEBUG o.h.cfg.annotations.PropertyBinder - MetadataSourceProcessor property dateOfBirth with lazy=false
18:58:55.730 [main] DEBUG o.h.cfg.AbstractPropertyHolder - Attempting to locate auto-apply AttributeConverter for property [com.frenchies.tennisclub.entity.User:dateOfBirth]
18:58:55.730 [main] DEBUG o.h.c.annotations.SimpleValueBinder - building SimpleValue for dateOfBirth
18:58:55.730 [main] DEBUG o.h.cfg.annotations.PropertyBinder - Building property dateOfBirth
18:58:55.732 [main] DEBUG org.hibernate.cfg.Ejb3Column - Binding column: Ejb3Column{table=org.hibernate.mapping.Table(Users), mappingColumn=mail, insertable=true, updatable=true, unique=true}
18:58:55.732 [main] DEBUG o.h.cfg.annotations.PropertyBinder - MetadataSourceProcessor property mail with lazy=false
18:58:55.733 [main] DEBUG o.h.cfg.AbstractPropertyHolder - Attempting to locate auto-apply AttributeConverter for property [com.frenchies.tennisclub.entity.User:mail]
18:58:55.733 [main] DEBUG o.h.c.annotations.SimpleValueBinder - building SimpleValue for mail
18:58:55.733 [main] DEBUG o.h.cfg.annotations.PropertyBinder - Building property mail
18:58:55.733 [main] DEBUG org.hibernate.cfg.Ejb3Column - Binding column: Ejb3Column{table=org.hibernate.mapping.Table(Users), mappingColumn=name, insertable=true, updatable=true, unique=false}
18:58:55.733 [main] DEBUG o.h.cfg.annotations.PropertyBinder - MetadataSourceProcessor property name with lazy=false
18:58:55.733 [main] DEBUG o.h.cfg.AbstractPropertyHolder - Attempting to locate auto-apply AttributeConverter for property [com.frenchies.tennisclub.entity.User:name]
18:58:55.733 [main] DEBUG o.h.c.annotations.SimpleValueBinder - building SimpleValue for name
18:58:55.733 [main] DEBUG o.h.cfg.annotations.PropertyBinder - Building property name
18:58:55.734 [main] DEBUG org.hibernate.cfg.Ejb3Column - Binding column: Ejb3Column{table=org.hibernate.mapping.Table(Users), mappingColumn=passwordHash, insertable=true, updatable=true, unique=false}
18:58:55.734 [main] DEBUG o.h.cfg.annotations.PropertyBinder - MetadataSourceProcessor property passwordHash with lazy=false
18:58:55.734 [main] DEBUG o.h.cfg.AbstractPropertyHolder - Attempting to locate auto-apply AttributeConverter for property [com.frenchies.tennisclub.entity.User:passwordHash]
18:58:55.734 [main] DEBUG o.h.c.annotations.SimpleValueBinder - building SimpleValue for passwordHash
18:58:55.734 [main] DEBUG o.h.cfg.annotations.PropertyBinder - Building property passwordHash
18:58:55.734 [main] DEBUG org.hibernate.cfg.Ejb3Column - Binding column: Ejb3Column{table=org.hibernate.mapping.Table(Users), mappingColumn=phone, insertable=true, updatable=true, unique=false}
18:58:55.734 [main] DEBUG o.h.cfg.annotations.PropertyBinder - MetadataSourceProcessor property phone with lazy=false
18:58:55.734 [main] DEBUG o.h.cfg.AbstractPropertyHolder - Attempting to locate auto-apply AttributeConverter for property [com.frenchies.tennisclub.entity.User:phone]
18:58:55.734 [main] DEBUG o.h.c.annotations.SimpleValueBinder - building SimpleValue for phone
18:58:55.735 [main] DEBUG o.h.cfg.annotations.PropertyBinder - Building property phone
18:58:55.735 [main] DEBUG org.hibernate.cfg.Ejb3Column - Binding column: Ejb3Column{table=org.hibernate.mapping.Table(Users), mappingColumn=surname, insertable=true, updatable=true, unique=false}
18:58:55.735 [main] DEBUG o.h.cfg.annotations.PropertyBinder - MetadataSourceProcessor property surname with lazy=false
18:58:55.735 [main] DEBUG o.h.cfg.AbstractPropertyHolder - Attempting to locate auto-apply AttributeConverter for property [com.frenchies.tennisclub.entity.User:surname]
18:58:55.735 [main] DEBUG o.h.c.annotations.SimpleValueBinder - building SimpleValue for surname
18:58:55.735 [main] DEBUG o.h.cfg.annotations.PropertyBinder - Building property surname
18:58:55.737 [main] DEBUG org.hibernate.cfg.AnnotationBinder - Binding entity from annotated class: com.frenchies.tennisclub.entity.Booking
18:58:55.737 [main] DEBUG org.hibernate.cfg.Ejb3Column - Binding column: Ejb3DiscriminatorColumn{logicalColumnName'DTYPE', discriminatorTypeName='string'}
18:58:55.737 [main] DEBUG o.h.cfg.annotations.EntityBinder - Import with entity name Booking
18:58:55.737 [main] DEBUG o.h.cfg.annotations.EntityBinder - Bind entity com.frenchies.tennisclub.entity.Booking on table Booking
18:58:55.742 [main] DEBUG org.hibernate.cfg.Ejb3Column - Binding column: Ejb3Column{table=org.hibernate.mapping.Table(Booking), mappingColumn=idBooking, insertable=true, updatable=true, unique=false}
18:58:55.742 [main] DEBUG o.h.cfg.annotations.PropertyBinder - MetadataSourceProcessor property idBooking with lazy=false
18:58:55.742 [main] DEBUG o.h.cfg.AbstractPropertyHolder - Attempting to locate auto-apply AttributeConverter for property [com.frenchies.tennisclub.entity.Booking:idBooking]
18:58:55.742 [main] DEBUG o.h.c.annotations.SimpleValueBinder - building SimpleValue for idBooking
18:58:55.742 [main] DEBUG o.h.cfg.annotations.PropertyBinder - Building property idBooking
18:58:55.742 [main] DEBUG org.hibernate.cfg.Ejb3Column - Binding column: Ejb3Column{table=org.hibernate.mapping.Table(Booking), mappingColumn=dateOfBooking, insertable=true, updatable=true, unique=false}
18:58:55.742 [main] DEBUG o.h.cfg.annotations.PropertyBinder - MetadataSourceProcessor property dateOfBooking with lazy=false
18:58:55.743 [main] DEBUG o.h.cfg.AbstractPropertyHolder - Attempting to locate auto-apply AttributeConverter for property [com.frenchies.tennisclub.entity.Booking:dateOfBooking]
18:58:55.743 [main] DEBUG o.h.c.annotations.SimpleValueBinder - building SimpleValue for dateOfBooking
18:58:55.743 [main] DEBUG o.h.cfg.annotations.PropertyBinder - Building property dateOfBooking
18:58:55.743 [main] DEBUG org.hibernate.cfg.Ejb3Column - Binding column: Ejb3Column{table=org.hibernate.mapping.Table(Booking), mappingColumn=hourOfBooking, insertable=true, updatable=true, unique=false}
18:58:55.743 [main] DEBUG o.h.cfg.annotations.PropertyBinder - MetadataSourceProcessor property hourOfBooking with lazy=false
18:58:55.743 [main] DEBUG o.h.cfg.AbstractPropertyHolder - Attempting to locate auto-apply AttributeConverter for property [com.frenchies.tennisclub.entity.Booking:hourOfBooking]
18:58:55.745 [main] DEBUG o.h.c.annotations.SimpleValueBinder - building SimpleValue for hourOfBooking
18:58:55.745 [main] DEBUG o.h.cfg.annotations.PropertyBinder - Building property hourOfBooking
18:58:55.745 [main] DEBUG org.hibernate.cfg.Ejb3Column - Binding column: Ejb3Column{table=org.hibernate.mapping.Table(Booking), mappingColumn=idCourt, insertable=true, updatable=true, unique=false}
18:58:55.746 [main] DEBUG o.h.cfg.annotations.PropertyBinder - MetadataSourceProcessor property idCourt with lazy=false
18:58:55.746 [main] DEBUG o.h.cfg.AbstractPropertyHolder - Attempting to locate auto-apply AttributeConverter for property [com.frenchies.tennisclub.entity.Booking:idCourt]
18:58:55.746 [main] DEBUG o.h.c.annotations.SimpleValueBinder - building SimpleValue for idCourt
18:58:55.746 [main] DEBUG o.h.cfg.annotations.PropertyBinder - Building property idCourt
18:58:55.747 [main] DEBUG org.hibernate.cfg.Ejb3Column - Binding column: Ejb3JoinColumn{logicalColumnName='null', referencedColumn='null', mappedBy='null'}
18:58:55.747 [main] DEBUG org.hibernate.cfg.Ejb3Column - Binding column: Ejb3Column{table=org.hibernate.mapping.Table(Booking), mappingColumn=user1, insertable=true, updatable=true, unique=false}
18:58:55.750 [main] DEBUG o.h.cfg.annotations.PropertyBinder - Building property user1
18:58:55.750 [main] DEBUG org.hibernate.cfg.Ejb3Column - Binding column: Ejb3JoinColumn{logicalColumnName='null', referencedColumn='null', mappedBy='null'}
18:58:55.750 [main] DEBUG org.hibernate.cfg.Ejb3Column - Binding column: Ejb3Column{table=org.hibernate.mapping.Table(Booking), mappingColumn=user2, insertable=true, updatable=true, unique=false}
18:58:55.750 [main] DEBUG o.h.cfg.annotations.PropertyBinder - Building property user2
18:58:55.751 [main] DEBUG org.hibernate.cfg.AnnotationBinder - Binding entity from annotated class: com.frenchies.tennisclub.entity.Court
18:58:55.751 [main] DEBUG org.hibernate.cfg.Ejb3Column - Binding column: Ejb3DiscriminatorColumn{logicalColumnName'DTYPE', discriminatorTypeName='string'}
18:58:55.751 [main] DEBUG o.h.cfg.annotations.EntityBinder - Import with entity name Court
18:58:55.751 [main] DEBUG o.h.cfg.annotations.EntityBinder - Bind entity com.frenchies.tennisclub.entity.Court on table Court
18:58:55.752 [main] DEBUG org.hibernate.cfg.Ejb3Column - Binding column: Ejb3Column{table=org.hibernate.mapping.Table(Court), mappingColumn=idCourt, insertable=true, updatable=true, unique=false}
18:58:55.753 [main] DEBUG o.h.cfg.annotations.PropertyBinder - MetadataSourceProcessor property idCourt with lazy=false
18:58:55.753 [main] DEBUG o.h.cfg.AbstractPropertyHolder - Attempting to locate auto-apply AttributeConverter for property [com.frenchies.tennisclub.entity.Court:idCourt]
18:58:55.753 [main] DEBUG o.h.c.annotations.SimpleValueBinder - building SimpleValue for idCourt
18:58:55.753 [main] DEBUG o.h.cfg.annotations.PropertyBinder - Building property idCourt
18:58:55.753 [main] DEBUG org.hibernate.cfg.Ejb3Column - Binding column: Ejb3Column{table=org.hibernate.mapping.Table(Court), mappingColumn=latitude, insertable=true, updatable=true, unique=false}
18:58:55.753 [main] DEBUG o.h.cfg.annotations.PropertyBinder - MetadataSourceProcessor property latitude with lazy=false
18:58:55.753 [main] DEBUG o.h.cfg.AbstractPropertyHolder - Attempting to locate auto-apply AttributeConverter for property [com.frenchies.tennisclub.entity.Court:latitude]
18:58:55.753 [main] DEBUG o.h.c.annotations.SimpleValueBinder - building SimpleValue for latitude
18:58:55.753 [main] DEBUG o.h.cfg.annotations.PropertyBinder - Building property latitude
18:58:55.754 [main] DEBUG org.hibernate.cfg.Ejb3Column - Binding column: Ejb3Column{table=org.hibernate.mapping.Table(Court), mappingColumn=longitude, insertable=true, updatable=true, unique=false}
18:58:55.754 [main] DEBUG o.h.cfg.annotations.PropertyBinder - MetadataSourceProcessor property longitude with lazy=false
18:58:55.754 [main] DEBUG o.h.cfg.AbstractPropertyHolder - Attempting to locate auto-apply AttributeConverter for property [com.frenchies.tennisclub.entity.Court:longitude]
18:58:55.754 [main] DEBUG o.h.c.annotations.SimpleValueBinder - building SimpleValue for longitude
18:58:55.754 [main] DEBUG o.h.cfg.annotations.PropertyBinder - Building property longitude
18:58:55.754 [main] DEBUG org.hibernate.cfg.Ejb3Column - Binding column: Ejb3Column{table=org.hibernate.mapping.Table(Court), mappingColumn=status, insertable=true, updatable=true, unique=false}
18:58:55.754 [main] DEBUG o.h.cfg.annotations.PropertyBinder - MetadataSourceProcessor property status with lazy=false
18:58:55.754 [main] DEBUG o.h.cfg.AbstractPropertyHolder - Attempting to locate auto-apply AttributeConverter for property [com.frenchies.tennisclub.entity.Court:status]
18:58:55.754 [main] DEBUG o.h.c.annotations.SimpleValueBinder - building SimpleValue for status
18:58:55.754 [main] DEBUG o.h.cfg.annotations.PropertyBinder - Building property status
18:58:55.754 [main] DEBUG org.hibernate.cfg.Ejb3Column - Binding column: Ejb3Column{table=org.hibernate.mapping.Table(Court), mappingColumn=type, insertable=true, updatable=true, unique=false}
18:58:55.755 [main] DEBUG o.h.cfg.annotations.PropertyBinder - MetadataSourceProcessor property type with lazy=false
18:58:55.755 [main] DEBUG o.h.cfg.AbstractPropertyHolder - Attempting to locate auto-apply AttributeConverter for property [com.frenchies.tennisclub.entity.Court:type]
18:58:55.755 [main] DEBUG o.h.c.annotations.SimpleValueBinder - building SimpleValue for type
18:58:55.755 [main] DEBUG o.h.cfg.annotations.PropertyBinder - Building property type
18:58:55.755 [main] DEBUG o.h.c.annotations.SimpleValueBinder - Starting fillSimpleValue for id
18:58:55.756 [main] DEBUG o.h.c.annotations.SimpleValueBinder - Starting fillSimpleValue for admin
18:58:55.756 [main] DEBUG o.h.c.annotations.SimpleValueBinder - Starting fillSimpleValue for dateOfBirth
18:58:55.756 [main] DEBUG o.h.c.annotations.SimpleValueBinder - Starting fillSimpleValue for mail
18:58:55.756 [main] DEBUG o.h.c.annotations.SimpleValueBinder - Starting fillSimpleValue for name
18:58:55.756 [main] DEBUG o.h.c.annotations.SimpleValueBinder - Starting fillSimpleValue for passwordHash
18:58:55.756 [main] DEBUG o.h.c.annotations.SimpleValueBinder - Starting fillSimpleValue for phone
18:58:55.756 [main] DEBUG o.h.c.annotations.SimpleValueBinder - Starting fillSimpleValue for surname
18:58:55.756 [main] DEBUG o.h.c.annotations.SimpleValueBinder - Starting fillSimpleValue for idBooking
18:58:55.756 [main] DEBUG o.h.c.annotations.SimpleValueBinder - Starting fillSimpleValue for dateOfBooking
18:58:55.756 [main] DEBUG o.h.c.annotations.SimpleValueBinder - Starting fillSimpleValue for hourOfBooking
18:58:55.757 [main] DEBUG o.h.c.annotations.SimpleValueBinder - Starting fillSimpleValue for idCourt
18:58:55.757 [main] DEBUG o.h.c.annotations.SimpleValueBinder - Starting fillSimpleValue for idCourt
18:58:55.757 [main] DEBUG o.h.c.annotations.SimpleValueBinder - Starting fillSimpleValue for latitude
18:58:55.757 [main] DEBUG o.h.c.annotations.SimpleValueBinder - Starting fillSimpleValue for longitude
18:58:55.757 [main] DEBUG o.h.c.annotations.SimpleValueBinder - Starting fillSimpleValue for status
18:58:55.757 [main] DEBUG o.h.c.annotations.SimpleValueBinder - Starting fillSimpleValue for type
18:58:55.758 [main] DEBUG org.hibernate.cfg.Configuration - Processing fk mappings (*ToOne and JoinedSubclass)
18:58:55.764 [main] DEBUG org.hibernate.cfg.Configuration - Processing extends queue
18:58:55.764 [main] DEBUG org.hibernate.cfg.Configuration - Processing extends queue
18:58:55.764 [main] DEBUG org.hibernate.cfg.Configuration - Processing collection mappings
18:58:55.764 [main] DEBUG org.hibernate.cfg.Configuration - Processing native query and ResultSetMapping mappings
18:58:55.764 [main] DEBUG org.hibernate.cfg.Configuration - Processing association property references
18:58:55.764 [main] DEBUG org.hibernate.cfg.Configuration - Creating tables' unique integer identifiers
18:58:55.764 [main] DEBUG org.hibernate.cfg.Configuration - Processing foreign key constraints
18:58:55.765 [main] DEBUG org.hibernate.cfg.Configuration - Resolving reference to class: com.frenchies.tennisclub.entity.User
18:58:55.765 [main] DEBUG org.hibernate.cfg.Configuration - Resolving reference to class: com.frenchies.tennisclub.entity.User
18:58:55.769 [main] DEBUG o.h.e.t.j.p.i.JtaPlatformInitiator - No JtaPlatform was specified, checking resolver
18:58:55.769 [main] DEBUG o.h.e.t.j.p.i.JtaPlatformResolverInitiator - No JtaPlatformResolver was specified, using default [org.hibernate.engine.transaction.jta.platform.internal.StandardJtaPlatformResolver]
18:58:55.772 [main] DEBUG o.h.e.t.j.p.i.StandardJtaPlatformResolver - Could not resolve JtaPlatform, using default [org.hibernate.engine.transaction.jta.platform.internal.NoJtaPlatform]
18:58:55.774 [main] DEBUG org.hibernate.cfg.SettingsFactory - Automatic flush during beforeCompletion(): disabled
18:58:55.774 [main] DEBUG org.hibernate.cfg.SettingsFactory - Automatic session close at end of transaction: disabled
18:58:55.774 [main] DEBUG org.hibernate.cfg.SettingsFactory - Scrollable result sets: enabled
18:58:55.774 [main] DEBUG org.hibernate.cfg.SettingsFactory - Wrap result sets: disabled
18:58:55.774 [main] DEBUG org.hibernate.cfg.SettingsFactory - JDBC3 getGeneratedKeys(): disabled
18:58:55.775 [main] DEBUG org.hibernate.cfg.SettingsFactory - multi-tenancy strategy : NONE
18:58:55.775 [main] DEBUG org.hibernate.cfg.SettingsFactory - Connection release mode: auto
18:58:55.777 [main] DEBUG org.hibernate.cfg.SettingsFactory - Using BatchFetchStyle : LEGACY
18:58:55.778 [main] DEBUG org.hibernate.cfg.SettingsFactory - Default batch fetch size: 1
18:58:55.778 [main] DEBUG org.hibernate.cfg.SettingsFactory - Generate SQL with comments: disabled
18:58:55.778 [main] DEBUG org.hibernate.cfg.SettingsFactory - Order SQL updates by primary key: disabled
18:58:55.778 [main] DEBUG org.hibernate.cfg.SettingsFactory - Order SQL inserts for batching: disabled
18:58:55.778 [main] DEBUG org.hibernate.cfg.SettingsFactory - Default null ordering: none
18:58:55.778 [main] DEBUG org.hibernate.cfg.SettingsFactory - Query translator: org.hibernate.hql.internal.ast.ASTQueryTranslatorFactory
18:58:55.780 [main] INFO  o.h.h.i.a.ASTQueryTranslatorFactory - HHH000397: Using ASTQueryTranslatorFactory
18:58:55.780 [main] DEBUG org.hibernate.cfg.SettingsFactory - Query language substitutions: {}
18:58:55.780 [main] DEBUG org.hibernate.cfg.SettingsFactory - JPA-QL strict compliance: disabled
18:58:55.780 [main] DEBUG org.hibernate.cfg.SettingsFactory - Second-level cache: enabled
18:58:55.780 [main] DEBUG org.hibernate.cfg.SettingsFactory - Query cache: disabled
18:58:55.781 [main] DEBUG o.h.c.i.RegionFactoryInitiator - Cache region factory : org.hibernate.cache.internal.NoCachingRegionFactory
18:58:55.783 [main] DEBUG org.hibernate.cfg.SettingsFactory - Optimize cache for minimal puts: disabled
18:58:55.783 [main] DEBUG org.hibernate.cfg.SettingsFactory - Structured second-level cache entries: disabled
18:58:55.783 [main] DEBUG org.hibernate.cfg.SettingsFactory - Second-level cache direct-reference entries: disabled
18:58:55.783 [main] DEBUG org.hibernate.cfg.SettingsFactory - Automatic eviction of collection cache: disabled
18:58:55.783 [main] DEBUG org.hibernate.cfg.SettingsFactory - Statistics: disabled
18:58:55.783 [main] DEBUG org.hibernate.cfg.SettingsFactory - Deleted entity synthetic identifier rollback: disabled
18:58:55.784 [main] DEBUG org.hibernate.cfg.SettingsFactory - Default entity-mode: pojo
18:58:55.784 [main] DEBUG org.hibernate.cfg.SettingsFactory - Named query checking : enabled
18:58:55.784 [main] DEBUG org.hibernate.cfg.SettingsFactory - Check Nullability in Core (should be disabled when Bean Validation is on): enabled
18:58:55.784 [main] DEBUG org.hibernate.cfg.SettingsFactory - Allow initialization of lazy state outside session : : disabled
18:58:55.784 [main] DEBUG org.hibernate.cfg.SettingsFactory - JTA Track by Thread: enabled
18:58:55.793 [main] DEBUG o.h.internal.SessionFactoryImpl - Building session factory
18:58:55.802 [main] DEBUG o.h.internal.SessionFactoryImpl - Session factory constructed with filter configurations : {}
18:58:55.807 [main] DEBUG o.h.internal.SessionFactoryImpl - Instantiating session factory with properties: {java.runtime.name=OpenJDK Runtime Environment, hibernate.cache.provider_class=org.hibernate.cache.NoCacheProvider, sun.boot.library.path=/usr/lib/jvm/java-8-openjdk-amd64/jre/lib/amd64, java.vm.version=25.151-b12, java.vm.vendor=Oracle Corporation, java.vendor.url=http://java.oracle.com/, path.separator=:, java.vm.name=OpenJDK 64-Bit Server VM, file.encoding.pkg=sun.io, user.country=FR, sun.java.launcher=SUN_STANDARD, sun.os.patch.level=unknown, java.vm.specification.name=Java Virtual Machine Specification, user.dir=/home/thomasmeon/Bureau/Projet/tennisclub/tennisclubproject/tennisclub-service, javax.persistence.sharedCache.mode=UNSPECIFIED, java.runtime.version=1.8.0_151-8u151-b12-0ubuntu0.16.04.2-b12, java.awt.graphicsenv=sun.awt.X11GraphicsEnvironment, basedir=/home/thomasmeon/Bureau/Projet/tennisclub/tennisclubproject/tennisclub-service, java.endorsed.dirs=/usr/lib/jvm/java-8-openjdk-amd64/jre/lib/endorsed, os.arch=amd64, surefire.real.class.path=/home/thomasmeon/Bureau/Projet/tennisclub/tennisclubproject/tennisclub-service/target/surefire/surefirebooter3740456954397251242.jar, java.io.tmpdir=/tmp, line.separator=
, java.vm.specification.vendor=Oracle Corporation, os.name=Linux, sun.jnu.encoding=UTF-8, java.library.path=/usr/java/packages/lib/amd64:/usr/lib/x86_64-linux-gnu/jni:/lib/x86_64-linux-gnu:/usr/lib/x86_64-linux-gnu:/usr/lib/jni:/lib:/usr/lib, surefire.test.class.path=/home/thomasmeon/Bureau/Projet/tennisclub/tennisclubproject/tennisclub-service/target/test-classes:/home/thomasmeon/Bureau/Projet/tennisclub/tennisclubproject/tennisclub-service/target/classes:/home/thomasmeon/.m2/repository/org/testng/testng/6.8.8/testng-6.8.8.jar:/home/thomasmeon/.m2/repository/org/beanshell/bsh/2.0b4/bsh-2.0b4.jar:/home/thomasmeon/.m2/repository/com/beust/jcommander/1.35/jcommander-1.35.jar:/home/thomasmeon/Bureau/Projet/tennisclub/tennisclubproject/tennisclub-api/target/tennisclub-api-1.0-SNAPSHOT.jar:/home/thomasmeon/.m2/repository/javax/validation/validation-api/1.1.0.Final/validation-api-1.1.0.Final.jar:/home/thomasmeon/Bureau/Projet/tennisclub/tennisclubproject/tennisclub-persistence/target/tennisclub-persistence-1.0-SNAPSHOT.jar:/home/thomasmeon/.m2/repository/org/springframework/spring-test/4.1.8.RELEASE/spring-test-4.1.8.RELEASE.jar:/home/thomasmeon/.m2/repository/org/springframework/spring-orm/4.1.8.RELEASE/spring-orm-4.1.8.RELEASE.jar:/home/thomasmeon/.m2/repository/org/springframework/spring-beans/4.1.8.RELEASE/spring-beans-4.1.8.RELEASE.jar:/home/thomasmeon/.m2/repository/org/springframework/spring-jdbc/4.1.8.RELEASE/spring-jdbc-4.1.8.RELEASE.jar:/home/thomasmeon/.m2/repository/org/springframework/spring-tx/4.1.8.RELEASE/spring-tx-4.1.8.RELEASE.jar:/home/thomasmeon/.m2/repository/org/springframework/data/spring-data-jpa/1.7.4.RELEASE/spring-data-jpa-1.7.4.RELEASE.jar:/home/thomasmeon/.m2/repository/org/springframework/data/spring-data-commons/1.9.4.RELEASE/spring-data-commons-1.9.4.RELEASE.jar:/home/thomasmeon/.m2/repository/org/springframework/spring-aop/4.1.8.RELEASE/spring-aop-4.1.8.RELEASE.jar:/home/thomasmeon/.m2/repository/aopalliance/aopalliance/1.0/aopalliance-1.0.jar:/home/thomasmeon/.m2/repository/org/aspectj/aspectjrt/1.8.7/aspectjrt-1.8.7.jar:/home/thomasmeon/.m2/repository/org/hibernate/hibernate-entitymanager/4.3.11.Final/hibernate-entitymanager-4.3.11.Final.jar:/home/thomasmeon/.m2/repository/org/jboss/logging/jboss-logging/3.1.3.GA/jboss-logging-3.1.3.GA.jar:/home/thomasmeon/.m2/repository/org/jboss/logging/jboss-logging-annotations/1.2.0.Beta1/jboss-logging-annotations-1.2.0.Beta1.jar:/home/thomasmeon/.m2/repository/org/hibernate/hibernate-core/4.3.11.Final/hibernate-core-4.3.11.Final.jar:/home/thomasmeon/.m2/repository/antlr/antlr/2.7.7/antlr-2.7.7.jar:/home/thomasmeon/.m2/repository/org/jboss/jandex/1.1.0.Final/jandex-1.1.0.Final.jar:/home/thomasmeon/.m2/repository/dom4j/dom4j/1.6.1/dom4j-1.6.1.jar:/home/thomasmeon/.m2/repository/xml-apis/xml-apis/1.0.b2/xml-apis-1.0.b2.jar:/home/thomasmeon/.m2/repository/org/hibernate/common/hibernate-commons-annotations/4.0.5.Final/hibernate-commons-annotations-4.0.5.Final.jar:/home/thomasmeon/.m2/repository/org/hibernate/javax/persistence/hibernate-jpa-2.1-api/1.0.0.Final/hibernate-jpa-2.1-api-1.0.0.Final.jar:/home/thomasmeon/.m2/repository/org/jboss/spec/javax/transaction/jboss-transaction-api_1.2_spec/1.0.0.Final/jboss-transaction-api_1.2_spec-1.0.0.Final.jar:/home/thomasmeon/.m2/repository/org/javassist/javassist/3.18.1-GA/javassist-3.18.1-GA.jar:/home/thomasmeon/.m2/repository/org/hibernate/hibernate-validator/5.1.3.Final/hibernate-validator-5.1.3.Final.jar:/home/thomasmeon/.m2/repository/com/fasterxml/classmate/1.0.0/classmate-1.0.0.jar:/home/thomasmeon/.m2/repository/cz/fi/muni/pa165/eshop-api/1.0-SNAPSHOT/eshop-api-1.0-SNAPSHOT.jar:/home/thomasmeon/.m2/repository/org/springframework/spring-context/4.1.8.RELEASE/spring-context-4.1.8.RELEASE.jar:/home/thomasmeon/.m2/repository/org/springframework/spring-expression/4.1.8.RELEASE/spring-expression-4.1.8.RELEASE.jar:/home/thomasmeon/.m2/repository/org/springframework/spring-core/4.1.8.RELEASE/spring-core-4.1.8.RELEASE.jar:/home/thomasmeon/.m2/repository/org/slf4j/slf4j-api/1.7.12/slf4j-api-1.7.12.jar:/home/thomasmeon/.m2/repository/org/slf4j/jcl-over-slf4j/1.7.12/jcl-over-slf4j-1.7.12.jar:/home/thomasmeon/.m2/repository/org/apache/derby/derby/10.10.2.0/derby-10.10.2.0.jar:/home/thomasmeon/.m2/repository/javax/inject/javax.inject/1/javax.inject-1.jar:/home/thomasmeon/.m2/repository/javax/enterprise/cdi-api/1.2/cdi-api-1.2.jar:/home/thomasmeon/.m2/repository/javax/el/javax.el-api/2.2.5/javax.el-api-2.2.5.jar:/home/thomasmeon/.m2/repository/javax/interceptor/javax.interceptor-api/1.2/javax.interceptor-api-1.2.jar:/home/thomasmeon/.m2/repository/net/sf/dozer/dozer/5.5.1/dozer-5.5.1.jar:/home/thomasmeon/.m2/repository/commons-beanutils/commons-beanutils/1.9.2/commons-beanutils-1.9.2.jar:/home/thomasmeon/.m2/repository/commons-collections/commons-collections/3.2.1/commons-collections-3.2.1.jar:/home/thomasmeon/.m2/repository/org/apache/commons/commons-lang3/3.3.2/commons-lang3-3.3.2.jar:/home/thomasmeon/.m2/repository/org/mockito/mockito-all/2.0.2-beta/mockito-all-2.0.2-beta.jar:/home/thomasmeon/.m2/repository/ch/qos/logback/logback-classic/1.1.3/logback-classic-1.1.3.jar:/home/thomasmeon/.m2/repository/ch/qos/logback/logback-core/1.1.3/logback-core-1.1.3.jar:/home/thomasmeon/.m2/repository/org/apache/maven/surefire/surefire-testng-utils/2.17/surefire-testng-utils-2.17.jar:/home/thomasmeon/.m2/repository/org/apache/maven/surefire/surefire-grouper/2.17/surefire-grouper-2.17.jar:, hibernate.ejb.persistenceUnitName=default, java.specification.name=Java Platform API Specification, java.class.version=52.0, sun.management.compiler=HotSpot 64-Bit Tiered Compilers, os.version=4.10.0-40-generic, user.home=/home/thomasmeon, user.timezone=Europe/Prague, java.awt.printerjob=sun.print.PSPrinterJob, java.specification.version=1.8, file.encoding=UTF-8, javax.persistence.nonJtaDataSource=org.springframework.jdbc.datasource.embedded.EmbeddedDatabaseFactory$EmbeddedDataSourceProxy@625e134e, hibernate.format_sql=true, hibernate.connection.driver_class=org.apache.derby.jdbc.EmbeddedDriver, user.name=thomasmeon, java.class.path=/home/thomasmeon/Bureau/Projet/tennisclub/tennisclubproject/tennisclub-service/target/test-classes:/home/thomasmeon/Bureau/Projet/tennisclub/tennisclubproject/tennisclub-service/target/classes:/home/thomasmeon/.m2/repository/org/testng/testng/6.8.8/testng-6.8.8.jar:/home/thomasmeon/.m2/repository/org/beanshell/bsh/2.0b4/bsh-2.0b4.jar:/home/thomasmeon/.m2/repository/com/beust/jcommander/1.35/jcommander-1.35.jar:/home/thomasmeon/Bureau/Projet/tennisclub/tennisclubproject/tennisclub-api/target/tennisclub-api-1.0-SNAPSHOT.jar:/home/thomasmeon/.m2/repository/javax/validation/validation-api/1.1.0.Final/validation-api-1.1.0.Final.jar:/home/thomasmeon/Bureau/Projet/tennisclub/tennisclubproject/tennisclub-persistence/target/tennisclub-persistence-1.0-SNAPSHOT.jar:/home/thomasmeon/.m2/repository/org/springframework/spring-test/4.1.8.RELEASE/spring-test-4.1.8.RELEASE.jar:/home/thomasmeon/.m2/repository/org/springframework/spring-orm/4.1.8.RELEASE/spring-orm-4.1.8.RELEASE.jar:/home/thomasmeon/.m2/repository/org/springframework/spring-beans/4.1.8.RELEASE/spring-beans-4.1.8.RELEASE.jar:/home/thomasmeon/.m2/repository/org/springframework/spring-jdbc/4.1.8.RELEASE/spring-jdbc-4.1.8.RELEASE.jar:/home/thomasmeon/.m2/repository/org/springframework/spring-tx/4.1.8.RELEASE/spring-tx-4.1.8.RELEASE.jar:/home/thomasmeon/.m2/repository/org/springframework/data/spring-data-jpa/1.7.4.RELEASE/spring-data-jpa-1.7.4.RELEASE.jar:/home/thomasmeon/.m2/repository/org/springframework/data/spring-data-commons/1.9.4.RELEASE/spring-data-commons-1.9.4.RELEASE.jar:/home/thomasmeon/.m2/repository/org/springframework/spring-aop/4.1.8.RELEASE/spring-aop-4.1.8.RELEASE.jar:/home/thomasmeon/.m2/repository/aopalliance/aopalliance/1.0/aopalliance-1.0.jar:/home/thomasmeon/.m2/repository/org/aspectj/aspectjrt/1.8.7/aspectjrt-1.8.7.jar:/home/thomasmeon/.m2/repository/org/hibernate/hibernate-entitymanager/4.3.11.Final/hibernate-entitymanager-4.3.11.Final.jar:/home/thomasmeon/.m2/repository/org/jboss/logging/jboss-logging/3.1.3.GA/jboss-logging-3.1.3.GA.jar:/home/thomasmeon/.m2/repository/org/jboss/logging/jboss-logging-annotations/1.2.0.Beta1/jboss-logging-annotations-1.2.0.Beta1.jar:/home/thomasmeon/.m2/repository/org/hibernate/hibernate-core/4.3.11.Final/hibernate-core-4.3.11.Final.jar:/home/thomasmeon/.m2/repository/antlr/antlr/2.7.7/antlr-2.7.7.jar:/home/thomasmeon/.m2/repository/org/jboss/jandex/1.1.0.Final/jandex-1.1.0.Final.jar:/home/thomasmeon/.m2/repository/dom4j/dom4j/1.6.1/dom4j-1.6.1.jar:/home/thomasmeon/.m2/repository/xml-apis/xml-apis/1.0.b2/xml-apis-1.0.b2.jar:/home/thomasmeon/.m2/repository/org/hibernate/common/hibernate-commons-annotations/4.0.5.Final/hibernate-commons-annotations-4.0.5.Final.jar:/home/thomasmeon/.m2/repository/org/hibernate/javax/persistence/hibernate-jpa-2.1-api/1.0.0.Final/hibernate-jpa-2.1-api-1.0.0.Final.jar:/home/thomasmeon/.m2/repository/org/jboss/spec/javax/transaction/jboss-transaction-api_1.2_spec/1.0.0.Final/jboss-transaction-api_1.2_spec-1.0.0.Final.jar:/home/thomasmeon/.m2/repository/org/javassist/javassist/3.18.1-GA/javassist-3.18.1-GA.jar:/home/thomasmeon/.m2/repository/org/hibernate/hibernate-validator/5.1.3.Final/hibernate-validator-5.1.3.Final.jar:/home/thomasmeon/.m2/repository/com/fasterxml/classmate/1.0.0/classmate-1.0.0.jar:/home/thomasmeon/.m2/repository/cz/fi/muni/pa165/eshop-api/1.0-SNAPSHOT/eshop-api-1.0-SNAPSHOT.jar:/home/thomasmeon/.m2/repository/org/springframework/spring-context/4.1.8.RELEASE/spring-context-4.1.8.RELEASE.jar:/home/thomasmeon/.m2/repository/org/springframework/spring-expression/4.1.8.RELEASE/spring-expression-4.1.8.RELEASE.jar:/home/thomasmeon/.m2/repository/org/springframework/spring-core/4.1.8.RELEASE/spring-core-4.1.8.RELEASE.jar:/home/thomasmeon/.m2/repository/org/slf4j/slf4j-api/1.7.12/slf4j-api-1.7.12.jar:/home/thomasmeon/.m2/repository/org/slf4j/jcl-over-slf4j/1.7.12/jcl-over-slf4j-1.7.12.jar:/home/thomasmeon/.m2/repository/org/apache/derby/derby/10.10.2.0/derby-10.10.2.0.jar:/home/thomasmeon/.m2/repository/javax/inject/javax.inject/1/javax.inject-1.jar:/home/thomasmeon/.m2/repository/javax/enterprise/cdi-api/1.2/cdi-api-1.2.jar:/home/thomasmeon/.m2/repository/javax/el/javax.el-api/2.2.5/javax.el-api-2.2.5.jar:/home/thomasmeon/.m2/repository/javax/interceptor/javax.interceptor-api/1.2/javax.interceptor-api-1.2.jar:/home/thomasmeon/.m2/repository/net/sf/dozer/dozer/5.5.1/dozer-5.5.1.jar:/home/thomasmeon/.m2/repository/commons-beanutils/commons-beanutils/1.9.2/commons-beanutils-1.9.2.jar:/home/thomasmeon/.m2/repository/commons-collections/commons-collections/3.2.1/commons-collections-3.2.1.jar:/home/thomasmeon/.m2/repository/org/apache/commons/commons-lang3/3.3.2/commons-lang3-3.3.2.jar:/home/thomasmeon/.m2/repository/org/mockito/mockito-all/2.0.2-beta/mockito-all-2.0.2-beta.jar:/home/thomasmeon/.m2/repository/ch/qos/logback/logback-classic/1.1.3/logback-classic-1.1.3.jar:/home/thomasmeon/.m2/repository/ch/qos/logback/logback-core/1.1.3/logback-core-1.1.3.jar:/home/thomasmeon/.m2/repository/org/apache/maven/surefire/surefire-testng-utils/2.17/surefire-testng-utils-2.17.jar:/home/thomasmeon/.m2/repository/org/apache/maven/surefire/surefire-grouper/2.17/surefire-grouper-2.17.jar:, hibernate.bytecode.use_reflection_optimizer=false, hibernate.show_sql=true, javax.persistence.validation.mode=AUTO, java.vm.specification.version=1.8, sun.arch.data.model=64, java.home=/usr/lib/jvm/java-8-openjdk-amd64/jre, sun.java.command=/home/thomasmeon/Bureau/Projet/tennisclub/tennisclubproject/tennisclub-service/target/surefire/surefirebooter3740456954397251242.jar /home/thomasmeon/Bureau/Projet/tennisclub/tennisclubproject/tennisclub-service/target/surefire/surefire1125089400919710531tmp /home/thomasmeon/Bureau/Projet/tennisclub/tennisclubproject/tennisclub-service/target/surefire/surefire_18506399931236392034tmp, hibernate.connection.url=jdbc:derby:memory:testdb, java.specification.vendor=Oracle Corporation, user.language=fr, awt.toolkit=sun.awt.X11.XToolkit, java.vm.info=mixed mode, java.version=1.8.0_151, java.ext.dirs=/usr/lib/jvm/java-8-openjdk-amd64/jre/lib/ext:/usr/java/packages/lib/ext, sun.boot.class.path=/usr/lib/jvm/java-8-openjdk-amd64/jre/lib/resources.jar:/usr/lib/jvm/java-8-openjdk-amd64/jre/lib/rt.jar:/usr/lib/jvm/java-8-openjdk-amd64/jre/lib/sunrsasign.jar:/usr/lib/jvm/java-8-openjdk-amd64/jre/lib/jsse.jar:/usr/lib/jvm/java-8-openjdk-amd64/jre/lib/jce.jar:/usr/lib/jvm/java-8-openjdk-amd64/jre/lib/charsets.jar:/usr/lib/jvm/java-8-openjdk-amd64/jre/lib/jfr.jar:/usr/lib/jvm/java-8-openjdk-amd64/jre/classes, java.vendor=Oracle Corporation, derby.stream.error.method=org.springframework.jdbc.datasource.embedded.OutputStreamFactory.getNoopOutputStream, localRepository=/home/thomasmeon/.m2/repository, file.separator=/, java.vendor.url.bug=http://bugreport.sun.com/bugreport/, hibernate.hbm2ddl.auto=create, sun.cpu.endian=little, sun.io.unicode.encoding=UnicodeLittle, sun.cpu.isalist=}
18:58:55.833 [main] INFO  o.h.validator.internal.util.Version - HV000001: Hibernate Validator 5.1.3.Final
18:58:55.839 [main] DEBUG o.h.v.i.e.r.DefaultTraversableResolver - Found javax.persistence.Persistence on classpath containing 'getPersistenceUtil'. Assuming JPA 2 environment. Trying to instantiate JPA aware TraversableResolver
18:58:55.840 [main] DEBUG o.h.v.i.e.r.DefaultTraversableResolver - Instantiated JPA aware TraversableResolver of type org.hibernate.validator.internal.engine.resolver.JPATraversableResolver.
18:58:55.848 [main] DEBUG o.h.v.i.xml.ValidationXmlParser - Trying to load META-INF/validation.xml for XML based Validator configuration.
18:58:55.854 [main] DEBUG o.h.v.i.xml.ValidationXmlParser - No META-INF/validation.xml found. Using annotation based configuration only.
18:58:55.952 [main] DEBUG o.h.secure.spi.JaccIntegrator - Skipping JACC integration as it was not enabled
18:58:55.954 [main] DEBUG o.hibernate.engine.spi.CascadeStyles - External cascade style regsitration [persist : STYLE_PERSIST_SKIPLAZY] overrode base registration [STYLE_PERSIST]
18:58:55.962 [main] DEBUG o.h.i.f.i.DefaultIdentifierGeneratorFactory - Setting dialect [org.hibernate.dialect.DerbyTenSevenDialect]
18:58:55.962 [main] DEBUG o.h.i.f.i.DefaultIdentifierGeneratorFactory - Setting dialect [org.hibernate.dialect.DerbyTenSevenDialect]
18:58:55.963 [main] DEBUG o.h.i.f.i.DefaultIdentifierGeneratorFactory - Setting dialect [org.hibernate.dialect.DerbyTenSevenDialect]
18:58:56.034 [main] INFO  org.hibernate.tuple.PojoInstantiator - HHH000182: No default (no-argument) constructor for class: com.frenchies.tennisclub.entity.Court (class must be instantiated by Interceptor)
18:58:56.043 [main] DEBUG o.h.p.entity.AbstractEntityPersister - Static SQL for entity: com.frenchies.tennisclub.entity.User
18:58:56.043 [main] DEBUG o.h.p.entity.AbstractEntityPersister -  Version select: select id from Users where id =?
18:58:56.043 [main] DEBUG o.h.p.entity.AbstractEntityPersister -  Snapshot select: select user_.id, user_.admin as admin2_2_, user_.dateOfBirth as dateOfBi3_2_, user_.mail as mail4_2_, user_.name as name5_2_, user_.passwordHash as password6_2_, user_.phone as phone7_2_, user_.surname as surname8_2_ from Users user_ where user_.id=?
18:58:56.043 [main] DEBUG o.h.p.entity.AbstractEntityPersister -  Insert 0: insert into Users (admin, dateOfBirth, mail, name, passwordHash, phone, surname, id) values (?, ?, ?, ?, ?, ?, ?, ?)
18:58:56.043 [main] DEBUG o.h.p.entity.AbstractEntityPersister -  Update 0: update Users set admin=?, dateOfBirth=?, mail=?, name=?, passwordHash=?, phone=?, surname=? where id=?
18:58:56.043 [main] DEBUG o.h.p.entity.AbstractEntityPersister -  Delete 0: delete from Users where id=?
18:58:56.043 [main] DEBUG o.h.p.entity.AbstractEntityPersister -  Identity insert: insert into Users (id, admin, dateOfBirth, mail, name, passwordHash, phone, surname) values (default, ?, ?, ?, ?, ?, ?, ?)
18:58:56.063 [main] DEBUG o.h.l.p.b.i.spaces.QuerySpacesImpl - Adding QuerySpace : uid = <gen:0> -> org.hibernate.loader.plan.build.internal.spaces.EntityQuerySpaceImpl@43e9089]
18:58:56.064 [main] DEBUG o.h.p.w.spi.MetamodelGraphWalker - Visiting attribute path : admin
18:58:56.065 [main] DEBUG o.h.p.w.spi.MetamodelGraphWalker - Visiting attribute path : dateOfBirth
18:58:56.065 [main] DEBUG o.h.p.w.spi.MetamodelGraphWalker - Visiting attribute path : mail
18:58:56.065 [main] DEBUG o.h.p.w.spi.MetamodelGraphWalker - Visiting attribute path : name
18:58:56.065 [main] DEBUG o.h.p.w.spi.MetamodelGraphWalker - Visiting attribute path : passwordHash
18:58:56.065 [main] DEBUG o.h.p.w.spi.MetamodelGraphWalker - Visiting attribute path : phone
18:58:56.065 [main] DEBUG o.h.p.w.spi.MetamodelGraphWalker - Visiting attribute path : surname
18:58:56.065 [main] DEBUG o.h.l.p.b.i.FetchStyleLoadPlanBuildingAssociationVisitationStrategy - Building LoadPlan...
18:58:56.078 [main] DEBUG o.h.l.p.e.i.LoadQueryJoinAndFetchProcessor - processing queryspace <gen:0>
18:58:56.082 [main] DEBUG o.h.l.p.b.spi.LoadPlanTreePrinter - LoadPlan(entity=com.frenchies.tennisclub.entity.User)
    - Returns
       - EntityReturnImpl(entity=com.frenchies.tennisclub.entity.User, querySpaceUid=<gen:0>, path=com.frenchies.tennisclub.entity.User)
    - QuerySpaces
       - EntityQuerySpaceImpl(uid=<gen:0>, entity=com.frenchies.tennisclub.entity.User)
          - SQL table alias mapping - user0_
          - alias suffix - 0_
          - suffixed key columns - {id1_2_0_}

18:58:56.084 [main] DEBUG o.h.loader.entity.plan.EntityLoader - Static select for entity com.frenchies.tennisclub.entity.User [NONE]: select user0_.id as id1_2_0_, user0_.admin as admin2_2_0_, user0_.dateOfBirth as dateOfBi3_2_0_, user0_.mail as mail4_2_0_, user0_.name as name5_2_0_, user0_.passwordHash as password6_2_0_, user0_.phone as phone7_2_0_, user0_.surname as surname8_2_0_ from Users user0_ where user0_.id=?
18:58:56.085 [main] DEBUG o.h.l.p.b.i.spaces.QuerySpacesImpl - Adding QuerySpace : uid = <gen:0> -> org.hibernate.loader.plan.build.internal.spaces.EntityQuerySpaceImpl@50850539]
18:58:56.085 [main] DEBUG o.h.p.w.spi.MetamodelGraphWalker - Visiting attribute path : admin
18:58:56.085 [main] DEBUG o.h.p.w.spi.MetamodelGraphWalker - Visiting attribute path : dateOfBirth
18:58:56.085 [main] DEBUG o.h.p.w.spi.MetamodelGraphWalker - Visiting attribute path : mail
18:58:56.085 [main] DEBUG o.h.p.w.spi.MetamodelGraphWalker - Visiting attribute path : name
18:58:56.085 [main] DEBUG o.h.p.w.spi.MetamodelGraphWalker - Visiting attribute path : passwordHash
18:58:56.085 [main] DEBUG o.h.p.w.spi.MetamodelGraphWalker - Visiting attribute path : phone
18:58:56.085 [main] DEBUG o.h.p.w.spi.MetamodelGraphWalker - Visiting attribute path : surname
18:58:56.085 [main] DEBUG o.h.l.p.b.i.FetchStyleLoadPlanBuildingAssociationVisitationStrategy - Building LoadPlan...
18:58:56.085 [main] DEBUG o.h.l.p.e.i.LoadQueryJoinAndFetchProcessor - processing queryspace <gen:0>
18:58:56.085 [main] DEBUG o.h.l.p.b.spi.LoadPlanTreePrinter - LoadPlan(entity=com.frenchies.tennisclub.entity.User)
    - Returns
       - EntityReturnImpl(entity=com.frenchies.tennisclub.entity.User, querySpaceUid=<gen:0>, path=com.frenchies.tennisclub.entity.User)
    - QuerySpaces
       - EntityQuerySpaceImpl(uid=<gen:0>, entity=com.frenchies.tennisclub.entity.User)
          - SQL table alias mapping - user0_
          - alias suffix - 0_
          - suffixed key columns - {id1_2_0_}

18:58:56.086 [main] DEBUG o.h.loader.entity.plan.EntityLoader - Static select for entity com.frenchies.tennisclub.entity.User [READ]: select user0_.id as id1_2_0_, user0_.admin as admin2_2_0_, user0_.dateOfBirth as dateOfBi3_2_0_, user0_.mail as mail4_2_0_, user0_.name as name5_2_0_, user0_.passwordHash as password6_2_0_, user0_.phone as phone7_2_0_, user0_.surname as surname8_2_0_ from Users user0_ where user0_.id=?
18:58:56.086 [main] DEBUG o.h.l.p.b.i.spaces.QuerySpacesImpl - Adding QuerySpace : uid = <gen:0> -> org.hibernate.loader.plan.build.internal.spaces.EntityQuerySpaceImpl@6c3659be]
18:58:56.086 [main] DEBUG o.h.p.w.spi.MetamodelGraphWalker - Visiting attribute path : admin
18:58:56.086 [main] DEBUG o.h.p.w.spi.MetamodelGraphWalker - Visiting attribute path : dateOfBirth
18:58:56.086 [main] DEBUG o.h.p.w.spi.MetamodelGraphWalker - Visiting attribute path : mail
18:58:56.086 [main] DEBUG o.h.p.w.spi.MetamodelGraphWalker - Visiting attribute path : name
18:58:56.086 [main] DEBUG o.h.p.w.spi.MetamodelGraphWalker - Visiting attribute path : passwordHash
18:58:56.086 [main] DEBUG o.h.p.w.spi.MetamodelGraphWalker - Visiting attribute path : phone
18:58:56.086 [main] DEBUG o.h.p.w.spi.MetamodelGraphWalker - Visiting attribute path : surname
18:58:56.086 [main] DEBUG o.h.l.p.b.i.FetchStyleLoadPlanBuildingAssociationVisitationStrategy - Building LoadPlan...
18:58:56.086 [main] DEBUG o.h.l.p.e.i.LoadQueryJoinAndFetchProcessor - processing queryspace <gen:0>
18:58:56.087 [main] DEBUG o.h.l.p.b.spi.LoadPlanTreePrinter - LoadPlan(entity=com.frenchies.tennisclub.entity.User)
    - Returns
       - EntityReturnImpl(entity=com.frenchies.tennisclub.entity.User, querySpaceUid=<gen:0>, path=com.frenchies.tennisclub.entity.User)
    - QuerySpaces
       - EntityQuerySpaceImpl(uid=<gen:0>, entity=com.frenchies.tennisclub.entity.User)
          - SQL table alias mapping - user0_
          - alias suffix - 0_
          - suffixed key columns - {id1_2_0_}

18:58:56.087 [main] DEBUG o.h.loader.entity.plan.EntityLoader - Static select for entity com.frenchies.tennisclub.entity.User [UPGRADE]: select user0_.id as id1_2_0_, user0_.admin as admin2_2_0_, user0_.dateOfBirth as dateOfBi3_2_0_, user0_.mail as mail4_2_0_, user0_.name as name5_2_0_, user0_.passwordHash as password6_2_0_, user0_.phone as phone7_2_0_, user0_.surname as surname8_2_0_ from Users user0_ where user0_.id=? for update with rs
18:58:56.087 [main] DEBUG o.h.l.p.b.i.spaces.QuerySpacesImpl - Adding QuerySpace : uid = <gen:0> -> org.hibernate.loader.plan.build.internal.spaces.EntityQuerySpaceImpl@2aff9dff]
18:58:56.087 [main] DEBUG o.h.p.w.spi.MetamodelGraphWalker - Visiting attribute path : admin
18:58:56.087 [main] DEBUG o.h.p.w.spi.MetamodelGraphWalker - Visiting attribute path : dateOfBirth
18:58:56.087 [main] DEBUG o.h.p.w.spi.MetamodelGraphWalker - Visiting attribute path : mail
18:58:56.087 [main] DEBUG o.h.p.w.spi.MetamodelGraphWalker - Visiting attribute path : name
18:58:56.087 [main] DEBUG o.h.p.w.spi.MetamodelGraphWalker - Visiting attribute path : passwordHash
18:58:56.087 [main] DEBUG o.h.p.w.spi.MetamodelGraphWalker - Visiting attribute path : phone
18:58:56.087 [main] DEBUG o.h.p.w.spi.MetamodelGraphWalker - Visiting attribute path : surname
18:58:56.087 [main] DEBUG o.h.l.p.b.i.FetchStyleLoadPlanBuildingAssociationVisitationStrategy - Building LoadPlan...
18:58:56.087 [main] DEBUG o.h.l.p.e.i.LoadQueryJoinAndFetchProcessor - processing queryspace <gen:0>
18:58:56.088 [main] DEBUG o.h.l.p.b.spi.LoadPlanTreePrinter - LoadPlan(entity=com.frenchies.tennisclub.entity.User)
    - Returns
       - EntityReturnImpl(entity=com.frenchies.tennisclub.entity.User, querySpaceUid=<gen:0>, path=com.frenchies.tennisclub.entity.User)
    - QuerySpaces
       - EntityQuerySpaceImpl(uid=<gen:0>, entity=com.frenchies.tennisclub.entity.User)
          - SQL table alias mapping - user0_
          - alias suffix - 0_
          - suffixed key columns - {id1_2_0_}

18:58:56.088 [main] DEBUG o.h.loader.entity.plan.EntityLoader - Static select for entity com.frenchies.tennisclub.entity.User [UPGRADE_NOWAIT]: select user0_.id as id1_2_0_, user0_.admin as admin2_2_0_, user0_.dateOfBirth as dateOfBi3_2_0_, user0_.mail as mail4_2_0_, user0_.name as name5_2_0_, user0_.passwordHash as password6_2_0_, user0_.phone as phone7_2_0_, user0_.surname as surname8_2_0_ from Users user0_ where user0_.id=? for update with rs
18:58:56.088 [main] DEBUG o.h.l.p.b.i.spaces.QuerySpacesImpl - Adding QuerySpace : uid = <gen:0> -> org.hibernate.loader.plan.build.internal.spaces.EntityQuerySpaceImpl@1aad0b1]
18:58:56.088 [main] DEBUG o.h.p.w.spi.MetamodelGraphWalker - Visiting attribute path : admin
18:58:56.088 [main] DEBUG o.h.p.w.spi.MetamodelGraphWalker - Visiting attribute path : dateOfBirth
18:58:56.088 [main] DEBUG o.h.p.w.spi.MetamodelGraphWalker - Visiting attribute path : mail
18:58:56.088 [main] DEBUG o.h.p.w.spi.MetamodelGraphWalker - Visiting attribute path : name
18:58:56.088 [main] DEBUG o.h.p.w.spi.MetamodelGraphWalker - Visiting attribute path : passwordHash
18:58:56.088 [main] DEBUG o.h.p.w.spi.MetamodelGraphWalker - Visiting attribute path : phone
18:58:56.088 [main] DEBUG o.h.p.w.spi.MetamodelGraphWalker - Visiting attribute path : surname
18:58:56.088 [main] DEBUG o.h.l.p.b.i.FetchStyleLoadPlanBuildingAssociationVisitationStrategy - Building LoadPlan...
18:58:56.088 [main] DEBUG o.h.l.p.e.i.LoadQueryJoinAndFetchProcessor - processing queryspace <gen:0>
18:58:56.088 [main] DEBUG o.h.l.p.b.spi.LoadPlanTreePrinter - LoadPlan(entity=com.frenchies.tennisclub.entity.User)
    - Returns
       - EntityReturnImpl(entity=com.frenchies.tennisclub.entity.User, querySpaceUid=<gen:0>, path=com.frenchies.tennisclub.entity.User)
    - QuerySpaces
       - EntityQuerySpaceImpl(uid=<gen:0>, entity=com.frenchies.tennisclub.entity.User)
          - SQL table alias mapping - user0_
          - alias suffix - 0_
          - suffixed key columns - {id1_2_0_}

18:58:56.089 [main] DEBUG o.h.loader.entity.plan.EntityLoader - Static select for entity com.frenchies.tennisclub.entity.User [UPGRADE_SKIPLOCKED]: select user0_.id as id1_2_0_, user0_.admin as admin2_2_0_, user0_.dateOfBirth as dateOfBi3_2_0_, user0_.mail as mail4_2_0_, user0_.name as name5_2_0_, user0_.passwordHash as password6_2_0_, user0_.phone as phone7_2_0_, user0_.surname as surname8_2_0_ from Users user0_ where user0_.id=? for update with rs
18:58:56.089 [main] DEBUG o.h.l.p.b.i.spaces.QuerySpacesImpl - Adding QuerySpace : uid = <gen:0> -> org.hibernate.loader.plan.build.internal.spaces.EntityQuerySpaceImpl@5af8bb51]
18:58:56.089 [main] DEBUG o.h.p.w.spi.MetamodelGraphWalker - Visiting attribute path : admin
18:58:56.089 [main] DEBUG o.h.p.w.spi.MetamodelGraphWalker - Visiting attribute path : dateOfBirth
18:58:56.089 [main] DEBUG o.h.p.w.spi.MetamodelGraphWalker - Visiting attribute path : mail
18:58:56.089 [main] DEBUG o.h.p.w.spi.MetamodelGraphWalker - Visiting attribute path : name
18:58:56.089 [main] DEBUG o.h.p.w.spi.MetamodelGraphWalker - Visiting attribute path : passwordHash
18:58:56.089 [main] DEBUG o.h.p.w.spi.MetamodelGraphWalker - Visiting attribute path : phone
18:58:56.089 [main] DEBUG o.h.p.w.spi.MetamodelGraphWalker - Visiting attribute path : surname
18:58:56.089 [main] DEBUG o.h.l.p.b.i.FetchStyleLoadPlanBuildingAssociationVisitationStrategy - Building LoadPlan...
18:58:56.089 [main] DEBUG o.h.l.p.e.i.LoadQueryJoinAndFetchProcessor - processing queryspace <gen:0>
18:58:56.089 [main] DEBUG o.h.l.p.b.spi.LoadPlanTreePrinter - LoadPlan(entity=com.frenchies.tennisclub.entity.User)
    - Returns
       - EntityReturnImpl(entity=com.frenchies.tennisclub.entity.User, querySpaceUid=<gen:0>, path=com.frenchies.tennisclub.entity.User)
    - QuerySpaces
       - EntityQuerySpaceImpl(uid=<gen:0>, entity=com.frenchies.tennisclub.entity.User)
          - SQL table alias mapping - user0_
          - alias suffix - 0_
          - suffixed key columns - {id1_2_0_}

18:58:56.089 [main] DEBUG o.h.loader.entity.plan.EntityLoader - Static select for entity com.frenchies.tennisclub.entity.User [FORCE]: select user0_.id as id1_2_0_, user0_.admin as admin2_2_0_, user0_.dateOfBirth as dateOfBi3_2_0_, user0_.mail as mail4_2_0_, user0_.name as name5_2_0_, user0_.passwordHash as password6_2_0_, user0_.phone as phone7_2_0_, user0_.surname as surname8_2_0_ from Users user0_ where user0_.id=? for update with rs
18:58:56.089 [main] DEBUG o.h.l.p.b.i.spaces.QuerySpacesImpl - Adding QuerySpace : uid = <gen:0> -> org.hibernate.loader.plan.build.internal.spaces.EntityQuerySpaceImpl@2e66bc32]
18:58:56.089 [main] DEBUG o.h.p.w.spi.MetamodelGraphWalker - Visiting attribute path : admin
18:58:56.089 [main] DEBUG o.h.p.w.spi.MetamodelGraphWalker - Visiting attribute path : dateOfBirth
18:58:56.089 [main] DEBUG o.h.p.w.spi.MetamodelGraphWalker - Visiting attribute path : mail
18:58:56.089 [main] DEBUG o.h.p.w.spi.MetamodelGraphWalker - Visiting attribute path : name
18:58:56.089 [main] DEBUG o.h.p.w.spi.MetamodelGraphWalker - Visiting attribute path : passwordHash
18:58:56.089 [main] DEBUG o.h.p.w.spi.MetamodelGraphWalker - Visiting attribute path : phone
18:58:56.090 [main] DEBUG o.h.p.w.spi.MetamodelGraphWalker - Visiting attribute path : surname
18:58:56.090 [main] DEBUG o.h.l.p.b.i.FetchStyleLoadPlanBuildingAssociationVisitationStrategy - Building LoadPlan...
18:58:56.090 [main] DEBUG o.h.l.p.e.i.LoadQueryJoinAndFetchProcessor - processing queryspace <gen:0>
18:58:56.090 [main] DEBUG o.h.l.p.b.spi.LoadPlanTreePrinter - LoadPlan(entity=com.frenchies.tennisclub.entity.User)
    - Returns
       - EntityReturnImpl(entity=com.frenchies.tennisclub.entity.User, querySpaceUid=<gen:0>, path=com.frenchies.tennisclub.entity.User)
    - QuerySpaces
       - EntityQuerySpaceImpl(uid=<gen:0>, entity=com.frenchies.tennisclub.entity.User)
          - SQL table alias mapping - user0_
          - alias suffix - 0_
          - suffixed key columns - {id1_2_0_}

18:58:56.090 [main] DEBUG o.h.loader.entity.plan.EntityLoader - Static select for entity com.frenchies.tennisclub.entity.User [PESSIMISTIC_READ]: select user0_.id as id1_2_0_, user0_.admin as admin2_2_0_, user0_.dateOfBirth as dateOfBi3_2_0_, user0_.mail as mail4_2_0_, user0_.name as name5_2_0_, user0_.passwordHash as password6_2_0_, user0_.phone as phone7_2_0_, user0_.surname as surname8_2_0_ from Users user0_ where user0_.id=? for read only with rs
18:58:56.090 [main] DEBUG o.h.l.p.b.i.spaces.QuerySpacesImpl - Adding QuerySpace : uid = <gen:0> -> org.hibernate.loader.plan.build.internal.spaces.EntityQuerySpaceImpl@4b65d9f4]
18:58:56.090 [main] DEBUG o.h.p.w.spi.MetamodelGraphWalker - Visiting attribute path : admin
18:58:56.090 [main] DEBUG o.h.p.w.spi.MetamodelGraphWalker - Visiting attribute path : dateOfBirth
18:58:56.090 [main] DEBUG o.h.p.w.spi.MetamodelGraphWalker - Visiting attribute path : mail
18:58:56.090 [main] DEBUG o.h.p.w.spi.MetamodelGraphWalker - Visiting attribute path : name
18:58:56.090 [main] DEBUG o.h.p.w.spi.MetamodelGraphWalker - Visiting attribute path : passwordHash
18:58:56.090 [main] DEBUG o.h.p.w.spi.MetamodelGraphWalker - Visiting attribute path : phone
18:58:56.090 [main] DEBUG o.h.p.w.spi.MetamodelGraphWalker - Visiting attribute path : surname
18:58:56.090 [main] DEBUG o.h.l.p.b.i.FetchStyleLoadPlanBuildingAssociationVisitationStrategy - Building LoadPlan...
18:58:56.090 [main] DEBUG o.h.l.p.e.i.LoadQueryJoinAndFetchProcessor - processing queryspace <gen:0>
18:58:56.091 [main] DEBUG o.h.l.p.b.spi.LoadPlanTreePrinter - LoadPlan(entity=com.frenchies.tennisclub.entity.User)
    - Returns
       - EntityReturnImpl(entity=com.frenchies.tennisclub.entity.User, querySpaceUid=<gen:0>, path=com.frenchies.tennisclub.entity.User)
    - QuerySpaces
       - EntityQuerySpaceImpl(uid=<gen:0>, entity=com.frenchies.tennisclub.entity.User)
          - SQL table alias mapping - user0_
          - alias suffix - 0_
          - suffixed key columns - {id1_2_0_}

18:58:56.091 [main] DEBUG o.h.loader.entity.plan.EntityLoader - Static select for entity com.frenchies.tennisclub.entity.User [PESSIMISTIC_WRITE]: select user0_.id as id1_2_0_, user0_.admin as admin2_2_0_, user0_.dateOfBirth as dateOfBi3_2_0_, user0_.mail as mail4_2_0_, user0_.name as name5_2_0_, user0_.passwordHash as password6_2_0_, user0_.phone as phone7_2_0_, user0_.surname as surname8_2_0_ from Users user0_ where user0_.id=? for update with rs
18:58:56.091 [main] DEBUG o.h.l.p.b.i.spaces.QuerySpacesImpl - Adding QuerySpace : uid = <gen:0> -> org.hibernate.loader.plan.build.internal.spaces.EntityQuerySpaceImpl@5fcfde70]
18:58:56.091 [main] DEBUG o.h.p.w.spi.MetamodelGraphWalker - Visiting attribute path : admin
18:58:56.091 [main] DEBUG o.h.p.w.spi.MetamodelGraphWalker - Visiting attribute path : dateOfBirth
18:58:56.091 [main] DEBUG o.h.p.w.spi.MetamodelGraphWalker - Visiting attribute path : mail
18:58:56.091 [main] DEBUG o.h.p.w.spi.MetamodelGraphWalker - Visiting attribute path : name
18:58:56.091 [main] DEBUG o.h.p.w.spi.MetamodelGraphWalker - Visiting attribute path : passwordHash
18:58:56.091 [main] DEBUG o.h.p.w.spi.MetamodelGraphWalker - Visiting attribute path : phone
18:58:56.091 [main] DEBUG o.h.p.w.spi.MetamodelGraphWalker - Visiting attribute path : surname
18:58:56.091 [main] DEBUG o.h.l.p.b.i.FetchStyleLoadPlanBuildingAssociationVisitationStrategy - Building LoadPlan...
18:58:56.091 [main] DEBUG o.h.l.p.e.i.LoadQueryJoinAndFetchProcessor - processing queryspace <gen:0>
18:58:56.091 [main] DEBUG o.h.l.p.b.spi.LoadPlanTreePrinter - LoadPlan(entity=com.frenchies.tennisclub.entity.User)
    - Returns
       - EntityReturnImpl(entity=com.frenchies.tennisclub.entity.User, querySpaceUid=<gen:0>, path=com.frenchies.tennisclub.entity.User)
    - QuerySpaces
       - EntityQuerySpaceImpl(uid=<gen:0>, entity=com.frenchies.tennisclub.entity.User)
          - SQL table alias mapping - user0_
          - alias suffix - 0_
          - suffixed key columns - {id1_2_0_}

18:58:56.091 [main] DEBUG o.h.loader.entity.plan.EntityLoader - Static select for entity com.frenchies.tennisclub.entity.User [PESSIMISTIC_FORCE_INCREMENT]: select user0_.id as id1_2_0_, user0_.admin as admin2_2_0_, user0_.dateOfBirth as dateOfBi3_2_0_, user0_.mail as mail4_2_0_, user0_.name as name5_2_0_, user0_.passwordHash as password6_2_0_, user0_.phone as phone7_2_0_, user0_.surname as surname8_2_0_ from Users user0_ where user0_.id=? for update with rs
18:58:56.091 [main] DEBUG o.h.l.p.b.i.spaces.QuerySpacesImpl - Adding QuerySpace : uid = <gen:0> -> org.hibernate.loader.plan.build.internal.spaces.EntityQuerySpaceImpl@28da7d11]
18:58:56.091 [main] DEBUG o.h.p.w.spi.MetamodelGraphWalker - Visiting attribute path : admin
18:58:56.091 [main] DEBUG o.h.p.w.spi.MetamodelGraphWalker - Visiting attribute path : dateOfBirth
18:58:56.092 [main] DEBUG o.h.p.w.spi.MetamodelGraphWalker - Visiting attribute path : mail
18:58:56.092 [main] DEBUG o.h.p.w.spi.MetamodelGraphWalker - Visiting attribute path : name
18:58:56.092 [main] DEBUG o.h.p.w.spi.MetamodelGraphWalker - Visiting attribute path : passwordHash
18:58:56.092 [main] DEBUG o.h.p.w.spi.MetamodelGraphWalker - Visiting attribute path : phone
18:58:56.092 [main] DEBUG o.h.p.w.spi.MetamodelGraphWalker - Visiting attribute path : surname
18:58:56.092 [main] DEBUG o.h.l.p.b.i.FetchStyleLoadPlanBuildingAssociationVisitationStrategy - Building LoadPlan...
18:58:56.092 [main] DEBUG o.h.l.p.e.i.LoadQueryJoinAndFetchProcessor - processing queryspace <gen:0>
18:58:56.092 [main] DEBUG o.h.l.p.b.spi.LoadPlanTreePrinter - LoadPlan(entity=com.frenchies.tennisclub.entity.User)
    - Returns
       - EntityReturnImpl(entity=com.frenchies.tennisclub.entity.User, querySpaceUid=<gen:0>, path=com.frenchies.tennisclub.entity.User)
    - QuerySpaces
       - EntityQuerySpaceImpl(uid=<gen:0>, entity=com.frenchies.tennisclub.entity.User)
          - SQL table alias mapping - user0_
          - alias suffix - 0_
          - suffixed key columns - {id1_2_0_}

18:58:56.092 [main] DEBUG o.h.loader.entity.plan.EntityLoader - Static select for entity com.frenchies.tennisclub.entity.User [OPTIMISTIC]: select user0_.id as id1_2_0_, user0_.admin as admin2_2_0_, user0_.dateOfBirth as dateOfBi3_2_0_, user0_.mail as mail4_2_0_, user0_.name as name5_2_0_, user0_.passwordHash as password6_2_0_, user0_.phone as phone7_2_0_, user0_.surname as surname8_2_0_ from Users user0_ where user0_.id=?
18:58:56.092 [main] DEBUG o.h.l.p.b.i.spaces.QuerySpacesImpl - Adding QuerySpace : uid = <gen:0> -> org.hibernate.loader.plan.build.internal.spaces.EntityQuerySpaceImpl@5624657a]
18:58:56.092 [main] DEBUG o.h.p.w.spi.MetamodelGraphWalker - Visiting attribute path : admin
18:58:56.092 [main] DEBUG o.h.p.w.spi.MetamodelGraphWalker - Visiting attribute path : dateOfBirth
18:58:56.092 [main] DEBUG o.h.p.w.spi.MetamodelGraphWalker - Visiting attribute path : mail
18:58:56.092 [main] DEBUG o.h.p.w.spi.MetamodelGraphWalker - Visiting attribute path : name
18:58:56.092 [main] DEBUG o.h.p.w.spi.MetamodelGraphWalker - Visiting attribute path : passwordHash
18:58:56.092 [main] DEBUG o.h.p.w.spi.MetamodelGraphWalker - Visiting attribute path : phone
18:58:56.092 [main] DEBUG o.h.p.w.spi.MetamodelGraphWalker - Visiting attribute path : surname
18:58:56.092 [main] DEBUG o.h.l.p.b.i.FetchStyleLoadPlanBuildingAssociationVisitationStrategy - Building LoadPlan...
18:58:56.093 [main] DEBUG o.h.l.p.e.i.LoadQueryJoinAndFetchProcessor - processing queryspace <gen:0>
18:58:56.093 [main] DEBUG o.h.l.p.b.spi.LoadPlanTreePrinter - LoadPlan(entity=com.frenchies.tennisclub.entity.User)
    - Returns
       - EntityReturnImpl(entity=com.frenchies.tennisclub.entity.User, querySpaceUid=<gen:0>, path=com.frenchies.tennisclub.entity.User)
    - QuerySpaces
       - EntityQuerySpaceImpl(uid=<gen:0>, entity=com.frenchies.tennisclub.entity.User)
          - SQL table alias mapping - user0_
          - alias suffix - 0_
          - suffixed key columns - {id1_2_0_}

18:58:56.093 [main] DEBUG o.h.loader.entity.plan.EntityLoader - Static select for entity com.frenchies.tennisclub.entity.User [OPTIMISTIC_FORCE_INCREMENT]: select user0_.id as id1_2_0_, user0_.admin as admin2_2_0_, user0_.dateOfBirth as dateOfBi3_2_0_, user0_.mail as mail4_2_0_, user0_.name as name5_2_0_, user0_.passwordHash as password6_2_0_, user0_.phone as phone7_2_0_, user0_.surname as surname8_2_0_ from Users user0_ where user0_.id=?
18:58:56.103 [main] DEBUG org.hibernate.loader.Loader - Static select for action ACTION_MERGE on entity com.frenchies.tennisclub.entity.User: select user0_.id as id1_2_0_, user0_.admin as admin2_2_0_, user0_.dateOfBirth as dateOfBi3_2_0_, user0_.mail as mail4_2_0_, user0_.name as name5_2_0_, user0_.passwordHash as password6_2_0_, user0_.phone as phone7_2_0_, user0_.surname as surname8_2_0_ from Users user0_ where user0_.id=?
18:58:56.104 [main] DEBUG org.hibernate.loader.Loader - Static select for action ACTION_REFRESH on entity com.frenchies.tennisclub.entity.User: select user0_.id as id1_2_0_, user0_.admin as admin2_2_0_, user0_.dateOfBirth as dateOfBi3_2_0_, user0_.mail as mail4_2_0_, user0_.name as name5_2_0_, user0_.passwordHash as password6_2_0_, user0_.phone as phone7_2_0_, user0_.surname as surname8_2_0_ from Users user0_ where user0_.id=?
18:58:56.104 [main] DEBUG o.h.p.entity.AbstractEntityPersister - Static SQL for entity: com.frenchies.tennisclub.entity.Booking
18:58:56.104 [main] DEBUG o.h.p.entity.AbstractEntityPersister -  Version select: select idBooking from Booking where idBooking =?
18:58:56.104 [main] DEBUG o.h.p.entity.AbstractEntityPersister -  Snapshot select: select booking_.idBooking, booking_.dateOfBooking as dateOfBo2_0_, booking_.hourOfBooking as hourOfBo3_0_, booking_.idCourt as idCourt4_0_, booking_.user1_id as user5_0_, booking_.user2_id as user6_0_ from Booking booking_ where booking_.idBooking=?
18:58:56.104 [main] DEBUG o.h.p.entity.AbstractEntityPersister -  Insert 0: insert into Booking (dateOfBooking, hourOfBooking, idCourt, user1_id, user2_id, idBooking) values (?, ?, ?, ?, ?, ?)
18:58:56.104 [main] DEBUG o.h.p.entity.AbstractEntityPersister -  Update 0: update Booking set dateOfBooking=?, hourOfBooking=?, idCourt=?, user1_id=?, user2_id=? where idBooking=?
18:58:56.104 [main] DEBUG o.h.p.entity.AbstractEntityPersister -  Delete 0: delete from Booking where idBooking=?
18:58:56.104 [main] DEBUG o.h.p.entity.AbstractEntityPersister -  Identity insert: insert into Booking (idBooking, dateOfBooking, hourOfBooking, idCourt, user1_id, user2_id) values (default, ?, ?, ?, ?, ?)
18:58:56.104 [main] DEBUG o.h.l.p.b.i.spaces.QuerySpacesImpl - Adding QuerySpace : uid = <gen:0> -> org.hibernate.loader.plan.build.internal.spaces.EntityQuerySpaceImpl@7efb53af]
18:58:56.104 [main] DEBUG o.h.p.w.spi.MetamodelGraphWalker - Visiting attribute path : dateOfBooking
18:58:56.104 [main] DEBUG o.h.p.w.spi.MetamodelGraphWalker - Visiting attribute path : hourOfBooking
18:58:56.104 [main] DEBUG o.h.p.w.spi.MetamodelGraphWalker - Visiting attribute path : idCourt
18:58:56.104 [main] DEBUG o.h.p.w.spi.MetamodelGraphWalker - Visiting attribute path : user1
18:58:56.107 [main] DEBUG o.h.l.p.b.i.spaces.QuerySpacesImpl - Adding QuerySpace : uid = <gen:1> -> org.hibernate.loader.plan.build.internal.spaces.EntityQuerySpaceImpl@7640a5b1]
18:58:56.108 [main] DEBUG o.h.p.w.spi.MetamodelGraphWalker - Visiting attribute path : user1.admin
18:58:56.108 [main] DEBUG o.h.p.w.spi.MetamodelGraphWalker - Visiting attribute path : user1.dateOfBirth
18:58:56.108 [main] DEBUG o.h.p.w.spi.MetamodelGraphWalker - Visiting attribute path : user1.mail
18:58:56.108 [main] DEBUG o.h.p.w.spi.MetamodelGraphWalker - Visiting attribute path : user1.name
18:58:56.108 [main] DEBUG o.h.p.w.spi.MetamodelGraphWalker - Visiting attribute path : user1.passwordHash
18:58:56.108 [main] DEBUG o.h.p.w.spi.MetamodelGraphWalker - Visiting attribute path : user1.phone
18:58:56.108 [main] DEBUG o.h.p.w.spi.MetamodelGraphWalker - Visiting attribute path : user1.surname
18:58:56.108 [main] DEBUG o.h.p.w.spi.MetamodelGraphWalker - Visiting attribute path : user2
18:58:56.108 [main] DEBUG o.h.l.p.b.i.spaces.QuerySpacesImpl - Adding QuerySpace : uid = <gen:2> -> org.hibernate.loader.plan.build.internal.spaces.EntityQuerySpaceImpl@69fe0ed4]
18:58:56.108 [main] DEBUG o.h.p.w.spi.MetamodelGraphWalker - Visiting attribute path : user2.admin
18:58:56.108 [main] DEBUG o.h.p.w.spi.MetamodelGraphWalker - Visiting attribute path : user2.dateOfBirth
18:58:56.108 [main] DEBUG o.h.p.w.spi.MetamodelGraphWalker - Visiting attribute path : user2.mail
18:58:56.108 [main] DEBUG o.h.p.w.spi.MetamodelGraphWalker - Visiting attribute path : user2.name
18:58:56.108 [main] DEBUG o.h.p.w.spi.MetamodelGraphWalker - Visiting attribute path : user2.passwordHash
18:58:56.109 [main] DEBUG o.h.p.w.spi.MetamodelGraphWalker - Visiting attribute path : user2.phone
18:58:56.109 [main] DEBUG o.h.p.w.spi.MetamodelGraphWalker - Visiting attribute path : user2.surname
18:58:56.109 [main] DEBUG o.h.l.p.b.i.FetchStyleLoadPlanBuildingAssociationVisitationStrategy - Building LoadPlan...
18:58:56.109 [main] DEBUG o.h.l.p.e.i.LoadQueryJoinAndFetchProcessor - processing queryspace <gen:0>
18:58:56.110 [main] DEBUG o.h.l.p.b.spi.LoadPlanTreePrinter - LoadPlan(entity=com.frenchies.tennisclub.entity.Booking)
    - Returns
       - EntityReturnImpl(entity=com.frenchies.tennisclub.entity.Booking, querySpaceUid=<gen:0>, path=com.frenchies.tennisclub.entity.Booking)
          - EntityAttributeFetchImpl(entity=com.frenchies.tennisclub.entity.User, querySpaceUid=<gen:1>, path=com.frenchies.tennisclub.entity.Booking.user1)
          - EntityAttributeFetchImpl(entity=com.frenchies.tennisclub.entity.User, querySpaceUid=<gen:2>, path=com.frenchies.tennisclub.entity.Booking.user2)
    - QuerySpaces
       - EntityQuerySpaceImpl(uid=<gen:0>, entity=com.frenchies.tennisclub.entity.Booking)
          - SQL table alias mapping - booking0_
          - alias suffix - 0_
          - suffixed key columns - {idBookin1_0_0_}
          - JOIN (JoinDefinedByMetadata(user1)) : <gen:0> -> <gen:1>
             - EntityQuerySpaceImpl(uid=<gen:1>, entity=com.frenchies.tennisclub.entity.User)
                - SQL table alias mapping - user1_
                - alias suffix - 1_
                - suffixed key columns - {id1_2_1_}
          - JOIN (JoinDefinedByMetadata(user2)) : <gen:0> -> <gen:2>
             - EntityQuerySpaceImpl(uid=<gen:2>, entity=com.frenchies.tennisclub.entity.User)
                - SQL table alias mapping - user2_
                - alias suffix - 2_
                - suffixed key columns - {id1_2_2_}

18:58:56.110 [main] DEBUG o.h.loader.entity.plan.EntityLoader - Static select for entity com.frenchies.tennisclub.entity.Booking [NONE]: select booking0_.idBooking as idBookin1_0_0_, booking0_.dateOfBooking as dateOfBo2_0_0_, booking0_.hourOfBooking as hourOfBo3_0_0_, booking0_.idCourt as idCourt4_0_0_, booking0_.user1_id as user5_0_0_, booking0_.user2_id as user6_0_0_, user1_.id as id1_2_1_, user1_.admin as admin2_2_1_, user1_.dateOfBirth as dateOfBi3_2_1_, user1_.mail as mail4_2_1_, user1_.name as name5_2_1_, user1_.passwordHash as password6_2_1_, user1_.phone as phone7_2_1_, user1_.surname as surname8_2_1_, user2_.id as id1_2_2_, user2_.admin as admin2_2_2_, user2_.dateOfBirth as dateOfBi3_2_2_, user2_.mail as mail4_2_2_, user2_.name as name5_2_2_, user2_.passwordHash as password6_2_2_, user2_.phone as phone7_2_2_, user2_.surname as surname8_2_2_ from Booking booking0_ inner join Users user1_ on booking0_.user1_id=user1_.id inner join Users user2_ on booking0_.user2_id=user2_.id where booking0_.idBooking=?
18:58:56.110 [main] DEBUG o.h.l.p.b.i.spaces.QuerySpacesImpl - Adding QuerySpace : uid = <gen:0> -> org.hibernate.loader.plan.build.internal.spaces.EntityQuerySpaceImpl@698fee9a]
18:58:56.110 [main] DEBUG o.h.p.w.spi.MetamodelGraphWalker - Visiting attribute path : dateOfBooking
18:58:56.110 [main] DEBUG o.h.p.w.spi.MetamodelGraphWalker - Visiting attribute path : hourOfBooking
18:58:56.110 [main] DEBUG o.h.p.w.spi.MetamodelGraphWalker - Visiting attribute path : idCourt
18:58:56.110 [main] DEBUG o.h.p.w.spi.MetamodelGraphWalker - Visiting attribute path : user1
18:58:56.110 [main] DEBUG o.h.l.p.b.i.spaces.QuerySpacesImpl - Adding QuerySpace : uid = <gen:1> -> org.hibernate.loader.plan.build.internal.spaces.EntityQuerySpaceImpl@7d44a19]
18:58:56.110 [main] DEBUG o.h.p.w.spi.MetamodelGraphWalker - Visiting attribute path : user1.admin
18:58:56.110 [main] DEBUG o.h.p.w.spi.MetamodelGraphWalker - Visiting attribute path : user1.dateOfBirth
18:58:56.110 [main] DEBUG o.h.p.w.spi.MetamodelGraphWalker - Visiting attribute path : user1.mail
18:58:56.110 [main] DEBUG o.h.p.w.spi.MetamodelGraphWalker - Visiting attribute path : user1.name
18:58:56.111 [main] DEBUG o.h.p.w.spi.MetamodelGraphWalker - Visiting attribute path : user1.passwordHash
18:58:56.111 [main] DEBUG o.h.p.w.spi.MetamodelGraphWalker - Visiting attribute path : user1.phone
18:58:56.111 [main] DEBUG o.h.p.w.spi.MetamodelGraphWalker - Visiting attribute path : user1.surname
18:58:56.111 [main] DEBUG o.h.p.w.spi.MetamodelGraphWalker - Visiting attribute path : user2
18:58:56.111 [main] DEBUG o.h.l.p.b.i.spaces.QuerySpacesImpl - Adding QuerySpace : uid = <gen:2> -> org.hibernate.loader.plan.build.internal.spaces.EntityQuerySpaceImpl@1716e8c5]
18:58:56.111 [main] DEBUG o.h.p.w.spi.MetamodelGraphWalker - Visiting attribute path : user2.admin
18:58:56.111 [main] DEBUG o.h.p.w.spi.MetamodelGraphWalker - Visiting attribute path : user2.dateOfBirth
18:58:56.111 [main] DEBUG o.h.p.w.spi.MetamodelGraphWalker - Visiting attribute path : user2.mail
18:58:56.111 [main] DEBUG o.h.p.w.spi.MetamodelGraphWalker - Visiting attribute path : user2.name
18:58:56.111 [main] DEBUG o.h.p.w.spi.MetamodelGraphWalker - Visiting attribute path : user2.passwordHash
18:58:56.111 [main] DEBUG o.h.p.w.spi.MetamodelGraphWalker - Visiting attribute path : user2.phone
18:58:56.111 [main] DEBUG o.h.p.w.spi.MetamodelGraphWalker - Visiting attribute path : user2.surname
18:58:56.111 [main] DEBUG o.h.l.p.b.i.FetchStyleLoadPlanBuildingAssociationVisitationStrategy - Building LoadPlan...
18:58:56.111 [main] DEBUG o.h.l.p.e.i.LoadQueryJoinAndFetchProcessor - processing queryspace <gen:0>
18:58:56.112 [main] DEBUG o.h.l.p.b.spi.LoadPlanTreePrinter - LoadPlan(entity=com.frenchies.tennisclub.entity.Booking)
    - Returns
       - EntityReturnImpl(entity=com.frenchies.tennisclub.entity.Booking, querySpaceUid=<gen:0>, path=com.frenchies.tennisclub.entity.Booking)
          - EntityAttributeFetchImpl(entity=com.frenchies.tennisclub.entity.User, querySpaceUid=<gen:1>, path=com.frenchies.tennisclub.entity.Booking.user1)
          - EntityAttributeFetchImpl(entity=com.frenchies.tennisclub.entity.User, querySpaceUid=<gen:2>, path=com.frenchies.tennisclub.entity.Booking.user2)
    - QuerySpaces
       - EntityQuerySpaceImpl(uid=<gen:0>, entity=com.frenchies.tennisclub.entity.Booking)
          - SQL table alias mapping - booking0_
          - alias suffix - 0_
          - suffixed key columns - {idBookin1_0_0_}
          - JOIN (JoinDefinedByMetadata(user1)) : <gen:0> -> <gen:1>
             - EntityQuerySpaceImpl(uid=<gen:1>, entity=com.frenchies.tennisclub.entity.User)
                - SQL table alias mapping - user1_
                - alias suffix - 1_
                - suffixed key columns - {id1_2_1_}
          - JOIN (JoinDefinedByMetadata(user2)) : <gen:0> -> <gen:2>
             - EntityQuerySpaceImpl(uid=<gen:2>, entity=com.frenchies.tennisclub.entity.User)
                - SQL table alias mapping - user2_
                - alias suffix - 2_
                - suffixed key columns - {id1_2_2_}

18:58:56.112 [main] DEBUG o.h.loader.entity.plan.EntityLoader - Static select for entity com.frenchies.tennisclub.entity.Booking [READ]: select booking0_.idBooking as idBookin1_0_0_, booking0_.dateOfBooking as dateOfBo2_0_0_, booking0_.hourOfBooking as hourOfBo3_0_0_, booking0_.idCourt as idCourt4_0_0_, booking0_.user1_id as user5_0_0_, booking0_.user2_id as user6_0_0_, user1_.id as id1_2_1_, user1_.admin as admin2_2_1_, user1_.dateOfBirth as dateOfBi3_2_1_, user1_.mail as mail4_2_1_, user1_.name as name5_2_1_, user1_.passwordHash as password6_2_1_, user1_.phone as phone7_2_1_, user1_.surname as surname8_2_1_, user2_.id as id1_2_2_, user2_.admin as admin2_2_2_, user2_.dateOfBirth as dateOfBi3_2_2_, user2_.mail as mail4_2_2_, user2_.name as name5_2_2_, user2_.passwordHash as password6_2_2_, user2_.phone as phone7_2_2_, user2_.surname as surname8_2_2_ from Booking booking0_ inner join Users user1_ on booking0_.user1_id=user1_.id inner join Users user2_ on booking0_.user2_id=user2_.id where booking0_.idBooking=?
18:58:56.112 [main] DEBUG o.h.l.p.b.i.spaces.QuerySpacesImpl - Adding QuerySpace : uid = <gen:0> -> org.hibernate.loader.plan.build.internal.spaces.EntityQuerySpaceImpl@4052c8c2]
18:58:56.112 [main] DEBUG o.h.p.w.spi.MetamodelGraphWalker - Visiting attribute path : dateOfBooking
18:58:56.112 [main] DEBUG o.h.p.w.spi.MetamodelGraphWalker - Visiting attribute path : hourOfBooking
18:58:56.112 [main] DEBUG o.h.p.w.spi.MetamodelGraphWalker - Visiting attribute path : idCourt
18:58:56.112 [main] DEBUG o.h.p.w.spi.MetamodelGraphWalker - Visiting attribute path : user1
18:58:56.112 [main] DEBUG o.h.l.p.b.i.spaces.QuerySpacesImpl - Adding QuerySpace : uid = <gen:1> -> org.hibernate.loader.plan.build.internal.spaces.EntityQuerySpaceImpl@38eb0f4d]
18:58:56.112 [main] DEBUG o.h.p.w.spi.MetamodelGraphWalker - Visiting attribute path : user2
18:58:56.112 [main] DEBUG o.h.l.p.b.i.spaces.QuerySpacesImpl - Adding QuerySpace : uid = <gen:2> -> org.hibernate.loader.plan.build.internal.spaces.EntityQuerySpaceImpl@437486cd]
18:58:56.112 [main] DEBUG o.h.l.p.b.i.FetchStyleLoadPlanBuildingAssociationVisitationStrategy - Building LoadPlan...
18:58:56.112 [main] DEBUG o.h.l.p.e.i.LoadQueryJoinAndFetchProcessor - processing queryspace <gen:0>
18:58:56.113 [main] DEBUG o.h.l.p.b.spi.LoadPlanTreePrinter - LoadPlan(entity=com.frenchies.tennisclub.entity.Booking)
    - Returns
       - EntityReturnImpl(entity=com.frenchies.tennisclub.entity.Booking, querySpaceUid=<gen:0>, path=com.frenchies.tennisclub.entity.Booking)
          - EntityAttributeFetchImpl(entity=com.frenchies.tennisclub.entity.User, querySpaceUid=<gen:1>, path=com.frenchies.tennisclub.entity.Booking.user1)
          - EntityAttributeFetchImpl(entity=com.frenchies.tennisclub.entity.User, querySpaceUid=<gen:2>, path=com.frenchies.tennisclub.entity.Booking.user2)
    - QuerySpaces
       - EntityQuerySpaceImpl(uid=<gen:0>, entity=com.frenchies.tennisclub.entity.Booking)
          - SQL table alias mapping - booking0_
          - alias suffix - 0_
          - suffixed key columns - {idBookin1_0_0_}

18:58:56.113 [main] DEBUG o.h.loader.entity.plan.EntityLoader - Static select for entity com.frenchies.tennisclub.entity.Booking [UPGRADE]: select booking0_.idBooking as idBookin1_0_0_, booking0_.dateOfBooking as dateOfBo2_0_0_, booking0_.hourOfBooking as hourOfBo3_0_0_, booking0_.idCourt as idCourt4_0_0_, booking0_.user1_id as user5_0_0_, booking0_.user2_id as user6_0_0_ from Booking booking0_ where booking0_.idBooking=? for update with rs
18:58:56.113 [main] DEBUG o.h.l.p.b.i.spaces.QuerySpacesImpl - Adding QuerySpace : uid = <gen:0> -> org.hibernate.loader.plan.build.internal.spaces.EntityQuerySpaceImpl@15b642b9]
18:58:56.113 [main] DEBUG o.h.p.w.spi.MetamodelGraphWalker - Visiting attribute path : dateOfBooking
18:58:56.113 [main] DEBUG o.h.p.w.spi.MetamodelGraphWalker - Visiting attribute path : hourOfBooking
18:58:56.113 [main] DEBUG o.h.p.w.spi.MetamodelGraphWalker - Visiting attribute path : idCourt
18:58:56.113 [main] DEBUG o.h.p.w.spi.MetamodelGraphWalker - Visiting attribute path : user1
18:58:56.113 [main] DEBUG o.h.l.p.b.i.spaces.QuerySpacesImpl - Adding QuerySpace : uid = <gen:1> -> org.hibernate.loader.plan.build.internal.spaces.EntityQuerySpaceImpl@317a118b]
18:58:56.113 [main] DEBUG o.h.p.w.spi.MetamodelGraphWalker - Visiting attribute path : user2
18:58:56.113 [main] DEBUG o.h.l.p.b.i.spaces.QuerySpacesImpl - Adding QuerySpace : uid = <gen:2> -> org.hibernate.loader.plan.build.internal.spaces.EntityQuerySpaceImpl@56dfab87]
18:58:56.113 [main] DEBUG o.h.l.p.b.i.FetchStyleLoadPlanBuildingAssociationVisitationStrategy - Building LoadPlan...
18:58:56.113 [main] DEBUG o.h.l.p.e.i.LoadQueryJoinAndFetchProcessor - processing queryspace <gen:0>
18:58:56.114 [main] DEBUG o.h.l.p.b.spi.LoadPlanTreePrinter - LoadPlan(entity=com.frenchies.tennisclub.entity.Booking)
    - Returns
       - EntityReturnImpl(entity=com.frenchies.tennisclub.entity.Booking, querySpaceUid=<gen:0>, path=com.frenchies.tennisclub.entity.Booking)
          - EntityAttributeFetchImpl(entity=com.frenchies.tennisclub.entity.User, querySpaceUid=<gen:1>, path=com.frenchies.tennisclub.entity.Booking.user1)
          - EntityAttributeFetchImpl(entity=com.frenchies.tennisclub.entity.User, querySpaceUid=<gen:2>, path=com.frenchies.tennisclub.entity.Booking.user2)
    - QuerySpaces
       - EntityQuerySpaceImpl(uid=<gen:0>, entity=com.frenchies.tennisclub.entity.Booking)
          - SQL table alias mapping - booking0_
          - alias suffix - 0_
          - suffixed key columns - {idBookin1_0_0_}

18:58:56.114 [main] DEBUG o.h.loader.entity.plan.EntityLoader - Static select for entity com.frenchies.tennisclub.entity.Booking [UPGRADE_NOWAIT]: select booking0_.idBooking as idBookin1_0_0_, booking0_.dateOfBooking as dateOfBo2_0_0_, booking0_.hourOfBooking as hourOfBo3_0_0_, booking0_.idCourt as idCourt4_0_0_, booking0_.user1_id as user5_0_0_, booking0_.user2_id as user6_0_0_ from Booking booking0_ where booking0_.idBooking=? for update with rs
18:58:56.114 [main] DEBUG o.h.l.p.b.i.spaces.QuerySpacesImpl - Adding QuerySpace : uid = <gen:0> -> org.hibernate.loader.plan.build.internal.spaces.EntityQuerySpaceImpl@715b886f]
18:58:56.114 [main] DEBUG o.h.p.w.spi.MetamodelGraphWalker - Visiting attribute path : dateOfBooking
18:58:56.114 [main] DEBUG o.h.p.w.spi.MetamodelGraphWalker - Visiting attribute path : hourOfBooking
18:58:56.114 [main] DEBUG o.h.p.w.spi.MetamodelGraphWalker - Visiting attribute path : idCourt
18:58:56.114 [main] DEBUG o.h.p.w.spi.MetamodelGraphWalker - Visiting attribute path : user1
18:58:56.114 [main] DEBUG o.h.l.p.b.i.spaces.QuerySpacesImpl - Adding QuerySpace : uid = <gen:1> -> org.hibernate.loader.plan.build.internal.spaces.EntityQuerySpaceImpl@1e253c9d]
18:58:56.114 [main] DEBUG o.h.p.w.spi.MetamodelGraphWalker - Visiting attribute path : user2
18:58:56.114 [main] DEBUG o.h.l.p.b.i.spaces.QuerySpacesImpl - Adding QuerySpace : uid = <gen:2> -> org.hibernate.loader.plan.build.internal.spaces.EntityQuerySpaceImpl@350d3f4d]
18:58:56.114 [main] DEBUG o.h.l.p.b.i.FetchStyleLoadPlanBuildingAssociationVisitationStrategy - Building LoadPlan...
18:58:56.114 [main] DEBUG o.h.l.p.e.i.LoadQueryJoinAndFetchProcessor - processing queryspace <gen:0>
18:58:56.115 [main] DEBUG o.h.l.p.b.spi.LoadPlanTreePrinter - LoadPlan(entity=com.frenchies.tennisclub.entity.Booking)
    - Returns
       - EntityReturnImpl(entity=com.frenchies.tennisclub.entity.Booking, querySpaceUid=<gen:0>, path=com.frenchies.tennisclub.entity.Booking)
          - EntityAttributeFetchImpl(entity=com.frenchies.tennisclub.entity.User, querySpaceUid=<gen:1>, path=com.frenchies.tennisclub.entity.Booking.user1)
          - EntityAttributeFetchImpl(entity=com.frenchies.tennisclub.entity.User, querySpaceUid=<gen:2>, path=com.frenchies.tennisclub.entity.Booking.user2)
    - QuerySpaces
       - EntityQuerySpaceImpl(uid=<gen:0>, entity=com.frenchies.tennisclub.entity.Booking)
          - SQL table alias mapping - booking0_
          - alias suffix - 0_
          - suffixed key columns - {idBookin1_0_0_}

18:58:56.115 [main] DEBUG o.h.loader.entity.plan.EntityLoader - Static select for entity com.frenchies.tennisclub.entity.Booking [UPGRADE_SKIPLOCKED]: select booking0_.idBooking as idBookin1_0_0_, booking0_.dateOfBooking as dateOfBo2_0_0_, booking0_.hourOfBooking as hourOfBo3_0_0_, booking0_.idCourt as idCourt4_0_0_, booking0_.user1_id as user5_0_0_, booking0_.user2_id as user6_0_0_ from Booking booking0_ where booking0_.idBooking=? for update with rs
18:58:56.115 [main] DEBUG o.h.l.p.b.i.spaces.QuerySpacesImpl - Adding QuerySpace : uid = <gen:0> -> org.hibernate.loader.plan.build.internal.spaces.EntityQuerySpaceImpl@18b8d173]
18:58:56.115 [main] DEBUG o.h.p.w.spi.MetamodelGraphWalker - Visiting attribute path : dateOfBooking
18:58:56.115 [main] DEBUG o.h.p.w.spi.MetamodelGraphWalker - Visiting attribute path : hourOfBooking
18:58:56.115 [main] DEBUG o.h.p.w.spi.MetamodelGraphWalker - Visiting attribute path : idCourt
18:58:56.115 [main] DEBUG o.h.p.w.spi.MetamodelGraphWalker - Visiting attribute path : user1
18:58:56.115 [main] DEBUG o.h.l.p.b.i.spaces.QuerySpacesImpl - Adding QuerySpace : uid = <gen:1> -> org.hibernate.loader.plan.build.internal.spaces.EntityQuerySpaceImpl@44f24a20]
18:58:56.115 [main] DEBUG o.h.p.w.spi.MetamodelGraphWalker - Visiting attribute path : user2
18:58:56.115 [main] DEBUG o.h.l.p.b.i.spaces.QuerySpacesImpl - Adding QuerySpace : uid = <gen:2> -> org.hibernate.loader.plan.build.internal.spaces.EntityQuerySpaceImpl@1859e2a4]
18:58:56.115 [main] DEBUG o.h.l.p.b.i.FetchStyleLoadPlanBuildingAssociationVisitationStrategy - Building LoadPlan...
18:58:56.115 [main] DEBUG o.h.l.p.e.i.LoadQueryJoinAndFetchProcessor - processing queryspace <gen:0>
18:58:56.115 [main] DEBUG o.h.l.p.b.spi.LoadPlanTreePrinter - LoadPlan(entity=com.frenchies.tennisclub.entity.Booking)
    - Returns
       - EntityReturnImpl(entity=com.frenchies.tennisclub.entity.Booking, querySpaceUid=<gen:0>, path=com.frenchies.tennisclub.entity.Booking)
          - EntityAttributeFetchImpl(entity=com.frenchies.tennisclub.entity.User, querySpaceUid=<gen:1>, path=com.frenchies.tennisclub.entity.Booking.user1)
          - EntityAttributeFetchImpl(entity=com.frenchies.tennisclub.entity.User, querySpaceUid=<gen:2>, path=com.frenchies.tennisclub.entity.Booking.user2)
    - QuerySpaces
       - EntityQuerySpaceImpl(uid=<gen:0>, entity=com.frenchies.tennisclub.entity.Booking)
          - SQL table alias mapping - booking0_
          - alias suffix - 0_
          - suffixed key columns - {idBookin1_0_0_}

18:58:56.116 [main] DEBUG o.h.loader.entity.plan.EntityLoader - Static select for entity com.frenchies.tennisclub.entity.Booking [FORCE]: select booking0_.idBooking as idBookin1_0_0_, booking0_.dateOfBooking as dateOfBo2_0_0_, booking0_.hourOfBooking as hourOfBo3_0_0_, booking0_.idCourt as idCourt4_0_0_, booking0_.user1_id as user5_0_0_, booking0_.user2_id as user6_0_0_ from Booking booking0_ where booking0_.idBooking=? for update with rs
18:58:56.116 [main] DEBUG o.h.l.p.b.i.spaces.QuerySpacesImpl - Adding QuerySpace : uid = <gen:0> -> org.hibernate.loader.plan.build.internal.spaces.EntityQuerySpaceImpl@46349b95]
18:58:56.116 [main] DEBUG o.h.p.w.spi.MetamodelGraphWalker - Visiting attribute path : dateOfBooking
18:58:56.116 [main] DEBUG o.h.p.w.spi.MetamodelGraphWalker - Visiting attribute path : hourOfBooking
18:58:56.116 [main] DEBUG o.h.p.w.spi.MetamodelGraphWalker - Visiting attribute path : idCourt
18:58:56.116 [main] DEBUG o.h.p.w.spi.MetamodelGraphWalker - Visiting attribute path : user1
18:58:56.116 [main] DEBUG o.h.l.p.b.i.spaces.QuerySpacesImpl - Adding QuerySpace : uid = <gen:1> -> org.hibernate.loader.plan.build.internal.spaces.EntityQuerySpaceImpl@411c6d44]
18:58:56.116 [main] DEBUG o.h.p.w.spi.MetamodelGraphWalker - Visiting attribute path : user2
18:58:56.116 [main] DEBUG o.h.l.p.b.i.spaces.QuerySpacesImpl - Adding QuerySpace : uid = <gen:2> -> org.hibernate.loader.plan.build.internal.spaces.EntityQuerySpaceImpl@1687eb01]
18:58:56.116 [main] DEBUG o.h.l.p.b.i.FetchStyleLoadPlanBuildingAssociationVisitationStrategy - Building LoadPlan...
18:58:56.116 [main] DEBUG o.h.l.p.e.i.LoadQueryJoinAndFetchProcessor - processing queryspace <gen:0>
18:58:56.116 [main] DEBUG o.h.l.p.b.spi.LoadPlanTreePrinter - LoadPlan(entity=com.frenchies.tennisclub.entity.Booking)
    - Returns
       - EntityReturnImpl(entity=com.frenchies.tennisclub.entity.Booking, querySpaceUid=<gen:0>, path=com.frenchies.tennisclub.entity.Booking)
          - EntityAttributeFetchImpl(entity=com.frenchies.tennisclub.entity.User, querySpaceUid=<gen:1>, path=com.frenchies.tennisclub.entity.Booking.user1)
          - EntityAttributeFetchImpl(entity=com.frenchies.tennisclub.entity.User, querySpaceUid=<gen:2>, path=com.frenchies.tennisclub.entity.Booking.user2)
    - QuerySpaces
       - EntityQuerySpaceImpl(uid=<gen:0>, entity=com.frenchies.tennisclub.entity.Booking)
          - SQL table alias mapping - booking0_
          - alias suffix - 0_
          - suffixed key columns - {idBookin1_0_0_}

18:58:56.116 [main] DEBUG o.h.loader.entity.plan.EntityLoader - Static select for entity com.frenchies.tennisclub.entity.Booking [PESSIMISTIC_READ]: select booking0_.idBooking as idBookin1_0_0_, booking0_.dateOfBooking as dateOfBo2_0_0_, booking0_.hourOfBooking as hourOfBo3_0_0_, booking0_.idCourt as idCourt4_0_0_, booking0_.user1_id as user5_0_0_, booking0_.user2_id as user6_0_0_ from Booking booking0_ where booking0_.idBooking=? for read only with rs
18:58:56.117 [main] DEBUG o.h.l.p.b.i.spaces.QuerySpacesImpl - Adding QuerySpace : uid = <gen:0> -> org.hibernate.loader.plan.build.internal.spaces.EntityQuerySpaceImpl@748d2277]
18:58:56.117 [main] DEBUG o.h.p.w.spi.MetamodelGraphWalker - Visiting attribute path : dateOfBooking
18:58:56.117 [main] DEBUG o.h.p.w.spi.MetamodelGraphWalker - Visiting attribute path : hourOfBooking
18:58:56.117 [main] DEBUG o.h.p.w.spi.MetamodelGraphWalker - Visiting attribute path : idCourt
18:58:56.117 [main] DEBUG o.h.p.w.spi.MetamodelGraphWalker - Visiting attribute path : user1
18:58:56.117 [main] DEBUG o.h.l.p.b.i.spaces.QuerySpacesImpl - Adding QuerySpace : uid = <gen:1> -> org.hibernate.loader.plan.build.internal.spaces.EntityQuerySpaceImpl@d5d5353]
18:58:56.117 [main] DEBUG o.h.p.w.spi.MetamodelGraphWalker - Visiting attribute path : user2
18:58:56.117 [main] DEBUG o.h.l.p.b.i.spaces.QuerySpacesImpl - Adding QuerySpace : uid = <gen:2> -> org.hibernate.loader.plan.build.internal.spaces.EntityQuerySpaceImpl@242b6e1a]
18:58:56.117 [main] DEBUG o.h.l.p.b.i.FetchStyleLoadPlanBuildingAssociationVisitationStrategy - Building LoadPlan...
18:58:56.117 [main] DEBUG o.h.l.p.e.i.LoadQueryJoinAndFetchProcessor - processing queryspace <gen:0>
18:58:56.117 [main] DEBUG o.h.l.p.b.spi.LoadPlanTreePrinter - LoadPlan(entity=com.frenchies.tennisclub.entity.Booking)
    - Returns
       - EntityReturnImpl(entity=com.frenchies.tennisclub.entity.Booking, querySpaceUid=<gen:0>, path=com.frenchies.tennisclub.entity.Booking)
          - EntityAttributeFetchImpl(entity=com.frenchies.tennisclub.entity.User, querySpaceUid=<gen:1>, path=com.frenchies.tennisclub.entity.Booking.user1)
          - EntityAttributeFetchImpl(entity=com.frenchies.tennisclub.entity.User, querySpaceUid=<gen:2>, path=com.frenchies.tennisclub.entity.Booking.user2)
    - QuerySpaces
       - EntityQuerySpaceImpl(uid=<gen:0>, entity=com.frenchies.tennisclub.entity.Booking)
          - SQL table alias mapping - booking0_
          - alias suffix - 0_
          - suffixed key columns - {idBookin1_0_0_}

18:58:56.118 [main] DEBUG o.h.loader.entity.plan.EntityLoader - Static select for entity com.frenchies.tennisclub.entity.Booking [PESSIMISTIC_WRITE]: select booking0_.idBooking as idBookin1_0_0_, booking0_.dateOfBooking as dateOfBo2_0_0_, booking0_.hourOfBooking as hourOfBo3_0_0_, booking0_.idCourt as idCourt4_0_0_, booking0_.user1_id as user5_0_0_, booking0_.user2_id as user6_0_0_ from Booking booking0_ where booking0_.idBooking=? for update with rs
18:58:56.118 [main] DEBUG o.h.l.p.b.i.spaces.QuerySpacesImpl - Adding QuerySpace : uid = <gen:0> -> org.hibernate.loader.plan.build.internal.spaces.EntityQuerySpaceImpl@39a87e72]
18:58:56.118 [main] DEBUG o.h.p.w.spi.MetamodelGraphWalker - Visiting attribute path : dateOfBooking
18:58:56.118 [main] DEBUG o.h.p.w.spi.MetamodelGraphWalker - Visiting attribute path : hourOfBooking
18:58:56.118 [main] DEBUG o.h.p.w.spi.MetamodelGraphWalker - Visiting attribute path : idCourt
18:58:56.118 [main] DEBUG o.h.p.w.spi.MetamodelGraphWalker - Visiting attribute path : user1
18:58:56.118 [main] DEBUG o.h.l.p.b.i.spaces.QuerySpacesImpl - Adding QuerySpace : uid = <gen:1> -> org.hibernate.loader.plan.build.internal.spaces.EntityQuerySpaceImpl@3a082ff4]
18:58:56.118 [main] DEBUG o.h.p.w.spi.MetamodelGraphWalker - Visiting attribute path : user2
18:58:56.118 [main] DEBUG o.h.l.p.b.i.spaces.QuerySpacesImpl - Adding QuerySpace : uid = <gen:2> -> org.hibernate.loader.plan.build.internal.spaces.EntityQuerySpaceImpl@45acdd11]
18:58:56.118 [main] DEBUG o.h.l.p.b.i.FetchStyleLoadPlanBuildingAssociationVisitationStrategy - Building LoadPlan...
18:58:56.118 [main] DEBUG o.h.l.p.e.i.LoadQueryJoinAndFetchProcessor - processing queryspace <gen:0>
18:58:56.118 [main] DEBUG o.h.l.p.b.spi.LoadPlanTreePrinter - LoadPlan(entity=com.frenchies.tennisclub.entity.Booking)
    - Returns
       - EntityReturnImpl(entity=com.frenchies.tennisclub.entity.Booking, querySpaceUid=<gen:0>, path=com.frenchies.tennisclub.entity.Booking)
          - EntityAttributeFetchImpl(entity=com.frenchies.tennisclub.entity.User, querySpaceUid=<gen:1>, path=com.frenchies.tennisclub.entity.Booking.user1)
          - EntityAttributeFetchImpl(entity=com.frenchies.tennisclub.entity.User, querySpaceUid=<gen:2>, path=com.frenchies.tennisclub.entity.Booking.user2)
    - QuerySpaces
       - EntityQuerySpaceImpl(uid=<gen:0>, entity=com.frenchies.tennisclub.entity.Booking)
          - SQL table alias mapping - booking0_
          - alias suffix - 0_
          - suffixed key columns - {idBookin1_0_0_}

18:58:56.118 [main] DEBUG o.h.loader.entity.plan.EntityLoader - Static select for entity com.frenchies.tennisclub.entity.Booking [PESSIMISTIC_FORCE_INCREMENT]: select booking0_.idBooking as idBookin1_0_0_, booking0_.dateOfBooking as dateOfBo2_0_0_, booking0_.hourOfBooking as hourOfBo3_0_0_, booking0_.idCourt as idCourt4_0_0_, booking0_.user1_id as user5_0_0_, booking0_.user2_id as user6_0_0_ from Booking booking0_ where booking0_.idBooking=? for update with rs
18:58:56.118 [main] DEBUG o.h.l.p.b.i.spaces.QuerySpacesImpl - Adding QuerySpace : uid = <gen:0> -> org.hibernate.loader.plan.build.internal.spaces.EntityQuerySpaceImpl@3f0d6038]
18:58:56.119 [main] DEBUG o.h.p.w.spi.MetamodelGraphWalker - Visiting attribute path : dateOfBooking
18:58:56.119 [main] DEBUG o.h.p.w.spi.MetamodelGraphWalker - Visiting attribute path : hourOfBooking
18:58:56.119 [main] DEBUG o.h.p.w.spi.MetamodelGraphWalker - Visiting attribute path : idCourt
18:58:56.119 [main] DEBUG o.h.p.w.spi.MetamodelGraphWalker - Visiting attribute path : user1
18:58:56.119 [main] DEBUG o.h.l.p.b.i.spaces.QuerySpacesImpl - Adding QuerySpace : uid = <gen:1> -> org.hibernate.loader.plan.build.internal.spaces.EntityQuerySpaceImpl@58f39564]
18:58:56.119 [main] DEBUG o.h.p.w.spi.MetamodelGraphWalker - Visiting attribute path : user2
18:58:56.119 [main] DEBUG o.h.l.p.b.i.spaces.QuerySpacesImpl - Adding QuerySpace : uid = <gen:2> -> org.hibernate.loader.plan.build.internal.spaces.EntityQuerySpaceImpl@7b948f3e]
18:58:56.119 [main] DEBUG o.h.l.p.b.i.FetchStyleLoadPlanBuildingAssociationVisitationStrategy - Building LoadPlan...
18:58:56.119 [main] DEBUG o.h.l.p.e.i.LoadQueryJoinAndFetchProcessor - processing queryspace <gen:0>
18:58:56.119 [main] DEBUG o.h.l.p.b.spi.LoadPlanTreePrinter - LoadPlan(entity=com.frenchies.tennisclub.entity.Booking)
    - Returns
       - EntityReturnImpl(entity=com.frenchies.tennisclub.entity.Booking, querySpaceUid=<gen:0>, path=com.frenchies.tennisclub.entity.Booking)
          - EntityAttributeFetchImpl(entity=com.frenchies.tennisclub.entity.User, querySpaceUid=<gen:1>, path=com.frenchies.tennisclub.entity.Booking.user1)
          - EntityAttributeFetchImpl(entity=com.frenchies.tennisclub.entity.User, querySpaceUid=<gen:2>, path=com.frenchies.tennisclub.entity.Booking.user2)
    - QuerySpaces
       - EntityQuerySpaceImpl(uid=<gen:0>, entity=com.frenchies.tennisclub.entity.Booking)
          - SQL table alias mapping - booking0_
          - alias suffix - 0_
          - suffixed key columns - {idBookin1_0_0_}

18:58:56.119 [main] DEBUG o.h.loader.entity.plan.EntityLoader - Static select for entity com.frenchies.tennisclub.entity.Booking [OPTIMISTIC]: select booking0_.idBooking as idBookin1_0_0_, booking0_.dateOfBooking as dateOfBo2_0_0_, booking0_.hourOfBooking as hourOfBo3_0_0_, booking0_.idCourt as idCourt4_0_0_, booking0_.user1_id as user5_0_0_, booking0_.user2_id as user6_0_0_ from Booking booking0_ where booking0_.idBooking=?
18:58:56.119 [main] DEBUG o.h.l.p.b.i.spaces.QuerySpacesImpl - Adding QuerySpace : uid = <gen:0> -> org.hibernate.loader.plan.build.internal.spaces.EntityQuerySpaceImpl@2f4c2cd4]
18:58:56.120 [main] DEBUG o.h.p.w.spi.MetamodelGraphWalker - Visiting attribute path : dateOfBooking
18:58:56.120 [main] DEBUG o.h.p.w.spi.MetamodelGraphWalker - Visiting attribute path : hourOfBooking
18:58:56.120 [main] DEBUG o.h.p.w.spi.MetamodelGraphWalker - Visiting attribute path : idCourt
18:58:56.120 [main] DEBUG o.h.p.w.spi.MetamodelGraphWalker - Visiting attribute path : user1
18:58:56.120 [main] DEBUG o.h.l.p.b.i.spaces.QuerySpacesImpl - Adding QuerySpace : uid = <gen:1> -> org.hibernate.loader.plan.build.internal.spaces.EntityQuerySpaceImpl@333c8791]
18:58:56.120 [main] DEBUG o.h.p.w.spi.MetamodelGraphWalker - Visiting attribute path : user2
18:58:56.120 [main] DEBUG o.h.l.p.b.i.spaces.QuerySpacesImpl - Adding QuerySpace : uid = <gen:2> -> org.hibernate.loader.plan.build.internal.spaces.EntityQuerySpaceImpl@6c0e13b7]
18:58:56.120 [main] DEBUG o.h.l.p.b.i.FetchStyleLoadPlanBuildingAssociationVisitationStrategy - Building LoadPlan...
18:58:56.120 [main] DEBUG o.h.l.p.e.i.LoadQueryJoinAndFetchProcessor - processing queryspace <gen:0>
18:58:56.120 [main] DEBUG o.h.l.p.b.spi.LoadPlanTreePrinter - LoadPlan(entity=com.frenchies.tennisclub.entity.Booking)
    - Returns
       - EntityReturnImpl(entity=com.frenchies.tennisclub.entity.Booking, querySpaceUid=<gen:0>, path=com.frenchies.tennisclub.entity.Booking)
          - EntityAttributeFetchImpl(entity=com.frenchies.tennisclub.entity.User, querySpaceUid=<gen:1>, path=com.frenchies.tennisclub.entity.Booking.user1)
          - EntityAttributeFetchImpl(entity=com.frenchies.tennisclub.entity.User, querySpaceUid=<gen:2>, path=com.frenchies.tennisclub.entity.Booking.user2)
    - QuerySpaces
       - EntityQuerySpaceImpl(uid=<gen:0>, entity=com.frenchies.tennisclub.entity.Booking)
          - SQL table alias mapping - booking0_
          - alias suffix - 0_
          - suffixed key columns - {idBookin1_0_0_}

18:58:56.120 [main] DEBUG o.h.loader.entity.plan.EntityLoader - Static select for entity com.frenchies.tennisclub.entity.Booking [OPTIMISTIC_FORCE_INCREMENT]: select booking0_.idBooking as idBookin1_0_0_, booking0_.dateOfBooking as dateOfBo2_0_0_, booking0_.hourOfBooking as hourOfBo3_0_0_, booking0_.idCourt as idCourt4_0_0_, booking0_.user1_id as user5_0_0_, booking0_.user2_id as user6_0_0_ from Booking booking0_ where booking0_.idBooking=?
18:58:56.120 [main] DEBUG org.hibernate.loader.Loader - Static select for action ACTION_MERGE on entity com.frenchies.tennisclub.entity.Booking: select booking0_.idBooking as idBookin1_0_0_, booking0_.dateOfBooking as dateOfBo2_0_0_, booking0_.hourOfBooking as hourOfBo3_0_0_, booking0_.idCourt as idCourt4_0_0_, booking0_.user1_id as user5_0_0_, booking0_.user2_id as user6_0_0_ from Booking booking0_ where booking0_.idBooking=?
18:58:56.121 [main] DEBUG org.hibernate.loader.Loader - Static select for action ACTION_REFRESH on entity com.frenchies.tennisclub.entity.Booking: select booking0_.idBooking as idBookin1_0_0_, booking0_.dateOfBooking as dateOfBo2_0_0_, booking0_.hourOfBooking as hourOfBo3_0_0_, booking0_.idCourt as idCourt4_0_0_, booking0_.user1_id as user5_0_0_, booking0_.user2_id as user6_0_0_ from Booking booking0_ where booking0_.idBooking=?
18:58:56.121 [main] DEBUG o.h.p.entity.AbstractEntityPersister - Static SQL for entity: com.frenchies.tennisclub.entity.Court
18:58:56.121 [main] DEBUG o.h.p.entity.AbstractEntityPersister -  Version select: select idCourt from Court where idCourt =?
18:58:56.121 [main] DEBUG o.h.p.entity.AbstractEntityPersister -  Snapshot select: select court_.idCourt, court_.latitude as latitude2_1_, court_.longitude as longitud3_1_, court_.status as status4_1_, court_.type as type5_1_ from Court court_ where court_.idCourt=?
18:58:56.121 [main] DEBUG o.h.p.entity.AbstractEntityPersister -  Insert 0: insert into Court (latitude, longitude, status, type, idCourt) values (?, ?, ?, ?, ?)
18:58:56.121 [main] DEBUG o.h.p.entity.AbstractEntityPersister -  Update 0: update Court set latitude=?, longitude=?, status=?, type=? where idCourt=?
18:58:56.121 [main] DEBUG o.h.p.entity.AbstractEntityPersister -  Delete 0: delete from Court where idCourt=?
18:58:56.121 [main] DEBUG o.h.p.entity.AbstractEntityPersister -  Identity insert: insert into Court (idCourt, latitude, longitude, status, type) values (default, ?, ?, ?, ?)
18:58:56.121 [main] DEBUG o.h.l.p.b.i.spaces.QuerySpacesImpl - Adding QuerySpace : uid = <gen:0> -> org.hibernate.loader.plan.build.internal.spaces.EntityQuerySpaceImpl@22eaa86e]
18:58:56.121 [main] DEBUG o.h.p.w.spi.MetamodelGraphWalker - Visiting attribute path : latitude
18:58:56.121 [main] DEBUG o.h.p.w.spi.MetamodelGraphWalker - Visiting attribute path : longitude
18:58:56.121 [main] DEBUG o.h.p.w.spi.MetamodelGraphWalker - Visiting attribute path : status
18:58:56.121 [main] DEBUG o.h.p.w.spi.MetamodelGraphWalker - Visiting attribute path : type
18:58:56.121 [main] DEBUG o.h.l.p.b.i.FetchStyleLoadPlanBuildingAssociationVisitationStrategy - Building LoadPlan...
18:58:56.121 [main] DEBUG o.h.l.p.e.i.LoadQueryJoinAndFetchProcessor - processing queryspace <gen:0>
18:58:56.121 [main] DEBUG o.h.l.p.b.spi.LoadPlanTreePrinter - LoadPlan(entity=com.frenchies.tennisclub.entity.Court)
    - Returns
       - EntityReturnImpl(entity=com.frenchies.tennisclub.entity.Court, querySpaceUid=<gen:0>, path=com.frenchies.tennisclub.entity.Court)
    - QuerySpaces
       - EntityQuerySpaceImpl(uid=<gen:0>, entity=com.frenchies.tennisclub.entity.Court)
          - SQL table alias mapping - court0_
          - alias suffix - 0_
          - suffixed key columns - {idCourt1_1_0_}

18:58:56.121 [main] DEBUG o.h.loader.entity.plan.EntityLoader - Static select for entity com.frenchies.tennisclub.entity.Court [NONE]: select court0_.idCourt as idCourt1_1_0_, court0_.latitude as latitude2_1_0_, court0_.longitude as longitud3_1_0_, court0_.status as status4_1_0_, court0_.type as type5_1_0_ from Court court0_ where court0_.idCourt=?
18:58:56.121 [main] DEBUG o.h.l.p.b.i.spaces.QuerySpacesImpl - Adding QuerySpace : uid = <gen:0> -> org.hibernate.loader.plan.build.internal.spaces.EntityQuerySpaceImpl@1cc680e]
18:58:56.122 [main] DEBUG o.h.p.w.spi.MetamodelGraphWalker - Visiting attribute path : latitude
18:58:56.122 [main] DEBUG o.h.p.w.spi.MetamodelGraphWalker - Visiting attribute path : longitude
18:58:56.122 [main] DEBUG o.h.p.w.spi.MetamodelGraphWalker - Visiting attribute path : status
18:58:56.122 [main] DEBUG o.h.p.w.spi.MetamodelGraphWalker - Visiting attribute path : type
18:58:56.122 [main] DEBUG o.h.l.p.b.i.FetchStyleLoadPlanBuildingAssociationVisitationStrategy - Building LoadPlan...
18:58:56.122 [main] DEBUG o.h.l.p.e.i.LoadQueryJoinAndFetchProcessor - processing queryspace <gen:0>
18:58:56.122 [main] DEBUG o.h.l.p.b.spi.LoadPlanTreePrinter - LoadPlan(entity=com.frenchies.tennisclub.entity.Court)
    - Returns
       - EntityReturnImpl(entity=com.frenchies.tennisclub.entity.Court, querySpaceUid=<gen:0>, path=com.frenchies.tennisclub.entity.Court)
    - QuerySpaces
       - EntityQuerySpaceImpl(uid=<gen:0>, entity=com.frenchies.tennisclub.entity.Court)
          - SQL table alias mapping - court0_
          - alias suffix - 0_
          - suffixed key columns - {idCourt1_1_0_}

18:58:56.122 [main] DEBUG o.h.loader.entity.plan.EntityLoader - Static select for entity com.frenchies.tennisclub.entity.Court [READ]: select court0_.idCourt as idCourt1_1_0_, court0_.latitude as latitude2_1_0_, court0_.longitude as longitud3_1_0_, court0_.status as status4_1_0_, court0_.type as type5_1_0_ from Court court0_ where court0_.idCourt=?
18:58:56.122 [main] DEBUG o.h.l.p.b.i.spaces.QuerySpacesImpl - Adding QuerySpace : uid = <gen:0> -> org.hibernate.loader.plan.build.internal.spaces.EntityQuerySpaceImpl@6a1d3225]
18:58:56.122 [main] DEBUG o.h.p.w.spi.MetamodelGraphWalker - Visiting attribute path : latitude
18:58:56.122 [main] DEBUG o.h.p.w.spi.MetamodelGraphWalker - Visiting attribute path : longitude
18:58:56.122 [main] DEBUG o.h.p.w.spi.MetamodelGraphWalker - Visiting attribute path : status
18:58:56.122 [main] DEBUG o.h.p.w.spi.MetamodelGraphWalker - Visiting attribute path : type
18:58:56.122 [main] DEBUG o.h.l.p.b.i.FetchStyleLoadPlanBuildingAssociationVisitationStrategy - Building LoadPlan...
18:58:56.122 [main] DEBUG o.h.l.p.e.i.LoadQueryJoinAndFetchProcessor - processing queryspace <gen:0>
18:58:56.122 [main] DEBUG o.h.l.p.b.spi.LoadPlanTreePrinter - LoadPlan(entity=com.frenchies.tennisclub.entity.Court)
    - Returns
       - EntityReturnImpl(entity=com.frenchies.tennisclub.entity.Court, querySpaceUid=<gen:0>, path=com.frenchies.tennisclub.entity.Court)
    - QuerySpaces
       - EntityQuerySpaceImpl(uid=<gen:0>, entity=com.frenchies.tennisclub.entity.Court)
          - SQL table alias mapping - court0_
          - alias suffix - 0_
          - suffixed key columns - {idCourt1_1_0_}

18:58:56.122 [main] DEBUG o.h.loader.entity.plan.EntityLoader - Static select for entity com.frenchies.tennisclub.entity.Court [UPGRADE]: select court0_.idCourt as idCourt1_1_0_, court0_.latitude as latitude2_1_0_, court0_.longitude as longitud3_1_0_, court0_.status as status4_1_0_, court0_.type as type5_1_0_ from Court court0_ where court0_.idCourt=? for update with rs
18:58:56.123 [main] DEBUG o.h.l.p.b.i.spaces.QuerySpacesImpl - Adding QuerySpace : uid = <gen:0> -> org.hibernate.loader.plan.build.internal.spaces.EntityQuerySpaceImpl@50fb33a]
18:58:56.123 [main] DEBUG o.h.p.w.spi.MetamodelGraphWalker - Visiting attribute path : latitude
18:58:56.123 [main] DEBUG o.h.p.w.spi.MetamodelGraphWalker - Visiting attribute path : longitude
18:58:56.123 [main] DEBUG o.h.p.w.spi.MetamodelGraphWalker - Visiting attribute path : status
18:58:56.123 [main] DEBUG o.h.p.w.spi.MetamodelGraphWalker - Visiting attribute path : type
18:58:56.123 [main] DEBUG o.h.l.p.b.i.FetchStyleLoadPlanBuildingAssociationVisitationStrategy - Building LoadPlan...
18:58:56.123 [main] DEBUG o.h.l.p.e.i.LoadQueryJoinAndFetchProcessor - processing queryspace <gen:0>
18:58:56.123 [main] DEBUG o.h.l.p.b.spi.LoadPlanTreePrinter - LoadPlan(entity=com.frenchies.tennisclub.entity.Court)
    - Returns
       - EntityReturnImpl(entity=com.frenchies.tennisclub.entity.Court, querySpaceUid=<gen:0>, path=com.frenchies.tennisclub.entity.Court)
    - QuerySpaces
       - EntityQuerySpaceImpl(uid=<gen:0>, entity=com.frenchies.tennisclub.entity.Court)
          - SQL table alias mapping - court0_
          - alias suffix - 0_
          - suffixed key columns - {idCourt1_1_0_}

18:58:56.123 [main] DEBUG o.h.loader.entity.plan.EntityLoader - Static select for entity com.frenchies.tennisclub.entity.Court [UPGRADE_NOWAIT]: select court0_.idCourt as idCourt1_1_0_, court0_.latitude as latitude2_1_0_, court0_.longitude as longitud3_1_0_, court0_.status as status4_1_0_, court0_.type as type5_1_0_ from Court court0_ where court0_.idCourt=? for update with rs
18:58:56.123 [main] DEBUG o.h.l.p.b.i.spaces.QuerySpacesImpl - Adding QuerySpace : uid = <gen:0> -> org.hibernate.loader.plan.build.internal.spaces.EntityQuerySpaceImpl@1457fde]
18:58:56.123 [main] DEBUG o.h.p.w.spi.MetamodelGraphWalker - Visiting attribute path : latitude
18:58:56.123 [main] DEBUG o.h.p.w.spi.MetamodelGraphWalker - Visiting attribute path : longitude
18:58:56.123 [main] DEBUG o.h.p.w.spi.MetamodelGraphWalker - Visiting attribute path : status
18:58:56.123 [main] DEBUG o.h.p.w.spi.MetamodelGraphWalker - Visiting attribute path : type
18:58:56.123 [main] DEBUG o.h.l.p.b.i.FetchStyleLoadPlanBuildingAssociationVisitationStrategy - Building LoadPlan...
18:58:56.123 [main] DEBUG o.h.l.p.e.i.LoadQueryJoinAndFetchProcessor - processing queryspace <gen:0>
18:58:56.124 [main] DEBUG o.h.l.p.b.spi.LoadPlanTreePrinter - LoadPlan(entity=com.frenchies.tennisclub.entity.Court)
    - Returns
       - EntityReturnImpl(entity=com.frenchies.tennisclub.entity.Court, querySpaceUid=<gen:0>, path=com.frenchies.tennisclub.entity.Court)
    - QuerySpaces
       - EntityQuerySpaceImpl(uid=<gen:0>, entity=com.frenchies.tennisclub.entity.Court)
          - SQL table alias mapping - court0_
          - alias suffix - 0_
          - suffixed key columns - {idCourt1_1_0_}

18:58:56.124 [main] DEBUG o.h.loader.entity.plan.EntityLoader - Static select for entity com.frenchies.tennisclub.entity.Court [UPGRADE_SKIPLOCKED]: select court0_.idCourt as idCourt1_1_0_, court0_.latitude as latitude2_1_0_, court0_.longitude as longitud3_1_0_, court0_.status as status4_1_0_, court0_.type as type5_1_0_ from Court court0_ where court0_.idCourt=? for update with rs
18:58:56.124 [main] DEBUG o.h.l.p.b.i.spaces.QuerySpacesImpl - Adding QuerySpace : uid = <gen:0> -> org.hibernate.loader.plan.build.internal.spaces.EntityQuerySpaceImpl@17fa1336]
18:58:56.124 [main] DEBUG o.h.p.w.spi.MetamodelGraphWalker - Visiting attribute path : latitude
18:58:56.124 [main] DEBUG o.h.p.w.spi.MetamodelGraphWalker - Visiting attribute path : longitude
18:58:56.124 [main] DEBUG o.h.p.w.spi.MetamodelGraphWalker - Visiting attribute path : status
18:58:56.124 [main] DEBUG o.h.p.w.spi.MetamodelGraphWalker - Visiting attribute path : type
18:58:56.124 [main] DEBUG o.h.l.p.b.i.FetchStyleLoadPlanBuildingAssociationVisitationStrategy - Building LoadPlan...
18:58:56.124 [main] DEBUG o.h.l.p.e.i.LoadQueryJoinAndFetchProcessor - processing queryspace <gen:0>
18:58:56.124 [main] DEBUG o.h.l.p.b.spi.LoadPlanTreePrinter - LoadPlan(entity=com.frenchies.tennisclub.entity.Court)
    - Returns
       - EntityReturnImpl(entity=com.frenchies.tennisclub.entity.Court, querySpaceUid=<gen:0>, path=com.frenchies.tennisclub.entity.Court)
    - QuerySpaces
       - EntityQuerySpaceImpl(uid=<gen:0>, entity=com.frenchies.tennisclub.entity.Court)
          - SQL table alias mapping - court0_
          - alias suffix - 0_
          - suffixed key columns - {idCourt1_1_0_}

18:58:56.124 [main] DEBUG o.h.loader.entity.plan.EntityLoader - Static select for entity com.frenchies.tennisclub.entity.Court [FORCE]: select court0_.idCourt as idCourt1_1_0_, court0_.latitude as latitude2_1_0_, court0_.longitude as longitud3_1_0_, court0_.status as status4_1_0_, court0_.type as type5_1_0_ from Court court0_ where court0_.idCourt=? for update with rs
18:58:56.124 [main] DEBUG o.h.l.p.b.i.spaces.QuerySpacesImpl - Adding QuerySpace : uid = <gen:0> -> org.hibernate.loader.plan.build.internal.spaces.EntityQuerySpaceImpl@68b9834c]
18:58:56.124 [main] DEBUG o.h.p.w.spi.MetamodelGraphWalker - Visiting attribute path : latitude
18:58:56.124 [main] DEBUG o.h.p.w.spi.MetamodelGraphWalker - Visiting attribute path : longitude
18:58:56.124 [main] DEBUG o.h.p.w.spi.MetamodelGraphWalker - Visiting attribute path : status
18:58:56.124 [main] DEBUG o.h.p.w.spi.MetamodelGraphWalker - Visiting attribute path : type
18:58:56.124 [main] DEBUG o.h.l.p.b.i.FetchStyleLoadPlanBuildingAssociationVisitationStrategy - Building LoadPlan...
18:58:56.124 [main] DEBUG o.h.l.p.e.i.LoadQueryJoinAndFetchProcessor - processing queryspace <gen:0>
18:58:56.125 [main] DEBUG o.h.l.p.b.spi.LoadPlanTreePrinter - LoadPlan(entity=com.frenchies.tennisclub.entity.Court)
    - Returns
       - EntityReturnImpl(entity=com.frenchies.tennisclub.entity.Court, querySpaceUid=<gen:0>, path=com.frenchies.tennisclub.entity.Court)
    - QuerySpaces
       - EntityQuerySpaceImpl(uid=<gen:0>, entity=com.frenchies.tennisclub.entity.Court)
          - SQL table alias mapping - court0_
          - alias suffix - 0_
          - suffixed key columns - {idCourt1_1_0_}

18:58:56.125 [main] DEBUG o.h.loader.entity.plan.EntityLoader - Static select for entity com.frenchies.tennisclub.entity.Court [PESSIMISTIC_READ]: select court0_.idCourt as idCourt1_1_0_, court0_.latitude as latitude2_1_0_, court0_.longitude as longitud3_1_0_, court0_.status as status4_1_0_, court0_.type as type5_1_0_ from Court court0_ where court0_.idCourt=? for read only with rs
18:58:56.125 [main] DEBUG o.h.l.p.b.i.spaces.QuerySpacesImpl - Adding QuerySpace : uid = <gen:0> -> org.hibernate.loader.plan.build.internal.spaces.EntityQuerySpaceImpl@671d1157]
18:58:56.125 [main] DEBUG o.h.p.w.spi.MetamodelGraphWalker - Visiting attribute path : latitude
18:58:56.125 [main] DEBUG o.h.p.w.spi.MetamodelGraphWalker - Visiting attribute path : longitude
18:58:56.125 [main] DEBUG o.h.p.w.spi.MetamodelGraphWalker - Visiting attribute path : status
18:58:56.125 [main] DEBUG o.h.p.w.spi.MetamodelGraphWalker - Visiting attribute path : type
18:58:56.125 [main] DEBUG o.h.l.p.b.i.FetchStyleLoadPlanBuildingAssociationVisitationStrategy - Building LoadPlan...
18:58:56.125 [main] DEBUG o.h.l.p.e.i.LoadQueryJoinAndFetchProcessor - processing queryspace <gen:0>
18:58:56.125 [main] DEBUG o.h.l.p.b.spi.LoadPlanTreePrinter - LoadPlan(entity=com.frenchies.tennisclub.entity.Court)
    - Returns
       - EntityReturnImpl(entity=com.frenchies.tennisclub.entity.Court, querySpaceUid=<gen:0>, path=com.frenchies.tennisclub.entity.Court)
    - QuerySpaces
       - EntityQuerySpaceImpl(uid=<gen:0>, entity=com.frenchies.tennisclub.entity.Court)
          - SQL table alias mapping - court0_
          - alias suffix - 0_
          - suffixed key columns - {idCourt1_1_0_}

18:58:56.125 [main] DEBUG o.h.loader.entity.plan.EntityLoader - Static select for entity com.frenchies.tennisclub.entity.Court [PESSIMISTIC_WRITE]: select court0_.idCourt as idCourt1_1_0_, court0_.latitude as latitude2_1_0_, court0_.longitude as longitud3_1_0_, court0_.status as status4_1_0_, court0_.type as type5_1_0_ from Court court0_ where court0_.idCourt=? for update with rs
18:58:56.125 [main] DEBUG o.h.l.p.b.i.spaces.QuerySpacesImpl - Adding QuerySpace : uid = <gen:0> -> org.hibernate.loader.plan.build.internal.spaces.EntityQuerySpaceImpl@44cffc25]
18:58:56.125 [main] DEBUG o.h.p.w.spi.MetamodelGraphWalker - Visiting attribute path : latitude
18:58:56.125 [main] DEBUG o.h.p.w.spi.MetamodelGraphWalker - Visiting attribute path : longitude
18:58:56.125 [main] DEBUG o.h.p.w.spi.MetamodelGraphWalker - Visiting attribute path : status
18:58:56.125 [main] DEBUG o.h.p.w.spi.MetamodelGraphWalker - Visiting attribute path : type
18:58:56.125 [main] DEBUG o.h.l.p.b.i.FetchStyleLoadPlanBuildingAssociationVisitationStrategy - Building LoadPlan...
18:58:56.125 [main] DEBUG o.h.l.p.e.i.LoadQueryJoinAndFetchProcessor - processing queryspace <gen:0>
18:58:56.126 [main] DEBUG o.h.l.p.b.spi.LoadPlanTreePrinter - LoadPlan(entity=com.frenchies.tennisclub.entity.Court)
    - Returns
       - EntityReturnImpl(entity=com.frenchies.tennisclub.entity.Court, querySpaceUid=<gen:0>, path=com.frenchies.tennisclub.entity.Court)
    - QuerySpaces
       - EntityQuerySpaceImpl(uid=<gen:0>, entity=com.frenchies.tennisclub.entity.Court)
          - SQL table alias mapping - court0_
          - alias suffix - 0_
          - suffixed key columns - {idCourt1_1_0_}

18:58:56.126 [main] DEBUG o.h.loader.entity.plan.EntityLoader - Static select for entity com.frenchies.tennisclub.entity.Court [PESSIMISTIC_FORCE_INCREMENT]: select court0_.idCourt as idCourt1_1_0_, court0_.latitude as latitude2_1_0_, court0_.longitude as longitud3_1_0_, court0_.status as status4_1_0_, court0_.type as type5_1_0_ from Court court0_ where court0_.idCourt=? for update with rs
18:58:56.126 [main] DEBUG o.h.l.p.b.i.spaces.QuerySpacesImpl - Adding QuerySpace : uid = <gen:0> -> org.hibernate.loader.plan.build.internal.spaces.EntityQuerySpaceImpl@25aeb5ac]
18:58:56.126 [main] DEBUG o.h.p.w.spi.MetamodelGraphWalker - Visiting attribute path : latitude
18:58:56.126 [main] DEBUG o.h.p.w.spi.MetamodelGraphWalker - Visiting attribute path : longitude
18:58:56.126 [main] DEBUG o.h.p.w.spi.MetamodelGraphWalker - Visiting attribute path : status
18:58:56.126 [main] DEBUG o.h.p.w.spi.MetamodelGraphWalker - Visiting attribute path : type
18:58:56.126 [main] DEBUG o.h.l.p.b.i.FetchStyleLoadPlanBuildingAssociationVisitationStrategy - Building LoadPlan...
18:58:56.126 [main] DEBUG o.h.l.p.e.i.LoadQueryJoinAndFetchProcessor - processing queryspace <gen:0>
18:58:56.126 [main] DEBUG o.h.l.p.b.spi.LoadPlanTreePrinter - LoadPlan(entity=com.frenchies.tennisclub.entity.Court)
    - Returns
       - EntityReturnImpl(entity=com.frenchies.tennisclub.entity.Court, querySpaceUid=<gen:0>, path=com.frenchies.tennisclub.entity.Court)
    - QuerySpaces
       - EntityQuerySpaceImpl(uid=<gen:0>, entity=com.frenchies.tennisclub.entity.Court)
          - SQL table alias mapping - court0_
          - alias suffix - 0_
          - suffixed key columns - {idCourt1_1_0_}

18:58:56.126 [main] DEBUG o.h.loader.entity.plan.EntityLoader - Static select for entity com.frenchies.tennisclub.entity.Court [OPTIMISTIC]: select court0_.idCourt as idCourt1_1_0_, court0_.latitude as latitude2_1_0_, court0_.longitude as longitud3_1_0_, court0_.status as status4_1_0_, court0_.type as type5_1_0_ from Court court0_ where court0_.idCourt=?
18:58:56.127 [main] DEBUG o.h.l.p.b.i.spaces.QuerySpacesImpl - Adding QuerySpace : uid = <gen:0> -> org.hibernate.loader.plan.build.internal.spaces.EntityQuerySpaceImpl@3bd2af5b]
18:58:56.127 [main] DEBUG o.h.p.w.spi.MetamodelGraphWalker - Visiting attribute path : latitude
18:58:56.127 [main] DEBUG o.h.p.w.spi.MetamodelGraphWalker - Visiting attribute path : longitude
18:58:56.127 [main] DEBUG o.h.p.w.spi.MetamodelGraphWalker - Visiting attribute path : status
18:58:56.127 [main] DEBUG o.h.p.w.spi.MetamodelGraphWalker - Visiting attribute path : type
18:58:56.127 [main] DEBUG o.h.l.p.b.i.FetchStyleLoadPlanBuildingAssociationVisitationStrategy - Building LoadPlan...
18:58:56.127 [main] DEBUG o.h.l.p.e.i.LoadQueryJoinAndFetchProcessor - processing queryspace <gen:0>
18:58:56.127 [main] DEBUG o.h.l.p.b.spi.LoadPlanTreePrinter - LoadPlan(entity=com.frenchies.tennisclub.entity.Court)
    - Returns
       - EntityReturnImpl(entity=com.frenchies.tennisclub.entity.Court, querySpaceUid=<gen:0>, path=com.frenchies.tennisclub.entity.Court)
    - QuerySpaces
       - EntityQuerySpaceImpl(uid=<gen:0>, entity=com.frenchies.tennisclub.entity.Court)
          - SQL table alias mapping - court0_
          - alias suffix - 0_
          - suffixed key columns - {idCourt1_1_0_}

18:58:56.127 [main] DEBUG o.h.loader.entity.plan.EntityLoader - Static select for entity com.frenchies.tennisclub.entity.Court [OPTIMISTIC_FORCE_INCREMENT]: select court0_.idCourt as idCourt1_1_0_, court0_.latitude as latitude2_1_0_, court0_.longitude as longitud3_1_0_, court0_.status as status4_1_0_, court0_.type as type5_1_0_ from Court court0_ where court0_.idCourt=?
18:58:56.128 [main] DEBUG org.hibernate.loader.Loader - Static select for action ACTION_MERGE on entity com.frenchies.tennisclub.entity.Court: select court0_.idCourt as idCourt1_1_0_, court0_.latitude as latitude2_1_0_, court0_.longitude as longitud3_1_0_, court0_.status as status4_1_0_, court0_.type as type5_1_0_ from Court court0_ where court0_.idCourt=?
18:58:56.128 [main] DEBUG org.hibernate.loader.Loader - Static select for action ACTION_REFRESH on entity com.frenchies.tennisclub.entity.Court: select court0_.idCourt as idCourt1_1_0_, court0_.latitude as latitude2_1_0_, court0_.longitude as longitud3_1_0_, court0_.status as status4_1_0_, court0_.type as type5_1_0_ from Court court0_ where court0_.idCourt=?
18:58:56.130 [main] DEBUG o.h.internal.SessionFactoryRegistry - Initializing SessionFactoryRegistry : org.hibernate.internal.SessionFactoryRegistry@2f84acf7
18:58:56.130 [main] DEBUG o.h.internal.SessionFactoryRegistry - Registering SessionFactory: 7cb9e553-d889-4828-98db-6559a8cd7aab (<unnamed>)
18:58:56.130 [main] DEBUG o.h.internal.SessionFactoryRegistry - Not binding SessionFactory to JNDI, no JNDI name configured
18:58:56.130 [main] DEBUG o.h.internal.SessionFactoryImpl - Instantiated session factory
18:58:56.135 [main] DEBUG org.hibernate.cfg.Configuration - Processing hbm.xml files
18:58:56.135 [main] DEBUG org.hibernate.cfg.Configuration - Process annotated classes
18:58:56.135 [main] DEBUG org.hibernate.cfg.Configuration - Processing fk mappings (*ToOne and JoinedSubclass)
18:58:56.135 [main] DEBUG org.hibernate.cfg.Configuration - Processing extends queue
18:58:56.135 [main] DEBUG org.hibernate.cfg.Configuration - Processing extends queue
18:58:56.135 [main] DEBUG org.hibernate.cfg.Configuration - Processing collection mappings
18:58:56.135 [main] DEBUG org.hibernate.cfg.Configuration - Processing native query and ResultSetMapping mappings
18:58:56.135 [main] DEBUG org.hibernate.cfg.Configuration - Processing association property references
18:58:56.135 [main] DEBUG org.hibernate.cfg.Configuration - Creating tables' unique integer identifiers
18:58:56.135 [main] DEBUG org.hibernate.cfg.Configuration - Processing foreign key constraints
18:58:56.135 [main] DEBUG org.hibernate.cfg.Configuration - Resolving reference to class: com.frenchies.tennisclub.entity.User
18:58:56.135 [main] DEBUG org.hibernate.cfg.Configuration - Resolving reference to class: com.frenchies.tennisclub.entity.User
18:58:56.136 [main] DEBUG o.h.i.f.i.DefaultIdentifierGeneratorFactory - Setting dialect [org.hibernate.dialect.DerbyTenSevenDialect]
18:58:56.136 [main] DEBUG o.h.i.f.i.DefaultIdentifierGeneratorFactory - Setting dialect [org.hibernate.dialect.DerbyTenSevenDialect]
18:58:56.136 [main] DEBUG o.h.i.f.i.DefaultIdentifierGeneratorFactory - Setting dialect [org.hibernate.dialect.DerbyTenSevenDialect]
18:58:56.136 [main] DEBUG org.hibernate.cfg.Configuration - Processing hbm.xml files
18:58:56.136 [main] DEBUG org.hibernate.cfg.Configuration - Process annotated classes
18:58:56.136 [main] DEBUG org.hibernate.cfg.Configuration - Processing fk mappings (*ToOne and JoinedSubclass)
18:58:56.136 [main] DEBUG org.hibernate.cfg.Configuration - Processing extends queue
18:58:56.136 [main] DEBUG org.hibernate.cfg.Configuration - Processing extends queue
18:58:56.136 [main] DEBUG org.hibernate.cfg.Configuration - Processing collection mappings
18:58:56.136 [main] DEBUG org.hibernate.cfg.Configuration - Processing native query and ResultSetMapping mappings
18:58:56.136 [main] DEBUG org.hibernate.cfg.Configuration - Processing association property references
18:58:56.136 [main] DEBUG org.hibernate.cfg.Configuration - Creating tables' unique integer identifiers
18:58:56.136 [main] DEBUG org.hibernate.cfg.Configuration - Processing foreign key constraints
18:58:56.136 [main] DEBUG org.hibernate.cfg.Configuration - Resolving reference to class: com.frenchies.tennisclub.entity.User
18:58:56.136 [main] DEBUG org.hibernate.cfg.Configuration - Resolving reference to class: com.frenchies.tennisclub.entity.User
18:58:56.136 [main] DEBUG o.h.i.f.i.DefaultIdentifierGeneratorFactory - Setting dialect [org.hibernate.dialect.DerbyTenSevenDialect]
18:58:56.137 [main] DEBUG o.h.i.f.i.DefaultIdentifierGeneratorFactory - Setting dialect [org.hibernate.dialect.DerbyTenSevenDialect]
18:58:56.137 [main] DEBUG o.h.i.f.i.DefaultIdentifierGeneratorFactory - Setting dialect [org.hibernate.dialect.DerbyTenSevenDialect]
18:58:56.138 [main] DEBUG o.h.i.f.i.DefaultIdentifierGeneratorFactory - Setting dialect [org.hibernate.dialect.DerbyTenSevenDialect]
18:58:56.138 [main] DEBUG o.h.i.f.i.DefaultIdentifierGeneratorFactory - Setting dialect [org.hibernate.dialect.DerbyTenSevenDialect]
18:58:56.139 [main] DEBUG o.h.i.f.i.DefaultIdentifierGeneratorFactory - Setting dialect [org.hibernate.dialect.DerbyTenSevenDialect]
18:58:56.140 [main] INFO  o.h.tool.hbm2ddl.SchemaExport - HHH000227: Running hbm2ddl schema export
18:58:56.140 [main] DEBUG o.h.tool.hbm2ddl.SchemaExport - Import file not found: /import.sql
18:58:56.141 [main] DEBUG o.s.j.d.SimpleDriverDataSource - Creating new JDBC Driver Connection to [jdbc:derby:memory:testdb;create=true]
18:58:56.143 [main] DEBUG org.hibernate.SQL - 
    alter table Booking 
        drop constraint FK_lmol5h11bykg4uwy61b6cifhw
Hibernate: 
    alter table Booking 
        drop constraint FK_lmol5h11bykg4uwy61b6cifhw
18:58:56.153 [main] ERROR o.h.tool.hbm2ddl.SchemaExport - HHH000389: Unsuccessful: alter table Booking drop constraint FK_lmol5h11bykg4uwy61b6cifhw
18:58:56.153 [main] ERROR o.h.tool.hbm2ddl.SchemaExport - Schema 'SA' does not exist
18:58:56.153 [main] DEBUG org.hibernate.SQL - 
    alter table Booking 
        drop constraint FK_q2d49fbae7fc7vcyt1pnwgtvu
Hibernate: 
    alter table Booking 
        drop constraint FK_q2d49fbae7fc7vcyt1pnwgtvu
18:58:56.153 [main] ERROR o.h.tool.hbm2ddl.SchemaExport - HHH000389: Unsuccessful: alter table Booking drop constraint FK_q2d49fbae7fc7vcyt1pnwgtvu
18:58:56.153 [main] ERROR o.h.tool.hbm2ddl.SchemaExport - Schema 'SA' does not exist
18:58:56.153 [main] DEBUG org.hibernate.SQL - 
    drop table Booking
Hibernate: 
    drop table Booking
18:58:56.154 [main] ERROR o.h.tool.hbm2ddl.SchemaExport - HHH000389: Unsuccessful: drop table Booking
18:58:56.154 [main] ERROR o.h.tool.hbm2ddl.SchemaExport - Schema 'SA' does not exist
18:58:56.154 [main] DEBUG org.hibernate.SQL - 
    drop table Court
Hibernate: 
    drop table Court
18:58:56.155 [main] ERROR o.h.tool.hbm2ddl.SchemaExport - HHH000389: Unsuccessful: drop table Court
18:58:56.155 [main] ERROR o.h.tool.hbm2ddl.SchemaExport - Schema 'SA' does not exist
18:58:56.155 [main] DEBUG org.hibernate.SQL - 
    drop table Users
Hibernate: 
    drop table Users
18:58:56.155 [main] ERROR o.h.tool.hbm2ddl.SchemaExport - HHH000389: Unsuccessful: drop table Users
18:58:56.155 [main] ERROR o.h.tool.hbm2ddl.SchemaExport - Schema 'SA' does not exist
18:58:56.156 [main] DEBUG org.hibernate.SQL - 
    create table Booking (
        idBooking bigint generated by default as identity,
        dateOfBooking timestamp not null,
        hourOfBooking varchar(255) not null,
        idCourt bigint not null,
        user1_id bigint not null,
        user2_id bigint not null,
        primary key (idBooking)
    )
Hibernate: 
    create table Booking (
        idBooking bigint generated by default as identity,
        dateOfBooking timestamp not null,
        hourOfBooking varchar(255) not null,
        idCourt bigint not null,
        user1_id bigint not null,
        user2_id bigint not null,
        primary key (idBooking)
    )
18:58:56.185 [main] DEBUG org.hibernate.SQL - 
    create table Court (
        idCourt bigint generated by default as identity,
        latitude float not null,
        longitude float not null,
        status varchar(255) not null,
        type varchar(255) not null,
        primary key (idCourt)
    )
Hibernate: 
    create table Court (
        idCourt bigint generated by default as identity,
        latitude float not null,
        longitude float not null,
        status varchar(255) not null,
        type varchar(255) not null,
        primary key (idCourt)
    )
18:58:56.193 [main] DEBUG org.hibernate.SQL - 
    create table Users (
        id bigint generated by default as identity,
        admin boolean not null,
        dateOfBirth date not null,
        mail varchar(255) not null,
        name varchar(255) not null,
        passwordHash varchar(255),
        phone varchar(255) not null,
        surname varchar(255) not null,
        primary key (id)
    )
Hibernate: 
    create table Users (
        id bigint generated by default as identity,
        admin boolean not null,
        dateOfBirth date not null,
        mail varchar(255) not null,
        name varchar(255) not null,
        passwordHash varchar(255),
        phone varchar(255) not null,
        surname varchar(255) not null,
        primary key (id)
    )
18:58:56.200 [main] DEBUG org.hibernate.SQL - 
    alter table Users 
        add constraint UK_4lksqvm90j64k5ohpk4ydcfhu unique (mail)
Hibernate: 
    alter table Users 
        add constraint UK_4lksqvm90j64k5ohpk4ydcfhu unique (mail)
18:58:56.210 [main] DEBUG org.hibernate.SQL - 
    alter table Booking 
        add constraint FK_lmol5h11bykg4uwy61b6cifhw 
        foreign key (user1_id) 
        references Users
Hibernate: 
    alter table Booking 
        add constraint FK_lmol5h11bykg4uwy61b6cifhw 
        foreign key (user1_id) 
        references Users
18:58:56.225 [main] DEBUG org.hibernate.SQL - 
    alter table Booking 
        add constraint FK_q2d49fbae7fc7vcyt1pnwgtvu 
        foreign key (user2_id) 
        references Users
Hibernate: 
    alter table Booking 
        add constraint FK_q2d49fbae7fc7vcyt1pnwgtvu 
        foreign key (user2_id) 
        references Users
18:58:56.244 [main] DEBUG o.h.e.jdbc.spi.SqlExceptionHelper - SQL Warning
java.sql.SQLWarning: Database 'memory:testdb' not created, connection made to existing database instead.
	at org.apache.derby.iapi.error.SQLWarningFactory.newSQLWarning(Unknown Source) ~[derby-10.10.2.0.jar:na]
	at org.apache.derby.iapi.error.SQLWarningFactory.newSQLWarning(Unknown Source) ~[derby-10.10.2.0.jar:na]
	at org.apache.derby.impl.jdbc.EmbedConnection.<init>(Unknown Source) ~[derby-10.10.2.0.jar:na]
	at org.apache.derby.impl.jdbc.EmbedConnection40.<init>(Unknown Source) ~[derby-10.10.2.0.jar:na]
	at org.apache.derby.jdbc.Driver40.getNewEmbedConnection(Unknown Source) ~[derby-10.10.2.0.jar:na]
	at org.apache.derby.jdbc.InternalDriver.connect(Unknown Source) ~[derby-10.10.2.0.jar:na]
	at org.apache.derby.jdbc.Driver20.connect(Unknown Source) ~[derby-10.10.2.0.jar:na]
	at org.apache.derby.jdbc.EmbeddedDriver.connect(Unknown Source) ~[derby-10.10.2.0.jar:na]
	at org.springframework.jdbc.datasource.SimpleDriverDataSource.getConnectionFromDriver(SimpleDriverDataSource.java:140) ~[spring-jdbc-4.1.8.RELEASE.jar:4.1.8.RELEASE]
	at org.springframework.jdbc.datasource.AbstractDriverBasedDataSource.getConnectionFromDriver(AbstractDriverBasedDataSource.java:155) ~[spring-jdbc-4.1.8.RELEASE.jar:4.1.8.RELEASE]
	at org.springframework.jdbc.datasource.AbstractDriverBasedDataSource.getConnection(AbstractDriverBasedDataSource.java:120) ~[spring-jdbc-4.1.8.RELEASE.jar:4.1.8.RELEASE]
	at org.springframework.jdbc.datasource.embedded.EmbeddedDatabaseFactory$EmbeddedDataSourceProxy.getConnection(EmbeddedDatabaseFactory.java:204) ~[spring-jdbc-4.1.8.RELEASE.jar:4.1.8.RELEASE]
	at org.hibernate.engine.jdbc.connections.internal.DatasourceConnectionProviderImpl.getConnection(DatasourceConnectionProviderImpl.java:139) ~[hibernate-core-4.3.11.Final.jar:4.3.11.Final]
	at org.hibernate.tool.hbm2ddl.SuppliedConnectionProviderConnectionHelper.prepare(SuppliedConnectionProviderConnectionHelper.java:51) ~[hibernate-core-4.3.11.Final.jar:4.3.11.Final]
	at org.hibernate.tool.hbm2ddl.DatabaseExporter.<init>(DatabaseExporter.java:52) ~[hibernate-core-4.3.11.Final.jar:4.3.11.Final]
	at org.hibernate.tool.hbm2ddl.SchemaExport.execute(SchemaExport.java:368) ~[hibernate-core-4.3.11.Final.jar:4.3.11.Final]
	at org.hibernate.tool.hbm2ddl.SchemaExport.create(SchemaExport.java:305) ~[hibernate-core-4.3.11.Final.jar:4.3.11.Final]
	at org.hibernate.tool.hbm2ddl.SchemaExport.create(SchemaExport.java:294) ~[hibernate-core-4.3.11.Final.jar:4.3.11.Final]
	at org.hibernate.internal.SessionFactoryImpl.<init>(SessionFactoryImpl.java:517) ~[hibernate-core-4.3.11.Final.jar:4.3.11.Final]
	at org.hibernate.cfg.Configuration.buildSessionFactory(Configuration.java:1859) [hibernate-core-4.3.11.Final.jar:4.3.11.Final]
	at org.hibernate.jpa.boot.internal.EntityManagerFactoryBuilderImpl$4.perform(EntityManagerFactoryBuilderImpl.java:857) [hibernate-entitymanager-4.3.11.Final.jar:4.3.11.Final]
	at org.hibernate.jpa.boot.internal.EntityManagerFactoryBuilderImpl$4.perform(EntityManagerFactoryBuilderImpl.java:850) [hibernate-entitymanager-4.3.11.Final.jar:4.3.11.Final]
	at org.hibernate.boot.registry.classloading.internal.ClassLoaderServiceImpl.withTccl(ClassLoaderServiceImpl.java:425) [hibernate-core-4.3.11.Final.jar:4.3.11.Final]
	at org.hibernate.jpa.boot.internal.EntityManagerFactoryBuilderImpl.build(EntityManagerFactoryBuilderImpl.java:849) [hibernate-entitymanager-4.3.11.Final.jar:4.3.11.Final]
	at org.hibernate.jpa.HibernatePersistenceProvider.createContainerEntityManagerFactory(HibernatePersistenceProvider.java:152) [hibernate-entitymanager-4.3.11.Final.jar:4.3.11.Final]
	at org.springframework.orm.jpa.LocalContainerEntityManagerFactoryBean.createNativeEntityManagerFactory(LocalContainerEntityManagerFactoryBean.java:343) [spring-orm-4.1.8.RELEASE.jar:4.1.8.RELEASE]
	at org.springframework.orm.jpa.AbstractEntityManagerFactoryBean.afterPropertiesSet(AbstractEntityManagerFactoryBean.java:318) [spring-orm-4.1.8.RELEASE.jar:4.1.8.RELEASE]
	at org.springframework.beans.factory.support.AbstractAutowireCapableBeanFactory.invokeInitMethods(AbstractAutowireCapableBeanFactory.java:1631) [spring-beans-4.1.8.RELEASE.jar:4.1.8.RELEASE]
	at org.springframework.beans.factory.support.AbstractAutowireCapableBeanFactory.initializeBean(AbstractAutowireCapableBeanFactory.java:1568) [spring-beans-4.1.8.RELEASE.jar:4.1.8.RELEASE]
	at org.springframework.beans.factory.support.AbstractAutowireCapableBeanFactory.doCreateBean(AbstractAutowireCapableBeanFactory.java:539) [spring-beans-4.1.8.RELEASE.jar:4.1.8.RELEASE]
	at org.springframework.beans.factory.support.AbstractAutowireCapableBeanFactory.createBean(AbstractAutowireCapableBeanFactory.java:476) [spring-beans-4.1.8.RELEASE.jar:4.1.8.RELEASE]
	at org.springframework.beans.factory.support.AbstractBeanFactory$1.getObject(AbstractBeanFactory.java:303) [spring-beans-4.1.8.RELEASE.jar:4.1.8.RELEASE]
	at org.springframework.beans.factory.support.DefaultSingletonBeanRegistry.getSingleton(DefaultSingletonBeanRegistry.java:230) [spring-beans-4.1.8.RELEASE.jar:4.1.8.RELEASE]
	at org.springframework.beans.factory.support.AbstractBeanFactory.doGetBean(AbstractBeanFactory.java:299) [spring-beans-4.1.8.RELEASE.jar:4.1.8.RELEASE]
	at org.springframework.beans.factory.support.AbstractBeanFactory.getBean(AbstractBeanFactory.java:194) [spring-beans-4.1.8.RELEASE.jar:4.1.8.RELEASE]
	at org.springframework.context.support.AbstractApplicationContext.getBean(AbstractApplicationContext.java:960) [spring-context-4.1.8.RELEASE.jar:4.1.8.RELEASE]
	at org.springframework.context.support.AbstractApplicationContext.finishBeanFactoryInitialization(AbstractApplicationContext.java:749) [spring-context-4.1.8.RELEASE.jar:4.1.8.RELEASE]
	at org.springframework.context.support.AbstractApplicationContext.refresh(AbstractApplicationContext.java:480) [spring-context-4.1.8.RELEASE.jar:4.1.8.RELEASE]
	at org.springframework.test.context.support.AbstractGenericContextLoader.loadContext(AbstractGenericContextLoader.java:125) [spring-test-4.1.8.RELEASE.jar:4.1.8.RELEASE]
	at org.springframework.test.context.support.AbstractGenericContextLoader.loadContext(AbstractGenericContextLoader.java:60) [spring-test-4.1.8.RELEASE.jar:4.1.8.RELEASE]
	at org.springframework.test.context.support.AbstractDelegatingSmartContextLoader.delegateLoading(AbstractDelegatingSmartContextLoader.java:109) [spring-test-4.1.8.RELEASE.jar:4.1.8.RELEASE]
	at org.springframework.test.context.support.AbstractDelegatingSmartContextLoader.loadContext(AbstractDelegatingSmartContextLoader.java:261) [spring-test-4.1.8.RELEASE.jar:4.1.8.RELEASE]
	at org.springframework.test.context.DefaultCacheAwareContextLoaderDelegate.loadContextInternal(DefaultCacheAwareContextLoaderDelegate.java:68) [spring-test-4.1.8.RELEASE.jar:4.1.8.RELEASE]
	at org.springframework.test.context.DefaultCacheAwareContextLoaderDelegate.loadContext(DefaultCacheAwareContextLoaderDelegate.java:86) [spring-test-4.1.8.RELEASE.jar:4.1.8.RELEASE]
	at org.springframework.test.context.DefaultTestContext.getApplicationContext(DefaultTestContext.java:72) [spring-test-4.1.8.RELEASE.jar:4.1.8.RELEASE]
	at org.springframework.test.context.support.DependencyInjectionTestExecutionListener.injectDependencies(DependencyInjectionTestExecutionListener.java:117) [spring-test-4.1.8.RELEASE.jar:4.1.8.RELEASE]
	at org.springframework.test.context.support.DependencyInjectionTestExecutionListener.prepareTestInstance(DependencyInjectionTestExecutionListener.java:83) [spring-test-4.1.8.RELEASE.jar:4.1.8.RELEASE]
	at org.springframework.test.context.TestContextManager.prepareTestInstance(TestContextManager.java:212) [spring-test-4.1.8.RELEASE.jar:4.1.8.RELEASE]
	at org.springframework.test.context.testng.AbstractTestNGSpringContextTests.springTestContextPrepareTestInstance(AbstractTestNGSpringContextTests.java:145) [spring-test-4.1.8.RELEASE.jar:4.1.8.RELEASE]
	at sun.reflect.NativeMethodAccessorImpl.invoke0(Native Method) ~[na:1.8.0_151]
	at sun.reflect.NativeMethodAccessorImpl.invoke(NativeMethodAccessorImpl.java:62) ~[na:1.8.0_151]
	at sun.reflect.DelegatingMethodAccessorImpl.invoke(DelegatingMethodAccessorImpl.java:43) ~[na:1.8.0_151]
	at java.lang.reflect.Method.invoke(Method.java:498) ~[na:1.8.0_151]
	at org.testng.internal.MethodInvocationHelper.invokeMethod(MethodInvocationHelper.java:84) [testng-6.8.8.jar:na]
	at org.testng.internal.Invoker.invokeConfigurationMethod(Invoker.java:564) [testng-6.8.8.jar:na]
	at org.testng.internal.Invoker.invokeConfigurations(Invoker.java:213) [testng-6.8.8.jar:na]
	at org.testng.internal.Invoker.invokeConfigurations(Invoker.java:138) [testng-6.8.8.jar:na]
	at org.testng.internal.TestMethodWorker.invokeBeforeClassMethods(TestMethodWorker.java:175) [testng-6.8.8.jar:na]
	at org.testng.internal.TestMethodWorker.run(TestMethodWorker.java:107) [testng-6.8.8.jar:na]
	at org.testng.TestRunner.privateRun(TestRunner.java:767) [testng-6.8.8.jar:na]
	at org.testng.TestRunner.run(TestRunner.java:617) [testng-6.8.8.jar:na]
	at org.testng.SuiteRunner.runTest(SuiteRunner.java:348) [testng-6.8.8.jar:na]
	at org.testng.SuiteRunner.runSequentially(SuiteRunner.java:343) [testng-6.8.8.jar:na]
	at org.testng.SuiteRunner.privateRun(SuiteRunner.java:305) [testng-6.8.8.jar:na]
	at org.testng.SuiteRunner.run(SuiteRunner.java:254) [testng-6.8.8.jar:na]
	at org.testng.SuiteRunnerWorker.runSuite(SuiteRunnerWorker.java:52) [testng-6.8.8.jar:na]
	at org.testng.SuiteRunnerWorker.run(SuiteRunnerWorker.java:86) [testng-6.8.8.jar:na]
	at org.testng.TestNG.runSuitesSequentially(TestNG.java:1224) [testng-6.8.8.jar:na]
	at org.testng.TestNG.runSuitesLocally(TestNG.java:1149) [testng-6.8.8.jar:na]
	at org.testng.TestNG.run(TestNG.java:1057) [testng-6.8.8.jar:na]
	at org.apache.maven.surefire.testng.TestNGExecutor.run(TestNGExecutor.java:115) [surefire-testng-2.17.jar:2.17]
	at org.apache.maven.surefire.testng.TestNGDirectoryTestSuite.executeMulti(TestNGDirectoryTestSuite.java:204) [surefire-testng-2.17.jar:2.17]
	at org.apache.maven.surefire.testng.TestNGDirectoryTestSuite.execute(TestNGDirectoryTestSuite.java:107) [surefire-testng-2.17.jar:2.17]
	at org.apache.maven.surefire.testng.TestNGProvider.invoke(TestNGProvider.java:112) [surefire-testng-2.17.jar:2.17]
	at org.apache.maven.surefire.booter.ForkedBooter.invokeProviderInSameClassLoader(ForkedBooter.java:200) [surefire-booter-2.17.jar:2.17]
	at org.apache.maven.surefire.booter.ForkedBooter.runSuitesInProcess(ForkedBooter.java:153) [surefire-booter-2.17.jar:2.17]
	at org.apache.maven.surefire.booter.ForkedBooter.main(ForkedBooter.java:103) [surefire-booter-2.17.jar:2.17]
18:58:56.245 [main] WARN  o.h.e.jdbc.spi.SqlExceptionHelper - SQL Warning Code: 10000, SQLState: 01J01
18:58:56.245 [main] WARN  o.h.e.jdbc.spi.SqlExceptionHelper - Database 'memory:testdb' not created, connection made to existing database instead.
18:58:56.245 [main] INFO  o.h.tool.hbm2ddl.SchemaExport - HHH000230: Schema export complete
18:58:56.246 [main] DEBUG o.h.internal.NamedQueryRepository - Checking 0 named HQL queries
18:58:56.246 [main] DEBUG o.h.internal.NamedQueryRepository - Checking 0 named SQL queries
18:58:56.250 [main] DEBUG o.h.s.internal.StatisticsInitiator - Statistics initialized [enabled=false]
18:58:56.253 [main] DEBUG o.h.j.i.schemagen.JpaSchemaGenerator - No actions specified; doing nothing
18:58:56.278 [main] DEBUG o.h.j.i.EntityManagerFactoryRegistry - Initializing EntityManagerFactoryRegistry : org.hibernate.jpa.internal.EntityManagerFactoryRegistry@69d23296
18:58:56.278 [main] DEBUG o.h.j.i.EntityManagerFactoryRegistry - Registering EntityManagerFactory: default 
18:58:56.280 [main] DEBUG o.s.b.f.s.DefaultListableBeanFactory - Returning cached instance of singleton bean 'org.springframework.transaction.config.internalTransactionAdvisor'
18:58:56.281 [main] DEBUG o.s.b.f.s.DefaultListableBeanFactory - Finished creating instance of bean 'entityManagerFactory'
18:58:56.281 [main] DEBUG o.s.b.f.s.DefaultListableBeanFactory - Pre-instantiating singletons in org.springframework.beans.factory.support.DefaultListableBeanFactory@3e2e18f2: defining beans [org.springframework.context.annotation.internalConfigurationAnnotationProcessor,org.springframework.context.annotation.internalAutowiredAnnotationProcessor,org.springframework.context.annotation.internalRequiredAnnotationProcessor,org.springframework.context.annotation.internalCommonAnnotationProcessor,org.springframework.context.annotation.internalPersistenceAnnotationProcessor,serviceConfiguration,org.springframework.context.annotation.ConfigurationClassPostProcessor.importAwareProcessor,org.springframework.context.annotation.ConfigurationClassPostProcessor.enhancedConfigurationProcessor,bookingFacadeImpl,userFacadeImpl,courtFacadeImpl,userServiceImpl,bookingServiceImpl,timeServiceImpl,courtServiceImpl,beanMappingServiceImpl,bookingDaoImpl,courtDaoImpl,userDaoImpl,org.springframework.transaction.annotation.ProxyTransactionManagementConfiguration,org.springframework.transaction.config.internalTransactionAdvisor,transactionAttributeSource,transactionInterceptor,com.frenchies.tennisclub.PersistenceSampleApplicationContext,transactionManager,instrumentationLoadTimeWeaver,db,localValidatorFactoryBean,entityManagerFactory,org.springframework.aop.config.internalAutoProxyCreator,org.springframework.data.jpa.repository.config.JpaRepositoryConfigExtension#0,org.springframework.data.repository.core.support.RepositoryInterfaceAwareBeanPostProcessor,foo,jpaMappingContext,dozer,org.springframework.orm.jpa.SharedEntityManagerCreator#0]; root of factory hierarchy
18:58:56.281 [main] DEBUG o.s.b.f.s.DefaultListableBeanFactory - Returning cached instance of singleton bean 'org.springframework.context.annotation.internalConfigurationAnnotationProcessor'
18:58:56.281 [main] DEBUG o.s.b.f.s.DefaultListableBeanFactory - Returning cached instance of singleton bean 'org.springframework.context.annotation.internalAutowiredAnnotationProcessor'
18:58:56.281 [main] DEBUG o.s.b.f.s.DefaultListableBeanFactory - Returning cached instance of singleton bean 'org.springframework.context.annotation.internalRequiredAnnotationProcessor'
18:58:56.281 [main] DEBUG o.s.b.f.s.DefaultListableBeanFactory - Returning cached instance of singleton bean 'org.springframework.context.annotation.internalCommonAnnotationProcessor'
18:58:56.281 [main] DEBUG o.s.b.f.s.DefaultListableBeanFactory - Returning cached instance of singleton bean 'org.springframework.context.annotation.internalPersistenceAnnotationProcessor'
18:58:56.282 [main] DEBUG o.s.b.f.s.DefaultListableBeanFactory - Creating shared instance of singleton bean 'serviceConfiguration'
18:58:56.282 [main] DEBUG o.s.b.f.s.DefaultListableBeanFactory - Creating instance of bean 'serviceConfiguration'
18:58:56.282 [main] DEBUG o.s.b.f.s.DefaultListableBeanFactory - Eagerly caching bean 'serviceConfiguration' to allow for resolving potential circular references
18:58:56.284 [main] DEBUG o.s.b.f.s.DefaultListableBeanFactory - Returning cached instance of singleton bean 'org.springframework.transaction.config.internalTransactionAdvisor'
18:58:56.284 [main] DEBUG o.s.b.f.s.DefaultListableBeanFactory - Finished creating instance of bean 'serviceConfiguration'
18:58:56.284 [main] DEBUG o.s.b.f.s.DefaultListableBeanFactory - Returning cached instance of singleton bean 'org.springframework.context.annotation.ConfigurationClassPostProcessor.importAwareProcessor'
18:58:56.284 [main] DEBUG o.s.b.f.s.DefaultListableBeanFactory - Returning cached instance of singleton bean 'org.springframework.context.annotation.ConfigurationClassPostProcessor.enhancedConfigurationProcessor'
18:58:56.284 [main] DEBUG o.s.b.f.s.DefaultListableBeanFactory - Creating shared instance of singleton bean 'bookingFacadeImpl'
18:58:56.284 [main] DEBUG o.s.b.f.s.DefaultListableBeanFactory - Creating instance of bean 'bookingFacadeImpl'
18:58:56.286 [main] DEBUG o.s.b.f.annotation.InjectionMetadata - Registered injected element on class [com.frenchies.tennisclub.service.facade.BookingFacadeImpl]: AutowiredFieldElement for private com.frenchies.tennisclub.service.BookingService com.frenchies.tennisclub.service.facade.BookingFacadeImpl.bookingService
18:58:56.286 [main] DEBUG o.s.b.f.annotation.InjectionMetadata - Registered injected element on class [com.frenchies.tennisclub.service.facade.BookingFacadeImpl]: AutowiredFieldElement for private com.frenchies.tennisclub.service.UserService com.frenchies.tennisclub.service.facade.BookingFacadeImpl.userService
18:58:56.286 [main] DEBUG o.s.b.f.annotation.InjectionMetadata - Registered injected element on class [com.frenchies.tennisclub.service.facade.BookingFacadeImpl]: AutowiredFieldElement for private com.frenchies.tennisclub.mappers.BeanMappingService com.frenchies.tennisclub.service.facade.BookingFacadeImpl.beanMappingService
18:58:56.286 [main] DEBUG o.s.b.f.s.DefaultListableBeanFactory - Eagerly caching bean 'bookingFacadeImpl' to allow for resolving potential circular references
18:58:56.287 [main] DEBUG o.s.b.f.annotation.InjectionMetadata - Processing injected element of bean 'bookingFacadeImpl': AutowiredFieldElement for private com.frenchies.tennisclub.service.BookingService com.frenchies.tennisclub.service.facade.BookingFacadeImpl.bookingService
18:58:56.289 [main] DEBUG o.s.b.f.s.DefaultListableBeanFactory - Creating shared instance of singleton bean 'bookingServiceImpl'
18:58:56.289 [main] DEBUG o.s.b.f.s.DefaultListableBeanFactory - Creating instance of bean 'bookingServiceImpl'
18:58:56.290 [main] DEBUG o.s.b.f.annotation.InjectionMetadata - Registered injected element on class [com.frenchies.tennisclub.service.BookingServiceImpl]: AutowiredFieldElement for private com.frenchies.tennisclub.dao.BookingDao com.frenchies.tennisclub.service.BookingServiceImpl.BookingDao
18:58:56.290 [main] DEBUG o.s.b.f.annotation.InjectionMetadata - Registered injected element on class [com.frenchies.tennisclub.service.BookingServiceImpl]: AutowiredFieldElement for private com.frenchies.tennisclub.service.TimeService com.frenchies.tennisclub.service.BookingServiceImpl.timeService
18:58:56.290 [main] DEBUG o.s.b.f.s.DefaultListableBeanFactory - Eagerly caching bean 'bookingServiceImpl' to allow for resolving potential circular references
18:58:56.291 [main] DEBUG o.s.b.f.annotation.InjectionMetadata - Processing injected element of bean 'bookingServiceImpl': AutowiredFieldElement for private com.frenchies.tennisclub.dao.BookingDao com.frenchies.tennisclub.service.BookingServiceImpl.BookingDao
18:58:56.292 [main] DEBUG o.s.b.f.s.DefaultListableBeanFactory - Creating shared instance of singleton bean 'bookingDaoImpl'
18:58:56.292 [main] DEBUG o.s.b.f.s.DefaultListableBeanFactory - Creating instance of bean 'bookingDaoImpl'
18:58:56.294 [main] DEBUG o.s.b.f.annotation.InjectionMetadata - Registered injected element on class [com.frenchies.tennisclub.dao.BookingDaoImpl]: PersistenceElement for private javax.persistence.EntityManager com.frenchies.tennisclub.dao.BookingDaoImpl.em
18:58:56.294 [main] DEBUG o.s.b.f.s.DefaultListableBeanFactory - Eagerly caching bean 'bookingDaoImpl' to allow for resolving potential circular references
18:58:56.295 [main] DEBUG o.s.b.f.annotation.InjectionMetadata - Processing injected element of bean 'bookingDaoImpl': PersistenceElement for private javax.persistence.EntityManager com.frenchies.tennisclub.dao.BookingDaoImpl.em
18:58:56.296 [main] DEBUG o.s.b.f.s.DefaultListableBeanFactory - Returning cached instance of singleton bean 'entityManagerFactory'
18:58:56.296 [main] DEBUG o.s.b.f.s.DefaultListableBeanFactory - Returning cached instance of singleton bean 'org.springframework.transaction.config.internalTransactionAdvisor'
18:58:56.302 [main] DEBUG o.s.b.f.s.DefaultListableBeanFactory - Returning cached instance of singleton bean 'org.springframework.transaction.config.internalTransactionAdvisor'
18:58:56.304 [main] DEBUG o.s.t.a.AnnotationTransactionAttributeSource - Adding transactional method 'BookingDaoImpl.getBookingsCreatedBetween' with attribute: PROPAGATION_REQUIRED,ISOLATION_DEFAULT; ''
18:58:56.307 [main] DEBUG o.s.a.f.a.InfrastructureAdvisorAutoProxyCreator - Creating implicit proxy for bean 'bookingDaoImpl' with 0 common interceptors and 1 specific interceptors
18:58:56.307 [main] DEBUG o.s.aop.framework.JdkDynamicAopProxy - Creating JDK dynamic proxy: target source is SingletonTargetSource for target object [com.frenchies.tennisclub.dao.BookingDaoImpl@4d266391]
18:58:56.310 [main] DEBUG o.s.b.f.s.DefaultListableBeanFactory - Finished creating instance of bean 'bookingDaoImpl'
18:58:56.310 [main] DEBUG o.s.b.f.a.AutowiredAnnotationBeanPostProcessor - Autowiring by type from bean name 'bookingServiceImpl' to bean named 'bookingDaoImpl'
18:58:56.310 [main] DEBUG o.s.b.f.annotation.InjectionMetadata - Processing injected element of bean 'bookingServiceImpl': AutowiredFieldElement for private com.frenchies.tennisclub.service.TimeService com.frenchies.tennisclub.service.BookingServiceImpl.timeService
18:58:56.311 [main] DEBUG o.s.b.f.s.DefaultListableBeanFactory - Creating shared instance of singleton bean 'timeServiceImpl'
18:58:56.311 [main] DEBUG o.s.b.f.s.DefaultListableBeanFactory - Creating instance of bean 'timeServiceImpl'
18:58:56.311 [main] DEBUG o.s.b.f.s.DefaultListableBeanFactory - Eagerly caching bean 'timeServiceImpl' to allow for resolving potential circular references
18:58:56.312 [main] DEBUG o.s.b.f.s.DefaultListableBeanFactory - Returning cached instance of singleton bean 'org.springframework.transaction.config.internalTransactionAdvisor'
18:58:56.313 [main] DEBUG o.s.b.f.s.DefaultListableBeanFactory - Finished creating instance of bean 'timeServiceImpl'
18:58:56.313 [main] DEBUG o.s.b.f.a.AutowiredAnnotationBeanPostProcessor - Autowiring by type from bean name 'bookingServiceImpl' to bean named 'timeServiceImpl'
18:58:56.313 [main] DEBUG o.s.b.f.s.DefaultListableBeanFactory - Returning cached instance of singleton bean 'org.springframework.transaction.config.internalTransactionAdvisor'
18:58:56.314 [main] DEBUG o.s.b.f.s.DefaultListableBeanFactory - Finished creating instance of bean 'bookingServiceImpl'
18:58:56.314 [main] DEBUG o.s.b.f.a.AutowiredAnnotationBeanPostProcessor - Autowiring by type from bean name 'bookingFacadeImpl' to bean named 'bookingServiceImpl'
18:58:56.314 [main] DEBUG o.s.b.f.annotation.InjectionMetadata - Processing injected element of bean 'bookingFacadeImpl': AutowiredFieldElement for private com.frenchies.tennisclub.service.UserService com.frenchies.tennisclub.service.facade.BookingFacadeImpl.userService
18:58:56.314 [main] DEBUG o.s.b.f.s.DefaultListableBeanFactory - Creating shared instance of singleton bean 'userServiceImpl'
18:58:56.314 [main] DEBUG o.s.b.f.s.DefaultListableBeanFactory - Creating instance of bean 'userServiceImpl'
18:58:56.315 [main] DEBUG o.s.b.f.annotation.InjectionMetadata - Registered injected element on class [com.frenchies.tennisclub.service.UserServiceImpl]: AutowiredFieldElement for private com.frenchies.tennisclub.dao.UserDao com.frenchies.tennisclub.service.UserServiceImpl.userDao
18:58:56.315 [main] DEBUG o.s.b.f.s.DefaultListableBeanFactory - Eagerly caching bean 'userServiceImpl' to allow for resolving potential circular references
18:58:56.316 [main] DEBUG o.s.b.f.annotation.InjectionMetadata - Processing injected element of bean 'userServiceImpl': AutowiredFieldElement for private com.frenchies.tennisclub.dao.UserDao com.frenchies.tennisclub.service.UserServiceImpl.userDao
18:58:56.316 [main] DEBUG o.s.b.f.s.DefaultListableBeanFactory - Creating shared instance of singleton bean 'userDaoImpl'
18:58:56.316 [main] DEBUG o.s.b.f.s.DefaultListableBeanFactory - Creating instance of bean 'userDaoImpl'
18:58:56.316 [main] DEBUG o.s.b.f.annotation.InjectionMetadata - Registered injected element on class [com.frenchies.tennisclub.dao.UserDaoImpl]: PersistenceElement for private javax.persistence.EntityManager com.frenchies.tennisclub.dao.UserDaoImpl.em
18:58:56.317 [main] DEBUG o.s.b.f.s.DefaultListableBeanFactory - Eagerly caching bean 'userDaoImpl' to allow for resolving potential circular references
18:58:56.317 [main] DEBUG o.s.b.f.annotation.InjectionMetadata - Processing injected element of bean 'userDaoImpl': PersistenceElement for private javax.persistence.EntityManager com.frenchies.tennisclub.dao.UserDaoImpl.em
18:58:56.317 [main] DEBUG o.s.b.f.s.DefaultListableBeanFactory - Returning cached instance of singleton bean 'entityManagerFactory'
18:58:56.318 [main] DEBUG o.s.b.f.s.DefaultListableBeanFactory - Returning cached instance of singleton bean 'org.springframework.transaction.config.internalTransactionAdvisor'
18:58:56.318 [main] DEBUG o.s.b.f.s.DefaultListableBeanFactory - Finished creating instance of bean 'userDaoImpl'
18:58:56.318 [main] DEBUG o.s.b.f.a.AutowiredAnnotationBeanPostProcessor - Autowiring by type from bean name 'userServiceImpl' to bean named 'userDaoImpl'
18:58:56.318 [main] DEBUG o.s.b.f.s.DefaultListableBeanFactory - Returning cached instance of singleton bean 'org.springframework.transaction.config.internalTransactionAdvisor'
18:58:56.319 [main] DEBUG o.s.b.f.s.DefaultListableBeanFactory - Finished creating instance of bean 'userServiceImpl'
18:58:56.319 [main] DEBUG o.s.b.f.a.AutowiredAnnotationBeanPostProcessor - Autowiring by type from bean name 'bookingFacadeImpl' to bean named 'userServiceImpl'
18:58:56.319 [main] DEBUG o.s.b.f.annotation.InjectionMetadata - Processing injected element of bean 'bookingFacadeImpl': AutowiredFieldElement for private com.frenchies.tennisclub.mappers.BeanMappingService com.frenchies.tennisclub.service.facade.BookingFacadeImpl.beanMappingService
18:58:56.319 [main] DEBUG o.s.b.f.s.DefaultListableBeanFactory - Creating shared instance of singleton bean 'beanMappingServiceImpl'
18:58:56.319 [main] DEBUG o.s.b.f.s.DefaultListableBeanFactory - Creating instance of bean 'beanMappingServiceImpl'
18:58:56.320 [main] DEBUG o.s.b.f.annotation.InjectionMetadata - Registered injected element on class [com.frenchies.tennisclub.mappers.BeanMappingServiceImpl]: AutowiredFieldElement for private org.dozer.Mapper com.frenchies.tennisclub.mappers.BeanMappingServiceImpl.dozer
18:58:56.320 [main] DEBUG o.s.b.f.s.DefaultListableBeanFactory - Eagerly caching bean 'beanMappingServiceImpl' to allow for resolving potential circular references
18:58:56.321 [main] DEBUG o.s.b.f.annotation.InjectionMetadata - Processing injected element of bean 'beanMappingServiceImpl': AutowiredFieldElement for private org.dozer.Mapper com.frenchies.tennisclub.mappers.BeanMappingServiceImpl.dozer
18:58:56.321 [main] DEBUG o.s.b.f.s.DefaultListableBeanFactory - Creating shared instance of singleton bean 'dozer'
18:58:56.321 [main] DEBUG o.s.b.f.s.DefaultListableBeanFactory - Creating instance of bean 'dozer'
18:58:56.321 [main] DEBUG o.s.b.f.s.DefaultListableBeanFactory - Returning cached instance of singleton bean 'serviceConfiguration'
18:58:56.329 [main] INFO  org.dozer.config.GlobalSettings - Trying to find Dozer configuration file: dozer.properties
18:58:56.333 [main] WARN  org.dozer.config.GlobalSettings - Dozer configuration file not found: dozer.properties.  Using defaults for all Dozer global properties.
18:58:56.334 [main] INFO  org.dozer.DozerInitializer - Initializing Dozer. Version: 5.5.0, Thread Name: main
18:58:56.336 [main] INFO  org.dozer.jmx.JMXPlatformImpl - Dozer JMX MBean [org.dozer.jmx:type=DozerStatisticsController] auto registered with the Platform MBean Server
18:58:56.337 [main] INFO  org.dozer.jmx.JMXPlatformImpl - Dozer JMX MBean [org.dozer.jmx:type=DozerAdminController] auto registered with the Platform MBean Server
18:58:56.337 [main] INFO  org.dozer.DozerBeanMapper - Initializing a new instance of dozer bean mapper.
18:58:56.343 [main] DEBUG o.s.b.f.s.DefaultListableBeanFactory - Eagerly caching bean 'dozer' to allow for resolving potential circular references
18:58:56.346 [main] DEBUG o.s.b.f.s.DefaultListableBeanFactory - Returning cached instance of singleton bean 'org.springframework.transaction.config.internalTransactionAdvisor'
18:58:56.347 [main] DEBUG o.s.b.f.s.DefaultListableBeanFactory - Finished creating instance of bean 'dozer'
18:58:56.347 [main] DEBUG o.s.b.f.a.AutowiredAnnotationBeanPostProcessor - Autowiring by type from bean name 'beanMappingServiceImpl' to bean named 'dozer'
18:58:56.347 [main] DEBUG o.s.b.f.s.DefaultListableBeanFactory - Returning cached instance of singleton bean 'org.springframework.transaction.config.internalTransactionAdvisor'
18:58:56.347 [main] DEBUG o.s.b.f.s.DefaultListableBeanFactory - Finished creating instance of bean 'beanMappingServiceImpl'
18:58:56.347 [main] DEBUG o.s.b.f.a.AutowiredAnnotationBeanPostProcessor - Autowiring by type from bean name 'bookingFacadeImpl' to bean named 'beanMappingServiceImpl'
18:58:56.347 [main] DEBUG o.s.b.f.s.DefaultListableBeanFactory - Returning cached instance of singleton bean 'org.springframework.transaction.config.internalTransactionAdvisor'
18:58:56.348 [main] DEBUG o.s.t.a.AnnotationTransactionAttributeSource - Adding transactional method 'BookingFacadeImpl.getAllBookingsLastWeek' with attribute: PROPAGATION_REQUIRED,ISOLATION_DEFAULT; ''
18:58:56.348 [main] DEBUG o.s.a.f.a.InfrastructureAdvisorAutoProxyCreator - Creating implicit proxy for bean 'bookingFacadeImpl' with 0 common interceptors and 1 specific interceptors
18:58:56.348 [main] DEBUG o.s.aop.framework.JdkDynamicAopProxy - Creating JDK dynamic proxy: target source is SingletonTargetSource for target object [com.frenchies.tennisclub.service.facade.BookingFacadeImpl@557a84fe]
18:58:56.350 [main] DEBUG o.s.b.f.s.DefaultListableBeanFactory - Finished creating instance of bean 'bookingFacadeImpl'
18:58:56.350 [main] DEBUG o.s.b.f.s.DefaultListableBeanFactory - Creating shared instance of singleton bean 'userFacadeImpl'
18:58:56.350 [main] DEBUG o.s.b.f.s.DefaultListableBeanFactory - Creating instance of bean 'userFacadeImpl'
18:58:56.351 [main] DEBUG o.s.b.f.annotation.InjectionMetadata - Registered injected element on class [com.frenchies.tennisclub.service.facade.UserFacadeImpl]: AutowiredFieldElement for private com.frenchies.tennisclub.service.UserService com.frenchies.tennisclub.service.facade.UserFacadeImpl.userService
18:58:56.351 [main] DEBUG o.s.b.f.annotation.InjectionMetadata - Registered injected element on class [com.frenchies.tennisclub.service.facade.UserFacadeImpl]: AutowiredFieldElement for private com.frenchies.tennisclub.mappers.BeanMappingServiceImpl com.frenchies.tennisclub.service.facade.UserFacadeImpl.beanMappingService
18:58:56.351 [main] DEBUG o.s.b.f.s.DefaultListableBeanFactory - Eagerly caching bean 'userFacadeImpl' to allow for resolving potential circular references
18:58:56.352 [main] DEBUG o.s.b.f.annotation.InjectionMetadata - Processing injected element of bean 'userFacadeImpl': AutowiredFieldElement for private com.frenchies.tennisclub.service.UserService com.frenchies.tennisclub.service.facade.UserFacadeImpl.userService
18:58:56.352 [main] DEBUG o.s.b.f.s.DefaultListableBeanFactory - Returning cached instance of singleton bean 'userServiceImpl'
18:58:56.352 [main] DEBUG o.s.b.f.a.AutowiredAnnotationBeanPostProcessor - Autowiring by type from bean name 'userFacadeImpl' to bean named 'userServiceImpl'
18:58:56.352 [main] DEBUG o.s.b.f.annotation.InjectionMetadata - Processing injected element of bean 'userFacadeImpl': AutowiredFieldElement for private com.frenchies.tennisclub.mappers.BeanMappingServiceImpl com.frenchies.tennisclub.service.facade.UserFacadeImpl.beanMappingService
18:58:56.352 [main] DEBUG o.s.b.f.s.DefaultListableBeanFactory - Returning cached instance of singleton bean 'beanMappingServiceImpl'
18:58:56.352 [main] DEBUG o.s.b.f.a.AutowiredAnnotationBeanPostProcessor - Autowiring by type from bean name 'userFacadeImpl' to bean named 'beanMappingServiceImpl'
18:58:56.352 [main] DEBUG o.s.b.f.s.DefaultListableBeanFactory - Returning cached instance of singleton bean 'org.springframework.transaction.config.internalTransactionAdvisor'
18:58:56.353 [main] DEBUG o.s.t.a.AnnotationTransactionAttributeSource - Adding transactional method 'UserFacadeImpl.getUserById' with attribute: PROPAGATION_REQUIRED,ISOLATION_DEFAULT; ''
18:58:56.353 [main] DEBUG o.s.a.f.a.InfrastructureAdvisorAutoProxyCreator - Creating implicit proxy for bean 'userFacadeImpl' with 0 common interceptors and 1 specific interceptors
18:58:56.353 [main] DEBUG o.s.aop.framework.JdkDynamicAopProxy - Creating JDK dynamic proxy: target source is SingletonTargetSource for target object [com.frenchies.tennisclub.service.facade.UserFacadeImpl@5854a18]
18:58:56.355 [main] DEBUG o.s.b.f.s.DefaultListableBeanFactory - Finished creating instance of bean 'userFacadeImpl'
18:58:56.355 [main] DEBUG o.s.b.f.s.DefaultListableBeanFactory - Creating shared instance of singleton bean 'courtFacadeImpl'
18:58:56.355 [main] DEBUG o.s.b.f.s.DefaultListableBeanFactory - Creating instance of bean 'courtFacadeImpl'
18:58:56.356 [main] DEBUG o.s.b.f.annotation.InjectionMetadata - Registered injected element on class [com.frenchies.tennisclub.service.facade.CourtFacadeImpl]: AutowiredFieldElement for private com.frenchies.tennisclub.service.CourtService com.frenchies.tennisclub.service.facade.CourtFacadeImpl.courtService
18:58:56.356 [main] DEBUG o.s.b.f.annotation.InjectionMetadata - Registered injected element on class [com.frenchies.tennisclub.service.facade.CourtFacadeImpl]: AutowiredFieldElement for private com.frenchies.tennisclub.mappers.BeanMappingService com.frenchies.tennisclub.service.facade.CourtFacadeImpl.beanMappingService
18:58:56.356 [main] DEBUG o.s.b.f.s.DefaultListableBeanFactory - Eagerly caching bean 'courtFacadeImpl' to allow for resolving potential circular references
18:58:56.357 [main] DEBUG o.s.b.f.annotation.InjectionMetadata - Processing injected element of bean 'courtFacadeImpl': AutowiredFieldElement for private com.frenchies.tennisclub.service.CourtService com.frenchies.tennisclub.service.facade.CourtFacadeImpl.courtService
18:58:56.357 [main] DEBUG o.s.b.f.s.DefaultListableBeanFactory - Creating shared instance of singleton bean 'courtServiceImpl'
18:58:56.357 [main] DEBUG o.s.b.f.s.DefaultListableBeanFactory - Creating instance of bean 'courtServiceImpl'
18:58:56.358 [main] DEBUG o.s.b.f.annotation.InjectionMetadata - Registered injected element on class [com.frenchies.tennisclub.service.CourtServiceImpl]: AutowiredFieldElement for private com.frenchies.tennisclub.dao.CourtDao com.frenchies.tennisclub.service.CourtServiceImpl.courtDao
18:58:56.358 [main] DEBUG o.s.b.f.s.DefaultListableBeanFactory - Eagerly caching bean 'courtServiceImpl' to allow for resolving potential circular references
18:58:56.359 [main] DEBUG o.s.b.f.annotation.InjectionMetadata - Processing injected element of bean 'courtServiceImpl': AutowiredFieldElement for private com.frenchies.tennisclub.dao.CourtDao com.frenchies.tennisclub.service.CourtServiceImpl.courtDao
18:58:56.360 [main] DEBUG o.s.b.f.s.DefaultListableBeanFactory - Creating shared instance of singleton bean 'courtDaoImpl'
18:58:56.360 [main] DEBUG o.s.b.f.s.DefaultListableBeanFactory - Creating instance of bean 'courtDaoImpl'
18:58:56.360 [main] DEBUG o.s.b.f.annotation.InjectionMetadata - Registered injected element on class [com.frenchies.tennisclub.dao.CourtDaoImpl]: PersistenceElement for private javax.persistence.EntityManager com.frenchies.tennisclub.dao.CourtDaoImpl.em
18:58:56.360 [main] DEBUG o.s.b.f.s.DefaultListableBeanFactory - Eagerly caching bean 'courtDaoImpl' to allow for resolving potential circular references
18:58:56.361 [main] DEBUG o.s.b.f.annotation.InjectionMetadata - Processing injected element of bean 'courtDaoImpl': PersistenceElement for private javax.persistence.EntityManager com.frenchies.tennisclub.dao.CourtDaoImpl.em
18:58:56.361 [main] DEBUG o.s.b.f.s.DefaultListableBeanFactory - Returning cached instance of singleton bean 'entityManagerFactory'
18:58:56.361 [main] DEBUG o.s.b.f.s.DefaultListableBeanFactory - Returning cached instance of singleton bean 'org.springframework.transaction.config.internalTransactionAdvisor'
18:58:56.362 [main] DEBUG o.s.b.f.s.DefaultListableBeanFactory - Finished creating instance of bean 'courtDaoImpl'
18:58:56.362 [main] DEBUG o.s.b.f.a.AutowiredAnnotationBeanPostProcessor - Autowiring by type from bean name 'courtServiceImpl' to bean named 'courtDaoImpl'
18:58:56.362 [main] DEBUG o.s.b.f.s.DefaultListableBeanFactory - Returning cached instance of singleton bean 'org.springframework.transaction.config.internalTransactionAdvisor'
18:58:56.362 [main] DEBUG o.s.b.f.s.DefaultListableBeanFactory - Finished creating instance of bean 'courtServiceImpl'
18:58:56.362 [main] DEBUG o.s.b.f.a.AutowiredAnnotationBeanPostProcessor - Autowiring by type from bean name 'courtFacadeImpl' to bean named 'courtServiceImpl'
18:58:56.362 [main] DEBUG o.s.b.f.annotation.InjectionMetadata - Processing injected element of bean 'courtFacadeImpl': AutowiredFieldElement for private com.frenchies.tennisclub.mappers.BeanMappingService com.frenchies.tennisclub.service.facade.CourtFacadeImpl.beanMappingService
18:58:56.362 [main] DEBUG o.s.b.f.s.DefaultListableBeanFactory - Returning cached instance of singleton bean 'beanMappingServiceImpl'
18:58:56.362 [main] DEBUG o.s.b.f.a.AutowiredAnnotationBeanPostProcessor - Autowiring by type from bean name 'courtFacadeImpl' to bean named 'beanMappingServiceImpl'
18:58:56.362 [main] DEBUG o.s.b.f.s.DefaultListableBeanFactory - Returning cached instance of singleton bean 'org.springframework.transaction.config.internalTransactionAdvisor'
18:58:56.362 [main] DEBUG o.s.t.a.AnnotationTransactionAttributeSource - Adding transactional method 'CourtFacadeImpl.changeCourtType' with attribute: PROPAGATION_REQUIRED,ISOLATION_DEFAULT; ''
18:58:56.363 [main] DEBUG o.s.a.f.a.InfrastructureAdvisorAutoProxyCreator - Creating implicit proxy for bean 'courtFacadeImpl' with 0 common interceptors and 1 specific interceptors
18:58:56.363 [main] DEBUG o.s.aop.framework.JdkDynamicAopProxy - Creating JDK dynamic proxy: target source is SingletonTargetSource for target object [com.frenchies.tennisclub.service.facade.CourtFacadeImpl@48904d5a]
18:58:56.365 [main] DEBUG o.s.b.f.s.DefaultListableBeanFactory - Finished creating instance of bean 'courtFacadeImpl'
18:58:56.365 [main] DEBUG o.s.b.f.s.DefaultListableBeanFactory - Returning cached instance of singleton bean 'userServiceImpl'
18:58:56.365 [main] DEBUG o.s.b.f.s.DefaultListableBeanFactory - Returning cached instance of singleton bean 'bookingServiceImpl'
18:58:56.365 [main] DEBUG o.s.b.f.s.DefaultListableBeanFactory - Returning cached instance of singleton bean 'timeServiceImpl'
18:58:56.365 [main] DEBUG o.s.b.f.s.DefaultListableBeanFactory - Returning cached instance of singleton bean 'courtServiceImpl'
18:58:56.365 [main] DEBUG o.s.b.f.s.DefaultListableBeanFactory - Returning cached instance of singleton bean 'beanMappingServiceImpl'
18:58:56.365 [main] DEBUG o.s.b.f.s.DefaultListableBeanFactory - Returning cached instance of singleton bean 'bookingDaoImpl'
18:58:56.365 [main] DEBUG o.s.b.f.s.DefaultListableBeanFactory - Returning cached instance of singleton bean 'courtDaoImpl'
18:58:56.365 [main] DEBUG o.s.b.f.s.DefaultListableBeanFactory - Returning cached instance of singleton bean 'userDaoImpl'
18:58:56.365 [main] DEBUG o.s.b.f.s.DefaultListableBeanFactory - Returning cached instance of singleton bean 'org.springframework.transaction.annotation.ProxyTransactionManagementConfiguration'
18:58:56.365 [main] DEBUG o.s.b.f.s.DefaultListableBeanFactory - Returning cached instance of singleton bean 'org.springframework.transaction.config.internalTransactionAdvisor'
18:58:56.365 [main] DEBUG o.s.b.f.s.DefaultListableBeanFactory - Returning cached instance of singleton bean 'transactionAttributeSource'
18:58:56.365 [main] DEBUG o.s.b.f.s.DefaultListableBeanFactory - Returning cached instance of singleton bean 'transactionInterceptor'
18:58:56.365 [main] DEBUG o.s.b.f.s.DefaultListableBeanFactory - Returning cached instance of singleton bean 'com.frenchies.tennisclub.PersistenceSampleApplicationContext'
18:58:56.365 [main] DEBUG o.s.b.f.s.DefaultListableBeanFactory - Creating shared instance of singleton bean 'transactionManager'
18:58:56.365 [main] DEBUG o.s.b.f.s.DefaultListableBeanFactory - Creating instance of bean 'transactionManager'
18:58:56.365 [main] DEBUG o.s.b.f.s.DefaultListableBeanFactory - Returning cached instance of singleton bean 'com.frenchies.tennisclub.PersistenceSampleApplicationContext'
18:58:56.369 [main] DEBUG o.s.b.f.s.DefaultListableBeanFactory - Returning cached instance of singleton bean 'entityManagerFactory'
18:58:56.383 [main] DEBUG o.s.b.f.s.DefaultListableBeanFactory - Returning cached instance of singleton bean 'entityManagerFactory'
18:58:56.387 [main] DEBUG o.s.b.f.s.DefaultListableBeanFactory - Eagerly caching bean 'transactionManager' to allow for resolving potential circular references
18:58:56.391 [main] DEBUG o.s.b.f.s.DefaultListableBeanFactory - Invoking afterPropertiesSet() on bean with name 'transactionManager'
18:58:56.391 [main] DEBUG o.s.b.f.s.DefaultListableBeanFactory - Returning cached instance of singleton bean 'org.springframework.transaction.config.internalTransactionAdvisor'
18:58:56.392 [main] DEBUG o.s.b.f.s.DefaultListableBeanFactory - Finished creating instance of bean 'transactionManager'
18:58:56.392 [main] DEBUG o.s.b.f.s.DefaultListableBeanFactory - Returning cached instance of singleton bean 'instrumentationLoadTimeWeaver'
18:58:56.392 [main] DEBUG o.s.b.f.s.DefaultListableBeanFactory - Returning cached instance of singleton bean 'db'
18:58:56.392 [main] DEBUG o.s.b.f.s.DefaultListableBeanFactory - Creating shared instance of singleton bean 'localValidatorFactoryBean'
18:58:56.392 [main] DEBUG o.s.b.f.s.DefaultListableBeanFactory - Creating instance of bean 'localValidatorFactoryBean'
18:58:56.392 [main] DEBUG o.s.b.f.s.DefaultListableBeanFactory - Returning cached instance of singleton bean 'com.frenchies.tennisclub.PersistenceSampleApplicationContext'
18:58:56.395 [main] DEBUG o.s.b.f.s.DefaultListableBeanFactory - Eagerly caching bean 'localValidatorFactoryBean' to allow for resolving potential circular references
18:58:56.400 [main] DEBUG o.s.b.f.s.DefaultListableBeanFactory - Invoking afterPropertiesSet() on bean with name 'localValidatorFactoryBean'
18:58:56.400 [main] DEBUG o.h.v.i.e.r.DefaultTraversableResolver - Found javax.persistence.Persistence on classpath containing 'getPersistenceUtil'. Assuming JPA 2 environment. Trying to instantiate JPA aware TraversableResolver
18:58:56.400 [main] DEBUG o.h.v.i.e.r.DefaultTraversableResolver - Instantiated JPA aware TraversableResolver of type org.hibernate.validator.internal.engine.resolver.JPATraversableResolver.
18:58:56.401 [main] DEBUG o.h.v.i.engine.ConfigurationImpl - Setting custom MessageInterpolator of type org.springframework.validation.beanvalidation.LocaleContextMessageInterpolator
18:58:56.402 [main] DEBUG o.h.v.i.engine.ConfigurationImpl - Setting custom ConstraintValidatorFactory of type org.springframework.validation.beanvalidation.SpringConstraintValidatorFactory
18:58:56.403 [main] DEBUG o.h.v.i.engine.ConfigurationImpl - Setting custom ParameterNameProvider of type com.sun.proxy.$Proxy51
18:58:56.404 [main] DEBUG o.h.v.i.xml.ValidationXmlParser - Trying to load META-INF/validation.xml for XML based Validator configuration.
18:58:56.405 [main] DEBUG o.h.v.i.xml.ValidationXmlParser - No META-INF/validation.xml found. Using annotation based configuration only.
18:58:56.406 [main] DEBUG o.s.b.f.s.DefaultListableBeanFactory - Returning cached instance of singleton bean 'org.springframework.transaction.config.internalTransactionAdvisor'
18:58:56.406 [main] DEBUG o.s.b.f.s.DefaultListableBeanFactory - Finished creating instance of bean 'localValidatorFactoryBean'
18:58:56.406 [main] DEBUG o.s.b.f.s.DefaultListableBeanFactory - Returning cached instance of singleton bean 'entityManagerFactory'
18:58:56.407 [main] DEBUG o.s.b.f.s.DefaultListableBeanFactory - Returning cached instance of singleton bean 'org.springframework.aop.config.internalAutoProxyCreator'
18:58:56.407 [main] DEBUG o.s.b.f.s.DefaultListableBeanFactory - Returning cached instance of singleton bean 'org.springframework.data.repository.core.support.RepositoryInterfaceAwareBeanPostProcessor'
18:58:56.407 [main] DEBUG o.s.b.f.s.DefaultListableBeanFactory - Returning cached instance of singleton bean 'foo'
18:58:56.407 [main] DEBUG o.s.b.f.s.DefaultListableBeanFactory - Creating shared instance of singleton bean 'jpaMappingContext'
18:58:56.407 [main] DEBUG o.s.b.f.s.DefaultListableBeanFactory - Creating instance of bean 'jpaMappingContext'
18:58:56.407 [main] DEBUG o.s.b.f.s.DefaultListableBeanFactory - Eagerly caching bean 'jpaMappingContext' to allow for resolving potential circular references
18:58:56.413 [main] DEBUG o.s.b.f.s.DefaultListableBeanFactory - Invoking afterPropertiesSet() on bean with name 'jpaMappingContext'
18:58:56.413 [main] DEBUG o.s.b.f.s.DefaultListableBeanFactory - Returning cached instance of singleton bean 'entityManagerFactory'
18:58:56.446 [main] DEBUG o.s.b.f.s.DefaultListableBeanFactory - Returning cached instance of singleton bean 'org.springframework.transaction.config.internalTransactionAdvisor'
18:58:56.446 [main] DEBUG o.s.b.f.s.DefaultListableBeanFactory - Finished creating instance of bean 'jpaMappingContext'
18:58:56.446 [main] DEBUG o.s.b.f.s.DefaultListableBeanFactory - Returning cached instance of singleton bean 'dozer'
18:58:56.447 [main] DEBUG o.s.b.f.s.DefaultListableBeanFactory - Creating shared instance of singleton bean 'org.springframework.orm.jpa.SharedEntityManagerCreator#0'
18:58:56.447 [main] DEBUG o.s.b.f.s.DefaultListableBeanFactory - Creating instance of bean 'org.springframework.orm.jpa.SharedEntityManagerCreator#0'
18:58:56.456 [main] DEBUG o.s.b.f.s.DefaultListableBeanFactory - Returning cached instance of singleton bean 'entityManagerFactory'
18:58:56.464 [main] DEBUG o.s.b.f.s.DefaultListableBeanFactory - Eagerly caching bean 'org.springframework.orm.jpa.SharedEntityManagerCreator#0' to allow for resolving potential circular references
18:58:56.467 [main] DEBUG o.s.b.f.s.DefaultListableBeanFactory - Returning cached instance of singleton bean 'org.springframework.transaction.config.internalTransactionAdvisor'
18:58:56.467 [main] DEBUG o.s.b.f.s.DefaultListableBeanFactory - Finished creating instance of bean 'org.springframework.orm.jpa.SharedEntityManagerCreator#0'
18:58:56.469 [main] DEBUG o.s.c.s.GenericApplicationContext - Unable to locate LifecycleProcessor with name 'lifecycleProcessor': using default [org.springframework.context.support.DefaultLifecycleProcessor@3ebe4ccc]
18:58:56.470 [main] DEBUG o.s.b.f.s.DefaultListableBeanFactory - Returning cached instance of singleton bean 'lifecycleProcessor'
18:58:56.472 [main] DEBUG o.s.c.e.PropertySourcesPropertyResolver - Searching for key 'spring.liveBeansView.mbeanDomain' in [systemProperties]
18:58:56.472 [main] DEBUG o.s.c.e.PropertySourcesPropertyResolver - Searching for key 'spring.liveBeansView.mbeanDomain' in [systemEnvironment]
18:58:56.472 [main] DEBUG o.s.c.e.PropertySourcesPropertyResolver - Could not find key 'spring.liveBeansView.mbeanDomain' in any property source. Returning [null]
18:58:56.472 [main] DEBUG o.s.t.c.DefaultCacheAwareContextLoaderDelegate - Storing ApplicationContext in cache under key [[MergedContextConfiguration@1188e820 testClass = CourtServiceTest, locations = '{}', classes = '{class com.frenchies.tennisclub.service.config.ServiceConfiguration}', contextInitializerClasses = '[]', activeProfiles = '{}', propertySourceLocations = '{}', propertySourceProperties = '{}', contextLoader = 'org.springframework.test.context.support.DelegatingSmartContextLoader', parent = [null]]]
18:58:56.472 [main] DEBUG o.springframework.test.context.cache - Spring test ApplicationContext cache statistics: [ContextCache@590adb41 size = 1, hitCount = 0, missCount = 1, parentContextCount = 0]
18:58:56.559 [main] DEBUG o.s.b.f.annotation.InjectionMetadata - Processing injected element of bean 'com.frenchies.tennisclub.service.CourtServiceTest': AutowiredFieldElement for private com.frenchies.tennisclub.service.CourtService com.frenchies.tennisclub.service.CourtServiceTest.courtService
18:58:56.560 [main] DEBUG o.s.b.f.s.DefaultListableBeanFactory - Returning cached instance of singleton bean 'courtServiceImpl'
18:58:56.560 [main] DEBUG o.s.b.f.a.AutowiredAnnotationBeanPostProcessor - Autowiring by type from bean name 'com.frenchies.tennisclub.service.CourtServiceTest' to bean named 'courtServiceImpl'
18:58:56.560 [main] DEBUG o.s.b.f.s.DefaultListableBeanFactory - Returning cached instance of singleton bean 'org.springframework.transaction.config.internalTransactionAdvisor'
18:58:56.561 [main] DEBUG o.s.t.a.AnnotationTransactionAttributeSource - Adding transactional method 'CourtServiceTest.changeType' with attribute: PROPAGATION_REQUIRED,ISOLATION_DEFAULT; ''
18:58:56.561 [main] DEBUG o.s.a.f.a.InfrastructureAdvisorAutoProxyCreator - Creating implicit proxy for bean 'com.frenchies.tennisclub.service.CourtServiceTest' with 0 common interceptors and 1 specific interceptors
18:58:56.561 [main] DEBUG o.s.aop.framework.JdkDynamicAopProxy - Creating JDK dynamic proxy: target source is SingletonTargetSource for target object [com.frenchies.tennisclub.service.CourtServiceTest@10d59286]
]]></system-out>
  </testcase>
  <testcase name="mapping" classname="com.frenchies.tennisclub.service.BeanMappingServiceTest" time="0.07">
    <failure message="expected [true] but found [false]" type="java.lang.AssertionError">java.lang.AssertionError: expected [true] but found [false]
	at org.testng.Assert.fail(Assert.java:94)
	at org.testng.Assert.failNotEquals(Assert.java:494)
	at org.testng.Assert.assertTrue(Assert.java:42)
	at org.testng.Assert.assertTrue(Assert.java:52)
	at com.frenchies.tennisclub.service.BeanMappingServiceTest.mapping(BeanMappingServiceTest.java:36)
</failure>
    <system-out><![CDATA[18:58:56.660 [main] DEBUG o.s.t.c.s.DirtiesContextTestExecutionListener - After test class: context [DefaultTestContext@130f889 testClass = CourtServiceTest, testInstance = [null], testMethod = [null], testException = [null], mergedContextConfiguration = [MergedContextConfiguration@1188e820 testClass = CourtServiceTest, locations = '{}', classes = '{class com.frenchies.tennisclub.service.config.ServiceConfiguration}', contextInitializerClasses = '[]', activeProfiles = '{}', propertySourceLocations = '{}', propertySourceProperties = '{}', contextLoader = 'org.springframework.test.context.support.DelegatingSmartContextLoader', parent = [null]]], dirtiesContext [false].
18:58:56.661 [main] DEBUG o.s.t.c.s.DependencyInjectionTestExecutionListener - Performing dependency injection for test context [[DefaultTestContext@239f017e testClass = BeanMappingServiceTest, testInstance = com.frenchies.tennisclub.service.BeanMappingServiceTest@6fb0d3ed, testMethod = [null], testException = [null], mergedContextConfiguration = [MergedContextConfiguration@38cedb7d testClass = BeanMappingServiceTest, locations = '{}', classes = '{class com.frenchies.tennisclub.service.config.ServiceConfiguration}', contextInitializerClasses = '[]', activeProfiles = '{}', propertySourceLocations = '{}', propertySourceProperties = '{}', contextLoader = 'org.springframework.test.context.support.DelegatingSmartContextLoader', parent = [null]]]].
18:58:56.661 [main] DEBUG o.s.t.c.DefaultCacheAwareContextLoaderDelegate - Retrieved ApplicationContext from cache with key [[MergedContextConfiguration@38cedb7d testClass = BeanMappingServiceTest, locations = '{}', classes = '{class com.frenchies.tennisclub.service.config.ServiceConfiguration}', contextInitializerClasses = '[]', activeProfiles = '{}', propertySourceLocations = '{}', propertySourceProperties = '{}', contextLoader = 'org.springframework.test.context.support.DelegatingSmartContextLoader', parent = [null]]]
18:58:56.661 [main] DEBUG o.springframework.test.context.cache - Spring test ApplicationContext cache statistics: [ContextCache@590adb41 size = 1, hitCount = 1, missCount = 1, parentContextCount = 0]
18:58:56.662 [main] DEBUG o.s.b.f.annotation.InjectionMetadata - Processing injected element of bean 'com.frenchies.tennisclub.service.BeanMappingServiceTest': AutowiredFieldElement for private com.frenchies.tennisclub.mappers.BeanMappingService com.frenchies.tennisclub.service.BeanMappingServiceTest.beanMappingService
18:58:56.663 [main] DEBUG o.s.b.f.s.DefaultListableBeanFactory - Returning cached instance of singleton bean 'beanMappingServiceImpl'
18:58:56.663 [main] DEBUG o.s.b.f.a.AutowiredAnnotationBeanPostProcessor - Autowiring by type from bean name 'com.frenchies.tennisclub.service.BeanMappingServiceTest' to bean named 'beanMappingServiceImpl'
18:58:56.663 [main] DEBUG o.s.b.f.s.DefaultListableBeanFactory - Returning cached instance of singleton bean 'org.springframework.transaction.config.internalTransactionAdvisor'
18:58:56.663 [main] DEBUG o.s.t.a.AnnotationTransactionAttributeSource - Adding transactional method 'BeanMappingServiceTest.mapping' with attribute: PROPAGATION_REQUIRED,ISOLATION_DEFAULT; ''
18:58:56.663 [main] DEBUG o.s.a.f.a.InfrastructureAdvisorAutoProxyCreator - Creating implicit proxy for bean 'com.frenchies.tennisclub.service.BeanMappingServiceTest' with 0 common interceptors and 1 specific interceptors
18:58:56.663 [main] DEBUG o.s.aop.framework.JdkDynamicAopProxy - Creating JDK dynamic proxy: target source is SingletonTargetSource for target object [com.frenchies.tennisclub.service.BeanMappingServiceTest@6fb0d3ed]
18:58:56.666 [main] DEBUG o.s.t.a.AnnotationTransactionAttributeSource - Adding transactional method 'BeanMappingServiceTest.mapping' with attribute: PROPAGATION_REQUIRED,ISOLATION_DEFAULT; ''
18:58:56.667 [main] DEBUG o.s.t.c.t.TransactionalTestExecutionListener - Explicit transaction definition [PROPAGATION_REQUIRED,ISOLATION_DEFAULT; ''] found for test context [DefaultTestContext@239f017e testClass = BeanMappingServiceTest, testInstance = com.frenchies.tennisclub.service.BeanMappingServiceTest@6fb0d3ed, testMethod = mapping@BeanMappingServiceTest, testException = [null], mergedContextConfiguration = [MergedContextConfiguration@38cedb7d testClass = BeanMappingServiceTest, locations = '{}', classes = '{class com.frenchies.tennisclub.service.config.ServiceConfiguration}', contextInitializerClasses = '[]', activeProfiles = '{}', propertySourceLocations = '{}', propertySourceProperties = '{}', contextLoader = 'org.springframework.test.context.support.DelegatingSmartContextLoader', parent = [null]]]
18:58:56.667 [main] DEBUG o.s.t.c.t.TransactionalTestExecutionListener - Retrieved @TransactionConfiguration attributes [null] for test class [class com.frenchies.tennisclub.service.BeanMappingServiceTest].
18:58:56.667 [main] DEBUG o.s.t.c.t.TransactionalTestExecutionListener - Retrieved TransactionConfigurationAttributes [TransactionConfigurationAttributes@2f382a5e transactionManagerName = '', defaultRollback = true] for class [class com.frenchies.tennisclub.service.BeanMappingServiceTest].
18:58:56.668 [main] DEBUG o.s.t.c.DefaultCacheAwareContextLoaderDelegate - Retrieved ApplicationContext from cache with key [[MergedContextConfiguration@38cedb7d testClass = BeanMappingServiceTest, locations = '{}', classes = '{class com.frenchies.tennisclub.service.config.ServiceConfiguration}', contextInitializerClasses = '[]', activeProfiles = '{}', propertySourceLocations = '{}', propertySourceProperties = '{}', contextLoader = 'org.springframework.test.context.support.DelegatingSmartContextLoader', parent = [null]]]
18:58:56.668 [main] DEBUG o.springframework.test.context.cache - Spring test ApplicationContext cache statistics: [ContextCache@590adb41 size = 1, hitCount = 2, missCount = 1, parentContextCount = 0]
18:58:56.668 [main] DEBUG o.s.b.f.s.DefaultListableBeanFactory - Returning cached instance of singleton bean 'transactionManager'
18:58:56.669 [main] DEBUG o.s.t.c.t.TransactionalTestExecutionListener - No method-level @Rollback override: using default rollback [true] for test context [DefaultTestContext@239f017e testClass = BeanMappingServiceTest, testInstance = com.frenchies.tennisclub.service.BeanMappingServiceTest@6fb0d3ed, testMethod = mapping@BeanMappingServiceTest, testException = [null], mergedContextConfiguration = [MergedContextConfiguration@38cedb7d testClass = BeanMappingServiceTest, locations = '{}', classes = '{class com.frenchies.tennisclub.service.config.ServiceConfiguration}', contextInitializerClasses = '[]', activeProfiles = '{}', propertySourceLocations = '{}', propertySourceProperties = '{}', contextLoader = 'org.springframework.test.context.support.DelegatingSmartContextLoader', parent = [null]]].
18:58:56.670 [main] DEBUG o.s.orm.jpa.JpaTransactionManager - Creating new transaction with name [com.frenchies.tennisclub.service.BeanMappingServiceTest.mapping]: PROPAGATION_REQUIRED,ISOLATION_DEFAULT; ''
18:58:56.708 [main] DEBUG o.s.orm.jpa.JpaTransactionManager - Opened new EntityManager [org.hibernate.jpa.internal.EntityManagerImpl@30c3ae63] for JPA transaction
18:58:56.709 [main] DEBUG o.h.e.t.spi.AbstractTransactionImpl - begin
18:58:56.709 [main] DEBUG o.h.e.j.i.LogicalConnectionImpl - Obtaining JDBC connection
18:58:56.709 [main] DEBUG o.s.j.d.SimpleDriverDataSource - Creating new JDBC Driver Connection to [jdbc:derby:memory:testdb;create=true]
18:58:56.710 [main] DEBUG o.h.e.j.i.LogicalConnectionImpl - Obtained JDBC connection
18:58:56.710 [main] DEBUG o.h.e.t.i.jdbc.JdbcTransaction - initial autocommit status: true
18:58:56.710 [main] DEBUG o.h.e.t.i.jdbc.JdbcTransaction - disabling autocommit
18:58:56.710 [main] DEBUG o.s.orm.jpa.JpaTransactionManager - Not exposing JPA transaction [org.hibernate.jpa.internal.EntityManagerImpl@30c3ae63] as JDBC transaction because JpaDialect [org.springframework.orm.jpa.DefaultJpaDialect@64c781a9] does not support JDBC Connection retrieval
18:58:56.711 [main] INFO  o.s.t.c.t.TransactionContext - Began transaction (1) for test context [DefaultTestContext@239f017e testClass = BeanMappingServiceTest, testInstance = com.frenchies.tennisclub.service.BeanMappingServiceTest@6fb0d3ed, testMethod = mapping@BeanMappingServiceTest, testException = [null], mergedContextConfiguration = [MergedContextConfiguration@38cedb7d testClass = BeanMappingServiceTest, locations = '{}', classes = '{class com.frenchies.tennisclub.service.config.ServiceConfiguration}', contextInitializerClasses = '[]', activeProfiles = '{}', propertySourceLocations = '{}', propertySourceProperties = '{}', contextLoader = 'org.springframework.test.context.support.DelegatingSmartContextLoader', parent = [null]]]; transaction manager [org.springframework.orm.jpa.JpaTransactionManager@5b88b8e]; rollback [true]
18:58:56.733 [main] DEBUG o.a.c.b.converters.BooleanConverter - Setting default value: false
18:58:56.733 [main] DEBUG o.a.c.b.converters.BooleanConverter - Converting 'Boolean' value 'false' to type 'Boolean'
18:58:56.733 [main] DEBUG o.a.c.b.converters.BooleanConverter -     No conversion required, value is already a Boolean
18:58:56.735 [main] DEBUG o.a.c.b.converters.ByteConverter - Setting default value: 0
18:58:56.735 [main] DEBUG o.a.c.b.converters.ByteConverter - Converting 'Integer' value '0' to type 'Byte'
18:58:56.735 [main] DEBUG o.a.c.b.converters.ByteConverter -     Converted to Byte value '0'
18:58:56.735 [main] DEBUG o.a.c.b.c.CharacterConverter - Setting default value:  
18:58:56.735 [main] DEBUG o.a.c.b.c.CharacterConverter - Converting 'Character' value ' ' to type 'Character'
18:58:56.735 [main] DEBUG o.a.c.b.c.CharacterConverter -     No conversion required, value is already a Character
18:58:56.736 [main] DEBUG o.a.c.b.converters.DoubleConverter - Setting default value: 0
18:58:56.736 [main] DEBUG o.a.c.b.converters.DoubleConverter - Converting 'Integer' value '0' to type 'Double'
18:58:56.736 [main] DEBUG o.a.c.b.converters.DoubleConverter -     Converted to Double value '0.0'
18:58:56.736 [main] DEBUG o.a.c.b.converters.FloatConverter - Setting default value: 0
18:58:56.737 [main] DEBUG o.a.c.b.converters.FloatConverter - Converting 'Integer' value '0' to type 'Float'
18:58:56.737 [main] DEBUG o.a.c.b.converters.FloatConverter -     Converted to Float value '0.0'
18:58:56.737 [main] DEBUG o.a.c.b.converters.IntegerConverter - Setting default value: 0
18:58:56.737 [main] DEBUG o.a.c.b.converters.IntegerConverter - Converting 'Integer' value '0' to type 'Integer'
18:58:56.737 [main] DEBUG o.a.c.b.converters.IntegerConverter -     No conversion required, value is already a Integer
18:58:56.738 [main] DEBUG o.a.c.b.converters.LongConverter - Setting default value: 0
18:58:56.738 [main] DEBUG o.a.c.b.converters.LongConverter - Converting 'Integer' value '0' to type 'Long'
18:58:56.738 [main] DEBUG o.a.c.b.converters.LongConverter -     Converted to Long value '0'
18:58:56.738 [main] DEBUG o.a.c.b.converters.ShortConverter - Setting default value: 0
18:58:56.739 [main] DEBUG o.a.c.b.converters.ShortConverter - Converting 'Integer' value '0' to type 'Short'
18:58:56.739 [main] DEBUG o.a.c.b.converters.ShortConverter -     Converted to Short value '0'
18:58:56.739 [main] DEBUG o.a.c.b.c.BigDecimalConverter - Setting default value: 0.0
18:58:56.739 [main] DEBUG o.a.c.b.c.BigDecimalConverter - Converting 'BigDecimal' value '0.0' to type 'BigDecimal'
18:58:56.740 [main] DEBUG o.a.c.b.c.BigDecimalConverter -     No conversion required, value is already a BigDecimal
18:58:56.740 [main] DEBUG o.a.c.b.c.BigIntegerConverter - Setting default value: 0
18:58:56.740 [main] DEBUG o.a.c.b.c.BigIntegerConverter - Converting 'BigInteger' value '0' to type 'BigInteger'
18:58:56.740 [main] DEBUG o.a.c.b.c.BigIntegerConverter -     No conversion required, value is already a BigInteger
18:58:56.740 [main] DEBUG o.a.c.b.converters.BooleanConverter - Setting default value: false
18:58:56.740 [main] DEBUG o.a.c.b.converters.BooleanConverter - Converting 'Boolean' value 'false' to type 'Boolean'
18:58:56.740 [main] DEBUG o.a.c.b.converters.BooleanConverter -     No conversion required, value is already a Boolean
18:58:56.740 [main] DEBUG o.a.c.b.converters.ByteConverter - Setting default value: 0
18:58:56.740 [main] DEBUG o.a.c.b.converters.ByteConverter - Converting 'Integer' value '0' to type 'Byte'
18:58:56.740 [main] DEBUG o.a.c.b.converters.ByteConverter -     Converted to Byte value '0'
18:58:56.740 [main] DEBUG o.a.c.b.c.CharacterConverter - Setting default value:  
18:58:56.740 [main] DEBUG o.a.c.b.c.CharacterConverter - Converting 'Character' value ' ' to type 'Character'
18:58:56.740 [main] DEBUG o.a.c.b.c.CharacterConverter -     No conversion required, value is already a Character
18:58:56.740 [main] DEBUG o.a.c.b.converters.DoubleConverter - Setting default value: 0
18:58:56.740 [main] DEBUG o.a.c.b.converters.DoubleConverter - Converting 'Integer' value '0' to type 'Double'
18:58:56.740 [main] DEBUG o.a.c.b.converters.DoubleConverter -     Converted to Double value '0.0'
18:58:56.740 [main] DEBUG o.a.c.b.converters.FloatConverter - Setting default value: 0
18:58:56.740 [main] DEBUG o.a.c.b.converters.FloatConverter - Converting 'Integer' value '0' to type 'Float'
18:58:56.740 [main] DEBUG o.a.c.b.converters.FloatConverter -     Converted to Float value '0.0'
18:58:56.740 [main] DEBUG o.a.c.b.converters.IntegerConverter - Setting default value: 0
18:58:56.740 [main] DEBUG o.a.c.b.converters.IntegerConverter - Converting 'Integer' value '0' to type 'Integer'
18:58:56.740 [main] DEBUG o.a.c.b.converters.IntegerConverter -     No conversion required, value is already a Integer
18:58:56.740 [main] DEBUG o.a.c.b.converters.LongConverter - Setting default value: 0
18:58:56.740 [main] DEBUG o.a.c.b.converters.LongConverter - Converting 'Integer' value '0' to type 'Long'
18:58:56.740 [main] DEBUG o.a.c.b.converters.LongConverter -     Converted to Long value '0'
18:58:56.740 [main] DEBUG o.a.c.b.converters.ShortConverter - Setting default value: 0
18:58:56.740 [main] DEBUG o.a.c.b.converters.ShortConverter - Converting 'Integer' value '0' to type 'Short'
18:58:56.740 [main] DEBUG o.a.c.b.converters.ShortConverter -     Converted to Short value '0'
18:58:56.741 [main] DEBUG o.a.c.b.converters.StringConverter - Setting default value: 
18:58:56.741 [main] DEBUG o.a.c.b.converters.StringConverter - Converting 'String' value '' to type 'String'
18:58:56.745 [main] DEBUG o.a.c.b.converters.ArrayConverter - Setting default value: [Z@6a1d526c
18:58:56.746 [main] DEBUG o.a.c.b.converters.ArrayConverter - Converting 'boolean[]' value '[Z@6a1d526c' to type 'boolean[]'
18:58:56.746 [main] DEBUG o.a.c.b.converters.ArrayConverter -     No conversion required, value is already a boolean[]
18:58:56.746 [main] DEBUG o.a.c.b.converters.ArrayConverter - Setting default value: [B@1f2f0109
18:58:56.746 [main] DEBUG o.a.c.b.converters.ArrayConverter - Converting 'byte[]' value '[B@1f2f0109' to type 'byte[]'
18:58:56.746 [main] DEBUG o.a.c.b.converters.ArrayConverter -     No conversion required, value is already a byte[]
18:58:56.746 [main] DEBUG o.a.c.b.converters.ArrayConverter - Setting default value: [C@483b0690
18:58:56.746 [main] DEBUG o.a.c.b.converters.ArrayConverter - Converting 'char[]' value '[C@483b0690' to type 'char[]'
18:58:56.746 [main] DEBUG o.a.c.b.converters.ArrayConverter -     No conversion required, value is already a char[]
18:58:56.746 [main] DEBUG o.a.c.b.converters.ArrayConverter - Setting default value: [D@687e6293
18:58:56.746 [main] DEBUG o.a.c.b.converters.ArrayConverter - Converting 'double[]' value '[D@687e6293' to type 'double[]'
18:58:56.746 [main] DEBUG o.a.c.b.converters.ArrayConverter -     No conversion required, value is already a double[]
18:58:56.746 [main] DEBUG o.a.c.b.converters.ArrayConverter - Setting default value: [F@6870c3c2
18:58:56.746 [main] DEBUG o.a.c.b.converters.ArrayConverter - Converting 'float[]' value '[F@6870c3c2' to type 'float[]'
18:58:56.746 [main] DEBUG o.a.c.b.converters.ArrayConverter -     No conversion required, value is already a float[]
18:58:56.746 [main] DEBUG o.a.c.b.converters.ArrayConverter - Setting default value: [I@fb0a08c
18:58:56.746 [main] DEBUG o.a.c.b.converters.ArrayConverter - Converting 'int[]' value '[I@fb0a08c' to type 'int[]'
18:58:56.746 [main] DEBUG o.a.c.b.converters.ArrayConverter -     No conversion required, value is already a int[]
18:58:56.746 [main] DEBUG o.a.c.b.converters.ArrayConverter - Setting default value: [J@1faf386c
18:58:56.746 [main] DEBUG o.a.c.b.converters.ArrayConverter - Converting 'long[]' value '[J@1faf386c' to type 'long[]'
18:58:56.746 [main] DEBUG o.a.c.b.converters.ArrayConverter -     No conversion required, value is already a long[]
18:58:56.746 [main] DEBUG o.a.c.b.converters.ArrayConverter - Setting default value: [S@4debbf0
18:58:56.746 [main] DEBUG o.a.c.b.converters.ArrayConverter - Converting 'short[]' value '[S@4debbf0' to type 'short[]'
18:58:56.746 [main] DEBUG o.a.c.b.converters.ArrayConverter -     No conversion required, value is already a short[]
18:58:56.746 [main] DEBUG o.a.c.b.converters.ArrayConverter - Setting default value: [Ljava.math.BigDecimal;@6a5e167a
18:58:56.746 [main] DEBUG o.a.c.b.converters.ArrayConverter - Converting 'BigDecimal[]' value '[Ljava.math.BigDecimal;@6a5e167a' to type 'BigDecimal[]'
18:58:56.746 [main] DEBUG o.a.c.b.converters.ArrayConverter -     No conversion required, value is already a BigDecimal[]
18:58:56.746 [main] DEBUG o.a.c.b.converters.ArrayConverter - Setting default value: [Ljava.math.BigInteger;@66a5755
18:58:56.746 [main] DEBUG o.a.c.b.converters.ArrayConverter - Converting 'BigInteger[]' value '[Ljava.math.BigInteger;@66a5755' to type 'BigInteger[]'
18:58:56.746 [main] DEBUG o.a.c.b.converters.ArrayConverter -     No conversion required, value is already a BigInteger[]
18:58:56.746 [main] DEBUG o.a.c.b.converters.ArrayConverter - Setting default value: [Ljava.lang.Boolean;@6d6d480c
18:58:56.746 [main] DEBUG o.a.c.b.converters.ArrayConverter - Converting 'Boolean[]' value '[Ljava.lang.Boolean;@6d6d480c' to type 'Boolean[]'
18:58:56.746 [main] DEBUG o.a.c.b.converters.ArrayConverter -     No conversion required, value is already a Boolean[]
18:58:56.746 [main] DEBUG o.a.c.b.converters.ArrayConverter - Setting default value: [Ljava.lang.Byte;@5a917723
18:58:56.746 [main] DEBUG o.a.c.b.converters.ArrayConverter - Converting 'Byte[]' value '[Ljava.lang.Byte;@5a917723' to type 'Byte[]'
18:58:56.746 [main] DEBUG o.a.c.b.converters.ArrayConverter -     No conversion required, value is already a Byte[]
18:58:56.746 [main] DEBUG o.a.c.b.converters.ArrayConverter - Setting default value: [Ljava.lang.Character;@7e4579c7
18:58:56.746 [main] DEBUG o.a.c.b.converters.ArrayConverter - Converting 'Character[]' value '[Ljava.lang.Character;@7e4579c7' to type 'Character[]'
18:58:56.746 [main] DEBUG o.a.c.b.converters.ArrayConverter -     No conversion required, value is already a Character[]
18:58:56.746 [main] DEBUG o.a.c.b.converters.ArrayConverter - Setting default value: [Ljava.lang.Double;@796f632b
18:58:56.746 [main] DEBUG o.a.c.b.converters.ArrayConverter - Converting 'Double[]' value '[Ljava.lang.Double;@796f632b' to type 'Double[]'
18:58:56.746 [main] DEBUG o.a.c.b.converters.ArrayConverter -     No conversion required, value is already a Double[]
18:58:56.746 [main] DEBUG o.a.c.b.converters.ArrayConverter - Setting default value: [Ljava.lang.Float;@cedee22
18:58:56.746 [main] DEBUG o.a.c.b.converters.ArrayConverter - Converting 'Float[]' value '[Ljava.lang.Float;@cedee22' to type 'Float[]'
18:58:56.746 [main] DEBUG o.a.c.b.converters.ArrayConverter -     No conversion required, value is already a Float[]
18:58:56.746 [main] DEBUG o.a.c.b.converters.ArrayConverter - Setting default value: [Ljava.lang.Integer;@5b47731f
18:58:56.746 [main] DEBUG o.a.c.b.converters.ArrayConverter - Converting 'Integer[]' value '[Ljava.lang.Integer;@5b47731f' to type 'Integer[]'
18:58:56.746 [main] DEBUG o.a.c.b.converters.ArrayConverter -     No conversion required, value is already a Integer[]
18:58:56.746 [main] DEBUG o.a.c.b.converters.ArrayConverter - Setting default value: [Ljava.lang.Long;@40c2ce52
18:58:56.746 [main] DEBUG o.a.c.b.converters.ArrayConverter - Converting 'Long[]' value '[Ljava.lang.Long;@40c2ce52' to type 'Long[]'
18:58:56.746 [main] DEBUG o.a.c.b.converters.ArrayConverter -     No conversion required, value is already a Long[]
18:58:56.746 [main] DEBUG o.a.c.b.converters.ArrayConverter - Setting default value: [Ljava.lang.Short;@60a7e509
18:58:56.746 [main] DEBUG o.a.c.b.converters.ArrayConverter - Converting 'Short[]' value '[Ljava.lang.Short;@60a7e509' to type 'Short[]'
18:58:56.746 [main] DEBUG o.a.c.b.converters.ArrayConverter -     No conversion required, value is already a Short[]
18:58:56.746 [main] DEBUG o.a.c.b.converters.ArrayConverter - Setting default value: [Ljava.lang.String;@787508ca
18:58:56.746 [main] DEBUG o.a.c.b.converters.ArrayConverter - Converting 'String[]' value '[Ljava.lang.String;@787508ca' to type 'String[]'
18:58:56.746 [main] DEBUG o.a.c.b.converters.ArrayConverter -     No conversion required, value is already a String[]
18:58:56.746 [main] DEBUG o.a.c.b.converters.ArrayConverter - Setting default value: [Ljava.lang.Class;@3d24420b
18:58:56.746 [main] DEBUG o.a.c.b.converters.ArrayConverter - Converting 'Class[]' value '[Ljava.lang.Class;@3d24420b' to type 'Class[]'
18:58:56.746 [main] DEBUG o.a.c.b.converters.ArrayConverter -     No conversion required, value is already a Class[]
18:58:56.746 [main] DEBUG o.a.c.b.converters.ArrayConverter - Setting default value: [Ljava.util.Date;@6274670b
18:58:56.746 [main] DEBUG o.a.c.b.converters.ArrayConverter - Converting 'Date[]' value '[Ljava.util.Date;@6274670b' to type 'Date[]'
18:58:56.746 [main] DEBUG o.a.c.b.converters.ArrayConverter -     No conversion required, value is already a Date[]
18:58:56.747 [main] DEBUG o.a.c.b.converters.ArrayConverter - Setting default value: [Ljava.util.Calendar;@32d5279
18:58:56.747 [main] DEBUG o.a.c.b.converters.ArrayConverter - Converting 'Calendar[]' value '[Ljava.util.Calendar;@32d5279' to type 'Calendar[]'
18:58:56.747 [main] DEBUG o.a.c.b.converters.ArrayConverter -     No conversion required, value is already a Calendar[]
18:58:56.747 [main] DEBUG o.a.c.b.converters.ArrayConverter - Setting default value: [Ljava.io.File;@5d0b0cb9
18:58:56.747 [main] DEBUG o.a.c.b.converters.ArrayConverter - Converting 'java.io.File[]' value '[Ljava.io.File;@5d0b0cb9' to type 'java.io.File[]'
18:58:56.747 [main] DEBUG o.a.c.b.converters.ArrayConverter -     No conversion required, value is already a java.io.File[]
18:58:56.747 [main] DEBUG o.a.c.b.converters.ArrayConverter - Setting default value: [Ljava.sql.Date;@16ac5d35
18:58:56.747 [main] DEBUG o.a.c.b.converters.ArrayConverter - Converting 'java.sql.Date[]' value '[Ljava.sql.Date;@16ac5d35' to type 'java.sql.Date[]'
18:58:56.747 [main] DEBUG o.a.c.b.converters.ArrayConverter -     No conversion required, value is already a java.sql.Date[]
18:58:56.747 [main] DEBUG o.a.c.b.converters.ArrayConverter - Setting default value: [Ljava.sql.Time;@3c0e00a8
18:58:56.747 [main] DEBUG o.a.c.b.converters.ArrayConverter - Converting 'java.sql.Time[]' value '[Ljava.sql.Time;@3c0e00a8' to type 'java.sql.Time[]'
18:58:56.747 [main] DEBUG o.a.c.b.converters.ArrayConverter -     No conversion required, value is already a java.sql.Time[]
18:58:56.747 [main] DEBUG o.a.c.b.converters.ArrayConverter - Setting default value: [Ljava.sql.Timestamp;@6cd15072
18:58:56.747 [main] DEBUG o.a.c.b.converters.ArrayConverter - Converting 'java.sql.Timestamp[]' value '[Ljava.sql.Timestamp;@6cd15072' to type 'java.sql.Timestamp[]'
18:58:56.747 [main] DEBUG o.a.c.b.converters.ArrayConverter -     No conversion required, value is already a java.sql.Timestamp[]
18:58:56.747 [main] DEBUG o.a.c.b.converters.ArrayConverter - Setting default value: [Ljava.net.URL;@3408f695
18:58:56.747 [main] DEBUG o.a.c.b.converters.ArrayConverter - Converting 'java.net.URL[]' value '[Ljava.net.URL;@3408f695' to type 'java.net.URL[]'
18:58:56.747 [main] DEBUG o.a.c.b.converters.ArrayConverter -     No conversion required, value is already a java.net.URL[]
18:58:56.773 [main] DEBUG org.dozer.fieldmap.FieldMap - Getting ready to invoke write method on the destination object. Dest Obj: UserDTO, Dest value: null
18:58:56.774 [main] DEBUG org.dozer.MappingProcessor - MAPPED: User.phone --> UserDTO.phone    VALUES: NULL --> NULL    MAPID: 
18:58:56.774 [main] DEBUG org.dozer.fieldmap.FieldMap - Getting ready to invoke write method on the destination object. Dest Obj: UserDTO, Dest value: null
18:58:56.774 [main] DEBUG org.dozer.MappingProcessor - MAPPED: User.surname --> UserDTO.surname    VALUES: NULL --> NULL    MAPID: 
18:58:56.775 [main] DEBUG org.dozer.fieldmap.FieldMap - Getting ready to invoke write method on the destination object. Dest Obj: UserDTO, Dest value: BOB
18:58:56.775 [main] DEBUG org.dozer.MappingProcessor - MAPPED: User.name --> UserDTO.name    VALUES: BOB --> BOB    MAPID: 
18:58:56.775 [main] DEBUG org.dozer.fieldmap.FieldMap - Getting ready to invoke write method on the destination object. Dest Obj: UserDTO, Dest value: null
18:58:56.775 [main] DEBUG org.dozer.MappingProcessor - MAPPED: User.dateOfBirth --> UserDTO.dateOfBirth    VALUES: NULL --> NULL    MAPID: 
18:58:56.775 [main] DEBUG org.dozer.fieldmap.FieldMap - Getting ready to invoke write method on the destination object. Dest Obj: UserDTO, Dest value: null
18:58:56.775 [main] DEBUG org.dozer.MappingProcessor - MAPPED: User.id --> UserDTO.id    VALUES: NULL --> NULL    MAPID: 
18:58:56.777 [main] DEBUG org.dozer.fieldmap.FieldMap - Getting ready to invoke write method on the destination object. Dest Obj: User, Dest value: null
18:58:56.777 [main] DEBUG org.dozer.MappingProcessor - MAPPED: UserDTO.phone --> User.phone    VALUES: NULL --> NULL    MAPID: 
18:58:56.777 [main] DEBUG org.dozer.fieldmap.FieldMap - Getting ready to invoke write method on the destination object. Dest Obj: User, Dest value: null
18:58:56.778 [main] DEBUG org.dozer.MappingProcessor - MAPPED: UserDTO.surname --> User.surname    VALUES: NULL --> NULL    MAPID: 
18:58:56.778 [main] DEBUG org.dozer.fieldmap.FieldMap - Getting ready to invoke write method on the destination object. Dest Obj: User, Dest value: BOB
18:58:56.778 [main] DEBUG org.dozer.MappingProcessor - MAPPED: UserDTO.name --> User.name    VALUES: BOB --> BOB    MAPID: 
18:58:56.778 [main] DEBUG org.dozer.fieldmap.FieldMap - Getting ready to invoke write method on the destination object. Dest Obj: User, Dest value: null
18:58:56.778 [main] DEBUG org.dozer.MappingProcessor - MAPPED: UserDTO.dateOfBirth --> User.dateOfBirth    VALUES: NULL --> NULL    MAPID: 
18:58:56.778 [main] DEBUG org.dozer.fieldmap.FieldMap - Getting ready to invoke write method on the destination object. Dest Obj: User, Dest value: null
18:58:56.778 [main] DEBUG org.dozer.MappingProcessor - MAPPED: UserDTO.id --> User.id    VALUES: NULL --> NULL    MAPID: 
]]></system-out>
  </testcase>
  <testcase name="getAllBookingsLastWeek" classname="com.frenchies.tennisclub.service.BookingServiceTest" time="0.011"/>
</testsuite>