<?xml version="1.0" encoding="UTF-8"?>
<<<<<<< HEAD
<testsuite name="TestSuite" time="0.026" tests="2" errors="0" skipped="0" failures="0">
=======
<testsuite name="TestSuite" time="0.26" tests="17" errors="0" skipped="14" failures="2">
>>>>>>> bbe617454b1a137157b7655c63c47481c53356cf
  <properties>
    <property name="java.runtime.name" value="OpenJDK Runtime Environment"/>
    <property name="sun.boot.library.path" value="/usr/lib/jvm/java-8-openjdk-amd64/jre/lib/amd64"/>
    <property name="java.vm.version" value="25.151-b12"/>
    <property name="java.vm.vendor" value="Oracle Corporation"/>
    <property name="maven.multiModuleProjectDirectory" value="/home/cdore/PA165-Seminar/tennisclubproject/tennisclubproject"/>
    <property name="java.vendor.url" value="http://java.oracle.com/"/>
    <property name="path.separator" value=":"/>
    <property name="guice.disable.misplaced.annotation.check" value="true"/>
    <property name="java.vm.name" value="OpenJDK 64-Bit Server VM"/>
    <property name="file.encoding.pkg" value="sun.io"/>
    <property name="user.country" value="FR"/>
    <property name="sun.java.launcher" value="SUN_STANDARD"/>
    <property name="sun.os.patch.level" value="unknown"/>
    <property name="java.vm.specification.name" value="Java Virtual Machine Specification"/>
    <property name="user.dir" value="/home/cdore/PA165-Seminar/tennisclubproject/tennisclubproject"/>
    <property name="java.runtime.version" value="1.8.0_151-8u151-b12-0ubuntu0.16.04.2-b12"/>
    <property name="java.awt.graphicsenv" value="sun.awt.X11GraphicsEnvironment"/>
    <property name="java.endorsed.dirs" value="/usr/lib/jvm/java-8-openjdk-amd64/jre/lib/endorsed"/>
    <property name="os.arch" value="amd64"/>
    <property name="java.io.tmpdir" value="/tmp"/>
    <property name="line.separator" value="&#10;"/>
    <property name="java.vm.specification.vendor" value="Oracle Corporation"/>
    <property name="os.name" value="Linux"/>
    <property name="classworlds.conf" value="/usr/share/maven/bin/m2.conf"/>
    <property name="sun.jnu.encoding" value="UTF-8"/>
    <property name="java.library.path" value="/usr/java/packages/lib/amd64:/usr/lib/x86_64-linux-gnu/jni:/lib/x86_64-linux-gnu:/usr/lib/x86_64-linux-gnu:/usr/lib/jni:/lib:/usr/lib"/>
    <property name="java.specification.name" value="Java Platform API Specification"/>
    <property name="java.class.version" value="52.0"/>
    <property name="sun.management.compiler" value="HotSpot 64-Bit Tiered Compilers"/>
    <property name="os.version" value="4.10.0-40-generic"/>
    <property name="user.home" value="/home/cdore"/>
    <property name="user.timezone" value="Europe/Paris"/>
    <property name="java.awt.printerjob" value="sun.print.PSPrinterJob"/>
    <property name="file.encoding" value="UTF-8"/>
    <property name="java.specification.version" value="1.8"/>
    <property name="user.name" value="cdore"/>
    <property name="java.class.path" value="/usr/share/maven/boot/plexus-classworlds-2.x.jar"/>
    <property name="java.vm.specification.version" value="1.8"/>
    <property name="sun.arch.data.model" value="64"/>
    <property name="java.home" value="/usr/lib/jvm/java-8-openjdk-amd64/jre"/>
    <property name="sun.java.command" value="org.codehaus.plexus.classworlds.launcher.Launcher clean install"/>
    <property name="java.specification.vendor" value="Oracle Corporation"/>
    <property name="user.language" value="fr"/>
    <property name="awt.toolkit" value="sun.awt.X11.XToolkit"/>
    <property name="java.vm.info" value="mixed mode"/>
    <property name="java.version" value="1.8.0_151"/>
    <property name="java.ext.dirs" value="/usr/lib/jvm/java-8-openjdk-amd64/jre/lib/ext:/usr/java/packages/lib/ext"/>
    <property name="securerandom.source" value="file:/dev/./urandom"/>
    <property name="sun.boot.class.path" value="/usr/lib/jvm/java-8-openjdk-amd64/jre/lib/resources.jar:/usr/lib/jvm/java-8-openjdk-amd64/jre/lib/rt.jar:/usr/lib/jvm/java-8-openjdk-amd64/jre/lib/sunrsasign.jar:/usr/lib/jvm/java-8-openjdk-amd64/jre/lib/jsse.jar:/usr/lib/jvm/java-8-openjdk-amd64/jre/lib/jce.jar:/usr/lib/jvm/java-8-openjdk-amd64/jre/lib/charsets.jar:/usr/lib/jvm/java-8-openjdk-amd64/jre/lib/jfr.jar:/usr/lib/jvm/java-8-openjdk-amd64/jre/classes"/>
    <property name="java.vendor" value="Oracle Corporation"/>
    <property name="maven.home" value="/usr/share/maven"/>
    <property name="file.separator" value="/"/>
    <property name="java.vendor.url.bug" value="http://bugreport.sun.com/bugreport/"/>
    <property name="sun.cpu.endian" value="little"/>
    <property name="sun.io.unicode.encoding" value="UnicodeLittle"/>
    <property name="sun.cpu.isalist" value=""/>
  </properties>
<<<<<<< HEAD
  <testcase name="changeCourtType" classname="com.frenchies.tennisclub.service.CourtServiceTest" time="0.012"/>
  <testcase name="getAllBookingsLastWeek" classname="com.frenchies.tennisclub.service.BookingServiceTest" time="0.014"/>
=======
  <testcase name="changeType" classname="com.frenchies.tennisclub.service.CourtServiceTest" time="0">
    <skipped/>
    <system-out><![CDATA[Configuring TestNG with: TestNG652Configurator
19:11:14.288 [main] DEBUG o.s.test.context.BootstrapUtils - Instantiating TestContextBootstrapper from class [org.springframework.test.context.support.DefaultTestContextBootstrapper]
19:11:14.306 [main] DEBUG o.s.t.c.s.AbstractDelegatingSmartContextLoader - Delegating to AnnotationConfigContextLoader to process context configuration [ContextConfigurationAttributes@60285225 declaringClass = 'com.frenchies.tennisclub.facade.BookingFacadeTest', classes = '{class com.frenchies.tennisclub.service.config.ServiceConfiguration}', locations = '{}', inheritLocations = true, initializers = '{}', inheritInitializers = true, name = [null], contextLoaderClass = 'org.springframework.test.context.ContextLoader'].
19:11:14.308 [main] DEBUG o.s.t.c.support.ActiveProfilesUtils - Could not find an 'annotation declaring class' for annotation type [org.springframework.test.context.ActiveProfiles] and class [com.frenchies.tennisclub.facade.BookingFacadeTest]
19:11:14.313 [main] INFO  o.s.t.c.s.DefaultTestContextBootstrapper - Could not instantiate TestExecutionListener [org.springframework.test.context.web.ServletTestExecutionListener]. Specify custom listener classes or make the default listener classes (and their required dependencies) available. Offending class: [javax/servlet/ServletContext]
19:11:14.323 [main] INFO  o.s.t.c.s.DefaultTestContextBootstrapper - Using TestExecutionListeners: [org.springframework.test.context.support.DependencyInjectionTestExecutionListener@569cfc36, org.springframework.test.context.support.DirtiesContextTestExecutionListener@43bd930a, org.springframework.test.context.transaction.TransactionalTestExecutionListener@33723e30]
19:11:14.325 [main] DEBUG o.s.test.context.BootstrapUtils - Instantiating TestContextBootstrapper from class [org.springframework.test.context.support.DefaultTestContextBootstrapper]
19:11:14.326 [main] DEBUG o.s.t.c.s.AbstractDelegatingSmartContextLoader - Delegating to AnnotationConfigContextLoader to process context configuration [ContextConfigurationAttributes@553a3d88 declaringClass = 'com.frenchies.tennisclub.service.BookingServiceTest', classes = '{class com.frenchies.tennisclub.service.config.ServiceConfiguration}', locations = '{}', inheritLocations = true, initializers = '{}', inheritInitializers = true, name = [null], contextLoaderClass = 'org.springframework.test.context.ContextLoader'].
19:11:14.327 [main] DEBUG o.s.t.c.support.ActiveProfilesUtils - Could not find an 'annotation declaring class' for annotation type [org.springframework.test.context.ActiveProfiles] and class [com.frenchies.tennisclub.service.BookingServiceTest]
19:11:14.328 [main] INFO  o.s.t.c.s.DefaultTestContextBootstrapper - Could not instantiate TestExecutionListener [org.springframework.test.context.web.ServletTestExecutionListener]. Specify custom listener classes or make the default listener classes (and their required dependencies) available. Offending class: [javax/servlet/ServletContext]
19:11:14.328 [main] INFO  o.s.t.c.s.DefaultTestContextBootstrapper - Using TestExecutionListeners: [org.springframework.test.context.support.DependencyInjectionTestExecutionListener@7a30d1e6, org.springframework.test.context.support.DirtiesContextTestExecutionListener@5891e32e, org.springframework.test.context.transaction.TransactionalTestExecutionListener@cb0ed20]
19:11:14.329 [main] DEBUG o.s.test.context.BootstrapUtils - Instantiating TestContextBootstrapper from class [org.springframework.test.context.support.DefaultTestContextBootstrapper]
19:11:14.330 [main] DEBUG o.s.t.c.s.AbstractDelegatingSmartContextLoader - Delegating to AnnotationConfigContextLoader to process context configuration [ContextConfigurationAttributes@23fe1d71 declaringClass = 'com.frenchies.tennisclub.service.CourtServiceTest', classes = '{class com.frenchies.tennisclub.service.config.ServiceConfiguration}', locations = '{}', inheritLocations = true, initializers = '{}', inheritInitializers = true, name = [null], contextLoaderClass = 'org.springframework.test.context.ContextLoader'].
19:11:14.331 [main] DEBUG o.s.t.c.support.ActiveProfilesUtils - Could not find an 'annotation declaring class' for annotation type [org.springframework.test.context.ActiveProfiles] and class [com.frenchies.tennisclub.service.CourtServiceTest]
19:11:14.332 [main] INFO  o.s.t.c.s.DefaultTestContextBootstrapper - Could not instantiate TestExecutionListener [org.springframework.test.context.web.ServletTestExecutionListener]. Specify custom listener classes or make the default listener classes (and their required dependencies) available. Offending class: [javax/servlet/ServletContext]
19:11:14.332 [main] INFO  o.s.t.c.s.DefaultTestContextBootstrapper - Using TestExecutionListeners: [org.springframework.test.context.support.DependencyInjectionTestExecutionListener@28ac3dc3, org.springframework.test.context.support.DirtiesContextTestExecutionListener@32eebfca, org.springframework.test.context.transaction.TransactionalTestExecutionListener@4e718207]
19:11:14.333 [main] DEBUG o.s.test.context.BootstrapUtils - Instantiating TestContextBootstrapper from class [org.springframework.test.context.support.DefaultTestContextBootstrapper]
19:11:14.334 [main] DEBUG o.s.t.c.s.AbstractDelegatingSmartContextLoader - Delegating to AnnotationConfigContextLoader to process context configuration [ContextConfigurationAttributes@1d371b2d declaringClass = 'com.frenchies.tennisclub.service.BeanMappingServiceTest', classes = '{class com.frenchies.tennisclub.service.config.ServiceConfiguration}', locations = '{}', inheritLocations = true, initializers = '{}', inheritInitializers = true, name = [null], contextLoaderClass = 'org.springframework.test.context.ContextLoader'].
19:11:14.335 [main] DEBUG o.s.t.c.support.ActiveProfilesUtils - Could not find an 'annotation declaring class' for annotation type [org.springframework.test.context.ActiveProfiles] and class [com.frenchies.tennisclub.service.BeanMappingServiceTest]
19:11:14.336 [main] INFO  o.s.t.c.s.DefaultTestContextBootstrapper - Could not instantiate TestExecutionListener [org.springframework.test.context.web.ServletTestExecutionListener]. Specify custom listener classes or make the default listener classes (and their required dependencies) available. Offending class: [javax/servlet/ServletContext]
19:11:14.336 [main] INFO  o.s.t.c.s.DefaultTestContextBootstrapper - Using TestExecutionListeners: [org.springframework.test.context.support.DependencyInjectionTestExecutionListener@543c6f6d, org.springframework.test.context.support.DirtiesContextTestExecutionListener@13eb8acf, org.springframework.test.context.transaction.TransactionalTestExecutionListener@51c8530f]
19:11:14.413 [main] DEBUG o.s.t.c.s.DependencyInjectionTestExecutionListener - Performing dependency injection for test context [[DefaultTestContext@2a40cd94 testClass = CourtServiceTest, testInstance = com.frenchies.tennisclub.service.CourtServiceTest@376b4233, testMethod = [null], testException = [null], mergedContextConfiguration = [MergedContextConfiguration@f4168b8 testClass = CourtServiceTest, locations = '{}', classes = '{class com.frenchies.tennisclub.service.config.ServiceConfiguration}', contextInitializerClasses = '[]', activeProfiles = '{}', propertySourceLocations = '{}', propertySourceProperties = '{}', contextLoader = 'org.springframework.test.context.support.DelegatingSmartContextLoader', parent = [null]]]].
19:11:14.414 [main] DEBUG o.s.t.c.s.AbstractDelegatingSmartContextLoader - Delegating to AnnotationConfigContextLoader to load context from [MergedContextConfiguration@f4168b8 testClass = CourtServiceTest, locations = '{}', classes = '{class com.frenchies.tennisclub.service.config.ServiceConfiguration}', contextInitializerClasses = '[]', activeProfiles = '{}', propertySourceLocations = '{}', propertySourceProperties = '{}', contextLoader = 'org.springframework.test.context.support.DelegatingSmartContextLoader', parent = [null]].
19:11:14.414 [main] DEBUG o.s.t.c.s.AbstractGenericContextLoader - Loading ApplicationContext for merged context configuration [[MergedContextConfiguration@f4168b8 testClass = CourtServiceTest, locations = '{}', classes = '{class com.frenchies.tennisclub.service.config.ServiceConfiguration}', contextInitializerClasses = '[]', activeProfiles = '{}', propertySourceLocations = '{}', propertySourceProperties = '{}', contextLoader = 'org.springframework.test.context.support.DelegatingSmartContextLoader', parent = [null]]].
19:11:14.469 [main] DEBUG o.s.core.env.StandardEnvironment - Adding [systemProperties] PropertySource with lowest search precedence
19:11:14.471 [main] DEBUG o.s.core.env.StandardEnvironment - Adding [systemEnvironment] PropertySource with lowest search precedence
19:11:14.471 [main] DEBUG o.s.core.env.StandardEnvironment - Initialized StandardEnvironment with PropertySources [systemProperties,systemEnvironment]
19:11:14.471 [main] DEBUG o.s.t.c.s.AnnotationConfigContextLoader - Registering annotated classes: {class com.frenchies.tennisclub.service.config.ServiceConfiguration}
19:11:14.503 [main] INFO  o.s.c.s.GenericApplicationContext - Refreshing org.springframework.context.support.GenericApplicationContext@3ffcd140: startup date [Sun Nov 26 19:11:14 CET 2017]; root of context hierarchy
19:11:14.503 [main] DEBUG o.s.c.s.GenericApplicationContext - Bean factory for org.springframework.context.support.GenericApplicationContext@3ffcd140: org.springframework.beans.factory.support.DefaultListableBeanFactory@4a22f9e2: defining beans [org.springframework.context.annotation.internalConfigurationAnnotationProcessor,org.springframework.context.annotation.internalAutowiredAnnotationProcessor,org.springframework.context.annotation.internalRequiredAnnotationProcessor,org.springframework.context.annotation.internalCommonAnnotationProcessor,org.springframework.context.annotation.internalPersistenceAnnotationProcessor,serviceConfiguration]; root of factory hierarchy
19:11:14.511 [main] DEBUG o.s.b.f.s.DefaultListableBeanFactory - Creating shared instance of singleton bean 'org.springframework.context.annotation.internalConfigurationAnnotationProcessor'
19:11:14.511 [main] DEBUG o.s.b.f.s.DefaultListableBeanFactory - Creating instance of bean 'org.springframework.context.annotation.internalConfigurationAnnotationProcessor'
19:11:14.521 [main] DEBUG o.s.b.f.s.DefaultListableBeanFactory - Eagerly caching bean 'org.springframework.context.annotation.internalConfigurationAnnotationProcessor' to allow for resolving potential circular references
19:11:14.522 [main] DEBUG o.s.b.f.s.DefaultListableBeanFactory - Finished creating instance of bean 'org.springframework.context.annotation.internalConfigurationAnnotationProcessor'
19:11:14.537 [main] DEBUG o.s.core.env.StandardEnvironment - Adding [systemProperties] PropertySource with lowest search precedence
19:11:14.538 [main] DEBUG o.s.core.env.StandardEnvironment - Adding [systemEnvironment] PropertySource with lowest search precedence
19:11:14.538 [main] DEBUG o.s.core.env.StandardEnvironment - Initialized StandardEnvironment with PropertySources [systemProperties,systemEnvironment]
19:11:14.542 [main] DEBUG o.s.c.a.ClassPathBeanDefinitionScanner - JSR-330 'javax.inject.Named' annotation found and supported for component scanning
19:11:14.558 [main] DEBUG o.s.c.i.s.PathMatchingResourcePatternResolver - Looking for matching resources in directory tree [/home/val/Documents/M2_Masaryk/Java/Seminars/project/tennisClub/tennisclubproject/tennisclub-service/target/test-classes/com/frenchies/tennisclub/service]
19:11:14.558 [main] DEBUG o.s.c.i.s.PathMatchingResourcePatternResolver - Searching directory [/home/val/Documents/M2_Masaryk/Java/Seminars/project/tennisClub/tennisclubproject/tennisclub-service/target/test-classes/com/frenchies/tennisclub/service] for files matching pattern [/home/val/Documents/M2_Masaryk/Java/Seminars/project/tennisClub/tennisclubproject/tennisclub-service/target/test-classes/com/frenchies/tennisclub/service/**/*.class]
19:11:14.561 [main] DEBUG o.s.c.i.s.PathMatchingResourcePatternResolver - Looking for matching resources in directory tree [/home/val/Documents/M2_Masaryk/Java/Seminars/project/tennisClub/tennisclubproject/tennisclub-service/target/classes/com/frenchies/tennisclub/service]
19:11:14.561 [main] DEBUG o.s.c.i.s.PathMatchingResourcePatternResolver - Searching directory [/home/val/Documents/M2_Masaryk/Java/Seminars/project/tennisClub/tennisclubproject/tennisclub-service/target/classes/com/frenchies/tennisclub/service] for files matching pattern [/home/val/Documents/M2_Masaryk/Java/Seminars/project/tennisClub/tennisclubproject/tennisclub-service/target/classes/com/frenchies/tennisclub/service/**/*.class]
19:11:14.562 [main] DEBUG o.s.c.i.s.PathMatchingResourcePatternResolver - Searching directory [/home/val/Documents/M2_Masaryk/Java/Seminars/project/tennisClub/tennisclubproject/tennisclub-service/target/classes/com/frenchies/tennisclub/service/config] for files matching pattern [/home/val/Documents/M2_Masaryk/Java/Seminars/project/tennisClub/tennisclubproject/tennisclub-service/target/classes/com/frenchies/tennisclub/service/**/*.class]
19:11:14.563 [main] DEBUG o.s.c.i.s.PathMatchingResourcePatternResolver - Searching directory [/home/val/Documents/M2_Masaryk/Java/Seminars/project/tennisClub/tennisclubproject/tennisclub-service/target/classes/com/frenchies/tennisclub/service/facade] for files matching pattern [/home/val/Documents/M2_Masaryk/Java/Seminars/project/tennisClub/tennisclubproject/tennisclub-service/target/classes/com/frenchies/tennisclub/service/**/*.class]
19:11:14.564 [main] DEBUG o.s.c.i.s.PathMatchingResourcePatternResolver - Resolved location pattern [classpath*:com/frenchies/tennisclub/service/**/*.class] to resources [file [/home/val/Documents/M2_Masaryk/Java/Seminars/project/tennisClub/tennisclubproject/tennisclub-service/target/test-classes/com/frenchies/tennisclub/service/CourtServiceTest.class], file [/home/val/Documents/M2_Masaryk/Java/Seminars/project/tennisClub/tennisclubproject/tennisclub-service/target/test-classes/com/frenchies/tennisclub/service/BeanMappingServiceTest.class], file [/home/val/Documents/M2_Masaryk/Java/Seminars/project/tennisClub/tennisclubproject/tennisclub-service/target/test-classes/com/frenchies/tennisclub/service/BookingServiceTest.class], file [/home/val/Documents/M2_Masaryk/Java/Seminars/project/tennisClub/tennisclubproject/tennisclub-service/target/classes/com/frenchies/tennisclub/service/UserServiceImpl.class], file [/home/val/Documents/M2_Masaryk/Java/Seminars/project/tennisClub/tennisclubproject/tennisclub-service/target/classes/com/frenchies/tennisclub/service/config/ServiceConfiguration.class], file [/home/val/Documents/M2_Masaryk/Java/Seminars/project/tennisClub/tennisclubproject/tennisclub-service/target/classes/com/frenchies/tennisclub/service/config/ServiceConfiguration$DozerCustomConfig.class], file [/home/val/Documents/M2_Masaryk/Java/Seminars/project/tennisClub/tennisclubproject/tennisclub-service/target/classes/com/frenchies/tennisclub/service/BookingServiceImpl.class], file [/home/val/Documents/M2_Masaryk/Java/Seminars/project/tennisClub/tennisclubproject/tennisclub-service/target/classes/com/frenchies/tennisclub/service/UserService.class], file [/home/val/Documents/M2_Masaryk/Java/Seminars/project/tennisClub/tennisclubproject/tennisclub-service/target/classes/com/frenchies/tennisclub/service/facade/CourtFacadeImpl.class], file [/home/val/Documents/M2_Masaryk/Java/Seminars/project/tennisClub/tennisclubproject/tennisclub-service/target/classes/com/frenchies/tennisclub/service/facade/UserFacadeImpl.class], file [/home/val/Documents/M2_Masaryk/Java/Seminars/project/tennisClub/tennisclubproject/tennisclub-service/target/classes/com/frenchies/tennisclub/service/facade/BookingFacadeImpl.class], file [/home/val/Documents/M2_Masaryk/Java/Seminars/project/tennisClub/tennisclubproject/tennisclub-service/target/classes/com/frenchies/tennisclub/service/BookingService.class], file [/home/val/Documents/M2_Masaryk/Java/Seminars/project/tennisClub/tennisclubproject/tennisclub-service/target/classes/com/frenchies/tennisclub/service/TimeServiceImpl.class], file [/home/val/Documents/M2_Masaryk/Java/Seminars/project/tennisClub/tennisclubproject/tennisclub-service/target/classes/com/frenchies/tennisclub/service/CourtService.class], file [/home/val/Documents/M2_Masaryk/Java/Seminars/project/tennisClub/tennisclubproject/tennisclub-service/target/classes/com/frenchies/tennisclub/service/CourtServiceImpl.class], file [/home/val/Documents/M2_Masaryk/Java/Seminars/project/tennisClub/tennisclubproject/tennisclub-service/target/classes/com/frenchies/tennisclub/service/TimeService.class]]
19:11:14.579 [main] DEBUG o.s.c.a.ClassPathBeanDefinitionScanner - Identified candidate component class: file [/home/val/Documents/M2_Masaryk/Java/Seminars/project/tennisClub/tennisclubproject/tennisclub-service/target/classes/com/frenchies/tennisclub/service/UserServiceImpl.class]
19:11:14.581 [main] DEBUG o.s.c.a.ClassPathBeanDefinitionScanner - Identified candidate component class: file [/home/val/Documents/M2_Masaryk/Java/Seminars/project/tennisClub/tennisclubproject/tennisclub-service/target/classes/com/frenchies/tennisclub/service/BookingServiceImpl.class]
19:11:14.581 [main] DEBUG o.s.c.a.ClassPathBeanDefinitionScanner - Ignored because not a concrete top-level class: file [/home/val/Documents/M2_Masaryk/Java/Seminars/project/tennisClub/tennisclubproject/tennisclub-service/target/classes/com/frenchies/tennisclub/service/UserService.class]
19:11:14.582 [main] DEBUG o.s.c.a.ClassPathBeanDefinitionScanner - Identified candidate component class: file [/home/val/Documents/M2_Masaryk/Java/Seminars/project/tennisClub/tennisclubproject/tennisclub-service/target/classes/com/frenchies/tennisclub/service/facade/CourtFacadeImpl.class]
19:11:14.583 [main] DEBUG o.s.c.a.ClassPathBeanDefinitionScanner - Identified candidate component class: file [/home/val/Documents/M2_Masaryk/Java/Seminars/project/tennisClub/tennisclubproject/tennisclub-service/target/classes/com/frenchies/tennisclub/service/facade/UserFacadeImpl.class]
19:11:14.583 [main] DEBUG o.s.c.a.ClassPathBeanDefinitionScanner - Identified candidate component class: file [/home/val/Documents/M2_Masaryk/Java/Seminars/project/tennisClub/tennisclubproject/tennisclub-service/target/classes/com/frenchies/tennisclub/service/facade/BookingFacadeImpl.class]
19:11:14.583 [main] DEBUG o.s.c.a.ClassPathBeanDefinitionScanner - Ignored because not a concrete top-level class: file [/home/val/Documents/M2_Masaryk/Java/Seminars/project/tennisClub/tennisclubproject/tennisclub-service/target/classes/com/frenchies/tennisclub/service/BookingService.class]
19:11:14.584 [main] DEBUG o.s.c.a.ClassPathBeanDefinitionScanner - Identified candidate component class: file [/home/val/Documents/M2_Masaryk/Java/Seminars/project/tennisClub/tennisclubproject/tennisclub-service/target/classes/com/frenchies/tennisclub/service/TimeServiceImpl.class]
19:11:14.584 [main] DEBUG o.s.c.a.ClassPathBeanDefinitionScanner - Ignored because not a concrete top-level class: file [/home/val/Documents/M2_Masaryk/Java/Seminars/project/tennisClub/tennisclubproject/tennisclub-service/target/classes/com/frenchies/tennisclub/service/CourtService.class]
19:11:14.584 [main] DEBUG o.s.c.a.ClassPathBeanDefinitionScanner - Identified candidate component class: file [/home/val/Documents/M2_Masaryk/Java/Seminars/project/tennisClub/tennisclubproject/tennisclub-service/target/classes/com/frenchies/tennisclub/service/CourtServiceImpl.class]
19:11:14.584 [main] DEBUG o.s.c.a.ClassPathBeanDefinitionScanner - Ignored because not a concrete top-level class: file [/home/val/Documents/M2_Masaryk/Java/Seminars/project/tennisClub/tennisclubproject/tennisclub-service/target/classes/com/frenchies/tennisclub/service/TimeService.class]
19:11:14.586 [main] DEBUG o.s.c.i.s.PathMatchingResourcePatternResolver - Looking for matching resources in directory tree [/home/val/Documents/M2_Masaryk/Java/Seminars/project/tennisClub/tennisclubproject/tennisclub-service/target/classes/com/frenchies/tennisclub/service/facade]
19:11:14.586 [main] DEBUG o.s.c.i.s.PathMatchingResourcePatternResolver - Searching directory [/home/val/Documents/M2_Masaryk/Java/Seminars/project/tennisClub/tennisclubproject/tennisclub-service/target/classes/com/frenchies/tennisclub/service/facade] for files matching pattern [/home/val/Documents/M2_Masaryk/Java/Seminars/project/tennisClub/tennisclubproject/tennisclub-service/target/classes/com/frenchies/tennisclub/service/facade/**/*.class]
19:11:14.586 [main] DEBUG o.s.c.i.s.PathMatchingResourcePatternResolver - Resolved location pattern [classpath*:com/frenchies/tennisclub/service/facade/**/*.class] to resources [file [/home/val/Documents/M2_Masaryk/Java/Seminars/project/tennisClub/tennisclubproject/tennisclub-service/target/classes/com/frenchies/tennisclub/service/facade/CourtFacadeImpl.class], file [/home/val/Documents/M2_Masaryk/Java/Seminars/project/tennisClub/tennisclubproject/tennisclub-service/target/classes/com/frenchies/tennisclub/service/facade/UserFacadeImpl.class], file [/home/val/Documents/M2_Masaryk/Java/Seminars/project/tennisClub/tennisclubproject/tennisclub-service/target/classes/com/frenchies/tennisclub/service/facade/BookingFacadeImpl.class]]
19:11:14.587 [main] DEBUG o.s.c.a.ClassPathBeanDefinitionScanner - Identified candidate component class: file [/home/val/Documents/M2_Masaryk/Java/Seminars/project/tennisClub/tennisclubproject/tennisclub-service/target/classes/com/frenchies/tennisclub/service/facade/CourtFacadeImpl.class]
19:11:14.587 [main] DEBUG o.s.c.a.ClassPathBeanDefinitionScanner - Identified candidate component class: file [/home/val/Documents/M2_Masaryk/Java/Seminars/project/tennisClub/tennisclubproject/tennisclub-service/target/classes/com/frenchies/tennisclub/service/facade/UserFacadeImpl.class]
19:11:14.587 [main] DEBUG o.s.c.a.ClassPathBeanDefinitionScanner - Identified candidate component class: file [/home/val/Documents/M2_Masaryk/Java/Seminars/project/tennisClub/tennisclubproject/tennisclub-service/target/classes/com/frenchies/tennisclub/service/facade/BookingFacadeImpl.class]
19:11:14.612 [main] DEBUG o.s.core.env.StandardEnvironment - Adding [systemProperties] PropertySource with lowest search precedence
19:11:14.612 [main] DEBUG o.s.core.env.StandardEnvironment - Adding [systemEnvironment] PropertySource with lowest search precedence
19:11:14.612 [main] DEBUG o.s.core.env.StandardEnvironment - Initialized StandardEnvironment with PropertySources [systemProperties,systemEnvironment]
19:11:14.612 [main] DEBUG o.s.c.a.ClassPathBeanDefinitionScanner - JSR-330 'javax.inject.Named' annotation found and supported for component scanning
19:11:14.613 [main] DEBUG o.s.c.i.s.PathMatchingResourcePatternResolver - Looking for matching resources in directory tree [/home/val/Documents/M2_Masaryk/Java/Seminars/project/tennisClub/tennisclubproject/tennisclub-service/target/test-classes/com/frenchies/tennisclub]
19:11:14.613 [main] DEBUG o.s.c.i.s.PathMatchingResourcePatternResolver - Searching directory [/home/val/Documents/M2_Masaryk/Java/Seminars/project/tennisClub/tennisclubproject/tennisclub-service/target/test-classes/com/frenchies/tennisclub] for files matching pattern [/home/val/Documents/M2_Masaryk/Java/Seminars/project/tennisClub/tennisclubproject/tennisclub-service/target/test-classes/com/frenchies/tennisclub/**/*.class]
19:11:14.613 [main] DEBUG o.s.c.i.s.PathMatchingResourcePatternResolver - Searching directory [/home/val/Documents/M2_Masaryk/Java/Seminars/project/tennisClub/tennisclubproject/tennisclub-service/target/test-classes/com/frenchies/tennisclub/service] for files matching pattern [/home/val/Documents/M2_Masaryk/Java/Seminars/project/tennisClub/tennisclubproject/tennisclub-service/target/test-classes/com/frenchies/tennisclub/**/*.class]
19:11:14.613 [main] DEBUG o.s.c.i.s.PathMatchingResourcePatternResolver - Searching directory [/home/val/Documents/M2_Masaryk/Java/Seminars/project/tennisClub/tennisclubproject/tennisclub-service/target/test-classes/com/frenchies/tennisclub/facade] for files matching pattern [/home/val/Documents/M2_Masaryk/Java/Seminars/project/tennisClub/tennisclubproject/tennisclub-service/target/test-classes/com/frenchies/tennisclub/**/*.class]
19:11:14.614 [main] DEBUG o.s.c.i.s.PathMatchingResourcePatternResolver - Looking for matching resources in directory tree [/home/val/Documents/M2_Masaryk/Java/Seminars/project/tennisClub/tennisclubproject/tennisclub-service/target/classes/com/frenchies/tennisclub]
19:11:14.614 [main] DEBUG o.s.c.i.s.PathMatchingResourcePatternResolver - Searching directory [/home/val/Documents/M2_Masaryk/Java/Seminars/project/tennisClub/tennisclubproject/tennisclub-service/target/classes/com/frenchies/tennisclub] for files matching pattern [/home/val/Documents/M2_Masaryk/Java/Seminars/project/tennisClub/tennisclubproject/tennisclub-service/target/classes/com/frenchies/tennisclub/**/*.class]
19:11:14.614 [main] DEBUG o.s.c.i.s.PathMatchingResourcePatternResolver - Searching directory [/home/val/Documents/M2_Masaryk/Java/Seminars/project/tennisClub/tennisclubproject/tennisclub-service/target/classes/com/frenchies/tennisclub/service] for files matching pattern [/home/val/Documents/M2_Masaryk/Java/Seminars/project/tennisClub/tennisclubproject/tennisclub-service/target/classes/com/frenchies/tennisclub/**/*.class]
19:11:14.614 [main] DEBUG o.s.c.i.s.PathMatchingResourcePatternResolver - Searching directory [/home/val/Documents/M2_Masaryk/Java/Seminars/project/tennisClub/tennisclubproject/tennisclub-service/target/classes/com/frenchies/tennisclub/service/config] for files matching pattern [/home/val/Documents/M2_Masaryk/Java/Seminars/project/tennisClub/tennisclubproject/tennisclub-service/target/classes/com/frenchies/tennisclub/**/*.class]
19:11:14.614 [main] DEBUG o.s.c.i.s.PathMatchingResourcePatternResolver - Searching directory [/home/val/Documents/M2_Masaryk/Java/Seminars/project/tennisClub/tennisclubproject/tennisclub-service/target/classes/com/frenchies/tennisclub/service/facade] for files matching pattern [/home/val/Documents/M2_Masaryk/Java/Seminars/project/tennisClub/tennisclubproject/tennisclub-service/target/classes/com/frenchies/tennisclub/**/*.class]
19:11:14.615 [main] DEBUG o.s.c.i.s.PathMatchingResourcePatternResolver - Searching directory [/home/val/Documents/M2_Masaryk/Java/Seminars/project/tennisClub/tennisclubproject/tennisclub-service/target/classes/com/frenchies/tennisclub/mappers] for files matching pattern [/home/val/Documents/M2_Masaryk/Java/Seminars/project/tennisClub/tennisclubproject/tennisclub-service/target/classes/com/frenchies/tennisclub/**/*.class]
19:11:14.615 [main] DEBUG o.s.c.i.s.PathMatchingResourcePatternResolver - Looking for matching resources in jar file [file:/home/val/Documents/M2_Masaryk/Java/Seminars/project/tennisClub/tennisclubproject/tennisclub-api/target/tennisclub-api-1.0-SNAPSHOT.jar]
19:11:14.616 [main] DEBUG o.s.c.i.s.PathMatchingResourcePatternResolver - Looking for matching resources in jar file [file:/home/val/Documents/M2_Masaryk/Java/Seminars/project/tennisClub/tennisclubproject/tennisclub-persistence/target/tennisclub-persistence-1.0-SNAPSHOT.jar]
19:11:14.617 [main] DEBUG o.s.c.i.s.PathMatchingResourcePatternResolver - Resolved location pattern [classpath*:com/frenchies/tennisclub/**/*.class] to resources [file [/home/val/Documents/M2_Masaryk/Java/Seminars/project/tennisClub/tennisclubproject/tennisclub-service/target/test-classes/com/frenchies/tennisclub/service/CourtServiceTest.class], file [/home/val/Documents/M2_Masaryk/Java/Seminars/project/tennisClub/tennisclubproject/tennisclub-service/target/test-classes/com/frenchies/tennisclub/service/BeanMappingServiceTest.class], file [/home/val/Documents/M2_Masaryk/Java/Seminars/project/tennisClub/tennisclubproject/tennisclub-service/target/test-classes/com/frenchies/tennisclub/service/BookingServiceTest.class], file [/home/val/Documents/M2_Masaryk/Java/Seminars/project/tennisClub/tennisclubproject/tennisclub-service/target/test-classes/com/frenchies/tennisclub/facade/BookingFacadeTest.class], file [/home/val/Documents/M2_Masaryk/Java/Seminars/project/tennisClub/tennisclubproject/tennisclub-service/target/classes/com/frenchies/tennisclub/service/UserServiceImpl.class], file [/home/val/Documents/M2_Masaryk/Java/Seminars/project/tennisClub/tennisclubproject/tennisclub-service/target/classes/com/frenchies/tennisclub/service/config/ServiceConfiguration.class], file [/home/val/Documents/M2_Masaryk/Java/Seminars/project/tennisClub/tennisclubproject/tennisclub-service/target/classes/com/frenchies/tennisclub/service/config/ServiceConfiguration$DozerCustomConfig.class], file [/home/val/Documents/M2_Masaryk/Java/Seminars/project/tennisClub/tennisclubproject/tennisclub-service/target/classes/com/frenchies/tennisclub/service/BookingServiceImpl.class], file [/home/val/Documents/M2_Masaryk/Java/Seminars/project/tennisClub/tennisclubproject/tennisclub-service/target/classes/com/frenchies/tennisclub/service/UserService.class], file [/home/val/Documents/M2_Masaryk/Java/Seminars/project/tennisClub/tennisclubproject/tennisclub-service/target/classes/com/frenchies/tennisclub/service/facade/CourtFacadeImpl.class], file [/home/val/Documents/M2_Masaryk/Java/Seminars/project/tennisClub/tennisclubproject/tennisclub-service/target/classes/com/frenchies/tennisclub/service/facade/UserFacadeImpl.class], file [/home/val/Documents/M2_Masaryk/Java/Seminars/project/tennisClub/tennisclubproject/tennisclub-service/target/classes/com/frenchies/tennisclub/service/facade/BookingFacadeImpl.class], file [/home/val/Documents/M2_Masaryk/Java/Seminars/project/tennisClub/tennisclubproject/tennisclub-service/target/classes/com/frenchies/tennisclub/service/BookingService.class], file [/home/val/Documents/M2_Masaryk/Java/Seminars/project/tennisClub/tennisclubproject/tennisclub-service/target/classes/com/frenchies/tennisclub/service/TimeServiceImpl.class], file [/home/val/Documents/M2_Masaryk/Java/Seminars/project/tennisClub/tennisclubproject/tennisclub-service/target/classes/com/frenchies/tennisclub/service/CourtService.class], file [/home/val/Documents/M2_Masaryk/Java/Seminars/project/tennisClub/tennisclubproject/tennisclub-service/target/classes/com/frenchies/tennisclub/service/CourtServiceImpl.class], file [/home/val/Documents/M2_Masaryk/Java/Seminars/project/tennisClub/tennisclubproject/tennisclub-service/target/classes/com/frenchies/tennisclub/service/TimeService.class], file [/home/val/Documents/M2_Masaryk/Java/Seminars/project/tennisClub/tennisclubproject/tennisclub-service/target/classes/com/frenchies/tennisclub/mappers/BeanMappingService.class], file [/home/val/Documents/M2_Masaryk/Java/Seminars/project/tennisClub/tennisclubproject/tennisclub-service/target/classes/com/frenchies/tennisclub/mappers/BeanMappingServiceImpl.class], URL [jar:file:/home/val/Documents/M2_Masaryk/Java/Seminars/project/tennisClub/tennisclubproject/tennisclub-api/target/tennisclub-api-1.0-SNAPSHOT.jar!/com/frenchies/tennisclub/dto/CourtCreateDTO.class], URL [jar:file:/home/val/Documents/M2_Masaryk/Java/Seminars/project/tennisClub/tennisclubproject/tennisclub-api/target/tennisclub-api-1.0-SNAPSHOT.jar!/com/frenchies/tennisclub/dto/BookingDTO.class], URL [jar:file:/home/val/Documents/M2_Masaryk/Java/Seminars/project/tennisClub/tennisclubproject/tennisclub-api/target/tennisclub-api-1.0-SNAPSHOT.jar!/com/frenchies/tennisclub/dto/UserUpdateDTO.class], URL [jar:file:/home/val/Documents/M2_Masaryk/Java/Seminars/project/tennisClub/tennisclubproject/tennisclub-api/target/tennisclub-api-1.0-SNAPSHOT.jar!/com/frenchies/tennisclub/dto/BookingCreateDTO.class], URL [jar:file:/home/val/Documents/M2_Masaryk/Java/Seminars/project/tennisClub/tennisclubproject/tennisclub-api/target/tennisclub-api-1.0-SNAPSHOT.jar!/com/frenchies/tennisclub/dto/UserAuthenticateDTO.class], URL [jar:file:/home/val/Documents/M2_Masaryk/Java/Seminars/project/tennisClub/tennisclubproject/tennisclub-api/target/tennisclub-api-1.0-SNAPSHOT.jar!/com/frenchies/tennisclub/dto/CourtDTO.class], URL [jar:file:/home/val/Documents/M2_Masaryk/Java/Seminars/project/tennisClub/tennisclubproject/tennisclub-api/target/tennisclub-api-1.0-SNAPSHOT.jar!/com/frenchies/tennisclub/dto/UserUpdatePasswordDTO.class], URL [jar:file:/home/val/Documents/M2_Masaryk/Java/Seminars/project/tennisClub/tennisclubproject/tennisclub-api/target/tennisclub-api-1.0-SNAPSHOT.jar!/com/frenchies/tennisclub/dto/UserDTO.class], URL [jar:file:/home/val/Documents/M2_Masaryk/Java/Seminars/project/tennisClub/tennisclubproject/tennisclub-api/target/tennisclub-api-1.0-SNAPSHOT.jar!/com/frenchies/tennisclub/facade/BookingFacade.class], URL [jar:file:/home/val/Documents/M2_Masaryk/Java/Seminars/project/tennisClub/tennisclubproject/tennisclub-api/target/tennisclub-api-1.0-SNAPSHOT.jar!/com/frenchies/tennisclub/facade/CourtFacade.class], URL [jar:file:/home/val/Documents/M2_Masaryk/Java/Seminars/project/tennisClub/tennisclubproject/tennisclub-api/target/tennisclub-api-1.0-SNAPSHOT.jar!/com/frenchies/tennisclub/facade/UserFacade.class], URL [jar:file:/home/val/Documents/M2_Masaryk/Java/Seminars/project/tennisClub/tennisclubproject/tennisclub-api/target/tennisclub-api-1.0-SNAPSHOT.jar!/com/frenchies/tennisclub/enums/Hour24.class], URL [jar:file:/home/val/Documents/M2_Masaryk/Java/Seminars/project/tennisClub/tennisclubproject/tennisclub-api/target/tennisclub-api-1.0-SNAPSHOT.jar!/com/frenchies/tennisclub/enums/CourtType.class], URL [jar:file:/home/val/Documents/M2_Masaryk/Java/Seminars/project/tennisClub/tennisclubproject/tennisclub-api/target/tennisclub-api-1.0-SNAPSHOT.jar!/com/frenchies/tennisclub/enums/Status.class], URL [jar:file:/home/val/Documents/M2_Masaryk/Java/Seminars/project/tennisClub/tennisclubproject/tennisclub-api/target/tennisclub-api-1.0-SNAPSHOT.jar!/com/frenchies/tennisclub/exceptions/UserAuthentificationException.class], URL [jar:file:/home/val/Documents/M2_Masaryk/Java/Seminars/project/tennisClub/tennisclubproject/tennisclub-persistence/target/tennisclub-persistence-1.0-SNAPSHOT.jar!/com/frenchies/tennisclub/entity/Booking.class], URL [jar:file:/home/val/Documents/M2_Masaryk/Java/Seminars/project/tennisClub/tennisclubproject/tennisclub-persistence/target/tennisclub-persistence-1.0-SNAPSHOT.jar!/com/frenchies/tennisclub/entity/User.class], URL [jar:file:/home/val/Documents/M2_Masaryk/Java/Seminars/project/tennisClub/tennisclubproject/tennisclub-persistence/target/tennisclub-persistence-1.0-SNAPSHOT.jar!/com/frenchies/tennisclub/entity/Court.class], URL [jar:file:/home/val/Documents/M2_Masaryk/Java/Seminars/project/tennisClub/tennisclubproject/tennisclub-persistence/target/tennisclub-persistence-1.0-SNAPSHOT.jar!/com/frenchies/tennisclub/enums/Hour24.class], URL [jar:file:/home/val/Documents/M2_Masaryk/Java/Seminars/project/tennisClub/tennisclubproject/tennisclub-persistence/target/tennisclub-persistence-1.0-SNAPSHOT.jar!/com/frenchies/tennisclub/enums/CourtType.class], URL [jar:file:/home/val/Documents/M2_Masaryk/Java/Seminars/project/tennisClub/tennisclubproject/tennisclub-persistence/target/tennisclub-persistence-1.0-SNAPSHOT.jar!/com/frenchies/tennisclub/enums/Status.class], URL [jar:file:/home/val/Documents/M2_Masaryk/Java/Seminars/project/tennisClub/tennisclubproject/tennisclub-persistence/target/tennisclub-persistence-1.0-SNAPSHOT.jar!/com/frenchies/tennisclub/PersistenceSampleApplicationContext.class], URL [jar:file:/home/val/Documents/M2_Masaryk/Java/Seminars/project/tennisClub/tennisclubproject/tennisclub-persistence/target/tennisclub-persistence-1.0-SNAPSHOT.jar!/com/frenchies/tennisclub/dao/UserDaoImpl.class], URL [jar:file:/home/val/Documents/M2_Masaryk/Java/Seminars/project/tennisClub/tennisclubproject/tennisclub-persistence/target/tennisclub-persistence-1.0-SNAPSHOT.jar!/com/frenchies/tennisclub/dao/BookingDaoImpl.class], URL [jar:file:/home/val/Documents/M2_Masaryk/Java/Seminars/project/tennisClub/tennisclubproject/tennisclub-persistence/target/tennisclub-persistence-1.0-SNAPSHOT.jar!/com/frenchies/tennisclub/dao/BookingDao.class], URL [jar:file:/home/val/Documents/M2_Masaryk/Java/Seminars/project/tennisClub/tennisclubproject/tennisclub-persistence/target/tennisclub-persistence-1.0-SNAPSHOT.jar!/com/frenchies/tennisclub/dao/UserDao.class], URL [jar:file:/home/val/Documents/M2_Masaryk/Java/Seminars/project/tennisClub/tennisclubproject/tennisclub-persistence/target/tennisclub-persistence-1.0-SNAPSHOT.jar!/com/frenchies/tennisclub/dao/CourtDaoImpl.class], URL [jar:file:/home/val/Documents/M2_Masaryk/Java/Seminars/project/tennisClub/tennisclubproject/tennisclub-persistence/target/tennisclub-persistence-1.0-SNAPSHOT.jar!/com/frenchies/tennisclub/dao/CourtDao.class]]
19:11:14.620 [main] DEBUG o.s.c.a.ClassPathBeanDefinitionScanner - Identified candidate component class: file [/home/val/Documents/M2_Masaryk/Java/Seminars/project/tennisClub/tennisclubproject/tennisclub-service/target/classes/com/frenchies/tennisclub/service/UserServiceImpl.class]
19:11:14.621 [main] DEBUG o.s.c.a.ClassPathBeanDefinitionScanner - Identified candidate component class: file [/home/val/Documents/M2_Masaryk/Java/Seminars/project/tennisClub/tennisclubproject/tennisclub-service/target/classes/com/frenchies/tennisclub/service/config/ServiceConfiguration.class]
19:11:14.621 [main] DEBUG o.s.c.a.ClassPathBeanDefinitionScanner - Identified candidate component class: file [/home/val/Documents/M2_Masaryk/Java/Seminars/project/tennisClub/tennisclubproject/tennisclub-service/target/classes/com/frenchies/tennisclub/service/BookingServiceImpl.class]
19:11:14.621 [main] DEBUG o.s.c.a.ClassPathBeanDefinitionScanner - Ignored because not a concrete top-level class: file [/home/val/Documents/M2_Masaryk/Java/Seminars/project/tennisClub/tennisclubproject/tennisclub-service/target/classes/com/frenchies/tennisclub/service/UserService.class]
19:11:14.622 [main] DEBUG o.s.c.a.ClassPathBeanDefinitionScanner - Identified candidate component class: file [/home/val/Documents/M2_Masaryk/Java/Seminars/project/tennisClub/tennisclubproject/tennisclub-service/target/classes/com/frenchies/tennisclub/service/facade/CourtFacadeImpl.class]
19:11:14.622 [main] DEBUG o.s.c.a.ClassPathBeanDefinitionScanner - Identified candidate component class: file [/home/val/Documents/M2_Masaryk/Java/Seminars/project/tennisClub/tennisclubproject/tennisclub-service/target/classes/com/frenchies/tennisclub/service/facade/UserFacadeImpl.class]
19:11:14.623 [main] DEBUG o.s.c.a.ClassPathBeanDefinitionScanner - Identified candidate component class: file [/home/val/Documents/M2_Masaryk/Java/Seminars/project/tennisClub/tennisclubproject/tennisclub-service/target/classes/com/frenchies/tennisclub/service/facade/BookingFacadeImpl.class]
19:11:14.623 [main] DEBUG o.s.c.a.ClassPathBeanDefinitionScanner - Ignored because not a concrete top-level class: file [/home/val/Documents/M2_Masaryk/Java/Seminars/project/tennisClub/tennisclubproject/tennisclub-service/target/classes/com/frenchies/tennisclub/service/BookingService.class]
19:11:14.624 [main] DEBUG o.s.c.a.ClassPathBeanDefinitionScanner - Identified candidate component class: file [/home/val/Documents/M2_Masaryk/Java/Seminars/project/tennisClub/tennisclubproject/tennisclub-service/target/classes/com/frenchies/tennisclub/service/TimeServiceImpl.class]
19:11:14.624 [main] DEBUG o.s.c.a.ClassPathBeanDefinitionScanner - Ignored because not a concrete top-level class: file [/home/val/Documents/M2_Masaryk/Java/Seminars/project/tennisClub/tennisclubproject/tennisclub-service/target/classes/com/frenchies/tennisclub/service/CourtService.class]
19:11:14.624 [main] DEBUG o.s.c.a.ClassPathBeanDefinitionScanner - Identified candidate component class: file [/home/val/Documents/M2_Masaryk/Java/Seminars/project/tennisClub/tennisclubproject/tennisclub-service/target/classes/com/frenchies/tennisclub/service/CourtServiceImpl.class]
19:11:14.624 [main] DEBUG o.s.c.a.ClassPathBeanDefinitionScanner - Ignored because not a concrete top-level class: file [/home/val/Documents/M2_Masaryk/Java/Seminars/project/tennisClub/tennisclubproject/tennisclub-service/target/classes/com/frenchies/tennisclub/service/TimeService.class]
19:11:14.624 [main] DEBUG o.s.c.a.ClassPathBeanDefinitionScanner - Ignored because not a concrete top-level class: file [/home/val/Documents/M2_Masaryk/Java/Seminars/project/tennisClub/tennisclubproject/tennisclub-service/target/classes/com/frenchies/tennisclub/mappers/BeanMappingService.class]
19:11:14.625 [main] DEBUG o.s.c.a.ClassPathBeanDefinitionScanner - Identified candidate component class: file [/home/val/Documents/M2_Masaryk/Java/Seminars/project/tennisClub/tennisclubproject/tennisclub-service/target/classes/com/frenchies/tennisclub/mappers/BeanMappingServiceImpl.class]
19:11:14.636 [main] DEBUG o.s.c.a.ClassPathBeanDefinitionScanner - Identified candidate component class: URL [jar:file:/home/val/Documents/M2_Masaryk/Java/Seminars/project/tennisClub/tennisclubproject/tennisclub-persistence/target/tennisclub-persistence-1.0-SNAPSHOT.jar!/com/frenchies/tennisclub/dao/UserDaoImpl.class]
19:11:14.637 [main] DEBUG o.s.c.a.ClassPathBeanDefinitionScanner - Identified candidate component class: URL [jar:file:/home/val/Documents/M2_Masaryk/Java/Seminars/project/tennisClub/tennisclubproject/tennisclub-persistence/target/tennisclub-persistence-1.0-SNAPSHOT.jar!/com/frenchies/tennisclub/dao/BookingDaoImpl.class]
19:11:14.638 [main] DEBUG o.s.c.a.ClassPathBeanDefinitionScanner - Identified candidate component class: URL [jar:file:/home/val/Documents/M2_Masaryk/Java/Seminars/project/tennisClub/tennisclubproject/tennisclub-persistence/target/tennisclub-persistence-1.0-SNAPSHOT.jar!/com/frenchies/tennisclub/dao/CourtDaoImpl.class]
19:11:14.669 [main] DEBUG o.s.c.a.ConfigurationClassBeanDefinitionReader - Registered bean definition for imported class 'org.springframework.transaction.annotation.ProxyTransactionManagementConfiguration'
19:11:14.670 [main] DEBUG o.s.c.a.ConfigurationClassBeanDefinitionReader - Registering bean definition for @Bean method org.springframework.transaction.annotation.ProxyTransactionManagementConfiguration.org.springframework.transaction.config.internalTransactionAdvisor()
19:11:14.671 [main] DEBUG o.s.c.a.ConfigurationClassBeanDefinitionReader - Registering bean definition for @Bean method org.springframework.transaction.annotation.ProxyTransactionManagementConfiguration.transactionAttributeSource()
19:11:14.671 [main] DEBUG o.s.c.a.ConfigurationClassBeanDefinitionReader - Registering bean definition for @Bean method org.springframework.transaction.annotation.ProxyTransactionManagementConfiguration.transactionInterceptor()
19:11:14.672 [main] DEBUG o.s.c.a.ConfigurationClassBeanDefinitionReader - Registered bean definition for imported class 'com.frenchies.tennisclub.PersistenceSampleApplicationContext'
19:11:14.673 [main] DEBUG o.s.c.a.ConfigurationClassBeanDefinitionReader - Registering bean definition for @Bean method com.frenchies.tennisclub.PersistenceSampleApplicationContext.transactionManager()
19:11:14.673 [main] DEBUG o.s.c.a.ConfigurationClassBeanDefinitionReader - Registering bean definition for @Bean method com.frenchies.tennisclub.PersistenceSampleApplicationContext.db()
19:11:14.674 [main] DEBUG o.s.c.a.ConfigurationClassBeanDefinitionReader - Registering bean definition for @Bean method com.frenchies.tennisclub.PersistenceSampleApplicationContext.entityManagerFactory()
19:11:14.674 [main] DEBUG o.s.c.a.ConfigurationClassBeanDefinitionReader - Registering bean definition for @Bean method com.frenchies.tennisclub.PersistenceSampleApplicationContext.localValidatorFactoryBean()
19:11:14.674 [main] DEBUG o.s.c.a.ConfigurationClassBeanDefinitionReader - Registering bean definition for @Bean method com.frenchies.tennisclub.PersistenceSampleApplicationContext.instrumentationLoadTimeWeaver()
19:11:14.683 [main] DEBUG o.s.core.env.StandardEnvironment - Adding [systemProperties] PropertySource with lowest search precedence
19:11:14.684 [main] DEBUG o.s.core.env.StandardEnvironment - Adding [systemEnvironment] PropertySource with lowest search precedence
19:11:14.684 [main] DEBUG o.s.core.env.StandardEnvironment - Initialized StandardEnvironment with PropertySources [systemProperties,systemEnvironment]
19:11:14.685 [main] DEBUG o.s.c.i.s.PathMatchingResourcePatternResolver - Looking for matching resources in jar file [file:/home/val/.m2/repository/org/springframework/data/spring-data-jpa/1.7.4.RELEASE/spring-data-jpa-1.7.4.RELEASE.jar]
19:11:14.690 [main] DEBUG o.s.c.i.s.PathMatchingResourcePatternResolver - Looking for matching resources in jar file [file:/home/val/.m2/repository/org/springframework/data/spring-data-commons/1.9.4.RELEASE/spring-data-commons-1.9.4.RELEASE.jar]
19:11:14.698 [main] DEBUG o.s.c.i.s.PathMatchingResourcePatternResolver - Resolved location pattern [classpath*:org/springframework/data/**/repository/support/**/*.class] to resources [URL [jar:file:/home/val/.m2/repository/org/springframework/data/spring-data-jpa/1.7.4.RELEASE/spring-data-jpa-1.7.4.RELEASE.jar!/org/springframework/data/jpa/repository/support/Querydsl$1.class], URL [jar:file:/home/val/.m2/repository/org/springframework/data/spring-data-jpa/1.7.4.RELEASE/spring-data-jpa-1.7.4.RELEASE.jar!/org/springframework/data/jpa/repository/support/CrudMethodMetadataPostProcessor$ThreadBoundTargetSource.class], URL [jar:file:/home/val/.m2/repository/org/springframework/data/spring-data-jpa/1.7.4.RELEASE/spring-data-jpa-1.7.4.RELEASE.jar!/org/springframework/data/jpa/repository/support/JpaPersistableEntityInformation.class], URL [jar:file:/home/val/.m2/repository/org/springframework/data/spring-data-jpa/1.7.4.RELEASE/spring-data-jpa-1.7.4.RELEASE.jar!/org/springframework/data/jpa/repository/support/PersistenceProvider$4.class], URL [jar:file:/home/val/.m2/repository/org/springframework/data/spring-data-jpa/1.7.4.RELEASE/spring-data-jpa-1.7.4.RELEASE.jar!/org/springframework/data/jpa/repository/support/CrudMethodMetadataPostProcessor.class], URL [jar:file:/home/val/.m2/repository/org/springframework/data/spring-data-jpa/1.7.4.RELEASE/spring-data-jpa-1.7.4.RELEASE.jar!/org/springframework/data/jpa/repository/support/CrudMethodMetadataPostProcessor$1.class], URL [jar:file:/home/val/.m2/repository/org/springframework/data/spring-data-jpa/1.7.4.RELEASE/spring-data-jpa-1.7.4.RELEASE.jar!/org/springframework/data/jpa/repository/support/JpaEntityInformation.class], URL [jar:file:/home/val/.m2/repository/org/springframework/data/spring-data-jpa/1.7.4.RELEASE/spring-data-jpa-1.7.4.RELEASE.jar!/org/springframework/data/jpa/repository/support/JpaMetamodelEntityInformation.class], URL [jar:file:/home/val/.m2/repository/org/springframework/data/spring-data-jpa/1.7.4.RELEASE/spring-data-jpa-1.7.4.RELEASE.jar!/org/springframework/data/jpa/repository/support/JpaMetamodelEntityInformation$IdMetadata.class], URL [jar:file:/home/val/.m2/repository/org/springframework/data/spring-data-jpa/1.7.4.RELEASE/spring-data-jpa-1.7.4.RELEASE.jar!/org/springframework/data/jpa/repository/support/JpaEntityInformationSupport.class], URL [jar:file:/home/val/.m2/repository/org/springframework/data/spring-data-jpa/1.7.4.RELEASE/spring-data-jpa-1.7.4.RELEASE.jar!/org/springframework/data/jpa/repository/support/PersistenceProvider$3.class], URL [jar:file:/home/val/.m2/repository/org/springframework/data/spring-data-jpa/1.7.4.RELEASE/spring-data-jpa-1.7.4.RELEASE.jar!/org/springframework/data/jpa/repository/support/QueryDslRepositorySupport.class], URL [jar:file:/home/val/.m2/repository/org/springframework/data/spring-data-jpa/1.7.4.RELEASE/spring-data-jpa-1.7.4.RELEASE.jar!/org/springframework/data/jpa/repository/support/JpaRepositoryFactory.class], URL [jar:file:/home/val/.m2/repository/org/springframework/data/spring-data-jpa/1.7.4.RELEASE/spring-data-jpa-1.7.4.RELEASE.jar!/org/springframework/data/jpa/repository/support/CrudMethodMetadataPostProcessor$DefaultCrudMethodMetadata.class], URL [jar:file:/home/val/.m2/repository/org/springframework/data/spring-data-jpa/1.7.4.RELEASE/spring-data-jpa-1.7.4.RELEASE.jar!/org/springframework/data/jpa/repository/support/PersistenceProvider.class], URL [jar:file:/home/val/.m2/repository/org/springframework/data/spring-data-jpa/1.7.4.RELEASE/spring-data-jpa-1.7.4.RELEASE.jar!/org/springframework/data/jpa/repository/support/SimpleJpaRepository.class], URL [jar:file:/home/val/.m2/repository/org/springframework/data/spring-data-jpa/1.7.4.RELEASE/spring-data-jpa-1.7.4.RELEASE.jar!/org/springframework/data/jpa/repository/support/CrudMethodMetadataPostProcessor$CrudMethodMetadataPopulatingMethodIntercceptor.class], URL [jar:file:/home/val/.m2/repository/org/springframework/data/spring-data-jpa/1.7.4.RELEASE/spring-data-jpa-1.7.4.RELEASE.jar!/org/springframework/data/jpa/repository/support/Querydsl.class], URL [jar:file:/home/val/.m2/repository/org/springframework/data/spring-data-jpa/1.7.4.RELEASE/spring-data-jpa-1.7.4.RELEASE.jar!/org/springframework/data/jpa/repository/support/CrudMethodMetadata.class], URL [jar:file:/home/val/.m2/repository/org/springframework/data/spring-data-jpa/1.7.4.RELEASE/spring-data-jpa-1.7.4.RELEASE.jar!/org/springframework/data/jpa/repository/support/EntityManagerBeanDefinitionRegistrarPostProcessor.class], URL [jar:file:/home/val/.m2/repository/org/springframework/data/spring-data-jpa/1.7.4.RELEASE/spring-data-jpa-1.7.4.RELEASE.jar!/org/springframework/data/jpa/repository/support/JpaMetamodelEntityInformation$IdentifierDerivingDirectFieldAccessFallbackBeanWrapper.class], URL [jar:file:/home/val/.m2/repository/org/springframework/data/spring-data-jpa/1.7.4.RELEASE/spring-data-jpa-1.7.4.RELEASE.jar!/org/springframework/data/jpa/repository/support/PersistenceProvider$1.class], URL [jar:file:/home/val/.m2/repository/org/springframework/data/spring-data-jpa/1.7.4.RELEASE/spring-data-jpa-1.7.4.RELEASE.jar!/org/springframework/data/jpa/repository/support/QueryDslJpaRepository.class], URL [jar:file:/home/val/.m2/repository/org/springframework/data/spring-data-jpa/1.7.4.RELEASE/spring-data-jpa-1.7.4.RELEASE.jar!/org/springframework/data/jpa/repository/support/PersistenceProvider$2.class], URL [jar:file:/home/val/.m2/repository/org/springframework/data/spring-data-jpa/1.7.4.RELEASE/spring-data-jpa-1.7.4.RELEASE.jar!/org/springframework/data/jpa/repository/support/JpaRepositoryFactoryBean.class], URL [jar:file:/home/val/.m2/repository/org/springframework/data/spring-data-jpa/1.7.4.RELEASE/spring-data-jpa-1.7.4.RELEASE.jar!/org/springframework/data/jpa/repository/support/PersistenceProvider$Constants.class], URL [jar:file:/home/val/.m2/repository/org/springframework/data/spring-data-jpa/1.7.4.RELEASE/spring-data-jpa-1.7.4.RELEASE.jar!/org/springframework/data/jpa/repository/support/SimpleJpaRepository$ByIdsSpecification.class], URL [jar:file:/home/val/.m2/repository/org/springframework/data/spring-data-commons/1.9.4.RELEASE/spring-data-commons-1.9.4.RELEASE.jar!/org/springframework/data/repository/support/Repositories$EmptyRepositoryFactoryInformation.class], URL [jar:file:/home/val/.m2/repository/org/springframework/data/spring-data-commons/1.9.4.RELEASE/spring-data-commons-1.9.4.RELEASE.jar!/org/springframework/data/repository/support/DomainClassPropertyEditorRegistrar.class], URL [jar:file:/home/val/.m2/repository/org/springframework/data/spring-data-commons/1.9.4.RELEASE/spring-data-commons-1.9.4.RELEASE.jar!/org/springframework/data/repository/support/CrudRepositoryInvoker.class], URL [jar:file:/home/val/.m2/repository/org/springframework/data/spring-data-commons/1.9.4.RELEASE/spring-data-commons-1.9.4.RELEASE.jar!/org/springframework/data/repository/support/Repositories.class], URL [jar:file:/home/val/.m2/repository/org/springframework/data/spring-data-commons/1.9.4.RELEASE/spring-data-commons-1.9.4.RELEASE.jar!/org/springframework/data/repository/support/ReflectionRepositoryInvoker.class], URL [jar:file:/home/val/.m2/repository/org/springframework/data/spring-data-commons/1.9.4.RELEASE/spring-data-commons-1.9.4.RELEASE.jar!/org/springframework/data/repository/support/DomainClassPropertyEditor.class], URL [jar:file:/home/val/.m2/repository/org/springframework/data/spring-data-commons/1.9.4.RELEASE/spring-data-commons-1.9.4.RELEASE.jar!/org/springframework/data/repository/support/DomainClassConverter.class]]
19:11:14.712 [main] DEBUG o.s.c.a.ClassPathScanningCandidateComponentProvider - Identified candidate component class: URL [jar:file:/home/val/.m2/repository/org/springframework/data/spring-data-jpa/1.7.4.RELEASE/spring-data-jpa-1.7.4.RELEASE.jar!/org/springframework/data/jpa/repository/support/JpaRepositoryFactory.class]
19:11:14.742 [main] DEBUG o.s.core.env.StandardEnvironment - Adding [systemProperties] PropertySource with lowest search precedence
19:11:14.742 [main] DEBUG o.s.core.env.StandardEnvironment - Adding [systemEnvironment] PropertySource with lowest search precedence
19:11:14.743 [main] DEBUG o.s.core.env.StandardEnvironment - Initialized StandardEnvironment with PropertySources [systemProperties,systemEnvironment]
19:11:14.745 [main] DEBUG o.s.c.i.s.PathMatchingResourcePatternResolver - Looking for matching resources in directory tree [/home/val/Documents/M2_Masaryk/Java/Seminars/project/tennisClub/tennisclubproject/tennisclub-service/target/test-classes/com/frenchies/tennisclub]
19:11:14.745 [main] DEBUG o.s.c.i.s.PathMatchingResourcePatternResolver - Searching directory [/home/val/Documents/M2_Masaryk/Java/Seminars/project/tennisClub/tennisclubproject/tennisclub-service/target/test-classes/com/frenchies/tennisclub] for files matching pattern [/home/val/Documents/M2_Masaryk/Java/Seminars/project/tennisClub/tennisclubproject/tennisclub-service/target/test-classes/com/frenchies/tennisclub/**/*.class]
19:11:14.745 [main] DEBUG o.s.c.i.s.PathMatchingResourcePatternResolver - Searching directory [/home/val/Documents/M2_Masaryk/Java/Seminars/project/tennisClub/tennisclubproject/tennisclub-service/target/test-classes/com/frenchies/tennisclub/service] for files matching pattern [/home/val/Documents/M2_Masaryk/Java/Seminars/project/tennisClub/tennisclubproject/tennisclub-service/target/test-classes/com/frenchies/tennisclub/**/*.class]
19:11:14.745 [main] DEBUG o.s.c.i.s.PathMatchingResourcePatternResolver - Searching directory [/home/val/Documents/M2_Masaryk/Java/Seminars/project/tennisClub/tennisclubproject/tennisclub-service/target/test-classes/com/frenchies/tennisclub/facade] for files matching pattern [/home/val/Documents/M2_Masaryk/Java/Seminars/project/tennisClub/tennisclubproject/tennisclub-service/target/test-classes/com/frenchies/tennisclub/**/*.class]
19:11:14.746 [main] DEBUG o.s.c.i.s.PathMatchingResourcePatternResolver - Looking for matching resources in directory tree [/home/val/Documents/M2_Masaryk/Java/Seminars/project/tennisClub/tennisclubproject/tennisclub-service/target/classes/com/frenchies/tennisclub]
19:11:14.746 [main] DEBUG o.s.c.i.s.PathMatchingResourcePatternResolver - Searching directory [/home/val/Documents/M2_Masaryk/Java/Seminars/project/tennisClub/tennisclubproject/tennisclub-service/target/classes/com/frenchies/tennisclub] for files matching pattern [/home/val/Documents/M2_Masaryk/Java/Seminars/project/tennisClub/tennisclubproject/tennisclub-service/target/classes/com/frenchies/tennisclub/**/*.class]
19:11:14.746 [main] DEBUG o.s.c.i.s.PathMatchingResourcePatternResolver - Searching directory [/home/val/Documents/M2_Masaryk/Java/Seminars/project/tennisClub/tennisclubproject/tennisclub-service/target/classes/com/frenchies/tennisclub/service] for files matching pattern [/home/val/Documents/M2_Masaryk/Java/Seminars/project/tennisClub/tennisclubproject/tennisclub-service/target/classes/com/frenchies/tennisclub/**/*.class]
19:11:14.746 [main] DEBUG o.s.c.i.s.PathMatchingResourcePatternResolver - Searching directory [/home/val/Documents/M2_Masaryk/Java/Seminars/project/tennisClub/tennisclubproject/tennisclub-service/target/classes/com/frenchies/tennisclub/service/config] for files matching pattern [/home/val/Documents/M2_Masaryk/Java/Seminars/project/tennisClub/tennisclubproject/tennisclub-service/target/classes/com/frenchies/tennisclub/**/*.class]
19:11:14.747 [main] DEBUG o.s.c.i.s.PathMatchingResourcePatternResolver - Searching directory [/home/val/Documents/M2_Masaryk/Java/Seminars/project/tennisClub/tennisclubproject/tennisclub-service/target/classes/com/frenchies/tennisclub/service/facade] for files matching pattern [/home/val/Documents/M2_Masaryk/Java/Seminars/project/tennisClub/tennisclubproject/tennisclub-service/target/classes/com/frenchies/tennisclub/**/*.class]
19:11:14.747 [main] DEBUG o.s.c.i.s.PathMatchingResourcePatternResolver - Searching directory [/home/val/Documents/M2_Masaryk/Java/Seminars/project/tennisClub/tennisclubproject/tennisclub-service/target/classes/com/frenchies/tennisclub/mappers] for files matching pattern [/home/val/Documents/M2_Masaryk/Java/Seminars/project/tennisClub/tennisclubproject/tennisclub-service/target/classes/com/frenchies/tennisclub/**/*.class]
19:11:14.748 [main] DEBUG o.s.c.i.s.PathMatchingResourcePatternResolver - Looking for matching resources in jar file [file:/home/val/Documents/M2_Masaryk/Java/Seminars/project/tennisClub/tennisclubproject/tennisclub-api/target/tennisclub-api-1.0-SNAPSHOT.jar]
19:11:14.749 [main] DEBUG o.s.c.i.s.PathMatchingResourcePatternResolver - Looking for matching resources in jar file [file:/home/val/Documents/M2_Masaryk/Java/Seminars/project/tennisClub/tennisclubproject/tennisclub-persistence/target/tennisclub-persistence-1.0-SNAPSHOT.jar]
19:11:14.750 [main] DEBUG o.s.c.i.s.PathMatchingResourcePatternResolver - Resolved location pattern [classpath*:com/frenchies/tennisclub/**/*.class] to resources [file [/home/val/Documents/M2_Masaryk/Java/Seminars/project/tennisClub/tennisclubproject/tennisclub-service/target/test-classes/com/frenchies/tennisclub/service/CourtServiceTest.class], file [/home/val/Documents/M2_Masaryk/Java/Seminars/project/tennisClub/tennisclubproject/tennisclub-service/target/test-classes/com/frenchies/tennisclub/service/BeanMappingServiceTest.class], file [/home/val/Documents/M2_Masaryk/Java/Seminars/project/tennisClub/tennisclubproject/tennisclub-service/target/test-classes/com/frenchies/tennisclub/service/BookingServiceTest.class], file [/home/val/Documents/M2_Masaryk/Java/Seminars/project/tennisClub/tennisclubproject/tennisclub-service/target/test-classes/com/frenchies/tennisclub/facade/BookingFacadeTest.class], file [/home/val/Documents/M2_Masaryk/Java/Seminars/project/tennisClub/tennisclubproject/tennisclub-service/target/classes/com/frenchies/tennisclub/service/UserServiceImpl.class], file [/home/val/Documents/M2_Masaryk/Java/Seminars/project/tennisClub/tennisclubproject/tennisclub-service/target/classes/com/frenchies/tennisclub/service/config/ServiceConfiguration.class], file [/home/val/Documents/M2_Masaryk/Java/Seminars/project/tennisClub/tennisclubproject/tennisclub-service/target/classes/com/frenchies/tennisclub/service/config/ServiceConfiguration$DozerCustomConfig.class], file [/home/val/Documents/M2_Masaryk/Java/Seminars/project/tennisClub/tennisclubproject/tennisclub-service/target/classes/com/frenchies/tennisclub/service/BookingServiceImpl.class], file [/home/val/Documents/M2_Masaryk/Java/Seminars/project/tennisClub/tennisclubproject/tennisclub-service/target/classes/com/frenchies/tennisclub/service/UserService.class], file [/home/val/Documents/M2_Masaryk/Java/Seminars/project/tennisClub/tennisclubproject/tennisclub-service/target/classes/com/frenchies/tennisclub/service/facade/CourtFacadeImpl.class], file [/home/val/Documents/M2_Masaryk/Java/Seminars/project/tennisClub/tennisclubproject/tennisclub-service/target/classes/com/frenchies/tennisclub/service/facade/UserFacadeImpl.class], file [/home/val/Documents/M2_Masaryk/Java/Seminars/project/tennisClub/tennisclubproject/tennisclub-service/target/classes/com/frenchies/tennisclub/service/facade/BookingFacadeImpl.class], file [/home/val/Documents/M2_Masaryk/Java/Seminars/project/tennisClub/tennisclubproject/tennisclub-service/target/classes/com/frenchies/tennisclub/service/BookingService.class], file [/home/val/Documents/M2_Masaryk/Java/Seminars/project/tennisClub/tennisclubproject/tennisclub-service/target/classes/com/frenchies/tennisclub/service/TimeServiceImpl.class], file [/home/val/Documents/M2_Masaryk/Java/Seminars/project/tennisClub/tennisclubproject/tennisclub-service/target/classes/com/frenchies/tennisclub/service/CourtService.class], file [/home/val/Documents/M2_Masaryk/Java/Seminars/project/tennisClub/tennisclubproject/tennisclub-service/target/classes/com/frenchies/tennisclub/service/CourtServiceImpl.class], file [/home/val/Documents/M2_Masaryk/Java/Seminars/project/tennisClub/tennisclubproject/tennisclub-service/target/classes/com/frenchies/tennisclub/service/TimeService.class], file [/home/val/Documents/M2_Masaryk/Java/Seminars/project/tennisClub/tennisclubproject/tennisclub-service/target/classes/com/frenchies/tennisclub/mappers/BeanMappingService.class], file [/home/val/Documents/M2_Masaryk/Java/Seminars/project/tennisClub/tennisclubproject/tennisclub-service/target/classes/com/frenchies/tennisclub/mappers/BeanMappingServiceImpl.class], URL [jar:file:/home/val/Documents/M2_Masaryk/Java/Seminars/project/tennisClub/tennisclubproject/tennisclub-api/target/tennisclub-api-1.0-SNAPSHOT.jar!/com/frenchies/tennisclub/dto/CourtCreateDTO.class], URL [jar:file:/home/val/Documents/M2_Masaryk/Java/Seminars/project/tennisClub/tennisclubproject/tennisclub-api/target/tennisclub-api-1.0-SNAPSHOT.jar!/com/frenchies/tennisclub/dto/BookingDTO.class], URL [jar:file:/home/val/Documents/M2_Masaryk/Java/Seminars/project/tennisClub/tennisclubproject/tennisclub-api/target/tennisclub-api-1.0-SNAPSHOT.jar!/com/frenchies/tennisclub/dto/UserUpdateDTO.class], URL [jar:file:/home/val/Documents/M2_Masaryk/Java/Seminars/project/tennisClub/tennisclubproject/tennisclub-api/target/tennisclub-api-1.0-SNAPSHOT.jar!/com/frenchies/tennisclub/dto/BookingCreateDTO.class], URL [jar:file:/home/val/Documents/M2_Masaryk/Java/Seminars/project/tennisClub/tennisclubproject/tennisclub-api/target/tennisclub-api-1.0-SNAPSHOT.jar!/com/frenchies/tennisclub/dto/UserAuthenticateDTO.class], URL [jar:file:/home/val/Documents/M2_Masaryk/Java/Seminars/project/tennisClub/tennisclubproject/tennisclub-api/target/tennisclub-api-1.0-SNAPSHOT.jar!/com/frenchies/tennisclub/dto/CourtDTO.class], URL [jar:file:/home/val/Documents/M2_Masaryk/Java/Seminars/project/tennisClub/tennisclubproject/tennisclub-api/target/tennisclub-api-1.0-SNAPSHOT.jar!/com/frenchies/tennisclub/dto/UserUpdatePasswordDTO.class], URL [jar:file:/home/val/Documents/M2_Masaryk/Java/Seminars/project/tennisClub/tennisclubproject/tennisclub-api/target/tennisclub-api-1.0-SNAPSHOT.jar!/com/frenchies/tennisclub/dto/UserDTO.class], URL [jar:file:/home/val/Documents/M2_Masaryk/Java/Seminars/project/tennisClub/tennisclubproject/tennisclub-api/target/tennisclub-api-1.0-SNAPSHOT.jar!/com/frenchies/tennisclub/facade/BookingFacade.class], URL [jar:file:/home/val/Documents/M2_Masaryk/Java/Seminars/project/tennisClub/tennisclubproject/tennisclub-api/target/tennisclub-api-1.0-SNAPSHOT.jar!/com/frenchies/tennisclub/facade/CourtFacade.class], URL [jar:file:/home/val/Documents/M2_Masaryk/Java/Seminars/project/tennisClub/tennisclubproject/tennisclub-api/target/tennisclub-api-1.0-SNAPSHOT.jar!/com/frenchies/tennisclub/facade/UserFacade.class], URL [jar:file:/home/val/Documents/M2_Masaryk/Java/Seminars/project/tennisClub/tennisclubproject/tennisclub-api/target/tennisclub-api-1.0-SNAPSHOT.jar!/com/frenchies/tennisclub/enums/Hour24.class], URL [jar:file:/home/val/Documents/M2_Masaryk/Java/Seminars/project/tennisClub/tennisclubproject/tennisclub-api/target/tennisclub-api-1.0-SNAPSHOT.jar!/com/frenchies/tennisclub/enums/CourtType.class], URL [jar:file:/home/val/Documents/M2_Masaryk/Java/Seminars/project/tennisClub/tennisclubproject/tennisclub-api/target/tennisclub-api-1.0-SNAPSHOT.jar!/com/frenchies/tennisclub/enums/Status.class], URL [jar:file:/home/val/Documents/M2_Masaryk/Java/Seminars/project/tennisClub/tennisclubproject/tennisclub-api/target/tennisclub-api-1.0-SNAPSHOT.jar!/com/frenchies/tennisclub/exceptions/UserAuthentificationException.class], URL [jar:file:/home/val/Documents/M2_Masaryk/Java/Seminars/project/tennisClub/tennisclubproject/tennisclub-persistence/target/tennisclub-persistence-1.0-SNAPSHOT.jar!/com/frenchies/tennisclub/entity/Booking.class], URL [jar:file:/home/val/Documents/M2_Masaryk/Java/Seminars/project/tennisClub/tennisclubproject/tennisclub-persistence/target/tennisclub-persistence-1.0-SNAPSHOT.jar!/com/frenchies/tennisclub/entity/User.class], URL [jar:file:/home/val/Documents/M2_Masaryk/Java/Seminars/project/tennisClub/tennisclubproject/tennisclub-persistence/target/tennisclub-persistence-1.0-SNAPSHOT.jar!/com/frenchies/tennisclub/entity/Court.class], URL [jar:file:/home/val/Documents/M2_Masaryk/Java/Seminars/project/tennisClub/tennisclubproject/tennisclub-persistence/target/tennisclub-persistence-1.0-SNAPSHOT.jar!/com/frenchies/tennisclub/enums/Hour24.class], URL [jar:file:/home/val/Documents/M2_Masaryk/Java/Seminars/project/tennisClub/tennisclubproject/tennisclub-persistence/target/tennisclub-persistence-1.0-SNAPSHOT.jar!/com/frenchies/tennisclub/enums/CourtType.class], URL [jar:file:/home/val/Documents/M2_Masaryk/Java/Seminars/project/tennisClub/tennisclubproject/tennisclub-persistence/target/tennisclub-persistence-1.0-SNAPSHOT.jar!/com/frenchies/tennisclub/enums/Status.class], URL [jar:file:/home/val/Documents/M2_Masaryk/Java/Seminars/project/tennisClub/tennisclubproject/tennisclub-persistence/target/tennisclub-persistence-1.0-SNAPSHOT.jar!/com/frenchies/tennisclub/PersistenceSampleApplicationContext.class], URL [jar:file:/home/val/Documents/M2_Masaryk/Java/Seminars/project/tennisClub/tennisclubproject/tennisclub-persistence/target/tennisclub-persistence-1.0-SNAPSHOT.jar!/com/frenchies/tennisclub/dao/UserDaoImpl.class], URL [jar:file:/home/val/Documents/M2_Masaryk/Java/Seminars/project/tennisClub/tennisclubproject/tennisclub-persistence/target/tennisclub-persistence-1.0-SNAPSHOT.jar!/com/frenchies/tennisclub/dao/BookingDaoImpl.class], URL [jar:file:/home/val/Documents/M2_Masaryk/Java/Seminars/project/tennisClub/tennisclubproject/tennisclub-persistence/target/tennisclub-persistence-1.0-SNAPSHOT.jar!/com/frenchies/tennisclub/dao/BookingDao.class], URL [jar:file:/home/val/Documents/M2_Masaryk/Java/Seminars/project/tennisClub/tennisclubproject/tennisclub-persistence/target/tennisclub-persistence-1.0-SNAPSHOT.jar!/com/frenchies/tennisclub/dao/UserDao.class], URL [jar:file:/home/val/Documents/M2_Masaryk/Java/Seminars/project/tennisClub/tennisclubproject/tennisclub-persistence/target/tennisclub-persistence-1.0-SNAPSHOT.jar!/com/frenchies/tennisclub/dao/CourtDaoImpl.class], URL [jar:file:/home/val/Documents/M2_Masaryk/Java/Seminars/project/tennisClub/tennisclubproject/tennisclub-persistence/target/tennisclub-persistence-1.0-SNAPSHOT.jar!/com/frenchies/tennisclub/dao/CourtDao.class]]
19:11:14.773 [main] DEBUG o.s.c.a.ConfigurationClassBeanDefinitionReader - Registering bean definition for @Bean method com.frenchies.tennisclub.service.config.ServiceConfiguration.dozer()
19:11:14.862 [main] DEBUG o.s.c.a.ConfigurationClassEnhancer - Successfully enhanced com.frenchies.tennisclub.service.config.ServiceConfiguration; enhanced class name is: com.frenchies.tennisclub.service.config.ServiceConfiguration$$EnhancerBySpringCGLIB$$1741638e
19:11:14.862 [main] DEBUG o.s.c.a.ConfigurationClassPostProcessor - Replacing bean definition 'serviceConfiguration' existing class name 'com.frenchies.tennisclub.service.config.ServiceConfiguration' with enhanced class name 'com.frenchies.tennisclub.service.config.ServiceConfiguration$$EnhancerBySpringCGLIB$$1741638e'
19:11:14.867 [main] DEBUG o.s.c.a.ConfigurationClassEnhancer - Successfully enhanced org.springframework.transaction.annotation.ProxyTransactionManagementConfiguration; enhanced class name is: org.springframework.transaction.annotation.ProxyTransactionManagementConfiguration$$EnhancerBySpringCGLIB$$be584a74
19:11:14.868 [main] DEBUG o.s.c.a.ConfigurationClassPostProcessor - Replacing bean definition 'org.springframework.transaction.annotation.ProxyTransactionManagementConfiguration' existing class name 'org.springframework.transaction.annotation.ProxyTransactionManagementConfiguration' with enhanced class name 'org.springframework.transaction.annotation.ProxyTransactionManagementConfiguration$$EnhancerBySpringCGLIB$$be584a74'
19:11:14.871 [main] DEBUG o.s.c.a.ConfigurationClassEnhancer - Successfully enhanced com.frenchies.tennisclub.PersistenceSampleApplicationContext; enhanced class name is: com.frenchies.tennisclub.PersistenceSampleApplicationContext$$EnhancerBySpringCGLIB$$50fe4ae2
19:11:14.871 [main] DEBUG o.s.c.a.ConfigurationClassPostProcessor - Replacing bean definition 'com.frenchies.tennisclub.PersistenceSampleApplicationContext' existing class name 'com.frenchies.tennisclub.PersistenceSampleApplicationContext' with enhanced class name 'com.frenchies.tennisclub.PersistenceSampleApplicationContext$$EnhancerBySpringCGLIB$$50fe4ae2'
19:11:14.875 [main] DEBUG o.s.b.f.s.DefaultListableBeanFactory - Creating shared instance of singleton bean 'foo'
19:11:14.875 [main] DEBUG o.s.b.f.s.DefaultListableBeanFactory - Creating instance of bean 'foo'
19:11:14.875 [main] DEBUG o.s.b.f.s.DefaultListableBeanFactory - Eagerly caching bean 'foo' to allow for resolving potential circular references
19:11:14.875 [main] DEBUG o.s.b.f.s.DefaultListableBeanFactory - Finished creating instance of bean 'foo'
19:11:14.888 [main] DEBUG o.s.b.f.s.DefaultListableBeanFactory - Creating shared instance of singleton bean 'org.springframework.context.annotation.internalAutowiredAnnotationProcessor'
19:11:14.891 [main] DEBUG o.s.b.f.s.DefaultListableBeanFactory - Creating instance of bean 'org.springframework.context.annotation.internalAutowiredAnnotationProcessor'
19:11:14.892 [main] INFO  o.s.b.f.a.AutowiredAnnotationBeanPostProcessor - JSR-330 'javax.inject.Inject' annotation found and supported for autowiring
19:11:14.892 [main] DEBUG o.s.b.f.s.DefaultListableBeanFactory - Eagerly caching bean 'org.springframework.context.annotation.internalAutowiredAnnotationProcessor' to allow for resolving potential circular references
19:11:14.892 [main] DEBUG o.s.b.f.s.DefaultListableBeanFactory - Finished creating instance of bean 'org.springframework.context.annotation.internalAutowiredAnnotationProcessor'
19:11:14.893 [main] DEBUG o.s.b.f.s.DefaultListableBeanFactory - Creating shared instance of singleton bean 'org.springframework.context.annotation.internalRequiredAnnotationProcessor'
19:11:14.893 [main] DEBUG o.s.b.f.s.DefaultListableBeanFactory - Creating instance of bean 'org.springframework.context.annotation.internalRequiredAnnotationProcessor'
19:11:14.893 [main] DEBUG o.s.b.f.s.DefaultListableBeanFactory - Eagerly caching bean 'org.springframework.context.annotation.internalRequiredAnnotationProcessor' to allow for resolving potential circular references
19:11:14.893 [main] DEBUG o.s.b.f.s.DefaultListableBeanFactory - Finished creating instance of bean 'org.springframework.context.annotation.internalRequiredAnnotationProcessor'
19:11:14.893 [main] DEBUG o.s.b.f.s.DefaultListableBeanFactory - Creating shared instance of singleton bean 'org.springframework.context.annotation.internalCommonAnnotationProcessor'
19:11:14.893 [main] DEBUG o.s.b.f.s.DefaultListableBeanFactory - Creating instance of bean 'org.springframework.context.annotation.internalCommonAnnotationProcessor'
19:11:14.897 [main] DEBUG o.s.b.f.s.DefaultListableBeanFactory - Eagerly caching bean 'org.springframework.context.annotation.internalCommonAnnotationProcessor' to allow for resolving potential circular references
19:11:14.897 [main] DEBUG o.s.b.f.s.DefaultListableBeanFactory - Finished creating instance of bean 'org.springframework.context.annotation.internalCommonAnnotationProcessor'
19:11:14.898 [main] DEBUG o.s.b.f.s.DefaultListableBeanFactory - Creating shared instance of singleton bean 'org.springframework.context.annotation.internalPersistenceAnnotationProcessor'
19:11:14.898 [main] DEBUG o.s.b.f.s.DefaultListableBeanFactory - Creating instance of bean 'org.springframework.context.annotation.internalPersistenceAnnotationProcessor'
19:11:14.898 [main] DEBUG o.s.b.f.s.DefaultListableBeanFactory - Eagerly caching bean 'org.springframework.context.annotation.internalPersistenceAnnotationProcessor' to allow for resolving potential circular references
19:11:14.898 [main] DEBUG o.s.b.f.s.DefaultListableBeanFactory - Finished creating instance of bean 'org.springframework.context.annotation.internalPersistenceAnnotationProcessor'
19:11:14.899 [main] DEBUG o.s.b.f.s.DefaultListableBeanFactory - Creating shared instance of singleton bean 'org.springframework.context.annotation.ConfigurationClassPostProcessor.importAwareProcessor'
19:11:14.899 [main] DEBUG o.s.b.f.s.DefaultListableBeanFactory - Creating instance of bean 'org.springframework.context.annotation.ConfigurationClassPostProcessor.importAwareProcessor'
19:11:14.899 [main] DEBUG o.s.b.f.s.DefaultListableBeanFactory - Eagerly caching bean 'org.springframework.context.annotation.ConfigurationClassPostProcessor.importAwareProcessor' to allow for resolving potential circular references
19:11:14.899 [main] DEBUG o.s.b.f.s.DefaultListableBeanFactory - Finished creating instance of bean 'org.springframework.context.annotation.ConfigurationClassPostProcessor.importAwareProcessor'
19:11:14.899 [main] DEBUG o.s.b.f.s.DefaultListableBeanFactory - Creating shared instance of singleton bean 'org.springframework.context.annotation.ConfigurationClassPostProcessor.enhancedConfigurationProcessor'
19:11:14.899 [main] DEBUG o.s.b.f.s.DefaultListableBeanFactory - Creating instance of bean 'org.springframework.context.annotation.ConfigurationClassPostProcessor.enhancedConfigurationProcessor'
19:11:14.900 [main] DEBUG o.s.b.f.s.DefaultListableBeanFactory - Eagerly caching bean 'org.springframework.context.annotation.ConfigurationClassPostProcessor.enhancedConfigurationProcessor' to allow for resolving potential circular references
19:11:14.900 [main] DEBUG o.s.b.f.s.DefaultListableBeanFactory - Finished creating instance of bean 'org.springframework.context.annotation.ConfigurationClassPostProcessor.enhancedConfigurationProcessor'
19:11:14.900 [main] DEBUG o.s.b.f.s.DefaultListableBeanFactory - Creating shared instance of singleton bean 'org.springframework.data.repository.core.support.RepositoryInterfaceAwareBeanPostProcessor'
19:11:14.901 [main] DEBUG o.s.b.f.s.DefaultListableBeanFactory - Creating instance of bean 'org.springframework.data.repository.core.support.RepositoryInterfaceAwareBeanPostProcessor'
19:11:14.901 [main] DEBUG o.s.b.f.s.DefaultListableBeanFactory - Eagerly caching bean 'org.springframework.data.repository.core.support.RepositoryInterfaceAwareBeanPostProcessor' to allow for resolving potential circular references
19:11:14.902 [main] DEBUG o.s.b.f.s.DefaultListableBeanFactory - Finished creating instance of bean 'org.springframework.data.repository.core.support.RepositoryInterfaceAwareBeanPostProcessor'
19:11:14.902 [main] DEBUG o.s.b.f.s.DefaultListableBeanFactory - Creating shared instance of singleton bean 'org.springframework.aop.config.internalAutoProxyCreator'
19:11:14.902 [main] DEBUG o.s.b.f.s.DefaultListableBeanFactory - Creating instance of bean 'org.springframework.aop.config.internalAutoProxyCreator'
19:11:14.910 [main] DEBUG o.s.b.f.s.DefaultListableBeanFactory - Eagerly caching bean 'org.springframework.aop.config.internalAutoProxyCreator' to allow for resolving potential circular references
19:11:14.941 [main] DEBUG o.s.b.f.s.DefaultListableBeanFactory - Finished creating instance of bean 'org.springframework.aop.config.internalAutoProxyCreator'
19:11:14.943 [main] DEBUG o.s.c.s.GenericApplicationContext - Unable to locate MessageSource with name 'messageSource': using default [org.springframework.context.support.DelegatingMessageSource@642a7222]
19:11:14.946 [main] DEBUG o.s.c.s.GenericApplicationContext - Unable to locate ApplicationEventMulticaster with name 'applicationEventMulticaster': using default [org.springframework.context.event.SimpleApplicationEventMulticaster@13526e59]
19:11:14.951 [main] DEBUG o.s.b.f.s.DefaultListableBeanFactory - Creating shared instance of singleton bean 'entityManagerFactory'
19:11:14.951 [main] DEBUG o.s.b.f.s.DefaultListableBeanFactory - Creating instance of bean 'entityManagerFactory'
19:11:14.954 [main] DEBUG o.s.b.f.s.DefaultListableBeanFactory - Creating shared instance of singleton bean 'com.frenchies.tennisclub.PersistenceSampleApplicationContext'
19:11:14.954 [main] DEBUG o.s.b.f.s.DefaultListableBeanFactory - Creating instance of bean 'com.frenchies.tennisclub.PersistenceSampleApplicationContext'
19:11:14.955 [main] DEBUG o.s.b.f.s.DefaultListableBeanFactory - Eagerly caching bean 'com.frenchies.tennisclub.PersistenceSampleApplicationContext' to allow for resolving potential circular references
19:11:14.960 [main] DEBUG o.s.b.f.s.DefaultListableBeanFactory - Creating shared instance of singleton bean 'org.springframework.transaction.config.internalTransactionAdvisor'
19:11:14.960 [main] DEBUG o.s.b.f.s.DefaultListableBeanFactory - Creating instance of bean 'org.springframework.transaction.config.internalTransactionAdvisor'
19:11:14.960 [main] DEBUG o.s.b.f.s.DefaultListableBeanFactory - Creating shared instance of singleton bean 'org.springframework.transaction.annotation.ProxyTransactionManagementConfiguration'
19:11:14.961 [main] DEBUG o.s.b.f.s.DefaultListableBeanFactory - Creating instance of bean 'org.springframework.transaction.annotation.ProxyTransactionManagementConfiguration'
19:11:14.969 [main] DEBUG o.s.b.f.annotation.InjectionMetadata - Registered injected element on class [org.springframework.transaction.annotation.ProxyTransactionManagementConfiguration$$EnhancerBySpringCGLIB$$be584a74]: AutowiredMethodElement for void org.springframework.transaction.annotation.AbstractTransactionManagementConfiguration.setConfigurers(java.util.Collection)
19:11:14.970 [main] DEBUG o.s.b.f.s.DefaultListableBeanFactory - Eagerly caching bean 'org.springframework.transaction.annotation.ProxyTransactionManagementConfiguration' to allow for resolving potential circular references
19:11:14.970 [main] DEBUG o.s.b.f.annotation.InjectionMetadata - Processing injected element of bean 'org.springframework.transaction.annotation.ProxyTransactionManagementConfiguration': AutowiredMethodElement for void org.springframework.transaction.annotation.AbstractTransactionManagementConfiguration.setConfigurers(java.util.Collection)
19:11:14.976 [main] DEBUG o.s.b.f.s.DefaultListableBeanFactory - Returning cached instance of singleton bean 'org.springframework.context.annotation.ConfigurationClassPostProcessor.importRegistry'
19:11:14.977 [main] DEBUG o.s.a.f.a.BeanFactoryAdvisorRetrievalHelper - Skipping currently created advisor 'org.springframework.transaction.config.internalTransactionAdvisor'
19:11:14.978 [main] DEBUG o.s.b.f.s.DefaultListableBeanFactory - Finished creating instance of bean 'org.springframework.transaction.annotation.ProxyTransactionManagementConfiguration'
19:11:14.997 [main] DEBUG o.s.b.f.s.DefaultListableBeanFactory - Creating shared instance of singleton bean 'transactionAttributeSource'
19:11:14.998 [main] DEBUG o.s.b.f.s.DefaultListableBeanFactory - Creating instance of bean 'transactionAttributeSource'
19:11:14.998 [main] DEBUG o.s.b.f.s.DefaultListableBeanFactory - Returning cached instance of singleton bean 'org.springframework.transaction.annotation.ProxyTransactionManagementConfiguration'
19:11:15.001 [main] DEBUG o.s.b.f.s.DefaultListableBeanFactory - Eagerly caching bean 'transactionAttributeSource' to allow for resolving potential circular references
19:11:15.004 [main] DEBUG o.s.a.f.a.BeanFactoryAdvisorRetrievalHelper - Skipping currently created advisor 'org.springframework.transaction.config.internalTransactionAdvisor'
19:11:15.004 [main] DEBUG o.s.b.f.s.DefaultListableBeanFactory - Finished creating instance of bean 'transactionAttributeSource'
19:11:15.005 [main] DEBUG o.s.b.f.s.DefaultListableBeanFactory - Creating shared instance of singleton bean 'transactionInterceptor'
19:11:15.005 [main] DEBUG o.s.b.f.s.DefaultListableBeanFactory - Creating instance of bean 'transactionInterceptor'
19:11:15.005 [main] DEBUG o.s.b.f.s.DefaultListableBeanFactory - Returning cached instance of singleton bean 'org.springframework.transaction.annotation.ProxyTransactionManagementConfiguration'
19:11:15.007 [main] DEBUG o.s.b.f.s.DefaultListableBeanFactory - Returning cached instance of singleton bean 'transactionAttributeSource'
19:11:15.012 [main] DEBUG o.s.b.f.s.DefaultListableBeanFactory - Eagerly caching bean 'transactionInterceptor' to allow for resolving potential circular references
19:11:15.015 [main] DEBUG o.s.b.f.s.DefaultListableBeanFactory - Invoking afterPropertiesSet() on bean with name 'transactionInterceptor'
19:11:15.016 [main] DEBUG o.s.b.f.s.DefaultListableBeanFactory - Finished creating instance of bean 'transactionInterceptor'
19:11:15.016 [main] DEBUG o.s.b.f.s.DefaultListableBeanFactory - Eagerly caching bean 'org.springframework.transaction.config.internalTransactionAdvisor' to allow for resolving potential circular references
19:11:15.020 [main] DEBUG o.s.b.f.s.DefaultListableBeanFactory - Finished creating instance of bean 'org.springframework.transaction.config.internalTransactionAdvisor'
19:11:15.033 [main] DEBUG o.s.b.f.s.DefaultListableBeanFactory - Finished creating instance of bean 'com.frenchies.tennisclub.PersistenceSampleApplicationContext'
19:11:15.046 [main] DEBUG o.s.b.f.s.DefaultListableBeanFactory - Creating shared instance of singleton bean 'db'
19:11:15.046 [main] DEBUG o.s.b.f.s.DefaultListableBeanFactory - Creating instance of bean 'db'
19:11:15.047 [main] DEBUG o.s.b.f.s.DefaultListableBeanFactory - Returning cached instance of singleton bean 'com.frenchies.tennisclub.PersistenceSampleApplicationContext'
19:11:15.059 [main] INFO  o.s.j.d.e.EmbeddedDatabaseFactory - Creating embedded database 'testdb'
19:11:15.244 [main] DEBUG o.s.jdbc.datasource.DataSourceUtils - Fetching JDBC Connection from DataSource
19:11:15.245 [main] DEBUG o.s.j.d.SimpleDriverDataSource - Creating new JDBC Driver Connection to [jdbc:derby:memory:testdb;create=true]
19:11:15.630 [main] DEBUG o.s.jdbc.datasource.DataSourceUtils - Returning JDBC Connection to DataSource
19:11:15.631 [main] DEBUG o.s.b.f.s.DefaultListableBeanFactory - Eagerly caching bean 'db' to allow for resolving potential circular references
19:11:15.634 [main] DEBUG o.s.b.f.s.DefaultListableBeanFactory - Returning cached instance of singleton bean 'org.springframework.transaction.config.internalTransactionAdvisor'
19:11:15.635 [main] DEBUG o.s.b.f.s.DefaultListableBeanFactory - Finished creating instance of bean 'db'
19:11:15.636 [main] DEBUG o.s.b.f.s.DefaultListableBeanFactory - Creating shared instance of singleton bean 'instrumentationLoadTimeWeaver'
19:11:15.636 [main] DEBUG o.s.b.f.s.DefaultListableBeanFactory - Creating instance of bean 'instrumentationLoadTimeWeaver'
19:11:15.636 [main] DEBUG o.s.b.f.s.DefaultListableBeanFactory - Returning cached instance of singleton bean 'com.frenchies.tennisclub.PersistenceSampleApplicationContext'
19:11:15.638 [main] DEBUG o.s.b.f.s.DefaultListableBeanFactory - Eagerly caching bean 'instrumentationLoadTimeWeaver' to allow for resolving potential circular references
19:11:15.640 [main] DEBUG o.s.b.f.s.DefaultListableBeanFactory - Returning cached instance of singleton bean 'org.springframework.transaction.config.internalTransactionAdvisor'
19:11:15.641 [main] DEBUG o.s.b.f.s.DefaultListableBeanFactory - Finished creating instance of bean 'instrumentationLoadTimeWeaver'
19:11:15.651 [main] DEBUG org.jboss.logging - Logging Provider: org.jboss.logging.Slf4jLoggerProvider
19:11:15.655 [main] DEBUG o.s.b.f.s.DefaultListableBeanFactory - Eagerly caching bean 'entityManagerFactory' to allow for resolving potential circular references
19:11:15.663 [main] DEBUG o.s.b.f.s.DefaultListableBeanFactory - Invoking afterPropertiesSet() on bean with name 'entityManagerFactory'
19:11:15.702 [main] INFO  o.s.o.j.LocalContainerEntityManagerFactoryBean - Building JPA container EntityManagerFactory for persistence unit 'default'
19:11:15.716 [main] DEBUG o.h.jpa.internal.util.LogHelper - PersistenceUnitInfo [
	name: default
	persistence provider classname: org.hibernate.ejb.HibernatePersistence
	classloader: sun.misc.Launcher$AppClassLoader@7f31245a
	excludeUnlistedClasses: false
	JTA datasource: null
	Non JTA datasource: org.springframework.jdbc.datasource.embedded.EmbeddedDatabaseFactory$EmbeddedDataSourceProxy@1a1da881
	Transaction type: RESOURCE_LOCAL
	PU root URL: file:/home/val/Documents/M2_Masaryk/Java/Seminars/project/tennisClub/tennisclubproject/tennisclub-persistence/target/tennisclub-persistence-1.0-SNAPSHOT.jar
	Shared Cache Mode: UNSPECIFIED
	Validation Mode: AUTO
	Jar files URLs []
	Managed classes names []
	Mapping files names []
	Properties [
		hibernate.cache.provider_class: org.hibernate.cache.NoCacheProvider
		hibernate.connection.url: jdbc:derby:memory:testdb
		hibernate.show_sql: true
		hibernate.connection.driver_class: org.apache.derby.jdbc.EmbeddedDriver
		hibernate.format_sql: true
		hibernate.hbm2ddl.auto: create]
19:11:15.730 [main] DEBUG o.h.i.internal.IntegratorServiceImpl - Adding Integrator [org.hibernate.cfg.beanvalidation.BeanValidationIntegrator].
19:11:15.731 [main] DEBUG o.h.i.internal.IntegratorServiceImpl - Adding Integrator [org.hibernate.secure.spi.JaccIntegrator].
19:11:15.732 [main] DEBUG o.h.i.internal.IntegratorServiceImpl - Adding Integrator [org.hibernate.cache.internal.CollectionCacheInvalidator].
19:11:15.732 [main] DEBUG o.h.i.internal.IntegratorServiceImpl - Adding Integrator [org.hibernate.jpa.event.spi.JpaIntegrator].
19:11:15.741 [main] DEBUG o.h.b.r.s.i.StrategySelectorImpl - Registering named strategy selector [org.hibernate.dialect.Dialect] : [MySQL5] -> [org.hibernate.dialect.MySQL5Dialect] (replacing [org.hibernate.dialect.MySQL5Dialect])
19:11:15.741 [main] DEBUG o.h.b.r.s.i.StrategySelectorImpl - Registering named strategy selector [org.hibernate.dialect.Dialect] : [MySQL5InnoDB] -> [org.hibernate.dialect.MySQL5InnoDBDialect] (replacing [org.hibernate.dialect.MySQL5InnoDBDialect])
19:11:15.815 [main] INFO  org.hibernate.Version - HHH000412: Hibernate Core {4.3.11.Final}
19:11:15.816 [main] INFO  org.hibernate.cfg.Environment - HHH000206: hibernate.properties not found
19:11:15.818 [main] INFO  org.hibernate.cfg.Environment - HHH000021: Bytecode provider name : javassist
19:11:15.925 [main] DEBUG o.h.service.spi.ServiceBinding - Overriding existing service binding [org.hibernate.secure.spi.JaccService]
19:11:15.941 [main] DEBUG org.hibernate.type.BasicTypeRegistry - Adding type registration boolean -> org.hibernate.type.BooleanType@3773862a
19:11:15.941 [main] DEBUG org.hibernate.type.BasicTypeRegistry - Adding type registration boolean -> org.hibernate.type.BooleanType@3773862a
19:11:15.941 [main] DEBUG org.hibernate.type.BasicTypeRegistry - Adding type registration java.lang.Boolean -> org.hibernate.type.BooleanType@3773862a
19:11:15.942 [main] DEBUG org.hibernate.type.BasicTypeRegistry - Adding type registration numeric_boolean -> org.hibernate.type.NumericBooleanType@3b809711
19:11:15.943 [main] DEBUG org.hibernate.type.BasicTypeRegistry - Adding type registration true_false -> org.hibernate.type.TrueFalseType@53cdecf6
19:11:15.943 [main] DEBUG org.hibernate.type.BasicTypeRegistry - Adding type registration yes_no -> org.hibernate.type.YesNoType@420745d7
19:11:15.944 [main] DEBUG org.hibernate.type.BasicTypeRegistry - Adding type registration byte -> org.hibernate.type.ByteType@66f66866
19:11:15.944 [main] DEBUG org.hibernate.type.BasicTypeRegistry - Adding type registration byte -> org.hibernate.type.ByteType@66f66866
19:11:15.945 [main] DEBUG org.hibernate.type.BasicTypeRegistry - Adding type registration java.lang.Byte -> org.hibernate.type.ByteType@66f66866
19:11:15.946 [main] DEBUG org.hibernate.type.BasicTypeRegistry - Adding type registration character -> org.hibernate.type.CharacterType@405325cf
19:11:15.946 [main] DEBUG org.hibernate.type.BasicTypeRegistry - Adding type registration char -> org.hibernate.type.CharacterType@405325cf
19:11:15.946 [main] DEBUG org.hibernate.type.BasicTypeRegistry - Adding type registration java.lang.Character -> org.hibernate.type.CharacterType@405325cf
19:11:15.947 [main] DEBUG org.hibernate.type.BasicTypeRegistry - Adding type registration short -> org.hibernate.type.ShortType@721eb7df
19:11:15.947 [main] DEBUG org.hibernate.type.BasicTypeRegistry - Adding type registration short -> org.hibernate.type.ShortType@721eb7df
19:11:15.948 [main] DEBUG org.hibernate.type.BasicTypeRegistry - Adding type registration java.lang.Short -> org.hibernate.type.ShortType@721eb7df
19:11:15.949 [main] DEBUG org.hibernate.type.BasicTypeRegistry - Adding type registration integer -> org.hibernate.type.IntegerType@4c7a078
19:11:15.949 [main] DEBUG org.hibernate.type.BasicTypeRegistry - Adding type registration int -> org.hibernate.type.IntegerType@4c7a078
19:11:15.949 [main] DEBUG org.hibernate.type.BasicTypeRegistry - Adding type registration java.lang.Integer -> org.hibernate.type.IntegerType@4c7a078
19:11:15.950 [main] DEBUG org.hibernate.type.BasicTypeRegistry - Adding type registration long -> org.hibernate.type.LongType@6bb7cce7
19:11:15.951 [main] DEBUG org.hibernate.type.BasicTypeRegistry - Adding type registration long -> org.hibernate.type.LongType@6bb7cce7
19:11:15.951 [main] DEBUG org.hibernate.type.BasicTypeRegistry - Adding type registration java.lang.Long -> org.hibernate.type.LongType@6bb7cce7
19:11:15.952 [main] DEBUG org.hibernate.type.BasicTypeRegistry - Adding type registration float -> org.hibernate.type.FloatType@2c0f7678
19:11:15.952 [main] DEBUG org.hibernate.type.BasicTypeRegistry - Adding type registration float -> org.hibernate.type.FloatType@2c0f7678
19:11:15.953 [main] DEBUG org.hibernate.type.BasicTypeRegistry - Adding type registration java.lang.Float -> org.hibernate.type.FloatType@2c0f7678
19:11:15.954 [main] DEBUG org.hibernate.type.BasicTypeRegistry - Adding type registration double -> org.hibernate.type.DoubleType@4163f1cd
19:11:15.954 [main] DEBUG org.hibernate.type.BasicTypeRegistry - Adding type registration double -> org.hibernate.type.DoubleType@4163f1cd
19:11:15.954 [main] DEBUG org.hibernate.type.BasicTypeRegistry - Adding type registration java.lang.Double -> org.hibernate.type.DoubleType@4163f1cd
19:11:15.956 [main] DEBUG org.hibernate.type.BasicTypeRegistry - Adding type registration big_decimal -> org.hibernate.type.BigDecimalType@48d7ad8b
19:11:15.956 [main] DEBUG org.hibernate.type.BasicTypeRegistry - Adding type registration java.math.BigDecimal -> org.hibernate.type.BigDecimalType@48d7ad8b
19:11:15.957 [main] DEBUG org.hibernate.type.BasicTypeRegistry - Adding type registration big_integer -> org.hibernate.type.BigIntegerType@710b30ef
19:11:15.958 [main] DEBUG org.hibernate.type.BasicTypeRegistry - Adding type registration java.math.BigInteger -> org.hibernate.type.BigIntegerType@710b30ef
19:11:15.959 [main] DEBUG org.hibernate.type.BasicTypeRegistry - Adding type registration string -> org.hibernate.type.StringType@1b1637e1
19:11:15.960 [main] DEBUG org.hibernate.type.BasicTypeRegistry - Adding type registration java.lang.String -> org.hibernate.type.StringType@1b1637e1
19:11:15.962 [main] DEBUG org.hibernate.type.BasicTypeRegistry - Adding type registration nstring -> org.hibernate.type.StringNVarcharType@ceb4bd2
19:11:15.963 [main] DEBUG org.hibernate.type.BasicTypeRegistry - Adding type registration ncharacter -> org.hibernate.type.CharacterNCharType@2ba45490
19:11:15.964 [main] DEBUG org.hibernate.type.BasicTypeRegistry - Adding type registration url -> org.hibernate.type.UrlType@3ecedf21
19:11:15.964 [main] DEBUG org.hibernate.type.BasicTypeRegistry - Adding type registration java.net.URL -> org.hibernate.type.UrlType@3ecedf21
19:11:15.966 [main] DEBUG org.hibernate.type.BasicTypeRegistry - Adding type registration date -> org.hibernate.type.DateType@68ace111
19:11:15.966 [main] DEBUG org.hibernate.type.BasicTypeRegistry - Adding type registration java.sql.Date -> org.hibernate.type.DateType@68ace111
19:11:15.967 [main] DEBUG org.hibernate.type.BasicTypeRegistry - Adding type registration time -> org.hibernate.type.TimeType@5eefa415
19:11:15.968 [main] DEBUG org.hibernate.type.BasicTypeRegistry - Adding type registration java.sql.Time -> org.hibernate.type.TimeType@5eefa415
19:11:15.970 [main] DEBUG org.hibernate.type.BasicTypeRegistry - Adding type registration timestamp -> org.hibernate.type.TimestampType@344b8190
19:11:15.971 [main] DEBUG org.hibernate.type.BasicTypeRegistry - Adding type registration java.sql.Timestamp -> org.hibernate.type.TimestampType@344b8190
19:11:15.971 [main] DEBUG org.hibernate.type.BasicTypeRegistry - Adding type registration java.util.Date -> org.hibernate.type.TimestampType@344b8190
19:11:15.972 [main] DEBUG org.hibernate.type.BasicTypeRegistry - Adding type registration dbtimestamp -> org.hibernate.type.DbTimestampType@1929425f
19:11:15.973 [main] DEBUG org.hibernate.type.BasicTypeRegistry - Adding type registration calendar -> org.hibernate.type.CalendarType@676f0a60
19:11:15.973 [main] DEBUG org.hibernate.type.BasicTypeRegistry - Adding type registration java.util.Calendar -> org.hibernate.type.CalendarType@676f0a60
19:11:15.973 [main] DEBUG org.hibernate.type.BasicTypeRegistry - Adding type registration java.util.GregorianCalendar -> org.hibernate.type.CalendarType@676f0a60
19:11:15.974 [main] DEBUG org.hibernate.type.BasicTypeRegistry - Adding type registration calendar_date -> org.hibernate.type.CalendarDateType@4a951911
19:11:15.975 [main] DEBUG org.hibernate.type.BasicTypeRegistry - Adding type registration locale -> org.hibernate.type.LocaleType@33a053d
19:11:15.975 [main] DEBUG org.hibernate.type.BasicTypeRegistry - Adding type registration java.util.Locale -> org.hibernate.type.LocaleType@33a053d
19:11:15.975 [main] DEBUG org.hibernate.type.BasicTypeRegistry - Adding type registration currency -> org.hibernate.type.CurrencyType@55b5e331
19:11:15.976 [main] DEBUG org.hibernate.type.BasicTypeRegistry - Adding type registration java.util.Currency -> org.hibernate.type.CurrencyType@55b5e331
19:11:15.976 [main] DEBUG org.hibernate.type.BasicTypeRegistry - Adding type registration timezone -> org.hibernate.type.TimeZoneType@2a3a299
19:11:15.976 [main] DEBUG org.hibernate.type.BasicTypeRegistry - Adding type registration java.util.TimeZone -> org.hibernate.type.TimeZoneType@2a3a299
19:11:15.977 [main] DEBUG org.hibernate.type.BasicTypeRegistry - Adding type registration class -> org.hibernate.type.ClassType@5b989dc7
19:11:15.977 [main] DEBUG org.hibernate.type.BasicTypeRegistry - Adding type registration java.lang.Class -> org.hibernate.type.ClassType@5b989dc7
19:11:15.978 [main] DEBUG org.hibernate.type.BasicTypeRegistry - Adding type registration uuid-binary -> org.hibernate.type.UUIDBinaryType@13cda7c9
19:11:15.978 [main] DEBUG org.hibernate.type.BasicTypeRegistry - Adding type registration java.util.UUID -> org.hibernate.type.UUIDBinaryType@13cda7c9
19:11:15.978 [main] DEBUG org.hibernate.type.BasicTypeRegistry - Adding type registration uuid-char -> org.hibernate.type.UUIDCharType@771158fb
19:11:15.979 [main] DEBUG org.hibernate.type.BasicTypeRegistry - Adding type registration pg-uuid -> org.hibernate.type.PostgresUUIDType@3003697
19:11:15.979 [main] DEBUG org.hibernate.type.BasicTypeRegistry - Adding type registration binary -> org.hibernate.type.BinaryType@410e94e
19:11:15.980 [main] DEBUG org.hibernate.type.BasicTypeRegistry - Adding type registration byte[] -> org.hibernate.type.BinaryType@410e94e
19:11:15.980 [main] DEBUG org.hibernate.type.BasicTypeRegistry - Adding type registration [B -> org.hibernate.type.BinaryType@410e94e
19:11:15.980 [main] DEBUG org.hibernate.type.BasicTypeRegistry - Adding type registration wrapper-binary -> org.hibernate.type.WrapperBinaryType@3c818ac4
19:11:15.980 [main] DEBUG org.hibernate.type.BasicTypeRegistry - Adding type registration Byte[] -> org.hibernate.type.WrapperBinaryType@3c818ac4
19:11:15.980 [main] DEBUG org.hibernate.type.BasicTypeRegistry - Adding type registration [Ljava.lang.Byte; -> org.hibernate.type.WrapperBinaryType@3c818ac4
19:11:15.981 [main] DEBUG org.hibernate.type.BasicTypeRegistry - Adding type registration image -> org.hibernate.type.ImageType@304a9d7b
19:11:15.981 [main] DEBUG org.hibernate.type.BasicTypeRegistry - Adding type registration characters -> org.hibernate.type.CharArrayType@2d140a7
19:11:15.982 [main] DEBUG org.hibernate.type.BasicTypeRegistry - Adding type registration char[] -> org.hibernate.type.CharArrayType@2d140a7
19:11:15.982 [main] DEBUG org.hibernate.type.BasicTypeRegistry - Adding type registration [C -> org.hibernate.type.CharArrayType@2d140a7
19:11:15.982 [main] DEBUG org.hibernate.type.BasicTypeRegistry - Adding type registration wrapper-characters -> org.hibernate.type.CharacterArrayType@240139e1
19:11:15.983 [main] DEBUG org.hibernate.type.BasicTypeRegistry - Adding type registration [Ljava.lang.Character; -> org.hibernate.type.CharacterArrayType@240139e1
19:11:15.983 [main] DEBUG org.hibernate.type.BasicTypeRegistry - Adding type registration Character[] -> org.hibernate.type.CharacterArrayType@240139e1
19:11:15.983 [main] DEBUG org.hibernate.type.BasicTypeRegistry - Adding type registration text -> org.hibernate.type.TextType@503fbbc6
19:11:15.983 [main] DEBUG org.hibernate.type.BasicTypeRegistry - Adding type registration ntext -> org.hibernate.type.NTextType@3dedb4a6
19:11:15.986 [main] DEBUG org.hibernate.type.BasicTypeRegistry - Adding type registration blob -> org.hibernate.type.BlobType@6d868997
19:11:15.986 [main] DEBUG org.hibernate.type.BasicTypeRegistry - Adding type registration java.sql.Blob -> org.hibernate.type.BlobType@6d868997
19:11:15.986 [main] DEBUG org.hibernate.type.BasicTypeRegistry - Adding type registration materialized_blob -> org.hibernate.type.MaterializedBlobType@76304b46
19:11:15.989 [main] DEBUG org.hibernate.type.BasicTypeRegistry - Adding type registration clob -> org.hibernate.type.ClobType@1fd386c3
19:11:15.989 [main] DEBUG org.hibernate.type.BasicTypeRegistry - Adding type registration java.sql.Clob -> org.hibernate.type.ClobType@1fd386c3
19:11:15.992 [main] DEBUG org.hibernate.type.BasicTypeRegistry - Adding type registration nclob -> org.hibernate.type.NClobType@5bdaf2ce
19:11:15.992 [main] DEBUG org.hibernate.type.BasicTypeRegistry - Adding type registration java.sql.NClob -> org.hibernate.type.NClobType@5bdaf2ce
19:11:15.992 [main] DEBUG org.hibernate.type.BasicTypeRegistry - Adding type registration materialized_clob -> org.hibernate.type.MaterializedClobType@19f21b6b
19:11:15.993 [main] DEBUG org.hibernate.type.BasicTypeRegistry - Adding type registration materialized_nclob -> org.hibernate.type.MaterializedNClobType@1358b28e
19:11:15.994 [main] DEBUG org.hibernate.type.BasicTypeRegistry - Adding type registration serializable -> org.hibernate.type.SerializableType@778ca8ef
19:11:15.996 [main] DEBUG org.hibernate.type.BasicTypeRegistry - Adding type registration object -> org.hibernate.type.ObjectType@304b9f1a
19:11:15.996 [main] DEBUG org.hibernate.type.BasicTypeRegistry - Adding type registration java.lang.Object -> org.hibernate.type.ObjectType@304b9f1a
19:11:15.997 [main] DEBUG org.hibernate.type.BasicTypeRegistry - Adding type registration imm_date -> org.hibernate.type.AdaptedImmutableType@4aeaadc1
19:11:15.998 [main] DEBUG org.hibernate.type.BasicTypeRegistry - Adding type registration imm_time -> org.hibernate.type.AdaptedImmutableType@263558c9
19:11:15.998 [main] DEBUG org.hibernate.type.BasicTypeRegistry - Adding type registration imm_timestamp -> org.hibernate.type.AdaptedImmutableType@1f14f20c
19:11:15.998 [main] DEBUG org.hibernate.type.BasicTypeRegistry - Adding type registration imm_dbtimestamp -> org.hibernate.type.AdaptedImmutableType@7daa61f3
19:11:15.998 [main] DEBUG org.hibernate.type.BasicTypeRegistry - Adding type registration imm_calendar -> org.hibernate.type.AdaptedImmutableType@62315f22
19:11:15.999 [main] DEBUG org.hibernate.type.BasicTypeRegistry - Adding type registration imm_calendar_date -> org.hibernate.type.AdaptedImmutableType@6e4ea0bd
19:11:15.999 [main] DEBUG org.hibernate.type.BasicTypeRegistry - Adding type registration imm_binary -> org.hibernate.type.AdaptedImmutableType@56f2bbea
19:11:15.999 [main] DEBUG org.hibernate.type.BasicTypeRegistry - Adding type registration imm_serializable -> org.hibernate.type.AdaptedImmutableType@78f9ed3e
19:11:16.012 [main] INFO  o.h.annotations.common.Version - HCANN000001: Hibernate Commons Annotations {4.0.5.Final}
19:11:16.021 [main] DEBUG o.h.i.f.i.DefaultIdentifierGeneratorFactory - Registering IdentifierGenerator strategy [uuid2] -> [org.hibernate.id.UUIDGenerator]
19:11:16.021 [main] DEBUG o.h.i.f.i.DefaultIdentifierGeneratorFactory - Registering IdentifierGenerator strategy [guid] -> [org.hibernate.id.GUIDGenerator]
19:11:16.022 [main] DEBUG o.h.i.f.i.DefaultIdentifierGeneratorFactory - Registering IdentifierGenerator strategy [uuid] -> [org.hibernate.id.UUIDHexGenerator]
19:11:16.022 [main] DEBUG o.h.i.f.i.DefaultIdentifierGeneratorFactory - Registering IdentifierGenerator strategy [uuid.hex] -> [org.hibernate.id.UUIDHexGenerator]
19:11:16.023 [main] DEBUG o.h.i.f.i.DefaultIdentifierGeneratorFactory - Registering IdentifierGenerator strategy [hilo] -> [org.hibernate.id.TableHiLoGenerator]
19:11:16.023 [main] DEBUG o.h.i.f.i.DefaultIdentifierGeneratorFactory - Registering IdentifierGenerator strategy [assigned] -> [org.hibernate.id.Assigned]
19:11:16.024 [main] DEBUG o.h.i.f.i.DefaultIdentifierGeneratorFactory - Registering IdentifierGenerator strategy [identity] -> [org.hibernate.id.IdentityGenerator]
19:11:16.025 [main] DEBUG o.h.i.f.i.DefaultIdentifierGeneratorFactory - Registering IdentifierGenerator strategy [select] -> [org.hibernate.id.SelectGenerator]
19:11:16.025 [main] DEBUG o.h.i.f.i.DefaultIdentifierGeneratorFactory - Registering IdentifierGenerator strategy [sequence] -> [org.hibernate.id.SequenceGenerator]
19:11:16.026 [main] DEBUG o.h.i.f.i.DefaultIdentifierGeneratorFactory - Registering IdentifierGenerator strategy [seqhilo] -> [org.hibernate.id.SequenceHiLoGenerator]
19:11:16.027 [main] DEBUG o.h.i.f.i.DefaultIdentifierGeneratorFactory - Registering IdentifierGenerator strategy [increment] -> [org.hibernate.id.IncrementGenerator]
19:11:16.028 [main] DEBUG o.h.i.f.i.DefaultIdentifierGeneratorFactory - Registering IdentifierGenerator strategy [foreign] -> [org.hibernate.id.ForeignGenerator]
19:11:16.029 [main] DEBUG o.h.i.f.i.DefaultIdentifierGeneratorFactory - Registering IdentifierGenerator strategy [sequence-identity] -> [org.hibernate.id.SequenceIdentityGenerator]
19:11:16.030 [main] DEBUG o.h.i.f.i.DefaultIdentifierGeneratorFactory - Registering IdentifierGenerator strategy [enhanced-sequence] -> [org.hibernate.id.enhanced.SequenceStyleGenerator]
19:11:16.031 [main] DEBUG o.h.i.f.i.DefaultIdentifierGeneratorFactory - Registering IdentifierGenerator strategy [enhanced-table] -> [org.hibernate.id.enhanced.TableGenerator]
19:11:16.037 [main] DEBUG org.hibernate.cfg.Configuration - Preparing to build session factory with filters : {}
19:11:16.047 [main] DEBUG o.s.j.d.SimpleDriverDataSource - Creating new JDBC Driver Connection to [jdbc:derby:memory:testdb;create=true]
19:11:16.052 [main] DEBUG o.h.e.jdbc.internal.JdbcServicesImpl - Database ->
       name : Apache Derby
    version : 10.10.2.0 - (1582446)
      major : 10
      minor : 10
19:11:16.052 [main] DEBUG o.h.e.jdbc.internal.JdbcServicesImpl - Driver ->
       name : Apache Derby Embedded JDBC Driver
    version : 10.10.2.0 - (1582446)
      major : 10
      minor : 10
19:11:16.052 [main] DEBUG o.h.e.jdbc.internal.JdbcServicesImpl - JDBC version : 4.2
19:11:16.054 [main] DEBUG o.h.e.j.c.i.StandardRefCursorSupport - Unexpected error trying to gauge level of JDBC REF_CURSOR support : null
19:11:16.362 [main] INFO  org.hibernate.dialect.Dialect - HHH000400: Using dialect: org.hibernate.dialect.DerbyTenSevenDialect
19:11:16.403 [main] DEBUG org.hibernate.cfg.Configuration - Processing hbm.xml files
19:11:16.404 [main] DEBUG org.hibernate.cfg.Configuration - Process annotated classes
19:11:16.406 [main] DEBUG org.hibernate.cfg.AnnotationBinder - Binding entity from annotated class: com.frenchies.tennisclub.entity.User
19:11:16.419 [main] DEBUG org.hibernate.cfg.Ejb3Column - Binding column: Ejb3DiscriminatorColumn{logicalColumnName'DTYPE', discriminatorTypeName='string'}
19:11:16.423 [main] DEBUG o.h.cfg.annotations.EntityBinder - Import with entity name User
19:11:16.426 [main] DEBUG o.h.cfg.annotations.EntityBinder - Bind entity com.frenchies.tennisclub.entity.User on table Users
19:11:16.450 [main] DEBUG org.hibernate.cfg.Ejb3Column - Binding column: Ejb3Column{table=org.hibernate.mapping.Table(Users), mappingColumn=id, insertable=true, updatable=true, unique=false}
19:11:16.453 [main] DEBUG o.h.cfg.annotations.PropertyBinder - MetadataSourceProcessor property id with lazy=false
19:11:16.455 [main] DEBUG o.h.cfg.AbstractPropertyHolder - Attempting to locate auto-apply AttributeConverter for property [com.frenchies.tennisclub.entity.User:id]
19:11:16.456 [main] DEBUG o.h.c.annotations.SimpleValueBinder - building SimpleValue for id
19:11:16.459 [main] DEBUG o.h.cfg.annotations.PropertyBinder - Building property id
19:11:16.463 [main] DEBUG org.hibernate.cfg.Ejb3Column - Binding column: Ejb3Column{table=org.hibernate.mapping.Table(Users), mappingColumn=admin, insertable=true, updatable=true, unique=false}
19:11:16.464 [main] DEBUG o.h.cfg.annotations.PropertyBinder - MetadataSourceProcessor property admin with lazy=false
19:11:16.464 [main] DEBUG o.h.cfg.AbstractPropertyHolder - Attempting to locate auto-apply AttributeConverter for property [com.frenchies.tennisclub.entity.User:admin]
19:11:16.464 [main] DEBUG o.h.c.annotations.SimpleValueBinder - building SimpleValue for admin
19:11:16.464 [main] DEBUG o.h.cfg.annotations.PropertyBinder - Building property admin
19:11:16.464 [main] DEBUG org.hibernate.cfg.Ejb3Column - Binding column: Ejb3Column{table=org.hibernate.mapping.Table(Users), mappingColumn=dateOfBirth, insertable=true, updatable=true, unique=false}
19:11:16.465 [main] DEBUG o.h.cfg.annotations.PropertyBinder - MetadataSourceProcessor property dateOfBirth with lazy=false
19:11:16.465 [main] DEBUG o.h.cfg.AbstractPropertyHolder - Attempting to locate auto-apply AttributeConverter for property [com.frenchies.tennisclub.entity.User:dateOfBirth]
19:11:16.465 [main] DEBUG o.h.c.annotations.SimpleValueBinder - building SimpleValue for dateOfBirth
19:11:16.465 [main] DEBUG o.h.cfg.annotations.PropertyBinder - Building property dateOfBirth
19:11:16.467 [main] DEBUG org.hibernate.cfg.Ejb3Column - Binding column: Ejb3Column{table=org.hibernate.mapping.Table(Users), mappingColumn=login, insertable=true, updatable=true, unique=false}
19:11:16.467 [main] DEBUG o.h.cfg.annotations.PropertyBinder - MetadataSourceProcessor property login with lazy=false
19:11:16.467 [main] DEBUG o.h.cfg.AbstractPropertyHolder - Attempting to locate auto-apply AttributeConverter for property [com.frenchies.tennisclub.entity.User:login]
19:11:16.468 [main] DEBUG o.h.c.annotations.SimpleValueBinder - building SimpleValue for login
19:11:16.468 [main] DEBUG o.h.cfg.annotations.PropertyBinder - Building property login
19:11:16.468 [main] DEBUG org.hibernate.cfg.Ejb3Column - Binding column: Ejb3Column{table=org.hibernate.mapping.Table(Users), mappingColumn=mail, insertable=true, updatable=true, unique=true}
19:11:16.468 [main] DEBUG o.h.cfg.annotations.PropertyBinder - MetadataSourceProcessor property mail with lazy=false
19:11:16.468 [main] DEBUG o.h.cfg.AbstractPropertyHolder - Attempting to locate auto-apply AttributeConverter for property [com.frenchies.tennisclub.entity.User:mail]
19:11:16.468 [main] DEBUG o.h.c.annotations.SimpleValueBinder - building SimpleValue for mail
19:11:16.468 [main] DEBUG o.h.cfg.annotations.PropertyBinder - Building property mail
19:11:16.469 [main] DEBUG org.hibernate.cfg.Ejb3Column - Binding column: Ejb3Column{table=org.hibernate.mapping.Table(Users), mappingColumn=name, insertable=true, updatable=true, unique=false}
19:11:16.469 [main] DEBUG o.h.cfg.annotations.PropertyBinder - MetadataSourceProcessor property name with lazy=false
19:11:16.469 [main] DEBUG o.h.cfg.AbstractPropertyHolder - Attempting to locate auto-apply AttributeConverter for property [com.frenchies.tennisclub.entity.User:name]
19:11:16.469 [main] DEBUG o.h.c.annotations.SimpleValueBinder - building SimpleValue for name
19:11:16.469 [main] DEBUG o.h.cfg.annotations.PropertyBinder - Building property name
19:11:16.470 [main] DEBUG org.hibernate.cfg.Ejb3Column - Binding column: Ejb3Column{table=org.hibernate.mapping.Table(Users), mappingColumn=passwordHash, insertable=true, updatable=true, unique=false}
19:11:16.470 [main] DEBUG o.h.cfg.annotations.PropertyBinder - MetadataSourceProcessor property passwordHash with lazy=false
19:11:16.470 [main] DEBUG o.h.cfg.AbstractPropertyHolder - Attempting to locate auto-apply AttributeConverter for property [com.frenchies.tennisclub.entity.User:passwordHash]
19:11:16.470 [main] DEBUG o.h.c.annotations.SimpleValueBinder - building SimpleValue for passwordHash
19:11:16.470 [main] DEBUG o.h.cfg.annotations.PropertyBinder - Building property passwordHash
19:11:16.470 [main] DEBUG org.hibernate.cfg.Ejb3Column - Binding column: Ejb3Column{table=org.hibernate.mapping.Table(Users), mappingColumn=phone, insertable=true, updatable=true, unique=false}
19:11:16.470 [main] DEBUG o.h.cfg.annotations.PropertyBinder - MetadataSourceProcessor property phone with lazy=false
19:11:16.470 [main] DEBUG o.h.cfg.AbstractPropertyHolder - Attempting to locate auto-apply AttributeConverter for property [com.frenchies.tennisclub.entity.User:phone]
19:11:16.470 [main] DEBUG o.h.c.annotations.SimpleValueBinder - building SimpleValue for phone
19:11:16.471 [main] DEBUG o.h.cfg.annotations.PropertyBinder - Building property phone
19:11:16.471 [main] DEBUG org.hibernate.cfg.Ejb3Column - Binding column: Ejb3Column{table=org.hibernate.mapping.Table(Users), mappingColumn=surname, insertable=true, updatable=true, unique=false}
19:11:16.471 [main] DEBUG o.h.cfg.annotations.PropertyBinder - MetadataSourceProcessor property surname with lazy=false
19:11:16.471 [main] DEBUG o.h.cfg.AbstractPropertyHolder - Attempting to locate auto-apply AttributeConverter for property [com.frenchies.tennisclub.entity.User:surname]
19:11:16.471 [main] DEBUG o.h.c.annotations.SimpleValueBinder - building SimpleValue for surname
19:11:16.471 [main] DEBUG o.h.cfg.annotations.PropertyBinder - Building property surname
19:11:16.473 [main] DEBUG org.hibernate.cfg.AnnotationBinder - Binding entity from annotated class: com.frenchies.tennisclub.entity.Booking
19:11:16.473 [main] DEBUG org.hibernate.cfg.Ejb3Column - Binding column: Ejb3DiscriminatorColumn{logicalColumnName'DTYPE', discriminatorTypeName='string'}
19:11:16.473 [main] DEBUG o.h.cfg.annotations.EntityBinder - Import with entity name Booking
19:11:16.473 [main] DEBUG o.h.cfg.annotations.EntityBinder - Bind entity com.frenchies.tennisclub.entity.Booking on table Booking
19:11:16.477 [main] DEBUG org.hibernate.cfg.Ejb3Column - Binding column: Ejb3Column{table=org.hibernate.mapping.Table(Booking), mappingColumn=idBooking, insertable=true, updatable=true, unique=false}
19:11:16.477 [main] DEBUG o.h.cfg.annotations.PropertyBinder - MetadataSourceProcessor property idBooking with lazy=false
19:11:16.477 [main] DEBUG o.h.cfg.AbstractPropertyHolder - Attempting to locate auto-apply AttributeConverter for property [com.frenchies.tennisclub.entity.Booking:idBooking]
19:11:16.477 [main] DEBUG o.h.c.annotations.SimpleValueBinder - building SimpleValue for idBooking
19:11:16.478 [main] DEBUG o.h.cfg.annotations.PropertyBinder - Building property idBooking
19:11:16.478 [main] DEBUG org.hibernate.cfg.Ejb3Column - Binding column: Ejb3Column{table=org.hibernate.mapping.Table(Booking), mappingColumn=dateOfBooking, insertable=true, updatable=true, unique=false}
19:11:16.478 [main] DEBUG o.h.cfg.annotations.PropertyBinder - MetadataSourceProcessor property dateOfBooking with lazy=false
19:11:16.478 [main] DEBUG o.h.cfg.AbstractPropertyHolder - Attempting to locate auto-apply AttributeConverter for property [com.frenchies.tennisclub.entity.Booking:dateOfBooking]
19:11:16.478 [main] DEBUG o.h.c.annotations.SimpleValueBinder - building SimpleValue for dateOfBooking
19:11:16.478 [main] DEBUG o.h.cfg.annotations.PropertyBinder - Building property dateOfBooking
19:11:16.479 [main] DEBUG org.hibernate.cfg.Ejb3Column - Binding column: Ejb3Column{table=org.hibernate.mapping.Table(Booking), mappingColumn=hourOfBooking, insertable=true, updatable=true, unique=false}
19:11:16.479 [main] DEBUG o.h.cfg.annotations.PropertyBinder - MetadataSourceProcessor property hourOfBooking with lazy=false
19:11:16.479 [main] DEBUG o.h.cfg.AbstractPropertyHolder - Attempting to locate auto-apply AttributeConverter for property [com.frenchies.tennisclub.entity.Booking:hourOfBooking]
19:11:16.480 [main] DEBUG o.h.c.annotations.SimpleValueBinder - building SimpleValue for hourOfBooking
19:11:16.481 [main] DEBUG o.h.cfg.annotations.PropertyBinder - Building property hourOfBooking
19:11:16.481 [main] DEBUG org.hibernate.cfg.Ejb3Column - Binding column: Ejb3Column{table=org.hibernate.mapping.Table(Booking), mappingColumn=idCourt, insertable=true, updatable=true, unique=false}
19:11:16.481 [main] DEBUG o.h.cfg.annotations.PropertyBinder - MetadataSourceProcessor property idCourt with lazy=false
19:11:16.481 [main] DEBUG o.h.cfg.AbstractPropertyHolder - Attempting to locate auto-apply AttributeConverter for property [com.frenchies.tennisclub.entity.Booking:idCourt]
19:11:16.481 [main] DEBUG o.h.c.annotations.SimpleValueBinder - building SimpleValue for idCourt
19:11:16.481 [main] DEBUG o.h.cfg.annotations.PropertyBinder - Building property idCourt
19:11:16.482 [main] DEBUG org.hibernate.cfg.Ejb3Column - Binding column: Ejb3JoinColumn{logicalColumnName='null', referencedColumn='null', mappedBy='null'}
19:11:16.483 [main] DEBUG org.hibernate.cfg.Ejb3Column - Binding column: Ejb3Column{table=org.hibernate.mapping.Table(Booking), mappingColumn=user1, insertable=true, updatable=true, unique=false}
19:11:16.485 [main] DEBUG o.h.cfg.annotations.PropertyBinder - Building property user1
19:11:16.486 [main] DEBUG org.hibernate.cfg.Ejb3Column - Binding column: Ejb3JoinColumn{logicalColumnName='null', referencedColumn='null', mappedBy='null'}
19:11:16.486 [main] DEBUG org.hibernate.cfg.Ejb3Column - Binding column: Ejb3Column{table=org.hibernate.mapping.Table(Booking), mappingColumn=user2, insertable=true, updatable=true, unique=false}
19:11:16.486 [main] DEBUG o.h.cfg.annotations.PropertyBinder - Building property user2
19:11:16.486 [main] DEBUG org.hibernate.cfg.AnnotationBinder - Binding entity from annotated class: com.frenchies.tennisclub.entity.Court
19:11:16.486 [main] DEBUG org.hibernate.cfg.Ejb3Column - Binding column: Ejb3DiscriminatorColumn{logicalColumnName'DTYPE', discriminatorTypeName='string'}
19:11:16.487 [main] DEBUG o.h.cfg.annotations.EntityBinder - Import with entity name Court
19:11:16.487 [main] DEBUG o.h.cfg.annotations.EntityBinder - Bind entity com.frenchies.tennisclub.entity.Court on table Court
19:11:16.489 [main] DEBUG org.hibernate.cfg.Ejb3Column - Binding column: Ejb3Column{table=org.hibernate.mapping.Table(Court), mappingColumn=idCourt, insertable=true, updatable=true, unique=false}
19:11:16.489 [main] DEBUG o.h.cfg.annotations.PropertyBinder - MetadataSourceProcessor property idCourt with lazy=false
19:11:16.489 [main] DEBUG o.h.cfg.AbstractPropertyHolder - Attempting to locate auto-apply AttributeConverter for property [com.frenchies.tennisclub.entity.Court:idCourt]
19:11:16.489 [main] DEBUG o.h.c.annotations.SimpleValueBinder - building SimpleValue for idCourt
19:11:16.489 [main] DEBUG o.h.cfg.annotations.PropertyBinder - Building property idCourt
19:11:16.490 [main] DEBUG org.hibernate.cfg.Ejb3Column - Binding column: Ejb3Column{table=org.hibernate.mapping.Table(Court), mappingColumn=latitude, insertable=true, updatable=true, unique=false}
19:11:16.490 [main] DEBUG o.h.cfg.annotations.PropertyBinder - MetadataSourceProcessor property latitude with lazy=false
19:11:16.490 [main] DEBUG o.h.cfg.AbstractPropertyHolder - Attempting to locate auto-apply AttributeConverter for property [com.frenchies.tennisclub.entity.Court:latitude]
19:11:16.491 [main] DEBUG o.h.c.annotations.SimpleValueBinder - building SimpleValue for latitude
19:11:16.491 [main] DEBUG o.h.cfg.annotations.PropertyBinder - Building property latitude
19:11:16.491 [main] DEBUG org.hibernate.cfg.Ejb3Column - Binding column: Ejb3Column{table=org.hibernate.mapping.Table(Court), mappingColumn=longitude, insertable=true, updatable=true, unique=false}
19:11:16.492 [main] DEBUG o.h.cfg.annotations.PropertyBinder - MetadataSourceProcessor property longitude with lazy=false
19:11:16.492 [main] DEBUG o.h.cfg.AbstractPropertyHolder - Attempting to locate auto-apply AttributeConverter for property [com.frenchies.tennisclub.entity.Court:longitude]
19:11:16.492 [main] DEBUG o.h.c.annotations.SimpleValueBinder - building SimpleValue for longitude
19:11:16.492 [main] DEBUG o.h.cfg.annotations.PropertyBinder - Building property longitude
19:11:16.493 [main] DEBUG org.hibernate.cfg.Ejb3Column - Binding column: Ejb3Column{table=org.hibernate.mapping.Table(Court), mappingColumn=status, insertable=true, updatable=true, unique=false}
19:11:16.493 [main] DEBUG o.h.cfg.annotations.PropertyBinder - MetadataSourceProcessor property status with lazy=false
19:11:16.493 [main] DEBUG o.h.cfg.AbstractPropertyHolder - Attempting to locate auto-apply AttributeConverter for property [com.frenchies.tennisclub.entity.Court:status]
19:11:16.493 [main] DEBUG o.h.c.annotations.SimpleValueBinder - building SimpleValue for status
19:11:16.494 [main] DEBUG o.h.cfg.annotations.PropertyBinder - Building property status
19:11:16.494 [main] DEBUG org.hibernate.cfg.Ejb3Column - Binding column: Ejb3Column{table=org.hibernate.mapping.Table(Court), mappingColumn=type, insertable=true, updatable=true, unique=false}
19:11:16.494 [main] DEBUG o.h.cfg.annotations.PropertyBinder - MetadataSourceProcessor property type with lazy=false
19:11:16.494 [main] DEBUG o.h.cfg.AbstractPropertyHolder - Attempting to locate auto-apply AttributeConverter for property [com.frenchies.tennisclub.entity.Court:type]
19:11:16.494 [main] DEBUG o.h.c.annotations.SimpleValueBinder - building SimpleValue for type
19:11:16.494 [main] DEBUG o.h.cfg.annotations.PropertyBinder - Building property type
19:11:16.495 [main] DEBUG o.h.c.annotations.SimpleValueBinder - Starting fillSimpleValue for id
19:11:16.495 [main] DEBUG o.h.c.annotations.SimpleValueBinder - Starting fillSimpleValue for admin
19:11:16.495 [main] DEBUG o.h.c.annotations.SimpleValueBinder - Starting fillSimpleValue for dateOfBirth
19:11:16.495 [main] DEBUG o.h.c.annotations.SimpleValueBinder - Starting fillSimpleValue for login
19:11:16.495 [main] DEBUG o.h.c.annotations.SimpleValueBinder - Starting fillSimpleValue for mail
19:11:16.495 [main] DEBUG o.h.c.annotations.SimpleValueBinder - Starting fillSimpleValue for name
19:11:16.495 [main] DEBUG o.h.c.annotations.SimpleValueBinder - Starting fillSimpleValue for passwordHash
19:11:16.495 [main] DEBUG o.h.c.annotations.SimpleValueBinder - Starting fillSimpleValue for phone
19:11:16.495 [main] DEBUG o.h.c.annotations.SimpleValueBinder - Starting fillSimpleValue for surname
19:11:16.495 [main] DEBUG o.h.c.annotations.SimpleValueBinder - Starting fillSimpleValue for idBooking
19:11:16.495 [main] DEBUG o.h.c.annotations.SimpleValueBinder - Starting fillSimpleValue for dateOfBooking
19:11:16.495 [main] DEBUG o.h.c.annotations.SimpleValueBinder - Starting fillSimpleValue for hourOfBooking
19:11:16.496 [main] DEBUG o.h.c.annotations.SimpleValueBinder - Starting fillSimpleValue for idCourt
19:11:16.496 [main] DEBUG o.h.c.annotations.SimpleValueBinder - Starting fillSimpleValue for idCourt
19:11:16.496 [main] DEBUG o.h.c.annotations.SimpleValueBinder - Starting fillSimpleValue for latitude
19:11:16.496 [main] DEBUG o.h.c.annotations.SimpleValueBinder - Starting fillSimpleValue for longitude
19:11:16.496 [main] DEBUG o.h.c.annotations.SimpleValueBinder - Starting fillSimpleValue for status
19:11:16.496 [main] DEBUG o.h.c.annotations.SimpleValueBinder - Starting fillSimpleValue for type
19:11:16.497 [main] DEBUG org.hibernate.cfg.Configuration - Processing fk mappings (*ToOne and JoinedSubclass)
19:11:16.501 [main] DEBUG org.hibernate.cfg.Configuration - Processing extends queue
19:11:16.501 [main] DEBUG org.hibernate.cfg.Configuration - Processing extends queue
19:11:16.501 [main] DEBUG org.hibernate.cfg.Configuration - Processing collection mappings
19:11:16.501 [main] DEBUG org.hibernate.cfg.Configuration - Processing native query and ResultSetMapping mappings
19:11:16.501 [main] DEBUG org.hibernate.cfg.Configuration - Processing association property references
19:11:16.501 [main] DEBUG org.hibernate.cfg.Configuration - Creating tables' unique integer identifiers
19:11:16.501 [main] DEBUG org.hibernate.cfg.Configuration - Processing foreign key constraints
19:11:16.501 [main] DEBUG org.hibernate.cfg.Configuration - Resolving reference to class: com.frenchies.tennisclub.entity.User
19:11:16.501 [main] DEBUG org.hibernate.cfg.Configuration - Resolving reference to class: com.frenchies.tennisclub.entity.User
19:11:16.505 [main] DEBUG o.h.e.t.j.p.i.JtaPlatformInitiator - No JtaPlatform was specified, checking resolver
19:11:16.505 [main] DEBUG o.h.e.t.j.p.i.JtaPlatformResolverInitiator - No JtaPlatformResolver was specified, using default [org.hibernate.engine.transaction.jta.platform.internal.StandardJtaPlatformResolver]
19:11:16.507 [main] DEBUG o.h.e.t.j.p.i.StandardJtaPlatformResolver - Could not resolve JtaPlatform, using default [org.hibernate.engine.transaction.jta.platform.internal.NoJtaPlatform]
19:11:16.509 [main] DEBUG org.hibernate.cfg.SettingsFactory - Automatic flush during beforeCompletion(): disabled
19:11:16.509 [main] DEBUG org.hibernate.cfg.SettingsFactory - Automatic session close at end of transaction: disabled
19:11:16.509 [main] DEBUG org.hibernate.cfg.SettingsFactory - Scrollable result sets: enabled
19:11:16.509 [main] DEBUG org.hibernate.cfg.SettingsFactory - Wrap result sets: disabled
19:11:16.509 [main] DEBUG org.hibernate.cfg.SettingsFactory - JDBC3 getGeneratedKeys(): disabled
19:11:16.509 [main] DEBUG org.hibernate.cfg.SettingsFactory - multi-tenancy strategy : NONE
19:11:16.509 [main] DEBUG org.hibernate.cfg.SettingsFactory - Connection release mode: auto
19:11:16.511 [main] DEBUG org.hibernate.cfg.SettingsFactory - Using BatchFetchStyle : LEGACY
19:11:16.512 [main] DEBUG org.hibernate.cfg.SettingsFactory - Default batch fetch size: 1
19:11:16.512 [main] DEBUG org.hibernate.cfg.SettingsFactory - Generate SQL with comments: disabled
19:11:16.512 [main] DEBUG org.hibernate.cfg.SettingsFactory - Order SQL updates by primary key: disabled
19:11:16.512 [main] DEBUG org.hibernate.cfg.SettingsFactory - Order SQL inserts for batching: disabled
19:11:16.512 [main] DEBUG org.hibernate.cfg.SettingsFactory - Default null ordering: none
19:11:16.513 [main] DEBUG org.hibernate.cfg.SettingsFactory - Query translator: org.hibernate.hql.internal.ast.ASTQueryTranslatorFactory
19:11:16.514 [main] INFO  o.h.h.i.a.ASTQueryTranslatorFactory - HHH000397: Using ASTQueryTranslatorFactory
19:11:16.514 [main] DEBUG org.hibernate.cfg.SettingsFactory - Query language substitutions: {}
19:11:16.515 [main] DEBUG org.hibernate.cfg.SettingsFactory - JPA-QL strict compliance: disabled
19:11:16.515 [main] DEBUG org.hibernate.cfg.SettingsFactory - Second-level cache: enabled
19:11:16.515 [main] DEBUG org.hibernate.cfg.SettingsFactory - Query cache: disabled
19:11:16.517 [main] DEBUG o.h.c.i.RegionFactoryInitiator - Cache region factory : org.hibernate.cache.internal.NoCachingRegionFactory
19:11:16.520 [main] DEBUG org.hibernate.cfg.SettingsFactory - Optimize cache for minimal puts: disabled
19:11:16.521 [main] DEBUG org.hibernate.cfg.SettingsFactory - Structured second-level cache entries: disabled
19:11:16.521 [main] DEBUG org.hibernate.cfg.SettingsFactory - Second-level cache direct-reference entries: disabled
19:11:16.521 [main] DEBUG org.hibernate.cfg.SettingsFactory - Automatic eviction of collection cache: disabled
19:11:16.522 [main] DEBUG org.hibernate.cfg.SettingsFactory - Statistics: disabled
19:11:16.522 [main] DEBUG org.hibernate.cfg.SettingsFactory - Deleted entity synthetic identifier rollback: disabled
19:11:16.522 [main] DEBUG org.hibernate.cfg.SettingsFactory - Default entity-mode: pojo
19:11:16.522 [main] DEBUG org.hibernate.cfg.SettingsFactory - Named query checking : enabled
19:11:16.522 [main] DEBUG org.hibernate.cfg.SettingsFactory - Check Nullability in Core (should be disabled when Bean Validation is on): enabled
19:11:16.522 [main] DEBUG org.hibernate.cfg.SettingsFactory - Allow initialization of lazy state outside session : : disabled
19:11:16.522 [main] DEBUG org.hibernate.cfg.SettingsFactory - JTA Track by Thread: enabled
19:11:16.530 [main] DEBUG o.h.internal.SessionFactoryImpl - Building session factory
19:11:16.537 [main] DEBUG o.h.internal.SessionFactoryImpl - Session factory constructed with filter configurations : {}
19:11:16.537 [main] DEBUG o.h.internal.SessionFactoryImpl - Instantiating session factory with properties: {java.runtime.name=OpenJDK Runtime Environment, hibernate.cache.provider_class=org.hibernate.cache.NoCacheProvider, sun.boot.library.path=/usr/lib/jvm/java-8-openjdk-amd64/jre/lib/amd64, java.vm.version=25.151-b12, java.vm.vendor=Oracle Corporation, java.vendor.url=http://java.oracle.com/, path.separator=:, java.vm.name=OpenJDK 64-Bit Server VM, file.encoding.pkg=sun.io, user.country=US, sun.java.launcher=SUN_STANDARD, sun.os.patch.level=unknown, java.vm.specification.name=Java Virtual Machine Specification, user.dir=/home/val/Documents/M2_Masaryk/Java/Seminars/project/tennisClub/tennisclubproject/tennisclub-service, javax.persistence.sharedCache.mode=UNSPECIFIED, java.runtime.version=1.8.0_151-8u151-b12-0ubuntu0.16.04.2-b12, java.awt.graphicsenv=sun.awt.X11GraphicsEnvironment, basedir=/home/val/Documents/M2_Masaryk/Java/Seminars/project/tennisClub/tennisclubproject/tennisclub-service, java.endorsed.dirs=/usr/lib/jvm/java-8-openjdk-amd64/jre/lib/endorsed, os.arch=amd64, surefire.real.class.path=/home/val/Documents/M2_Masaryk/Java/Seminars/project/tennisClub/tennisclubproject/tennisclub-service/target/surefire/surefirebooter2353817293640460635.jar, java.io.tmpdir=/tmp, line.separator=
, java.vm.specification.vendor=Oracle Corporation, os.name=Linux, sun.jnu.encoding=UTF-8, java.library.path=/usr/java/packages/lib/amd64:/usr/lib/x86_64-linux-gnu/jni:/lib/x86_64-linux-gnu:/usr/lib/x86_64-linux-gnu:/usr/lib/jni:/lib:/usr/lib, surefire.test.class.path=/home/val/Documents/M2_Masaryk/Java/Seminars/project/tennisClub/tennisclubproject/tennisclub-service/target/test-classes:/home/val/Documents/M2_Masaryk/Java/Seminars/project/tennisClub/tennisclubproject/tennisclub-service/target/classes:/home/val/.m2/repository/org/testng/testng/6.8.8/testng-6.8.8.jar:/home/val/.m2/repository/org/beanshell/bsh/2.0b4/bsh-2.0b4.jar:/home/val/.m2/repository/com/beust/jcommander/1.35/jcommander-1.35.jar:/home/val/Documents/M2_Masaryk/Java/Seminars/project/tennisClub/tennisclubproject/tennisclub-api/target/tennisclub-api-1.0-SNAPSHOT.jar:/home/val/.m2/repository/javax/validation/validation-api/1.1.0.Final/validation-api-1.1.0.Final.jar:/home/val/Documents/M2_Masaryk/Java/Seminars/project/tennisClub/tennisclubproject/tennisclub-persistence/target/tennisclub-persistence-1.0-SNAPSHOT.jar:/home/val/.m2/repository/org/springframework/spring-test/4.1.8.RELEASE/spring-test-4.1.8.RELEASE.jar:/home/val/.m2/repository/org/springframework/spring-orm/4.1.8.RELEASE/spring-orm-4.1.8.RELEASE.jar:/home/val/.m2/repository/org/springframework/spring-beans/4.1.8.RELEASE/spring-beans-4.1.8.RELEASE.jar:/home/val/.m2/repository/org/springframework/spring-jdbc/4.1.8.RELEASE/spring-jdbc-4.1.8.RELEASE.jar:/home/val/.m2/repository/org/springframework/spring-tx/4.1.8.RELEASE/spring-tx-4.1.8.RELEASE.jar:/home/val/.m2/repository/org/springframework/data/spring-data-jpa/1.7.4.RELEASE/spring-data-jpa-1.7.4.RELEASE.jar:/home/val/.m2/repository/org/springframework/data/spring-data-commons/1.9.4.RELEASE/spring-data-commons-1.9.4.RELEASE.jar:/home/val/.m2/repository/org/springframework/spring-aop/4.1.8.RELEASE/spring-aop-4.1.8.RELEASE.jar:/home/val/.m2/repository/aopalliance/aopalliance/1.0/aopalliance-1.0.jar:/home/val/.m2/repository/org/aspectj/aspectjrt/1.8.7/aspectjrt-1.8.7.jar:/home/val/.m2/repository/org/hibernate/hibernate-entitymanager/4.3.11.Final/hibernate-entitymanager-4.3.11.Final.jar:/home/val/.m2/repository/org/jboss/logging/jboss-logging/3.1.3.GA/jboss-logging-3.1.3.GA.jar:/home/val/.m2/repository/org/jboss/logging/jboss-logging-annotations/1.2.0.Beta1/jboss-logging-annotations-1.2.0.Beta1.jar:/home/val/.m2/repository/org/hibernate/hibernate-core/4.3.11.Final/hibernate-core-4.3.11.Final.jar:/home/val/.m2/repository/antlr/antlr/2.7.7/antlr-2.7.7.jar:/home/val/.m2/repository/org/jboss/jandex/1.1.0.Final/jandex-1.1.0.Final.jar:/home/val/.m2/repository/dom4j/dom4j/1.6.1/dom4j-1.6.1.jar:/home/val/.m2/repository/xml-apis/xml-apis/1.0.b2/xml-apis-1.0.b2.jar:/home/val/.m2/repository/org/hibernate/common/hibernate-commons-annotations/4.0.5.Final/hibernate-commons-annotations-4.0.5.Final.jar:/home/val/.m2/repository/org/hibernate/javax/persistence/hibernate-jpa-2.1-api/1.0.0.Final/hibernate-jpa-2.1-api-1.0.0.Final.jar:/home/val/.m2/repository/org/jboss/spec/javax/transaction/jboss-transaction-api_1.2_spec/1.0.0.Final/jboss-transaction-api_1.2_spec-1.0.0.Final.jar:/home/val/.m2/repository/org/javassist/javassist/3.18.1-GA/javassist-3.18.1-GA.jar:/home/val/.m2/repository/org/hibernate/hibernate-validator/5.1.3.Final/hibernate-validator-5.1.3.Final.jar:/home/val/.m2/repository/com/fasterxml/classmate/1.0.0/classmate-1.0.0.jar:/home/val/.m2/repository/cz/fi/muni/pa165/eshop-api/1.0-SNAPSHOT/eshop-api-1.0-SNAPSHOT.jar:/home/val/.m2/repository/org/springframework/spring-context/4.1.8.RELEASE/spring-context-4.1.8.RELEASE.jar:/home/val/.m2/repository/org/springframework/spring-expression/4.1.8.RELEASE/spring-expression-4.1.8.RELEASE.jar:/home/val/.m2/repository/org/springframework/spring-core/4.1.8.RELEASE/spring-core-4.1.8.RELEASE.jar:/home/val/.m2/repository/org/slf4j/slf4j-api/1.7.12/slf4j-api-1.7.12.jar:/home/val/.m2/repository/org/slf4j/jcl-over-slf4j/1.7.12/jcl-over-slf4j-1.7.12.jar:/home/val/.m2/repository/org/apache/derby/derby/10.10.2.0/derby-10.10.2.0.jar:/home/val/.m2/repository/javax/inject/javax.inject/1/javax.inject-1.jar:/home/val/.m2/repository/javax/enterprise/cdi-api/1.2/cdi-api-1.2.jar:/home/val/.m2/repository/javax/el/javax.el-api/2.2.5/javax.el-api-2.2.5.jar:/home/val/.m2/repository/javax/interceptor/javax.interceptor-api/1.2/javax.interceptor-api-1.2.jar:/home/val/.m2/repository/net/sf/dozer/dozer/5.5.1/dozer-5.5.1.jar:/home/val/.m2/repository/commons-beanutils/commons-beanutils/1.9.2/commons-beanutils-1.9.2.jar:/home/val/.m2/repository/commons-collections/commons-collections/3.2.1/commons-collections-3.2.1.jar:/home/val/.m2/repository/org/apache/commons/commons-lang3/3.3.2/commons-lang3-3.3.2.jar:/home/val/.m2/repository/org/mockito/mockito-all/2.0.2-beta/mockito-all-2.0.2-beta.jar:/home/val/.m2/repository/ch/qos/logback/logback-classic/1.1.3/logback-classic-1.1.3.jar:/home/val/.m2/repository/ch/qos/logback/logback-core/1.1.3/logback-core-1.1.3.jar:/home/val/.m2/repository/org/apache/maven/surefire/surefire-testng-utils/2.17/surefire-testng-utils-2.17.jar:/home/val/.m2/repository/org/apache/maven/surefire/surefire-grouper/2.17/surefire-grouper-2.17.jar:, hibernate.ejb.persistenceUnitName=default, java.specification.name=Java Platform API Specification, java.class.version=52.0, sun.management.compiler=HotSpot 64-Bit Tiered Compilers, os.version=4.10.0-38-generic, user.home=/home/val, user.timezone=Europe/Prague, java.awt.printerjob=sun.print.PSPrinterJob, java.specification.version=1.8, file.encoding=UTF-8, javax.persistence.nonJtaDataSource=org.springframework.jdbc.datasource.embedded.EmbeddedDatabaseFactory$EmbeddedDataSourceProxy@1a1da881, hibernate.format_sql=true, hibernate.connection.driver_class=org.apache.derby.jdbc.EmbeddedDriver, user.name=val, java.class.path=/home/val/Documents/M2_Masaryk/Java/Seminars/project/tennisClub/tennisclubproject/tennisclub-service/target/test-classes:/home/val/Documents/M2_Masaryk/Java/Seminars/project/tennisClub/tennisclubproject/tennisclub-service/target/classes:/home/val/.m2/repository/org/testng/testng/6.8.8/testng-6.8.8.jar:/home/val/.m2/repository/org/beanshell/bsh/2.0b4/bsh-2.0b4.jar:/home/val/.m2/repository/com/beust/jcommander/1.35/jcommander-1.35.jar:/home/val/Documents/M2_Masaryk/Java/Seminars/project/tennisClub/tennisclubproject/tennisclub-api/target/tennisclub-api-1.0-SNAPSHOT.jar:/home/val/.m2/repository/javax/validation/validation-api/1.1.0.Final/validation-api-1.1.0.Final.jar:/home/val/Documents/M2_Masaryk/Java/Seminars/project/tennisClub/tennisclubproject/tennisclub-persistence/target/tennisclub-persistence-1.0-SNAPSHOT.jar:/home/val/.m2/repository/org/springframework/spring-test/4.1.8.RELEASE/spring-test-4.1.8.RELEASE.jar:/home/val/.m2/repository/org/springframework/spring-orm/4.1.8.RELEASE/spring-orm-4.1.8.RELEASE.jar:/home/val/.m2/repository/org/springframework/spring-beans/4.1.8.RELEASE/spring-beans-4.1.8.RELEASE.jar:/home/val/.m2/repository/org/springframework/spring-jdbc/4.1.8.RELEASE/spring-jdbc-4.1.8.RELEASE.jar:/home/val/.m2/repository/org/springframework/spring-tx/4.1.8.RELEASE/spring-tx-4.1.8.RELEASE.jar:/home/val/.m2/repository/org/springframework/data/spring-data-jpa/1.7.4.RELEASE/spring-data-jpa-1.7.4.RELEASE.jar:/home/val/.m2/repository/org/springframework/data/spring-data-commons/1.9.4.RELEASE/spring-data-commons-1.9.4.RELEASE.jar:/home/val/.m2/repository/org/springframework/spring-aop/4.1.8.RELEASE/spring-aop-4.1.8.RELEASE.jar:/home/val/.m2/repository/aopalliance/aopalliance/1.0/aopalliance-1.0.jar:/home/val/.m2/repository/org/aspectj/aspectjrt/1.8.7/aspectjrt-1.8.7.jar:/home/val/.m2/repository/org/hibernate/hibernate-entitymanager/4.3.11.Final/hibernate-entitymanager-4.3.11.Final.jar:/home/val/.m2/repository/org/jboss/logging/jboss-logging/3.1.3.GA/jboss-logging-3.1.3.GA.jar:/home/val/.m2/repository/org/jboss/logging/jboss-logging-annotations/1.2.0.Beta1/jboss-logging-annotations-1.2.0.Beta1.jar:/home/val/.m2/repository/org/hibernate/hibernate-core/4.3.11.Final/hibernate-core-4.3.11.Final.jar:/home/val/.m2/repository/antlr/antlr/2.7.7/antlr-2.7.7.jar:/home/val/.m2/repository/org/jboss/jandex/1.1.0.Final/jandex-1.1.0.Final.jar:/home/val/.m2/repository/dom4j/dom4j/1.6.1/dom4j-1.6.1.jar:/home/val/.m2/repository/xml-apis/xml-apis/1.0.b2/xml-apis-1.0.b2.jar:/home/val/.m2/repository/org/hibernate/common/hibernate-commons-annotations/4.0.5.Final/hibernate-commons-annotations-4.0.5.Final.jar:/home/val/.m2/repository/org/hibernate/javax/persistence/hibernate-jpa-2.1-api/1.0.0.Final/hibernate-jpa-2.1-api-1.0.0.Final.jar:/home/val/.m2/repository/org/jboss/spec/javax/transaction/jboss-transaction-api_1.2_spec/1.0.0.Final/jboss-transaction-api_1.2_spec-1.0.0.Final.jar:/home/val/.m2/repository/org/javassist/javassist/3.18.1-GA/javassist-3.18.1-GA.jar:/home/val/.m2/repository/org/hibernate/hibernate-validator/5.1.3.Final/hibernate-validator-5.1.3.Final.jar:/home/val/.m2/repository/com/fasterxml/classmate/1.0.0/classmate-1.0.0.jar:/home/val/.m2/repository/cz/fi/muni/pa165/eshop-api/1.0-SNAPSHOT/eshop-api-1.0-SNAPSHOT.jar:/home/val/.m2/repository/org/springframework/spring-context/4.1.8.RELEASE/spring-context-4.1.8.RELEASE.jar:/home/val/.m2/repository/org/springframework/spring-expression/4.1.8.RELEASE/spring-expression-4.1.8.RELEASE.jar:/home/val/.m2/repository/org/springframework/spring-core/4.1.8.RELEASE/spring-core-4.1.8.RELEASE.jar:/home/val/.m2/repository/org/slf4j/slf4j-api/1.7.12/slf4j-api-1.7.12.jar:/home/val/.m2/repository/org/slf4j/jcl-over-slf4j/1.7.12/jcl-over-slf4j-1.7.12.jar:/home/val/.m2/repository/org/apache/derby/derby/10.10.2.0/derby-10.10.2.0.jar:/home/val/.m2/repository/javax/inject/javax.inject/1/javax.inject-1.jar:/home/val/.m2/repository/javax/enterprise/cdi-api/1.2/cdi-api-1.2.jar:/home/val/.m2/repository/javax/el/javax.el-api/2.2.5/javax.el-api-2.2.5.jar:/home/val/.m2/repository/javax/interceptor/javax.interceptor-api/1.2/javax.interceptor-api-1.2.jar:/home/val/.m2/repository/net/sf/dozer/dozer/5.5.1/dozer-5.5.1.jar:/home/val/.m2/repository/commons-beanutils/commons-beanutils/1.9.2/commons-beanutils-1.9.2.jar:/home/val/.m2/repository/commons-collections/commons-collections/3.2.1/commons-collections-3.2.1.jar:/home/val/.m2/repository/org/apache/commons/commons-lang3/3.3.2/commons-lang3-3.3.2.jar:/home/val/.m2/repository/org/mockito/mockito-all/2.0.2-beta/mockito-all-2.0.2-beta.jar:/home/val/.m2/repository/ch/qos/logback/logback-classic/1.1.3/logback-classic-1.1.3.jar:/home/val/.m2/repository/ch/qos/logback/logback-core/1.1.3/logback-core-1.1.3.jar:/home/val/.m2/repository/org/apache/maven/surefire/surefire-testng-utils/2.17/surefire-testng-utils-2.17.jar:/home/val/.m2/repository/org/apache/maven/surefire/surefire-grouper/2.17/surefire-grouper-2.17.jar:, hibernate.bytecode.use_reflection_optimizer=false, hibernate.show_sql=true, javax.persistence.validation.mode=AUTO, java.vm.specification.version=1.8, sun.arch.data.model=64, java.home=/usr/lib/jvm/java-8-openjdk-amd64/jre, sun.java.command=/home/val/Documents/M2_Masaryk/Java/Seminars/project/tennisClub/tennisclubproject/tennisclub-service/target/surefire/surefirebooter2353817293640460635.jar /home/val/Documents/M2_Masaryk/Java/Seminars/project/tennisClub/tennisclubproject/tennisclub-service/target/surefire/surefire6556489885535356571tmp /home/val/Documents/M2_Masaryk/Java/Seminars/project/tennisClub/tennisclubproject/tennisclub-service/target/surefire/surefire_18761465206587761245tmp, hibernate.connection.url=jdbc:derby:memory:testdb, java.specification.vendor=Oracle Corporation, user.language=en, awt.toolkit=sun.awt.X11.XToolkit, java.vm.info=mixed mode, java.version=1.8.0_151, java.ext.dirs=/usr/lib/jvm/java-8-openjdk-amd64/jre/lib/ext:/usr/java/packages/lib/ext, sun.boot.class.path=/usr/lib/jvm/java-8-openjdk-amd64/jre/lib/resources.jar:/usr/lib/jvm/java-8-openjdk-amd64/jre/lib/rt.jar:/usr/lib/jvm/java-8-openjdk-amd64/jre/lib/sunrsasign.jar:/usr/lib/jvm/java-8-openjdk-amd64/jre/lib/jsse.jar:/usr/lib/jvm/java-8-openjdk-amd64/jre/lib/jce.jar:/usr/lib/jvm/java-8-openjdk-amd64/jre/lib/charsets.jar:/usr/lib/jvm/java-8-openjdk-amd64/jre/lib/jfr.jar:/usr/lib/jvm/java-8-openjdk-amd64/jre/classes, java.vendor=Oracle Corporation, derby.stream.error.method=org.springframework.jdbc.datasource.embedded.OutputStreamFactory.getNoopOutputStream, localRepository=/home/val/.m2/repository, file.separator=/, java.vendor.url.bug=http://bugreport.sun.com/bugreport/, hibernate.hbm2ddl.auto=create, sun.cpu.endian=little, sun.io.unicode.encoding=UnicodeLittle, sun.cpu.isalist=}
19:11:16.563 [main] INFO  o.h.validator.internal.util.Version - HV000001: Hibernate Validator 5.1.3.Final
19:11:16.569 [main] DEBUG o.h.v.i.e.r.DefaultTraversableResolver - Found javax.persistence.Persistence on classpath containing 'getPersistenceUtil'. Assuming JPA 2 environment. Trying to instantiate JPA aware TraversableResolver
19:11:16.570 [main] DEBUG o.h.v.i.e.r.DefaultTraversableResolver - Instantiated JPA aware TraversableResolver of type org.hibernate.validator.internal.engine.resolver.JPATraversableResolver.
19:11:16.581 [main] DEBUG o.h.v.i.xml.ValidationXmlParser - Trying to load META-INF/validation.xml for XML based Validator configuration.
19:11:16.589 [main] DEBUG o.h.v.i.xml.ValidationXmlParser - No META-INF/validation.xml found. Using annotation based configuration only.
19:11:16.696 [main] DEBUG o.h.secure.spi.JaccIntegrator - Skipping JACC integration as it was not enabled
19:11:16.698 [main] DEBUG o.hibernate.engine.spi.CascadeStyles - External cascade style regsitration [persist : STYLE_PERSIST_SKIPLAZY] overrode base registration [STYLE_PERSIST]
19:11:16.705 [main] DEBUG o.h.i.f.i.DefaultIdentifierGeneratorFactory - Setting dialect [org.hibernate.dialect.DerbyTenSevenDialect]
19:11:16.705 [main] DEBUG o.h.i.f.i.DefaultIdentifierGeneratorFactory - Setting dialect [org.hibernate.dialect.DerbyTenSevenDialect]
19:11:16.705 [main] DEBUG o.h.i.f.i.DefaultIdentifierGeneratorFactory - Setting dialect [org.hibernate.dialect.DerbyTenSevenDialect]
19:11:16.780 [main] INFO  org.hibernate.tuple.PojoInstantiator - HHH000182: No default (no-argument) constructor for class: com.frenchies.tennisclub.entity.Court (class must be instantiated by Interceptor)
19:11:16.789 [main] DEBUG o.h.p.entity.AbstractEntityPersister - Static SQL for entity: com.frenchies.tennisclub.entity.User
19:11:16.789 [main] DEBUG o.h.p.entity.AbstractEntityPersister -  Version select: select id from Users where id =?
19:11:16.789 [main] DEBUG o.h.p.entity.AbstractEntityPersister -  Snapshot select: select user_.id, user_.admin as admin2_2_, user_.dateOfBirth as dateOfBi3_2_, user_.login as login4_2_, user_.mail as mail5_2_, user_.name as name6_2_, user_.passwordHash as password7_2_, user_.phone as phone8_2_, user_.surname as surname9_2_ from Users user_ where user_.id=?
19:11:16.789 [main] DEBUG o.h.p.entity.AbstractEntityPersister -  Insert 0: insert into Users (admin, dateOfBirth, login, mail, name, passwordHash, phone, surname, id) values (?, ?, ?, ?, ?, ?, ?, ?, ?)
19:11:16.789 [main] DEBUG o.h.p.entity.AbstractEntityPersister -  Update 0: update Users set admin=?, dateOfBirth=?, login=?, mail=?, name=?, passwordHash=?, phone=?, surname=? where id=?
19:11:16.789 [main] DEBUG o.h.p.entity.AbstractEntityPersister -  Delete 0: delete from Users where id=?
19:11:16.789 [main] DEBUG o.h.p.entity.AbstractEntityPersister -  Identity insert: insert into Users (id, admin, dateOfBirth, login, mail, name, passwordHash, phone, surname) values (default, ?, ?, ?, ?, ?, ?, ?, ?)
19:11:16.810 [main] DEBUG o.h.l.p.b.i.spaces.QuerySpacesImpl - Adding QuerySpace : uid = <gen:0> -> org.hibernate.loader.plan.build.internal.spaces.EntityQuerySpaceImpl@80bfdc6]
19:11:16.812 [main] DEBUG o.h.p.w.spi.MetamodelGraphWalker - Visiting attribute path : admin
19:11:16.812 [main] DEBUG o.h.p.w.spi.MetamodelGraphWalker - Visiting attribute path : dateOfBirth
19:11:16.812 [main] DEBUG o.h.p.w.spi.MetamodelGraphWalker - Visiting attribute path : login
19:11:16.812 [main] DEBUG o.h.p.w.spi.MetamodelGraphWalker - Visiting attribute path : mail
19:11:16.812 [main] DEBUG o.h.p.w.spi.MetamodelGraphWalker - Visiting attribute path : name
19:11:16.812 [main] DEBUG o.h.p.w.spi.MetamodelGraphWalker - Visiting attribute path : passwordHash
19:11:16.812 [main] DEBUG o.h.p.w.spi.MetamodelGraphWalker - Visiting attribute path : phone
19:11:16.812 [main] DEBUG o.h.p.w.spi.MetamodelGraphWalker - Visiting attribute path : surname
19:11:16.813 [main] DEBUG o.h.l.p.b.i.FetchStyleLoadPlanBuildingAssociationVisitationStrategy - Building LoadPlan...
19:11:16.827 [main] DEBUG o.h.l.p.e.i.LoadQueryJoinAndFetchProcessor - processing queryspace <gen:0>
19:11:16.831 [main] DEBUG o.h.l.p.b.spi.LoadPlanTreePrinter - LoadPlan(entity=com.frenchies.tennisclub.entity.User)
    - Returns
       - EntityReturnImpl(entity=com.frenchies.tennisclub.entity.User, querySpaceUid=<gen:0>, path=com.frenchies.tennisclub.entity.User)
    - QuerySpaces
       - EntityQuerySpaceImpl(uid=<gen:0>, entity=com.frenchies.tennisclub.entity.User)
          - SQL table alias mapping - user0_
          - alias suffix - 0_
          - suffixed key columns - {id1_2_0_}

19:11:16.834 [main] DEBUG o.h.loader.entity.plan.EntityLoader - Static select for entity com.frenchies.tennisclub.entity.User [NONE]: select user0_.id as id1_2_0_, user0_.admin as admin2_2_0_, user0_.dateOfBirth as dateOfBi3_2_0_, user0_.login as login4_2_0_, user0_.mail as mail5_2_0_, user0_.name as name6_2_0_, user0_.passwordHash as password7_2_0_, user0_.phone as phone8_2_0_, user0_.surname as surname9_2_0_ from Users user0_ where user0_.id=?
19:11:16.834 [main] DEBUG o.h.l.p.b.i.spaces.QuerySpacesImpl - Adding QuerySpace : uid = <gen:0> -> org.hibernate.loader.plan.build.internal.spaces.EntityQuerySpaceImpl@4b65d9f4]
19:11:16.834 [main] DEBUG o.h.p.w.spi.MetamodelGraphWalker - Visiting attribute path : admin
19:11:16.834 [main] DEBUG o.h.p.w.spi.MetamodelGraphWalker - Visiting attribute path : dateOfBirth
19:11:16.834 [main] DEBUG o.h.p.w.spi.MetamodelGraphWalker - Visiting attribute path : login
19:11:16.834 [main] DEBUG o.h.p.w.spi.MetamodelGraphWalker - Visiting attribute path : mail
19:11:16.834 [main] DEBUG o.h.p.w.spi.MetamodelGraphWalker - Visiting attribute path : name
19:11:16.834 [main] DEBUG o.h.p.w.spi.MetamodelGraphWalker - Visiting attribute path : passwordHash
19:11:16.834 [main] DEBUG o.h.p.w.spi.MetamodelGraphWalker - Visiting attribute path : phone
19:11:16.834 [main] DEBUG o.h.p.w.spi.MetamodelGraphWalker - Visiting attribute path : surname
19:11:16.834 [main] DEBUG o.h.l.p.b.i.FetchStyleLoadPlanBuildingAssociationVisitationStrategy - Building LoadPlan...
19:11:16.835 [main] DEBUG o.h.l.p.e.i.LoadQueryJoinAndFetchProcessor - processing queryspace <gen:0>
19:11:16.835 [main] DEBUG o.h.l.p.b.spi.LoadPlanTreePrinter - LoadPlan(entity=com.frenchies.tennisclub.entity.User)
    - Returns
       - EntityReturnImpl(entity=com.frenchies.tennisclub.entity.User, querySpaceUid=<gen:0>, path=com.frenchies.tennisclub.entity.User)
    - QuerySpaces
       - EntityQuerySpaceImpl(uid=<gen:0>, entity=com.frenchies.tennisclub.entity.User)
          - SQL table alias mapping - user0_
          - alias suffix - 0_
          - suffixed key columns - {id1_2_0_}

19:11:16.835 [main] DEBUG o.h.loader.entity.plan.EntityLoader - Static select for entity com.frenchies.tennisclub.entity.User [READ]: select user0_.id as id1_2_0_, user0_.admin as admin2_2_0_, user0_.dateOfBirth as dateOfBi3_2_0_, user0_.login as login4_2_0_, user0_.mail as mail5_2_0_, user0_.name as name6_2_0_, user0_.passwordHash as password7_2_0_, user0_.phone as phone8_2_0_, user0_.surname as surname9_2_0_ from Users user0_ where user0_.id=?
19:11:16.835 [main] DEBUG o.h.l.p.b.i.spaces.QuerySpacesImpl - Adding QuerySpace : uid = <gen:0> -> org.hibernate.loader.plan.build.internal.spaces.EntityQuerySpaceImpl@5fcfde70]
19:11:16.835 [main] DEBUG o.h.p.w.spi.MetamodelGraphWalker - Visiting attribute path : admin
19:11:16.835 [main] DEBUG o.h.p.w.spi.MetamodelGraphWalker - Visiting attribute path : dateOfBirth
19:11:16.835 [main] DEBUG o.h.p.w.spi.MetamodelGraphWalker - Visiting attribute path : login
19:11:16.835 [main] DEBUG o.h.p.w.spi.MetamodelGraphWalker - Visiting attribute path : mail
19:11:16.836 [main] DEBUG o.h.p.w.spi.MetamodelGraphWalker - Visiting attribute path : name
19:11:16.836 [main] DEBUG o.h.p.w.spi.MetamodelGraphWalker - Visiting attribute path : passwordHash
19:11:16.836 [main] DEBUG o.h.p.w.spi.MetamodelGraphWalker - Visiting attribute path : phone
19:11:16.836 [main] DEBUG o.h.p.w.spi.MetamodelGraphWalker - Visiting attribute path : surname
19:11:16.836 [main] DEBUG o.h.l.p.b.i.FetchStyleLoadPlanBuildingAssociationVisitationStrategy - Building LoadPlan...
19:11:16.836 [main] DEBUG o.h.l.p.e.i.LoadQueryJoinAndFetchProcessor - processing queryspace <gen:0>
19:11:16.836 [main] DEBUG o.h.l.p.b.spi.LoadPlanTreePrinter - LoadPlan(entity=com.frenchies.tennisclub.entity.User)
    - Returns
       - EntityReturnImpl(entity=com.frenchies.tennisclub.entity.User, querySpaceUid=<gen:0>, path=com.frenchies.tennisclub.entity.User)
    - QuerySpaces
       - EntityQuerySpaceImpl(uid=<gen:0>, entity=com.frenchies.tennisclub.entity.User)
          - SQL table alias mapping - user0_
          - alias suffix - 0_
          - suffixed key columns - {id1_2_0_}

19:11:16.836 [main] DEBUG o.h.loader.entity.plan.EntityLoader - Static select for entity com.frenchies.tennisclub.entity.User [UPGRADE]: select user0_.id as id1_2_0_, user0_.admin as admin2_2_0_, user0_.dateOfBirth as dateOfBi3_2_0_, user0_.login as login4_2_0_, user0_.mail as mail5_2_0_, user0_.name as name6_2_0_, user0_.passwordHash as password7_2_0_, user0_.phone as phone8_2_0_, user0_.surname as surname9_2_0_ from Users user0_ where user0_.id=? for update with rs
19:11:16.836 [main] DEBUG o.h.l.p.b.i.spaces.QuerySpacesImpl - Adding QuerySpace : uid = <gen:0> -> org.hibernate.loader.plan.build.internal.spaces.EntityQuerySpaceImpl@28da7d11]
19:11:16.836 [main] DEBUG o.h.p.w.spi.MetamodelGraphWalker - Visiting attribute path : admin
19:11:16.836 [main] DEBUG o.h.p.w.spi.MetamodelGraphWalker - Visiting attribute path : dateOfBirth
19:11:16.836 [main] DEBUG o.h.p.w.spi.MetamodelGraphWalker - Visiting attribute path : login
19:11:16.836 [main] DEBUG o.h.p.w.spi.MetamodelGraphWalker - Visiting attribute path : mail
19:11:16.836 [main] DEBUG o.h.p.w.spi.MetamodelGraphWalker - Visiting attribute path : name
19:11:16.836 [main] DEBUG o.h.p.w.spi.MetamodelGraphWalker - Visiting attribute path : passwordHash
19:11:16.836 [main] DEBUG o.h.p.w.spi.MetamodelGraphWalker - Visiting attribute path : phone
19:11:16.836 [main] DEBUG o.h.p.w.spi.MetamodelGraphWalker - Visiting attribute path : surname
19:11:16.836 [main] DEBUG o.h.l.p.b.i.FetchStyleLoadPlanBuildingAssociationVisitationStrategy - Building LoadPlan...
19:11:16.836 [main] DEBUG o.h.l.p.e.i.LoadQueryJoinAndFetchProcessor - processing queryspace <gen:0>
19:11:16.837 [main] DEBUG o.h.l.p.b.spi.LoadPlanTreePrinter - LoadPlan(entity=com.frenchies.tennisclub.entity.User)
    - Returns
       - EntityReturnImpl(entity=com.frenchies.tennisclub.entity.User, querySpaceUid=<gen:0>, path=com.frenchies.tennisclub.entity.User)
    - QuerySpaces
       - EntityQuerySpaceImpl(uid=<gen:0>, entity=com.frenchies.tennisclub.entity.User)
          - SQL table alias mapping - user0_
          - alias suffix - 0_
          - suffixed key columns - {id1_2_0_}

19:11:16.837 [main] DEBUG o.h.loader.entity.plan.EntityLoader - Static select for entity com.frenchies.tennisclub.entity.User [UPGRADE_NOWAIT]: select user0_.id as id1_2_0_, user0_.admin as admin2_2_0_, user0_.dateOfBirth as dateOfBi3_2_0_, user0_.login as login4_2_0_, user0_.mail as mail5_2_0_, user0_.name as name6_2_0_, user0_.passwordHash as password7_2_0_, user0_.phone as phone8_2_0_, user0_.surname as surname9_2_0_ from Users user0_ where user0_.id=? for update with rs
19:11:16.837 [main] DEBUG o.h.l.p.b.i.spaces.QuerySpacesImpl - Adding QuerySpace : uid = <gen:0> -> org.hibernate.loader.plan.build.internal.spaces.EntityQuerySpaceImpl@5624657a]
19:11:16.837 [main] DEBUG o.h.p.w.spi.MetamodelGraphWalker - Visiting attribute path : admin
19:11:16.837 [main] DEBUG o.h.p.w.spi.MetamodelGraphWalker - Visiting attribute path : dateOfBirth
19:11:16.837 [main] DEBUG o.h.p.w.spi.MetamodelGraphWalker - Visiting attribute path : login
19:11:16.837 [main] DEBUG o.h.p.w.spi.MetamodelGraphWalker - Visiting attribute path : mail
19:11:16.837 [main] DEBUG o.h.p.w.spi.MetamodelGraphWalker - Visiting attribute path : name
19:11:16.837 [main] DEBUG o.h.p.w.spi.MetamodelGraphWalker - Visiting attribute path : passwordHash
19:11:16.837 [main] DEBUG o.h.p.w.spi.MetamodelGraphWalker - Visiting attribute path : phone
19:11:16.837 [main] DEBUG o.h.p.w.spi.MetamodelGraphWalker - Visiting attribute path : surname
19:11:16.837 [main] DEBUG o.h.l.p.b.i.FetchStyleLoadPlanBuildingAssociationVisitationStrategy - Building LoadPlan...
19:11:16.837 [main] DEBUG o.h.l.p.e.i.LoadQueryJoinAndFetchProcessor - processing queryspace <gen:0>
19:11:16.837 [main] DEBUG o.h.l.p.b.spi.LoadPlanTreePrinter - LoadPlan(entity=com.frenchies.tennisclub.entity.User)
    - Returns
       - EntityReturnImpl(entity=com.frenchies.tennisclub.entity.User, querySpaceUid=<gen:0>, path=com.frenchies.tennisclub.entity.User)
    - QuerySpaces
       - EntityQuerySpaceImpl(uid=<gen:0>, entity=com.frenchies.tennisclub.entity.User)
          - SQL table alias mapping - user0_
          - alias suffix - 0_
          - suffixed key columns - {id1_2_0_}

19:11:16.837 [main] DEBUG o.h.loader.entity.plan.EntityLoader - Static select for entity com.frenchies.tennisclub.entity.User [UPGRADE_SKIPLOCKED]: select user0_.id as id1_2_0_, user0_.admin as admin2_2_0_, user0_.dateOfBirth as dateOfBi3_2_0_, user0_.login as login4_2_0_, user0_.mail as mail5_2_0_, user0_.name as name6_2_0_, user0_.passwordHash as password7_2_0_, user0_.phone as phone8_2_0_, user0_.surname as surname9_2_0_ from Users user0_ where user0_.id=? for update with rs
19:11:16.837 [main] DEBUG o.h.l.p.b.i.spaces.QuerySpacesImpl - Adding QuerySpace : uid = <gen:0> -> org.hibernate.loader.plan.build.internal.spaces.EntityQuerySpaceImpl@4d21c56e]
19:11:16.838 [main] DEBUG o.h.p.w.spi.MetamodelGraphWalker - Visiting attribute path : admin
19:11:16.838 [main] DEBUG o.h.p.w.spi.MetamodelGraphWalker - Visiting attribute path : dateOfBirth
19:11:16.838 [main] DEBUG o.h.p.w.spi.MetamodelGraphWalker - Visiting attribute path : login
19:11:16.838 [main] DEBUG o.h.p.w.spi.MetamodelGraphWalker - Visiting attribute path : mail
19:11:16.838 [main] DEBUG o.h.p.w.spi.MetamodelGraphWalker - Visiting attribute path : name
19:11:16.838 [main] DEBUG o.h.p.w.spi.MetamodelGraphWalker - Visiting attribute path : passwordHash
19:11:16.838 [main] DEBUG o.h.p.w.spi.MetamodelGraphWalker - Visiting attribute path : phone
19:11:16.838 [main] DEBUG o.h.p.w.spi.MetamodelGraphWalker - Visiting attribute path : surname
19:11:16.838 [main] DEBUG o.h.l.p.b.i.FetchStyleLoadPlanBuildingAssociationVisitationStrategy - Building LoadPlan...
19:11:16.838 [main] DEBUG o.h.l.p.e.i.LoadQueryJoinAndFetchProcessor - processing queryspace <gen:0>
19:11:16.838 [main] DEBUG o.h.l.p.b.spi.LoadPlanTreePrinter - LoadPlan(entity=com.frenchies.tennisclub.entity.User)
    - Returns
       - EntityReturnImpl(entity=com.frenchies.tennisclub.entity.User, querySpaceUid=<gen:0>, path=com.frenchies.tennisclub.entity.User)
    - QuerySpaces
       - EntityQuerySpaceImpl(uid=<gen:0>, entity=com.frenchies.tennisclub.entity.User)
          - SQL table alias mapping - user0_
          - alias suffix - 0_
          - suffixed key columns - {id1_2_0_}

19:11:16.838 [main] DEBUG o.h.loader.entity.plan.EntityLoader - Static select for entity com.frenchies.tennisclub.entity.User [FORCE]: select user0_.id as id1_2_0_, user0_.admin as admin2_2_0_, user0_.dateOfBirth as dateOfBi3_2_0_, user0_.login as login4_2_0_, user0_.mail as mail5_2_0_, user0_.name as name6_2_0_, user0_.passwordHash as password7_2_0_, user0_.phone as phone8_2_0_, user0_.surname as surname9_2_0_ from Users user0_ where user0_.id=? for update with rs
19:11:16.838 [main] DEBUG o.h.l.p.b.i.spaces.QuerySpacesImpl - Adding QuerySpace : uid = <gen:0> -> org.hibernate.loader.plan.build.internal.spaces.EntityQuerySpaceImpl@7100dea]
19:11:16.838 [main] DEBUG o.h.p.w.spi.MetamodelGraphWalker - Visiting attribute path : admin
19:11:16.838 [main] DEBUG o.h.p.w.spi.MetamodelGraphWalker - Visiting attribute path : dateOfBirth
19:11:16.838 [main] DEBUG o.h.p.w.spi.MetamodelGraphWalker - Visiting attribute path : login
19:11:16.838 [main] DEBUG o.h.p.w.spi.MetamodelGraphWalker - Visiting attribute path : mail
19:11:16.838 [main] DEBUG o.h.p.w.spi.MetamodelGraphWalker - Visiting attribute path : name
19:11:16.838 [main] DEBUG o.h.p.w.spi.MetamodelGraphWalker - Visiting attribute path : passwordHash
19:11:16.838 [main] DEBUG o.h.p.w.spi.MetamodelGraphWalker - Visiting attribute path : phone
19:11:16.838 [main] DEBUG o.h.p.w.spi.MetamodelGraphWalker - Visiting attribute path : surname
19:11:16.838 [main] DEBUG o.h.l.p.b.i.FetchStyleLoadPlanBuildingAssociationVisitationStrategy - Building LoadPlan...
19:11:16.839 [main] DEBUG o.h.l.p.e.i.LoadQueryJoinAndFetchProcessor - processing queryspace <gen:0>
19:11:16.839 [main] DEBUG o.h.l.p.b.spi.LoadPlanTreePrinter - LoadPlan(entity=com.frenchies.tennisclub.entity.User)
    - Returns
       - EntityReturnImpl(entity=com.frenchies.tennisclub.entity.User, querySpaceUid=<gen:0>, path=com.frenchies.tennisclub.entity.User)
    - QuerySpaces
       - EntityQuerySpaceImpl(uid=<gen:0>, entity=com.frenchies.tennisclub.entity.User)
          - SQL table alias mapping - user0_
          - alias suffix - 0_
          - suffixed key columns - {id1_2_0_}

19:11:16.839 [main] DEBUG o.h.loader.entity.plan.EntityLoader - Static select for entity com.frenchies.tennisclub.entity.User [PESSIMISTIC_READ]: select user0_.id as id1_2_0_, user0_.admin as admin2_2_0_, user0_.dateOfBirth as dateOfBi3_2_0_, user0_.login as login4_2_0_, user0_.mail as mail5_2_0_, user0_.name as name6_2_0_, user0_.passwordHash as password7_2_0_, user0_.phone as phone8_2_0_, user0_.surname as surname9_2_0_ from Users user0_ where user0_.id=? for read only with rs
19:11:16.839 [main] DEBUG o.h.l.p.b.i.spaces.QuerySpacesImpl - Adding QuerySpace : uid = <gen:0> -> org.hibernate.loader.plan.build.internal.spaces.EntityQuerySpaceImpl@32e54a9d]
19:11:16.839 [main] DEBUG o.h.p.w.spi.MetamodelGraphWalker - Visiting attribute path : admin
19:11:16.839 [main] DEBUG o.h.p.w.spi.MetamodelGraphWalker - Visiting attribute path : dateOfBirth
19:11:16.839 [main] DEBUG o.h.p.w.spi.MetamodelGraphWalker - Visiting attribute path : login
19:11:16.839 [main] DEBUG o.h.p.w.spi.MetamodelGraphWalker - Visiting attribute path : mail
19:11:16.839 [main] DEBUG o.h.p.w.spi.MetamodelGraphWalker - Visiting attribute path : name
19:11:16.839 [main] DEBUG o.h.p.w.spi.MetamodelGraphWalker - Visiting attribute path : passwordHash
19:11:16.839 [main] DEBUG o.h.p.w.spi.MetamodelGraphWalker - Visiting attribute path : phone
19:11:16.839 [main] DEBUG o.h.p.w.spi.MetamodelGraphWalker - Visiting attribute path : surname
19:11:16.839 [main] DEBUG o.h.l.p.b.i.FetchStyleLoadPlanBuildingAssociationVisitationStrategy - Building LoadPlan...
19:11:16.839 [main] DEBUG o.h.l.p.e.i.LoadQueryJoinAndFetchProcessor - processing queryspace <gen:0>
19:11:16.839 [main] DEBUG o.h.l.p.b.spi.LoadPlanTreePrinter - LoadPlan(entity=com.frenchies.tennisclub.entity.User)
    - Returns
       - EntityReturnImpl(entity=com.frenchies.tennisclub.entity.User, querySpaceUid=<gen:0>, path=com.frenchies.tennisclub.entity.User)
    - QuerySpaces
       - EntityQuerySpaceImpl(uid=<gen:0>, entity=com.frenchies.tennisclub.entity.User)
          - SQL table alias mapping - user0_
          - alias suffix - 0_
          - suffixed key columns - {id1_2_0_}

19:11:16.840 [main] DEBUG o.h.loader.entity.plan.EntityLoader - Static select for entity com.frenchies.tennisclub.entity.User [PESSIMISTIC_WRITE]: select user0_.id as id1_2_0_, user0_.admin as admin2_2_0_, user0_.dateOfBirth as dateOfBi3_2_0_, user0_.login as login4_2_0_, user0_.mail as mail5_2_0_, user0_.name as name6_2_0_, user0_.passwordHash as password7_2_0_, user0_.phone as phone8_2_0_, user0_.surname as surname9_2_0_ from Users user0_ where user0_.id=? for update with rs
19:11:16.840 [main] DEBUG o.h.l.p.b.i.spaces.QuerySpacesImpl - Adding QuerySpace : uid = <gen:0> -> org.hibernate.loader.plan.build.internal.spaces.EntityQuerySpaceImpl@121bb45b]
19:11:16.840 [main] DEBUG o.h.p.w.spi.MetamodelGraphWalker - Visiting attribute path : admin
19:11:16.840 [main] DEBUG o.h.p.w.spi.MetamodelGraphWalker - Visiting attribute path : dateOfBirth
19:11:16.840 [main] DEBUG o.h.p.w.spi.MetamodelGraphWalker - Visiting attribute path : login
19:11:16.840 [main] DEBUG o.h.p.w.spi.MetamodelGraphWalker - Visiting attribute path : mail
19:11:16.840 [main] DEBUG o.h.p.w.spi.MetamodelGraphWalker - Visiting attribute path : name
19:11:16.840 [main] DEBUG o.h.p.w.spi.MetamodelGraphWalker - Visiting attribute path : passwordHash
19:11:16.840 [main] DEBUG o.h.p.w.spi.MetamodelGraphWalker - Visiting attribute path : phone
19:11:16.840 [main] DEBUG o.h.p.w.spi.MetamodelGraphWalker - Visiting attribute path : surname
19:11:16.840 [main] DEBUG o.h.l.p.b.i.FetchStyleLoadPlanBuildingAssociationVisitationStrategy - Building LoadPlan...
19:11:16.840 [main] DEBUG o.h.l.p.e.i.LoadQueryJoinAndFetchProcessor - processing queryspace <gen:0>
19:11:16.840 [main] DEBUG o.h.l.p.b.spi.LoadPlanTreePrinter - LoadPlan(entity=com.frenchies.tennisclub.entity.User)
    - Returns
       - EntityReturnImpl(entity=com.frenchies.tennisclub.entity.User, querySpaceUid=<gen:0>, path=com.frenchies.tennisclub.entity.User)
    - QuerySpaces
       - EntityQuerySpaceImpl(uid=<gen:0>, entity=com.frenchies.tennisclub.entity.User)
          - SQL table alias mapping - user0_
          - alias suffix - 0_
          - suffixed key columns - {id1_2_0_}

19:11:16.840 [main] DEBUG o.h.loader.entity.plan.EntityLoader - Static select for entity com.frenchies.tennisclub.entity.User [PESSIMISTIC_FORCE_INCREMENT]: select user0_.id as id1_2_0_, user0_.admin as admin2_2_0_, user0_.dateOfBirth as dateOfBi3_2_0_, user0_.login as login4_2_0_, user0_.mail as mail5_2_0_, user0_.name as name6_2_0_, user0_.passwordHash as password7_2_0_, user0_.phone as phone8_2_0_, user0_.surname as surname9_2_0_ from Users user0_ where user0_.id=? for update with rs
19:11:16.840 [main] DEBUG o.h.l.p.b.i.spaces.QuerySpacesImpl - Adding QuerySpace : uid = <gen:0> -> org.hibernate.loader.plan.build.internal.spaces.EntityQuerySpaceImpl@1cd3b138]
19:11:16.840 [main] DEBUG o.h.p.w.spi.MetamodelGraphWalker - Visiting attribute path : admin
19:11:16.840 [main] DEBUG o.h.p.w.spi.MetamodelGraphWalker - Visiting attribute path : dateOfBirth
19:11:16.840 [main] DEBUG o.h.p.w.spi.MetamodelGraphWalker - Visiting attribute path : login
19:11:16.840 [main] DEBUG o.h.p.w.spi.MetamodelGraphWalker - Visiting attribute path : mail
19:11:16.840 [main] DEBUG o.h.p.w.spi.MetamodelGraphWalker - Visiting attribute path : name
19:11:16.840 [main] DEBUG o.h.p.w.spi.MetamodelGraphWalker - Visiting attribute path : passwordHash
19:11:16.840 [main] DEBUG o.h.p.w.spi.MetamodelGraphWalker - Visiting attribute path : phone
19:11:16.840 [main] DEBUG o.h.p.w.spi.MetamodelGraphWalker - Visiting attribute path : surname
19:11:16.840 [main] DEBUG o.h.l.p.b.i.FetchStyleLoadPlanBuildingAssociationVisitationStrategy - Building LoadPlan...
19:11:16.841 [main] DEBUG o.h.l.p.e.i.LoadQueryJoinAndFetchProcessor - processing queryspace <gen:0>
19:11:16.841 [main] DEBUG o.h.l.p.b.spi.LoadPlanTreePrinter - LoadPlan(entity=com.frenchies.tennisclub.entity.User)
    - Returns
       - EntityReturnImpl(entity=com.frenchies.tennisclub.entity.User, querySpaceUid=<gen:0>, path=com.frenchies.tennisclub.entity.User)
    - QuerySpaces
       - EntityQuerySpaceImpl(uid=<gen:0>, entity=com.frenchies.tennisclub.entity.User)
          - SQL table alias mapping - user0_
          - alias suffix - 0_
          - suffixed key columns - {id1_2_0_}

19:11:16.841 [main] DEBUG o.h.loader.entity.plan.EntityLoader - Static select for entity com.frenchies.tennisclub.entity.User [OPTIMISTIC]: select user0_.id as id1_2_0_, user0_.admin as admin2_2_0_, user0_.dateOfBirth as dateOfBi3_2_0_, user0_.login as login4_2_0_, user0_.mail as mail5_2_0_, user0_.name as name6_2_0_, user0_.passwordHash as password7_2_0_, user0_.phone as phone8_2_0_, user0_.surname as surname9_2_0_ from Users user0_ where user0_.id=?
19:11:16.841 [main] DEBUG o.h.l.p.b.i.spaces.QuerySpacesImpl - Adding QuerySpace : uid = <gen:0> -> org.hibernate.loader.plan.build.internal.spaces.EntityQuerySpaceImpl@5a6d30e2]
19:11:16.841 [main] DEBUG o.h.p.w.spi.MetamodelGraphWalker - Visiting attribute path : admin
19:11:16.841 [main] DEBUG o.h.p.w.spi.MetamodelGraphWalker - Visiting attribute path : dateOfBirth
19:11:16.841 [main] DEBUG o.h.p.w.spi.MetamodelGraphWalker - Visiting attribute path : login
19:11:16.841 [main] DEBUG o.h.p.w.spi.MetamodelGraphWalker - Visiting attribute path : mail
19:11:16.841 [main] DEBUG o.h.p.w.spi.MetamodelGraphWalker - Visiting attribute path : name
19:11:16.841 [main] DEBUG o.h.p.w.spi.MetamodelGraphWalker - Visiting attribute path : passwordHash
19:11:16.841 [main] DEBUG o.h.p.w.spi.MetamodelGraphWalker - Visiting attribute path : phone
19:11:16.841 [main] DEBUG o.h.p.w.spi.MetamodelGraphWalker - Visiting attribute path : surname
19:11:16.841 [main] DEBUG o.h.l.p.b.i.FetchStyleLoadPlanBuildingAssociationVisitationStrategy - Building LoadPlan...
19:11:16.842 [main] DEBUG o.h.l.p.e.i.LoadQueryJoinAndFetchProcessor - processing queryspace <gen:0>
19:11:16.842 [main] DEBUG o.h.l.p.b.spi.LoadPlanTreePrinter - LoadPlan(entity=com.frenchies.tennisclub.entity.User)
    - Returns
       - EntityReturnImpl(entity=com.frenchies.tennisclub.entity.User, querySpaceUid=<gen:0>, path=com.frenchies.tennisclub.entity.User)
    - QuerySpaces
       - EntityQuerySpaceImpl(uid=<gen:0>, entity=com.frenchies.tennisclub.entity.User)
          - SQL table alias mapping - user0_
          - alias suffix - 0_
          - suffixed key columns - {id1_2_0_}

19:11:16.842 [main] DEBUG o.h.loader.entity.plan.EntityLoader - Static select for entity com.frenchies.tennisclub.entity.User [OPTIMISTIC_FORCE_INCREMENT]: select user0_.id as id1_2_0_, user0_.admin as admin2_2_0_, user0_.dateOfBirth as dateOfBi3_2_0_, user0_.login as login4_2_0_, user0_.mail as mail5_2_0_, user0_.name as name6_2_0_, user0_.passwordHash as password7_2_0_, user0_.phone as phone8_2_0_, user0_.surname as surname9_2_0_ from Users user0_ where user0_.id=?
19:11:16.855 [main] DEBUG org.hibernate.loader.Loader - Static select for action ACTION_MERGE on entity com.frenchies.tennisclub.entity.User: select user0_.id as id1_2_0_, user0_.admin as admin2_2_0_, user0_.dateOfBirth as dateOfBi3_2_0_, user0_.login as login4_2_0_, user0_.mail as mail5_2_0_, user0_.name as name6_2_0_, user0_.passwordHash as password7_2_0_, user0_.phone as phone8_2_0_, user0_.surname as surname9_2_0_ from Users user0_ where user0_.id=?
19:11:16.855 [main] DEBUG org.hibernate.loader.Loader - Static select for action ACTION_REFRESH on entity com.frenchies.tennisclub.entity.User: select user0_.id as id1_2_0_, user0_.admin as admin2_2_0_, user0_.dateOfBirth as dateOfBi3_2_0_, user0_.login as login4_2_0_, user0_.mail as mail5_2_0_, user0_.name as name6_2_0_, user0_.passwordHash as password7_2_0_, user0_.phone as phone8_2_0_, user0_.surname as surname9_2_0_ from Users user0_ where user0_.id=?
19:11:16.855 [main] DEBUG o.h.p.entity.AbstractEntityPersister - Static SQL for entity: com.frenchies.tennisclub.entity.Booking
19:11:16.856 [main] DEBUG o.h.p.entity.AbstractEntityPersister -  Version select: select idBooking from Booking where idBooking =?
19:11:16.856 [main] DEBUG o.h.p.entity.AbstractEntityPersister -  Snapshot select: select booking_.idBooking, booking_.dateOfBooking as dateOfBo2_0_, booking_.hourOfBooking as hourOfBo3_0_, booking_.idCourt as idCourt4_0_, booking_.user1_id as user5_0_, booking_.user2_id as user6_0_ from Booking booking_ where booking_.idBooking=?
19:11:16.856 [main] DEBUG o.h.p.entity.AbstractEntityPersister -  Insert 0: insert into Booking (dateOfBooking, hourOfBooking, idCourt, user1_id, user2_id, idBooking) values (?, ?, ?, ?, ?, ?)
19:11:16.856 [main] DEBUG o.h.p.entity.AbstractEntityPersister -  Update 0: update Booking set dateOfBooking=?, hourOfBooking=?, idCourt=?, user1_id=?, user2_id=? where idBooking=?
19:11:16.856 [main] DEBUG o.h.p.entity.AbstractEntityPersister -  Delete 0: delete from Booking where idBooking=?
19:11:16.856 [main] DEBUG o.h.p.entity.AbstractEntityPersister -  Identity insert: insert into Booking (idBooking, dateOfBooking, hourOfBooking, idCourt, user1_id, user2_id) values (default, ?, ?, ?, ?, ?)
19:11:16.856 [main] DEBUG o.h.l.p.b.i.spaces.QuerySpacesImpl - Adding QuerySpace : uid = <gen:0> -> org.hibernate.loader.plan.build.internal.spaces.EntityQuerySpaceImpl@27d33393]
19:11:16.856 [main] DEBUG o.h.p.w.spi.MetamodelGraphWalker - Visiting attribute path : dateOfBooking
19:11:16.856 [main] DEBUG o.h.p.w.spi.MetamodelGraphWalker - Visiting attribute path : hourOfBooking
19:11:16.856 [main] DEBUG o.h.p.w.spi.MetamodelGraphWalker - Visiting attribute path : idCourt
19:11:16.856 [main] DEBUG o.h.p.w.spi.MetamodelGraphWalker - Visiting attribute path : user1
19:11:16.858 [main] DEBUG o.h.l.p.b.i.spaces.QuerySpacesImpl - Adding QuerySpace : uid = <gen:1> -> org.hibernate.loader.plan.build.internal.spaces.EntityQuerySpaceImpl@6caf7803]
19:11:16.859 [main] DEBUG o.h.p.w.spi.MetamodelGraphWalker - Visiting attribute path : user1.admin
19:11:16.860 [main] DEBUG o.h.p.w.spi.MetamodelGraphWalker - Visiting attribute path : user1.dateOfBirth
19:11:16.860 [main] DEBUG o.h.p.w.spi.MetamodelGraphWalker - Visiting attribute path : user1.login
19:11:16.860 [main] DEBUG o.h.p.w.spi.MetamodelGraphWalker - Visiting attribute path : user1.mail
19:11:16.860 [main] DEBUG o.h.p.w.spi.MetamodelGraphWalker - Visiting attribute path : user1.name
19:11:16.860 [main] DEBUG o.h.p.w.spi.MetamodelGraphWalker - Visiting attribute path : user1.passwordHash
19:11:16.860 [main] DEBUG o.h.p.w.spi.MetamodelGraphWalker - Visiting attribute path : user1.phone
19:11:16.860 [main] DEBUG o.h.p.w.spi.MetamodelGraphWalker - Visiting attribute path : user1.surname
19:11:16.860 [main] DEBUG o.h.p.w.spi.MetamodelGraphWalker - Visiting attribute path : user2
19:11:16.860 [main] DEBUG o.h.l.p.b.i.spaces.QuerySpacesImpl - Adding QuerySpace : uid = <gen:2> -> org.hibernate.loader.plan.build.internal.spaces.EntityQuerySpaceImpl@38eb0f4d]
19:11:16.860 [main] DEBUG o.h.p.w.spi.MetamodelGraphWalker - Visiting attribute path : user2.admin
19:11:16.860 [main] DEBUG o.h.p.w.spi.MetamodelGraphWalker - Visiting attribute path : user2.dateOfBirth
19:11:16.860 [main] DEBUG o.h.p.w.spi.MetamodelGraphWalker - Visiting attribute path : user2.login
19:11:16.860 [main] DEBUG o.h.p.w.spi.MetamodelGraphWalker - Visiting attribute path : user2.mail
19:11:16.860 [main] DEBUG o.h.p.w.spi.MetamodelGraphWalker - Visiting attribute path : user2.name
19:11:16.860 [main] DEBUG o.h.p.w.spi.MetamodelGraphWalker - Visiting attribute path : user2.passwordHash
19:11:16.860 [main] DEBUG o.h.p.w.spi.MetamodelGraphWalker - Visiting attribute path : user2.phone
19:11:16.860 [main] DEBUG o.h.p.w.spi.MetamodelGraphWalker - Visiting attribute path : user2.surname
19:11:16.860 [main] DEBUG o.h.l.p.b.i.FetchStyleLoadPlanBuildingAssociationVisitationStrategy - Building LoadPlan...
19:11:16.860 [main] DEBUG o.h.l.p.e.i.LoadQueryJoinAndFetchProcessor - processing queryspace <gen:0>
19:11:16.861 [main] DEBUG o.h.l.p.b.spi.LoadPlanTreePrinter - LoadPlan(entity=com.frenchies.tennisclub.entity.Booking)
    - Returns
       - EntityReturnImpl(entity=com.frenchies.tennisclub.entity.Booking, querySpaceUid=<gen:0>, path=com.frenchies.tennisclub.entity.Booking)
          - EntityAttributeFetchImpl(entity=com.frenchies.tennisclub.entity.User, querySpaceUid=<gen:1>, path=com.frenchies.tennisclub.entity.Booking.user1)
          - EntityAttributeFetchImpl(entity=com.frenchies.tennisclub.entity.User, querySpaceUid=<gen:2>, path=com.frenchies.tennisclub.entity.Booking.user2)
    - QuerySpaces
       - EntityQuerySpaceImpl(uid=<gen:0>, entity=com.frenchies.tennisclub.entity.Booking)
          - SQL table alias mapping - booking0_
          - alias suffix - 0_
          - suffixed key columns - {idBookin1_0_0_}
          - JOIN (JoinDefinedByMetadata(user1)) : <gen:0> -> <gen:1>
             - EntityQuerySpaceImpl(uid=<gen:1>, entity=com.frenchies.tennisclub.entity.User)
                - SQL table alias mapping - user1_
                - alias suffix - 1_
                - suffixed key columns - {id1_2_1_}
          - JOIN (JoinDefinedByMetadata(user2)) : <gen:0> -> <gen:2>
             - EntityQuerySpaceImpl(uid=<gen:2>, entity=com.frenchies.tennisclub.entity.User)
                - SQL table alias mapping - user2_
                - alias suffix - 2_
                - suffixed key columns - {id1_2_2_}

19:11:16.861 [main] DEBUG o.h.loader.entity.plan.EntityLoader - Static select for entity com.frenchies.tennisclub.entity.Booking [NONE]: select booking0_.idBooking as idBookin1_0_0_, booking0_.dateOfBooking as dateOfBo2_0_0_, booking0_.hourOfBooking as hourOfBo3_0_0_, booking0_.idCourt as idCourt4_0_0_, booking0_.user1_id as user5_0_0_, booking0_.user2_id as user6_0_0_, user1_.id as id1_2_1_, user1_.admin as admin2_2_1_, user1_.dateOfBirth as dateOfBi3_2_1_, user1_.login as login4_2_1_, user1_.mail as mail5_2_1_, user1_.name as name6_2_1_, user1_.passwordHash as password7_2_1_, user1_.phone as phone8_2_1_, user1_.surname as surname9_2_1_, user2_.id as id1_2_2_, user2_.admin as admin2_2_2_, user2_.dateOfBirth as dateOfBi3_2_2_, user2_.login as login4_2_2_, user2_.mail as mail5_2_2_, user2_.name as name6_2_2_, user2_.passwordHash as password7_2_2_, user2_.phone as phone8_2_2_, user2_.surname as surname9_2_2_ from Booking booking0_ inner join Users user1_ on booking0_.user1_id=user1_.id inner join Users user2_ on booking0_.user2_id=user2_.id where booking0_.idBooking=?
19:11:16.861 [main] DEBUG o.h.l.p.b.i.spaces.QuerySpacesImpl - Adding QuerySpace : uid = <gen:0> -> org.hibernate.loader.plan.build.internal.spaces.EntityQuerySpaceImpl@317a118b]
19:11:16.862 [main] DEBUG o.h.p.w.spi.MetamodelGraphWalker - Visiting attribute path : dateOfBooking
19:11:16.862 [main] DEBUG o.h.p.w.spi.MetamodelGraphWalker - Visiting attribute path : hourOfBooking
19:11:16.862 [main] DEBUG o.h.p.w.spi.MetamodelGraphWalker - Visiting attribute path : idCourt
19:11:16.862 [main] DEBUG o.h.p.w.spi.MetamodelGraphWalker - Visiting attribute path : user1
19:11:16.862 [main] DEBUG o.h.l.p.b.i.spaces.QuerySpacesImpl - Adding QuerySpace : uid = <gen:1> -> org.hibernate.loader.plan.build.internal.spaces.EntityQuerySpaceImpl@715b886f]
19:11:16.862 [main] DEBUG o.h.p.w.spi.MetamodelGraphWalker - Visiting attribute path : user1.admin
19:11:16.862 [main] DEBUG o.h.p.w.spi.MetamodelGraphWalker - Visiting attribute path : user1.dateOfBirth
19:11:16.862 [main] DEBUG o.h.p.w.spi.MetamodelGraphWalker - Visiting attribute path : user1.login
19:11:16.862 [main] DEBUG o.h.p.w.spi.MetamodelGraphWalker - Visiting attribute path : user1.mail
19:11:16.862 [main] DEBUG o.h.p.w.spi.MetamodelGraphWalker - Visiting attribute path : user1.name
19:11:16.862 [main] DEBUG o.h.p.w.spi.MetamodelGraphWalker - Visiting attribute path : user1.passwordHash
19:11:16.862 [main] DEBUG o.h.p.w.spi.MetamodelGraphWalker - Visiting attribute path : user1.phone
19:11:16.862 [main] DEBUG o.h.p.w.spi.MetamodelGraphWalker - Visiting attribute path : user1.surname
19:11:16.862 [main] DEBUG o.h.p.w.spi.MetamodelGraphWalker - Visiting attribute path : user2
19:11:16.862 [main] DEBUG o.h.l.p.b.i.spaces.QuerySpacesImpl - Adding QuerySpace : uid = <gen:2> -> org.hibernate.loader.plan.build.internal.spaces.EntityQuerySpaceImpl@1e253c9d]
19:11:16.862 [main] DEBUG o.h.p.w.spi.MetamodelGraphWalker - Visiting attribute path : user2.admin
19:11:16.862 [main] DEBUG o.h.p.w.spi.MetamodelGraphWalker - Visiting attribute path : user2.dateOfBirth
19:11:16.862 [main] DEBUG o.h.p.w.spi.MetamodelGraphWalker - Visiting attribute path : user2.login
19:11:16.862 [main] DEBUG o.h.p.w.spi.MetamodelGraphWalker - Visiting attribute path : user2.mail
19:11:16.862 [main] DEBUG o.h.p.w.spi.MetamodelGraphWalker - Visiting attribute path : user2.name
19:11:16.862 [main] DEBUG o.h.p.w.spi.MetamodelGraphWalker - Visiting attribute path : user2.passwordHash
19:11:16.862 [main] DEBUG o.h.p.w.spi.MetamodelGraphWalker - Visiting attribute path : user2.phone
19:11:16.862 [main] DEBUG o.h.p.w.spi.MetamodelGraphWalker - Visiting attribute path : user2.surname
19:11:16.862 [main] DEBUG o.h.l.p.b.i.FetchStyleLoadPlanBuildingAssociationVisitationStrategy - Building LoadPlan...
19:11:16.862 [main] DEBUG o.h.l.p.e.i.LoadQueryJoinAndFetchProcessor - processing queryspace <gen:0>
19:11:16.863 [main] DEBUG o.h.l.p.b.spi.LoadPlanTreePrinter - LoadPlan(entity=com.frenchies.tennisclub.entity.Booking)
    - Returns
       - EntityReturnImpl(entity=com.frenchies.tennisclub.entity.Booking, querySpaceUid=<gen:0>, path=com.frenchies.tennisclub.entity.Booking)
          - EntityAttributeFetchImpl(entity=com.frenchies.tennisclub.entity.User, querySpaceUid=<gen:1>, path=com.frenchies.tennisclub.entity.Booking.user1)
          - EntityAttributeFetchImpl(entity=com.frenchies.tennisclub.entity.User, querySpaceUid=<gen:2>, path=com.frenchies.tennisclub.entity.Booking.user2)
    - QuerySpaces
       - EntityQuerySpaceImpl(uid=<gen:0>, entity=com.frenchies.tennisclub.entity.Booking)
          - SQL table alias mapping - booking0_
          - alias suffix - 0_
          - suffixed key columns - {idBookin1_0_0_}
          - JOIN (JoinDefinedByMetadata(user1)) : <gen:0> -> <gen:1>
             - EntityQuerySpaceImpl(uid=<gen:1>, entity=com.frenchies.tennisclub.entity.User)
                - SQL table alias mapping - user1_
                - alias suffix - 1_
                - suffixed key columns - {id1_2_1_}
          - JOIN (JoinDefinedByMetadata(user2)) : <gen:0> -> <gen:2>
             - EntityQuerySpaceImpl(uid=<gen:2>, entity=com.frenchies.tennisclub.entity.User)
                - SQL table alias mapping - user2_
                - alias suffix - 2_
                - suffixed key columns - {id1_2_2_}

19:11:16.863 [main] DEBUG o.h.loader.entity.plan.EntityLoader - Static select for entity com.frenchies.tennisclub.entity.Booking [READ]: select booking0_.idBooking as idBookin1_0_0_, booking0_.dateOfBooking as dateOfBo2_0_0_, booking0_.hourOfBooking as hourOfBo3_0_0_, booking0_.idCourt as idCourt4_0_0_, booking0_.user1_id as user5_0_0_, booking0_.user2_id as user6_0_0_, user1_.id as id1_2_1_, user1_.admin as admin2_2_1_, user1_.dateOfBirth as dateOfBi3_2_1_, user1_.login as login4_2_1_, user1_.mail as mail5_2_1_, user1_.name as name6_2_1_, user1_.passwordHash as password7_2_1_, user1_.phone as phone8_2_1_, user1_.surname as surname9_2_1_, user2_.id as id1_2_2_, user2_.admin as admin2_2_2_, user2_.dateOfBirth as dateOfBi3_2_2_, user2_.login as login4_2_2_, user2_.mail as mail5_2_2_, user2_.name as name6_2_2_, user2_.passwordHash as password7_2_2_, user2_.phone as phone8_2_2_, user2_.surname as surname9_2_2_ from Booking booking0_ inner join Users user1_ on booking0_.user1_id=user1_.id inner join Users user2_ on booking0_.user2_id=user2_.id where booking0_.idBooking=?
19:11:16.863 [main] DEBUG o.h.l.p.b.i.spaces.QuerySpacesImpl - Adding QuerySpace : uid = <gen:0> -> org.hibernate.loader.plan.build.internal.spaces.EntityQuerySpaceImpl@18b8d173]
19:11:16.863 [main] DEBUG o.h.p.w.spi.MetamodelGraphWalker - Visiting attribute path : dateOfBooking
19:11:16.863 [main] DEBUG o.h.p.w.spi.MetamodelGraphWalker - Visiting attribute path : hourOfBooking
19:11:16.863 [main] DEBUG o.h.p.w.spi.MetamodelGraphWalker - Visiting attribute path : idCourt
19:11:16.863 [main] DEBUG o.h.p.w.spi.MetamodelGraphWalker - Visiting attribute path : user1
19:11:16.863 [main] DEBUG o.h.l.p.b.i.spaces.QuerySpacesImpl - Adding QuerySpace : uid = <gen:1> -> org.hibernate.loader.plan.build.internal.spaces.EntityQuerySpaceImpl@44f24a20]
19:11:16.863 [main] DEBUG o.h.p.w.spi.MetamodelGraphWalker - Visiting attribute path : user2
19:11:16.863 [main] DEBUG o.h.l.p.b.i.spaces.QuerySpacesImpl - Adding QuerySpace : uid = <gen:2> -> org.hibernate.loader.plan.build.internal.spaces.EntityQuerySpaceImpl@1859e2a4]
19:11:16.863 [main] DEBUG o.h.l.p.b.i.FetchStyleLoadPlanBuildingAssociationVisitationStrategy - Building LoadPlan...
19:11:16.863 [main] DEBUG o.h.l.p.e.i.LoadQueryJoinAndFetchProcessor - processing queryspace <gen:0>
19:11:16.864 [main] DEBUG o.h.l.p.b.spi.LoadPlanTreePrinter - LoadPlan(entity=com.frenchies.tennisclub.entity.Booking)
    - Returns
       - EntityReturnImpl(entity=com.frenchies.tennisclub.entity.Booking, querySpaceUid=<gen:0>, path=com.frenchies.tennisclub.entity.Booking)
          - EntityAttributeFetchImpl(entity=com.frenchies.tennisclub.entity.User, querySpaceUid=<gen:1>, path=com.frenchies.tennisclub.entity.Booking.user1)
          - EntityAttributeFetchImpl(entity=com.frenchies.tennisclub.entity.User, querySpaceUid=<gen:2>, path=com.frenchies.tennisclub.entity.Booking.user2)
    - QuerySpaces
       - EntityQuerySpaceImpl(uid=<gen:0>, entity=com.frenchies.tennisclub.entity.Booking)
          - SQL table alias mapping - booking0_
          - alias suffix - 0_
          - suffixed key columns - {idBookin1_0_0_}

19:11:16.864 [main] DEBUG o.h.loader.entity.plan.EntityLoader - Static select for entity com.frenchies.tennisclub.entity.Booking [UPGRADE]: select booking0_.idBooking as idBookin1_0_0_, booking0_.dateOfBooking as dateOfBo2_0_0_, booking0_.hourOfBooking as hourOfBo3_0_0_, booking0_.idCourt as idCourt4_0_0_, booking0_.user1_id as user5_0_0_, booking0_.user2_id as user6_0_0_ from Booking booking0_ where booking0_.idBooking=? for update with rs
19:11:16.865 [main] DEBUG o.h.l.p.b.i.spaces.QuerySpacesImpl - Adding QuerySpace : uid = <gen:0> -> org.hibernate.loader.plan.build.internal.spaces.EntityQuerySpaceImpl@46349b95]
19:11:16.865 [main] DEBUG o.h.p.w.spi.MetamodelGraphWalker - Visiting attribute path : dateOfBooking
19:11:16.865 [main] DEBUG o.h.p.w.spi.MetamodelGraphWalker - Visiting attribute path : hourOfBooking
19:11:16.865 [main] DEBUG o.h.p.w.spi.MetamodelGraphWalker - Visiting attribute path : idCourt
19:11:16.865 [main] DEBUG o.h.p.w.spi.MetamodelGraphWalker - Visiting attribute path : user1
19:11:16.865 [main] DEBUG o.h.l.p.b.i.spaces.QuerySpacesImpl - Adding QuerySpace : uid = <gen:1> -> org.hibernate.loader.plan.build.internal.spaces.EntityQuerySpaceImpl@411c6d44]
19:11:16.865 [main] DEBUG o.h.p.w.spi.MetamodelGraphWalker - Visiting attribute path : user2
19:11:16.865 [main] DEBUG o.h.l.p.b.i.spaces.QuerySpacesImpl - Adding QuerySpace : uid = <gen:2> -> org.hibernate.loader.plan.build.internal.spaces.EntityQuerySpaceImpl@1687eb01]
19:11:16.865 [main] DEBUG o.h.l.p.b.i.FetchStyleLoadPlanBuildingAssociationVisitationStrategy - Building LoadPlan...
19:11:16.865 [main] DEBUG o.h.l.p.e.i.LoadQueryJoinAndFetchProcessor - processing queryspace <gen:0>
19:11:16.865 [main] DEBUG o.h.l.p.b.spi.LoadPlanTreePrinter - LoadPlan(entity=com.frenchies.tennisclub.entity.Booking)
    - Returns
       - EntityReturnImpl(entity=com.frenchies.tennisclub.entity.Booking, querySpaceUid=<gen:0>, path=com.frenchies.tennisclub.entity.Booking)
          - EntityAttributeFetchImpl(entity=com.frenchies.tennisclub.entity.User, querySpaceUid=<gen:1>, path=com.frenchies.tennisclub.entity.Booking.user1)
          - EntityAttributeFetchImpl(entity=com.frenchies.tennisclub.entity.User, querySpaceUid=<gen:2>, path=com.frenchies.tennisclub.entity.Booking.user2)
    - QuerySpaces
       - EntityQuerySpaceImpl(uid=<gen:0>, entity=com.frenchies.tennisclub.entity.Booking)
          - SQL table alias mapping - booking0_
          - alias suffix - 0_
          - suffixed key columns - {idBookin1_0_0_}

19:11:16.865 [main] DEBUG o.h.loader.entity.plan.EntityLoader - Static select for entity com.frenchies.tennisclub.entity.Booking [UPGRADE_NOWAIT]: select booking0_.idBooking as idBookin1_0_0_, booking0_.dateOfBooking as dateOfBo2_0_0_, booking0_.hourOfBooking as hourOfBo3_0_0_, booking0_.idCourt as idCourt4_0_0_, booking0_.user1_id as user5_0_0_, booking0_.user2_id as user6_0_0_ from Booking booking0_ where booking0_.idBooking=? for update with rs
19:11:16.865 [main] DEBUG o.h.l.p.b.i.spaces.QuerySpacesImpl - Adding QuerySpace : uid = <gen:0> -> org.hibernate.loader.plan.build.internal.spaces.EntityQuerySpaceImpl@748d2277]
19:11:16.866 [main] DEBUG o.h.p.w.spi.MetamodelGraphWalker - Visiting attribute path : dateOfBooking
19:11:16.866 [main] DEBUG o.h.p.w.spi.MetamodelGraphWalker - Visiting attribute path : hourOfBooking
19:11:16.866 [main] DEBUG o.h.p.w.spi.MetamodelGraphWalker - Visiting attribute path : idCourt
19:11:16.866 [main] DEBUG o.h.p.w.spi.MetamodelGraphWalker - Visiting attribute path : user1
19:11:16.866 [main] DEBUG o.h.l.p.b.i.spaces.QuerySpacesImpl - Adding QuerySpace : uid = <gen:1> -> org.hibernate.loader.plan.build.internal.spaces.EntityQuerySpaceImpl@d5d5353]
19:11:16.866 [main] DEBUG o.h.p.w.spi.MetamodelGraphWalker - Visiting attribute path : user2
19:11:16.866 [main] DEBUG o.h.l.p.b.i.spaces.QuerySpacesImpl - Adding QuerySpace : uid = <gen:2> -> org.hibernate.loader.plan.build.internal.spaces.EntityQuerySpaceImpl@242b6e1a]
19:11:16.866 [main] DEBUG o.h.l.p.b.i.FetchStyleLoadPlanBuildingAssociationVisitationStrategy - Building LoadPlan...
19:11:16.866 [main] DEBUG o.h.l.p.e.i.LoadQueryJoinAndFetchProcessor - processing queryspace <gen:0>
19:11:16.866 [main] DEBUG o.h.l.p.b.spi.LoadPlanTreePrinter - LoadPlan(entity=com.frenchies.tennisclub.entity.Booking)
    - Returns
       - EntityReturnImpl(entity=com.frenchies.tennisclub.entity.Booking, querySpaceUid=<gen:0>, path=com.frenchies.tennisclub.entity.Booking)
          - EntityAttributeFetchImpl(entity=com.frenchies.tennisclub.entity.User, querySpaceUid=<gen:1>, path=com.frenchies.tennisclub.entity.Booking.user1)
          - EntityAttributeFetchImpl(entity=com.frenchies.tennisclub.entity.User, querySpaceUid=<gen:2>, path=com.frenchies.tennisclub.entity.Booking.user2)
    - QuerySpaces
       - EntityQuerySpaceImpl(uid=<gen:0>, entity=com.frenchies.tennisclub.entity.Booking)
          - SQL table alias mapping - booking0_
          - alias suffix - 0_
          - suffixed key columns - {idBookin1_0_0_}

19:11:16.866 [main] DEBUG o.h.loader.entity.plan.EntityLoader - Static select for entity com.frenchies.tennisclub.entity.Booking [UPGRADE_SKIPLOCKED]: select booking0_.idBooking as idBookin1_0_0_, booking0_.dateOfBooking as dateOfBo2_0_0_, booking0_.hourOfBooking as hourOfBo3_0_0_, booking0_.idCourt as idCourt4_0_0_, booking0_.user1_id as user5_0_0_, booking0_.user2_id as user6_0_0_ from Booking booking0_ where booking0_.idBooking=? for update with rs
19:11:16.866 [main] DEBUG o.h.l.p.b.i.spaces.QuerySpacesImpl - Adding QuerySpace : uid = <gen:0> -> org.hibernate.loader.plan.build.internal.spaces.EntityQuerySpaceImpl@39a87e72]
19:11:16.866 [main] DEBUG o.h.p.w.spi.MetamodelGraphWalker - Visiting attribute path : dateOfBooking
19:11:16.866 [main] DEBUG o.h.p.w.spi.MetamodelGraphWalker - Visiting attribute path : hourOfBooking
19:11:16.866 [main] DEBUG o.h.p.w.spi.MetamodelGraphWalker - Visiting attribute path : idCourt
19:11:16.866 [main] DEBUG o.h.p.w.spi.MetamodelGraphWalker - Visiting attribute path : user1
19:11:16.866 [main] DEBUG o.h.l.p.b.i.spaces.QuerySpacesImpl - Adding QuerySpace : uid = <gen:1> -> org.hibernate.loader.plan.build.internal.spaces.EntityQuerySpaceImpl@3a082ff4]
19:11:16.866 [main] DEBUG o.h.p.w.spi.MetamodelGraphWalker - Visiting attribute path : user2
19:11:16.866 [main] DEBUG o.h.l.p.b.i.spaces.QuerySpacesImpl - Adding QuerySpace : uid = <gen:2> -> org.hibernate.loader.plan.build.internal.spaces.EntityQuerySpaceImpl@45acdd11]
19:11:16.866 [main] DEBUG o.h.l.p.b.i.FetchStyleLoadPlanBuildingAssociationVisitationStrategy - Building LoadPlan...
19:11:16.866 [main] DEBUG o.h.l.p.e.i.LoadQueryJoinAndFetchProcessor - processing queryspace <gen:0>
19:11:16.867 [main] DEBUG o.h.l.p.b.spi.LoadPlanTreePrinter - LoadPlan(entity=com.frenchies.tennisclub.entity.Booking)
    - Returns
       - EntityReturnImpl(entity=com.frenchies.tennisclub.entity.Booking, querySpaceUid=<gen:0>, path=com.frenchies.tennisclub.entity.Booking)
          - EntityAttributeFetchImpl(entity=com.frenchies.tennisclub.entity.User, querySpaceUid=<gen:1>, path=com.frenchies.tennisclub.entity.Booking.user1)
          - EntityAttributeFetchImpl(entity=com.frenchies.tennisclub.entity.User, querySpaceUid=<gen:2>, path=com.frenchies.tennisclub.entity.Booking.user2)
    - QuerySpaces
       - EntityQuerySpaceImpl(uid=<gen:0>, entity=com.frenchies.tennisclub.entity.Booking)
          - SQL table alias mapping - booking0_
          - alias suffix - 0_
          - suffixed key columns - {idBookin1_0_0_}

19:11:16.867 [main] DEBUG o.h.loader.entity.plan.EntityLoader - Static select for entity com.frenchies.tennisclub.entity.Booking [FORCE]: select booking0_.idBooking as idBookin1_0_0_, booking0_.dateOfBooking as dateOfBo2_0_0_, booking0_.hourOfBooking as hourOfBo3_0_0_, booking0_.idCourt as idCourt4_0_0_, booking0_.user1_id as user5_0_0_, booking0_.user2_id as user6_0_0_ from Booking booking0_ where booking0_.idBooking=? for update with rs
19:11:16.867 [main] DEBUG o.h.l.p.b.i.spaces.QuerySpacesImpl - Adding QuerySpace : uid = <gen:0> -> org.hibernate.loader.plan.build.internal.spaces.EntityQuerySpaceImpl@3f0d6038]
19:11:16.867 [main] DEBUG o.h.p.w.spi.MetamodelGraphWalker - Visiting attribute path : dateOfBooking
19:11:16.867 [main] DEBUG o.h.p.w.spi.MetamodelGraphWalker - Visiting attribute path : hourOfBooking
19:11:16.867 [main] DEBUG o.h.p.w.spi.MetamodelGraphWalker - Visiting attribute path : idCourt
19:11:16.867 [main] DEBUG o.h.p.w.spi.MetamodelGraphWalker - Visiting attribute path : user1
19:11:16.867 [main] DEBUG o.h.l.p.b.i.spaces.QuerySpacesImpl - Adding QuerySpace : uid = <gen:1> -> org.hibernate.loader.plan.build.internal.spaces.EntityQuerySpaceImpl@58f39564]
19:11:16.867 [main] DEBUG o.h.p.w.spi.MetamodelGraphWalker - Visiting attribute path : user2
19:11:16.867 [main] DEBUG o.h.l.p.b.i.spaces.QuerySpacesImpl - Adding QuerySpace : uid = <gen:2> -> org.hibernate.loader.plan.build.internal.spaces.EntityQuerySpaceImpl@7b948f3e]
19:11:16.867 [main] DEBUG o.h.l.p.b.i.FetchStyleLoadPlanBuildingAssociationVisitationStrategy - Building LoadPlan...
19:11:16.867 [main] DEBUG o.h.l.p.e.i.LoadQueryJoinAndFetchProcessor - processing queryspace <gen:0>
19:11:16.867 [main] DEBUG o.h.l.p.b.spi.LoadPlanTreePrinter - LoadPlan(entity=com.frenchies.tennisclub.entity.Booking)
    - Returns
       - EntityReturnImpl(entity=com.frenchies.tennisclub.entity.Booking, querySpaceUid=<gen:0>, path=com.frenchies.tennisclub.entity.Booking)
          - EntityAttributeFetchImpl(entity=com.frenchies.tennisclub.entity.User, querySpaceUid=<gen:1>, path=com.frenchies.tennisclub.entity.Booking.user1)
          - EntityAttributeFetchImpl(entity=com.frenchies.tennisclub.entity.User, querySpaceUid=<gen:2>, path=com.frenchies.tennisclub.entity.Booking.user2)
    - QuerySpaces
       - EntityQuerySpaceImpl(uid=<gen:0>, entity=com.frenchies.tennisclub.entity.Booking)
          - SQL table alias mapping - booking0_
          - alias suffix - 0_
          - suffixed key columns - {idBookin1_0_0_}

19:11:16.867 [main] DEBUG o.h.loader.entity.plan.EntityLoader - Static select for entity com.frenchies.tennisclub.entity.Booking [PESSIMISTIC_READ]: select booking0_.idBooking as idBookin1_0_0_, booking0_.dateOfBooking as dateOfBo2_0_0_, booking0_.hourOfBooking as hourOfBo3_0_0_, booking0_.idCourt as idCourt4_0_0_, booking0_.user1_id as user5_0_0_, booking0_.user2_id as user6_0_0_ from Booking booking0_ where booking0_.idBooking=? for read only with rs
19:11:16.867 [main] DEBUG o.h.l.p.b.i.spaces.QuerySpacesImpl - Adding QuerySpace : uid = <gen:0> -> org.hibernate.loader.plan.build.internal.spaces.EntityQuerySpaceImpl@2f4c2cd4]
19:11:16.867 [main] DEBUG o.h.p.w.spi.MetamodelGraphWalker - Visiting attribute path : dateOfBooking
19:11:16.867 [main] DEBUG o.h.p.w.spi.MetamodelGraphWalker - Visiting attribute path : hourOfBooking
19:11:16.867 [main] DEBUG o.h.p.w.spi.MetamodelGraphWalker - Visiting attribute path : idCourt
19:11:16.867 [main] DEBUG o.h.p.w.spi.MetamodelGraphWalker - Visiting attribute path : user1
19:11:16.868 [main] DEBUG o.h.l.p.b.i.spaces.QuerySpacesImpl - Adding QuerySpace : uid = <gen:1> -> org.hibernate.loader.plan.build.internal.spaces.EntityQuerySpaceImpl@333c8791]
19:11:16.868 [main] DEBUG o.h.p.w.spi.MetamodelGraphWalker - Visiting attribute path : user2
19:11:16.868 [main] DEBUG o.h.l.p.b.i.spaces.QuerySpacesImpl - Adding QuerySpace : uid = <gen:2> -> org.hibernate.loader.plan.build.internal.spaces.EntityQuerySpaceImpl@6c0e13b7]
19:11:16.868 [main] DEBUG o.h.l.p.b.i.FetchStyleLoadPlanBuildingAssociationVisitationStrategy - Building LoadPlan...
19:11:16.868 [main] DEBUG o.h.l.p.e.i.LoadQueryJoinAndFetchProcessor - processing queryspace <gen:0>
19:11:16.868 [main] DEBUG o.h.l.p.b.spi.LoadPlanTreePrinter - LoadPlan(entity=com.frenchies.tennisclub.entity.Booking)
    - Returns
       - EntityReturnImpl(entity=com.frenchies.tennisclub.entity.Booking, querySpaceUid=<gen:0>, path=com.frenchies.tennisclub.entity.Booking)
          - EntityAttributeFetchImpl(entity=com.frenchies.tennisclub.entity.User, querySpaceUid=<gen:1>, path=com.frenchies.tennisclub.entity.Booking.user1)
          - EntityAttributeFetchImpl(entity=com.frenchies.tennisclub.entity.User, querySpaceUid=<gen:2>, path=com.frenchies.tennisclub.entity.Booking.user2)
    - QuerySpaces
       - EntityQuerySpaceImpl(uid=<gen:0>, entity=com.frenchies.tennisclub.entity.Booking)
          - SQL table alias mapping - booking0_
          - alias suffix - 0_
          - suffixed key columns - {idBookin1_0_0_}

19:11:16.868 [main] DEBUG o.h.loader.entity.plan.EntityLoader - Static select for entity com.frenchies.tennisclub.entity.Booking [PESSIMISTIC_WRITE]: select booking0_.idBooking as idBookin1_0_0_, booking0_.dateOfBooking as dateOfBo2_0_0_, booking0_.hourOfBooking as hourOfBo3_0_0_, booking0_.idCourt as idCourt4_0_0_, booking0_.user1_id as user5_0_0_, booking0_.user2_id as user6_0_0_ from Booking booking0_ where booking0_.idBooking=? for update with rs
19:11:16.868 [main] DEBUG o.h.l.p.b.i.spaces.QuerySpacesImpl - Adding QuerySpace : uid = <gen:0> -> org.hibernate.loader.plan.build.internal.spaces.EntityQuerySpaceImpl@22eaa86e]
19:11:16.868 [main] DEBUG o.h.p.w.spi.MetamodelGraphWalker - Visiting attribute path : dateOfBooking
19:11:16.868 [main] DEBUG o.h.p.w.spi.MetamodelGraphWalker - Visiting attribute path : hourOfBooking
19:11:16.868 [main] DEBUG o.h.p.w.spi.MetamodelGraphWalker - Visiting attribute path : idCourt
19:11:16.868 [main] DEBUG o.h.p.w.spi.MetamodelGraphWalker - Visiting attribute path : user1
19:11:16.868 [main] DEBUG o.h.l.p.b.i.spaces.QuerySpacesImpl - Adding QuerySpace : uid = <gen:1> -> org.hibernate.loader.plan.build.internal.spaces.EntityQuerySpaceImpl@1cc680e]
19:11:16.868 [main] DEBUG o.h.p.w.spi.MetamodelGraphWalker - Visiting attribute path : user2
19:11:16.868 [main] DEBUG o.h.l.p.b.i.spaces.QuerySpacesImpl - Adding QuerySpace : uid = <gen:2> -> org.hibernate.loader.plan.build.internal.spaces.EntityQuerySpaceImpl@1dc3502b]
19:11:16.868 [main] DEBUG o.h.l.p.b.i.FetchStyleLoadPlanBuildingAssociationVisitationStrategy - Building LoadPlan...
19:11:16.869 [main] DEBUG o.h.l.p.e.i.LoadQueryJoinAndFetchProcessor - processing queryspace <gen:0>
19:11:16.869 [main] DEBUG o.h.l.p.b.spi.LoadPlanTreePrinter - LoadPlan(entity=com.frenchies.tennisclub.entity.Booking)
    - Returns
       - EntityReturnImpl(entity=com.frenchies.tennisclub.entity.Booking, querySpaceUid=<gen:0>, path=com.frenchies.tennisclub.entity.Booking)
          - EntityAttributeFetchImpl(entity=com.frenchies.tennisclub.entity.User, querySpaceUid=<gen:1>, path=com.frenchies.tennisclub.entity.Booking.user1)
          - EntityAttributeFetchImpl(entity=com.frenchies.tennisclub.entity.User, querySpaceUid=<gen:2>, path=com.frenchies.tennisclub.entity.Booking.user2)
    - QuerySpaces
       - EntityQuerySpaceImpl(uid=<gen:0>, entity=com.frenchies.tennisclub.entity.Booking)
          - SQL table alias mapping - booking0_
          - alias suffix - 0_
          - suffixed key columns - {idBookin1_0_0_}

19:11:16.869 [main] DEBUG o.h.loader.entity.plan.EntityLoader - Static select for entity com.frenchies.tennisclub.entity.Booking [PESSIMISTIC_FORCE_INCREMENT]: select booking0_.idBooking as idBookin1_0_0_, booking0_.dateOfBooking as dateOfBo2_0_0_, booking0_.hourOfBooking as hourOfBo3_0_0_, booking0_.idCourt as idCourt4_0_0_, booking0_.user1_id as user5_0_0_, booking0_.user2_id as user6_0_0_ from Booking booking0_ where booking0_.idBooking=? for update with rs
19:11:16.869 [main] DEBUG o.h.l.p.b.i.spaces.QuerySpacesImpl - Adding QuerySpace : uid = <gen:0> -> org.hibernate.loader.plan.build.internal.spaces.EntityQuerySpaceImpl@6a1d3225]
19:11:16.869 [main] DEBUG o.h.p.w.spi.MetamodelGraphWalker - Visiting attribute path : dateOfBooking
19:11:16.869 [main] DEBUG o.h.p.w.spi.MetamodelGraphWalker - Visiting attribute path : hourOfBooking
19:11:16.869 [main] DEBUG o.h.p.w.spi.MetamodelGraphWalker - Visiting attribute path : idCourt
19:11:16.869 [main] DEBUG o.h.p.w.spi.MetamodelGraphWalker - Visiting attribute path : user1
19:11:16.869 [main] DEBUG o.h.l.p.b.i.spaces.QuerySpacesImpl - Adding QuerySpace : uid = <gen:1> -> org.hibernate.loader.plan.build.internal.spaces.EntityQuerySpaceImpl@50fb33a]
19:11:16.869 [main] DEBUG o.h.p.w.spi.MetamodelGraphWalker - Visiting attribute path : user2
19:11:16.869 [main] DEBUG o.h.l.p.b.i.spaces.QuerySpacesImpl - Adding QuerySpace : uid = <gen:2> -> org.hibernate.loader.plan.build.internal.spaces.EntityQuerySpaceImpl@2cae9b8]
19:11:16.869 [main] DEBUG o.h.l.p.b.i.FetchStyleLoadPlanBuildingAssociationVisitationStrategy - Building LoadPlan...
19:11:16.869 [main] DEBUG o.h.l.p.e.i.LoadQueryJoinAndFetchProcessor - processing queryspace <gen:0>
19:11:16.869 [main] DEBUG o.h.l.p.b.spi.LoadPlanTreePrinter - LoadPlan(entity=com.frenchies.tennisclub.entity.Booking)
    - Returns
       - EntityReturnImpl(entity=com.frenchies.tennisclub.entity.Booking, querySpaceUid=<gen:0>, path=com.frenchies.tennisclub.entity.Booking)
          - EntityAttributeFetchImpl(entity=com.frenchies.tennisclub.entity.User, querySpaceUid=<gen:1>, path=com.frenchies.tennisclub.entity.Booking.user1)
          - EntityAttributeFetchImpl(entity=com.frenchies.tennisclub.entity.User, querySpaceUid=<gen:2>, path=com.frenchies.tennisclub.entity.Booking.user2)
    - QuerySpaces
       - EntityQuerySpaceImpl(uid=<gen:0>, entity=com.frenchies.tennisclub.entity.Booking)
          - SQL table alias mapping - booking0_
          - alias suffix - 0_
          - suffixed key columns - {idBookin1_0_0_}

19:11:16.869 [main] DEBUG o.h.loader.entity.plan.EntityLoader - Static select for entity com.frenchies.tennisclub.entity.Booking [OPTIMISTIC]: select booking0_.idBooking as idBookin1_0_0_, booking0_.dateOfBooking as dateOfBo2_0_0_, booking0_.hourOfBooking as hourOfBo3_0_0_, booking0_.idCourt as idCourt4_0_0_, booking0_.user1_id as user5_0_0_, booking0_.user2_id as user6_0_0_ from Booking booking0_ where booking0_.idBooking=?
19:11:16.869 [main] DEBUG o.h.l.p.b.i.spaces.QuerySpacesImpl - Adding QuerySpace : uid = <gen:0> -> org.hibernate.loader.plan.build.internal.spaces.EntityQuerySpaceImpl@1457fde]
19:11:16.870 [main] DEBUG o.h.p.w.spi.MetamodelGraphWalker - Visiting attribute path : dateOfBooking
19:11:16.870 [main] DEBUG o.h.p.w.spi.MetamodelGraphWalker - Visiting attribute path : hourOfBooking
19:11:16.870 [main] DEBUG o.h.p.w.spi.MetamodelGraphWalker - Visiting attribute path : idCourt
19:11:16.870 [main] DEBUG o.h.p.w.spi.MetamodelGraphWalker - Visiting attribute path : user1
19:11:16.870 [main] DEBUG o.h.l.p.b.i.spaces.QuerySpacesImpl - Adding QuerySpace : uid = <gen:1> -> org.hibernate.loader.plan.build.internal.spaces.EntityQuerySpaceImpl@17fa1336]
19:11:16.870 [main] DEBUG o.h.p.w.spi.MetamodelGraphWalker - Visiting attribute path : user2
19:11:16.870 [main] DEBUG o.h.l.p.b.i.spaces.QuerySpacesImpl - Adding QuerySpace : uid = <gen:2> -> org.hibernate.loader.plan.build.internal.spaces.EntityQuerySpaceImpl@4228bf58]
19:11:16.870 [main] DEBUG o.h.l.p.b.i.FetchStyleLoadPlanBuildingAssociationVisitationStrategy - Building LoadPlan...
19:11:16.870 [main] DEBUG o.h.l.p.e.i.LoadQueryJoinAndFetchProcessor - processing queryspace <gen:0>
19:11:16.870 [main] DEBUG o.h.l.p.b.spi.LoadPlanTreePrinter - LoadPlan(entity=com.frenchies.tennisclub.entity.Booking)
    - Returns
       - EntityReturnImpl(entity=com.frenchies.tennisclub.entity.Booking, querySpaceUid=<gen:0>, path=com.frenchies.tennisclub.entity.Booking)
          - EntityAttributeFetchImpl(entity=com.frenchies.tennisclub.entity.User, querySpaceUid=<gen:1>, path=com.frenchies.tennisclub.entity.Booking.user1)
          - EntityAttributeFetchImpl(entity=com.frenchies.tennisclub.entity.User, querySpaceUid=<gen:2>, path=com.frenchies.tennisclub.entity.Booking.user2)
    - QuerySpaces
       - EntityQuerySpaceImpl(uid=<gen:0>, entity=com.frenchies.tennisclub.entity.Booking)
          - SQL table alias mapping - booking0_
          - alias suffix - 0_
          - suffixed key columns - {idBookin1_0_0_}

19:11:16.870 [main] DEBUG o.h.loader.entity.plan.EntityLoader - Static select for entity com.frenchies.tennisclub.entity.Booking [OPTIMISTIC_FORCE_INCREMENT]: select booking0_.idBooking as idBookin1_0_0_, booking0_.dateOfBooking as dateOfBo2_0_0_, booking0_.hourOfBooking as hourOfBo3_0_0_, booking0_.idCourt as idCourt4_0_0_, booking0_.user1_id as user5_0_0_, booking0_.user2_id as user6_0_0_ from Booking booking0_ where booking0_.idBooking=?
19:11:16.871 [main] DEBUG org.hibernate.loader.Loader - Static select for action ACTION_MERGE on entity com.frenchies.tennisclub.entity.Booking: select booking0_.idBooking as idBookin1_0_0_, booking0_.dateOfBooking as dateOfBo2_0_0_, booking0_.hourOfBooking as hourOfBo3_0_0_, booking0_.idCourt as idCourt4_0_0_, booking0_.user1_id as user5_0_0_, booking0_.user2_id as user6_0_0_ from Booking booking0_ where booking0_.idBooking=?
19:11:16.871 [main] DEBUG org.hibernate.loader.Loader - Static select for action ACTION_REFRESH on entity com.frenchies.tennisclub.entity.Booking: select booking0_.idBooking as idBookin1_0_0_, booking0_.dateOfBooking as dateOfBo2_0_0_, booking0_.hourOfBooking as hourOfBo3_0_0_, booking0_.idCourt as idCourt4_0_0_, booking0_.user1_id as user5_0_0_, booking0_.user2_id as user6_0_0_ from Booking booking0_ where booking0_.idBooking=?
19:11:16.871 [main] DEBUG o.h.p.entity.AbstractEntityPersister - Static SQL for entity: com.frenchies.tennisclub.entity.Court
19:11:16.871 [main] DEBUG o.h.p.entity.AbstractEntityPersister -  Version select: select idCourt from Court where idCourt =?
19:11:16.871 [main] DEBUG o.h.p.entity.AbstractEntityPersister -  Snapshot select: select court_.idCourt, court_.latitude as latitude2_1_, court_.longitude as longitud3_1_, court_.status as status4_1_, court_.type as type5_1_ from Court court_ where court_.idCourt=?
19:11:16.871 [main] DEBUG o.h.p.entity.AbstractEntityPersister -  Insert 0: insert into Court (latitude, longitude, status, type, idCourt) values (?, ?, ?, ?, ?)
19:11:16.871 [main] DEBUG o.h.p.entity.AbstractEntityPersister -  Update 0: update Court set latitude=?, longitude=?, status=?, type=? where idCourt=?
19:11:16.871 [main] DEBUG o.h.p.entity.AbstractEntityPersister -  Delete 0: delete from Court where idCourt=?
19:11:16.871 [main] DEBUG o.h.p.entity.AbstractEntityPersister -  Identity insert: insert into Court (idCourt, latitude, longitude, status, type) values (default, ?, ?, ?, ?)
19:11:16.871 [main] DEBUG o.h.l.p.b.i.spaces.QuerySpacesImpl - Adding QuerySpace : uid = <gen:0> -> org.hibernate.loader.plan.build.internal.spaces.EntityQuerySpaceImpl@68b9834c]
19:11:16.871 [main] DEBUG o.h.p.w.spi.MetamodelGraphWalker - Visiting attribute path : latitude
19:11:16.871 [main] DEBUG o.h.p.w.spi.MetamodelGraphWalker - Visiting attribute path : longitude
19:11:16.871 [main] DEBUG o.h.p.w.spi.MetamodelGraphWalker - Visiting attribute path : status
19:11:16.871 [main] DEBUG o.h.p.w.spi.MetamodelGraphWalker - Visiting attribute path : type
19:11:16.871 [main] DEBUG o.h.l.p.b.i.FetchStyleLoadPlanBuildingAssociationVisitationStrategy - Building LoadPlan...
19:11:16.871 [main] DEBUG o.h.l.p.e.i.LoadQueryJoinAndFetchProcessor - processing queryspace <gen:0>
19:11:16.872 [main] DEBUG o.h.l.p.b.spi.LoadPlanTreePrinter - LoadPlan(entity=com.frenchies.tennisclub.entity.Court)
    - Returns
       - EntityReturnImpl(entity=com.frenchies.tennisclub.entity.Court, querySpaceUid=<gen:0>, path=com.frenchies.tennisclub.entity.Court)
    - QuerySpaces
       - EntityQuerySpaceImpl(uid=<gen:0>, entity=com.frenchies.tennisclub.entity.Court)
          - SQL table alias mapping - court0_
          - alias suffix - 0_
          - suffixed key columns - {idCourt1_1_0_}

19:11:16.872 [main] DEBUG o.h.loader.entity.plan.EntityLoader - Static select for entity com.frenchies.tennisclub.entity.Court [NONE]: select court0_.idCourt as idCourt1_1_0_, court0_.latitude as latitude2_1_0_, court0_.longitude as longitud3_1_0_, court0_.status as status4_1_0_, court0_.type as type5_1_0_ from Court court0_ where court0_.idCourt=?
19:11:16.872 [main] DEBUG o.h.l.p.b.i.spaces.QuerySpacesImpl - Adding QuerySpace : uid = <gen:0> -> org.hibernate.loader.plan.build.internal.spaces.EntityQuerySpaceImpl@671d1157]
19:11:16.872 [main] DEBUG o.h.p.w.spi.MetamodelGraphWalker - Visiting attribute path : latitude
19:11:16.872 [main] DEBUG o.h.p.w.spi.MetamodelGraphWalker - Visiting attribute path : longitude
19:11:16.872 [main] DEBUG o.h.p.w.spi.MetamodelGraphWalker - Visiting attribute path : status
19:11:16.872 [main] DEBUG o.h.p.w.spi.MetamodelGraphWalker - Visiting attribute path : type
19:11:16.872 [main] DEBUG o.h.l.p.b.i.FetchStyleLoadPlanBuildingAssociationVisitationStrategy - Building LoadPlan...
19:11:16.872 [main] DEBUG o.h.l.p.e.i.LoadQueryJoinAndFetchProcessor - processing queryspace <gen:0>
19:11:16.872 [main] DEBUG o.h.l.p.b.spi.LoadPlanTreePrinter - LoadPlan(entity=com.frenchies.tennisclub.entity.Court)
    - Returns
       - EntityReturnImpl(entity=com.frenchies.tennisclub.entity.Court, querySpaceUid=<gen:0>, path=com.frenchies.tennisclub.entity.Court)
    - QuerySpaces
       - EntityQuerySpaceImpl(uid=<gen:0>, entity=com.frenchies.tennisclub.entity.Court)
          - SQL table alias mapping - court0_
          - alias suffix - 0_
          - suffixed key columns - {idCourt1_1_0_}

19:11:16.873 [main] DEBUG o.h.loader.entity.plan.EntityLoader - Static select for entity com.frenchies.tennisclub.entity.Court [READ]: select court0_.idCourt as idCourt1_1_0_, court0_.latitude as latitude2_1_0_, court0_.longitude as longitud3_1_0_, court0_.status as status4_1_0_, court0_.type as type5_1_0_ from Court court0_ where court0_.idCourt=?
19:11:16.873 [main] DEBUG o.h.l.p.b.i.spaces.QuerySpacesImpl - Adding QuerySpace : uid = <gen:0> -> org.hibernate.loader.plan.build.internal.spaces.EntityQuerySpaceImpl@44cffc25]
19:11:16.873 [main] DEBUG o.h.p.w.spi.MetamodelGraphWalker - Visiting attribute path : latitude
19:11:16.873 [main] DEBUG o.h.p.w.spi.MetamodelGraphWalker - Visiting attribute path : longitude
19:11:16.873 [main] DEBUG o.h.p.w.spi.MetamodelGraphWalker - Visiting attribute path : status
19:11:16.873 [main] DEBUG o.h.p.w.spi.MetamodelGraphWalker - Visiting attribute path : type
19:11:16.873 [main] DEBUG o.h.l.p.b.i.FetchStyleLoadPlanBuildingAssociationVisitationStrategy - Building LoadPlan...
19:11:16.873 [main] DEBUG o.h.l.p.e.i.LoadQueryJoinAndFetchProcessor - processing queryspace <gen:0>
19:11:16.873 [main] DEBUG o.h.l.p.b.spi.LoadPlanTreePrinter - LoadPlan(entity=com.frenchies.tennisclub.entity.Court)
    - Returns
       - EntityReturnImpl(entity=com.frenchies.tennisclub.entity.Court, querySpaceUid=<gen:0>, path=com.frenchies.tennisclub.entity.Court)
    - QuerySpaces
       - EntityQuerySpaceImpl(uid=<gen:0>, entity=com.frenchies.tennisclub.entity.Court)
          - SQL table alias mapping - court0_
          - alias suffix - 0_
          - suffixed key columns - {idCourt1_1_0_}

19:11:16.873 [main] DEBUG o.h.loader.entity.plan.EntityLoader - Static select for entity com.frenchies.tennisclub.entity.Court [UPGRADE]: select court0_.idCourt as idCourt1_1_0_, court0_.latitude as latitude2_1_0_, court0_.longitude as longitud3_1_0_, court0_.status as status4_1_0_, court0_.type as type5_1_0_ from Court court0_ where court0_.idCourt=? for update with rs
19:11:16.873 [main] DEBUG o.h.l.p.b.i.spaces.QuerySpacesImpl - Adding QuerySpace : uid = <gen:0> -> org.hibernate.loader.plan.build.internal.spaces.EntityQuerySpaceImpl@25aeb5ac]
19:11:16.873 [main] DEBUG o.h.p.w.spi.MetamodelGraphWalker - Visiting attribute path : latitude
19:11:16.873 [main] DEBUG o.h.p.w.spi.MetamodelGraphWalker - Visiting attribute path : longitude
19:11:16.873 [main] DEBUG o.h.p.w.spi.MetamodelGraphWalker - Visiting attribute path : status
19:11:16.873 [main] DEBUG o.h.p.w.spi.MetamodelGraphWalker - Visiting attribute path : type
19:11:16.873 [main] DEBUG o.h.l.p.b.i.FetchStyleLoadPlanBuildingAssociationVisitationStrategy - Building LoadPlan...
19:11:16.874 [main] DEBUG o.h.l.p.e.i.LoadQueryJoinAndFetchProcessor - processing queryspace <gen:0>
19:11:16.874 [main] DEBUG o.h.l.p.b.spi.LoadPlanTreePrinter - LoadPlan(entity=com.frenchies.tennisclub.entity.Court)
    - Returns
       - EntityReturnImpl(entity=com.frenchies.tennisclub.entity.Court, querySpaceUid=<gen:0>, path=com.frenchies.tennisclub.entity.Court)
    - QuerySpaces
       - EntityQuerySpaceImpl(uid=<gen:0>, entity=com.frenchies.tennisclub.entity.Court)
          - SQL table alias mapping - court0_
          - alias suffix - 0_
          - suffixed key columns - {idCourt1_1_0_}

19:11:16.874 [main] DEBUG o.h.loader.entity.plan.EntityLoader - Static select for entity com.frenchies.tennisclub.entity.Court [UPGRADE_NOWAIT]: select court0_.idCourt as idCourt1_1_0_, court0_.latitude as latitude2_1_0_, court0_.longitude as longitud3_1_0_, court0_.status as status4_1_0_, court0_.type as type5_1_0_ from Court court0_ where court0_.idCourt=? for update with rs
19:11:16.874 [main] DEBUG o.h.l.p.b.i.spaces.QuerySpacesImpl - Adding QuerySpace : uid = <gen:0> -> org.hibernate.loader.plan.build.internal.spaces.EntityQuerySpaceImpl@3bd2af5b]
19:11:16.874 [main] DEBUG o.h.p.w.spi.MetamodelGraphWalker - Visiting attribute path : latitude
19:11:16.874 [main] DEBUG o.h.p.w.spi.MetamodelGraphWalker - Visiting attribute path : longitude
19:11:16.874 [main] DEBUG o.h.p.w.spi.MetamodelGraphWalker - Visiting attribute path : status
19:11:16.874 [main] DEBUG o.h.p.w.spi.MetamodelGraphWalker - Visiting attribute path : type
19:11:16.874 [main] DEBUG o.h.l.p.b.i.FetchStyleLoadPlanBuildingAssociationVisitationStrategy - Building LoadPlan...
19:11:16.874 [main] DEBUG o.h.l.p.e.i.LoadQueryJoinAndFetchProcessor - processing queryspace <gen:0>
19:11:16.875 [main] DEBUG o.h.l.p.b.spi.LoadPlanTreePrinter - LoadPlan(entity=com.frenchies.tennisclub.entity.Court)
    - Returns
       - EntityReturnImpl(entity=com.frenchies.tennisclub.entity.Court, querySpaceUid=<gen:0>, path=com.frenchies.tennisclub.entity.Court)
    - QuerySpaces
       - EntityQuerySpaceImpl(uid=<gen:0>, entity=com.frenchies.tennisclub.entity.Court)
          - SQL table alias mapping - court0_
          - alias suffix - 0_
          - suffixed key columns - {idCourt1_1_0_}

19:11:16.875 [main] DEBUG o.h.loader.entity.plan.EntityLoader - Static select for entity com.frenchies.tennisclub.entity.Court [UPGRADE_SKIPLOCKED]: select court0_.idCourt as idCourt1_1_0_, court0_.latitude as latitude2_1_0_, court0_.longitude as longitud3_1_0_, court0_.status as status4_1_0_, court0_.type as type5_1_0_ from Court court0_ where court0_.idCourt=? for update with rs
19:11:16.875 [main] DEBUG o.h.l.p.b.i.spaces.QuerySpacesImpl - Adding QuerySpace : uid = <gen:0> -> org.hibernate.loader.plan.build.internal.spaces.EntityQuerySpaceImpl@75d982d3]
19:11:16.875 [main] DEBUG o.h.p.w.spi.MetamodelGraphWalker - Visiting attribute path : latitude
19:11:16.875 [main] DEBUG o.h.p.w.spi.MetamodelGraphWalker - Visiting attribute path : longitude
19:11:16.875 [main] DEBUG o.h.p.w.spi.MetamodelGraphWalker - Visiting attribute path : status
19:11:16.875 [main] DEBUG o.h.p.w.spi.MetamodelGraphWalker - Visiting attribute path : type
19:11:16.875 [main] DEBUG o.h.l.p.b.i.FetchStyleLoadPlanBuildingAssociationVisitationStrategy - Building LoadPlan...
19:11:16.875 [main] DEBUG o.h.l.p.e.i.LoadQueryJoinAndFetchProcessor - processing queryspace <gen:0>
19:11:16.875 [main] DEBUG o.h.l.p.b.spi.LoadPlanTreePrinter - LoadPlan(entity=com.frenchies.tennisclub.entity.Court)
    - Returns
       - EntityReturnImpl(entity=com.frenchies.tennisclub.entity.Court, querySpaceUid=<gen:0>, path=com.frenchies.tennisclub.entity.Court)
    - QuerySpaces
       - EntityQuerySpaceImpl(uid=<gen:0>, entity=com.frenchies.tennisclub.entity.Court)
          - SQL table alias mapping - court0_
          - alias suffix - 0_
          - suffixed key columns - {idCourt1_1_0_}

19:11:16.875 [main] DEBUG o.h.loader.entity.plan.EntityLoader - Static select for entity com.frenchies.tennisclub.entity.Court [FORCE]: select court0_.idCourt as idCourt1_1_0_, court0_.latitude as latitude2_1_0_, court0_.longitude as longitud3_1_0_, court0_.status as status4_1_0_, court0_.type as type5_1_0_ from Court court0_ where court0_.idCourt=? for update with rs
19:11:16.875 [main] DEBUG o.h.l.p.b.i.spaces.QuerySpacesImpl - Adding QuerySpace : uid = <gen:0> -> org.hibernate.loader.plan.build.internal.spaces.EntityQuerySpaceImpl@618ff5c2]
19:11:16.875 [main] DEBUG o.h.p.w.spi.MetamodelGraphWalker - Visiting attribute path : latitude
19:11:16.876 [main] DEBUG o.h.p.w.spi.MetamodelGraphWalker - Visiting attribute path : longitude
19:11:16.876 [main] DEBUG o.h.p.w.spi.MetamodelGraphWalker - Visiting attribute path : status
19:11:16.876 [main] DEBUG o.h.p.w.spi.MetamodelGraphWalker - Visiting attribute path : type
19:11:16.876 [main] DEBUG o.h.l.p.b.i.FetchStyleLoadPlanBuildingAssociationVisitationStrategy - Building LoadPlan...
19:11:16.876 [main] DEBUG o.h.l.p.e.i.LoadQueryJoinAndFetchProcessor - processing queryspace <gen:0>
19:11:16.876 [main] DEBUG o.h.l.p.b.spi.LoadPlanTreePrinter - LoadPlan(entity=com.frenchies.tennisclub.entity.Court)
    - Returns
       - EntityReturnImpl(entity=com.frenchies.tennisclub.entity.Court, querySpaceUid=<gen:0>, path=com.frenchies.tennisclub.entity.Court)
    - QuerySpaces
       - EntityQuerySpaceImpl(uid=<gen:0>, entity=com.frenchies.tennisclub.entity.Court)
          - SQL table alias mapping - court0_
          - alias suffix - 0_
          - suffixed key columns - {idCourt1_1_0_}

19:11:16.876 [main] DEBUG o.h.loader.entity.plan.EntityLoader - Static select for entity com.frenchies.tennisclub.entity.Court [PESSIMISTIC_READ]: select court0_.idCourt as idCourt1_1_0_, court0_.latitude as latitude2_1_0_, court0_.longitude as longitud3_1_0_, court0_.status as status4_1_0_, court0_.type as type5_1_0_ from Court court0_ where court0_.idCourt=? for read only with rs
19:11:16.876 [main] DEBUG o.h.l.p.b.i.spaces.QuerySpacesImpl - Adding QuerySpace : uid = <gen:0> -> org.hibernate.loader.plan.build.internal.spaces.EntityQuerySpaceImpl@2f84acf7]
19:11:16.876 [main] DEBUG o.h.p.w.spi.MetamodelGraphWalker - Visiting attribute path : latitude
19:11:16.876 [main] DEBUG o.h.p.w.spi.MetamodelGraphWalker - Visiting attribute path : longitude
19:11:16.876 [main] DEBUG o.h.p.w.spi.MetamodelGraphWalker - Visiting attribute path : status
19:11:16.876 [main] DEBUG o.h.p.w.spi.MetamodelGraphWalker - Visiting attribute path : type
19:11:16.876 [main] DEBUG o.h.l.p.b.i.FetchStyleLoadPlanBuildingAssociationVisitationStrategy - Building LoadPlan...
19:11:16.877 [main] DEBUG o.h.l.p.e.i.LoadQueryJoinAndFetchProcessor - processing queryspace <gen:0>
19:11:16.877 [main] DEBUG o.h.l.p.b.spi.LoadPlanTreePrinter - LoadPlan(entity=com.frenchies.tennisclub.entity.Court)
    - Returns
       - EntityReturnImpl(entity=com.frenchies.tennisclub.entity.Court, querySpaceUid=<gen:0>, path=com.frenchies.tennisclub.entity.Court)
    - QuerySpaces
       - EntityQuerySpaceImpl(uid=<gen:0>, entity=com.frenchies.tennisclub.entity.Court)
          - SQL table alias mapping - court0_
          - alias suffix - 0_
          - suffixed key columns - {idCourt1_1_0_}

19:11:16.877 [main] DEBUG o.h.loader.entity.plan.EntityLoader - Static select for entity com.frenchies.tennisclub.entity.Court [PESSIMISTIC_WRITE]: select court0_.idCourt as idCourt1_1_0_, court0_.latitude as latitude2_1_0_, court0_.longitude as longitud3_1_0_, court0_.status as status4_1_0_, court0_.type as type5_1_0_ from Court court0_ where court0_.idCourt=? for update with rs
19:11:16.877 [main] DEBUG o.h.l.p.b.i.spaces.QuerySpacesImpl - Adding QuerySpace : uid = <gen:0> -> org.hibernate.loader.plan.build.internal.spaces.EntityQuerySpaceImpl@372ca2d6]
19:11:16.878 [main] DEBUG o.h.p.w.spi.MetamodelGraphWalker - Visiting attribute path : latitude
19:11:16.878 [main] DEBUG o.h.p.w.spi.MetamodelGraphWalker - Visiting attribute path : longitude
19:11:16.878 [main] DEBUG o.h.p.w.spi.MetamodelGraphWalker - Visiting attribute path : status
19:11:16.878 [main] DEBUG o.h.p.w.spi.MetamodelGraphWalker - Visiting attribute path : type
19:11:16.878 [main] DEBUG o.h.l.p.b.i.FetchStyleLoadPlanBuildingAssociationVisitationStrategy - Building LoadPlan...
19:11:16.878 [main] DEBUG o.h.l.p.e.i.LoadQueryJoinAndFetchProcessor - processing queryspace <gen:0>
19:11:16.878 [main] DEBUG o.h.l.p.b.spi.LoadPlanTreePrinter - LoadPlan(entity=com.frenchies.tennisclub.entity.Court)
    - Returns
       - EntityReturnImpl(entity=com.frenchies.tennisclub.entity.Court, querySpaceUid=<gen:0>, path=com.frenchies.tennisclub.entity.Court)
    - QuerySpaces
       - EntityQuerySpaceImpl(uid=<gen:0>, entity=com.frenchies.tennisclub.entity.Court)
          - SQL table alias mapping - court0_
          - alias suffix - 0_
          - suffixed key columns - {idCourt1_1_0_}

19:11:16.878 [main] DEBUG o.h.loader.entity.plan.EntityLoader - Static select for entity com.frenchies.tennisclub.entity.Court [PESSIMISTIC_FORCE_INCREMENT]: select court0_.idCourt as idCourt1_1_0_, court0_.latitude as latitude2_1_0_, court0_.longitude as longitud3_1_0_, court0_.status as status4_1_0_, court0_.type as type5_1_0_ from Court court0_ where court0_.idCourt=? for update with rs
19:11:16.879 [main] DEBUG o.h.l.p.b.i.spaces.QuerySpacesImpl - Adding QuerySpace : uid = <gen:0> -> org.hibernate.loader.plan.build.internal.spaces.EntityQuerySpaceImpl@38ed139b]
19:11:16.879 [main] DEBUG o.h.p.w.spi.MetamodelGraphWalker - Visiting attribute path : latitude
19:11:16.879 [main] DEBUG o.h.p.w.spi.MetamodelGraphWalker - Visiting attribute path : longitude
19:11:16.879 [main] DEBUG o.h.p.w.spi.MetamodelGraphWalker - Visiting attribute path : status
19:11:16.879 [main] DEBUG o.h.p.w.spi.MetamodelGraphWalker - Visiting attribute path : type
19:11:16.879 [main] DEBUG o.h.l.p.b.i.FetchStyleLoadPlanBuildingAssociationVisitationStrategy - Building LoadPlan...
19:11:16.879 [main] DEBUG o.h.l.p.e.i.LoadQueryJoinAndFetchProcessor - processing queryspace <gen:0>
19:11:16.879 [main] DEBUG o.h.l.p.b.spi.LoadPlanTreePrinter - LoadPlan(entity=com.frenchies.tennisclub.entity.Court)
    - Returns
       - EntityReturnImpl(entity=com.frenchies.tennisclub.entity.Court, querySpaceUid=<gen:0>, path=com.frenchies.tennisclub.entity.Court)
    - QuerySpaces
       - EntityQuerySpaceImpl(uid=<gen:0>, entity=com.frenchies.tennisclub.entity.Court)
          - SQL table alias mapping - court0_
          - alias suffix - 0_
          - suffixed key columns - {idCourt1_1_0_}

19:11:16.879 [main] DEBUG o.h.loader.entity.plan.EntityLoader - Static select for entity com.frenchies.tennisclub.entity.Court [OPTIMISTIC]: select court0_.idCourt as idCourt1_1_0_, court0_.latitude as latitude2_1_0_, court0_.longitude as longitud3_1_0_, court0_.status as status4_1_0_, court0_.type as type5_1_0_ from Court court0_ where court0_.idCourt=?
19:11:16.879 [main] DEBUG o.h.l.p.b.i.spaces.QuerySpacesImpl - Adding QuerySpace : uid = <gen:0> -> org.hibernate.loader.plan.build.internal.spaces.EntityQuerySpaceImpl@58ba5b30]
19:11:16.879 [main] DEBUG o.h.p.w.spi.MetamodelGraphWalker - Visiting attribute path : latitude
19:11:16.880 [main] DEBUG o.h.p.w.spi.MetamodelGraphWalker - Visiting attribute path : longitude
19:11:16.880 [main] DEBUG o.h.p.w.spi.MetamodelGraphWalker - Visiting attribute path : status
19:11:16.880 [main] DEBUG o.h.p.w.spi.MetamodelGraphWalker - Visiting attribute path : type
19:11:16.880 [main] DEBUG o.h.l.p.b.i.FetchStyleLoadPlanBuildingAssociationVisitationStrategy - Building LoadPlan...
19:11:16.880 [main] DEBUG o.h.l.p.e.i.LoadQueryJoinAndFetchProcessor - processing queryspace <gen:0>
19:11:16.880 [main] DEBUG o.h.l.p.b.spi.LoadPlanTreePrinter - LoadPlan(entity=com.frenchies.tennisclub.entity.Court)
    - Returns
       - EntityReturnImpl(entity=com.frenchies.tennisclub.entity.Court, querySpaceUid=<gen:0>, path=com.frenchies.tennisclub.entity.Court)
    - QuerySpaces
       - EntityQuerySpaceImpl(uid=<gen:0>, entity=com.frenchies.tennisclub.entity.Court)
          - SQL table alias mapping - court0_
          - alias suffix - 0_
          - suffixed key columns - {idCourt1_1_0_}

19:11:16.880 [main] DEBUG o.h.loader.entity.plan.EntityLoader - Static select for entity com.frenchies.tennisclub.entity.Court [OPTIMISTIC_FORCE_INCREMENT]: select court0_.idCourt as idCourt1_1_0_, court0_.latitude as latitude2_1_0_, court0_.longitude as longitud3_1_0_, court0_.status as status4_1_0_, court0_.type as type5_1_0_ from Court court0_ where court0_.idCourt=?
19:11:16.881 [main] DEBUG org.hibernate.loader.Loader - Static select for action ACTION_MERGE on entity com.frenchies.tennisclub.entity.Court: select court0_.idCourt as idCourt1_1_0_, court0_.latitude as latitude2_1_0_, court0_.longitude as longitud3_1_0_, court0_.status as status4_1_0_, court0_.type as type5_1_0_ from Court court0_ where court0_.idCourt=?
19:11:16.881 [main] DEBUG org.hibernate.loader.Loader - Static select for action ACTION_REFRESH on entity com.frenchies.tennisclub.entity.Court: select court0_.idCourt as idCourt1_1_0_, court0_.latitude as latitude2_1_0_, court0_.longitude as longitud3_1_0_, court0_.status as status4_1_0_, court0_.type as type5_1_0_ from Court court0_ where court0_.idCourt=?
19:11:16.886 [main] DEBUG o.h.internal.SessionFactoryRegistry - Initializing SessionFactoryRegistry : org.hibernate.internal.SessionFactoryRegistry@53cf9c99
19:11:16.886 [main] DEBUG o.h.internal.SessionFactoryRegistry - Registering SessionFactory: 47d17645-bed4-4a71-8687-1583ab3217f0 (<unnamed>)
19:11:16.886 [main] DEBUG o.h.internal.SessionFactoryRegistry - Not binding SessionFactory to JNDI, no JNDI name configured
19:11:16.886 [main] DEBUG o.h.internal.SessionFactoryImpl - Instantiated session factory
19:11:16.891 [main] DEBUG org.hibernate.cfg.Configuration - Processing hbm.xml files
19:11:16.891 [main] DEBUG org.hibernate.cfg.Configuration - Process annotated classes
19:11:16.891 [main] DEBUG org.hibernate.cfg.Configuration - Processing fk mappings (*ToOne and JoinedSubclass)
19:11:16.891 [main] DEBUG org.hibernate.cfg.Configuration - Processing extends queue
19:11:16.891 [main] DEBUG org.hibernate.cfg.Configuration - Processing extends queue
19:11:16.891 [main] DEBUG org.hibernate.cfg.Configuration - Processing collection mappings
19:11:16.891 [main] DEBUG org.hibernate.cfg.Configuration - Processing native query and ResultSetMapping mappings
19:11:16.891 [main] DEBUG org.hibernate.cfg.Configuration - Processing association property references
19:11:16.891 [main] DEBUG org.hibernate.cfg.Configuration - Creating tables' unique integer identifiers
19:11:16.891 [main] DEBUG org.hibernate.cfg.Configuration - Processing foreign key constraints
19:11:16.891 [main] DEBUG org.hibernate.cfg.Configuration - Resolving reference to class: com.frenchies.tennisclub.entity.User
19:11:16.891 [main] DEBUG org.hibernate.cfg.Configuration - Resolving reference to class: com.frenchies.tennisclub.entity.User
19:11:16.892 [main] DEBUG o.h.i.f.i.DefaultIdentifierGeneratorFactory - Setting dialect [org.hibernate.dialect.DerbyTenSevenDialect]
19:11:16.892 [main] DEBUG o.h.i.f.i.DefaultIdentifierGeneratorFactory - Setting dialect [org.hibernate.dialect.DerbyTenSevenDialect]
19:11:16.892 [main] DEBUG o.h.i.f.i.DefaultIdentifierGeneratorFactory - Setting dialect [org.hibernate.dialect.DerbyTenSevenDialect]
19:11:16.892 [main] DEBUG org.hibernate.cfg.Configuration - Processing hbm.xml files
19:11:16.892 [main] DEBUG org.hibernate.cfg.Configuration - Process annotated classes
19:11:16.892 [main] DEBUG org.hibernate.cfg.Configuration - Processing fk mappings (*ToOne and JoinedSubclass)
19:11:16.892 [main] DEBUG org.hibernate.cfg.Configuration - Processing extends queue
19:11:16.892 [main] DEBUG org.hibernate.cfg.Configuration - Processing extends queue
19:11:16.892 [main] DEBUG org.hibernate.cfg.Configuration - Processing collection mappings
19:11:16.892 [main] DEBUG org.hibernate.cfg.Configuration - Processing native query and ResultSetMapping mappings
19:11:16.892 [main] DEBUG org.hibernate.cfg.Configuration - Processing association property references
19:11:16.892 [main] DEBUG org.hibernate.cfg.Configuration - Creating tables' unique integer identifiers
19:11:16.892 [main] DEBUG org.hibernate.cfg.Configuration - Processing foreign key constraints
19:11:16.892 [main] DEBUG org.hibernate.cfg.Configuration - Resolving reference to class: com.frenchies.tennisclub.entity.User
19:11:16.892 [main] DEBUG org.hibernate.cfg.Configuration - Resolving reference to class: com.frenchies.tennisclub.entity.User
19:11:16.892 [main] DEBUG o.h.i.f.i.DefaultIdentifierGeneratorFactory - Setting dialect [org.hibernate.dialect.DerbyTenSevenDialect]
19:11:16.893 [main] DEBUG o.h.i.f.i.DefaultIdentifierGeneratorFactory - Setting dialect [org.hibernate.dialect.DerbyTenSevenDialect]
19:11:16.893 [main] DEBUG o.h.i.f.i.DefaultIdentifierGeneratorFactory - Setting dialect [org.hibernate.dialect.DerbyTenSevenDialect]
19:11:16.894 [main] DEBUG o.h.i.f.i.DefaultIdentifierGeneratorFactory - Setting dialect [org.hibernate.dialect.DerbyTenSevenDialect]
19:11:16.894 [main] DEBUG o.h.i.f.i.DefaultIdentifierGeneratorFactory - Setting dialect [org.hibernate.dialect.DerbyTenSevenDialect]
19:11:16.894 [main] DEBUG o.h.i.f.i.DefaultIdentifierGeneratorFactory - Setting dialect [org.hibernate.dialect.DerbyTenSevenDialect]
19:11:16.895 [main] INFO  o.h.tool.hbm2ddl.SchemaExport - HHH000227: Running hbm2ddl schema export
19:11:16.896 [main] DEBUG o.h.tool.hbm2ddl.SchemaExport - Import file not found: /import.sql
19:11:16.897 [main] DEBUG o.s.j.d.SimpleDriverDataSource - Creating new JDBC Driver Connection to [jdbc:derby:memory:testdb;create=true]
19:11:16.899 [main] DEBUG org.hibernate.SQL - 
    alter table Booking 
        drop constraint FK_lmol5h11bykg4uwy61b6cifhw
Hibernate: 
    alter table Booking 
        drop constraint FK_lmol5h11bykg4uwy61b6cifhw
19:11:16.910 [main] ERROR o.h.tool.hbm2ddl.SchemaExport - HHH000389: Unsuccessful: alter table Booking drop constraint FK_lmol5h11bykg4uwy61b6cifhw
19:11:16.910 [main] ERROR o.h.tool.hbm2ddl.SchemaExport - Schema 'SA' does not exist
19:11:16.910 [main] DEBUG org.hibernate.SQL - 
    alter table Booking 
        drop constraint FK_q2d49fbae7fc7vcyt1pnwgtvu
Hibernate: 
    alter table Booking 
        drop constraint FK_q2d49fbae7fc7vcyt1pnwgtvu
19:11:16.911 [main] ERROR o.h.tool.hbm2ddl.SchemaExport - HHH000389: Unsuccessful: alter table Booking drop constraint FK_q2d49fbae7fc7vcyt1pnwgtvu
19:11:16.911 [main] ERROR o.h.tool.hbm2ddl.SchemaExport - Schema 'SA' does not exist
19:11:16.911 [main] DEBUG org.hibernate.SQL - 
    drop table Booking
Hibernate: 
    drop table Booking
19:11:16.915 [main] ERROR o.h.tool.hbm2ddl.SchemaExport - HHH000389: Unsuccessful: drop table Booking
19:11:16.915 [main] ERROR o.h.tool.hbm2ddl.SchemaExport - Schema 'SA' does not exist
19:11:16.915 [main] DEBUG org.hibernate.SQL - 
    drop table Court
Hibernate: 
    drop table Court
19:11:16.916 [main] ERROR o.h.tool.hbm2ddl.SchemaExport - HHH000389: Unsuccessful: drop table Court
19:11:16.916 [main] ERROR o.h.tool.hbm2ddl.SchemaExport - Schema 'SA' does not exist
19:11:16.916 [main] DEBUG org.hibernate.SQL - 
    drop table Users
Hibernate: 
    drop table Users
19:11:16.916 [main] ERROR o.h.tool.hbm2ddl.SchemaExport - HHH000389: Unsuccessful: drop table Users
19:11:16.916 [main] ERROR o.h.tool.hbm2ddl.SchemaExport - Schema 'SA' does not exist
19:11:16.916 [main] DEBUG org.hibernate.SQL - 
    create table Booking (
        idBooking bigint generated by default as identity,
        dateOfBooking timestamp not null,
        hourOfBooking varchar(255) not null,
        idCourt bigint not null,
        user1_id bigint not null,
        user2_id bigint not null,
        primary key (idBooking)
    )
Hibernate: 
    create table Booking (
        idBooking bigint generated by default as identity,
        dateOfBooking timestamp not null,
        hourOfBooking varchar(255) not null,
        idCourt bigint not null,
        user1_id bigint not null,
        user2_id bigint not null,
        primary key (idBooking)
    )
19:11:16.950 [main] DEBUG org.hibernate.SQL - 
    create table Court (
        idCourt bigint generated by default as identity,
        latitude float not null,
        longitude float not null,
        status varchar(255) not null,
        type varchar(255) not null,
        primary key (idCourt)
    )
Hibernate: 
    create table Court (
        idCourt bigint generated by default as identity,
        latitude float not null,
        longitude float not null,
        status varchar(255) not null,
        type varchar(255) not null,
        primary key (idCourt)
    )
19:11:16.957 [main] DEBUG org.hibernate.SQL - 
    create table Users (
        id bigint generated by default as identity,
        admin boolean not null,
        dateOfBirth date not null,
        login varchar(255) not null,
        mail varchar(255) not null,
        name varchar(255) not null,
        passwordHash varchar(255),
        phone varchar(255) not null,
        surname varchar(255) not null,
        primary key (id)
    )
Hibernate: 
    create table Users (
        id bigint generated by default as identity,
        admin boolean not null,
        dateOfBirth date not null,
        login varchar(255) not null,
        mail varchar(255) not null,
        name varchar(255) not null,
        passwordHash varchar(255),
        phone varchar(255) not null,
        surname varchar(255) not null,
        primary key (id)
    )
19:11:16.964 [main] DEBUG org.hibernate.SQL - 
    alter table Users 
        add constraint UK_4lksqvm90j64k5ohpk4ydcfhu unique (mail)
Hibernate: 
    alter table Users 
        add constraint UK_4lksqvm90j64k5ohpk4ydcfhu unique (mail)
19:11:16.985 [main] DEBUG org.hibernate.SQL - 
    alter table Booking 
        add constraint FK_lmol5h11bykg4uwy61b6cifhw 
        foreign key (user1_id) 
        references Users
Hibernate: 
    alter table Booking 
        add constraint FK_lmol5h11bykg4uwy61b6cifhw 
        foreign key (user1_id) 
        references Users
19:11:17.008 [main] DEBUG org.hibernate.SQL - 
    alter table Booking 
        add constraint FK_q2d49fbae7fc7vcyt1pnwgtvu 
        foreign key (user2_id) 
        references Users
Hibernate: 
    alter table Booking 
        add constraint FK_q2d49fbae7fc7vcyt1pnwgtvu 
        foreign key (user2_id) 
        references Users
19:11:17.027 [main] DEBUG o.h.e.jdbc.spi.SqlExceptionHelper - SQL Warning
java.sql.SQLWarning: Database 'memory:testdb' not created, connection made to existing database instead.
	at org.apache.derby.iapi.error.SQLWarningFactory.newSQLWarning(Unknown Source) ~[derby-10.10.2.0.jar:na]
	at org.apache.derby.iapi.error.SQLWarningFactory.newSQLWarning(Unknown Source) ~[derby-10.10.2.0.jar:na]
	at org.apache.derby.impl.jdbc.EmbedConnection.<init>(Unknown Source) ~[derby-10.10.2.0.jar:na]
	at org.apache.derby.impl.jdbc.EmbedConnection40.<init>(Unknown Source) ~[derby-10.10.2.0.jar:na]
	at org.apache.derby.jdbc.Driver40.getNewEmbedConnection(Unknown Source) ~[derby-10.10.2.0.jar:na]
	at org.apache.derby.jdbc.InternalDriver.connect(Unknown Source) ~[derby-10.10.2.0.jar:na]
	at org.apache.derby.jdbc.Driver20.connect(Unknown Source) ~[derby-10.10.2.0.jar:na]
	at org.apache.derby.jdbc.EmbeddedDriver.connect(Unknown Source) ~[derby-10.10.2.0.jar:na]
	at org.springframework.jdbc.datasource.SimpleDriverDataSource.getConnectionFromDriver(SimpleDriverDataSource.java:140) ~[spring-jdbc-4.1.8.RELEASE.jar:4.1.8.RELEASE]
	at org.springframework.jdbc.datasource.AbstractDriverBasedDataSource.getConnectionFromDriver(AbstractDriverBasedDataSource.java:155) ~[spring-jdbc-4.1.8.RELEASE.jar:4.1.8.RELEASE]
	at org.springframework.jdbc.datasource.AbstractDriverBasedDataSource.getConnection(AbstractDriverBasedDataSource.java:120) ~[spring-jdbc-4.1.8.RELEASE.jar:4.1.8.RELEASE]
	at org.springframework.jdbc.datasource.embedded.EmbeddedDatabaseFactory$EmbeddedDataSourceProxy.getConnection(EmbeddedDatabaseFactory.java:204) ~[spring-jdbc-4.1.8.RELEASE.jar:4.1.8.RELEASE]
	at org.hibernate.engine.jdbc.connections.internal.DatasourceConnectionProviderImpl.getConnection(DatasourceConnectionProviderImpl.java:139) ~[hibernate-core-4.3.11.Final.jar:4.3.11.Final]
	at org.hibernate.tool.hbm2ddl.SuppliedConnectionProviderConnectionHelper.prepare(SuppliedConnectionProviderConnectionHelper.java:51) ~[hibernate-core-4.3.11.Final.jar:4.3.11.Final]
	at org.hibernate.tool.hbm2ddl.DatabaseExporter.<init>(DatabaseExporter.java:52) ~[hibernate-core-4.3.11.Final.jar:4.3.11.Final]
	at org.hibernate.tool.hbm2ddl.SchemaExport.execute(SchemaExport.java:368) ~[hibernate-core-4.3.11.Final.jar:4.3.11.Final]
	at org.hibernate.tool.hbm2ddl.SchemaExport.create(SchemaExport.java:305) ~[hibernate-core-4.3.11.Final.jar:4.3.11.Final]
	at org.hibernate.tool.hbm2ddl.SchemaExport.create(SchemaExport.java:294) ~[hibernate-core-4.3.11.Final.jar:4.3.11.Final]
	at org.hibernate.internal.SessionFactoryImpl.<init>(SessionFactoryImpl.java:517) ~[hibernate-core-4.3.11.Final.jar:4.3.11.Final]
	at org.hibernate.cfg.Configuration.buildSessionFactory(Configuration.java:1859) [hibernate-core-4.3.11.Final.jar:4.3.11.Final]
	at org.hibernate.jpa.boot.internal.EntityManagerFactoryBuilderImpl$4.perform(EntityManagerFactoryBuilderImpl.java:857) [hibernate-entitymanager-4.3.11.Final.jar:4.3.11.Final]
	at org.hibernate.jpa.boot.internal.EntityManagerFactoryBuilderImpl$4.perform(EntityManagerFactoryBuilderImpl.java:850) [hibernate-entitymanager-4.3.11.Final.jar:4.3.11.Final]
	at org.hibernate.boot.registry.classloading.internal.ClassLoaderServiceImpl.withTccl(ClassLoaderServiceImpl.java:425) [hibernate-core-4.3.11.Final.jar:4.3.11.Final]
	at org.hibernate.jpa.boot.internal.EntityManagerFactoryBuilderImpl.build(EntityManagerFactoryBuilderImpl.java:849) [hibernate-entitymanager-4.3.11.Final.jar:4.3.11.Final]
	at org.hibernate.jpa.HibernatePersistenceProvider.createContainerEntityManagerFactory(HibernatePersistenceProvider.java:152) [hibernate-entitymanager-4.3.11.Final.jar:4.3.11.Final]
	at org.springframework.orm.jpa.LocalContainerEntityManagerFactoryBean.createNativeEntityManagerFactory(LocalContainerEntityManagerFactoryBean.java:343) [spring-orm-4.1.8.RELEASE.jar:4.1.8.RELEASE]
	at org.springframework.orm.jpa.AbstractEntityManagerFactoryBean.afterPropertiesSet(AbstractEntityManagerFactoryBean.java:318) [spring-orm-4.1.8.RELEASE.jar:4.1.8.RELEASE]
	at org.springframework.beans.factory.support.AbstractAutowireCapableBeanFactory.invokeInitMethods(AbstractAutowireCapableBeanFactory.java:1631) [spring-beans-4.1.8.RELEASE.jar:4.1.8.RELEASE]
	at org.springframework.beans.factory.support.AbstractAutowireCapableBeanFactory.initializeBean(AbstractAutowireCapableBeanFactory.java:1568) [spring-beans-4.1.8.RELEASE.jar:4.1.8.RELEASE]
	at org.springframework.beans.factory.support.AbstractAutowireCapableBeanFactory.doCreateBean(AbstractAutowireCapableBeanFactory.java:539) [spring-beans-4.1.8.RELEASE.jar:4.1.8.RELEASE]
	at org.springframework.beans.factory.support.AbstractAutowireCapableBeanFactory.createBean(AbstractAutowireCapableBeanFactory.java:476) [spring-beans-4.1.8.RELEASE.jar:4.1.8.RELEASE]
	at org.springframework.beans.factory.support.AbstractBeanFactory$1.getObject(AbstractBeanFactory.java:303) [spring-beans-4.1.8.RELEASE.jar:4.1.8.RELEASE]
	at org.springframework.beans.factory.support.DefaultSingletonBeanRegistry.getSingleton(DefaultSingletonBeanRegistry.java:230) [spring-beans-4.1.8.RELEASE.jar:4.1.8.RELEASE]
	at org.springframework.beans.factory.support.AbstractBeanFactory.doGetBean(AbstractBeanFactory.java:299) [spring-beans-4.1.8.RELEASE.jar:4.1.8.RELEASE]
	at org.springframework.beans.factory.support.AbstractBeanFactory.getBean(AbstractBeanFactory.java:194) [spring-beans-4.1.8.RELEASE.jar:4.1.8.RELEASE]
	at org.springframework.context.support.AbstractApplicationContext.getBean(AbstractApplicationContext.java:960) [spring-context-4.1.8.RELEASE.jar:4.1.8.RELEASE]
	at org.springframework.context.support.AbstractApplicationContext.finishBeanFactoryInitialization(AbstractApplicationContext.java:749) [spring-context-4.1.8.RELEASE.jar:4.1.8.RELEASE]
	at org.springframework.context.support.AbstractApplicationContext.refresh(AbstractApplicationContext.java:480) [spring-context-4.1.8.RELEASE.jar:4.1.8.RELEASE]
	at org.springframework.test.context.support.AbstractGenericContextLoader.loadContext(AbstractGenericContextLoader.java:125) [spring-test-4.1.8.RELEASE.jar:4.1.8.RELEASE]
	at org.springframework.test.context.support.AbstractGenericContextLoader.loadContext(AbstractGenericContextLoader.java:60) [spring-test-4.1.8.RELEASE.jar:4.1.8.RELEASE]
	at org.springframework.test.context.support.AbstractDelegatingSmartContextLoader.delegateLoading(AbstractDelegatingSmartContextLoader.java:109) [spring-test-4.1.8.RELEASE.jar:4.1.8.RELEASE]
	at org.springframework.test.context.support.AbstractDelegatingSmartContextLoader.loadContext(AbstractDelegatingSmartContextLoader.java:261) [spring-test-4.1.8.RELEASE.jar:4.1.8.RELEASE]
	at org.springframework.test.context.DefaultCacheAwareContextLoaderDelegate.loadContextInternal(DefaultCacheAwareContextLoaderDelegate.java:68) [spring-test-4.1.8.RELEASE.jar:4.1.8.RELEASE]
	at org.springframework.test.context.DefaultCacheAwareContextLoaderDelegate.loadContext(DefaultCacheAwareContextLoaderDelegate.java:86) [spring-test-4.1.8.RELEASE.jar:4.1.8.RELEASE]
	at org.springframework.test.context.DefaultTestContext.getApplicationContext(DefaultTestContext.java:72) [spring-test-4.1.8.RELEASE.jar:4.1.8.RELEASE]
	at org.springframework.test.context.support.DependencyInjectionTestExecutionListener.injectDependencies(DependencyInjectionTestExecutionListener.java:117) [spring-test-4.1.8.RELEASE.jar:4.1.8.RELEASE]
	at org.springframework.test.context.support.DependencyInjectionTestExecutionListener.prepareTestInstance(DependencyInjectionTestExecutionListener.java:83) [spring-test-4.1.8.RELEASE.jar:4.1.8.RELEASE]
	at org.springframework.test.context.TestContextManager.prepareTestInstance(TestContextManager.java:212) [spring-test-4.1.8.RELEASE.jar:4.1.8.RELEASE]
	at org.springframework.test.context.testng.AbstractTestNGSpringContextTests.springTestContextPrepareTestInstance(AbstractTestNGSpringContextTests.java:145) [spring-test-4.1.8.RELEASE.jar:4.1.8.RELEASE]
	at sun.reflect.NativeMethodAccessorImpl.invoke0(Native Method) ~[na:1.8.0_151]
	at sun.reflect.NativeMethodAccessorImpl.invoke(NativeMethodAccessorImpl.java:62) ~[na:1.8.0_151]
	at sun.reflect.DelegatingMethodAccessorImpl.invoke(DelegatingMethodAccessorImpl.java:43) ~[na:1.8.0_151]
	at java.lang.reflect.Method.invoke(Method.java:498) ~[na:1.8.0_151]
	at org.testng.internal.MethodInvocationHelper.invokeMethod(MethodInvocationHelper.java:84) [testng-6.8.8.jar:na]
	at org.testng.internal.Invoker.invokeConfigurationMethod(Invoker.java:564) [testng-6.8.8.jar:na]
	at org.testng.internal.Invoker.invokeConfigurations(Invoker.java:213) [testng-6.8.8.jar:na]
	at org.testng.internal.Invoker.invokeConfigurations(Invoker.java:138) [testng-6.8.8.jar:na]
	at org.testng.internal.TestMethodWorker.invokeBeforeClassMethods(TestMethodWorker.java:175) [testng-6.8.8.jar:na]
	at org.testng.internal.TestMethodWorker.run(TestMethodWorker.java:107) [testng-6.8.8.jar:na]
	at org.testng.TestRunner.privateRun(TestRunner.java:767) [testng-6.8.8.jar:na]
	at org.testng.TestRunner.run(TestRunner.java:617) [testng-6.8.8.jar:na]
	at org.testng.SuiteRunner.runTest(SuiteRunner.java:348) [testng-6.8.8.jar:na]
	at org.testng.SuiteRunner.runSequentially(SuiteRunner.java:343) [testng-6.8.8.jar:na]
	at org.testng.SuiteRunner.privateRun(SuiteRunner.java:305) [testng-6.8.8.jar:na]
	at org.testng.SuiteRunner.run(SuiteRunner.java:254) [testng-6.8.8.jar:na]
	at org.testng.SuiteRunnerWorker.runSuite(SuiteRunnerWorker.java:52) [testng-6.8.8.jar:na]
	at org.testng.SuiteRunnerWorker.run(SuiteRunnerWorker.java:86) [testng-6.8.8.jar:na]
	at org.testng.TestNG.runSuitesSequentially(TestNG.java:1224) [testng-6.8.8.jar:na]
	at org.testng.TestNG.runSuitesLocally(TestNG.java:1149) [testng-6.8.8.jar:na]
	at org.testng.TestNG.run(TestNG.java:1057) [testng-6.8.8.jar:na]
	at org.apache.maven.surefire.testng.TestNGExecutor.run(TestNGExecutor.java:115) [surefire-testng-2.17.jar:2.17]
	at org.apache.maven.surefire.testng.TestNGDirectoryTestSuite.executeMulti(TestNGDirectoryTestSuite.java:204) [surefire-testng-2.17.jar:2.17]
	at org.apache.maven.surefire.testng.TestNGDirectoryTestSuite.execute(TestNGDirectoryTestSuite.java:107) [surefire-testng-2.17.jar:2.17]
	at org.apache.maven.surefire.testng.TestNGProvider.invoke(TestNGProvider.java:112) [surefire-testng-2.17.jar:2.17]
	at org.apache.maven.surefire.booter.ForkedBooter.invokeProviderInSameClassLoader(ForkedBooter.java:200) [surefire-booter-2.17.jar:2.17]
	at org.apache.maven.surefire.booter.ForkedBooter.runSuitesInProcess(ForkedBooter.java:153) [surefire-booter-2.17.jar:2.17]
	at org.apache.maven.surefire.booter.ForkedBooter.main(ForkedBooter.java:103) [surefire-booter-2.17.jar:2.17]
19:11:17.029 [main] WARN  o.h.e.jdbc.spi.SqlExceptionHelper - SQL Warning Code: 10000, SQLState: 01J01
19:11:17.029 [main] WARN  o.h.e.jdbc.spi.SqlExceptionHelper - Database 'memory:testdb' not created, connection made to existing database instead.
19:11:17.030 [main] INFO  o.h.tool.hbm2ddl.SchemaExport - HHH000230: Schema export complete
19:11:17.030 [main] DEBUG o.h.internal.NamedQueryRepository - Checking 0 named HQL queries
19:11:17.030 [main] DEBUG o.h.internal.NamedQueryRepository - Checking 0 named SQL queries
19:11:17.035 [main] DEBUG o.h.s.internal.StatisticsInitiator - Statistics initialized [enabled=false]
19:11:17.038 [main] DEBUG o.h.j.i.schemagen.JpaSchemaGenerator - No actions specified; doing nothing
19:11:17.063 [main] DEBUG o.h.j.i.EntityManagerFactoryRegistry - Initializing EntityManagerFactoryRegistry : org.hibernate.jpa.internal.EntityManagerFactoryRegistry@514de325
19:11:17.063 [main] DEBUG o.h.j.i.EntityManagerFactoryRegistry - Registering EntityManagerFactory: default 
19:11:17.066 [main] DEBUG o.s.b.f.s.DefaultListableBeanFactory - Returning cached instance of singleton bean 'org.springframework.transaction.config.internalTransactionAdvisor'
19:11:17.066 [main] DEBUG o.s.b.f.s.DefaultListableBeanFactory - Finished creating instance of bean 'entityManagerFactory'
19:11:17.067 [main] DEBUG o.s.b.f.s.DefaultListableBeanFactory - Pre-instantiating singletons in org.springframework.beans.factory.support.DefaultListableBeanFactory@4a22f9e2: defining beans [org.springframework.context.annotation.internalConfigurationAnnotationProcessor,org.springframework.context.annotation.internalAutowiredAnnotationProcessor,org.springframework.context.annotation.internalRequiredAnnotationProcessor,org.springframework.context.annotation.internalCommonAnnotationProcessor,org.springframework.context.annotation.internalPersistenceAnnotationProcessor,serviceConfiguration,org.springframework.context.annotation.ConfigurationClassPostProcessor.importAwareProcessor,org.springframework.context.annotation.ConfigurationClassPostProcessor.enhancedConfigurationProcessor,userServiceImpl,bookingServiceImpl,courtFacadeImpl,userFacadeImpl,bookingFacadeImpl,timeServiceImpl,courtServiceImpl,beanMappingServiceImpl,userDaoImpl,bookingDaoImpl,courtDaoImpl,org.springframework.transaction.annotation.ProxyTransactionManagementConfiguration,org.springframework.transaction.config.internalTransactionAdvisor,transactionAttributeSource,transactionInterceptor,com.frenchies.tennisclub.PersistenceSampleApplicationContext,transactionManager,db,entityManagerFactory,localValidatorFactoryBean,instrumentationLoadTimeWeaver,org.springframework.aop.config.internalAutoProxyCreator,org.springframework.data.jpa.repository.config.JpaRepositoryConfigExtension#0,org.springframework.data.repository.core.support.RepositoryInterfaceAwareBeanPostProcessor,foo,jpaMappingContext,dozer,org.springframework.orm.jpa.SharedEntityManagerCreator#0]; root of factory hierarchy
19:11:17.067 [main] DEBUG o.s.b.f.s.DefaultListableBeanFactory - Returning cached instance of singleton bean 'org.springframework.context.annotation.internalConfigurationAnnotationProcessor'
19:11:17.067 [main] DEBUG o.s.b.f.s.DefaultListableBeanFactory - Returning cached instance of singleton bean 'org.springframework.context.annotation.internalAutowiredAnnotationProcessor'
19:11:17.067 [main] DEBUG o.s.b.f.s.DefaultListableBeanFactory - Returning cached instance of singleton bean 'org.springframework.context.annotation.internalRequiredAnnotationProcessor'
19:11:17.067 [main] DEBUG o.s.b.f.s.DefaultListableBeanFactory - Returning cached instance of singleton bean 'org.springframework.context.annotation.internalCommonAnnotationProcessor'
19:11:17.067 [main] DEBUG o.s.b.f.s.DefaultListableBeanFactory - Returning cached instance of singleton bean 'org.springframework.context.annotation.internalPersistenceAnnotationProcessor'
19:11:17.067 [main] DEBUG o.s.b.f.s.DefaultListableBeanFactory - Creating shared instance of singleton bean 'serviceConfiguration'
19:11:17.067 [main] DEBUG o.s.b.f.s.DefaultListableBeanFactory - Creating instance of bean 'serviceConfiguration'
19:11:17.067 [main] DEBUG o.s.b.f.s.DefaultListableBeanFactory - Eagerly caching bean 'serviceConfiguration' to allow for resolving potential circular references
19:11:17.069 [main] DEBUG o.s.b.f.s.DefaultListableBeanFactory - Returning cached instance of singleton bean 'org.springframework.transaction.config.internalTransactionAdvisor'
19:11:17.069 [main] DEBUG o.s.b.f.s.DefaultListableBeanFactory - Finished creating instance of bean 'serviceConfiguration'
19:11:17.069 [main] DEBUG o.s.b.f.s.DefaultListableBeanFactory - Returning cached instance of singleton bean 'org.springframework.context.annotation.ConfigurationClassPostProcessor.importAwareProcessor'
19:11:17.069 [main] DEBUG o.s.b.f.s.DefaultListableBeanFactory - Returning cached instance of singleton bean 'org.springframework.context.annotation.ConfigurationClassPostProcessor.enhancedConfigurationProcessor'
19:11:17.069 [main] DEBUG o.s.b.f.s.DefaultListableBeanFactory - Creating shared instance of singleton bean 'userServiceImpl'
19:11:17.069 [main] DEBUG o.s.b.f.s.DefaultListableBeanFactory - Creating instance of bean 'userServiceImpl'
19:11:17.071 [main] DEBUG o.s.b.f.annotation.InjectionMetadata - Registered injected element on class [com.frenchies.tennisclub.service.UserServiceImpl]: AutowiredFieldElement for private com.frenchies.tennisclub.dao.UserDao com.frenchies.tennisclub.service.UserServiceImpl.userDao
19:11:17.071 [main] DEBUG o.s.b.f.s.DefaultListableBeanFactory - Eagerly caching bean 'userServiceImpl' to allow for resolving potential circular references
19:11:17.073 [main] DEBUG o.s.b.f.annotation.InjectionMetadata - Processing injected element of bean 'userServiceImpl': AutowiredFieldElement for private com.frenchies.tennisclub.dao.UserDao com.frenchies.tennisclub.service.UserServiceImpl.userDao
19:11:17.075 [main] DEBUG o.s.b.f.s.DefaultListableBeanFactory - Creating shared instance of singleton bean 'userDaoImpl'
19:11:17.075 [main] DEBUG o.s.b.f.s.DefaultListableBeanFactory - Creating instance of bean 'userDaoImpl'
19:11:17.078 [main] DEBUG o.s.b.f.annotation.InjectionMetadata - Registered injected element on class [com.frenchies.tennisclub.dao.UserDaoImpl]: PersistenceElement for private javax.persistence.EntityManager com.frenchies.tennisclub.dao.UserDaoImpl.em
19:11:17.078 [main] DEBUG o.s.b.f.s.DefaultListableBeanFactory - Eagerly caching bean 'userDaoImpl' to allow for resolving potential circular references
19:11:17.079 [main] DEBUG o.s.b.f.annotation.InjectionMetadata - Processing injected element of bean 'userDaoImpl': PersistenceElement for private javax.persistence.EntityManager com.frenchies.tennisclub.dao.UserDaoImpl.em
19:11:17.079 [main] DEBUG o.s.b.f.s.DefaultListableBeanFactory - Returning cached instance of singleton bean 'entityManagerFactory'
19:11:17.079 [main] DEBUG o.s.b.f.s.DefaultListableBeanFactory - Returning cached instance of singleton bean 'org.springframework.transaction.config.internalTransactionAdvisor'
19:11:17.086 [main] DEBUG o.s.b.f.s.DefaultListableBeanFactory - Returning cached instance of singleton bean 'org.springframework.transaction.config.internalTransactionAdvisor'
19:11:17.086 [main] DEBUG o.s.b.f.s.DefaultListableBeanFactory - Finished creating instance of bean 'userDaoImpl'
19:11:17.087 [main] DEBUG o.s.b.f.a.AutowiredAnnotationBeanPostProcessor - Autowiring by type from bean name 'userServiceImpl' to bean named 'userDaoImpl'
19:11:17.087 [main] DEBUG o.s.b.f.s.DefaultListableBeanFactory - Returning cached instance of singleton bean 'org.springframework.transaction.config.internalTransactionAdvisor'
19:11:17.090 [main] DEBUG o.s.b.f.s.DefaultListableBeanFactory - Finished creating instance of bean 'userServiceImpl'
19:11:17.090 [main] DEBUG o.s.b.f.s.DefaultListableBeanFactory - Creating shared instance of singleton bean 'bookingServiceImpl'
19:11:17.090 [main] DEBUG o.s.b.f.s.DefaultListableBeanFactory - Creating instance of bean 'bookingServiceImpl'
19:11:17.091 [main] DEBUG o.s.b.f.annotation.InjectionMetadata - Registered injected element on class [com.frenchies.tennisclub.service.BookingServiceImpl]: AutowiredFieldElement for private com.frenchies.tennisclub.dao.BookingDao com.frenchies.tennisclub.service.BookingServiceImpl.BookingDao
19:11:17.091 [main] DEBUG o.s.b.f.annotation.InjectionMetadata - Registered injected element on class [com.frenchies.tennisclub.service.BookingServiceImpl]: AutowiredFieldElement for private com.frenchies.tennisclub.service.TimeService com.frenchies.tennisclub.service.BookingServiceImpl.timeService
19:11:17.091 [main] DEBUG o.s.b.f.s.DefaultListableBeanFactory - Eagerly caching bean 'bookingServiceImpl' to allow for resolving potential circular references
19:11:17.093 [main] DEBUG o.s.b.f.annotation.InjectionMetadata - Processing injected element of bean 'bookingServiceImpl': AutowiredFieldElement for private com.frenchies.tennisclub.dao.BookingDao com.frenchies.tennisclub.service.BookingServiceImpl.BookingDao
19:11:17.094 [main] DEBUG o.s.b.f.s.DefaultListableBeanFactory - Creating shared instance of singleton bean 'bookingDaoImpl'
19:11:17.094 [main] DEBUG o.s.b.f.s.DefaultListableBeanFactory - Creating instance of bean 'bookingDaoImpl'
19:11:17.095 [main] DEBUG o.s.b.f.annotation.InjectionMetadata - Registered injected element on class [com.frenchies.tennisclub.dao.BookingDaoImpl]: PersistenceElement for private javax.persistence.EntityManager com.frenchies.tennisclub.dao.BookingDaoImpl.em
19:11:17.095 [main] DEBUG o.s.b.f.s.DefaultListableBeanFactory - Eagerly caching bean 'bookingDaoImpl' to allow for resolving potential circular references
19:11:17.097 [main] DEBUG o.s.b.f.annotation.InjectionMetadata - Processing injected element of bean 'bookingDaoImpl': PersistenceElement for private javax.persistence.EntityManager com.frenchies.tennisclub.dao.BookingDaoImpl.em
19:11:17.097 [main] DEBUG o.s.b.f.s.DefaultListableBeanFactory - Returning cached instance of singleton bean 'entityManagerFactory'
19:11:17.098 [main] DEBUG o.s.b.f.s.DefaultListableBeanFactory - Returning cached instance of singleton bean 'org.springframework.transaction.config.internalTransactionAdvisor'
19:11:17.099 [main] DEBUG o.s.t.a.AnnotationTransactionAttributeSource - Adding transactional method 'BookingDaoImpl.getBookingsCreatedBetween' with attribute: PROPAGATION_REQUIRED,ISOLATION_DEFAULT; ''
19:11:17.101 [main] DEBUG o.s.a.f.a.InfrastructureAdvisorAutoProxyCreator - Creating implicit proxy for bean 'bookingDaoImpl' with 0 common interceptors and 1 specific interceptors
19:11:17.102 [main] DEBUG o.s.aop.framework.JdkDynamicAopProxy - Creating JDK dynamic proxy: target source is SingletonTargetSource for target object [com.frenchies.tennisclub.dao.BookingDaoImpl@2e5b7fba]
19:11:17.104 [main] DEBUG o.s.b.f.s.DefaultListableBeanFactory - Finished creating instance of bean 'bookingDaoImpl'
19:11:17.104 [main] DEBUG o.s.b.f.a.AutowiredAnnotationBeanPostProcessor - Autowiring by type from bean name 'bookingServiceImpl' to bean named 'bookingDaoImpl'
19:11:17.105 [main] DEBUG o.s.b.f.annotation.InjectionMetadata - Processing injected element of bean 'bookingServiceImpl': AutowiredFieldElement for private com.frenchies.tennisclub.service.TimeService com.frenchies.tennisclub.service.BookingServiceImpl.timeService
19:11:17.105 [main] DEBUG o.s.b.f.s.DefaultListableBeanFactory - Creating shared instance of singleton bean 'timeServiceImpl'
19:11:17.105 [main] DEBUG o.s.b.f.s.DefaultListableBeanFactory - Creating instance of bean 'timeServiceImpl'
19:11:17.105 [main] DEBUG o.s.b.f.s.DefaultListableBeanFactory - Eagerly caching bean 'timeServiceImpl' to allow for resolving potential circular references
19:11:17.106 [main] DEBUG o.s.b.f.s.DefaultListableBeanFactory - Returning cached instance of singleton bean 'org.springframework.transaction.config.internalTransactionAdvisor'
19:11:17.106 [main] DEBUG o.s.b.f.s.DefaultListableBeanFactory - Finished creating instance of bean 'timeServiceImpl'
19:11:17.106 [main] DEBUG o.s.b.f.a.AutowiredAnnotationBeanPostProcessor - Autowiring by type from bean name 'bookingServiceImpl' to bean named 'timeServiceImpl'
19:11:17.106 [main] DEBUG o.s.b.f.s.DefaultListableBeanFactory - Returning cached instance of singleton bean 'org.springframework.transaction.config.internalTransactionAdvisor'
19:11:17.116 [main] DEBUG o.s.b.f.s.DefaultListableBeanFactory - Finished creating instance of bean 'bookingServiceImpl'
19:11:17.116 [main] DEBUG o.s.b.f.s.DefaultListableBeanFactory - Creating shared instance of singleton bean 'courtFacadeImpl'
19:11:17.116 [main] DEBUG o.s.b.f.s.DefaultListableBeanFactory - Creating instance of bean 'courtFacadeImpl'
19:11:17.119 [main] DEBUG o.s.b.f.annotation.InjectionMetadata - Registered injected element on class [com.frenchies.tennisclub.service.facade.CourtFacadeImpl]: AutowiredFieldElement for private com.frenchies.tennisclub.service.CourtService com.frenchies.tennisclub.service.facade.CourtFacadeImpl.courtService
19:11:17.119 [main] DEBUG o.s.b.f.annotation.InjectionMetadata - Registered injected element on class [com.frenchies.tennisclub.service.facade.CourtFacadeImpl]: AutowiredFieldElement for private com.frenchies.tennisclub.mappers.BeanMappingService com.frenchies.tennisclub.service.facade.CourtFacadeImpl.beanMappingService
19:11:17.119 [main] DEBUG o.s.b.f.s.DefaultListableBeanFactory - Eagerly caching bean 'courtFacadeImpl' to allow for resolving potential circular references
19:11:17.120 [main] DEBUG o.s.b.f.annotation.InjectionMetadata - Processing injected element of bean 'courtFacadeImpl': AutowiredFieldElement for private com.frenchies.tennisclub.service.CourtService com.frenchies.tennisclub.service.facade.CourtFacadeImpl.courtService
19:11:17.121 [main] DEBUG o.s.b.f.s.DefaultListableBeanFactory - Creating shared instance of singleton bean 'courtServiceImpl'
19:11:17.121 [main] DEBUG o.s.b.f.s.DefaultListableBeanFactory - Creating instance of bean 'courtServiceImpl'
19:11:17.126 [main] DEBUG o.s.b.f.annotation.InjectionMetadata - Registered injected element on class [com.frenchies.tennisclub.service.CourtServiceImpl]: AutowiredFieldElement for private com.frenchies.tennisclub.dao.CourtDao com.frenchies.tennisclub.service.CourtServiceImpl.courtDao
19:11:17.127 [main] DEBUG o.s.b.f.s.DefaultListableBeanFactory - Eagerly caching bean 'courtServiceImpl' to allow for resolving potential circular references
19:11:17.128 [main] DEBUG o.s.b.f.annotation.InjectionMetadata - Processing injected element of bean 'courtServiceImpl': AutowiredFieldElement for private com.frenchies.tennisclub.dao.CourtDao com.frenchies.tennisclub.service.CourtServiceImpl.courtDao
19:11:17.129 [main] DEBUG o.s.b.f.s.DefaultListableBeanFactory - Creating shared instance of singleton bean 'courtDaoImpl'
19:11:17.129 [main] DEBUG o.s.b.f.s.DefaultListableBeanFactory - Creating instance of bean 'courtDaoImpl'
19:11:17.129 [main] DEBUG o.s.b.f.annotation.InjectionMetadata - Registered injected element on class [com.frenchies.tennisclub.dao.CourtDaoImpl]: PersistenceElement for private javax.persistence.EntityManager com.frenchies.tennisclub.dao.CourtDaoImpl.em
19:11:17.129 [main] DEBUG o.s.b.f.s.DefaultListableBeanFactory - Eagerly caching bean 'courtDaoImpl' to allow for resolving potential circular references
19:11:17.131 [main] DEBUG o.s.b.f.annotation.InjectionMetadata - Processing injected element of bean 'courtDaoImpl': PersistenceElement for private javax.persistence.EntityManager com.frenchies.tennisclub.dao.CourtDaoImpl.em
19:11:17.131 [main] DEBUG o.s.b.f.s.DefaultListableBeanFactory - Returning cached instance of singleton bean 'entityManagerFactory'
19:11:17.131 [main] DEBUG o.s.b.f.s.DefaultListableBeanFactory - Returning cached instance of singleton bean 'org.springframework.transaction.config.internalTransactionAdvisor'
19:11:17.131 [main] DEBUG o.s.b.f.s.DefaultListableBeanFactory - Finished creating instance of bean 'courtDaoImpl'
19:11:17.131 [main] DEBUG o.s.b.f.a.AutowiredAnnotationBeanPostProcessor - Autowiring by type from bean name 'courtServiceImpl' to bean named 'courtDaoImpl'
19:11:17.131 [main] DEBUG o.s.b.f.s.DefaultListableBeanFactory - Returning cached instance of singleton bean 'org.springframework.transaction.config.internalTransactionAdvisor'
19:11:17.132 [main] DEBUG o.s.b.f.s.DefaultListableBeanFactory - Finished creating instance of bean 'courtServiceImpl'
19:11:17.132 [main] DEBUG o.s.b.f.a.AutowiredAnnotationBeanPostProcessor - Autowiring by type from bean name 'courtFacadeImpl' to bean named 'courtServiceImpl'
19:11:17.132 [main] DEBUG o.s.b.f.annotation.InjectionMetadata - Processing injected element of bean 'courtFacadeImpl': AutowiredFieldElement for private com.frenchies.tennisclub.mappers.BeanMappingService com.frenchies.tennisclub.service.facade.CourtFacadeImpl.beanMappingService
19:11:17.132 [main] DEBUG o.s.b.f.s.DefaultListableBeanFactory - Creating shared instance of singleton bean 'beanMappingServiceImpl'
19:11:17.132 [main] DEBUG o.s.b.f.s.DefaultListableBeanFactory - Creating instance of bean 'beanMappingServiceImpl'
19:11:17.133 [main] DEBUG o.s.b.f.annotation.InjectionMetadata - Registered injected element on class [com.frenchies.tennisclub.mappers.BeanMappingServiceImpl]: AutowiredFieldElement for private org.dozer.Mapper com.frenchies.tennisclub.mappers.BeanMappingServiceImpl.dozer
19:11:17.133 [main] DEBUG o.s.b.f.s.DefaultListableBeanFactory - Eagerly caching bean 'beanMappingServiceImpl' to allow for resolving potential circular references
19:11:17.134 [main] DEBUG o.s.b.f.annotation.InjectionMetadata - Processing injected element of bean 'beanMappingServiceImpl': AutowiredFieldElement for private org.dozer.Mapper com.frenchies.tennisclub.mappers.BeanMappingServiceImpl.dozer
19:11:17.135 [main] DEBUG o.s.b.f.s.DefaultListableBeanFactory - Creating shared instance of singleton bean 'dozer'
19:11:17.135 [main] DEBUG o.s.b.f.s.DefaultListableBeanFactory - Creating instance of bean 'dozer'
19:11:17.135 [main] DEBUG o.s.b.f.s.DefaultListableBeanFactory - Returning cached instance of singleton bean 'serviceConfiguration'
19:11:17.144 [main] INFO  org.dozer.config.GlobalSettings - Trying to find Dozer configuration file: dozer.properties
19:11:17.149 [main] WARN  org.dozer.config.GlobalSettings - Dozer configuration file not found: dozer.properties.  Using defaults for all Dozer global properties.
19:11:17.151 [main] INFO  org.dozer.DozerInitializer - Initializing Dozer. Version: 5.5.0, Thread Name: main
19:11:17.154 [main] INFO  org.dozer.jmx.JMXPlatformImpl - Dozer JMX MBean [org.dozer.jmx:type=DozerStatisticsController] auto registered with the Platform MBean Server
19:11:17.156 [main] INFO  org.dozer.jmx.JMXPlatformImpl - Dozer JMX MBean [org.dozer.jmx:type=DozerAdminController] auto registered with the Platform MBean Server
19:11:17.157 [main] INFO  org.dozer.DozerBeanMapper - Initializing a new instance of dozer bean mapper.
19:11:17.163 [main] DEBUG o.s.b.f.s.DefaultListableBeanFactory - Eagerly caching bean 'dozer' to allow for resolving potential circular references
19:11:17.165 [main] DEBUG o.s.b.f.s.DefaultListableBeanFactory - Returning cached instance of singleton bean 'org.springframework.transaction.config.internalTransactionAdvisor'
19:11:17.165 [main] DEBUG o.s.b.f.s.DefaultListableBeanFactory - Finished creating instance of bean 'dozer'
19:11:17.165 [main] DEBUG o.s.b.f.a.AutowiredAnnotationBeanPostProcessor - Autowiring by type from bean name 'beanMappingServiceImpl' to bean named 'dozer'
19:11:17.166 [main] DEBUG o.s.b.f.s.DefaultListableBeanFactory - Returning cached instance of singleton bean 'org.springframework.transaction.config.internalTransactionAdvisor'
19:11:17.166 [main] DEBUG o.s.b.f.s.DefaultListableBeanFactory - Finished creating instance of bean 'beanMappingServiceImpl'
19:11:17.166 [main] DEBUG o.s.b.f.a.AutowiredAnnotationBeanPostProcessor - Autowiring by type from bean name 'courtFacadeImpl' to bean named 'beanMappingServiceImpl'
19:11:17.166 [main] DEBUG o.s.b.f.s.DefaultListableBeanFactory - Returning cached instance of singleton bean 'org.springframework.transaction.config.internalTransactionAdvisor'
19:11:17.166 [main] DEBUG o.s.t.a.AnnotationTransactionAttributeSource - Adding transactional method 'CourtFacadeImpl.changeCourtType' with attribute: PROPAGATION_REQUIRED,ISOLATION_DEFAULT; ''
19:11:17.166 [main] DEBUG o.s.a.f.a.InfrastructureAdvisorAutoProxyCreator - Creating implicit proxy for bean 'courtFacadeImpl' with 0 common interceptors and 1 specific interceptors
19:11:17.166 [main] DEBUG o.s.aop.framework.JdkDynamicAopProxy - Creating JDK dynamic proxy: target source is SingletonTargetSource for target object [com.frenchies.tennisclub.service.facade.CourtFacadeImpl@791c12e3]
19:11:17.168 [main] DEBUG o.s.b.f.s.DefaultListableBeanFactory - Finished creating instance of bean 'courtFacadeImpl'
19:11:17.168 [main] DEBUG o.s.b.f.s.DefaultListableBeanFactory - Creating shared instance of singleton bean 'userFacadeImpl'
19:11:17.168 [main] DEBUG o.s.b.f.s.DefaultListableBeanFactory - Creating instance of bean 'userFacadeImpl'
19:11:17.169 [main] DEBUG o.s.b.f.annotation.InjectionMetadata - Registered injected element on class [com.frenchies.tennisclub.service.facade.UserFacadeImpl]: AutowiredFieldElement for private com.frenchies.tennisclub.service.UserService com.frenchies.tennisclub.service.facade.UserFacadeImpl.userService
19:11:17.169 [main] DEBUG o.s.b.f.annotation.InjectionMetadata - Registered injected element on class [com.frenchies.tennisclub.service.facade.UserFacadeImpl]: AutowiredFieldElement for private com.frenchies.tennisclub.mappers.BeanMappingService com.frenchies.tennisclub.service.facade.UserFacadeImpl.beanMappingService
19:11:17.169 [main] DEBUG o.s.b.f.s.DefaultListableBeanFactory - Eagerly caching bean 'userFacadeImpl' to allow for resolving potential circular references
19:11:17.170 [main] DEBUG o.s.b.f.annotation.InjectionMetadata - Processing injected element of bean 'userFacadeImpl': AutowiredFieldElement for private com.frenchies.tennisclub.service.UserService com.frenchies.tennisclub.service.facade.UserFacadeImpl.userService
19:11:17.171 [main] DEBUG o.s.b.f.s.DefaultListableBeanFactory - Returning cached instance of singleton bean 'userServiceImpl'
19:11:17.171 [main] DEBUG o.s.b.f.a.AutowiredAnnotationBeanPostProcessor - Autowiring by type from bean name 'userFacadeImpl' to bean named 'userServiceImpl'
19:11:17.171 [main] DEBUG o.s.b.f.annotation.InjectionMetadata - Processing injected element of bean 'userFacadeImpl': AutowiredFieldElement for private com.frenchies.tennisclub.mappers.BeanMappingService com.frenchies.tennisclub.service.facade.UserFacadeImpl.beanMappingService
19:11:17.171 [main] DEBUG o.s.b.f.s.DefaultListableBeanFactory - Returning cached instance of singleton bean 'beanMappingServiceImpl'
19:11:17.171 [main] DEBUG o.s.b.f.a.AutowiredAnnotationBeanPostProcessor - Autowiring by type from bean name 'userFacadeImpl' to bean named 'beanMappingServiceImpl'
19:11:17.171 [main] DEBUG o.s.b.f.s.DefaultListableBeanFactory - Returning cached instance of singleton bean 'org.springframework.transaction.config.internalTransactionAdvisor'
19:11:17.171 [main] DEBUG o.s.t.a.AnnotationTransactionAttributeSource - Adding transactional method 'UserFacadeImpl.createUser' with attribute: PROPAGATION_REQUIRED,ISOLATION_DEFAULT; ''
19:11:17.171 [main] DEBUG o.s.a.f.a.InfrastructureAdvisorAutoProxyCreator - Creating implicit proxy for bean 'userFacadeImpl' with 0 common interceptors and 1 specific interceptors
19:11:17.171 [main] DEBUG o.s.aop.framework.JdkDynamicAopProxy - Creating JDK dynamic proxy: target source is SingletonTargetSource for target object [com.frenchies.tennisclub.service.facade.UserFacadeImpl@59b65dce]
19:11:17.173 [main] DEBUG o.s.b.f.s.DefaultListableBeanFactory - Finished creating instance of bean 'userFacadeImpl'
19:11:17.173 [main] DEBUG o.s.b.f.s.DefaultListableBeanFactory - Creating shared instance of singleton bean 'bookingFacadeImpl'
19:11:17.173 [main] DEBUG o.s.b.f.s.DefaultListableBeanFactory - Creating instance of bean 'bookingFacadeImpl'
19:11:17.174 [main] DEBUG o.s.b.f.annotation.InjectionMetadata - Registered injected element on class [com.frenchies.tennisclub.service.facade.BookingFacadeImpl]: AutowiredFieldElement for private com.frenchies.tennisclub.service.BookingService com.frenchies.tennisclub.service.facade.BookingFacadeImpl.bookingService
19:11:17.174 [main] DEBUG o.s.b.f.annotation.InjectionMetadata - Registered injected element on class [com.frenchies.tennisclub.service.facade.BookingFacadeImpl]: AutowiredFieldElement for private com.frenchies.tennisclub.service.UserService com.frenchies.tennisclub.service.facade.BookingFacadeImpl.userService
19:11:17.174 [main] DEBUG o.s.b.f.annotation.InjectionMetadata - Registered injected element on class [com.frenchies.tennisclub.service.facade.BookingFacadeImpl]: AutowiredFieldElement for private com.frenchies.tennisclub.mappers.BeanMappingService com.frenchies.tennisclub.service.facade.BookingFacadeImpl.beanMappingService
19:11:17.174 [main] DEBUG o.s.b.f.s.DefaultListableBeanFactory - Eagerly caching bean 'bookingFacadeImpl' to allow for resolving potential circular references
19:11:17.175 [main] DEBUG o.s.b.f.annotation.InjectionMetadata - Processing injected element of bean 'bookingFacadeImpl': AutowiredFieldElement for private com.frenchies.tennisclub.service.BookingService com.frenchies.tennisclub.service.facade.BookingFacadeImpl.bookingService
19:11:17.176 [main] DEBUG o.s.b.f.s.DefaultListableBeanFactory - Returning cached instance of singleton bean 'bookingServiceImpl'
19:11:17.176 [main] DEBUG o.s.b.f.a.AutowiredAnnotationBeanPostProcessor - Autowiring by type from bean name 'bookingFacadeImpl' to bean named 'bookingServiceImpl'
19:11:17.176 [main] DEBUG o.s.b.f.annotation.InjectionMetadata - Processing injected element of bean 'bookingFacadeImpl': AutowiredFieldElement for private com.frenchies.tennisclub.service.UserService com.frenchies.tennisclub.service.facade.BookingFacadeImpl.userService
19:11:17.176 [main] DEBUG o.s.b.f.s.DefaultListableBeanFactory - Returning cached instance of singleton bean 'userServiceImpl'
19:11:17.176 [main] DEBUG o.s.b.f.a.AutowiredAnnotationBeanPostProcessor - Autowiring by type from bean name 'bookingFacadeImpl' to bean named 'userServiceImpl'
19:11:17.176 [main] DEBUG o.s.b.f.annotation.InjectionMetadata - Processing injected element of bean 'bookingFacadeImpl': AutowiredFieldElement for private com.frenchies.tennisclub.mappers.BeanMappingService com.frenchies.tennisclub.service.facade.BookingFacadeImpl.beanMappingService
19:11:17.176 [main] DEBUG o.s.b.f.s.DefaultListableBeanFactory - Returning cached instance of singleton bean 'beanMappingServiceImpl'
19:11:17.176 [main] DEBUG o.s.b.f.a.AutowiredAnnotationBeanPostProcessor - Autowiring by type from bean name 'bookingFacadeImpl' to bean named 'beanMappingServiceImpl'
19:11:17.176 [main] DEBUG o.s.b.f.s.DefaultListableBeanFactory - Returning cached instance of singleton bean 'org.springframework.transaction.config.internalTransactionAdvisor'
19:11:17.176 [main] DEBUG o.s.t.a.AnnotationTransactionAttributeSource - Adding transactional method 'BookingFacadeImpl.createBooking' with attribute: PROPAGATION_REQUIRED,ISOLATION_DEFAULT; ''
19:11:17.176 [main] DEBUG o.s.a.f.a.InfrastructureAdvisorAutoProxyCreator - Creating implicit proxy for bean 'bookingFacadeImpl' with 0 common interceptors and 1 specific interceptors
19:11:17.177 [main] DEBUG o.s.aop.framework.JdkDynamicAopProxy - Creating JDK dynamic proxy: target source is SingletonTargetSource for target object [com.frenchies.tennisclub.service.facade.BookingFacadeImpl@29fa6b65]
19:11:17.179 [main] DEBUG o.s.b.f.s.DefaultListableBeanFactory - Finished creating instance of bean 'bookingFacadeImpl'
19:11:17.179 [main] DEBUG o.s.b.f.s.DefaultListableBeanFactory - Returning cached instance of singleton bean 'timeServiceImpl'
19:11:17.179 [main] DEBUG o.s.b.f.s.DefaultListableBeanFactory - Returning cached instance of singleton bean 'courtServiceImpl'
19:11:17.179 [main] DEBUG o.s.b.f.s.DefaultListableBeanFactory - Returning cached instance of singleton bean 'beanMappingServiceImpl'
19:11:17.179 [main] DEBUG o.s.b.f.s.DefaultListableBeanFactory - Returning cached instance of singleton bean 'userDaoImpl'
19:11:17.179 [main] DEBUG o.s.b.f.s.DefaultListableBeanFactory - Returning cached instance of singleton bean 'bookingDaoImpl'
19:11:17.179 [main] DEBUG o.s.b.f.s.DefaultListableBeanFactory - Returning cached instance of singleton bean 'courtDaoImpl'
19:11:17.179 [main] DEBUG o.s.b.f.s.DefaultListableBeanFactory - Returning cached instance of singleton bean 'org.springframework.transaction.annotation.ProxyTransactionManagementConfiguration'
19:11:17.179 [main] DEBUG o.s.b.f.s.DefaultListableBeanFactory - Returning cached instance of singleton bean 'org.springframework.transaction.config.internalTransactionAdvisor'
19:11:17.179 [main] DEBUG o.s.b.f.s.DefaultListableBeanFactory - Returning cached instance of singleton bean 'transactionAttributeSource'
19:11:17.179 [main] DEBUG o.s.b.f.s.DefaultListableBeanFactory - Returning cached instance of singleton bean 'transactionInterceptor'
19:11:17.179 [main] DEBUG o.s.b.f.s.DefaultListableBeanFactory - Returning cached instance of singleton bean 'com.frenchies.tennisclub.PersistenceSampleApplicationContext'
19:11:17.179 [main] DEBUG o.s.b.f.s.DefaultListableBeanFactory - Creating shared instance of singleton bean 'transactionManager'
19:11:17.179 [main] DEBUG o.s.b.f.s.DefaultListableBeanFactory - Creating instance of bean 'transactionManager'
19:11:17.179 [main] DEBUG o.s.b.f.s.DefaultListableBeanFactory - Returning cached instance of singleton bean 'com.frenchies.tennisclub.PersistenceSampleApplicationContext'
19:11:17.181 [main] DEBUG o.s.b.f.s.DefaultListableBeanFactory - Returning cached instance of singleton bean 'entityManagerFactory'
19:11:17.197 [main] DEBUG o.s.b.f.s.DefaultListableBeanFactory - Returning cached instance of singleton bean 'entityManagerFactory'
19:11:17.200 [main] DEBUG o.s.b.f.s.DefaultListableBeanFactory - Eagerly caching bean 'transactionManager' to allow for resolving potential circular references
19:11:17.204 [main] DEBUG o.s.b.f.s.DefaultListableBeanFactory - Invoking afterPropertiesSet() on bean with name 'transactionManager'
19:11:17.204 [main] DEBUG o.s.b.f.s.DefaultListableBeanFactory - Returning cached instance of singleton bean 'org.springframework.transaction.config.internalTransactionAdvisor'
19:11:17.205 [main] DEBUG o.s.b.f.s.DefaultListableBeanFactory - Finished creating instance of bean 'transactionManager'
19:11:17.205 [main] DEBUG o.s.b.f.s.DefaultListableBeanFactory - Returning cached instance of singleton bean 'db'
19:11:17.205 [main] DEBUG o.s.b.f.s.DefaultListableBeanFactory - Returning cached instance of singleton bean 'entityManagerFactory'
19:11:17.205 [main] DEBUG o.s.b.f.s.DefaultListableBeanFactory - Creating shared instance of singleton bean 'localValidatorFactoryBean'
19:11:17.205 [main] DEBUG o.s.b.f.s.DefaultListableBeanFactory - Creating instance of bean 'localValidatorFactoryBean'
19:11:17.205 [main] DEBUG o.s.b.f.s.DefaultListableBeanFactory - Returning cached instance of singleton bean 'com.frenchies.tennisclub.PersistenceSampleApplicationContext'
19:11:17.209 [main] DEBUG o.s.b.f.s.DefaultListableBeanFactory - Eagerly caching bean 'localValidatorFactoryBean' to allow for resolving potential circular references
19:11:17.214 [main] DEBUG o.s.b.f.s.DefaultListableBeanFactory - Invoking afterPropertiesSet() on bean with name 'localValidatorFactoryBean'
19:11:17.215 [main] DEBUG o.h.v.i.e.r.DefaultTraversableResolver - Found javax.persistence.Persistence on classpath containing 'getPersistenceUtil'. Assuming JPA 2 environment. Trying to instantiate JPA aware TraversableResolver
19:11:17.216 [main] DEBUG o.h.v.i.e.r.DefaultTraversableResolver - Instantiated JPA aware TraversableResolver of type org.hibernate.validator.internal.engine.resolver.JPATraversableResolver.
19:11:17.218 [main] DEBUG o.h.v.i.engine.ConfigurationImpl - Setting custom MessageInterpolator of type org.springframework.validation.beanvalidation.LocaleContextMessageInterpolator
19:11:17.219 [main] DEBUG o.h.v.i.engine.ConfigurationImpl - Setting custom ConstraintValidatorFactory of type org.springframework.validation.beanvalidation.SpringConstraintValidatorFactory
19:11:17.220 [main] DEBUG o.h.v.i.engine.ConfigurationImpl - Setting custom ParameterNameProvider of type com.sun.proxy.$Proxy51
19:11:17.221 [main] DEBUG o.h.v.i.xml.ValidationXmlParser - Trying to load META-INF/validation.xml for XML based Validator configuration.
19:11:17.222 [main] DEBUG o.h.v.i.xml.ValidationXmlParser - No META-INF/validation.xml found. Using annotation based configuration only.
19:11:17.223 [main] DEBUG o.s.b.f.s.DefaultListableBeanFactory - Returning cached instance of singleton bean 'org.springframework.transaction.config.internalTransactionAdvisor'
19:11:17.224 [main] DEBUG o.s.b.f.s.DefaultListableBeanFactory - Finished creating instance of bean 'localValidatorFactoryBean'
19:11:17.224 [main] DEBUG o.s.b.f.s.DefaultListableBeanFactory - Returning cached instance of singleton bean 'instrumentationLoadTimeWeaver'
19:11:17.224 [main] DEBUG o.s.b.f.s.DefaultListableBeanFactory - Returning cached instance of singleton bean 'org.springframework.aop.config.internalAutoProxyCreator'
19:11:17.224 [main] DEBUG o.s.b.f.s.DefaultListableBeanFactory - Returning cached instance of singleton bean 'org.springframework.data.repository.core.support.RepositoryInterfaceAwareBeanPostProcessor'
19:11:17.224 [main] DEBUG o.s.b.f.s.DefaultListableBeanFactory - Returning cached instance of singleton bean 'foo'
19:11:17.224 [main] DEBUG o.s.b.f.s.DefaultListableBeanFactory - Creating shared instance of singleton bean 'jpaMappingContext'
19:11:17.224 [main] DEBUG o.s.b.f.s.DefaultListableBeanFactory - Creating instance of bean 'jpaMappingContext'
19:11:17.224 [main] DEBUG o.s.b.f.s.DefaultListableBeanFactory - Eagerly caching bean 'jpaMappingContext' to allow for resolving potential circular references
19:11:17.231 [main] DEBUG o.s.b.f.s.DefaultListableBeanFactory - Invoking afterPropertiesSet() on bean with name 'jpaMappingContext'
19:11:17.231 [main] DEBUG o.s.b.f.s.DefaultListableBeanFactory - Returning cached instance of singleton bean 'entityManagerFactory'
19:11:17.267 [main] DEBUG o.s.b.f.s.DefaultListableBeanFactory - Returning cached instance of singleton bean 'org.springframework.transaction.config.internalTransactionAdvisor'
19:11:17.267 [main] DEBUG o.s.b.f.s.DefaultListableBeanFactory - Finished creating instance of bean 'jpaMappingContext'
19:11:17.267 [main] DEBUG o.s.b.f.s.DefaultListableBeanFactory - Returning cached instance of singleton bean 'dozer'
19:11:17.268 [main] DEBUG o.s.b.f.s.DefaultListableBeanFactory - Creating shared instance of singleton bean 'org.springframework.orm.jpa.SharedEntityManagerCreator#0'
19:11:17.268 [main] DEBUG o.s.b.f.s.DefaultListableBeanFactory - Creating instance of bean 'org.springframework.orm.jpa.SharedEntityManagerCreator#0'
19:11:17.273 [main] DEBUG o.s.b.f.s.DefaultListableBeanFactory - Returning cached instance of singleton bean 'entityManagerFactory'
19:11:17.342 [main] DEBUG o.s.b.f.s.DefaultListableBeanFactory - Eagerly caching bean 'org.springframework.orm.jpa.SharedEntityManagerCreator#0' to allow for resolving potential circular references
19:11:17.345 [main] DEBUG o.s.b.f.s.DefaultListableBeanFactory - Returning cached instance of singleton bean 'org.springframework.transaction.config.internalTransactionAdvisor'
19:11:17.349 [main] DEBUG o.s.b.f.s.DefaultListableBeanFactory - Finished creating instance of bean 'org.springframework.orm.jpa.SharedEntityManagerCreator#0'
19:11:17.355 [main] DEBUG o.s.c.s.GenericApplicationContext - Unable to locate LifecycleProcessor with name 'lifecycleProcessor': using default [org.springframework.context.support.DefaultLifecycleProcessor@43bf5397]
19:11:17.355 [main] DEBUG o.s.b.f.s.DefaultListableBeanFactory - Returning cached instance of singleton bean 'lifecycleProcessor'
19:11:17.357 [main] DEBUG o.s.c.e.PropertySourcesPropertyResolver - Searching for key 'spring.liveBeansView.mbeanDomain' in [systemProperties]
19:11:17.357 [main] DEBUG o.s.c.e.PropertySourcesPropertyResolver - Searching for key 'spring.liveBeansView.mbeanDomain' in [systemEnvironment]
19:11:17.357 [main] DEBUG o.s.c.e.PropertySourcesPropertyResolver - Could not find key 'spring.liveBeansView.mbeanDomain' in any property source. Returning [null]
19:11:17.357 [main] DEBUG o.s.t.c.DefaultCacheAwareContextLoaderDelegate - Storing ApplicationContext in cache under key [[MergedContextConfiguration@f4168b8 testClass = CourtServiceTest, locations = '{}', classes = '{class com.frenchies.tennisclub.service.config.ServiceConfiguration}', contextInitializerClasses = '[]', activeProfiles = '{}', propertySourceLocations = '{}', propertySourceProperties = '{}', contextLoader = 'org.springframework.test.context.support.DelegatingSmartContextLoader', parent = [null]]]
19:11:17.358 [main] DEBUG o.springframework.test.context.cache - Spring test ApplicationContext cache statistics: [ContextCache@3679d92e size = 1, hitCount = 0, missCount = 1, parentContextCount = 0]
19:11:17.381 [main] DEBUG o.s.b.f.annotation.InjectionMetadata - Processing injected element of bean 'com.frenchies.tennisclub.service.CourtServiceTest': AutowiredFieldElement for private com.frenchies.tennisclub.service.CourtService com.frenchies.tennisclub.service.CourtServiceTest.courtService
19:11:17.382 [main] DEBUG o.s.b.f.s.DefaultListableBeanFactory - Returning cached instance of singleton bean 'courtServiceImpl'
19:11:17.382 [main] DEBUG o.s.b.f.a.AutowiredAnnotationBeanPostProcessor - Autowiring by type from bean name 'com.frenchies.tennisclub.service.CourtServiceTest' to bean named 'courtServiceImpl'
19:11:17.382 [main] DEBUG o.s.b.f.s.DefaultListableBeanFactory - Returning cached instance of singleton bean 'org.springframework.transaction.config.internalTransactionAdvisor'
19:11:17.382 [main] DEBUG o.s.t.a.AnnotationTransactionAttributeSource - Adding transactional method 'CourtServiceTest.changeType' with attribute: PROPAGATION_REQUIRED,ISOLATION_DEFAULT; ''
19:11:17.382 [main] DEBUG o.s.a.f.a.InfrastructureAdvisorAutoProxyCreator - Creating implicit proxy for bean 'com.frenchies.tennisclub.service.CourtServiceTest' with 0 common interceptors and 1 specific interceptors
19:11:17.382 [main] DEBUG o.s.aop.framework.JdkDynamicAopProxy - Creating JDK dynamic proxy: target source is SingletonTargetSource for target object [com.frenchies.tennisclub.service.CourtServiceTest@376b4233]
]]></system-out>
  </testcase>
  <testcase name="mapping" classname="com.frenchies.tennisclub.service.BeanMappingServiceTest" time="0.089">
    <failure message="expected [true] but found [false]" type="java.lang.AssertionError">java.lang.AssertionError: expected [true] but found [false]
	at org.testng.Assert.fail(Assert.java:94)
	at org.testng.Assert.failNotEquals(Assert.java:494)
	at org.testng.Assert.assertTrue(Assert.java:42)
	at org.testng.Assert.assertTrue(Assert.java:52)
	at com.frenchies.tennisclub.service.BeanMappingServiceTest.mapping(BeanMappingServiceTest.java:36)
</failure>
    <system-out><![CDATA[19:11:17.464 [main] DEBUG o.s.t.c.s.DirtiesContextTestExecutionListener - After test class: context [DefaultTestContext@2a40cd94 testClass = CourtServiceTest, testInstance = [null], testMethod = [null], testException = [null], mergedContextConfiguration = [MergedContextConfiguration@f4168b8 testClass = CourtServiceTest, locations = '{}', classes = '{class com.frenchies.tennisclub.service.config.ServiceConfiguration}', contextInitializerClasses = '[]', activeProfiles = '{}', propertySourceLocations = '{}', propertySourceProperties = '{}', contextLoader = 'org.springframework.test.context.support.DelegatingSmartContextLoader', parent = [null]]], dirtiesContext [false].
19:11:17.465 [main] DEBUG o.s.t.c.s.DependencyInjectionTestExecutionListener - Performing dependency injection for test context [[DefaultTestContext@1b13467c testClass = BeanMappingServiceTest, testInstance = com.frenchies.tennisclub.service.BeanMappingServiceTest@7a36aefa, testMethod = [null], testException = [null], mergedContextConfiguration = [MergedContextConfiguration@7bd96822 testClass = BeanMappingServiceTest, locations = '{}', classes = '{class com.frenchies.tennisclub.service.config.ServiceConfiguration}', contextInitializerClasses = '[]', activeProfiles = '{}', propertySourceLocations = '{}', propertySourceProperties = '{}', contextLoader = 'org.springframework.test.context.support.DelegatingSmartContextLoader', parent = [null]]]].
19:11:17.465 [main] DEBUG o.s.t.c.DefaultCacheAwareContextLoaderDelegate - Retrieved ApplicationContext from cache with key [[MergedContextConfiguration@7bd96822 testClass = BeanMappingServiceTest, locations = '{}', classes = '{class com.frenchies.tennisclub.service.config.ServiceConfiguration}', contextInitializerClasses = '[]', activeProfiles = '{}', propertySourceLocations = '{}', propertySourceProperties = '{}', contextLoader = 'org.springframework.test.context.support.DelegatingSmartContextLoader', parent = [null]]]
19:11:17.465 [main] DEBUG o.springframework.test.context.cache - Spring test ApplicationContext cache statistics: [ContextCache@3679d92e size = 1, hitCount = 1, missCount = 1, parentContextCount = 0]
19:11:17.467 [main] DEBUG o.s.b.f.annotation.InjectionMetadata - Processing injected element of bean 'com.frenchies.tennisclub.service.BeanMappingServiceTest': AutowiredFieldElement for private com.frenchies.tennisclub.mappers.BeanMappingService com.frenchies.tennisclub.service.BeanMappingServiceTest.beanMappingService
19:11:17.467 [main] DEBUG o.s.b.f.s.DefaultListableBeanFactory - Returning cached instance of singleton bean 'beanMappingServiceImpl'
19:11:17.467 [main] DEBUG o.s.b.f.a.AutowiredAnnotationBeanPostProcessor - Autowiring by type from bean name 'com.frenchies.tennisclub.service.BeanMappingServiceTest' to bean named 'beanMappingServiceImpl'
19:11:17.467 [main] DEBUG o.s.b.f.s.DefaultListableBeanFactory - Returning cached instance of singleton bean 'org.springframework.transaction.config.internalTransactionAdvisor'
19:11:17.468 [main] DEBUG o.s.t.a.AnnotationTransactionAttributeSource - Adding transactional method 'BeanMappingServiceTest.mapping' with attribute: PROPAGATION_REQUIRED,ISOLATION_DEFAULT; ''
19:11:17.468 [main] DEBUG o.s.a.f.a.InfrastructureAdvisorAutoProxyCreator - Creating implicit proxy for bean 'com.frenchies.tennisclub.service.BeanMappingServiceTest' with 0 common interceptors and 1 specific interceptors
19:11:17.468 [main] DEBUG o.s.aop.framework.JdkDynamicAopProxy - Creating JDK dynamic proxy: target source is SingletonTargetSource for target object [com.frenchies.tennisclub.service.BeanMappingServiceTest@7a36aefa]
19:11:17.471 [main] DEBUG o.s.t.a.AnnotationTransactionAttributeSource - Adding transactional method 'BeanMappingServiceTest.mapping' with attribute: PROPAGATION_REQUIRED,ISOLATION_DEFAULT; ''
19:11:17.472 [main] DEBUG o.s.t.c.t.TransactionalTestExecutionListener - Explicit transaction definition [PROPAGATION_REQUIRED,ISOLATION_DEFAULT; ''] found for test context [DefaultTestContext@1b13467c testClass = BeanMappingServiceTest, testInstance = com.frenchies.tennisclub.service.BeanMappingServiceTest@7a36aefa, testMethod = mapping@BeanMappingServiceTest, testException = [null], mergedContextConfiguration = [MergedContextConfiguration@7bd96822 testClass = BeanMappingServiceTest, locations = '{}', classes = '{class com.frenchies.tennisclub.service.config.ServiceConfiguration}', contextInitializerClasses = '[]', activeProfiles = '{}', propertySourceLocations = '{}', propertySourceProperties = '{}', contextLoader = 'org.springframework.test.context.support.DelegatingSmartContextLoader', parent = [null]]]
19:11:17.472 [main] DEBUG o.s.t.c.t.TransactionalTestExecutionListener - Retrieved @TransactionConfiguration attributes [null] for test class [class com.frenchies.tennisclub.service.BeanMappingServiceTest].
19:11:17.472 [main] DEBUG o.s.t.c.t.TransactionalTestExecutionListener - Retrieved TransactionConfigurationAttributes [TransactionConfigurationAttributes@42383cb0 transactionManagerName = '', defaultRollback = true] for class [class com.frenchies.tennisclub.service.BeanMappingServiceTest].
19:11:17.472 [main] DEBUG o.s.t.c.DefaultCacheAwareContextLoaderDelegate - Retrieved ApplicationContext from cache with key [[MergedContextConfiguration@7bd96822 testClass = BeanMappingServiceTest, locations = '{}', classes = '{class com.frenchies.tennisclub.service.config.ServiceConfiguration}', contextInitializerClasses = '[]', activeProfiles = '{}', propertySourceLocations = '{}', propertySourceProperties = '{}', contextLoader = 'org.springframework.test.context.support.DelegatingSmartContextLoader', parent = [null]]]
19:11:17.472 [main] DEBUG o.springframework.test.context.cache - Spring test ApplicationContext cache statistics: [ContextCache@3679d92e size = 1, hitCount = 2, missCount = 1, parentContextCount = 0]
19:11:17.473 [main] DEBUG o.s.b.f.s.DefaultListableBeanFactory - Returning cached instance of singleton bean 'transactionManager'
19:11:17.474 [main] DEBUG o.s.t.c.t.TransactionalTestExecutionListener - No method-level @Rollback override: using default rollback [true] for test context [DefaultTestContext@1b13467c testClass = BeanMappingServiceTest, testInstance = com.frenchies.tennisclub.service.BeanMappingServiceTest@7a36aefa, testMethod = mapping@BeanMappingServiceTest, testException = [null], mergedContextConfiguration = [MergedContextConfiguration@7bd96822 testClass = BeanMappingServiceTest, locations = '{}', classes = '{class com.frenchies.tennisclub.service.config.ServiceConfiguration}', contextInitializerClasses = '[]', activeProfiles = '{}', propertySourceLocations = '{}', propertySourceProperties = '{}', contextLoader = 'org.springframework.test.context.support.DelegatingSmartContextLoader', parent = [null]]].
19:11:17.475 [main] DEBUG o.s.orm.jpa.JpaTransactionManager - Creating new transaction with name [com.frenchies.tennisclub.service.BeanMappingServiceTest.mapping]: PROPAGATION_REQUIRED,ISOLATION_DEFAULT; ''
19:11:17.514 [main] DEBUG o.s.orm.jpa.JpaTransactionManager - Opened new EntityManager [org.hibernate.jpa.internal.EntityManagerImpl@4cb702ce] for JPA transaction
19:11:17.515 [main] DEBUG o.h.e.t.spi.AbstractTransactionImpl - begin
19:11:17.515 [main] DEBUG o.h.e.j.i.LogicalConnectionImpl - Obtaining JDBC connection
19:11:17.515 [main] DEBUG o.s.j.d.SimpleDriverDataSource - Creating new JDBC Driver Connection to [jdbc:derby:memory:testdb;create=true]
19:11:17.516 [main] DEBUG o.h.e.j.i.LogicalConnectionImpl - Obtained JDBC connection
19:11:17.516 [main] DEBUG o.h.e.t.i.jdbc.JdbcTransaction - initial autocommit status: true
19:11:17.516 [main] DEBUG o.h.e.t.i.jdbc.JdbcTransaction - disabling autocommit
19:11:17.516 [main] DEBUG o.s.orm.jpa.JpaTransactionManager - Not exposing JPA transaction [org.hibernate.jpa.internal.EntityManagerImpl@4cb702ce] as JDBC transaction because JpaDialect [org.springframework.orm.jpa.DefaultJpaDialect@3ff54f3d] does not support JDBC Connection retrieval
19:11:17.517 [main] INFO  o.s.t.c.t.TransactionContext - Began transaction (1) for test context [DefaultTestContext@1b13467c testClass = BeanMappingServiceTest, testInstance = com.frenchies.tennisclub.service.BeanMappingServiceTest@7a36aefa, testMethod = mapping@BeanMappingServiceTest, testException = [null], mergedContextConfiguration = [MergedContextConfiguration@7bd96822 testClass = BeanMappingServiceTest, locations = '{}', classes = '{class com.frenchies.tennisclub.service.config.ServiceConfiguration}', contextInitializerClasses = '[]', activeProfiles = '{}', propertySourceLocations = '{}', propertySourceProperties = '{}', contextLoader = 'org.springframework.test.context.support.DelegatingSmartContextLoader', parent = [null]]]; transaction manager [org.springframework.orm.jpa.JpaTransactionManager@62a68bcb]; rollback [true]
19:11:17.546 [main] DEBUG o.a.c.b.converters.BooleanConverter - Setting default value: false
19:11:17.546 [main] DEBUG o.a.c.b.converters.BooleanConverter - Converting 'Boolean' value 'false' to type 'Boolean'
19:11:17.546 [main] DEBUG o.a.c.b.converters.BooleanConverter -     No conversion required, value is already a Boolean
19:11:17.548 [main] DEBUG o.a.c.b.converters.ByteConverter - Setting default value: 0
19:11:17.548 [main] DEBUG o.a.c.b.converters.ByteConverter - Converting 'Integer' value '0' to type 'Byte'
19:11:17.548 [main] DEBUG o.a.c.b.converters.ByteConverter -     Converted to Byte value '0'
19:11:17.549 [main] DEBUG o.a.c.b.c.CharacterConverter - Setting default value:  
19:11:17.549 [main] DEBUG o.a.c.b.c.CharacterConverter - Converting 'Character' value ' ' to type 'Character'
19:11:17.549 [main] DEBUG o.a.c.b.c.CharacterConverter -     No conversion required, value is already a Character
19:11:17.549 [main] DEBUG o.a.c.b.converters.DoubleConverter - Setting default value: 0
19:11:17.550 [main] DEBUG o.a.c.b.converters.DoubleConverter - Converting 'Integer' value '0' to type 'Double'
19:11:17.550 [main] DEBUG o.a.c.b.converters.DoubleConverter -     Converted to Double value '0.0'
19:11:17.550 [main] DEBUG o.a.c.b.converters.FloatConverter - Setting default value: 0
19:11:17.550 [main] DEBUG o.a.c.b.converters.FloatConverter - Converting 'Integer' value '0' to type 'Float'
19:11:17.550 [main] DEBUG o.a.c.b.converters.FloatConverter -     Converted to Float value '0.0'
19:11:17.551 [main] DEBUG o.a.c.b.converters.IntegerConverter - Setting default value: 0
19:11:17.551 [main] DEBUG o.a.c.b.converters.IntegerConverter - Converting 'Integer' value '0' to type 'Integer'
19:11:17.551 [main] DEBUG o.a.c.b.converters.IntegerConverter -     No conversion required, value is already a Integer
19:11:17.551 [main] DEBUG o.a.c.b.converters.LongConverter - Setting default value: 0
19:11:17.551 [main] DEBUG o.a.c.b.converters.LongConverter - Converting 'Integer' value '0' to type 'Long'
19:11:17.551 [main] DEBUG o.a.c.b.converters.LongConverter -     Converted to Long value '0'
19:11:17.552 [main] DEBUG o.a.c.b.converters.ShortConverter - Setting default value: 0
19:11:17.552 [main] DEBUG o.a.c.b.converters.ShortConverter - Converting 'Integer' value '0' to type 'Short'
19:11:17.552 [main] DEBUG o.a.c.b.converters.ShortConverter -     Converted to Short value '0'
19:11:17.552 [main] DEBUG o.a.c.b.c.BigDecimalConverter - Setting default value: 0.0
19:11:17.552 [main] DEBUG o.a.c.b.c.BigDecimalConverter - Converting 'BigDecimal' value '0.0' to type 'BigDecimal'
19:11:17.553 [main] DEBUG o.a.c.b.c.BigDecimalConverter -     No conversion required, value is already a BigDecimal
19:11:17.553 [main] DEBUG o.a.c.b.c.BigIntegerConverter - Setting default value: 0
19:11:17.553 [main] DEBUG o.a.c.b.c.BigIntegerConverter - Converting 'BigInteger' value '0' to type 'BigInteger'
19:11:17.553 [main] DEBUG o.a.c.b.c.BigIntegerConverter -     No conversion required, value is already a BigInteger
19:11:17.553 [main] DEBUG o.a.c.b.converters.BooleanConverter - Setting default value: false
19:11:17.553 [main] DEBUG o.a.c.b.converters.BooleanConverter - Converting 'Boolean' value 'false' to type 'Boolean'
19:11:17.553 [main] DEBUG o.a.c.b.converters.BooleanConverter -     No conversion required, value is already a Boolean
19:11:17.553 [main] DEBUG o.a.c.b.converters.ByteConverter - Setting default value: 0
19:11:17.553 [main] DEBUG o.a.c.b.converters.ByteConverter - Converting 'Integer' value '0' to type 'Byte'
19:11:17.553 [main] DEBUG o.a.c.b.converters.ByteConverter -     Converted to Byte value '0'
19:11:17.553 [main] DEBUG o.a.c.b.c.CharacterConverter - Setting default value:  
19:11:17.553 [main] DEBUG o.a.c.b.c.CharacterConverter - Converting 'Character' value ' ' to type 'Character'
19:11:17.553 [main] DEBUG o.a.c.b.c.CharacterConverter -     No conversion required, value is already a Character
19:11:17.553 [main] DEBUG o.a.c.b.converters.DoubleConverter - Setting default value: 0
19:11:17.553 [main] DEBUG o.a.c.b.converters.DoubleConverter - Converting 'Integer' value '0' to type 'Double'
19:11:17.553 [main] DEBUG o.a.c.b.converters.DoubleConverter -     Converted to Double value '0.0'
19:11:17.553 [main] DEBUG o.a.c.b.converters.FloatConverter - Setting default value: 0
19:11:17.553 [main] DEBUG o.a.c.b.converters.FloatConverter - Converting 'Integer' value '0' to type 'Float'
19:11:17.553 [main] DEBUG o.a.c.b.converters.FloatConverter -     Converted to Float value '0.0'
19:11:17.553 [main] DEBUG o.a.c.b.converters.IntegerConverter - Setting default value: 0
19:11:17.553 [main] DEBUG o.a.c.b.converters.IntegerConverter - Converting 'Integer' value '0' to type 'Integer'
19:11:17.553 [main] DEBUG o.a.c.b.converters.IntegerConverter -     No conversion required, value is already a Integer
19:11:17.553 [main] DEBUG o.a.c.b.converters.LongConverter - Setting default value: 0
19:11:17.553 [main] DEBUG o.a.c.b.converters.LongConverter - Converting 'Integer' value '0' to type 'Long'
19:11:17.553 [main] DEBUG o.a.c.b.converters.LongConverter -     Converted to Long value '0'
19:11:17.553 [main] DEBUG o.a.c.b.converters.ShortConverter - Setting default value: 0
19:11:17.553 [main] DEBUG o.a.c.b.converters.ShortConverter - Converting 'Integer' value '0' to type 'Short'
19:11:17.553 [main] DEBUG o.a.c.b.converters.ShortConverter -     Converted to Short value '0'
19:11:17.554 [main] DEBUG o.a.c.b.converters.StringConverter - Setting default value: 
19:11:17.554 [main] DEBUG o.a.c.b.converters.StringConverter - Converting 'String' value '' to type 'String'
19:11:17.560 [main] DEBUG o.a.c.b.converters.ArrayConverter - Setting default value: [Z@6d6d480c
19:11:17.561 [main] DEBUG o.a.c.b.converters.ArrayConverter - Converting 'boolean[]' value '[Z@6d6d480c' to type 'boolean[]'
19:11:17.561 [main] DEBUG o.a.c.b.converters.ArrayConverter -     No conversion required, value is already a boolean[]
19:11:17.561 [main] DEBUG o.a.c.b.converters.ArrayConverter - Setting default value: [B@e95595b
19:11:17.561 [main] DEBUG o.a.c.b.converters.ArrayConverter - Converting 'byte[]' value '[B@e95595b' to type 'byte[]'
19:11:17.561 [main] DEBUG o.a.c.b.converters.ArrayConverter -     No conversion required, value is already a byte[]
19:11:17.561 [main] DEBUG o.a.c.b.converters.ArrayConverter - Setting default value: [C@5a917723
19:11:17.561 [main] DEBUG o.a.c.b.converters.ArrayConverter - Converting 'char[]' value '[C@5a917723' to type 'char[]'
19:11:17.561 [main] DEBUG o.a.c.b.converters.ArrayConverter -     No conversion required, value is already a char[]
19:11:17.561 [main] DEBUG o.a.c.b.converters.ArrayConverter - Setting default value: [D@7e4579c7
19:11:17.561 [main] DEBUG o.a.c.b.converters.ArrayConverter - Converting 'double[]' value '[D@7e4579c7' to type 'double[]'
19:11:17.561 [main] DEBUG o.a.c.b.converters.ArrayConverter -     No conversion required, value is already a double[]
19:11:17.561 [main] DEBUG o.a.c.b.converters.ArrayConverter - Setting default value: [F@796f632b
19:11:17.561 [main] DEBUG o.a.c.b.converters.ArrayConverter - Converting 'float[]' value '[F@796f632b' to type 'float[]'
19:11:17.561 [main] DEBUG o.a.c.b.converters.ArrayConverter -     No conversion required, value is already a float[]
19:11:17.561 [main] DEBUG o.a.c.b.converters.ArrayConverter - Setting default value: [I@5d94a2dc
19:11:17.561 [main] DEBUG o.a.c.b.converters.ArrayConverter - Converting 'int[]' value '[I@5d94a2dc' to type 'int[]'
19:11:17.561 [main] DEBUG o.a.c.b.converters.ArrayConverter -     No conversion required, value is already a int[]
19:11:17.561 [main] DEBUG o.a.c.b.converters.ArrayConverter - Setting default value: [J@cedee22
19:11:17.561 [main] DEBUG o.a.c.b.converters.ArrayConverter - Converting 'long[]' value '[J@cedee22' to type 'long[]'
19:11:17.561 [main] DEBUG o.a.c.b.converters.ArrayConverter -     No conversion required, value is already a long[]
19:11:17.561 [main] DEBUG o.a.c.b.converters.ArrayConverter - Setting default value: [S@59b32539
19:11:17.561 [main] DEBUG o.a.c.b.converters.ArrayConverter - Converting 'short[]' value '[S@59b32539' to type 'short[]'
19:11:17.561 [main] DEBUG o.a.c.b.converters.ArrayConverter -     No conversion required, value is already a short[]
19:11:17.561 [main] DEBUG o.a.c.b.converters.ArrayConverter - Setting default value: [Ljava.math.BigDecimal;@5b47731f
19:11:17.561 [main] DEBUG o.a.c.b.converters.ArrayConverter - Converting 'BigDecimal[]' value '[Ljava.math.BigDecimal;@5b47731f' to type 'BigDecimal[]'
19:11:17.562 [main] DEBUG o.a.c.b.converters.ArrayConverter -     No conversion required, value is already a BigDecimal[]
19:11:17.563 [main] DEBUG o.a.c.b.converters.ArrayConverter - Setting default value: [Ljava.math.BigInteger;@40c2ce52
19:11:17.563 [main] DEBUG o.a.c.b.converters.ArrayConverter - Converting 'BigInteger[]' value '[Ljava.math.BigInteger;@40c2ce52' to type 'BigInteger[]'
19:11:17.563 [main] DEBUG o.a.c.b.converters.ArrayConverter -     No conversion required, value is already a BigInteger[]
19:11:17.563 [main] DEBUG o.a.c.b.converters.ArrayConverter - Setting default value: [Ljava.lang.Boolean;@60a7e509
19:11:17.563 [main] DEBUG o.a.c.b.converters.ArrayConverter - Converting 'Boolean[]' value '[Ljava.lang.Boolean;@60a7e509' to type 'Boolean[]'
19:11:17.563 [main] DEBUG o.a.c.b.converters.ArrayConverter -     No conversion required, value is already a Boolean[]
19:11:17.563 [main] DEBUG o.a.c.b.converters.ArrayConverter - Setting default value: [Ljava.lang.Byte;@787508ca
19:11:17.563 [main] DEBUG o.a.c.b.converters.ArrayConverter - Converting 'Byte[]' value '[Ljava.lang.Byte;@787508ca' to type 'Byte[]'
19:11:17.563 [main] DEBUG o.a.c.b.converters.ArrayConverter -     No conversion required, value is already a Byte[]
19:11:17.563 [main] DEBUG o.a.c.b.converters.ArrayConverter - Setting default value: [Ljava.lang.Character;@3d24420b
19:11:17.563 [main] DEBUG o.a.c.b.converters.ArrayConverter - Converting 'Character[]' value '[Ljava.lang.Character;@3d24420b' to type 'Character[]'
19:11:17.563 [main] DEBUG o.a.c.b.converters.ArrayConverter -     No conversion required, value is already a Character[]
19:11:17.564 [main] DEBUG o.a.c.b.converters.ArrayConverter - Setting default value: [Ljava.lang.Double;@6274670b
19:11:17.564 [main] DEBUG o.a.c.b.converters.ArrayConverter - Converting 'Double[]' value '[Ljava.lang.Double;@6274670b' to type 'Double[]'
19:11:17.564 [main] DEBUG o.a.c.b.converters.ArrayConverter -     No conversion required, value is already a Double[]
19:11:17.564 [main] DEBUG o.a.c.b.converters.ArrayConverter - Setting default value: [Ljava.lang.Float;@32d5279
19:11:17.564 [main] DEBUG o.a.c.b.converters.ArrayConverter - Converting 'Float[]' value '[Ljava.lang.Float;@32d5279' to type 'Float[]'
19:11:17.564 [main] DEBUG o.a.c.b.converters.ArrayConverter -     No conversion required, value is already a Float[]
19:11:17.564 [main] DEBUG o.a.c.b.converters.ArrayConverter - Setting default value: [Ljava.lang.Integer;@5d0b0cb9
19:11:17.564 [main] DEBUG o.a.c.b.converters.ArrayConverter - Converting 'Integer[]' value '[Ljava.lang.Integer;@5d0b0cb9' to type 'Integer[]'
19:11:17.564 [main] DEBUG o.a.c.b.converters.ArrayConverter -     No conversion required, value is already a Integer[]
19:11:17.564 [main] DEBUG o.a.c.b.converters.ArrayConverter - Setting default value: [Ljava.lang.Long;@16ac5d35
19:11:17.564 [main] DEBUG o.a.c.b.converters.ArrayConverter - Converting 'Long[]' value '[Ljava.lang.Long;@16ac5d35' to type 'Long[]'
19:11:17.564 [main] DEBUG o.a.c.b.converters.ArrayConverter -     No conversion required, value is already a Long[]
19:11:17.564 [main] DEBUG o.a.c.b.converters.ArrayConverter - Setting default value: [Ljava.lang.Short;@3c0e00a8
19:11:17.564 [main] DEBUG o.a.c.b.converters.ArrayConverter - Converting 'Short[]' value '[Ljava.lang.Short;@3c0e00a8' to type 'Short[]'
19:11:17.564 [main] DEBUG o.a.c.b.converters.ArrayConverter -     No conversion required, value is already a Short[]
19:11:17.564 [main] DEBUG o.a.c.b.converters.ArrayConverter - Setting default value: [Ljava.lang.String;@6cd15072
19:11:17.564 [main] DEBUG o.a.c.b.converters.ArrayConverter - Converting 'String[]' value '[Ljava.lang.String;@6cd15072' to type 'String[]'
19:11:17.564 [main] DEBUG o.a.c.b.converters.ArrayConverter -     No conversion required, value is already a String[]
19:11:17.564 [main] DEBUG o.a.c.b.converters.ArrayConverter - Setting default value: [Ljava.lang.Class;@78cfa264
19:11:17.564 [main] DEBUG o.a.c.b.converters.ArrayConverter - Converting 'Class[]' value '[Ljava.lang.Class;@78cfa264' to type 'Class[]'
19:11:17.564 [main] DEBUG o.a.c.b.converters.ArrayConverter -     No conversion required, value is already a Class[]
19:11:17.564 [main] DEBUG o.a.c.b.converters.ArrayConverter - Setting default value: [Ljava.util.Date;@3408f695
19:11:17.564 [main] DEBUG o.a.c.b.converters.ArrayConverter - Converting 'Date[]' value '[Ljava.util.Date;@3408f695' to type 'Date[]'
19:11:17.564 [main] DEBUG o.a.c.b.converters.ArrayConverter -     No conversion required, value is already a Date[]
19:11:17.564 [main] DEBUG o.a.c.b.converters.ArrayConverter - Setting default value: [Ljava.util.Calendar;@4dde8976
19:11:17.564 [main] DEBUG o.a.c.b.converters.ArrayConverter - Converting 'Calendar[]' value '[Ljava.util.Calendar;@4dde8976' to type 'Calendar[]'
19:11:17.564 [main] DEBUG o.a.c.b.converters.ArrayConverter -     No conversion required, value is already a Calendar[]
19:11:17.564 [main] DEBUG o.a.c.b.converters.ArrayConverter - Setting default value: [Ljava.io.File;@3b4825f0
19:11:17.564 [main] DEBUG o.a.c.b.converters.ArrayConverter - Converting 'java.io.File[]' value '[Ljava.io.File;@3b4825f0' to type 'java.io.File[]'
19:11:17.564 [main] DEBUG o.a.c.b.converters.ArrayConverter -     No conversion required, value is already a java.io.File[]
19:11:17.565 [main] DEBUG o.a.c.b.converters.ArrayConverter - Setting default value: [Ljava.sql.Date;@7980cf2c
19:11:17.565 [main] DEBUG o.a.c.b.converters.ArrayConverter - Converting 'java.sql.Date[]' value '[Ljava.sql.Date;@7980cf2c' to type 'java.sql.Date[]'
19:11:17.565 [main] DEBUG o.a.c.b.converters.ArrayConverter -     No conversion required, value is already a java.sql.Date[]
19:11:17.565 [main] DEBUG o.a.c.b.converters.ArrayConverter - Setting default value: [Ljava.sql.Time;@759de304
19:11:17.565 [main] DEBUG o.a.c.b.converters.ArrayConverter - Converting 'java.sql.Time[]' value '[Ljava.sql.Time;@759de304' to type 'java.sql.Time[]'
19:11:17.565 [main] DEBUG o.a.c.b.converters.ArrayConverter -     No conversion required, value is already a java.sql.Time[]
19:11:17.565 [main] DEBUG o.a.c.b.converters.ArrayConverter - Setting default value: [Ljava.sql.Timestamp;@294f9d50
19:11:17.565 [main] DEBUG o.a.c.b.converters.ArrayConverter - Converting 'java.sql.Timestamp[]' value '[Ljava.sql.Timestamp;@294f9d50' to type 'java.sql.Timestamp[]'
19:11:17.565 [main] DEBUG o.a.c.b.converters.ArrayConverter -     No conversion required, value is already a java.sql.Timestamp[]
19:11:17.565 [main] DEBUG o.a.c.b.converters.ArrayConverter - Setting default value: [Ljava.net.URL;@3ddb774f
19:11:17.565 [main] DEBUG o.a.c.b.converters.ArrayConverter - Converting 'java.net.URL[]' value '[Ljava.net.URL;@3ddb774f' to type 'java.net.URL[]'
19:11:17.565 [main] DEBUG o.a.c.b.converters.ArrayConverter -     No conversion required, value is already a java.net.URL[]
19:11:17.598 [main] DEBUG org.dozer.fieldmap.FieldMap - Getting ready to invoke write method on the destination object. Dest Obj: UserDTO, Dest value: null
19:11:17.599 [main] DEBUG org.dozer.MappingProcessor - MAPPED: User.mail --> UserDTO.mail    VALUES: NULL --> NULL    MAPID: 
19:11:17.599 [main] DEBUG org.dozer.fieldmap.FieldMap - Getting ready to invoke write method on the destination object. Dest Obj: UserDTO, Dest value: null
19:11:17.599 [main] DEBUG org.dozer.MappingProcessor - MAPPED: User.phone --> UserDTO.phone    VALUES: NULL --> NULL    MAPID: 
19:11:17.599 [main] DEBUG org.dozer.fieldmap.FieldMap - Getting ready to invoke write method on the destination object. Dest Obj: UserDTO, Dest value: null
19:11:17.599 [main] DEBUG org.dozer.MappingProcessor - MAPPED: User.surname --> UserDTO.surname    VALUES: NULL --> NULL    MAPID: 
19:11:17.599 [main] DEBUG org.dozer.fieldmap.FieldMap - Getting ready to invoke write method on the destination object. Dest Obj: UserDTO, Dest value: BOB
19:11:17.599 [main] DEBUG org.dozer.MappingProcessor - MAPPED: User.name --> UserDTO.name    VALUES: BOB --> BOB    MAPID: 
19:11:17.600 [main] DEBUG org.dozer.fieldmap.FieldMap - Getting ready to invoke write method on the destination object. Dest Obj: UserDTO, Dest value: null
19:11:17.600 [main] DEBUG org.dozer.MappingProcessor - MAPPED: User.dateOfBirth --> UserDTO.dateOfBirth    VALUES: NULL --> NULL    MAPID: 
19:11:17.600 [main] DEBUG org.dozer.fieldmap.FieldMap - Getting ready to invoke write method on the destination object. Dest Obj: UserDTO, Dest value: null
19:11:17.600 [main] DEBUG org.dozer.MappingProcessor - MAPPED: User.id --> UserDTO.id    VALUES: NULL --> NULL    MAPID: 
19:11:17.600 [main] DEBUG org.dozer.fieldmap.FieldMap - Getting ready to invoke write method on the destination object. Dest Obj: UserDTO, Dest value: null
19:11:17.600 [main] DEBUG org.dozer.MappingProcessor - MAPPED: User.passwordHash --> UserDTO.passwordHash    VALUES: NULL --> NULL    MAPID: 
19:11:17.602 [main] DEBUG org.dozer.fieldmap.FieldMap - Getting ready to invoke write method on the destination object. Dest Obj: User, Dest value: null
19:11:17.602 [main] DEBUG org.dozer.MappingProcessor - MAPPED: UserDTO.mail --> User.mail    VALUES: NULL --> NULL    MAPID: 
19:11:17.602 [main] DEBUG org.dozer.fieldmap.FieldMap - Getting ready to invoke write method on the destination object. Dest Obj: User, Dest value: null
19:11:17.602 [main] DEBUG org.dozer.MappingProcessor - MAPPED: UserDTO.phone --> User.phone    VALUES: NULL --> NULL    MAPID: 
19:11:17.602 [main] DEBUG org.dozer.fieldmap.FieldMap - Getting ready to invoke write method on the destination object. Dest Obj: User, Dest value: null
19:11:17.602 [main] DEBUG org.dozer.MappingProcessor - MAPPED: UserDTO.surname --> User.surname    VALUES: NULL --> NULL    MAPID: 
19:11:17.602 [main] DEBUG org.dozer.fieldmap.FieldMap - Getting ready to invoke write method on the destination object. Dest Obj: User, Dest value: BOB
19:11:17.602 [main] DEBUG org.dozer.MappingProcessor - MAPPED: UserDTO.name --> User.name    VALUES: BOB --> BOB    MAPID: 
19:11:17.602 [main] DEBUG org.dozer.fieldmap.FieldMap - Getting ready to invoke write method on the destination object. Dest Obj: User, Dest value: null
19:11:17.602 [main] DEBUG org.dozer.MappingProcessor - MAPPED: UserDTO.dateOfBirth --> User.dateOfBirth    VALUES: NULL --> NULL    MAPID: 
19:11:17.602 [main] DEBUG org.dozer.fieldmap.FieldMap - Getting ready to invoke write method on the destination object. Dest Obj: User, Dest value: null
19:11:17.602 [main] DEBUG org.dozer.MappingProcessor - MAPPED: UserDTO.id --> User.id    VALUES: NULL --> NULL    MAPID: 
19:11:17.602 [main] DEBUG org.dozer.fieldmap.FieldMap - Getting ready to invoke write method on the destination object. Dest Obj: User, Dest value: null
19:11:17.602 [main] DEBUG org.dozer.MappingProcessor - MAPPED: UserDTO.passwordHash --> User.passwordHash    VALUES: NULL --> NULL    MAPID: 
]]></system-out>
  </testcase>
  <testcase name="getAllBookingsLastWeek" classname="com.frenchies.tennisclub.service.BookingServiceTest" time="0.015"/>
  <testcase name="prepareTestBooking" classname="com.frenchies.tennisclub.facade.BookingFacadeTest" time="0.156">
    <failure message="Validation failed for classes [com.frenchies.tennisclub.entity.User] during persist time for groups [javax.validation.groups.Default, ]&#10;List of constraint violations:[&#10;	ConstraintViolationImpl{interpolatedMessage=&apos;may not be null&apos;, propertyPath=login, rootBeanClass=class com.frenchies.tennisclub.entity.User, messageTemplate=&apos;{javax.validation.constraints.NotNull.message}&apos;}&#10;]" type="javax.validation.ConstraintViolationException">javax.validation.ConstraintViolationException: Validation failed for classes [com.frenchies.tennisclub.entity.User] during persist time for groups [javax.validation.groups.Default, ]
List of constraint violations:[
	ConstraintViolationImpl{interpolatedMessage='may not be null', propertyPath=login, rootBeanClass=class com.frenchies.tennisclub.entity.User, messageTemplate='{javax.validation.constraints.NotNull.message}'}
]
	at org.hibernate.cfg.beanvalidation.BeanValidationEventListener.validate(BeanValidationEventListener.java:160)
	at org.hibernate.cfg.beanvalidation.BeanValidationEventListener.onPreInsert(BeanValidationEventListener.java:95)
	at org.hibernate.action.internal.EntityIdentityInsertAction.preInsert(EntityIdentityInsertAction.java:214)
	at org.hibernate.action.internal.EntityIdentityInsertAction.execute(EntityIdentityInsertAction.java:92)
	at org.hibernate.engine.spi.ActionQueue.execute(ActionQueue.java:492)
	at org.hibernate.engine.spi.ActionQueue.addResolvedEntityInsertAction(ActionQueue.java:197)
	at org.hibernate.engine.spi.ActionQueue.addInsertAction(ActionQueue.java:181)
	at org.hibernate.engine.spi.ActionQueue.addAction(ActionQueue.java:216)
	at org.hibernate.event.internal.AbstractSaveEventListener.addInsertAction(AbstractSaveEventListener.java:334)
	at org.hibernate.event.internal.AbstractSaveEventListener.performSaveOrReplicate(AbstractSaveEventListener.java:289)
	at org.hibernate.event.internal.AbstractSaveEventListener.performSave(AbstractSaveEventListener.java:195)
	at org.hibernate.event.internal.AbstractSaveEventListener.saveWithGeneratedId(AbstractSaveEventListener.java:126)
	at org.hibernate.jpa.event.internal.core.JpaPersistEventListener.saveWithGeneratedId(JpaPersistEventListener.java:84)
	at org.hibernate.event.internal.DefaultPersistEventListener.entityIsTransient(DefaultPersistEventListener.java:206)
	at org.hibernate.event.internal.DefaultPersistEventListener.onPersist(DefaultPersistEventListener.java:149)
	at org.hibernate.event.internal.DefaultPersistEventListener.onPersist(DefaultPersistEventListener.java:75)
	at org.hibernate.internal.SessionImpl.firePersist(SessionImpl.java:811)
	at org.hibernate.internal.SessionImpl.persist(SessionImpl.java:784)
	at org.hibernate.internal.SessionImpl.persist(SessionImpl.java:789)
	at org.hibernate.jpa.spi.AbstractEntityManagerImpl.persist(AbstractEntityManagerImpl.java:1181)
	at sun.reflect.NativeMethodAccessorImpl.invoke0(Native Method)
	at sun.reflect.NativeMethodAccessorImpl.invoke(NativeMethodAccessorImpl.java:62)
	at sun.reflect.DelegatingMethodAccessorImpl.invoke(DelegatingMethodAccessorImpl.java:43)
	at java.lang.reflect.Method.invoke(Method.java:498)
	at org.springframework.orm.jpa.SharedEntityManagerCreator$SharedEntityManagerInvocationHandler.invoke(SharedEntityManagerCreator.java:291)
	at com.sun.proxy.$Proxy43.persist(Unknown Source)
	at com.frenchies.tennisclub.dao.UserDaoImpl.create(UserDaoImpl.java:27)
	at com.frenchies.tennisclub.service.UserServiceImpl.registerUser(UserServiceImpl.java:30)
	at com.frenchies.tennisclub.service.facade.UserFacadeImpl.createUser(UserFacadeImpl.java:49)
	at sun.reflect.NativeMethodAccessorImpl.invoke0(Native Method)
	at sun.reflect.NativeMethodAccessorImpl.invoke(NativeMethodAccessorImpl.java:62)
	at sun.reflect.DelegatingMethodAccessorImpl.invoke(DelegatingMethodAccessorImpl.java:43)
	at java.lang.reflect.Method.invoke(Method.java:498)
	at org.springframework.aop.support.AopUtils.invokeJoinpointUsingReflection(AopUtils.java:317)
	at org.springframework.aop.framework.ReflectiveMethodInvocation.invokeJoinpoint(ReflectiveMethodInvocation.java:190)
	at org.springframework.aop.framework.ReflectiveMethodInvocation.proceed(ReflectiveMethodInvocation.java:157)
	at org.springframework.transaction.interceptor.TransactionInterceptor$1.proceedWithInvocation(TransactionInterceptor.java:99)
	at org.springframework.transaction.interceptor.TransactionAspectSupport.invokeWithinTransaction(TransactionAspectSupport.java:281)
	at org.springframework.transaction.interceptor.TransactionInterceptor.invoke(TransactionInterceptor.java:96)
	at org.springframework.aop.framework.ReflectiveMethodInvocation.proceed(ReflectiveMethodInvocation.java:179)
	at org.springframework.aop.framework.JdkDynamicAopProxy.invoke(JdkDynamicAopProxy.java:207)
	at com.sun.proxy.$Proxy49.createUser(Unknown Source)
	at com.frenchies.tennisclub.facade.BookingFacadeTest.prepareTestBooking(BookingFacadeTest.java:81)
</failure>
    <system-out><![CDATA[19:11:17.648 [main] DEBUG o.s.orm.jpa.JpaTransactionManager - Initiating transaction rollback
19:11:17.648 [main] DEBUG o.s.orm.jpa.JpaTransactionManager - Rolling back JPA transaction on EntityManager [org.hibernate.jpa.internal.EntityManagerImpl@c689973]
19:11:17.648 [main] DEBUG o.h.e.t.spi.AbstractTransactionImpl - rolling back
19:11:17.648 [main] DEBUG o.h.e.t.i.jdbc.JdbcTransaction - rolled JDBC Connection
19:11:17.648 [main] DEBUG o.h.e.t.i.jdbc.JdbcTransaction - re-enabling autocommit
19:11:17.648 [main] DEBUG o.s.orm.jpa.JpaTransactionManager - Closing JPA EntityManager [org.hibernate.jpa.internal.EntityManagerImpl@c689973] after transaction
19:11:17.648 [main] DEBUG o.s.o.jpa.EntityManagerFactoryUtils - Closing JPA EntityManager
19:11:17.648 [main] DEBUG o.h.e.j.i.LogicalConnectionImpl - Releasing JDBC connection
19:11:17.649 [main] DEBUG o.h.e.jdbc.spi.SqlExceptionHelper - SQL Warning
java.sql.SQLWarning: Database 'memory:testdb' not created, connection made to existing database instead.
	at org.apache.derby.iapi.error.SQLWarningFactory.newSQLWarning(Unknown Source) ~[derby-10.10.2.0.jar:na]
	at org.apache.derby.iapi.error.SQLWarningFactory.newSQLWarning(Unknown Source) ~[derby-10.10.2.0.jar:na]
	at org.apache.derby.impl.jdbc.EmbedConnection.<init>(Unknown Source) ~[derby-10.10.2.0.jar:na]
	at org.apache.derby.impl.jdbc.EmbedConnection40.<init>(Unknown Source) ~[derby-10.10.2.0.jar:na]
	at org.apache.derby.jdbc.Driver40.getNewEmbedConnection(Unknown Source) ~[derby-10.10.2.0.jar:na]
	at org.apache.derby.jdbc.InternalDriver.connect(Unknown Source) ~[derby-10.10.2.0.jar:na]
	at org.apache.derby.jdbc.Driver20.connect(Unknown Source) ~[derby-10.10.2.0.jar:na]
	at org.apache.derby.jdbc.EmbeddedDriver.connect(Unknown Source) ~[derby-10.10.2.0.jar:na]
	at org.springframework.jdbc.datasource.SimpleDriverDataSource.getConnectionFromDriver(SimpleDriverDataSource.java:140) ~[spring-jdbc-4.1.8.RELEASE.jar:4.1.8.RELEASE]
	at org.springframework.jdbc.datasource.AbstractDriverBasedDataSource.getConnectionFromDriver(AbstractDriverBasedDataSource.java:155) ~[spring-jdbc-4.1.8.RELEASE.jar:4.1.8.RELEASE]
	at org.springframework.jdbc.datasource.AbstractDriverBasedDataSource.getConnection(AbstractDriverBasedDataSource.java:120) ~[spring-jdbc-4.1.8.RELEASE.jar:4.1.8.RELEASE]
	at org.springframework.jdbc.datasource.embedded.EmbeddedDatabaseFactory$EmbeddedDataSourceProxy.getConnection(EmbeddedDatabaseFactory.java:204) ~[spring-jdbc-4.1.8.RELEASE.jar:4.1.8.RELEASE]
	at org.hibernate.engine.jdbc.connections.internal.DatasourceConnectionProviderImpl.getConnection(DatasourceConnectionProviderImpl.java:139) ~[hibernate-core-4.3.11.Final.jar:4.3.11.Final]
	at org.hibernate.internal.AbstractSessionImpl$NonContextualJdbcConnectionAccess.obtainConnection(AbstractSessionImpl.java:380) ~[hibernate-core-4.3.11.Final.jar:4.3.11.Final]
	at org.hibernate.engine.jdbc.internal.LogicalConnectionImpl.obtainConnection(LogicalConnectionImpl.java:228) ~[hibernate-core-4.3.11.Final.jar:4.3.11.Final]
	at org.hibernate.engine.jdbc.internal.LogicalConnectionImpl.getConnection(LogicalConnectionImpl.java:171) ~[hibernate-core-4.3.11.Final.jar:4.3.11.Final]
	at org.hibernate.engine.transaction.internal.jdbc.JdbcTransaction.doBegin(JdbcTransaction.java:67) ~[hibernate-core-4.3.11.Final.jar:4.3.11.Final]
	at org.hibernate.engine.transaction.spi.AbstractTransactionImpl.begin(AbstractTransactionImpl.java:162) ~[hibernate-core-4.3.11.Final.jar:4.3.11.Final]
	at org.hibernate.internal.SessionImpl.beginTransaction(SessionImpl.java:1471) ~[hibernate-core-4.3.11.Final.jar:4.3.11.Final]
	at org.hibernate.jpa.internal.TransactionImpl.begin(TransactionImpl.java:61) ~[hibernate-entitymanager-4.3.11.Final.jar:4.3.11.Final]
	at org.springframework.orm.jpa.DefaultJpaDialect.beginTransaction(DefaultJpaDialect.java:67) ~[spring-orm-4.1.8.RELEASE.jar:4.1.8.RELEASE]
	at org.springframework.orm.jpa.JpaTransactionManager.doBegin(JpaTransactionManager.java:380) ~[spring-orm-4.1.8.RELEASE.jar:4.1.8.RELEASE]
	at org.springframework.transaction.support.AbstractPlatformTransactionManager.getTransaction(AbstractPlatformTransactionManager.java:373) ~[spring-tx-4.1.8.RELEASE.jar:4.1.8.RELEASE]
	at org.springframework.test.context.transaction.TransactionContext.startTransaction(TransactionContext.java:98) ~[spring-test-4.1.8.RELEASE.jar:4.1.8.RELEASE]
	at org.springframework.test.context.transaction.TransactionalTestExecutionListener.beforeTestMethod(TransactionalTestExecutionListener.java:200) ~[spring-test-4.1.8.RELEASE.jar:4.1.8.RELEASE]
	at org.springframework.test.context.TestContextManager.beforeTestMethod(TestContextManager.java:249) ~[spring-test-4.1.8.RELEASE.jar:4.1.8.RELEASE]
	at org.springframework.test.context.testng.AbstractTestNGSpringContextTests.springTestContextBeforeTestMethod(AbstractTestNGSpringContextTests.java:158) ~[spring-test-4.1.8.RELEASE.jar:4.1.8.RELEASE]
	at sun.reflect.NativeMethodAccessorImpl.invoke0(Native Method) ~[na:1.8.0_151]
	at sun.reflect.NativeMethodAccessorImpl.invoke(NativeMethodAccessorImpl.java:62) ~[na:1.8.0_151]
	at sun.reflect.DelegatingMethodAccessorImpl.invoke(DelegatingMethodAccessorImpl.java:43) ~[na:1.8.0_151]
	at java.lang.reflect.Method.invoke(Method.java:498) ~[na:1.8.0_151]
	at org.testng.internal.MethodInvocationHelper.invokeMethod(MethodInvocationHelper.java:84) ~[testng-6.8.8.jar:na]
	at org.testng.internal.Invoker.invokeConfigurationMethod(Invoker.java:564) ~[testng-6.8.8.jar:na]
	at org.testng.internal.Invoker.invokeConfigurations(Invoker.java:213) ~[testng-6.8.8.jar:na]
	at org.testng.internal.Invoker.invokeMethod(Invoker.java:653) ~[testng-6.8.8.jar:na]
	at org.testng.internal.Invoker.invokeTestMethod(Invoker.java:901) ~[testng-6.8.8.jar:na]
	at org.testng.internal.Invoker.invokeTestMethods(Invoker.java:1231) ~[testng-6.8.8.jar:na]
	at org.testng.internal.TestMethodWorker.invokeTestMethods(TestMethodWorker.java:127) ~[testng-6.8.8.jar:na]
	at org.testng.internal.TestMethodWorker.run(TestMethodWorker.java:111) ~[testng-6.8.8.jar:na]
	at org.testng.TestRunner.privateRun(TestRunner.java:767) ~[testng-6.8.8.jar:na]
	at org.testng.TestRunner.run(TestRunner.java:617) ~[testng-6.8.8.jar:na]
	at org.testng.SuiteRunner.runTest(SuiteRunner.java:348) [testng-6.8.8.jar:na]
	at org.testng.SuiteRunner.runSequentially(SuiteRunner.java:343) [testng-6.8.8.jar:na]
	at org.testng.SuiteRunner.privateRun(SuiteRunner.java:305) [testng-6.8.8.jar:na]
	at org.testng.SuiteRunner.run(SuiteRunner.java:254) [testng-6.8.8.jar:na]
	at org.testng.SuiteRunnerWorker.runSuite(SuiteRunnerWorker.java:52) [testng-6.8.8.jar:na]
	at org.testng.SuiteRunnerWorker.run(SuiteRunnerWorker.java:86) [testng-6.8.8.jar:na]
	at org.testng.TestNG.runSuitesSequentially(TestNG.java:1224) [testng-6.8.8.jar:na]
	at org.testng.TestNG.runSuitesLocally(TestNG.java:1149) [testng-6.8.8.jar:na]
	at org.testng.TestNG.run(TestNG.java:1057) [testng-6.8.8.jar:na]
	at org.apache.maven.surefire.testng.TestNGExecutor.run(TestNGExecutor.java:115) [surefire-testng-2.17.jar:2.17]
	at org.apache.maven.surefire.testng.TestNGDirectoryTestSuite.executeMulti(TestNGDirectoryTestSuite.java:204) [surefire-testng-2.17.jar:2.17]
	at org.apache.maven.surefire.testng.TestNGDirectoryTestSuite.execute(TestNGDirectoryTestSuite.java:107) [surefire-testng-2.17.jar:2.17]
	at org.apache.maven.surefire.testng.TestNGProvider.invoke(TestNGProvider.java:112) [surefire-testng-2.17.jar:2.17]
	at org.apache.maven.surefire.booter.ForkedBooter.invokeProviderInSameClassLoader(ForkedBooter.java:200) [surefire-booter-2.17.jar:2.17]
	at org.apache.maven.surefire.booter.ForkedBooter.runSuitesInProcess(ForkedBooter.java:153) [surefire-booter-2.17.jar:2.17]
	at org.apache.maven.surefire.booter.ForkedBooter.main(ForkedBooter.java:103) [surefire-booter-2.17.jar:2.17]
19:11:17.650 [main] WARN  o.h.e.jdbc.spi.SqlExceptionHelper - SQL Warning Code: 10000, SQLState: 01J01
19:11:17.650 [main] WARN  o.h.e.jdbc.spi.SqlExceptionHelper - Database 'memory:testdb' not created, connection made to existing database instead.
19:11:17.650 [main] DEBUG o.h.e.j.i.LogicalConnectionImpl - Released JDBC connection
19:11:17.650 [main] INFO  o.s.t.c.t.TransactionContext - Rolled back transaction for test context [DefaultTestContext@580fd26b testClass = BookingServiceTest, testInstance = com.frenchies.tennisclub.service.BookingServiceTest@5579bb86, testMethod = getAllBookingsLastWeek@BookingServiceTest, testException = [null], mergedContextConfiguration = [MergedContextConfiguration@78fe204a testClass = BookingServiceTest, locations = '{}', classes = '{class com.frenchies.tennisclub.service.config.ServiceConfiguration}', contextInitializerClasses = '[]', activeProfiles = '{}', propertySourceLocations = '{}', propertySourceProperties = '{}', contextLoader = 'org.springframework.test.context.support.DelegatingSmartContextLoader', parent = [null]]].
19:11:17.650 [main] DEBUG o.s.t.c.s.DirtiesContextTestExecutionListener - After test method: context [DefaultTestContext@580fd26b testClass = BookingServiceTest, testInstance = com.frenchies.tennisclub.service.BookingServiceTest@5579bb86, testMethod = getAllBookingsLastWeek@BookingServiceTest, testException = [null], mergedContextConfiguration = [MergedContextConfiguration@78fe204a testClass = BookingServiceTest, locations = '{}', classes = '{class com.frenchies.tennisclub.service.config.ServiceConfiguration}', contextInitializerClasses = '[]', activeProfiles = '{}', propertySourceLocations = '{}', propertySourceProperties = '{}', contextLoader = 'org.springframework.test.context.support.DelegatingSmartContextLoader', parent = [null]]], class dirties context [false], class mode [null], method dirties context [false].
19:11:17.650 [main] DEBUG o.s.t.c.s.DirtiesContextTestExecutionListener - After test class: context [DefaultTestContext@580fd26b testClass = BookingServiceTest, testInstance = [null], testMethod = [null], testException = [null], mergedContextConfiguration = [MergedContextConfiguration@78fe204a testClass = BookingServiceTest, locations = '{}', classes = '{class com.frenchies.tennisclub.service.config.ServiceConfiguration}', contextInitializerClasses = '[]', activeProfiles = '{}', propertySourceLocations = '{}', propertySourceProperties = '{}', contextLoader = 'org.springframework.test.context.support.DelegatingSmartContextLoader', parent = [null]]], dirtiesContext [false].
19:11:17.651 [main] DEBUG o.s.t.c.s.DependencyInjectionTestExecutionListener - Performing dependency injection for test context [[DefaultTestContext@54a2d96e testClass = BookingFacadeTest, testInstance = com.frenchies.tennisclub.facade.BookingFacadeTest@306279ee, testMethod = [null], testException = [null], mergedContextConfiguration = [MergedContextConfiguration@66a53104 testClass = BookingFacadeTest, locations = '{}', classes = '{class com.frenchies.tennisclub.service.config.ServiceConfiguration}', contextInitializerClasses = '[]', activeProfiles = '{}', propertySourceLocations = '{}', propertySourceProperties = '{}', contextLoader = 'org.springframework.test.context.support.DelegatingSmartContextLoader', parent = [null]]]].
19:11:17.651 [main] DEBUG o.s.t.c.DefaultCacheAwareContextLoaderDelegate - Retrieved ApplicationContext from cache with key [[MergedContextConfiguration@66a53104 testClass = BookingFacadeTest, locations = '{}', classes = '{class com.frenchies.tennisclub.service.config.ServiceConfiguration}', contextInitializerClasses = '[]', activeProfiles = '{}', propertySourceLocations = '{}', propertySourceProperties = '{}', contextLoader = 'org.springframework.test.context.support.DelegatingSmartContextLoader', parent = [null]]]
19:11:17.651 [main] DEBUG o.springframework.test.context.cache - Spring test ApplicationContext cache statistics: [ContextCache@3679d92e size = 1, hitCount = 5, missCount = 1, parentContextCount = 0]
19:11:17.654 [main] DEBUG o.s.b.f.annotation.InjectionMetadata - Processing injected element of bean 'com.frenchies.tennisclub.facade.BookingFacadeTest': AutowiredFieldElement for private com.frenchies.tennisclub.facade.BookingFacade com.frenchies.tennisclub.facade.BookingFacadeTest.bookingFacade
19:11:17.655 [main] DEBUG o.s.b.f.s.DefaultListableBeanFactory - Returning cached instance of singleton bean 'bookingFacadeImpl'
19:11:17.655 [main] DEBUG o.s.b.f.a.AutowiredAnnotationBeanPostProcessor - Autowiring by type from bean name 'com.frenchies.tennisclub.facade.BookingFacadeTest' to bean named 'bookingFacadeImpl'
19:11:17.655 [main] DEBUG o.s.b.f.annotation.InjectionMetadata - Processing injected element of bean 'com.frenchies.tennisclub.facade.BookingFacadeTest': AutowiredFieldElement for private com.frenchies.tennisclub.facade.UserFacade com.frenchies.tennisclub.facade.BookingFacadeTest.userFacade
19:11:17.655 [main] DEBUG o.s.b.f.s.DefaultListableBeanFactory - Returning cached instance of singleton bean 'userFacadeImpl'
19:11:17.655 [main] DEBUG o.s.b.f.a.AutowiredAnnotationBeanPostProcessor - Autowiring by type from bean name 'com.frenchies.tennisclub.facade.BookingFacadeTest' to bean named 'userFacadeImpl'
19:11:17.656 [main] DEBUG o.s.b.f.s.DefaultListableBeanFactory - Returning cached instance of singleton bean 'org.springframework.transaction.config.internalTransactionAdvisor'
19:11:17.656 [main] DEBUG o.s.t.a.AnnotationTransactionAttributeSource - Adding transactional method 'BookingFacadeTest.prepareTestBooking' with attribute: PROPAGATION_REQUIRED,ISOLATION_DEFAULT
19:11:17.656 [main] DEBUG o.s.a.f.a.InfrastructureAdvisorAutoProxyCreator - Creating implicit proxy for bean 'com.frenchies.tennisclub.facade.BookingFacadeTest' with 0 common interceptors and 1 specific interceptors
19:11:17.656 [main] DEBUG o.s.aop.framework.JdkDynamicAopProxy - Creating JDK dynamic proxy: target source is SingletonTargetSource for target object [com.frenchies.tennisclub.facade.BookingFacadeTest@306279ee]
19:11:17.657 [main] DEBUG o.s.t.a.AnnotationTransactionAttributeSource - Adding transactional method 'BookingFacadeTest.createBookingTest' with attribute: PROPAGATION_REQUIRED,ISOLATION_DEFAULT
19:11:17.657 [main] DEBUG o.s.t.c.t.TransactionalTestExecutionListener - Explicit transaction definition [PROPAGATION_REQUIRED,ISOLATION_DEFAULT] found for test context [DefaultTestContext@54a2d96e testClass = BookingFacadeTest, testInstance = com.frenchies.tennisclub.facade.BookingFacadeTest@306279ee, testMethod = createBookingTest@BookingFacadeTest, testException = [null], mergedContextConfiguration = [MergedContextConfiguration@66a53104 testClass = BookingFacadeTest, locations = '{}', classes = '{class com.frenchies.tennisclub.service.config.ServiceConfiguration}', contextInitializerClasses = '[]', activeProfiles = '{}', propertySourceLocations = '{}', propertySourceProperties = '{}', contextLoader = 'org.springframework.test.context.support.DelegatingSmartContextLoader', parent = [null]]]
19:11:17.658 [main] DEBUG o.s.t.c.t.TransactionalTestExecutionListener - Retrieved @TransactionConfiguration attributes [null] for test class [class com.frenchies.tennisclub.facade.BookingFacadeTest].
19:11:17.658 [main] DEBUG o.s.t.c.t.TransactionalTestExecutionListener - Retrieved TransactionConfigurationAttributes [TransactionConfigurationAttributes@1b482cbf transactionManagerName = '', defaultRollback = true] for class [class com.frenchies.tennisclub.facade.BookingFacadeTest].
19:11:17.658 [main] DEBUG o.s.t.c.DefaultCacheAwareContextLoaderDelegate - Retrieved ApplicationContext from cache with key [[MergedContextConfiguration@66a53104 testClass = BookingFacadeTest, locations = '{}', classes = '{class com.frenchies.tennisclub.service.config.ServiceConfiguration}', contextInitializerClasses = '[]', activeProfiles = '{}', propertySourceLocations = '{}', propertySourceProperties = '{}', contextLoader = 'org.springframework.test.context.support.DelegatingSmartContextLoader', parent = [null]]]
19:11:17.658 [main] DEBUG o.springframework.test.context.cache - Spring test ApplicationContext cache statistics: [ContextCache@3679d92e size = 1, hitCount = 6, missCount = 1, parentContextCount = 0]
19:11:17.658 [main] DEBUG o.s.b.f.s.DefaultListableBeanFactory - Returning cached instance of singleton bean 'transactionManager'
19:11:17.659 [main] DEBUG o.s.t.c.t.TransactionalTestExecutionListener - No method-level @Rollback override: using default rollback [true] for test context [DefaultTestContext@54a2d96e testClass = BookingFacadeTest, testInstance = com.frenchies.tennisclub.facade.BookingFacadeTest@306279ee, testMethod = createBookingTest@BookingFacadeTest, testException = [null], mergedContextConfiguration = [MergedContextConfiguration@66a53104 testClass = BookingFacadeTest, locations = '{}', classes = '{class com.frenchies.tennisclub.service.config.ServiceConfiguration}', contextInitializerClasses = '[]', activeProfiles = '{}', propertySourceLocations = '{}', propertySourceProperties = '{}', contextLoader = 'org.springframework.test.context.support.DelegatingSmartContextLoader', parent = [null]]].
19:11:17.659 [main] DEBUG o.s.orm.jpa.JpaTransactionManager - Creating new transaction with name [com.frenchies.tennisclub.facade.BookingFacadeTest.createBookingTest]: PROPAGATION_REQUIRED,ISOLATION_DEFAULT
19:11:17.660 [main] DEBUG o.s.orm.jpa.JpaTransactionManager - Opened new EntityManager [org.hibernate.jpa.internal.EntityManagerImpl@661fe025] for JPA transaction
19:11:17.660 [main] DEBUG o.h.e.t.spi.AbstractTransactionImpl - begin
19:11:17.660 [main] DEBUG o.h.e.j.i.LogicalConnectionImpl - Obtaining JDBC connection
19:11:17.660 [main] DEBUG o.s.j.d.SimpleDriverDataSource - Creating new JDBC Driver Connection to [jdbc:derby:memory:testdb;create=true]
19:11:17.662 [main] DEBUG o.h.e.j.i.LogicalConnectionImpl - Obtained JDBC connection
19:11:17.662 [main] DEBUG o.h.e.t.i.jdbc.JdbcTransaction - initial autocommit status: true
19:11:17.662 [main] DEBUG o.h.e.t.i.jdbc.JdbcTransaction - disabling autocommit
19:11:17.662 [main] DEBUG o.s.orm.jpa.JpaTransactionManager - Not exposing JPA transaction [org.hibernate.jpa.internal.EntityManagerImpl@661fe025] as JDBC transaction because JpaDialect [org.springframework.orm.jpa.DefaultJpaDialect@3ff54f3d] does not support JDBC Connection retrieval
19:11:17.662 [main] INFO  o.s.t.c.t.TransactionContext - Began transaction (1) for test context [DefaultTestContext@54a2d96e testClass = BookingFacadeTest, testInstance = com.frenchies.tennisclub.facade.BookingFacadeTest@306279ee, testMethod = createBookingTest@BookingFacadeTest, testException = [null], mergedContextConfiguration = [MergedContextConfiguration@66a53104 testClass = BookingFacadeTest, locations = '{}', classes = '{class com.frenchies.tennisclub.service.config.ServiceConfiguration}', contextInitializerClasses = '[]', activeProfiles = '{}', propertySourceLocations = '{}', propertySourceProperties = '{}', contextLoader = 'org.springframework.test.context.support.DelegatingSmartContextLoader', parent = [null]]]; transaction manager [org.springframework.orm.jpa.JpaTransactionManager@62a68bcb]; rollback [true]
19:11:17.665 [main] DEBUG o.s.b.f.s.DefaultListableBeanFactory - Returning cached instance of singleton bean 'transactionManager'
19:11:17.666 [main] DEBUG o.s.orm.jpa.JpaTransactionManager - Found thread-bound EntityManager [org.hibernate.jpa.internal.EntityManagerImpl@661fe025] for JPA transaction
19:11:17.666 [main] DEBUG o.s.orm.jpa.JpaTransactionManager - Participating in existing transaction
19:11:17.666 [main] DEBUG org.dozer.fieldmap.FieldMap - Getting ready to invoke write method on the destination object. Dest Obj: User, Dest value: jean.françois@mail.com
19:11:17.666 [main] DEBUG org.dozer.MappingProcessor - MAPPED: UserDTO.mail --> User.mail    VALUES: jean.françois@mail.com --> jean.françois@mail.com    MAPID: 
19:11:17.666 [main] DEBUG org.dozer.fieldmap.FieldMap - Getting ready to invoke write method on the destination object. Dest Obj: User, Dest value: +33720362718
19:11:17.666 [main] DEBUG org.dozer.MappingProcessor - MAPPED: UserDTO.phone --> User.phone    VALUES: +33720362718 --> +33720362718    MAPID: 
19:11:17.666 [main] DEBUG org.dozer.fieldmap.FieldMap - Getting ready to invoke write method on the destination object. Dest Obj: User, Dest value: jean
19:11:17.666 [main] DEBUG org.dozer.MappingProcessor - MAPPED: UserDTO.surname --> User.surname    VALUES: jean --> jean    MAPID: 
19:11:17.666 [main] DEBUG org.dozer.fieldmap.FieldMap - Getting ready to invoke write method on the destination object. Dest Obj: User, Dest value: François
19:11:17.666 [main] DEBUG org.dozer.MappingProcessor - MAPPED: UserDTO.name --> User.name    VALUES: François --> François    MAPID: 
19:11:17.667 [main] DEBUG org.dozer.fieldmap.FieldMap - Getting ready to invoke write method on the destination object. Dest Obj: User, Dest value: Fri Dec 10 19:11:17 CET 1999
19:11:17.667 [main] DEBUG org.dozer.MappingProcessor - MAPPED: UserDTO.dateOfBirth --> User.dateOfBirth    VALUES: Fri Dec 10 19:11:17 CET 1999 --> Fri Dec 10 19:11:17 CET 1999    MAPID: 
19:11:17.667 [main] DEBUG org.dozer.fieldmap.FieldMap - Getting ready to invoke write method on the destination object. Dest Obj: User, Dest value: null
19:11:17.667 [main] DEBUG org.dozer.MappingProcessor - MAPPED: UserDTO.id --> User.id    VALUES: NULL --> NULL    MAPID: 
19:11:17.667 [main] DEBUG org.dozer.fieldmap.FieldMap - Getting ready to invoke write method on the destination object. Dest Obj: User, Dest value: null
19:11:17.667 [main] DEBUG org.dozer.MappingProcessor - MAPPED: UserDTO.passwordHash --> User.passwordHash    VALUES: NULL --> NULL    MAPID: 
19:11:17.746 [main] DEBUG org.hibernate.engine.spi.ActionQueue - Executing identity-insert immediately
19:11:17.774 [main] DEBUG o.h.v.r.PlatformResourceBundleLocator - ValidationMessages not found.
19:11:17.777 [main] DEBUG o.h.v.r.PlatformResourceBundleLocator - org.hibernate.validator.ValidationMessages found.
19:11:17.787 [main] DEBUG o.h.j.spi.AbstractEntityManagerImpl - Mark transaction for rollback
19:11:17.788 [main] DEBUG o.s.orm.jpa.JpaTransactionManager - Participating transaction failed - marking existing transaction as rollback-only
19:11:17.788 [main] DEBUG o.s.orm.jpa.JpaTransactionManager - Setting JPA transaction on EntityManager [org.hibernate.jpa.internal.EntityManagerImpl@661fe025] rollback-only
]]></system-out>
  </testcase>
  <testcase name="createBookingTest" classname="com.frenchies.tennisclub.facade.BookingFacadeTest" time="0">
    <skipped/>
  </testcase>
  <testcase name="springTestContextBeforeTestMethod" classname="com.frenchies.tennisclub.facade.BookingFacadeTest" time="0">
    <skipped/>
    <system-out><![CDATA[19:11:17.792 [main] DEBUG o.s.orm.jpa.JpaTransactionManager - Initiating transaction rollback
19:11:17.792 [main] DEBUG o.s.orm.jpa.JpaTransactionManager - Rolling back JPA transaction on EntityManager [org.hibernate.jpa.internal.EntityManagerImpl@661fe025]
19:11:17.792 [main] DEBUG o.h.e.t.spi.AbstractTransactionImpl - rolling back
19:11:17.792 [main] DEBUG o.h.e.t.i.jdbc.JdbcTransaction - rolled JDBC Connection
19:11:17.792 [main] DEBUG o.h.e.t.i.jdbc.JdbcTransaction - re-enabling autocommit
19:11:17.792 [main] DEBUG o.s.orm.jpa.JpaTransactionManager - Closing JPA EntityManager [org.hibernate.jpa.internal.EntityManagerImpl@661fe025] after transaction
19:11:17.792 [main] DEBUG o.s.o.jpa.EntityManagerFactoryUtils - Closing JPA EntityManager
19:11:17.792 [main] DEBUG o.h.e.j.i.LogicalConnectionImpl - Releasing JDBC connection
19:11:17.793 [main] DEBUG o.h.e.jdbc.spi.SqlExceptionHelper - SQL Warning
java.sql.SQLWarning: Database 'memory:testdb' not created, connection made to existing database instead.
	at org.apache.derby.iapi.error.SQLWarningFactory.newSQLWarning(Unknown Source) ~[derby-10.10.2.0.jar:na]
	at org.apache.derby.iapi.error.SQLWarningFactory.newSQLWarning(Unknown Source) ~[derby-10.10.2.0.jar:na]
	at org.apache.derby.impl.jdbc.EmbedConnection.<init>(Unknown Source) ~[derby-10.10.2.0.jar:na]
	at org.apache.derby.impl.jdbc.EmbedConnection40.<init>(Unknown Source) ~[derby-10.10.2.0.jar:na]
	at org.apache.derby.jdbc.Driver40.getNewEmbedConnection(Unknown Source) ~[derby-10.10.2.0.jar:na]
	at org.apache.derby.jdbc.InternalDriver.connect(Unknown Source) ~[derby-10.10.2.0.jar:na]
	at org.apache.derby.jdbc.Driver20.connect(Unknown Source) ~[derby-10.10.2.0.jar:na]
	at org.apache.derby.jdbc.EmbeddedDriver.connect(Unknown Source) ~[derby-10.10.2.0.jar:na]
	at org.springframework.jdbc.datasource.SimpleDriverDataSource.getConnectionFromDriver(SimpleDriverDataSource.java:140) ~[spring-jdbc-4.1.8.RELEASE.jar:4.1.8.RELEASE]
	at org.springframework.jdbc.datasource.AbstractDriverBasedDataSource.getConnectionFromDriver(AbstractDriverBasedDataSource.java:155) ~[spring-jdbc-4.1.8.RELEASE.jar:4.1.8.RELEASE]
	at org.springframework.jdbc.datasource.AbstractDriverBasedDataSource.getConnection(AbstractDriverBasedDataSource.java:120) ~[spring-jdbc-4.1.8.RELEASE.jar:4.1.8.RELEASE]
	at org.springframework.jdbc.datasource.embedded.EmbeddedDatabaseFactory$EmbeddedDataSourceProxy.getConnection(EmbeddedDatabaseFactory.java:204) ~[spring-jdbc-4.1.8.RELEASE.jar:4.1.8.RELEASE]
	at org.hibernate.engine.jdbc.connections.internal.DatasourceConnectionProviderImpl.getConnection(DatasourceConnectionProviderImpl.java:139) ~[hibernate-core-4.3.11.Final.jar:4.3.11.Final]
	at org.hibernate.internal.AbstractSessionImpl$NonContextualJdbcConnectionAccess.obtainConnection(AbstractSessionImpl.java:380) ~[hibernate-core-4.3.11.Final.jar:4.3.11.Final]
	at org.hibernate.engine.jdbc.internal.LogicalConnectionImpl.obtainConnection(LogicalConnectionImpl.java:228) ~[hibernate-core-4.3.11.Final.jar:4.3.11.Final]
	at org.hibernate.engine.jdbc.internal.LogicalConnectionImpl.getConnection(LogicalConnectionImpl.java:171) ~[hibernate-core-4.3.11.Final.jar:4.3.11.Final]
	at org.hibernate.engine.transaction.internal.jdbc.JdbcTransaction.doBegin(JdbcTransaction.java:67) ~[hibernate-core-4.3.11.Final.jar:4.3.11.Final]
	at org.hibernate.engine.transaction.spi.AbstractTransactionImpl.begin(AbstractTransactionImpl.java:162) ~[hibernate-core-4.3.11.Final.jar:4.3.11.Final]
	at org.hibernate.internal.SessionImpl.beginTransaction(SessionImpl.java:1471) ~[hibernate-core-4.3.11.Final.jar:4.3.11.Final]
	at org.hibernate.jpa.internal.TransactionImpl.begin(TransactionImpl.java:61) ~[hibernate-entitymanager-4.3.11.Final.jar:4.3.11.Final]
	at org.springframework.orm.jpa.DefaultJpaDialect.beginTransaction(DefaultJpaDialect.java:67) ~[spring-orm-4.1.8.RELEASE.jar:4.1.8.RELEASE]
	at org.springframework.orm.jpa.JpaTransactionManager.doBegin(JpaTransactionManager.java:380) ~[spring-orm-4.1.8.RELEASE.jar:4.1.8.RELEASE]
	at org.springframework.transaction.support.AbstractPlatformTransactionManager.getTransaction(AbstractPlatformTransactionManager.java:373) ~[spring-tx-4.1.8.RELEASE.jar:4.1.8.RELEASE]
	at org.springframework.test.context.transaction.TransactionContext.startTransaction(TransactionContext.java:98) ~[spring-test-4.1.8.RELEASE.jar:4.1.8.RELEASE]
	at org.springframework.test.context.transaction.TransactionalTestExecutionListener.beforeTestMethod(TransactionalTestExecutionListener.java:200) ~[spring-test-4.1.8.RELEASE.jar:4.1.8.RELEASE]
	at org.springframework.test.context.TestContextManager.beforeTestMethod(TestContextManager.java:249) ~[spring-test-4.1.8.RELEASE.jar:4.1.8.RELEASE]
	at org.springframework.test.context.testng.AbstractTestNGSpringContextTests.springTestContextBeforeTestMethod(AbstractTestNGSpringContextTests.java:158) ~[spring-test-4.1.8.RELEASE.jar:4.1.8.RELEASE]
	at sun.reflect.NativeMethodAccessorImpl.invoke0(Native Method) ~[na:1.8.0_151]
	at sun.reflect.NativeMethodAccessorImpl.invoke(NativeMethodAccessorImpl.java:62) ~[na:1.8.0_151]
	at sun.reflect.DelegatingMethodAccessorImpl.invoke(DelegatingMethodAccessorImpl.java:43) ~[na:1.8.0_151]
	at java.lang.reflect.Method.invoke(Method.java:498) ~[na:1.8.0_151]
	at org.testng.internal.MethodInvocationHelper.invokeMethod(MethodInvocationHelper.java:84) ~[testng-6.8.8.jar:na]
	at org.testng.internal.Invoker.invokeConfigurationMethod(Invoker.java:564) ~[testng-6.8.8.jar:na]
	at org.testng.internal.Invoker.invokeConfigurations(Invoker.java:213) ~[testng-6.8.8.jar:na]
	at org.testng.internal.Invoker.invokeMethod(Invoker.java:653) ~[testng-6.8.8.jar:na]
	at org.testng.internal.Invoker.invokeTestMethod(Invoker.java:901) ~[testng-6.8.8.jar:na]
	at org.testng.internal.Invoker.invokeTestMethods(Invoker.java:1231) ~[testng-6.8.8.jar:na]
	at org.testng.internal.TestMethodWorker.invokeTestMethods(TestMethodWorker.java:127) ~[testng-6.8.8.jar:na]
	at org.testng.internal.TestMethodWorker.run(TestMethodWorker.java:111) ~[testng-6.8.8.jar:na]
	at org.testng.TestRunner.privateRun(TestRunner.java:767) ~[testng-6.8.8.jar:na]
	at org.testng.TestRunner.run(TestRunner.java:617) ~[testng-6.8.8.jar:na]
	at org.testng.SuiteRunner.runTest(SuiteRunner.java:348) [testng-6.8.8.jar:na]
	at org.testng.SuiteRunner.runSequentially(SuiteRunner.java:343) [testng-6.8.8.jar:na]
	at org.testng.SuiteRunner.privateRun(SuiteRunner.java:305) [testng-6.8.8.jar:na]
	at org.testng.SuiteRunner.run(SuiteRunner.java:254) [testng-6.8.8.jar:na]
	at org.testng.SuiteRunnerWorker.runSuite(SuiteRunnerWorker.java:52) [testng-6.8.8.jar:na]
	at org.testng.SuiteRunnerWorker.run(SuiteRunnerWorker.java:86) [testng-6.8.8.jar:na]
	at org.testng.TestNG.runSuitesSequentially(TestNG.java:1224) [testng-6.8.8.jar:na]
	at org.testng.TestNG.runSuitesLocally(TestNG.java:1149) [testng-6.8.8.jar:na]
	at org.testng.TestNG.run(TestNG.java:1057) [testng-6.8.8.jar:na]
	at org.apache.maven.surefire.testng.TestNGExecutor.run(TestNGExecutor.java:115) [surefire-testng-2.17.jar:2.17]
	at org.apache.maven.surefire.testng.TestNGDirectoryTestSuite.executeMulti(TestNGDirectoryTestSuite.java:204) [surefire-testng-2.17.jar:2.17]
	at org.apache.maven.surefire.testng.TestNGDirectoryTestSuite.execute(TestNGDirectoryTestSuite.java:107) [surefire-testng-2.17.jar:2.17]
	at org.apache.maven.surefire.testng.TestNGProvider.invoke(TestNGProvider.java:112) [surefire-testng-2.17.jar:2.17]
	at org.apache.maven.surefire.booter.ForkedBooter.invokeProviderInSameClassLoader(ForkedBooter.java:200) [surefire-booter-2.17.jar:2.17]
	at org.apache.maven.surefire.booter.ForkedBooter.runSuitesInProcess(ForkedBooter.java:153) [surefire-booter-2.17.jar:2.17]
	at org.apache.maven.surefire.booter.ForkedBooter.main(ForkedBooter.java:103) [surefire-booter-2.17.jar:2.17]
19:11:17.793 [main] WARN  o.h.e.jdbc.spi.SqlExceptionHelper - SQL Warning Code: 10000, SQLState: 01J01
19:11:17.793 [main] WARN  o.h.e.jdbc.spi.SqlExceptionHelper - Database 'memory:testdb' not created, connection made to existing database instead.
19:11:17.793 [main] DEBUG o.h.e.j.i.LogicalConnectionImpl - Released JDBC connection
19:11:17.793 [main] INFO  o.s.t.c.t.TransactionContext - Rolled back transaction for test context [DefaultTestContext@54a2d96e testClass = BookingFacadeTest, testInstance = com.frenchies.tennisclub.facade.BookingFacadeTest@306279ee, testMethod = createBookingTest@BookingFacadeTest, testException = [null], mergedContextConfiguration = [MergedContextConfiguration@66a53104 testClass = BookingFacadeTest, locations = '{}', classes = '{class com.frenchies.tennisclub.service.config.ServiceConfiguration}', contextInitializerClasses = '[]', activeProfiles = '{}', propertySourceLocations = '{}', propertySourceProperties = '{}', contextLoader = 'org.springframework.test.context.support.DelegatingSmartContextLoader', parent = [null]]].
19:11:17.793 [main] DEBUG o.s.t.c.s.DirtiesContextTestExecutionListener - After test method: context [DefaultTestContext@54a2d96e testClass = BookingFacadeTest, testInstance = com.frenchies.tennisclub.facade.BookingFacadeTest@306279ee, testMethod = createBookingTest@BookingFacadeTest, testException = [null], mergedContextConfiguration = [MergedContextConfiguration@66a53104 testClass = BookingFacadeTest, locations = '{}', classes = '{class com.frenchies.tennisclub.service.config.ServiceConfiguration}', contextInitializerClasses = '[]', activeProfiles = '{}', propertySourceLocations = '{}', propertySourceProperties = '{}', contextLoader = 'org.springframework.test.context.support.DelegatingSmartContextLoader', parent = [null]]], class dirties context [false], class mode [null], method dirties context [false].
]]></system-out>
  </testcase>
  <testcase name="prepareTestBooking" classname="com.frenchies.tennisclub.facade.BookingFacadeTest" time="0">
    <skipped/>
  </testcase>
  <testcase name="deleteBookingTest" classname="com.frenchies.tennisclub.facade.BookingFacadeTest" time="0">
    <skipped/>
  </testcase>
  <testcase name="springTestContextBeforeTestMethod" classname="com.frenchies.tennisclub.facade.BookingFacadeTest" time="0">
    <skipped/>
    <system-out><![CDATA[19:11:17.794 [main] DEBUG o.s.t.c.s.DirtiesContextTestExecutionListener - After test method: context [DefaultTestContext@54a2d96e testClass = BookingFacadeTest, testInstance = com.frenchies.tennisclub.facade.BookingFacadeTest@306279ee, testMethod = deleteBookingTest@BookingFacadeTest, testException = [null], mergedContextConfiguration = [MergedContextConfiguration@66a53104 testClass = BookingFacadeTest, locations = '{}', classes = '{class com.frenchies.tennisclub.service.config.ServiceConfiguration}', contextInitializerClasses = '[]', activeProfiles = '{}', propertySourceLocations = '{}', propertySourceProperties = '{}', contextLoader = 'org.springframework.test.context.support.DelegatingSmartContextLoader', parent = [null]]], class dirties context [false], class mode [null], method dirties context [false].
]]></system-out>
  </testcase>
  <testcase name="prepareTestBooking" classname="com.frenchies.tennisclub.facade.BookingFacadeTest" time="0">
    <skipped/>
  </testcase>
  <testcase name="getAllBookingTest" classname="com.frenchies.tennisclub.facade.BookingFacadeTest" time="0">
    <skipped/>
  </testcase>
  <testcase name="springTestContextBeforeTestMethod" classname="com.frenchies.tennisclub.facade.BookingFacadeTest" time="0">
    <skipped/>
    <system-out><![CDATA[19:11:17.795 [main] DEBUG o.s.t.c.s.DirtiesContextTestExecutionListener - After test method: context [DefaultTestContext@54a2d96e testClass = BookingFacadeTest, testInstance = com.frenchies.tennisclub.facade.BookingFacadeTest@306279ee, testMethod = getAllBookingTest@BookingFacadeTest, testException = [null], mergedContextConfiguration = [MergedContextConfiguration@66a53104 testClass = BookingFacadeTest, locations = '{}', classes = '{class com.frenchies.tennisclub.service.config.ServiceConfiguration}', contextInitializerClasses = '[]', activeProfiles = '{}', propertySourceLocations = '{}', propertySourceProperties = '{}', contextLoader = 'org.springframework.test.context.support.DelegatingSmartContextLoader', parent = [null]]], class dirties context [false], class mode [null], method dirties context [false].
]]></system-out>
  </testcase>
  <testcase name="prepareTestBooking" classname="com.frenchies.tennisclub.facade.BookingFacadeTest" time="0">
    <skipped/>
  </testcase>
  <testcase name="getBookingsByDateTest" classname="com.frenchies.tennisclub.facade.BookingFacadeTest" time="0">
    <skipped/>
  </testcase>
  <testcase name="springTestContextBeforeTestMethod" classname="com.frenchies.tennisclub.facade.BookingFacadeTest" time="0">
    <skipped/>
    <system-out><![CDATA[19:11:17.796 [main] DEBUG o.s.t.c.s.DirtiesContextTestExecutionListener - After test method: context [DefaultTestContext@54a2d96e testClass = BookingFacadeTest, testInstance = com.frenchies.tennisclub.facade.BookingFacadeTest@306279ee, testMethod = getBookingsByDateTest@BookingFacadeTest, testException = [null], mergedContextConfiguration = [MergedContextConfiguration@66a53104 testClass = BookingFacadeTest, locations = '{}', classes = '{class com.frenchies.tennisclub.service.config.ServiceConfiguration}', contextInitializerClasses = '[]', activeProfiles = '{}', propertySourceLocations = '{}', propertySourceProperties = '{}', contextLoader = 'org.springframework.test.context.support.DelegatingSmartContextLoader', parent = [null]]], class dirties context [false], class mode [null], method dirties context [false].
]]></system-out>
  </testcase>
  <testcase name="prepareTestBooking" classname="com.frenchies.tennisclub.facade.BookingFacadeTest" time="0">
    <skipped/>
  </testcase>
  <testcase name="getBookingsByUserTest" classname="com.frenchies.tennisclub.facade.BookingFacadeTest" time="0">
    <skipped/>
  </testcase>
>>>>>>> bbe617454b1a137157b7655c63c47481c53356cf
</testsuite>