<?xml version="1.0" encoding="UTF-8"?>
<testsuite name="TestSuite" time="2.323" tests="3" errors="0" skipped="2" failures="1">
  <properties>
    <property name="java.runtime.name" value="OpenJDK Runtime Environment"/>
    <property name="sun.boot.library.path" value="/usr/lib/jvm/java-8-openjdk-amd64/jre/lib/amd64"/>
    <property name="java.vm.version" value="25.151-b12"/>
    <property name="java.vm.vendor" value="Oracle Corporation"/>
    <property name="maven.multiModuleProjectDirectory" value="/home/val/Documents/Masaryk/Java/Seminars/project/tennisClub/tennisclubproject"/>
    <property name="java.vendor.url" value="http://java.oracle.com/"/>
    <property name="path.separator" value=":"/>
    <property name="guice.disable.misplaced.annotation.check" value="true"/>
    <property name="java.vm.name" value="OpenJDK 64-Bit Server VM"/>
    <property name="file.encoding.pkg" value="sun.io"/>
    <property name="user.country" value="US"/>
    <property name="sun.java.launcher" value="SUN_STANDARD"/>
    <property name="sun.os.patch.level" value="unknown"/>
    <property name="java.vm.specification.name" value="Java Virtual Machine Specification"/>
    <property name="user.dir" value="/home/val/Documents/Masaryk/Java/Seminars/project/tennisClub/tennisclubproject"/>
    <property name="java.runtime.version" value="1.8.0_151-8u151-b12-0ubuntu0.16.04.2-b12"/>
    <property name="java.awt.graphicsenv" value="sun.awt.X11GraphicsEnvironment"/>
    <property name="java.endorsed.dirs" value="/usr/lib/jvm/java-8-openjdk-amd64/jre/lib/endorsed"/>
    <property name="os.arch" value="amd64"/>
    <property name="java.io.tmpdir" value="/tmp"/>
    <property name="line.separator" value="&#10;"/>
    <property name="java.vm.specification.vendor" value="Oracle Corporation"/>
    <property name="os.name" value="Linux"/>
    <property name="classworlds.conf" value="/usr/share/maven/bin/m2.conf"/>
    <property name="sun.jnu.encoding" value="UTF-8"/>
    <property name="java.library.path" value="/usr/java/packages/lib/amd64:/usr/lib/x86_64-linux-gnu/jni:/lib/x86_64-linux-gnu:/usr/lib/x86_64-linux-gnu:/usr/lib/jni:/lib:/usr/lib"/>
    <property name="java.specification.name" value="Java Platform API Specification"/>
    <property name="java.class.version" value="52.0"/>
    <property name="sun.management.compiler" value="HotSpot 64-Bit Tiered Compilers"/>
    <property name="os.version" value="4.10.0-40-generic"/>
    <property name="user.home" value="/home/val"/>
    <property name="user.timezone" value="Europe/Prague"/>
    <property name="java.awt.printerjob" value="sun.print.PSPrinterJob"/>
    <property name="file.encoding" value="UTF-8"/>
    <property name="java.specification.version" value="1.8"/>
    <property name="user.name" value="val"/>
    <property name="java.class.path" value="/usr/share/maven/boot/plexus-classworlds-2.x.jar"/>
    <property name="java.vm.specification.version" value="1.8"/>
    <property name="sun.arch.data.model" value="64"/>
    <property name="java.home" value="/usr/lib/jvm/java-8-openjdk-amd64/jre"/>
    <property name="sun.java.command" value="org.codehaus.plexus.classworlds.launcher.Launcher clean install"/>
    <property name="java.specification.vendor" value="Oracle Corporation"/>
    <property name="user.language" value="en"/>
    <property name="awt.toolkit" value="sun.awt.X11.XToolkit"/>
    <property name="java.vm.info" value="mixed mode"/>
    <property name="java.version" value="1.8.0_151"/>
    <property name="java.ext.dirs" value="/usr/lib/jvm/java-8-openjdk-amd64/jre/lib/ext:/usr/java/packages/lib/ext"/>
    <property name="securerandom.source" value="file:/dev/./urandom"/>
    <property name="sun.boot.class.path" value="/usr/lib/jvm/java-8-openjdk-amd64/jre/lib/resources.jar:/usr/lib/jvm/java-8-openjdk-amd64/jre/lib/rt.jar:/usr/lib/jvm/java-8-openjdk-amd64/jre/lib/sunrsasign.jar:/usr/lib/jvm/java-8-openjdk-amd64/jre/lib/jsse.jar:/usr/lib/jvm/java-8-openjdk-amd64/jre/lib/jce.jar:/usr/lib/jvm/java-8-openjdk-amd64/jre/lib/charsets.jar:/usr/lib/jvm/java-8-openjdk-amd64/jre/lib/jfr.jar:/usr/lib/jvm/java-8-openjdk-amd64/jre/classes"/>
    <property name="java.vendor" value="Oracle Corporation"/>
    <property name="maven.home" value="/usr/share/maven"/>
    <property name="file.separator" value="/"/>
    <property name="java.vendor.url.bug" value="http://bugreport.sun.com/bugreport/"/>
    <property name="sun.cpu.endian" value="little"/>
    <property name="sun.io.unicode.encoding" value="UnicodeLittle"/>
    <property name="sun.cpu.isalist" value=""/>
  </properties>
  <testcase name="springTestContextPrepareTestInstance" classname="com.frenchies.tennisclub.sampledata.SampleDataLoadingFacadeTest" time="2.323">
    <failure message="Failed to load ApplicationContext" type="java.lang.IllegalStateException">java.lang.IllegalStateException: Failed to load ApplicationContext
	at org.springframework.test.context.DefaultCacheAwareContextLoaderDelegate.loadContext(DefaultCacheAwareContextLoaderDelegate.java:94)
	at org.springframework.test.context.DefaultTestContext.getApplicationContext(DefaultTestContext.java:72)
	at org.springframework.test.context.support.DependencyInjectionTestExecutionListener.injectDependencies(DependencyInjectionTestExecutionListener.java:117)
	at org.springframework.test.context.support.DependencyInjectionTestExecutionListener.prepareTestInstance(DependencyInjectionTestExecutionListener.java:83)
	at org.springframework.test.context.TestContextManager.prepareTestInstance(TestContextManager.java:212)
	at org.springframework.test.context.testng.AbstractTestNGSpringContextTests.springTestContextPrepareTestInstance(AbstractTestNGSpringContextTests.java:145)
	at sun.reflect.NativeMethodAccessorImpl.invoke0(Native Method)
	at sun.reflect.NativeMethodAccessorImpl.invoke(NativeMethodAccessorImpl.java:62)
	at sun.reflect.DelegatingMethodAccessorImpl.invoke(DelegatingMethodAccessorImpl.java:43)
	at java.lang.reflect.Method.invoke(Method.java:498)
	at org.testng.internal.MethodInvocationHelper.invokeMethod(MethodInvocationHelper.java:84)
	at org.testng.internal.Invoker.invokeConfigurationMethod(Invoker.java:564)
	at org.testng.internal.Invoker.invokeConfigurations(Invoker.java:213)
	at org.testng.internal.Invoker.invokeConfigurations(Invoker.java:138)
	at org.testng.internal.TestMethodWorker.invokeBeforeClassMethods(TestMethodWorker.java:175)
	at org.testng.internal.TestMethodWorker.run(TestMethodWorker.java:107)
	at org.testng.TestRunner.privateRun(TestRunner.java:767)
	at org.testng.TestRunner.run(TestRunner.java:617)
	at org.testng.SuiteRunner.runTest(SuiteRunner.java:348)
	at org.testng.SuiteRunner.runSequentially(SuiteRunner.java:343)
	at org.testng.SuiteRunner.privateRun(SuiteRunner.java:305)
	at org.testng.SuiteRunner.run(SuiteRunner.java:254)
	at org.testng.SuiteRunnerWorker.runSuite(SuiteRunnerWorker.java:52)
	at org.testng.SuiteRunnerWorker.run(SuiteRunnerWorker.java:86)
	at org.testng.TestNG.runSuitesSequentially(TestNG.java:1224)
	at org.testng.TestNG.runSuitesLocally(TestNG.java:1149)
	at org.testng.TestNG.run(TestNG.java:1057)
	at org.apache.maven.surefire.testng.TestNGExecutor.run(TestNGExecutor.java:115)
	at org.apache.maven.surefire.testng.TestNGDirectoryTestSuite.executeMulti(TestNGDirectoryTestSuite.java:204)
	at org.apache.maven.surefire.testng.TestNGDirectoryTestSuite.execute(TestNGDirectoryTestSuite.java:107)
	at org.apache.maven.surefire.testng.TestNGProvider.invoke(TestNGProvider.java:112)
	at org.apache.maven.surefire.booter.ForkedBooter.invokeProviderInSameClassLoader(ForkedBooter.java:200)
	at org.apache.maven.surefire.booter.ForkedBooter.runSuitesInProcess(ForkedBooter.java:153)
	at org.apache.maven.surefire.booter.ForkedBooter.main(ForkedBooter.java:103)
Caused by: org.springframework.beans.factory.BeanCreationException: Error creating bean with name 'entityManagerFactory' defined in class path resource [com/frenchies/tennisclub/PersistenceSampleApplicationContext.class]: Invocation of init method failed; nested exception is java.lang.IllegalStateException: Conflicting persistence unit definitions for name 'default': file:/home/val/Documents/Masaryk/Java/Seminars/project/tennisClub/tennisclubproject/tennisclub-persistence/target/tennisclub-persistence-1.0-SNAPSHOT.jar, file:/home/val/Documents/Masaryk/Java/Seminars/project/tennisClub/tennisclubproject/tennisclub-sample-data/target/classes
	at org.springframework.beans.factory.support.AbstractAutowireCapableBeanFactory.initializeBean(AbstractAutowireCapableBeanFactory.java:1572)
	at org.springframework.beans.factory.support.AbstractAutowireCapableBeanFactory.doCreateBean(AbstractAutowireCapableBeanFactory.java:539)
	at org.springframework.beans.factory.support.AbstractAutowireCapableBeanFactory.createBean(AbstractAutowireCapableBeanFactory.java:476)
	at org.springframework.beans.factory.support.AbstractBeanFactory$1.getObject(AbstractBeanFactory.java:303)
	at org.springframework.beans.factory.support.DefaultSingletonBeanRegistry.getSingleton(DefaultSingletonBeanRegistry.java:230)
	at org.springframework.beans.factory.support.AbstractBeanFactory.doGetBean(AbstractBeanFactory.java:299)
	at org.springframework.beans.factory.support.AbstractBeanFactory.getBean(AbstractBeanFactory.java:194)
	at org.springframework.context.support.AbstractApplicationContext.getBean(AbstractApplicationContext.java:960)
	at org.springframework.context.support.AbstractApplicationContext.finishBeanFactoryInitialization(AbstractApplicationContext.java:749)
	at org.springframework.context.support.AbstractApplicationContext.refresh(AbstractApplicationContext.java:480)
	at org.springframework.test.context.support.AbstractGenericContextLoader.loadContext(AbstractGenericContextLoader.java:125)
	at org.springframework.test.context.support.AbstractGenericContextLoader.loadContext(AbstractGenericContextLoader.java:60)
	at org.springframework.test.context.support.AbstractDelegatingSmartContextLoader.delegateLoading(AbstractDelegatingSmartContextLoader.java:109)
	at org.springframework.test.context.support.AbstractDelegatingSmartContextLoader.loadContext(AbstractDelegatingSmartContextLoader.java:261)
	at org.springframework.test.context.DefaultCacheAwareContextLoaderDelegate.loadContextInternal(DefaultCacheAwareContextLoaderDelegate.java:68)
	at org.springframework.test.context.DefaultCacheAwareContextLoaderDelegate.loadContext(DefaultCacheAwareContextLoaderDelegate.java:86)
	at org.springframework.test.context.DefaultTestContext.getApplicationContext(DefaultTestContext.java:72)
	at org.springframework.test.context.support.DependencyInjectionTestExecutionListener.injectDependencies(DependencyInjectionTestExecutionListener.java:117)
	at org.springframework.test.context.support.DependencyInjectionTestExecutionListener.prepareTestInstance(DependencyInjectionTestExecutionListener.java:83)
	at org.springframework.test.context.TestContextManager.prepareTestInstance(TestContextManager.java:212)
	at org.springframework.test.context.testng.AbstractTestNGSpringContextTests.springTestContextPrepareTestInstance(AbstractTestNGSpringContextTests.java:145)
	at sun.reflect.NativeMethodAccessorImpl.invoke0(Native Method)
	at sun.reflect.NativeMethodAccessorImpl.invoke(NativeMethodAccessorImpl.java:62)
	at sun.reflect.DelegatingMethodAccessorImpl.invoke(DelegatingMethodAccessorImpl.java:43)
	at java.lang.reflect.Method.invoke(Method.java:498)
	at org.testng.internal.MethodInvocationHelper.invokeMethod(MethodInvocationHelper.java:84)
	at org.testng.internal.Invoker.invokeConfigurationMethod(Invoker.java:564)
	at org.testng.internal.Invoker.invokeConfigurations(Invoker.java:213)
	at org.testng.internal.Invoker.invokeConfigurations(Invoker.java:138)
	at org.testng.internal.TestMethodWorker.invokeBeforeClassMethods(TestMethodWorker.java:175)
	at org.testng.internal.TestMethodWorker.run(TestMethodWorker.java:107)
	at org.testng.TestRunner.privateRun(TestRunner.java:767)
	at org.testng.TestRunner.run(TestRunner.java:617)
	at org.testng.SuiteRunner.runTest(SuiteRunner.java:348)
	at org.testng.SuiteRunner.runSequentially(SuiteRunner.java:343)
	at org.testng.SuiteRunner.privateRun(SuiteRunner.java:305)
	at org.testng.SuiteRunner.run(SuiteRunner.java:254)
	at org.testng.SuiteRunnerWorker.runSuite(SuiteRunnerWorker.java:52)
	at org.testng.SuiteRunnerWorker.run(SuiteRunnerWorker.java:86)
	at org.testng.TestNG.runSuitesSequentially(TestNG.java:1224)
	at org.testng.TestNG.runSuitesLocally(TestNG.java:1149)
	at org.testng.TestNG.run(TestNG.java:1057)
	at org.apache.maven.surefire.testng.TestNGExecutor.run(TestNGExecutor.java:115)
	at org.apache.maven.surefire.testng.TestNGDirectoryTestSuite.executeMulti(TestNGDirectoryTestSuite.java:204)
	at org.apache.maven.surefire.testng.TestNGDirectoryTestSuite.execute(TestNGDirectoryTestSuite.java:107)
	at org.apache.maven.surefire.testng.TestNGProvider.invoke(TestNGProvider.java:112)
	at org.apache.maven.surefire.booter.ForkedBooter.invokeProviderInSameClassLoader(ForkedBooter.java:200)
	at org.apache.maven.surefire.booter.ForkedBooter.runSuitesInProcess(ForkedBooter.java:153)
	at org.apache.maven.surefire.booter.ForkedBooter.main(ForkedBooter.java:103)
Caused by: java.lang.IllegalStateException: Conflicting persistence unit definitions for name 'default': file:/home/val/Documents/Masaryk/Java/Seminars/project/tennisClub/tennisclubproject/tennisclub-persistence/target/tennisclub-persistence-1.0-SNAPSHOT.jar, file:/home/val/Documents/Masaryk/Java/Seminars/project/tennisClub/tennisclubproject/tennisclub-sample-data/target/classes
	at org.springframework.orm.jpa.persistenceunit.DefaultPersistenceUnitManager.preparePersistenceUnitInfos(DefaultPersistenceUnitManager.java:470)
	at org.springframework.orm.jpa.persistenceunit.DefaultPersistenceUnitManager.afterPropertiesSet(DefaultPersistenceUnitManager.java:424)
	at org.springframework.orm.jpa.LocalContainerEntityManagerFactoryBean.createNativeEntityManagerFactory(LocalContainerEntityManagerFactoryBean.java:310)
	at org.springframework.orm.jpa.AbstractEntityManagerFactoryBean.afterPropertiesSet(AbstractEntityManagerFactoryBean.java:318)
	at org.springframework.beans.factory.support.AbstractAutowireCapableBeanFactory.invokeInitMethods(AbstractAutowireCapableBeanFactory.java:1631)
	at org.springframework.beans.factory.support.AbstractAutowireCapableBeanFactory.initializeBean(AbstractAutowireCapableBeanFactory.java:1568)
	at org.springframework.beans.factory.support.AbstractAutowireCapableBeanFactory.doCreateBean(AbstractAutowireCapableBeanFactory.java:539)
	at org.springframework.beans.factory.support.AbstractAutowireCapableBeanFactory.createBean(AbstractAutowireCapableBeanFactory.java:476)
	at org.springframework.beans.factory.support.AbstractBeanFactory$1.getObject(AbstractBeanFactory.java:303)
	at org.springframework.beans.factory.support.DefaultSingletonBeanRegistry.getSingleton(DefaultSingletonBeanRegistry.java:230)
	at org.springframework.beans.factory.support.AbstractBeanFactory.doGetBean(AbstractBeanFactory.java:299)
	at org.springframework.beans.factory.support.AbstractBeanFactory.getBean(AbstractBeanFactory.java:194)
	at org.springframework.context.support.AbstractApplicationContext.getBean(AbstractApplicationContext.java:960)
	at org.springframework.context.support.AbstractApplicationContext.finishBeanFactoryInitialization(AbstractApplicationContext.java:749)
	at org.springframework.context.support.AbstractApplicationContext.refresh(AbstractApplicationContext.java:480)
	at org.springframework.test.context.support.AbstractGenericContextLoader.loadContext(AbstractGenericContextLoader.java:125)
	at org.springframework.test.context.support.AbstractGenericContextLoader.loadContext(AbstractGenericContextLoader.java:60)
	at org.springframework.test.context.support.AbstractDelegatingSmartContextLoader.delegateLoading(AbstractDelegatingSmartContextLoader.java:109)
	at org.springframework.test.context.support.AbstractDelegatingSmartContextLoader.loadContext(AbstractDelegatingSmartContextLoader.java:261)
	at org.springframework.test.context.DefaultCacheAwareContextLoaderDelegate.loadContextInternal(DefaultCacheAwareContextLoaderDelegate.java:68)
	at org.springframework.test.context.DefaultCacheAwareContextLoaderDelegate.loadContext(DefaultCacheAwareContextLoaderDelegate.java:86)
	at org.springframework.test.context.DefaultTestContext.getApplicationContext(DefaultTestContext.java:72)
	at org.springframework.test.context.support.DependencyInjectionTestExecutionListener.injectDependencies(DependencyInjectionTestExecutionListener.java:117)
	at org.springframework.test.context.support.DependencyInjectionTestExecutionListener.prepareTestInstance(DependencyInjectionTestExecutionListener.java:83)
	at org.springframework.test.context.TestContextManager.prepareTestInstance(TestContextManager.java:212)
	at org.springframework.test.context.testng.AbstractTestNGSpringContextTests.springTestContextPrepareTestInstance(AbstractTestNGSpringContextTests.java:145)
	at sun.reflect.NativeMethodAccessorImpl.invoke0(Native Method)
	at sun.reflect.NativeMethodAccessorImpl.invoke(NativeMethodAccessorImpl.java:62)
	at sun.reflect.DelegatingMethodAccessorImpl.invoke(DelegatingMethodAccessorImpl.java:43)
	at java.lang.reflect.Method.invoke(Method.java:498)
	at org.testng.internal.MethodInvocationHelper.invokeMethod(MethodInvocationHelper.java:84)
	at org.testng.internal.Invoker.invokeConfigurationMethod(Invoker.java:564)
	at org.testng.internal.Invoker.invokeConfigurations(Invoker.java:213)
	at org.testng.internal.Invoker.invokeConfigurations(Invoker.java:138)
	at org.testng.internal.TestMethodWorker.invokeBeforeClassMethods(TestMethodWorker.java:175)
	at org.testng.internal.TestMethodWorker.run(TestMethodWorker.java:107)
	at org.testng.TestRunner.privateRun(TestRunner.java:767)
	at org.testng.TestRunner.run(TestRunner.java:617)
	at org.testng.SuiteRunner.runTest(SuiteRunner.java:348)
	at org.testng.SuiteRunner.runSequentially(SuiteRunner.java:343)
	at org.testng.SuiteRunner.privateRun(SuiteRunner.java:305)
	at org.testng.SuiteRunner.run(SuiteRunner.java:254)
	at org.testng.SuiteRunnerWorker.runSuite(SuiteRunnerWorker.java:52)
	at org.testng.SuiteRunnerWorker.run(SuiteRunnerWorker.java:86)
	at org.testng.TestNG.runSuitesSequentially(TestNG.java:1224)
	at org.testng.TestNG.runSuitesLocally(TestNG.java:1149)
	at org.testng.TestNG.run(TestNG.java:1057)
	at org.apache.maven.surefire.testng.TestNGExecutor.run(TestNGExecutor.java:115)
	at org.apache.maven.surefire.testng.TestNGDirectoryTestSuite.executeMulti(TestNGDirectoryTestSuite.java:204)
	at org.apache.maven.surefire.testng.TestNGDirectoryTestSuite.execute(TestNGDirectoryTestSuite.java:107)
	at org.apache.maven.surefire.testng.TestNGProvider.invoke(TestNGProvider.java:112)
	at org.apache.maven.surefire.booter.ForkedBooter.invokeProviderInSameClassLoader(ForkedBooter.java:200)
	at org.apache.maven.surefire.booter.ForkedBooter.runSuitesInProcess(ForkedBooter.java:153)
	at org.apache.maven.surefire.booter.ForkedBooter.main(ForkedBooter.java:103)
</failure>
    <system-out><![CDATA[Configuring TestNG with: TestNG652Configurator
14:04:01.184 [main] DEBUG o.s.test.context.BootstrapUtils - Instantiating TestContextBootstrapper from class [org.springframework.test.context.support.DefaultTestContextBootstrapper]
14:04:01.211 [main] DEBUG o.s.t.c.s.AbstractDelegatingSmartContextLoader - Delegating to AnnotationConfigContextLoader to process context configuration [ContextConfigurationAttributes@7d70d1b1 declaringClass = 'com.frenchies.tennisclub.sampledata.SampleDataLoadingFacadeTest', classes = '{class com.frenchies.tennisclub.sampledata.TennisClubWithSampleDataConfiguration}', locations = '{}', inheritLocations = true, initializers = '{}', inheritInitializers = true, name = [null], contextLoaderClass = 'org.springframework.test.context.ContextLoader'].
14:04:01.214 [main] DEBUG o.s.t.c.support.ActiveProfilesUtils - Could not find an 'annotation declaring class' for annotation type [org.springframework.test.context.ActiveProfiles] and class [com.frenchies.tennisclub.sampledata.SampleDataLoadingFacadeTest]
14:04:01.220 [main] INFO  o.s.t.c.s.DefaultTestContextBootstrapper - Could not instantiate TestExecutionListener [org.springframework.test.context.web.ServletTestExecutionListener]. Specify custom listener classes or make the default listener classes (and their required dependencies) available. Offending class: [javax/servlet/ServletContext]
14:04:01.227 [main] INFO  o.s.t.c.s.DefaultTestContextBootstrapper - Using TestExecutionListeners: [org.springframework.test.context.support.DependencyInjectionTestExecutionListener@7a3d45bd, org.springframework.test.context.support.DirtiesContextTestExecutionListener@1e7c7811, org.springframework.test.context.transaction.TransactionalTestExecutionListener@77ec78b9]
14:04:01.274 [main] DEBUG o.s.t.c.s.DependencyInjectionTestExecutionListener - Performing dependency injection for test context [[DefaultTestContext@7e9a5fbe testClass = SampleDataLoadingFacadeTest, testInstance = com.frenchies.tennisclub.sampledata.SampleDataLoadingFacadeTest@51c8530f, testMethod = [null], testException = [null], mergedContextConfiguration = [MergedContextConfiguration@44a3ec6b testClass = SampleDataLoadingFacadeTest, locations = '{}', classes = '{class com.frenchies.tennisclub.sampledata.TennisClubWithSampleDataConfiguration}', contextInitializerClasses = '[]', activeProfiles = '{}', propertySourceLocations = '{}', propertySourceProperties = '{}', contextLoader = 'org.springframework.test.context.support.DelegatingSmartContextLoader', parent = [null]]]].
14:04:01.274 [main] DEBUG o.s.t.c.s.AbstractDelegatingSmartContextLoader - Delegating to AnnotationConfigContextLoader to load context from [MergedContextConfiguration@44a3ec6b testClass = SampleDataLoadingFacadeTest, locations = '{}', classes = '{class com.frenchies.tennisclub.sampledata.TennisClubWithSampleDataConfiguration}', contextInitializerClasses = '[]', activeProfiles = '{}', propertySourceLocations = '{}', propertySourceProperties = '{}', contextLoader = 'org.springframework.test.context.support.DelegatingSmartContextLoader', parent = [null]].
14:04:01.275 [main] DEBUG o.s.t.c.s.AbstractGenericContextLoader - Loading ApplicationContext for merged context configuration [[MergedContextConfiguration@44a3ec6b testClass = SampleDataLoadingFacadeTest, locations = '{}', classes = '{class com.frenchies.tennisclub.sampledata.TennisClubWithSampleDataConfiguration}', contextInitializerClasses = '[]', activeProfiles = '{}', propertySourceLocations = '{}', propertySourceProperties = '{}', contextLoader = 'org.springframework.test.context.support.DelegatingSmartContextLoader', parent = [null]]].
14:04:01.340 [main] DEBUG o.s.core.env.StandardEnvironment - Adding [systemProperties] PropertySource with lowest search precedence
14:04:01.342 [main] DEBUG o.s.core.env.StandardEnvironment - Adding [systemEnvironment] PropertySource with lowest search precedence
14:04:01.342 [main] DEBUG o.s.core.env.StandardEnvironment - Initialized StandardEnvironment with PropertySources [systemProperties,systemEnvironment]
14:04:01.342 [main] DEBUG o.s.t.c.s.AnnotationConfigContextLoader - Registering annotated classes: {class com.frenchies.tennisclub.sampledata.TennisClubWithSampleDataConfiguration}
14:04:01.375 [main] INFO  o.s.c.s.GenericApplicationContext - Refreshing org.springframework.context.support.GenericApplicationContext@2df32bf7: startup date [Sat Dec 09 14:04:01 CET 2017]; root of context hierarchy
14:04:01.376 [main] DEBUG o.s.c.s.GenericApplicationContext - Bean factory for org.springframework.context.support.GenericApplicationContext@2df32bf7: org.springframework.beans.factory.support.DefaultListableBeanFactory@48aaecc3: defining beans [org.springframework.context.annotation.internalConfigurationAnnotationProcessor,org.springframework.context.annotation.internalAutowiredAnnotationProcessor,org.springframework.context.annotation.internalRequiredAnnotationProcessor,org.springframework.context.annotation.internalCommonAnnotationProcessor,org.springframework.context.annotation.internalPersistenceAnnotationProcessor,tennisClubWithSampleDataConfiguration]; root of factory hierarchy
14:04:01.385 [main] DEBUG o.s.b.f.s.DefaultListableBeanFactory - Creating shared instance of singleton bean 'org.springframework.context.annotation.internalConfigurationAnnotationProcessor'
14:04:01.385 [main] DEBUG o.s.b.f.s.DefaultListableBeanFactory - Creating instance of bean 'org.springframework.context.annotation.internalConfigurationAnnotationProcessor'
14:04:01.395 [main] DEBUG o.s.b.f.s.DefaultListableBeanFactory - Eagerly caching bean 'org.springframework.context.annotation.internalConfigurationAnnotationProcessor' to allow for resolving potential circular references
14:04:01.397 [main] DEBUG o.s.b.f.s.DefaultListableBeanFactory - Finished creating instance of bean 'org.springframework.context.annotation.internalConfigurationAnnotationProcessor'
14:04:01.415 [main] DEBUG o.s.core.env.StandardEnvironment - Adding [systemProperties] PropertySource with lowest search precedence
14:04:01.415 [main] DEBUG o.s.core.env.StandardEnvironment - Adding [systemEnvironment] PropertySource with lowest search precedence
14:04:01.416 [main] DEBUG o.s.core.env.StandardEnvironment - Initialized StandardEnvironment with PropertySources [systemProperties,systemEnvironment]
14:04:01.419 [main] DEBUG o.s.c.a.ClassPathBeanDefinitionScanner - JSR-330 'javax.inject.Named' annotation found and supported for component scanning
14:04:01.424 [main] DEBUG o.s.c.i.s.PathMatchingResourcePatternResolver - Looking for matching resources in directory tree [/home/val/Documents/Masaryk/Java/Seminars/project/tennisClub/tennisclubproject/tennisclub-sample-data/target/test-classes/com/frenchies/tennisclub/sampledata]
14:04:01.425 [main] DEBUG o.s.c.i.s.PathMatchingResourcePatternResolver - Searching directory [/home/val/Documents/Masaryk/Java/Seminars/project/tennisClub/tennisclubproject/tennisclub-sample-data/target/test-classes/com/frenchies/tennisclub/sampledata] for files matching pattern [/home/val/Documents/Masaryk/Java/Seminars/project/tennisClub/tennisclubproject/tennisclub-sample-data/target/test-classes/com/frenchies/tennisclub/sampledata/**/*.class]
14:04:01.427 [main] DEBUG o.s.c.i.s.PathMatchingResourcePatternResolver - Looking for matching resources in directory tree [/home/val/Documents/Masaryk/Java/Seminars/project/tennisClub/tennisclubproject/tennisclub-sample-data/target/classes/com/frenchies/tennisclub/sampledata]
14:04:01.427 [main] DEBUG o.s.c.i.s.PathMatchingResourcePatternResolver - Searching directory [/home/val/Documents/Masaryk/Java/Seminars/project/tennisClub/tennisclubproject/tennisclub-sample-data/target/classes/com/frenchies/tennisclub/sampledata] for files matching pattern [/home/val/Documents/Masaryk/Java/Seminars/project/tennisClub/tennisclubproject/tennisclub-sample-data/target/classes/com/frenchies/tennisclub/sampledata/**/*.class]
14:04:01.428 [main] DEBUG o.s.c.i.s.PathMatchingResourcePatternResolver - Resolved location pattern [classpath*:com/frenchies/tennisclub/sampledata/**/*.class] to resources [file [/home/val/Documents/Masaryk/Java/Seminars/project/tennisClub/tennisclubproject/tennisclub-sample-data/target/test-classes/com/frenchies/tennisclub/sampledata/SampleDataLoadingFacadeTest.class], file [/home/val/Documents/Masaryk/Java/Seminars/project/tennisClub/tennisclubproject/tennisclub-sample-data/target/classes/com/frenchies/tennisclub/sampledata/SampleDataLoadingFacade.class], file [/home/val/Documents/Masaryk/Java/Seminars/project/tennisClub/tennisclubproject/tennisclub-sample-data/target/classes/com/frenchies/tennisclub/sampledata/SampleDataLoadingFacadeImpl.class], file [/home/val/Documents/Masaryk/Java/Seminars/project/tennisClub/tennisclubproject/tennisclub-sample-data/target/classes/com/frenchies/tennisclub/sampledata/TennisClubWithSampleDataConfiguration.class]]
14:04:01.442 [main] DEBUG o.s.c.a.ClassPathBeanDefinitionScanner - Identified candidate component class: file [/home/val/Documents/Masaryk/Java/Seminars/project/tennisClub/tennisclubproject/tennisclub-sample-data/target/classes/com/frenchies/tennisclub/sampledata/SampleDataLoadingFacadeImpl.class]
14:04:01.448 [main] DEBUG o.s.core.env.StandardEnvironment - Adding [systemProperties] PropertySource with lowest search precedence
14:04:01.448 [main] DEBUG o.s.core.env.StandardEnvironment - Adding [systemEnvironment] PropertySource with lowest search precedence
14:04:01.449 [main] DEBUG o.s.core.env.StandardEnvironment - Initialized StandardEnvironment with PropertySources [systemProperties,systemEnvironment]
14:04:01.449 [main] DEBUG o.s.c.a.ClassPathBeanDefinitionScanner - JSR-330 'javax.inject.Named' annotation found and supported for component scanning
14:04:01.450 [main] DEBUG o.s.c.i.s.PathMatchingResourcePatternResolver - Looking for matching resources in jar file [file:/home/val/Documents/Masaryk/Java/Seminars/project/tennisClub/tennisclubproject/tennisclub-service/target/tennisclub-service-1.0-SNAPSHOT.jar]
14:04:01.451 [main] DEBUG o.s.c.i.s.PathMatchingResourcePatternResolver - Resolved location pattern [classpath*:com/frenchies/tennisclub/service/**/*.class] to resources [URL [jar:file:/home/val/Documents/Masaryk/Java/Seminars/project/tennisClub/tennisclubproject/tennisclub-service/target/tennisclub-service-1.0-SNAPSHOT.jar!/com/frenchies/tennisclub/service/UserServiceImpl.class], URL [jar:file:/home/val/Documents/Masaryk/Java/Seminars/project/tennisClub/tennisclubproject/tennisclub-service/target/tennisclub-service-1.0-SNAPSHOT.jar!/com/frenchies/tennisclub/service/config/ServiceConfiguration.class], URL [jar:file:/home/val/Documents/Masaryk/Java/Seminars/project/tennisClub/tennisclubproject/tennisclub-service/target/tennisclub-service-1.0-SNAPSHOT.jar!/com/frenchies/tennisclub/service/BookingServiceImpl.class], URL [jar:file:/home/val/Documents/Masaryk/Java/Seminars/project/tennisClub/tennisclubproject/tennisclub-service/target/tennisclub-service-1.0-SNAPSHOT.jar!/com/frenchies/tennisclub/service/UserService.class], URL [jar:file:/home/val/Documents/Masaryk/Java/Seminars/project/tennisClub/tennisclubproject/tennisclub-service/target/tennisclub-service-1.0-SNAPSHOT.jar!/com/frenchies/tennisclub/service/facade/CourtFacadeImpl.class], URL [jar:file:/home/val/Documents/Masaryk/Java/Seminars/project/tennisClub/tennisclubproject/tennisclub-service/target/tennisclub-service-1.0-SNAPSHOT.jar!/com/frenchies/tennisclub/service/facade/UserFacadeImpl.class], URL [jar:file:/home/val/Documents/Masaryk/Java/Seminars/project/tennisClub/tennisclubproject/tennisclub-service/target/tennisclub-service-1.0-SNAPSHOT.jar!/com/frenchies/tennisclub/service/facade/BookingFacadeImpl.class], URL [jar:file:/home/val/Documents/Masaryk/Java/Seminars/project/tennisClub/tennisclubproject/tennisclub-service/target/tennisclub-service-1.0-SNAPSHOT.jar!/com/frenchies/tennisclub/service/BookingService.class], URL [jar:file:/home/val/Documents/Masaryk/Java/Seminars/project/tennisClub/tennisclubproject/tennisclub-service/target/tennisclub-service-1.0-SNAPSHOT.jar!/com/frenchies/tennisclub/service/TimeServiceImpl.class], URL [jar:file:/home/val/Documents/Masaryk/Java/Seminars/project/tennisClub/tennisclubproject/tennisclub-service/target/tennisclub-service-1.0-SNAPSHOT.jar!/com/frenchies/tennisclub/service/CourtService.class], URL [jar:file:/home/val/Documents/Masaryk/Java/Seminars/project/tennisClub/tennisclubproject/tennisclub-service/target/tennisclub-service-1.0-SNAPSHOT.jar!/com/frenchies/tennisclub/service/CourtServiceImpl.class], URL [jar:file:/home/val/Documents/Masaryk/Java/Seminars/project/tennisClub/tennisclubproject/tennisclub-service/target/tennisclub-service-1.0-SNAPSHOT.jar!/com/frenchies/tennisclub/service/TimeService.class]]
14:04:01.453 [main] DEBUG o.s.c.a.ClassPathBeanDefinitionScanner - Identified candidate component class: URL [jar:file:/home/val/Documents/Masaryk/Java/Seminars/project/tennisClub/tennisclubproject/tennisclub-service/target/tennisclub-service-1.0-SNAPSHOT.jar!/com/frenchies/tennisclub/service/UserServiceImpl.class]
14:04:01.456 [main] DEBUG o.s.c.a.ClassPathBeanDefinitionScanner - Identified candidate component class: URL [jar:file:/home/val/Documents/Masaryk/Java/Seminars/project/tennisClub/tennisclubproject/tennisclub-service/target/tennisclub-service-1.0-SNAPSHOT.jar!/com/frenchies/tennisclub/service/BookingServiceImpl.class]
14:04:01.457 [main] DEBUG o.s.c.a.ClassPathBeanDefinitionScanner - Ignored because not a concrete top-level class: URL [jar:file:/home/val/Documents/Masaryk/Java/Seminars/project/tennisClub/tennisclubproject/tennisclub-service/target/tennisclub-service-1.0-SNAPSHOT.jar!/com/frenchies/tennisclub/service/UserService.class]
14:04:01.458 [main] DEBUG o.s.c.a.ClassPathBeanDefinitionScanner - Identified candidate component class: URL [jar:file:/home/val/Documents/Masaryk/Java/Seminars/project/tennisClub/tennisclubproject/tennisclub-service/target/tennisclub-service-1.0-SNAPSHOT.jar!/com/frenchies/tennisclub/service/facade/CourtFacadeImpl.class]
14:04:01.459 [main] DEBUG o.s.c.a.ClassPathBeanDefinitionScanner - Identified candidate component class: URL [jar:file:/home/val/Documents/Masaryk/Java/Seminars/project/tennisClub/tennisclubproject/tennisclub-service/target/tennisclub-service-1.0-SNAPSHOT.jar!/com/frenchies/tennisclub/service/facade/UserFacadeImpl.class]
14:04:01.461 [main] DEBUG o.s.c.a.ClassPathBeanDefinitionScanner - Identified candidate component class: URL [jar:file:/home/val/Documents/Masaryk/Java/Seminars/project/tennisClub/tennisclubproject/tennisclub-service/target/tennisclub-service-1.0-SNAPSHOT.jar!/com/frenchies/tennisclub/service/facade/BookingFacadeImpl.class]
14:04:01.462 [main] DEBUG o.s.c.a.ClassPathBeanDefinitionScanner - Ignored because not a concrete top-level class: URL [jar:file:/home/val/Documents/Masaryk/Java/Seminars/project/tennisClub/tennisclubproject/tennisclub-service/target/tennisclub-service-1.0-SNAPSHOT.jar!/com/frenchies/tennisclub/service/BookingService.class]
14:04:01.463 [main] DEBUG o.s.c.a.ClassPathBeanDefinitionScanner - Identified candidate component class: URL [jar:file:/home/val/Documents/Masaryk/Java/Seminars/project/tennisClub/tennisclubproject/tennisclub-service/target/tennisclub-service-1.0-SNAPSHOT.jar!/com/frenchies/tennisclub/service/TimeServiceImpl.class]
14:04:01.464 [main] DEBUG o.s.c.a.ClassPathBeanDefinitionScanner - Ignored because not a concrete top-level class: URL [jar:file:/home/val/Documents/Masaryk/Java/Seminars/project/tennisClub/tennisclubproject/tennisclub-service/target/tennisclub-service-1.0-SNAPSHOT.jar!/com/frenchies/tennisclub/service/CourtService.class]
14:04:01.465 [main] DEBUG o.s.c.a.ClassPathBeanDefinitionScanner - Identified candidate component class: URL [jar:file:/home/val/Documents/Masaryk/Java/Seminars/project/tennisClub/tennisclubproject/tennisclub-service/target/tennisclub-service-1.0-SNAPSHOT.jar!/com/frenchies/tennisclub/service/CourtServiceImpl.class]
14:04:01.466 [main] DEBUG o.s.c.a.ClassPathBeanDefinitionScanner - Ignored because not a concrete top-level class: URL [jar:file:/home/val/Documents/Masaryk/Java/Seminars/project/tennisClub/tennisclubproject/tennisclub-service/target/tennisclub-service-1.0-SNAPSHOT.jar!/com/frenchies/tennisclub/service/TimeService.class]
14:04:01.492 [main] DEBUG o.s.core.env.StandardEnvironment - Adding [systemProperties] PropertySource with lowest search precedence
14:04:01.493 [main] DEBUG o.s.core.env.StandardEnvironment - Adding [systemEnvironment] PropertySource with lowest search precedence
14:04:01.493 [main] DEBUG o.s.core.env.StandardEnvironment - Initialized StandardEnvironment with PropertySources [systemProperties,systemEnvironment]
14:04:01.494 [main] DEBUG o.s.c.a.ClassPathBeanDefinitionScanner - JSR-330 'javax.inject.Named' annotation found and supported for component scanning
14:04:01.495 [main] DEBUG o.s.c.i.s.PathMatchingResourcePatternResolver - Looking for matching resources in directory tree [/home/val/Documents/Masaryk/Java/Seminars/project/tennisClub/tennisclubproject/tennisclub-sample-data/target/test-classes/com/frenchies/tennisclub]
14:04:01.495 [main] DEBUG o.s.c.i.s.PathMatchingResourcePatternResolver - Searching directory [/home/val/Documents/Masaryk/Java/Seminars/project/tennisClub/tennisclubproject/tennisclub-sample-data/target/test-classes/com/frenchies/tennisclub] for files matching pattern [/home/val/Documents/Masaryk/Java/Seminars/project/tennisClub/tennisclubproject/tennisclub-sample-data/target/test-classes/com/frenchies/tennisclub/**/*.class]
14:04:01.496 [main] DEBUG o.s.c.i.s.PathMatchingResourcePatternResolver - Searching directory [/home/val/Documents/Masaryk/Java/Seminars/project/tennisClub/tennisclubproject/tennisclub-sample-data/target/test-classes/com/frenchies/tennisclub/sampledata] for files matching pattern [/home/val/Documents/Masaryk/Java/Seminars/project/tennisClub/tennisclubproject/tennisclub-sample-data/target/test-classes/com/frenchies/tennisclub/**/*.class]
14:04:01.496 [main] DEBUG o.s.c.i.s.PathMatchingResourcePatternResolver - Looking for matching resources in directory tree [/home/val/Documents/Masaryk/Java/Seminars/project/tennisClub/tennisclubproject/tennisclub-sample-data/target/classes/com/frenchies/tennisclub]
14:04:01.497 [main] DEBUG o.s.c.i.s.PathMatchingResourcePatternResolver - Searching directory [/home/val/Documents/Masaryk/Java/Seminars/project/tennisClub/tennisclubproject/tennisclub-sample-data/target/classes/com/frenchies/tennisclub] for files matching pattern [/home/val/Documents/Masaryk/Java/Seminars/project/tennisClub/tennisclubproject/tennisclub-sample-data/target/classes/com/frenchies/tennisclub/**/*.class]
14:04:01.497 [main] DEBUG o.s.c.i.s.PathMatchingResourcePatternResolver - Searching directory [/home/val/Documents/Masaryk/Java/Seminars/project/tennisClub/tennisclubproject/tennisclub-sample-data/target/classes/com/frenchies/tennisclub/sampledata] for files matching pattern [/home/val/Documents/Masaryk/Java/Seminars/project/tennisClub/tennisclubproject/tennisclub-sample-data/target/classes/com/frenchies/tennisclub/**/*.class]
14:04:01.498 [main] DEBUG o.s.c.i.s.PathMatchingResourcePatternResolver - Looking for matching resources in jar file [file:/home/val/Documents/Masaryk/Java/Seminars/project/tennisClub/tennisclubproject/tennisclub-service/target/tennisclub-service-1.0-SNAPSHOT.jar]
14:04:01.500 [main] DEBUG o.s.c.i.s.PathMatchingResourcePatternResolver - Looking for matching resources in jar file [file:/home/val/Documents/Masaryk/Java/Seminars/project/tennisClub/tennisclubproject/tennisclub-api/target/tennisclub-api-1.0-SNAPSHOT.jar]
14:04:01.501 [main] DEBUG o.s.c.i.s.PathMatchingResourcePatternResolver - Looking for matching resources in jar file [file:/home/val/Documents/Masaryk/Java/Seminars/project/tennisClub/tennisclubproject/tennisclub-persistence/target/tennisclub-persistence-1.0-SNAPSHOT.jar]
14:04:01.503 [main] DEBUG o.s.c.i.s.PathMatchingResourcePatternResolver - Resolved location pattern [classpath*:com/frenchies/tennisclub/**/*.class] to resources [file [/home/val/Documents/Masaryk/Java/Seminars/project/tennisClub/tennisclubproject/tennisclub-sample-data/target/test-classes/com/frenchies/tennisclub/sampledata/SampleDataLoadingFacadeTest.class], file [/home/val/Documents/Masaryk/Java/Seminars/project/tennisClub/tennisclubproject/tennisclub-sample-data/target/test-classes/com/frenchies/tennisclub/AppTest.class], file [/home/val/Documents/Masaryk/Java/Seminars/project/tennisClub/tennisclubproject/tennisclub-sample-data/target/classes/com/frenchies/tennisclub/sampledata/SampleDataLoadingFacade.class], file [/home/val/Documents/Masaryk/Java/Seminars/project/tennisClub/tennisclubproject/tennisclub-sample-data/target/classes/com/frenchies/tennisclub/sampledata/SampleDataLoadingFacadeImpl.class], file [/home/val/Documents/Masaryk/Java/Seminars/project/tennisClub/tennisclubproject/tennisclub-sample-data/target/classes/com/frenchies/tennisclub/sampledata/TennisClubWithSampleDataConfiguration.class], file [/home/val/Documents/Masaryk/Java/Seminars/project/tennisClub/tennisclubproject/tennisclub-sample-data/target/classes/com/frenchies/tennisclub/App.class], URL [jar:file:/home/val/Documents/Masaryk/Java/Seminars/project/tennisClub/tennisclubproject/tennisclub-service/target/tennisclub-service-1.0-SNAPSHOT.jar!/com/frenchies/tennisclub/service/UserServiceImpl.class], URL [jar:file:/home/val/Documents/Masaryk/Java/Seminars/project/tennisClub/tennisclubproject/tennisclub-service/target/tennisclub-service-1.0-SNAPSHOT.jar!/com/frenchies/tennisclub/service/config/ServiceConfiguration.class], URL [jar:file:/home/val/Documents/Masaryk/Java/Seminars/project/tennisClub/tennisclubproject/tennisclub-service/target/tennisclub-service-1.0-SNAPSHOT.jar!/com/frenchies/tennisclub/service/BookingServiceImpl.class], URL [jar:file:/home/val/Documents/Masaryk/Java/Seminars/project/tennisClub/tennisclubproject/tennisclub-service/target/tennisclub-service-1.0-SNAPSHOT.jar!/com/frenchies/tennisclub/service/UserService.class], URL [jar:file:/home/val/Documents/Masaryk/Java/Seminars/project/tennisClub/tennisclubproject/tennisclub-service/target/tennisclub-service-1.0-SNAPSHOT.jar!/com/frenchies/tennisclub/service/facade/CourtFacadeImpl.class], URL [jar:file:/home/val/Documents/Masaryk/Java/Seminars/project/tennisClub/tennisclubproject/tennisclub-service/target/tennisclub-service-1.0-SNAPSHOT.jar!/com/frenchies/tennisclub/service/facade/UserFacadeImpl.class], URL [jar:file:/home/val/Documents/Masaryk/Java/Seminars/project/tennisClub/tennisclubproject/tennisclub-service/target/tennisclub-service-1.0-SNAPSHOT.jar!/com/frenchies/tennisclub/service/facade/BookingFacadeImpl.class], URL [jar:file:/home/val/Documents/Masaryk/Java/Seminars/project/tennisClub/tennisclubproject/tennisclub-service/target/tennisclub-service-1.0-SNAPSHOT.jar!/com/frenchies/tennisclub/service/BookingService.class], URL [jar:file:/home/val/Documents/Masaryk/Java/Seminars/project/tennisClub/tennisclubproject/tennisclub-service/target/tennisclub-service-1.0-SNAPSHOT.jar!/com/frenchies/tennisclub/service/TimeServiceImpl.class], URL [jar:file:/home/val/Documents/Masaryk/Java/Seminars/project/tennisClub/tennisclubproject/tennisclub-service/target/tennisclub-service-1.0-SNAPSHOT.jar!/com/frenchies/tennisclub/service/CourtService.class], URL [jar:file:/home/val/Documents/Masaryk/Java/Seminars/project/tennisClub/tennisclubproject/tennisclub-service/target/tennisclub-service-1.0-SNAPSHOT.jar!/com/frenchies/tennisclub/service/CourtServiceImpl.class], URL [jar:file:/home/val/Documents/Masaryk/Java/Seminars/project/tennisClub/tennisclubproject/tennisclub-service/target/tennisclub-service-1.0-SNAPSHOT.jar!/com/frenchies/tennisclub/service/TimeService.class], URL [jar:file:/home/val/Documents/Masaryk/Java/Seminars/project/tennisClub/tennisclubproject/tennisclub-service/target/tennisclub-service-1.0-SNAPSHOT.jar!/com/frenchies/tennisclub/mappers/BeanMappingService.class], URL [jar:file:/home/val/Documents/Masaryk/Java/Seminars/project/tennisClub/tennisclubproject/tennisclub-service/target/tennisclub-service-1.0-SNAPSHOT.jar!/com/frenchies/tennisclub/mappers/BeanMappingServiceImpl.class], URL [jar:file:/home/val/Documents/Masaryk/Java/Seminars/project/tennisClub/tennisclubproject/tennisclub-api/target/tennisclub-api-1.0-SNAPSHOT.jar!/com/frenchies/tennisclub/dto/CourtCreateDTO.class], URL [jar:file:/home/val/Documents/Masaryk/Java/Seminars/project/tennisClub/tennisclubproject/tennisclub-api/target/tennisclub-api-1.0-SNAPSHOT.jar!/com/frenchies/tennisclub/dto/BookingDTO.class], URL [jar:file:/home/val/Documents/Masaryk/Java/Seminars/project/tennisClub/tennisclubproject/tennisclub-api/target/tennisclub-api-1.0-SNAPSHOT.jar!/com/frenchies/tennisclub/dto/BookingCreateDTO.class], URL [jar:file:/home/val/Documents/Masaryk/Java/Seminars/project/tennisClub/tennisclubproject/tennisclub-api/target/tennisclub-api-1.0-SNAPSHOT.jar!/com/frenchies/tennisclub/dto/UserCreateDTO.class], URL [jar:file:/home/val/Documents/Masaryk/Java/Seminars/project/tennisClub/tennisclubproject/tennisclub-api/target/tennisclub-api-1.0-SNAPSHOT.jar!/com/frenchies/tennisclub/dto/UserAuthenticateDTO.class], URL [jar:file:/home/val/Documents/Masaryk/Java/Seminars/project/tennisClub/tennisclubproject/tennisclub-api/target/tennisclub-api-1.0-SNAPSHOT.jar!/com/frenchies/tennisclub/dto/CourtDTO.class], URL [jar:file:/home/val/Documents/Masaryk/Java/Seminars/project/tennisClub/tennisclubproject/tennisclub-api/target/tennisclub-api-1.0-SNAPSHOT.jar!/com/frenchies/tennisclub/dto/UserDTO.class], URL [jar:file:/home/val/Documents/Masaryk/Java/Seminars/project/tennisClub/tennisclubproject/tennisclub-api/target/tennisclub-api-1.0-SNAPSHOT.jar!/com/frenchies/tennisclub/facade/BookingFacade.class], URL [jar:file:/home/val/Documents/Masaryk/Java/Seminars/project/tennisClub/tennisclubproject/tennisclub-api/target/tennisclub-api-1.0-SNAPSHOT.jar!/com/frenchies/tennisclub/facade/CourtFacade.class], URL [jar:file:/home/val/Documents/Masaryk/Java/Seminars/project/tennisClub/tennisclubproject/tennisclub-api/target/tennisclub-api-1.0-SNAPSHOT.jar!/com/frenchies/tennisclub/facade/UserFacade.class], URL [jar:file:/home/val/Documents/Masaryk/Java/Seminars/project/tennisClub/tennisclubproject/tennisclub-api/target/tennisclub-api-1.0-SNAPSHOT.jar!/com/frenchies/tennisclub/enums/Hour24.class], URL [jar:file:/home/val/Documents/Masaryk/Java/Seminars/project/tennisClub/tennisclubproject/tennisclub-api/target/tennisclub-api-1.0-SNAPSHOT.jar!/com/frenchies/tennisclub/enums/CourtType.class], URL [jar:file:/home/val/Documents/Masaryk/Java/Seminars/project/tennisClub/tennisclubproject/tennisclub-api/target/tennisclub-api-1.0-SNAPSHOT.jar!/com/frenchies/tennisclub/enums/Status.class], URL [jar:file:/home/val/Documents/Masaryk/Java/Seminars/project/tennisClub/tennisclubproject/tennisclub-api/target/tennisclub-api-1.0-SNAPSHOT.jar!/com/frenchies/tennisclub/exceptions/UserAuthentificationException.class], URL [jar:file:/home/val/Documents/Masaryk/Java/Seminars/project/tennisClub/tennisclubproject/tennisclub-persistence/target/tennisclub-persistence-1.0-SNAPSHOT.jar!/com/frenchies/tennisclub/entity/Booking.class], URL [jar:file:/home/val/Documents/Masaryk/Java/Seminars/project/tennisClub/tennisclubproject/tennisclub-persistence/target/tennisclub-persistence-1.0-SNAPSHOT.jar!/com/frenchies/tennisclub/entity/User.class], URL [jar:file:/home/val/Documents/Masaryk/Java/Seminars/project/tennisClub/tennisclubproject/tennisclub-persistence/target/tennisclub-persistence-1.0-SNAPSHOT.jar!/com/frenchies/tennisclub/entity/Court.class], URL [jar:file:/home/val/Documents/Masaryk/Java/Seminars/project/tennisClub/tennisclubproject/tennisclub-persistence/target/tennisclub-persistence-1.0-SNAPSHOT.jar!/com/frenchies/tennisclub/enums/Hour24.class], URL [jar:file:/home/val/Documents/Masaryk/Java/Seminars/project/tennisClub/tennisclubproject/tennisclub-persistence/target/tennisclub-persistence-1.0-SNAPSHOT.jar!/com/frenchies/tennisclub/enums/CourtType.class], URL [jar:file:/home/val/Documents/Masaryk/Java/Seminars/project/tennisClub/tennisclubproject/tennisclub-persistence/target/tennisclub-persistence-1.0-SNAPSHOT.jar!/com/frenchies/tennisclub/enums/Status.class], URL [jar:file:/home/val/Documents/Masaryk/Java/Seminars/project/tennisClub/tennisclubproject/tennisclub-persistence/target/tennisclub-persistence-1.0-SNAPSHOT.jar!/com/frenchies/tennisclub/PersistenceSampleApplicationContext.class], URL [jar:file:/home/val/Documents/Masaryk/Java/Seminars/project/tennisClub/tennisclubproject/tennisclub-persistence/target/tennisclub-persistence-1.0-SNAPSHOT.jar!/com/frenchies/tennisclub/InMemoryDatabaseSpring.class], URL [jar:file:/home/val/Documents/Masaryk/Java/Seminars/project/tennisClub/tennisclubproject/tennisclub-persistence/target/tennisclub-persistence-1.0-SNAPSHOT.jar!/com/frenchies/tennisclub/dao/UserDaoImpl.class], URL [jar:file:/home/val/Documents/Masaryk/Java/Seminars/project/tennisClub/tennisclubproject/tennisclub-persistence/target/tennisclub-persistence-1.0-SNAPSHOT.jar!/com/frenchies/tennisclub/dao/BookingDaoImpl.class], URL [jar:file:/home/val/Documents/Masaryk/Java/Seminars/project/tennisClub/tennisclubproject/tennisclub-persistence/target/tennisclub-persistence-1.0-SNAPSHOT.jar!/com/frenchies/tennisclub/dao/BookingDao.class], URL [jar:file:/home/val/Documents/Masaryk/Java/Seminars/project/tennisClub/tennisclubproject/tennisclub-persistence/target/tennisclub-persistence-1.0-SNAPSHOT.jar!/com/frenchies/tennisclub/dao/UserDao.class], URL [jar:file:/home/val/Documents/Masaryk/Java/Seminars/project/tennisClub/tennisclubproject/tennisclub-persistence/target/tennisclub-persistence-1.0-SNAPSHOT.jar!/com/frenchies/tennisclub/dao/CourtDaoImpl.class], URL [jar:file:/home/val/Documents/Masaryk/Java/Seminars/project/tennisClub/tennisclubproject/tennisclub-persistence/target/tennisclub-persistence-1.0-SNAPSHOT.jar!/com/frenchies/tennisclub/dao/CourtDao.class]]
14:04:01.506 [main] DEBUG o.s.c.a.ClassPathBeanDefinitionScanner - Identified candidate component class: file [/home/val/Documents/Masaryk/Java/Seminars/project/tennisClub/tennisclubproject/tennisclub-sample-data/target/classes/com/frenchies/tennisclub/sampledata/SampleDataLoadingFacadeImpl.class]
14:04:01.507 [main] DEBUG o.s.c.a.ClassPathBeanDefinitionScanner - Identified candidate component class: file [/home/val/Documents/Masaryk/Java/Seminars/project/tennisClub/tennisclubproject/tennisclub-sample-data/target/classes/com/frenchies/tennisclub/sampledata/TennisClubWithSampleDataConfiguration.class]
14:04:01.509 [main] DEBUG o.s.c.a.ClassPathBeanDefinitionScanner - Identified candidate component class: URL [jar:file:/home/val/Documents/Masaryk/Java/Seminars/project/tennisClub/tennisclubproject/tennisclub-service/target/tennisclub-service-1.0-SNAPSHOT.jar!/com/frenchies/tennisclub/service/UserServiceImpl.class]
14:04:01.510 [main] DEBUG o.s.c.a.ClassPathBeanDefinitionScanner - Identified candidate component class: URL [jar:file:/home/val/Documents/Masaryk/Java/Seminars/project/tennisClub/tennisclubproject/tennisclub-service/target/tennisclub-service-1.0-SNAPSHOT.jar!/com/frenchies/tennisclub/service/config/ServiceConfiguration.class]
14:04:01.511 [main] DEBUG o.s.c.a.ClassPathBeanDefinitionScanner - Identified candidate component class: URL [jar:file:/home/val/Documents/Masaryk/Java/Seminars/project/tennisClub/tennisclubproject/tennisclub-service/target/tennisclub-service-1.0-SNAPSHOT.jar!/com/frenchies/tennisclub/service/BookingServiceImpl.class]
14:04:01.511 [main] DEBUG o.s.c.a.ClassPathBeanDefinitionScanner - Ignored because not a concrete top-level class: URL [jar:file:/home/val/Documents/Masaryk/Java/Seminars/project/tennisClub/tennisclubproject/tennisclub-service/target/tennisclub-service-1.0-SNAPSHOT.jar!/com/frenchies/tennisclub/service/UserService.class]
14:04:01.512 [main] DEBUG o.s.c.a.ClassPathBeanDefinitionScanner - Identified candidate component class: URL [jar:file:/home/val/Documents/Masaryk/Java/Seminars/project/tennisClub/tennisclubproject/tennisclub-service/target/tennisclub-service-1.0-SNAPSHOT.jar!/com/frenchies/tennisclub/service/facade/CourtFacadeImpl.class]
14:04:01.513 [main] DEBUG o.s.c.a.ClassPathBeanDefinitionScanner - Identified candidate component class: URL [jar:file:/home/val/Documents/Masaryk/Java/Seminars/project/tennisClub/tennisclubproject/tennisclub-service/target/tennisclub-service-1.0-SNAPSHOT.jar!/com/frenchies/tennisclub/service/facade/UserFacadeImpl.class]
14:04:01.514 [main] DEBUG o.s.c.a.ClassPathBeanDefinitionScanner - Identified candidate component class: URL [jar:file:/home/val/Documents/Masaryk/Java/Seminars/project/tennisClub/tennisclubproject/tennisclub-service/target/tennisclub-service-1.0-SNAPSHOT.jar!/com/frenchies/tennisclub/service/facade/BookingFacadeImpl.class]
14:04:01.515 [main] DEBUG o.s.c.a.ClassPathBeanDefinitionScanner - Ignored because not a concrete top-level class: URL [jar:file:/home/val/Documents/Masaryk/Java/Seminars/project/tennisClub/tennisclubproject/tennisclub-service/target/tennisclub-service-1.0-SNAPSHOT.jar!/com/frenchies/tennisclub/service/BookingService.class]
14:04:01.516 [main] DEBUG o.s.c.a.ClassPathBeanDefinitionScanner - Identified candidate component class: URL [jar:file:/home/val/Documents/Masaryk/Java/Seminars/project/tennisClub/tennisclubproject/tennisclub-service/target/tennisclub-service-1.0-SNAPSHOT.jar!/com/frenchies/tennisclub/service/TimeServiceImpl.class]
14:04:01.516 [main] DEBUG o.s.c.a.ClassPathBeanDefinitionScanner - Ignored because not a concrete top-level class: URL [jar:file:/home/val/Documents/Masaryk/Java/Seminars/project/tennisClub/tennisclubproject/tennisclub-service/target/tennisclub-service-1.0-SNAPSHOT.jar!/com/frenchies/tennisclub/service/CourtService.class]
14:04:01.517 [main] DEBUG o.s.c.a.ClassPathBeanDefinitionScanner - Identified candidate component class: URL [jar:file:/home/val/Documents/Masaryk/Java/Seminars/project/tennisClub/tennisclubproject/tennisclub-service/target/tennisclub-service-1.0-SNAPSHOT.jar!/com/frenchies/tennisclub/service/CourtServiceImpl.class]
14:04:01.518 [main] DEBUG o.s.c.a.ClassPathBeanDefinitionScanner - Ignored because not a concrete top-level class: URL [jar:file:/home/val/Documents/Masaryk/Java/Seminars/project/tennisClub/tennisclubproject/tennisclub-service/target/tennisclub-service-1.0-SNAPSHOT.jar!/com/frenchies/tennisclub/service/TimeService.class]
14:04:01.518 [main] DEBUG o.s.c.a.ClassPathBeanDefinitionScanner - Ignored because not a concrete top-level class: URL [jar:file:/home/val/Documents/Masaryk/Java/Seminars/project/tennisClub/tennisclubproject/tennisclub-service/target/tennisclub-service-1.0-SNAPSHOT.jar!/com/frenchies/tennisclub/mappers/BeanMappingService.class]
14:04:01.520 [main] DEBUG o.s.c.a.ClassPathBeanDefinitionScanner - Identified candidate component class: URL [jar:file:/home/val/Documents/Masaryk/Java/Seminars/project/tennisClub/tennisclubproject/tennisclub-service/target/tennisclub-service-1.0-SNAPSHOT.jar!/com/frenchies/tennisclub/mappers/BeanMappingServiceImpl.class]
14:04:01.531 [main] DEBUG o.s.c.a.ClassPathBeanDefinitionScanner - Identified candidate component class: URL [jar:file:/home/val/Documents/Masaryk/Java/Seminars/project/tennisClub/tennisclubproject/tennisclub-persistence/target/tennisclub-persistence-1.0-SNAPSHOT.jar!/com/frenchies/tennisclub/InMemoryDatabaseSpring.class]
14:04:01.533 [main] DEBUG o.s.c.a.ClassPathBeanDefinitionScanner - Identified candidate component class: URL [jar:file:/home/val/Documents/Masaryk/Java/Seminars/project/tennisClub/tennisclubproject/tennisclub-persistence/target/tennisclub-persistence-1.0-SNAPSHOT.jar!/com/frenchies/tennisclub/dao/UserDaoImpl.class]
14:04:01.534 [main] DEBUG o.s.c.a.ClassPathBeanDefinitionScanner - Identified candidate component class: URL [jar:file:/home/val/Documents/Masaryk/Java/Seminars/project/tennisClub/tennisclubproject/tennisclub-persistence/target/tennisclub-persistence-1.0-SNAPSHOT.jar!/com/frenchies/tennisclub/dao/BookingDaoImpl.class]
14:04:01.535 [main] DEBUG o.s.c.a.ClassPathBeanDefinitionScanner - Identified candidate component class: URL [jar:file:/home/val/Documents/Masaryk/Java/Seminars/project/tennisClub/tennisclubproject/tennisclub-persistence/target/tennisclub-persistence-1.0-SNAPSHOT.jar!/com/frenchies/tennisclub/dao/CourtDaoImpl.class]
14:04:01.539 [main] DEBUG o.s.core.env.StandardEnvironment - Adding [systemProperties] PropertySource with lowest search precedence
14:04:01.540 [main] DEBUG o.s.core.env.StandardEnvironment - Adding [systemEnvironment] PropertySource with lowest search precedence
14:04:01.540 [main] DEBUG o.s.core.env.StandardEnvironment - Initialized StandardEnvironment with PropertySources [systemProperties,systemEnvironment]
14:04:01.540 [main] DEBUG o.s.c.a.ClassPathBeanDefinitionScanner - JSR-330 'javax.inject.Named' annotation found and supported for component scanning
14:04:01.541 [main] DEBUG o.s.c.i.s.PathMatchingResourcePatternResolver - Looking for matching resources in jar file [file:/home/val/Documents/Masaryk/Java/Seminars/project/tennisClub/tennisclubproject/tennisclub-service/target/tennisclub-service-1.0-SNAPSHOT.jar]
14:04:01.542 [main] DEBUG o.s.c.i.s.PathMatchingResourcePatternResolver - Resolved location pattern [classpath*:com/frenchies/tennisclub/service/**/*.class] to resources [URL [jar:file:/home/val/Documents/Masaryk/Java/Seminars/project/tennisClub/tennisclubproject/tennisclub-service/target/tennisclub-service-1.0-SNAPSHOT.jar!/com/frenchies/tennisclub/service/UserServiceImpl.class], URL [jar:file:/home/val/Documents/Masaryk/Java/Seminars/project/tennisClub/tennisclubproject/tennisclub-service/target/tennisclub-service-1.0-SNAPSHOT.jar!/com/frenchies/tennisclub/service/config/ServiceConfiguration.class], URL [jar:file:/home/val/Documents/Masaryk/Java/Seminars/project/tennisClub/tennisclubproject/tennisclub-service/target/tennisclub-service-1.0-SNAPSHOT.jar!/com/frenchies/tennisclub/service/BookingServiceImpl.class], URL [jar:file:/home/val/Documents/Masaryk/Java/Seminars/project/tennisClub/tennisclubproject/tennisclub-service/target/tennisclub-service-1.0-SNAPSHOT.jar!/com/frenchies/tennisclub/service/UserService.class], URL [jar:file:/home/val/Documents/Masaryk/Java/Seminars/project/tennisClub/tennisclubproject/tennisclub-service/target/tennisclub-service-1.0-SNAPSHOT.jar!/com/frenchies/tennisclub/service/facade/CourtFacadeImpl.class], URL [jar:file:/home/val/Documents/Masaryk/Java/Seminars/project/tennisClub/tennisclubproject/tennisclub-service/target/tennisclub-service-1.0-SNAPSHOT.jar!/com/frenchies/tennisclub/service/facade/UserFacadeImpl.class], URL [jar:file:/home/val/Documents/Masaryk/Java/Seminars/project/tennisClub/tennisclubproject/tennisclub-service/target/tennisclub-service-1.0-SNAPSHOT.jar!/com/frenchies/tennisclub/service/facade/BookingFacadeImpl.class], URL [jar:file:/home/val/Documents/Masaryk/Java/Seminars/project/tennisClub/tennisclubproject/tennisclub-service/target/tennisclub-service-1.0-SNAPSHOT.jar!/com/frenchies/tennisclub/service/BookingService.class], URL [jar:file:/home/val/Documents/Masaryk/Java/Seminars/project/tennisClub/tennisclubproject/tennisclub-service/target/tennisclub-service-1.0-SNAPSHOT.jar!/com/frenchies/tennisclub/service/TimeServiceImpl.class], URL [jar:file:/home/val/Documents/Masaryk/Java/Seminars/project/tennisClub/tennisclubproject/tennisclub-service/target/tennisclub-service-1.0-SNAPSHOT.jar!/com/frenchies/tennisclub/service/CourtService.class], URL [jar:file:/home/val/Documents/Masaryk/Java/Seminars/project/tennisClub/tennisclubproject/tennisclub-service/target/tennisclub-service-1.0-SNAPSHOT.jar!/com/frenchies/tennisclub/service/CourtServiceImpl.class], URL [jar:file:/home/val/Documents/Masaryk/Java/Seminars/project/tennisClub/tennisclubproject/tennisclub-service/target/tennisclub-service-1.0-SNAPSHOT.jar!/com/frenchies/tennisclub/service/TimeService.class]]
14:04:01.544 [main] DEBUG o.s.c.a.ClassPathBeanDefinitionScanner - Identified candidate component class: URL [jar:file:/home/val/Documents/Masaryk/Java/Seminars/project/tennisClub/tennisclubproject/tennisclub-service/target/tennisclub-service-1.0-SNAPSHOT.jar!/com/frenchies/tennisclub/service/UserServiceImpl.class]
14:04:01.545 [main] DEBUG o.s.c.a.ClassPathBeanDefinitionScanner - Identified candidate component class: URL [jar:file:/home/val/Documents/Masaryk/Java/Seminars/project/tennisClub/tennisclubproject/tennisclub-service/target/tennisclub-service-1.0-SNAPSHOT.jar!/com/frenchies/tennisclub/service/BookingServiceImpl.class]
14:04:01.545 [main] DEBUG o.s.c.a.ClassPathBeanDefinitionScanner - Ignored because not a concrete top-level class: URL [jar:file:/home/val/Documents/Masaryk/Java/Seminars/project/tennisClub/tennisclubproject/tennisclub-service/target/tennisclub-service-1.0-SNAPSHOT.jar!/com/frenchies/tennisclub/service/UserService.class]
14:04:01.546 [main] DEBUG o.s.c.a.ClassPathBeanDefinitionScanner - Identified candidate component class: URL [jar:file:/home/val/Documents/Masaryk/Java/Seminars/project/tennisClub/tennisclubproject/tennisclub-service/target/tennisclub-service-1.0-SNAPSHOT.jar!/com/frenchies/tennisclub/service/facade/CourtFacadeImpl.class]
14:04:01.547 [main] DEBUG o.s.c.a.ClassPathBeanDefinitionScanner - Identified candidate component class: URL [jar:file:/home/val/Documents/Masaryk/Java/Seminars/project/tennisClub/tennisclubproject/tennisclub-service/target/tennisclub-service-1.0-SNAPSHOT.jar!/com/frenchies/tennisclub/service/facade/UserFacadeImpl.class]
14:04:01.547 [main] DEBUG o.s.c.a.ClassPathBeanDefinitionScanner - Identified candidate component class: URL [jar:file:/home/val/Documents/Masaryk/Java/Seminars/project/tennisClub/tennisclubproject/tennisclub-service/target/tennisclub-service-1.0-SNAPSHOT.jar!/com/frenchies/tennisclub/service/facade/BookingFacadeImpl.class]
14:04:01.548 [main] DEBUG o.s.c.a.ClassPathBeanDefinitionScanner - Ignored because not a concrete top-level class: URL [jar:file:/home/val/Documents/Masaryk/Java/Seminars/project/tennisClub/tennisclubproject/tennisclub-service/target/tennisclub-service-1.0-SNAPSHOT.jar!/com/frenchies/tennisclub/service/BookingService.class]
14:04:01.548 [main] DEBUG o.s.c.a.ClassPathBeanDefinitionScanner - Identified candidate component class: URL [jar:file:/home/val/Documents/Masaryk/Java/Seminars/project/tennisClub/tennisclubproject/tennisclub-service/target/tennisclub-service-1.0-SNAPSHOT.jar!/com/frenchies/tennisclub/service/TimeServiceImpl.class]
14:04:01.549 [main] DEBUG o.s.c.a.ClassPathBeanDefinitionScanner - Ignored because not a concrete top-level class: URL [jar:file:/home/val/Documents/Masaryk/Java/Seminars/project/tennisClub/tennisclubproject/tennisclub-service/target/tennisclub-service-1.0-SNAPSHOT.jar!/com/frenchies/tennisclub/service/CourtService.class]
14:04:01.549 [main] DEBUG o.s.c.a.ClassPathBeanDefinitionScanner - Identified candidate component class: URL [jar:file:/home/val/Documents/Masaryk/Java/Seminars/project/tennisClub/tennisclubproject/tennisclub-service/target/tennisclub-service-1.0-SNAPSHOT.jar!/com/frenchies/tennisclub/service/CourtServiceImpl.class]
14:04:01.550 [main] DEBUG o.s.c.a.ClassPathBeanDefinitionScanner - Ignored because not a concrete top-level class: URL [jar:file:/home/val/Documents/Masaryk/Java/Seminars/project/tennisClub/tennisclubproject/tennisclub-service/target/tennisclub-service-1.0-SNAPSHOT.jar!/com/frenchies/tennisclub/service/TimeService.class]
14:04:01.566 [main] DEBUG o.s.core.env.StandardEnvironment - Adding [systemProperties] PropertySource with lowest search precedence
14:04:01.567 [main] DEBUG o.s.core.env.StandardEnvironment - Adding [systemEnvironment] PropertySource with lowest search precedence
14:04:01.567 [main] DEBUG o.s.core.env.StandardEnvironment - Initialized StandardEnvironment with PropertySources [systemProperties,systemEnvironment]
14:04:01.567 [main] DEBUG o.s.c.a.ClassPathBeanDefinitionScanner - JSR-330 'javax.inject.Named' annotation found and supported for component scanning
14:04:01.568 [main] DEBUG o.s.c.i.s.PathMatchingResourcePatternResolver - Looking for matching resources in directory tree [/home/val/Documents/Masaryk/Java/Seminars/project/tennisClub/tennisclubproject/tennisclub-sample-data/target/test-classes/com/frenchies/tennisclub]
14:04:01.569 [main] DEBUG o.s.c.i.s.PathMatchingResourcePatternResolver - Searching directory [/home/val/Documents/Masaryk/Java/Seminars/project/tennisClub/tennisclubproject/tennisclub-sample-data/target/test-classes/com/frenchies/tennisclub] for files matching pattern [/home/val/Documents/Masaryk/Java/Seminars/project/tennisClub/tennisclubproject/tennisclub-sample-data/target/test-classes/com/frenchies/tennisclub/**/*.class]
14:04:01.569 [main] DEBUG o.s.c.i.s.PathMatchingResourcePatternResolver - Searching directory [/home/val/Documents/Masaryk/Java/Seminars/project/tennisClub/tennisclubproject/tennisclub-sample-data/target/test-classes/com/frenchies/tennisclub/sampledata] for files matching pattern [/home/val/Documents/Masaryk/Java/Seminars/project/tennisClub/tennisclubproject/tennisclub-sample-data/target/test-classes/com/frenchies/tennisclub/**/*.class]
14:04:01.570 [main] DEBUG o.s.c.i.s.PathMatchingResourcePatternResolver - Looking for matching resources in directory tree [/home/val/Documents/Masaryk/Java/Seminars/project/tennisClub/tennisclubproject/tennisclub-sample-data/target/classes/com/frenchies/tennisclub]
14:04:01.570 [main] DEBUG o.s.c.i.s.PathMatchingResourcePatternResolver - Searching directory [/home/val/Documents/Masaryk/Java/Seminars/project/tennisClub/tennisclubproject/tennisclub-sample-data/target/classes/com/frenchies/tennisclub] for files matching pattern [/home/val/Documents/Masaryk/Java/Seminars/project/tennisClub/tennisclubproject/tennisclub-sample-data/target/classes/com/frenchies/tennisclub/**/*.class]
14:04:01.570 [main] DEBUG o.s.c.i.s.PathMatchingResourcePatternResolver - Searching directory [/home/val/Documents/Masaryk/Java/Seminars/project/tennisClub/tennisclubproject/tennisclub-sample-data/target/classes/com/frenchies/tennisclub/sampledata] for files matching pattern [/home/val/Documents/Masaryk/Java/Seminars/project/tennisClub/tennisclubproject/tennisclub-sample-data/target/classes/com/frenchies/tennisclub/**/*.class]
14:04:01.571 [main] DEBUG o.s.c.i.s.PathMatchingResourcePatternResolver - Looking for matching resources in jar file [file:/home/val/Documents/Masaryk/Java/Seminars/project/tennisClub/tennisclubproject/tennisclub-service/target/tennisclub-service-1.0-SNAPSHOT.jar]
14:04:01.573 [main] DEBUG o.s.c.i.s.PathMatchingResourcePatternResolver - Looking for matching resources in jar file [file:/home/val/Documents/Masaryk/Java/Seminars/project/tennisClub/tennisclubproject/tennisclub-api/target/tennisclub-api-1.0-SNAPSHOT.jar]
14:04:01.574 [main] DEBUG o.s.c.i.s.PathMatchingResourcePatternResolver - Looking for matching resources in jar file [file:/home/val/Documents/Masaryk/Java/Seminars/project/tennisClub/tennisclubproject/tennisclub-persistence/target/tennisclub-persistence-1.0-SNAPSHOT.jar]
14:04:01.576 [main] DEBUG o.s.c.i.s.PathMatchingResourcePatternResolver - Resolved location pattern [classpath*:com/frenchies/tennisclub/**/*.class] to resources [file [/home/val/Documents/Masaryk/Java/Seminars/project/tennisClub/tennisclubproject/tennisclub-sample-data/target/test-classes/com/frenchies/tennisclub/sampledata/SampleDataLoadingFacadeTest.class], file [/home/val/Documents/Masaryk/Java/Seminars/project/tennisClub/tennisclubproject/tennisclub-sample-data/target/test-classes/com/frenchies/tennisclub/AppTest.class], file [/home/val/Documents/Masaryk/Java/Seminars/project/tennisClub/tennisclubproject/tennisclub-sample-data/target/classes/com/frenchies/tennisclub/sampledata/SampleDataLoadingFacade.class], file [/home/val/Documents/Masaryk/Java/Seminars/project/tennisClub/tennisclubproject/tennisclub-sample-data/target/classes/com/frenchies/tennisclub/sampledata/SampleDataLoadingFacadeImpl.class], file [/home/val/Documents/Masaryk/Java/Seminars/project/tennisClub/tennisclubproject/tennisclub-sample-data/target/classes/com/frenchies/tennisclub/sampledata/TennisClubWithSampleDataConfiguration.class], file [/home/val/Documents/Masaryk/Java/Seminars/project/tennisClub/tennisclubproject/tennisclub-sample-data/target/classes/com/frenchies/tennisclub/App.class], URL [jar:file:/home/val/Documents/Masaryk/Java/Seminars/project/tennisClub/tennisclubproject/tennisclub-service/target/tennisclub-service-1.0-SNAPSHOT.jar!/com/frenchies/tennisclub/service/UserServiceImpl.class], URL [jar:file:/home/val/Documents/Masaryk/Java/Seminars/project/tennisClub/tennisclubproject/tennisclub-service/target/tennisclub-service-1.0-SNAPSHOT.jar!/com/frenchies/tennisclub/service/config/ServiceConfiguration.class], URL [jar:file:/home/val/Documents/Masaryk/Java/Seminars/project/tennisClub/tennisclubproject/tennisclub-service/target/tennisclub-service-1.0-SNAPSHOT.jar!/com/frenchies/tennisclub/service/BookingServiceImpl.class], URL [jar:file:/home/val/Documents/Masaryk/Java/Seminars/project/tennisClub/tennisclubproject/tennisclub-service/target/tennisclub-service-1.0-SNAPSHOT.jar!/com/frenchies/tennisclub/service/UserService.class], URL [jar:file:/home/val/Documents/Masaryk/Java/Seminars/project/tennisClub/tennisclubproject/tennisclub-service/target/tennisclub-service-1.0-SNAPSHOT.jar!/com/frenchies/tennisclub/service/facade/CourtFacadeImpl.class], URL [jar:file:/home/val/Documents/Masaryk/Java/Seminars/project/tennisClub/tennisclubproject/tennisclub-service/target/tennisclub-service-1.0-SNAPSHOT.jar!/com/frenchies/tennisclub/service/facade/UserFacadeImpl.class], URL [jar:file:/home/val/Documents/Masaryk/Java/Seminars/project/tennisClub/tennisclubproject/tennisclub-service/target/tennisclub-service-1.0-SNAPSHOT.jar!/com/frenchies/tennisclub/service/facade/BookingFacadeImpl.class], URL [jar:file:/home/val/Documents/Masaryk/Java/Seminars/project/tennisClub/tennisclubproject/tennisclub-service/target/tennisclub-service-1.0-SNAPSHOT.jar!/com/frenchies/tennisclub/service/BookingService.class], URL [jar:file:/home/val/Documents/Masaryk/Java/Seminars/project/tennisClub/tennisclubproject/tennisclub-service/target/tennisclub-service-1.0-SNAPSHOT.jar!/com/frenchies/tennisclub/service/TimeServiceImpl.class], URL [jar:file:/home/val/Documents/Masaryk/Java/Seminars/project/tennisClub/tennisclubproject/tennisclub-service/target/tennisclub-service-1.0-SNAPSHOT.jar!/com/frenchies/tennisclub/service/CourtService.class], URL [jar:file:/home/val/Documents/Masaryk/Java/Seminars/project/tennisClub/tennisclubproject/tennisclub-service/target/tennisclub-service-1.0-SNAPSHOT.jar!/com/frenchies/tennisclub/service/CourtServiceImpl.class], URL [jar:file:/home/val/Documents/Masaryk/Java/Seminars/project/tennisClub/tennisclubproject/tennisclub-service/target/tennisclub-service-1.0-SNAPSHOT.jar!/com/frenchies/tennisclub/service/TimeService.class], URL [jar:file:/home/val/Documents/Masaryk/Java/Seminars/project/tennisClub/tennisclubproject/tennisclub-service/target/tennisclub-service-1.0-SNAPSHOT.jar!/com/frenchies/tennisclub/mappers/BeanMappingService.class], URL [jar:file:/home/val/Documents/Masaryk/Java/Seminars/project/tennisClub/tennisclubproject/tennisclub-service/target/tennisclub-service-1.0-SNAPSHOT.jar!/com/frenchies/tennisclub/mappers/BeanMappingServiceImpl.class], URL [jar:file:/home/val/Documents/Masaryk/Java/Seminars/project/tennisClub/tennisclubproject/tennisclub-api/target/tennisclub-api-1.0-SNAPSHOT.jar!/com/frenchies/tennisclub/dto/CourtCreateDTO.class], URL [jar:file:/home/val/Documents/Masaryk/Java/Seminars/project/tennisClub/tennisclubproject/tennisclub-api/target/tennisclub-api-1.0-SNAPSHOT.jar!/com/frenchies/tennisclub/dto/BookingDTO.class], URL [jar:file:/home/val/Documents/Masaryk/Java/Seminars/project/tennisClub/tennisclubproject/tennisclub-api/target/tennisclub-api-1.0-SNAPSHOT.jar!/com/frenchies/tennisclub/dto/BookingCreateDTO.class], URL [jar:file:/home/val/Documents/Masaryk/Java/Seminars/project/tennisClub/tennisclubproject/tennisclub-api/target/tennisclub-api-1.0-SNAPSHOT.jar!/com/frenchies/tennisclub/dto/UserCreateDTO.class], URL [jar:file:/home/val/Documents/Masaryk/Java/Seminars/project/tennisClub/tennisclubproject/tennisclub-api/target/tennisclub-api-1.0-SNAPSHOT.jar!/com/frenchies/tennisclub/dto/UserAuthenticateDTO.class], URL [jar:file:/home/val/Documents/Masaryk/Java/Seminars/project/tennisClub/tennisclubproject/tennisclub-api/target/tennisclub-api-1.0-SNAPSHOT.jar!/com/frenchies/tennisclub/dto/CourtDTO.class], URL [jar:file:/home/val/Documents/Masaryk/Java/Seminars/project/tennisClub/tennisclubproject/tennisclub-api/target/tennisclub-api-1.0-SNAPSHOT.jar!/com/frenchies/tennisclub/dto/UserDTO.class], URL [jar:file:/home/val/Documents/Masaryk/Java/Seminars/project/tennisClub/tennisclubproject/tennisclub-api/target/tennisclub-api-1.0-SNAPSHOT.jar!/com/frenchies/tennisclub/facade/BookingFacade.class], URL [jar:file:/home/val/Documents/Masaryk/Java/Seminars/project/tennisClub/tennisclubproject/tennisclub-api/target/tennisclub-api-1.0-SNAPSHOT.jar!/com/frenchies/tennisclub/facade/CourtFacade.class], URL [jar:file:/home/val/Documents/Masaryk/Java/Seminars/project/tennisClub/tennisclubproject/tennisclub-api/target/tennisclub-api-1.0-SNAPSHOT.jar!/com/frenchies/tennisclub/facade/UserFacade.class], URL [jar:file:/home/val/Documents/Masaryk/Java/Seminars/project/tennisClub/tennisclubproject/tennisclub-api/target/tennisclub-api-1.0-SNAPSHOT.jar!/com/frenchies/tennisclub/enums/Hour24.class], URL [jar:file:/home/val/Documents/Masaryk/Java/Seminars/project/tennisClub/tennisclubproject/tennisclub-api/target/tennisclub-api-1.0-SNAPSHOT.jar!/com/frenchies/tennisclub/enums/CourtType.class], URL [jar:file:/home/val/Documents/Masaryk/Java/Seminars/project/tennisClub/tennisclubproject/tennisclub-api/target/tennisclub-api-1.0-SNAPSHOT.jar!/com/frenchies/tennisclub/enums/Status.class], URL [jar:file:/home/val/Documents/Masaryk/Java/Seminars/project/tennisClub/tennisclubproject/tennisclub-api/target/tennisclub-api-1.0-SNAPSHOT.jar!/com/frenchies/tennisclub/exceptions/UserAuthentificationException.class], URL [jar:file:/home/val/Documents/Masaryk/Java/Seminars/project/tennisClub/tennisclubproject/tennisclub-persistence/target/tennisclub-persistence-1.0-SNAPSHOT.jar!/com/frenchies/tennisclub/entity/Booking.class], URL [jar:file:/home/val/Documents/Masaryk/Java/Seminars/project/tennisClub/tennisclubproject/tennisclub-persistence/target/tennisclub-persistence-1.0-SNAPSHOT.jar!/com/frenchies/tennisclub/entity/User.class], URL [jar:file:/home/val/Documents/Masaryk/Java/Seminars/project/tennisClub/tennisclubproject/tennisclub-persistence/target/tennisclub-persistence-1.0-SNAPSHOT.jar!/com/frenchies/tennisclub/entity/Court.class], URL [jar:file:/home/val/Documents/Masaryk/Java/Seminars/project/tennisClub/tennisclubproject/tennisclub-persistence/target/tennisclub-persistence-1.0-SNAPSHOT.jar!/com/frenchies/tennisclub/enums/Hour24.class], URL [jar:file:/home/val/Documents/Masaryk/Java/Seminars/project/tennisClub/tennisclubproject/tennisclub-persistence/target/tennisclub-persistence-1.0-SNAPSHOT.jar!/com/frenchies/tennisclub/enums/CourtType.class], URL [jar:file:/home/val/Documents/Masaryk/Java/Seminars/project/tennisClub/tennisclubproject/tennisclub-persistence/target/tennisclub-persistence-1.0-SNAPSHOT.jar!/com/frenchies/tennisclub/enums/Status.class], URL [jar:file:/home/val/Documents/Masaryk/Java/Seminars/project/tennisClub/tennisclubproject/tennisclub-persistence/target/tennisclub-persistence-1.0-SNAPSHOT.jar!/com/frenchies/tennisclub/PersistenceSampleApplicationContext.class], URL [jar:file:/home/val/Documents/Masaryk/Java/Seminars/project/tennisClub/tennisclubproject/tennisclub-persistence/target/tennisclub-persistence-1.0-SNAPSHOT.jar!/com/frenchies/tennisclub/InMemoryDatabaseSpring.class], URL [jar:file:/home/val/Documents/Masaryk/Java/Seminars/project/tennisClub/tennisclubproject/tennisclub-persistence/target/tennisclub-persistence-1.0-SNAPSHOT.jar!/com/frenchies/tennisclub/dao/UserDaoImpl.class], URL [jar:file:/home/val/Documents/Masaryk/Java/Seminars/project/tennisClub/tennisclubproject/tennisclub-persistence/target/tennisclub-persistence-1.0-SNAPSHOT.jar!/com/frenchies/tennisclub/dao/BookingDaoImpl.class], URL [jar:file:/home/val/Documents/Masaryk/Java/Seminars/project/tennisClub/tennisclubproject/tennisclub-persistence/target/tennisclub-persistence-1.0-SNAPSHOT.jar!/com/frenchies/tennisclub/dao/BookingDao.class], URL [jar:file:/home/val/Documents/Masaryk/Java/Seminars/project/tennisClub/tennisclubproject/tennisclub-persistence/target/tennisclub-persistence-1.0-SNAPSHOT.jar!/com/frenchies/tennisclub/dao/UserDao.class], URL [jar:file:/home/val/Documents/Masaryk/Java/Seminars/project/tennisClub/tennisclubproject/tennisclub-persistence/target/tennisclub-persistence-1.0-SNAPSHOT.jar!/com/frenchies/tennisclub/dao/CourtDaoImpl.class], URL [jar:file:/home/val/Documents/Masaryk/Java/Seminars/project/tennisClub/tennisclubproject/tennisclub-persistence/target/tennisclub-persistence-1.0-SNAPSHOT.jar!/com/frenchies/tennisclub/dao/CourtDao.class]]
14:04:01.578 [main] DEBUG o.s.c.a.ClassPathBeanDefinitionScanner - Identified candidate component class: file [/home/val/Documents/Masaryk/Java/Seminars/project/tennisClub/tennisclubproject/tennisclub-sample-data/target/classes/com/frenchies/tennisclub/sampledata/SampleDataLoadingFacadeImpl.class]
14:04:01.579 [main] DEBUG o.s.c.a.ClassPathBeanDefinitionScanner - Identified candidate component class: file [/home/val/Documents/Masaryk/Java/Seminars/project/tennisClub/tennisclubproject/tennisclub-sample-data/target/classes/com/frenchies/tennisclub/sampledata/TennisClubWithSampleDataConfiguration.class]
14:04:01.580 [main] DEBUG o.s.c.a.ClassPathBeanDefinitionScanner - Identified candidate component class: URL [jar:file:/home/val/Documents/Masaryk/Java/Seminars/project/tennisClub/tennisclubproject/tennisclub-service/target/tennisclub-service-1.0-SNAPSHOT.jar!/com/frenchies/tennisclub/service/UserServiceImpl.class]
14:04:01.581 [main] DEBUG o.s.c.a.ClassPathBeanDefinitionScanner - Identified candidate component class: URL [jar:file:/home/val/Documents/Masaryk/Java/Seminars/project/tennisClub/tennisclubproject/tennisclub-service/target/tennisclub-service-1.0-SNAPSHOT.jar!/com/frenchies/tennisclub/service/config/ServiceConfiguration.class]
14:04:01.582 [main] DEBUG o.s.c.a.ClassPathBeanDefinitionScanner - Identified candidate component class: URL [jar:file:/home/val/Documents/Masaryk/Java/Seminars/project/tennisClub/tennisclubproject/tennisclub-service/target/tennisclub-service-1.0-SNAPSHOT.jar!/com/frenchies/tennisclub/service/BookingServiceImpl.class]
14:04:01.582 [main] DEBUG o.s.c.a.ClassPathBeanDefinitionScanner - Ignored because not a concrete top-level class: URL [jar:file:/home/val/Documents/Masaryk/Java/Seminars/project/tennisClub/tennisclubproject/tennisclub-service/target/tennisclub-service-1.0-SNAPSHOT.jar!/com/frenchies/tennisclub/service/UserService.class]
14:04:01.583 [main] DEBUG o.s.c.a.ClassPathBeanDefinitionScanner - Identified candidate component class: URL [jar:file:/home/val/Documents/Masaryk/Java/Seminars/project/tennisClub/tennisclubproject/tennisclub-service/target/tennisclub-service-1.0-SNAPSHOT.jar!/com/frenchies/tennisclub/service/facade/CourtFacadeImpl.class]
14:04:01.584 [main] DEBUG o.s.c.a.ClassPathBeanDefinitionScanner - Identified candidate component class: URL [jar:file:/home/val/Documents/Masaryk/Java/Seminars/project/tennisClub/tennisclubproject/tennisclub-service/target/tennisclub-service-1.0-SNAPSHOT.jar!/com/frenchies/tennisclub/service/facade/UserFacadeImpl.class]
14:04:01.585 [main] DEBUG o.s.c.a.ClassPathBeanDefinitionScanner - Identified candidate component class: URL [jar:file:/home/val/Documents/Masaryk/Java/Seminars/project/tennisClub/tennisclubproject/tennisclub-service/target/tennisclub-service-1.0-SNAPSHOT.jar!/com/frenchies/tennisclub/service/facade/BookingFacadeImpl.class]
14:04:01.587 [main] DEBUG o.s.c.a.ClassPathBeanDefinitionScanner - Ignored because not a concrete top-level class: URL [jar:file:/home/val/Documents/Masaryk/Java/Seminars/project/tennisClub/tennisclubproject/tennisclub-service/target/tennisclub-service-1.0-SNAPSHOT.jar!/com/frenchies/tennisclub/service/BookingService.class]
14:04:01.587 [main] DEBUG o.s.c.a.ClassPathBeanDefinitionScanner - Identified candidate component class: URL [jar:file:/home/val/Documents/Masaryk/Java/Seminars/project/tennisClub/tennisclubproject/tennisclub-service/target/tennisclub-service-1.0-SNAPSHOT.jar!/com/frenchies/tennisclub/service/TimeServiceImpl.class]
14:04:01.588 [main] DEBUG o.s.c.a.ClassPathBeanDefinitionScanner - Ignored because not a concrete top-level class: URL [jar:file:/home/val/Documents/Masaryk/Java/Seminars/project/tennisClub/tennisclubproject/tennisclub-service/target/tennisclub-service-1.0-SNAPSHOT.jar!/com/frenchies/tennisclub/service/CourtService.class]
14:04:01.588 [main] DEBUG o.s.c.a.ClassPathBeanDefinitionScanner - Identified candidate component class: URL [jar:file:/home/val/Documents/Masaryk/Java/Seminars/project/tennisClub/tennisclubproject/tennisclub-service/target/tennisclub-service-1.0-SNAPSHOT.jar!/com/frenchies/tennisclub/service/CourtServiceImpl.class]
14:04:01.588 [main] DEBUG o.s.c.a.ClassPathBeanDefinitionScanner - Ignored because not a concrete top-level class: URL [jar:file:/home/val/Documents/Masaryk/Java/Seminars/project/tennisClub/tennisclubproject/tennisclub-service/target/tennisclub-service-1.0-SNAPSHOT.jar!/com/frenchies/tennisclub/service/TimeService.class]
14:04:01.589 [main] DEBUG o.s.c.a.ClassPathBeanDefinitionScanner - Ignored because not a concrete top-level class: URL [jar:file:/home/val/Documents/Masaryk/Java/Seminars/project/tennisClub/tennisclubproject/tennisclub-service/target/tennisclub-service-1.0-SNAPSHOT.jar!/com/frenchies/tennisclub/mappers/BeanMappingService.class]
14:04:01.589 [main] DEBUG o.s.c.a.ClassPathBeanDefinitionScanner - Identified candidate component class: URL [jar:file:/home/val/Documents/Masaryk/Java/Seminars/project/tennisClub/tennisclubproject/tennisclub-service/target/tennisclub-service-1.0-SNAPSHOT.jar!/com/frenchies/tennisclub/mappers/BeanMappingServiceImpl.class]
14:04:01.595 [main] DEBUG o.s.c.a.ClassPathBeanDefinitionScanner - Identified candidate component class: URL [jar:file:/home/val/Documents/Masaryk/Java/Seminars/project/tennisClub/tennisclubproject/tennisclub-persistence/target/tennisclub-persistence-1.0-SNAPSHOT.jar!/com/frenchies/tennisclub/InMemoryDatabaseSpring.class]
14:04:01.596 [main] DEBUG o.s.c.a.ClassPathBeanDefinitionScanner - Identified candidate component class: URL [jar:file:/home/val/Documents/Masaryk/Java/Seminars/project/tennisClub/tennisclubproject/tennisclub-persistence/target/tennisclub-persistence-1.0-SNAPSHOT.jar!/com/frenchies/tennisclub/dao/UserDaoImpl.class]
14:04:01.597 [main] DEBUG o.s.c.a.ClassPathBeanDefinitionScanner - Identified candidate component class: URL [jar:file:/home/val/Documents/Masaryk/Java/Seminars/project/tennisClub/tennisclubproject/tennisclub-persistence/target/tennisclub-persistence-1.0-SNAPSHOT.jar!/com/frenchies/tennisclub/dao/BookingDaoImpl.class]
14:04:01.598 [main] DEBUG o.s.c.a.ClassPathBeanDefinitionScanner - Identified candidate component class: URL [jar:file:/home/val/Documents/Masaryk/Java/Seminars/project/tennisClub/tennisclubproject/tennisclub-persistence/target/tennisclub-persistence-1.0-SNAPSHOT.jar!/com/frenchies/tennisclub/dao/CourtDaoImpl.class]
14:04:01.627 [main] DEBUG o.s.c.a.ConfigurationClassBeanDefinitionReader - Registered bean definition for imported class 'org.springframework.transaction.annotation.ProxyTransactionManagementConfiguration'
14:04:01.628 [main] DEBUG o.s.c.a.ConfigurationClassBeanDefinitionReader - Registering bean definition for @Bean method org.springframework.transaction.annotation.ProxyTransactionManagementConfiguration.org.springframework.transaction.config.internalTransactionAdvisor()
14:04:01.629 [main] DEBUG o.s.c.a.ConfigurationClassBeanDefinitionReader - Registering bean definition for @Bean method org.springframework.transaction.annotation.ProxyTransactionManagementConfiguration.transactionAttributeSource()
14:04:01.629 [main] DEBUG o.s.c.a.ConfigurationClassBeanDefinitionReader - Registering bean definition for @Bean method org.springframework.transaction.annotation.ProxyTransactionManagementConfiguration.transactionInterceptor()
14:04:01.630 [main] DEBUG o.s.c.a.ConfigurationClassBeanDefinitionReader - Registered bean definition for imported class 'com.frenchies.tennisclub.PersistenceSampleApplicationContext'
14:04:01.630 [main] DEBUG o.s.c.a.ConfigurationClassBeanDefinitionReader - Registering bean definition for @Bean method com.frenchies.tennisclub.PersistenceSampleApplicationContext.transactionManager()
14:04:01.630 [main] DEBUG o.s.c.a.ConfigurationClassBeanDefinitionReader - Registering bean definition for @Bean method com.frenchies.tennisclub.PersistenceSampleApplicationContext.entityManagerFactory()
14:04:01.631 [main] DEBUG o.s.c.a.ConfigurationClassBeanDefinitionReader - Registering bean definition for @Bean method com.frenchies.tennisclub.PersistenceSampleApplicationContext.localValidatorFactoryBean()
14:04:01.631 [main] DEBUG o.s.c.a.ConfigurationClassBeanDefinitionReader - Registering bean definition for @Bean method com.frenchies.tennisclub.PersistenceSampleApplicationContext.instrumentationLoadTimeWeaver()
14:04:01.631 [main] DEBUG o.s.c.a.ConfigurationClassBeanDefinitionReader - Registering bean definition for @Bean method com.frenchies.tennisclub.PersistenceSampleApplicationContext.db()
14:04:01.640 [main] DEBUG o.s.core.env.StandardEnvironment - Adding [systemProperties] PropertySource with lowest search precedence
14:04:01.640 [main] DEBUG o.s.core.env.StandardEnvironment - Adding [systemEnvironment] PropertySource with lowest search precedence
14:04:01.640 [main] DEBUG o.s.core.env.StandardEnvironment - Initialized StandardEnvironment with PropertySources [systemProperties,systemEnvironment]
14:04:01.642 [main] DEBUG o.s.c.i.s.PathMatchingResourcePatternResolver - Looking for matching resources in jar file [file:/home/val/.m2/repository/org/springframework/data/spring-data-jpa/1.7.4.RELEASE/spring-data-jpa-1.7.4.RELEASE.jar]
14:04:01.649 [main] DEBUG o.s.c.i.s.PathMatchingResourcePatternResolver - Looking for matching resources in jar file [file:/home/val/.m2/repository/org/springframework/data/spring-data-commons/1.9.4.RELEASE/spring-data-commons-1.9.4.RELEASE.jar]
14:04:01.656 [main] DEBUG o.s.c.i.s.PathMatchingResourcePatternResolver - Resolved location pattern [classpath*:org/springframework/data/**/repository/support/**/*.class] to resources [URL [jar:file:/home/val/.m2/repository/org/springframework/data/spring-data-jpa/1.7.4.RELEASE/spring-data-jpa-1.7.4.RELEASE.jar!/org/springframework/data/jpa/repository/support/Querydsl$1.class], URL [jar:file:/home/val/.m2/repository/org/springframework/data/spring-data-jpa/1.7.4.RELEASE/spring-data-jpa-1.7.4.RELEASE.jar!/org/springframework/data/jpa/repository/support/CrudMethodMetadataPostProcessor$ThreadBoundTargetSource.class], URL [jar:file:/home/val/.m2/repository/org/springframework/data/spring-data-jpa/1.7.4.RELEASE/spring-data-jpa-1.7.4.RELEASE.jar!/org/springframework/data/jpa/repository/support/JpaPersistableEntityInformation.class], URL [jar:file:/home/val/.m2/repository/org/springframework/data/spring-data-jpa/1.7.4.RELEASE/spring-data-jpa-1.7.4.RELEASE.jar!/org/springframework/data/jpa/repository/support/PersistenceProvider$4.class], URL [jar:file:/home/val/.m2/repository/org/springframework/data/spring-data-jpa/1.7.4.RELEASE/spring-data-jpa-1.7.4.RELEASE.jar!/org/springframework/data/jpa/repository/support/CrudMethodMetadataPostProcessor.class], URL [jar:file:/home/val/.m2/repository/org/springframework/data/spring-data-jpa/1.7.4.RELEASE/spring-data-jpa-1.7.4.RELEASE.jar!/org/springframework/data/jpa/repository/support/CrudMethodMetadataPostProcessor$1.class], URL [jar:file:/home/val/.m2/repository/org/springframework/data/spring-data-jpa/1.7.4.RELEASE/spring-data-jpa-1.7.4.RELEASE.jar!/org/springframework/data/jpa/repository/support/JpaEntityInformation.class], URL [jar:file:/home/val/.m2/repository/org/springframework/data/spring-data-jpa/1.7.4.RELEASE/spring-data-jpa-1.7.4.RELEASE.jar!/org/springframework/data/jpa/repository/support/JpaMetamodelEntityInformation.class], URL [jar:file:/home/val/.m2/repository/org/springframework/data/spring-data-jpa/1.7.4.RELEASE/spring-data-jpa-1.7.4.RELEASE.jar!/org/springframework/data/jpa/repository/support/JpaMetamodelEntityInformation$IdMetadata.class], URL [jar:file:/home/val/.m2/repository/org/springframework/data/spring-data-jpa/1.7.4.RELEASE/spring-data-jpa-1.7.4.RELEASE.jar!/org/springframework/data/jpa/repository/support/JpaEntityInformationSupport.class], URL [jar:file:/home/val/.m2/repository/org/springframework/data/spring-data-jpa/1.7.4.RELEASE/spring-data-jpa-1.7.4.RELEASE.jar!/org/springframework/data/jpa/repository/support/PersistenceProvider$3.class], URL [jar:file:/home/val/.m2/repository/org/springframework/data/spring-data-jpa/1.7.4.RELEASE/spring-data-jpa-1.7.4.RELEASE.jar!/org/springframework/data/jpa/repository/support/QueryDslRepositorySupport.class], URL [jar:file:/home/val/.m2/repository/org/springframework/data/spring-data-jpa/1.7.4.RELEASE/spring-data-jpa-1.7.4.RELEASE.jar!/org/springframework/data/jpa/repository/support/JpaRepositoryFactory.class], URL [jar:file:/home/val/.m2/repository/org/springframework/data/spring-data-jpa/1.7.4.RELEASE/spring-data-jpa-1.7.4.RELEASE.jar!/org/springframework/data/jpa/repository/support/CrudMethodMetadataPostProcessor$DefaultCrudMethodMetadata.class], URL [jar:file:/home/val/.m2/repository/org/springframework/data/spring-data-jpa/1.7.4.RELEASE/spring-data-jpa-1.7.4.RELEASE.jar!/org/springframework/data/jpa/repository/support/PersistenceProvider.class], URL [jar:file:/home/val/.m2/repository/org/springframework/data/spring-data-jpa/1.7.4.RELEASE/spring-data-jpa-1.7.4.RELEASE.jar!/org/springframework/data/jpa/repository/support/SimpleJpaRepository.class], URL [jar:file:/home/val/.m2/repository/org/springframework/data/spring-data-jpa/1.7.4.RELEASE/spring-data-jpa-1.7.4.RELEASE.jar!/org/springframework/data/jpa/repository/support/CrudMethodMetadataPostProcessor$CrudMethodMetadataPopulatingMethodIntercceptor.class], URL [jar:file:/home/val/.m2/repository/org/springframework/data/spring-data-jpa/1.7.4.RELEASE/spring-data-jpa-1.7.4.RELEASE.jar!/org/springframework/data/jpa/repository/support/Querydsl.class], URL [jar:file:/home/val/.m2/repository/org/springframework/data/spring-data-jpa/1.7.4.RELEASE/spring-data-jpa-1.7.4.RELEASE.jar!/org/springframework/data/jpa/repository/support/CrudMethodMetadata.class], URL [jar:file:/home/val/.m2/repository/org/springframework/data/spring-data-jpa/1.7.4.RELEASE/spring-data-jpa-1.7.4.RELEASE.jar!/org/springframework/data/jpa/repository/support/EntityManagerBeanDefinitionRegistrarPostProcessor.class], URL [jar:file:/home/val/.m2/repository/org/springframework/data/spring-data-jpa/1.7.4.RELEASE/spring-data-jpa-1.7.4.RELEASE.jar!/org/springframework/data/jpa/repository/support/JpaMetamodelEntityInformation$IdentifierDerivingDirectFieldAccessFallbackBeanWrapper.class], URL [jar:file:/home/val/.m2/repository/org/springframework/data/spring-data-jpa/1.7.4.RELEASE/spring-data-jpa-1.7.4.RELEASE.jar!/org/springframework/data/jpa/repository/support/PersistenceProvider$1.class], URL [jar:file:/home/val/.m2/repository/org/springframework/data/spring-data-jpa/1.7.4.RELEASE/spring-data-jpa-1.7.4.RELEASE.jar!/org/springframework/data/jpa/repository/support/QueryDslJpaRepository.class], URL [jar:file:/home/val/.m2/repository/org/springframework/data/spring-data-jpa/1.7.4.RELEASE/spring-data-jpa-1.7.4.RELEASE.jar!/org/springframework/data/jpa/repository/support/PersistenceProvider$2.class], URL [jar:file:/home/val/.m2/repository/org/springframework/data/spring-data-jpa/1.7.4.RELEASE/spring-data-jpa-1.7.4.RELEASE.jar!/org/springframework/data/jpa/repository/support/JpaRepositoryFactoryBean.class], URL [jar:file:/home/val/.m2/repository/org/springframework/data/spring-data-jpa/1.7.4.RELEASE/spring-data-jpa-1.7.4.RELEASE.jar!/org/springframework/data/jpa/repository/support/PersistenceProvider$Constants.class], URL [jar:file:/home/val/.m2/repository/org/springframework/data/spring-data-jpa/1.7.4.RELEASE/spring-data-jpa-1.7.4.RELEASE.jar!/org/springframework/data/jpa/repository/support/SimpleJpaRepository$ByIdsSpecification.class], URL [jar:file:/home/val/.m2/repository/org/springframework/data/spring-data-commons/1.9.4.RELEASE/spring-data-commons-1.9.4.RELEASE.jar!/org/springframework/data/repository/support/Repositories$EmptyRepositoryFactoryInformation.class], URL [jar:file:/home/val/.m2/repository/org/springframework/data/spring-data-commons/1.9.4.RELEASE/spring-data-commons-1.9.4.RELEASE.jar!/org/springframework/data/repository/support/DomainClassPropertyEditorRegistrar.class], URL [jar:file:/home/val/.m2/repository/org/springframework/data/spring-data-commons/1.9.4.RELEASE/spring-data-commons-1.9.4.RELEASE.jar!/org/springframework/data/repository/support/CrudRepositoryInvoker.class], URL [jar:file:/home/val/.m2/repository/org/springframework/data/spring-data-commons/1.9.4.RELEASE/spring-data-commons-1.9.4.RELEASE.jar!/org/springframework/data/repository/support/Repositories.class], URL [jar:file:/home/val/.m2/repository/org/springframework/data/spring-data-commons/1.9.4.RELEASE/spring-data-commons-1.9.4.RELEASE.jar!/org/springframework/data/repository/support/ReflectionRepositoryInvoker.class], URL [jar:file:/home/val/.m2/repository/org/springframework/data/spring-data-commons/1.9.4.RELEASE/spring-data-commons-1.9.4.RELEASE.jar!/org/springframework/data/repository/support/DomainClassPropertyEditor.class], URL [jar:file:/home/val/.m2/repository/org/springframework/data/spring-data-commons/1.9.4.RELEASE/spring-data-commons-1.9.4.RELEASE.jar!/org/springframework/data/repository/support/DomainClassConverter.class]]
14:04:01.676 [main] DEBUG o.s.c.a.ClassPathScanningCandidateComponentProvider - Identified candidate component class: URL [jar:file:/home/val/.m2/repository/org/springframework/data/spring-data-jpa/1.7.4.RELEASE/spring-data-jpa-1.7.4.RELEASE.jar!/org/springframework/data/jpa/repository/support/JpaRepositoryFactory.class]
14:04:01.702 [main] DEBUG o.s.core.env.StandardEnvironment - Adding [systemProperties] PropertySource with lowest search precedence
14:04:01.702 [main] DEBUG o.s.core.env.StandardEnvironment - Adding [systemEnvironment] PropertySource with lowest search precedence
14:04:01.703 [main] DEBUG o.s.core.env.StandardEnvironment - Initialized StandardEnvironment with PropertySources [systemProperties,systemEnvironment]
14:04:01.705 [main] DEBUG o.s.c.i.s.PathMatchingResourcePatternResolver - Looking for matching resources in directory tree [/home/val/Documents/Masaryk/Java/Seminars/project/tennisClub/tennisclubproject/tennisclub-sample-data/target/test-classes/com/frenchies/tennisclub]
14:04:01.705 [main] DEBUG o.s.c.i.s.PathMatchingResourcePatternResolver - Searching directory [/home/val/Documents/Masaryk/Java/Seminars/project/tennisClub/tennisclubproject/tennisclub-sample-data/target/test-classes/com/frenchies/tennisclub] for files matching pattern [/home/val/Documents/Masaryk/Java/Seminars/project/tennisClub/tennisclubproject/tennisclub-sample-data/target/test-classes/com/frenchies/tennisclub/**/*.class]
14:04:01.706 [main] DEBUG o.s.c.i.s.PathMatchingResourcePatternResolver - Searching directory [/home/val/Documents/Masaryk/Java/Seminars/project/tennisClub/tennisclubproject/tennisclub-sample-data/target/test-classes/com/frenchies/tennisclub/sampledata] for files matching pattern [/home/val/Documents/Masaryk/Java/Seminars/project/tennisClub/tennisclubproject/tennisclub-sample-data/target/test-classes/com/frenchies/tennisclub/**/*.class]
14:04:01.707 [main] DEBUG o.s.c.i.s.PathMatchingResourcePatternResolver - Looking for matching resources in directory tree [/home/val/Documents/Masaryk/Java/Seminars/project/tennisClub/tennisclubproject/tennisclub-sample-data/target/classes/com/frenchies/tennisclub]
14:04:01.707 [main] DEBUG o.s.c.i.s.PathMatchingResourcePatternResolver - Searching directory [/home/val/Documents/Masaryk/Java/Seminars/project/tennisClub/tennisclubproject/tennisclub-sample-data/target/classes/com/frenchies/tennisclub] for files matching pattern [/home/val/Documents/Masaryk/Java/Seminars/project/tennisClub/tennisclubproject/tennisclub-sample-data/target/classes/com/frenchies/tennisclub/**/*.class]
14:04:01.708 [main] DEBUG o.s.c.i.s.PathMatchingResourcePatternResolver - Searching directory [/home/val/Documents/Masaryk/Java/Seminars/project/tennisClub/tennisclubproject/tennisclub-sample-data/target/classes/com/frenchies/tennisclub/sampledata] for files matching pattern [/home/val/Documents/Masaryk/Java/Seminars/project/tennisClub/tennisclubproject/tennisclub-sample-data/target/classes/com/frenchies/tennisclub/**/*.class]
14:04:01.708 [main] DEBUG o.s.c.i.s.PathMatchingResourcePatternResolver - Looking for matching resources in jar file [file:/home/val/Documents/Masaryk/Java/Seminars/project/tennisClub/tennisclubproject/tennisclub-service/target/tennisclub-service-1.0-SNAPSHOT.jar]
14:04:01.709 [main] DEBUG o.s.c.i.s.PathMatchingResourcePatternResolver - Looking for matching resources in jar file [file:/home/val/Documents/Masaryk/Java/Seminars/project/tennisClub/tennisclubproject/tennisclub-api/target/tennisclub-api-1.0-SNAPSHOT.jar]
14:04:01.710 [main] DEBUG o.s.c.i.s.PathMatchingResourcePatternResolver - Looking for matching resources in jar file [file:/home/val/Documents/Masaryk/Java/Seminars/project/tennisClub/tennisclubproject/tennisclub-persistence/target/tennisclub-persistence-1.0-SNAPSHOT.jar]
14:04:01.711 [main] DEBUG o.s.c.i.s.PathMatchingResourcePatternResolver - Resolved location pattern [classpath*:com/frenchies/tennisclub/**/*.class] to resources [file [/home/val/Documents/Masaryk/Java/Seminars/project/tennisClub/tennisclubproject/tennisclub-sample-data/target/test-classes/com/frenchies/tennisclub/sampledata/SampleDataLoadingFacadeTest.class], file [/home/val/Documents/Masaryk/Java/Seminars/project/tennisClub/tennisclubproject/tennisclub-sample-data/target/test-classes/com/frenchies/tennisclub/AppTest.class], file [/home/val/Documents/Masaryk/Java/Seminars/project/tennisClub/tennisclubproject/tennisclub-sample-data/target/classes/com/frenchies/tennisclub/sampledata/SampleDataLoadingFacade.class], file [/home/val/Documents/Masaryk/Java/Seminars/project/tennisClub/tennisclubproject/tennisclub-sample-data/target/classes/com/frenchies/tennisclub/sampledata/SampleDataLoadingFacadeImpl.class], file [/home/val/Documents/Masaryk/Java/Seminars/project/tennisClub/tennisclubproject/tennisclub-sample-data/target/classes/com/frenchies/tennisclub/sampledata/TennisClubWithSampleDataConfiguration.class], file [/home/val/Documents/Masaryk/Java/Seminars/project/tennisClub/tennisclubproject/tennisclub-sample-data/target/classes/com/frenchies/tennisclub/App.class], URL [jar:file:/home/val/Documents/Masaryk/Java/Seminars/project/tennisClub/tennisclubproject/tennisclub-service/target/tennisclub-service-1.0-SNAPSHOT.jar!/com/frenchies/tennisclub/service/UserServiceImpl.class], URL [jar:file:/home/val/Documents/Masaryk/Java/Seminars/project/tennisClub/tennisclubproject/tennisclub-service/target/tennisclub-service-1.0-SNAPSHOT.jar!/com/frenchies/tennisclub/service/config/ServiceConfiguration.class], URL [jar:file:/home/val/Documents/Masaryk/Java/Seminars/project/tennisClub/tennisclubproject/tennisclub-service/target/tennisclub-service-1.0-SNAPSHOT.jar!/com/frenchies/tennisclub/service/BookingServiceImpl.class], URL [jar:file:/home/val/Documents/Masaryk/Java/Seminars/project/tennisClub/tennisclubproject/tennisclub-service/target/tennisclub-service-1.0-SNAPSHOT.jar!/com/frenchies/tennisclub/service/UserService.class], URL [jar:file:/home/val/Documents/Masaryk/Java/Seminars/project/tennisClub/tennisclubproject/tennisclub-service/target/tennisclub-service-1.0-SNAPSHOT.jar!/com/frenchies/tennisclub/service/facade/CourtFacadeImpl.class], URL [jar:file:/home/val/Documents/Masaryk/Java/Seminars/project/tennisClub/tennisclubproject/tennisclub-service/target/tennisclub-service-1.0-SNAPSHOT.jar!/com/frenchies/tennisclub/service/facade/UserFacadeImpl.class], URL [jar:file:/home/val/Documents/Masaryk/Java/Seminars/project/tennisClub/tennisclubproject/tennisclub-service/target/tennisclub-service-1.0-SNAPSHOT.jar!/com/frenchies/tennisclub/service/facade/BookingFacadeImpl.class], URL [jar:file:/home/val/Documents/Masaryk/Java/Seminars/project/tennisClub/tennisclubproject/tennisclub-service/target/tennisclub-service-1.0-SNAPSHOT.jar!/com/frenchies/tennisclub/service/BookingService.class], URL [jar:file:/home/val/Documents/Masaryk/Java/Seminars/project/tennisClub/tennisclubproject/tennisclub-service/target/tennisclub-service-1.0-SNAPSHOT.jar!/com/frenchies/tennisclub/service/TimeServiceImpl.class], URL [jar:file:/home/val/Documents/Masaryk/Java/Seminars/project/tennisClub/tennisclubproject/tennisclub-service/target/tennisclub-service-1.0-SNAPSHOT.jar!/com/frenchies/tennisclub/service/CourtService.class], URL [jar:file:/home/val/Documents/Masaryk/Java/Seminars/project/tennisClub/tennisclubproject/tennisclub-service/target/tennisclub-service-1.0-SNAPSHOT.jar!/com/frenchies/tennisclub/service/CourtServiceImpl.class], URL [jar:file:/home/val/Documents/Masaryk/Java/Seminars/project/tennisClub/tennisclubproject/tennisclub-service/target/tennisclub-service-1.0-SNAPSHOT.jar!/com/frenchies/tennisclub/service/TimeService.class], URL [jar:file:/home/val/Documents/Masaryk/Java/Seminars/project/tennisClub/tennisclubproject/tennisclub-service/target/tennisclub-service-1.0-SNAPSHOT.jar!/com/frenchies/tennisclub/mappers/BeanMappingService.class], URL [jar:file:/home/val/Documents/Masaryk/Java/Seminars/project/tennisClub/tennisclubproject/tennisclub-service/target/tennisclub-service-1.0-SNAPSHOT.jar!/com/frenchies/tennisclub/mappers/BeanMappingServiceImpl.class], URL [jar:file:/home/val/Documents/Masaryk/Java/Seminars/project/tennisClub/tennisclubproject/tennisclub-api/target/tennisclub-api-1.0-SNAPSHOT.jar!/com/frenchies/tennisclub/dto/CourtCreateDTO.class], URL [jar:file:/home/val/Documents/Masaryk/Java/Seminars/project/tennisClub/tennisclubproject/tennisclub-api/target/tennisclub-api-1.0-SNAPSHOT.jar!/com/frenchies/tennisclub/dto/BookingDTO.class], URL [jar:file:/home/val/Documents/Masaryk/Java/Seminars/project/tennisClub/tennisclubproject/tennisclub-api/target/tennisclub-api-1.0-SNAPSHOT.jar!/com/frenchies/tennisclub/dto/BookingCreateDTO.class], URL [jar:file:/home/val/Documents/Masaryk/Java/Seminars/project/tennisClub/tennisclubproject/tennisclub-api/target/tennisclub-api-1.0-SNAPSHOT.jar!/com/frenchies/tennisclub/dto/UserCreateDTO.class], URL [jar:file:/home/val/Documents/Masaryk/Java/Seminars/project/tennisClub/tennisclubproject/tennisclub-api/target/tennisclub-api-1.0-SNAPSHOT.jar!/com/frenchies/tennisclub/dto/UserAuthenticateDTO.class], URL [jar:file:/home/val/Documents/Masaryk/Java/Seminars/project/tennisClub/tennisclubproject/tennisclub-api/target/tennisclub-api-1.0-SNAPSHOT.jar!/com/frenchies/tennisclub/dto/CourtDTO.class], URL [jar:file:/home/val/Documents/Masaryk/Java/Seminars/project/tennisClub/tennisclubproject/tennisclub-api/target/tennisclub-api-1.0-SNAPSHOT.jar!/com/frenchies/tennisclub/dto/UserDTO.class], URL [jar:file:/home/val/Documents/Masaryk/Java/Seminars/project/tennisClub/tennisclubproject/tennisclub-api/target/tennisclub-api-1.0-SNAPSHOT.jar!/com/frenchies/tennisclub/facade/BookingFacade.class], URL [jar:file:/home/val/Documents/Masaryk/Java/Seminars/project/tennisClub/tennisclubproject/tennisclub-api/target/tennisclub-api-1.0-SNAPSHOT.jar!/com/frenchies/tennisclub/facade/CourtFacade.class], URL [jar:file:/home/val/Documents/Masaryk/Java/Seminars/project/tennisClub/tennisclubproject/tennisclub-api/target/tennisclub-api-1.0-SNAPSHOT.jar!/com/frenchies/tennisclub/facade/UserFacade.class], URL [jar:file:/home/val/Documents/Masaryk/Java/Seminars/project/tennisClub/tennisclubproject/tennisclub-api/target/tennisclub-api-1.0-SNAPSHOT.jar!/com/frenchies/tennisclub/enums/Hour24.class], URL [jar:file:/home/val/Documents/Masaryk/Java/Seminars/project/tennisClub/tennisclubproject/tennisclub-api/target/tennisclub-api-1.0-SNAPSHOT.jar!/com/frenchies/tennisclub/enums/CourtType.class], URL [jar:file:/home/val/Documents/Masaryk/Java/Seminars/project/tennisClub/tennisclubproject/tennisclub-api/target/tennisclub-api-1.0-SNAPSHOT.jar!/com/frenchies/tennisclub/enums/Status.class], URL [jar:file:/home/val/Documents/Masaryk/Java/Seminars/project/tennisClub/tennisclubproject/tennisclub-api/target/tennisclub-api-1.0-SNAPSHOT.jar!/com/frenchies/tennisclub/exceptions/UserAuthentificationException.class], URL [jar:file:/home/val/Documents/Masaryk/Java/Seminars/project/tennisClub/tennisclubproject/tennisclub-persistence/target/tennisclub-persistence-1.0-SNAPSHOT.jar!/com/frenchies/tennisclub/entity/Booking.class], URL [jar:file:/home/val/Documents/Masaryk/Java/Seminars/project/tennisClub/tennisclubproject/tennisclub-persistence/target/tennisclub-persistence-1.0-SNAPSHOT.jar!/com/frenchies/tennisclub/entity/User.class], URL [jar:file:/home/val/Documents/Masaryk/Java/Seminars/project/tennisClub/tennisclubproject/tennisclub-persistence/target/tennisclub-persistence-1.0-SNAPSHOT.jar!/com/frenchies/tennisclub/entity/Court.class], URL [jar:file:/home/val/Documents/Masaryk/Java/Seminars/project/tennisClub/tennisclubproject/tennisclub-persistence/target/tennisclub-persistence-1.0-SNAPSHOT.jar!/com/frenchies/tennisclub/enums/Hour24.class], URL [jar:file:/home/val/Documents/Masaryk/Java/Seminars/project/tennisClub/tennisclubproject/tennisclub-persistence/target/tennisclub-persistence-1.0-SNAPSHOT.jar!/com/frenchies/tennisclub/enums/CourtType.class], URL [jar:file:/home/val/Documents/Masaryk/Java/Seminars/project/tennisClub/tennisclubproject/tennisclub-persistence/target/tennisclub-persistence-1.0-SNAPSHOT.jar!/com/frenchies/tennisclub/enums/Status.class], URL [jar:file:/home/val/Documents/Masaryk/Java/Seminars/project/tennisClub/tennisclubproject/tennisclub-persistence/target/tennisclub-persistence-1.0-SNAPSHOT.jar!/com/frenchies/tennisclub/PersistenceSampleApplicationContext.class], URL [jar:file:/home/val/Documents/Masaryk/Java/Seminars/project/tennisClub/tennisclubproject/tennisclub-persistence/target/tennisclub-persistence-1.0-SNAPSHOT.jar!/com/frenchies/tennisclub/InMemoryDatabaseSpring.class], URL [jar:file:/home/val/Documents/Masaryk/Java/Seminars/project/tennisClub/tennisclubproject/tennisclub-persistence/target/tennisclub-persistence-1.0-SNAPSHOT.jar!/com/frenchies/tennisclub/dao/UserDaoImpl.class], URL [jar:file:/home/val/Documents/Masaryk/Java/Seminars/project/tennisClub/tennisclubproject/tennisclub-persistence/target/tennisclub-persistence-1.0-SNAPSHOT.jar!/com/frenchies/tennisclub/dao/BookingDaoImpl.class], URL [jar:file:/home/val/Documents/Masaryk/Java/Seminars/project/tennisClub/tennisclubproject/tennisclub-persistence/target/tennisclub-persistence-1.0-SNAPSHOT.jar!/com/frenchies/tennisclub/dao/BookingDao.class], URL [jar:file:/home/val/Documents/Masaryk/Java/Seminars/project/tennisClub/tennisclubproject/tennisclub-persistence/target/tennisclub-persistence-1.0-SNAPSHOT.jar!/com/frenchies/tennisclub/dao/UserDao.class], URL [jar:file:/home/val/Documents/Masaryk/Java/Seminars/project/tennisClub/tennisclubproject/tennisclub-persistence/target/tennisclub-persistence-1.0-SNAPSHOT.jar!/com/frenchies/tennisclub/dao/CourtDaoImpl.class], URL [jar:file:/home/val/Documents/Masaryk/Java/Seminars/project/tennisClub/tennisclubproject/tennisclub-persistence/target/tennisclub-persistence-1.0-SNAPSHOT.jar!/com/frenchies/tennisclub/dao/CourtDao.class]]
14:04:01.732 [main] DEBUG o.s.c.a.ConfigurationClassBeanDefinitionReader - Registering bean definition for @Bean method com.frenchies.tennisclub.service.config.ServiceConfiguration.dozer()
14:04:01.732 [main] DEBUG o.s.c.a.ConfigurationClassBeanDefinitionReader - Registering bean definition for @Bean method com.frenchies.tennisclub.InMemoryDatabaseSpring.db()
14:04:01.733 [main] INFO  o.s.b.f.s.DefaultListableBeanFactory - Overriding bean definition for bean 'db': replacing [Root bean: class [null]; scope=; abstract=false; lazyInit=false; autowireMode=3; dependencyCheck=0; autowireCandidate=true; primary=false; factoryBeanName=com.frenchies.tennisclub.PersistenceSampleApplicationContext; factoryMethodName=db; initMethodName=null; destroyMethodName=(inferred); defined in class path resource [com/frenchies/tennisclub/PersistenceSampleApplicationContext.class]] with [Root bean: class [null]; scope=; abstract=false; lazyInit=false; autowireMode=3; dependencyCheck=0; autowireCandidate=true; primary=false; factoryBeanName=inMemoryDatabaseSpring; factoryMethodName=db; initMethodName=null; destroyMethodName=(inferred); defined in class path resource [com/frenchies/tennisclub/InMemoryDatabaseSpring.class]]
14:04:01.804 [main] DEBUG o.s.c.a.ConfigurationClassEnhancer - Successfully enhanced com.frenchies.tennisclub.sampledata.TennisClubWithSampleDataConfiguration; enhanced class name is: com.frenchies.tennisclub.sampledata.TennisClubWithSampleDataConfiguration$$EnhancerBySpringCGLIB$$a2da8bcd
14:04:01.805 [main] DEBUG o.s.c.a.ConfigurationClassPostProcessor - Replacing bean definition 'tennisClubWithSampleDataConfiguration' existing class name 'com.frenchies.tennisclub.sampledata.TennisClubWithSampleDataConfiguration' with enhanced class name 'com.frenchies.tennisclub.sampledata.TennisClubWithSampleDataConfiguration$$EnhancerBySpringCGLIB$$a2da8bcd'
14:04:01.807 [main] DEBUG o.s.c.a.ConfigurationClassEnhancer - Successfully enhanced com.frenchies.tennisclub.service.config.ServiceConfiguration; enhanced class name is: com.frenchies.tennisclub.service.config.ServiceConfiguration$$EnhancerBySpringCGLIB$$5850e7f2
14:04:01.808 [main] DEBUG o.s.c.a.ConfigurationClassPostProcessor - Replacing bean definition 'serviceConfiguration' existing class name 'com.frenchies.tennisclub.service.config.ServiceConfiguration' with enhanced class name 'com.frenchies.tennisclub.service.config.ServiceConfiguration$$EnhancerBySpringCGLIB$$5850e7f2'
14:04:01.811 [main] DEBUG o.s.c.a.ConfigurationClassEnhancer - Successfully enhanced com.frenchies.tennisclub.InMemoryDatabaseSpring; enhanced class name is: com.frenchies.tennisclub.InMemoryDatabaseSpring$$EnhancerBySpringCGLIB$$42e5df2a
14:04:01.811 [main] DEBUG o.s.c.a.ConfigurationClassPostProcessor - Replacing bean definition 'inMemoryDatabaseSpring' existing class name 'com.frenchies.tennisclub.InMemoryDatabaseSpring' with enhanced class name 'com.frenchies.tennisclub.InMemoryDatabaseSpring$$EnhancerBySpringCGLIB$$42e5df2a'
14:04:01.819 [main] DEBUG o.s.c.a.ConfigurationClassEnhancer - Successfully enhanced org.springframework.transaction.annotation.ProxyTransactionManagementConfiguration; enhanced class name is: org.springframework.transaction.annotation.ProxyTransactionManagementConfiguration$$EnhancerBySpringCGLIB$$ff67ced8
14:04:01.820 [main] DEBUG o.s.c.a.ConfigurationClassPostProcessor - Replacing bean definition 'org.springframework.transaction.annotation.ProxyTransactionManagementConfiguration' existing class name 'org.springframework.transaction.annotation.ProxyTransactionManagementConfiguration' with enhanced class name 'org.springframework.transaction.annotation.ProxyTransactionManagementConfiguration$$EnhancerBySpringCGLIB$$ff67ced8'
14:04:01.823 [main] DEBUG o.s.c.a.ConfigurationClassEnhancer - Successfully enhanced com.frenchies.tennisclub.PersistenceSampleApplicationContext; enhanced class name is: com.frenchies.tennisclub.PersistenceSampleApplicationContext$$EnhancerBySpringCGLIB$$920dcf46
14:04:01.824 [main] DEBUG o.s.c.a.ConfigurationClassPostProcessor - Replacing bean definition 'com.frenchies.tennisclub.PersistenceSampleApplicationContext' existing class name 'com.frenchies.tennisclub.PersistenceSampleApplicationContext' with enhanced class name 'com.frenchies.tennisclub.PersistenceSampleApplicationContext$$EnhancerBySpringCGLIB$$920dcf46'
14:04:01.828 [main] DEBUG o.s.b.f.s.DefaultListableBeanFactory - Creating shared instance of singleton bean 'foo'
14:04:01.828 [main] DEBUG o.s.b.f.s.DefaultListableBeanFactory - Creating instance of bean 'foo'
14:04:01.828 [main] DEBUG o.s.b.f.s.DefaultListableBeanFactory - Eagerly caching bean 'foo' to allow for resolving potential circular references
14:04:01.828 [main] DEBUG o.s.b.f.s.DefaultListableBeanFactory - Finished creating instance of bean 'foo'
14:04:01.844 [main] DEBUG o.s.b.f.s.DefaultListableBeanFactory - Creating shared instance of singleton bean 'org.springframework.context.annotation.internalAutowiredAnnotationProcessor'
14:04:01.845 [main] DEBUG o.s.b.f.s.DefaultListableBeanFactory - Creating instance of bean 'org.springframework.context.annotation.internalAutowiredAnnotationProcessor'
14:04:01.845 [main] INFO  o.s.b.f.a.AutowiredAnnotationBeanPostProcessor - JSR-330 'javax.inject.Inject' annotation found and supported for autowiring
14:04:01.846 [main] DEBUG o.s.b.f.s.DefaultListableBeanFactory - Eagerly caching bean 'org.springframework.context.annotation.internalAutowiredAnnotationProcessor' to allow for resolving potential circular references
14:04:01.846 [main] DEBUG o.s.b.f.s.DefaultListableBeanFactory - Finished creating instance of bean 'org.springframework.context.annotation.internalAutowiredAnnotationProcessor'
14:04:01.846 [main] DEBUG o.s.b.f.s.DefaultListableBeanFactory - Creating shared instance of singleton bean 'org.springframework.context.annotation.internalRequiredAnnotationProcessor'
14:04:01.846 [main] DEBUG o.s.b.f.s.DefaultListableBeanFactory - Creating instance of bean 'org.springframework.context.annotation.internalRequiredAnnotationProcessor'
14:04:01.846 [main] DEBUG o.s.b.f.s.DefaultListableBeanFactory - Eagerly caching bean 'org.springframework.context.annotation.internalRequiredAnnotationProcessor' to allow for resolving potential circular references
14:04:01.846 [main] DEBUG o.s.b.f.s.DefaultListableBeanFactory - Finished creating instance of bean 'org.springframework.context.annotation.internalRequiredAnnotationProcessor'
14:04:01.846 [main] DEBUG o.s.b.f.s.DefaultListableBeanFactory - Creating shared instance of singleton bean 'org.springframework.context.annotation.internalCommonAnnotationProcessor'
14:04:01.846 [main] DEBUG o.s.b.f.s.DefaultListableBeanFactory - Creating instance of bean 'org.springframework.context.annotation.internalCommonAnnotationProcessor'
14:04:01.849 [main] DEBUG o.s.b.f.s.DefaultListableBeanFactory - Eagerly caching bean 'org.springframework.context.annotation.internalCommonAnnotationProcessor' to allow for resolving potential circular references
14:04:01.849 [main] DEBUG o.s.b.f.s.DefaultListableBeanFactory - Finished creating instance of bean 'org.springframework.context.annotation.internalCommonAnnotationProcessor'
14:04:01.850 [main] DEBUG o.s.b.f.s.DefaultListableBeanFactory - Creating shared instance of singleton bean 'org.springframework.context.annotation.internalPersistenceAnnotationProcessor'
14:04:01.850 [main] DEBUG o.s.b.f.s.DefaultListableBeanFactory - Creating instance of bean 'org.springframework.context.annotation.internalPersistenceAnnotationProcessor'
14:04:01.850 [main] DEBUG o.s.b.f.s.DefaultListableBeanFactory - Eagerly caching bean 'org.springframework.context.annotation.internalPersistenceAnnotationProcessor' to allow for resolving potential circular references
14:04:01.850 [main] DEBUG o.s.b.f.s.DefaultListableBeanFactory - Finished creating instance of bean 'org.springframework.context.annotation.internalPersistenceAnnotationProcessor'
14:04:01.850 [main] DEBUG o.s.b.f.s.DefaultListableBeanFactory - Creating shared instance of singleton bean 'org.springframework.context.annotation.ConfigurationClassPostProcessor.importAwareProcessor'
14:04:01.850 [main] DEBUG o.s.b.f.s.DefaultListableBeanFactory - Creating instance of bean 'org.springframework.context.annotation.ConfigurationClassPostProcessor.importAwareProcessor'
14:04:01.850 [main] DEBUG o.s.b.f.s.DefaultListableBeanFactory - Eagerly caching bean 'org.springframework.context.annotation.ConfigurationClassPostProcessor.importAwareProcessor' to allow for resolving potential circular references
14:04:01.851 [main] DEBUG o.s.b.f.s.DefaultListableBeanFactory - Finished creating instance of bean 'org.springframework.context.annotation.ConfigurationClassPostProcessor.importAwareProcessor'
14:04:01.851 [main] DEBUG o.s.b.f.s.DefaultListableBeanFactory - Creating shared instance of singleton bean 'org.springframework.context.annotation.ConfigurationClassPostProcessor.enhancedConfigurationProcessor'
14:04:01.851 [main] DEBUG o.s.b.f.s.DefaultListableBeanFactory - Creating instance of bean 'org.springframework.context.annotation.ConfigurationClassPostProcessor.enhancedConfigurationProcessor'
14:04:01.851 [main] DEBUG o.s.b.f.s.DefaultListableBeanFactory - Eagerly caching bean 'org.springframework.context.annotation.ConfigurationClassPostProcessor.enhancedConfigurationProcessor' to allow for resolving potential circular references
14:04:01.851 [main] DEBUG o.s.b.f.s.DefaultListableBeanFactory - Finished creating instance of bean 'org.springframework.context.annotation.ConfigurationClassPostProcessor.enhancedConfigurationProcessor'
14:04:01.851 [main] DEBUG o.s.b.f.s.DefaultListableBeanFactory - Creating shared instance of singleton bean 'org.springframework.data.repository.core.support.RepositoryInterfaceAwareBeanPostProcessor'
14:04:01.851 [main] DEBUG o.s.b.f.s.DefaultListableBeanFactory - Creating instance of bean 'org.springframework.data.repository.core.support.RepositoryInterfaceAwareBeanPostProcessor'
14:04:01.852 [main] DEBUG o.s.b.f.s.DefaultListableBeanFactory - Eagerly caching bean 'org.springframework.data.repository.core.support.RepositoryInterfaceAwareBeanPostProcessor' to allow for resolving potential circular references
14:04:01.852 [main] DEBUG o.s.b.f.s.DefaultListableBeanFactory - Finished creating instance of bean 'org.springframework.data.repository.core.support.RepositoryInterfaceAwareBeanPostProcessor'
14:04:01.852 [main] DEBUG o.s.b.f.s.DefaultListableBeanFactory - Creating shared instance of singleton bean 'org.springframework.aop.config.internalAutoProxyCreator'
14:04:01.852 [main] DEBUG o.s.b.f.s.DefaultListableBeanFactory - Creating instance of bean 'org.springframework.aop.config.internalAutoProxyCreator'
14:04:01.859 [main] DEBUG o.s.b.f.s.DefaultListableBeanFactory - Eagerly caching bean 'org.springframework.aop.config.internalAutoProxyCreator' to allow for resolving potential circular references
14:04:01.887 [main] DEBUG o.s.b.f.s.DefaultListableBeanFactory - Finished creating instance of bean 'org.springframework.aop.config.internalAutoProxyCreator'
14:04:01.888 [main] DEBUG o.s.c.s.GenericApplicationContext - Unable to locate MessageSource with name 'messageSource': using default [org.springframework.context.support.DelegatingMessageSource@79c97cb]
14:04:01.890 [main] DEBUG o.s.c.s.GenericApplicationContext - Unable to locate ApplicationEventMulticaster with name 'applicationEventMulticaster': using default [org.springframework.context.event.SimpleApplicationEventMulticaster@704deff2]
14:04:01.902 [main] DEBUG o.s.b.f.s.DefaultListableBeanFactory - Creating shared instance of singleton bean 'entityManagerFactory'
14:04:01.903 [main] DEBUG o.s.b.f.s.DefaultListableBeanFactory - Creating instance of bean 'entityManagerFactory'
14:04:01.905 [main] DEBUG o.s.b.f.s.DefaultListableBeanFactory - Creating shared instance of singleton bean 'com.frenchies.tennisclub.PersistenceSampleApplicationContext'
14:04:01.905 [main] DEBUG o.s.b.f.s.DefaultListableBeanFactory - Creating instance of bean 'com.frenchies.tennisclub.PersistenceSampleApplicationContext'
14:04:01.907 [main] DEBUG o.s.b.f.s.DefaultListableBeanFactory - Eagerly caching bean 'com.frenchies.tennisclub.PersistenceSampleApplicationContext' to allow for resolving potential circular references
14:04:01.913 [main] DEBUG o.s.b.f.s.DefaultListableBeanFactory - Creating shared instance of singleton bean 'org.springframework.transaction.config.internalTransactionAdvisor'
14:04:01.913 [main] DEBUG o.s.b.f.s.DefaultListableBeanFactory - Creating instance of bean 'org.springframework.transaction.config.internalTransactionAdvisor'
14:04:01.914 [main] DEBUG o.s.b.f.s.DefaultListableBeanFactory - Creating shared instance of singleton bean 'org.springframework.transaction.annotation.ProxyTransactionManagementConfiguration'
14:04:01.914 [main] DEBUG o.s.b.f.s.DefaultListableBeanFactory - Creating instance of bean 'org.springframework.transaction.annotation.ProxyTransactionManagementConfiguration'
14:04:01.921 [main] DEBUG o.s.b.f.annotation.InjectionMetadata - Registered injected element on class [org.springframework.transaction.annotation.ProxyTransactionManagementConfiguration$$EnhancerBySpringCGLIB$$ff67ced8]: AutowiredMethodElement for void org.springframework.transaction.annotation.AbstractTransactionManagementConfiguration.setConfigurers(java.util.Collection)
14:04:01.921 [main] DEBUG o.s.b.f.s.DefaultListableBeanFactory - Eagerly caching bean 'org.springframework.transaction.annotation.ProxyTransactionManagementConfiguration' to allow for resolving potential circular references
14:04:01.922 [main] DEBUG o.s.b.f.annotation.InjectionMetadata - Processing injected element of bean 'org.springframework.transaction.annotation.ProxyTransactionManagementConfiguration': AutowiredMethodElement for void org.springframework.transaction.annotation.AbstractTransactionManagementConfiguration.setConfigurers(java.util.Collection)
14:04:01.929 [main] DEBUG o.s.b.f.s.DefaultListableBeanFactory - Returning cached instance of singleton bean 'org.springframework.context.annotation.ConfigurationClassPostProcessor.importRegistry'
14:04:01.930 [main] DEBUG o.s.a.f.a.BeanFactoryAdvisorRetrievalHelper - Skipping currently created advisor 'org.springframework.transaction.config.internalTransactionAdvisor'
14:04:01.932 [main] DEBUG o.s.b.f.s.DefaultListableBeanFactory - Finished creating instance of bean 'org.springframework.transaction.annotation.ProxyTransactionManagementConfiguration'
14:04:01.950 [main] DEBUG o.s.b.f.s.DefaultListableBeanFactory - Creating shared instance of singleton bean 'transactionAttributeSource'
14:04:01.950 [main] DEBUG o.s.b.f.s.DefaultListableBeanFactory - Creating instance of bean 'transactionAttributeSource'
14:04:01.950 [main] DEBUG o.s.b.f.s.DefaultListableBeanFactory - Returning cached instance of singleton bean 'org.springframework.transaction.annotation.ProxyTransactionManagementConfiguration'
14:04:01.952 [main] DEBUG o.s.b.f.s.DefaultListableBeanFactory - Eagerly caching bean 'transactionAttributeSource' to allow for resolving potential circular references
14:04:01.954 [main] DEBUG o.s.a.f.a.BeanFactoryAdvisorRetrievalHelper - Skipping currently created advisor 'org.springframework.transaction.config.internalTransactionAdvisor'
14:04:01.954 [main] DEBUG o.s.b.f.s.DefaultListableBeanFactory - Finished creating instance of bean 'transactionAttributeSource'
14:04:01.955 [main] DEBUG o.s.b.f.s.DefaultListableBeanFactory - Creating shared instance of singleton bean 'transactionInterceptor'
14:04:01.955 [main] DEBUG o.s.b.f.s.DefaultListableBeanFactory - Creating instance of bean 'transactionInterceptor'
14:04:01.955 [main] DEBUG o.s.b.f.s.DefaultListableBeanFactory - Returning cached instance of singleton bean 'org.springframework.transaction.annotation.ProxyTransactionManagementConfiguration'
14:04:01.959 [main] DEBUG o.s.b.f.s.DefaultListableBeanFactory - Returning cached instance of singleton bean 'transactionAttributeSource'
14:04:01.964 [main] DEBUG o.s.b.f.s.DefaultListableBeanFactory - Eagerly caching bean 'transactionInterceptor' to allow for resolving potential circular references
14:04:01.967 [main] DEBUG o.s.b.f.s.DefaultListableBeanFactory - Invoking afterPropertiesSet() on bean with name 'transactionInterceptor'
14:04:01.968 [main] DEBUG o.s.b.f.s.DefaultListableBeanFactory - Finished creating instance of bean 'transactionInterceptor'
14:04:01.969 [main] DEBUG o.s.b.f.s.DefaultListableBeanFactory - Eagerly caching bean 'org.springframework.transaction.config.internalTransactionAdvisor' to allow for resolving potential circular references
14:04:01.973 [main] DEBUG o.s.b.f.s.DefaultListableBeanFactory - Finished creating instance of bean 'org.springframework.transaction.config.internalTransactionAdvisor'
14:04:01.976 [main] DEBUG o.s.b.f.s.DefaultListableBeanFactory - Finished creating instance of bean 'com.frenchies.tennisclub.PersistenceSampleApplicationContext'
14:04:01.988 [main] DEBUG o.s.b.f.s.DefaultListableBeanFactory - Creating shared instance of singleton bean 'db'
14:04:01.988 [main] DEBUG o.s.b.f.s.DefaultListableBeanFactory - Creating instance of bean 'db'
14:04:01.989 [main] DEBUG o.s.b.f.s.DefaultListableBeanFactory - Creating shared instance of singleton bean 'inMemoryDatabaseSpring'
14:04:01.989 [main] DEBUG o.s.b.f.s.DefaultListableBeanFactory - Creating instance of bean 'inMemoryDatabaseSpring'
14:04:01.990 [main] DEBUG o.s.b.f.s.DefaultListableBeanFactory - Eagerly caching bean 'inMemoryDatabaseSpring' to allow for resolving potential circular references
14:04:01.993 [main] DEBUG o.s.b.f.s.DefaultListableBeanFactory - Returning cached instance of singleton bean 'org.springframework.transaction.config.internalTransactionAdvisor'
14:04:01.994 [main] DEBUG o.s.b.f.s.DefaultListableBeanFactory - Finished creating instance of bean 'inMemoryDatabaseSpring'
14:04:02.004 [main] INFO  o.s.j.d.e.EmbeddedDatabaseFactory - Creating embedded database 'testdb'
14:04:02.187 [main] DEBUG o.s.jdbc.datasource.DataSourceUtils - Fetching JDBC Connection from DataSource
14:04:02.188 [main] DEBUG o.s.j.d.SimpleDriverDataSource - Creating new JDBC Driver Connection to [jdbc:derby:memory:testdb;create=true]
14:04:02.661 [main] DEBUG o.s.jdbc.datasource.DataSourceUtils - Returning JDBC Connection to DataSource
14:04:02.662 [main] DEBUG o.s.b.f.s.DefaultListableBeanFactory - Eagerly caching bean 'db' to allow for resolving potential circular references
14:04:02.665 [main] DEBUG o.s.b.f.s.DefaultListableBeanFactory - Returning cached instance of singleton bean 'org.springframework.transaction.config.internalTransactionAdvisor'
14:04:02.666 [main] DEBUG o.s.b.f.s.DefaultListableBeanFactory - Finished creating instance of bean 'db'
14:04:02.667 [main] DEBUG o.s.b.f.s.DefaultListableBeanFactory - Creating shared instance of singleton bean 'instrumentationLoadTimeWeaver'
14:04:02.667 [main] DEBUG o.s.b.f.s.DefaultListableBeanFactory - Creating instance of bean 'instrumentationLoadTimeWeaver'
14:04:02.667 [main] DEBUG o.s.b.f.s.DefaultListableBeanFactory - Returning cached instance of singleton bean 'com.frenchies.tennisclub.PersistenceSampleApplicationContext'
14:04:02.670 [main] DEBUG o.s.b.f.s.DefaultListableBeanFactory - Eagerly caching bean 'instrumentationLoadTimeWeaver' to allow for resolving potential circular references
14:04:02.671 [main] DEBUG o.s.b.f.s.DefaultListableBeanFactory - Returning cached instance of singleton bean 'org.springframework.transaction.config.internalTransactionAdvisor'
14:04:02.672 [main] DEBUG o.s.b.f.s.DefaultListableBeanFactory - Finished creating instance of bean 'instrumentationLoadTimeWeaver'
14:04:02.683 [main] DEBUG org.jboss.logging - Logging Provider: org.jboss.logging.Slf4jLoggerProvider
14:04:02.687 [main] DEBUG o.s.b.f.s.DefaultListableBeanFactory - Eagerly caching bean 'entityManagerFactory' to allow for resolving potential circular references
14:04:02.695 [main] DEBUG o.s.b.f.s.DefaultListableBeanFactory - Invoking afterPropertiesSet() on bean with name 'entityManagerFactory'
14:04:02.732 [main] WARN  o.s.c.s.GenericApplicationContext - Exception encountered during context initialization - cancelling refresh attempt
org.springframework.beans.factory.BeanCreationException: Error creating bean with name 'entityManagerFactory' defined in class path resource [com/frenchies/tennisclub/PersistenceSampleApplicationContext.class]: Invocation of init method failed; nested exception is java.lang.IllegalStateException: Conflicting persistence unit definitions for name 'default': file:/home/val/Documents/Masaryk/Java/Seminars/project/tennisClub/tennisclubproject/tennisclub-persistence/target/tennisclub-persistence-1.0-SNAPSHOT.jar, file:/home/val/Documents/Masaryk/Java/Seminars/project/tennisClub/tennisclubproject/tennisclub-sample-data/target/classes
	at org.springframework.beans.factory.support.AbstractAutowireCapableBeanFactory.initializeBean(AbstractAutowireCapableBeanFactory.java:1572) ~[spring-beans-4.1.8.RELEASE.jar:4.1.8.RELEASE]
	at org.springframework.beans.factory.support.AbstractAutowireCapableBeanFactory.doCreateBean(AbstractAutowireCapableBeanFactory.java:539) ~[spring-beans-4.1.8.RELEASE.jar:4.1.8.RELEASE]
	at org.springframework.beans.factory.support.AbstractAutowireCapableBeanFactory.createBean(AbstractAutowireCapableBeanFactory.java:476) ~[spring-beans-4.1.8.RELEASE.jar:4.1.8.RELEASE]
	at org.springframework.beans.factory.support.AbstractBeanFactory$1.getObject(AbstractBeanFactory.java:303) ~[spring-beans-4.1.8.RELEASE.jar:4.1.8.RELEASE]
	at org.springframework.beans.factory.support.DefaultSingletonBeanRegistry.getSingleton(DefaultSingletonBeanRegistry.java:230) ~[spring-beans-4.1.8.RELEASE.jar:4.1.8.RELEASE]
	at org.springframework.beans.factory.support.AbstractBeanFactory.doGetBean(AbstractBeanFactory.java:299) ~[spring-beans-4.1.8.RELEASE.jar:4.1.8.RELEASE]
	at org.springframework.beans.factory.support.AbstractBeanFactory.getBean(AbstractBeanFactory.java:194) ~[spring-beans-4.1.8.RELEASE.jar:4.1.8.RELEASE]
	at org.springframework.context.support.AbstractApplicationContext.getBean(AbstractApplicationContext.java:960) ~[spring-context-4.1.8.RELEASE.jar:4.1.8.RELEASE]
	at org.springframework.context.support.AbstractApplicationContext.finishBeanFactoryInitialization(AbstractApplicationContext.java:749) ~[spring-context-4.1.8.RELEASE.jar:4.1.8.RELEASE]
	at org.springframework.context.support.AbstractApplicationContext.refresh(AbstractApplicationContext.java:480) ~[spring-context-4.1.8.RELEASE.jar:4.1.8.RELEASE]
	at org.springframework.test.context.support.AbstractGenericContextLoader.loadContext(AbstractGenericContextLoader.java:125) [spring-test-4.1.8.RELEASE.jar:4.1.8.RELEASE]
	at org.springframework.test.context.support.AbstractGenericContextLoader.loadContext(AbstractGenericContextLoader.java:60) [spring-test-4.1.8.RELEASE.jar:4.1.8.RELEASE]
	at org.springframework.test.context.support.AbstractDelegatingSmartContextLoader.delegateLoading(AbstractDelegatingSmartContextLoader.java:109) [spring-test-4.1.8.RELEASE.jar:4.1.8.RELEASE]
	at org.springframework.test.context.support.AbstractDelegatingSmartContextLoader.loadContext(AbstractDelegatingSmartContextLoader.java:261) [spring-test-4.1.8.RELEASE.jar:4.1.8.RELEASE]
	at org.springframework.test.context.DefaultCacheAwareContextLoaderDelegate.loadContextInternal(DefaultCacheAwareContextLoaderDelegate.java:68) [spring-test-4.1.8.RELEASE.jar:4.1.8.RELEASE]
	at org.springframework.test.context.DefaultCacheAwareContextLoaderDelegate.loadContext(DefaultCacheAwareContextLoaderDelegate.java:86) [spring-test-4.1.8.RELEASE.jar:4.1.8.RELEASE]
	at org.springframework.test.context.DefaultTestContext.getApplicationContext(DefaultTestContext.java:72) [spring-test-4.1.8.RELEASE.jar:4.1.8.RELEASE]
	at org.springframework.test.context.support.DependencyInjectionTestExecutionListener.injectDependencies(DependencyInjectionTestExecutionListener.java:117) [spring-test-4.1.8.RELEASE.jar:4.1.8.RELEASE]
	at org.springframework.test.context.support.DependencyInjectionTestExecutionListener.prepareTestInstance(DependencyInjectionTestExecutionListener.java:83) [spring-test-4.1.8.RELEASE.jar:4.1.8.RELEASE]
	at org.springframework.test.context.TestContextManager.prepareTestInstance(TestContextManager.java:212) [spring-test-4.1.8.RELEASE.jar:4.1.8.RELEASE]
	at org.springframework.test.context.testng.AbstractTestNGSpringContextTests.springTestContextPrepareTestInstance(AbstractTestNGSpringContextTests.java:145) [spring-test-4.1.8.RELEASE.jar:4.1.8.RELEASE]
	at sun.reflect.NativeMethodAccessorImpl.invoke0(Native Method) ~[na:1.8.0_151]
	at sun.reflect.NativeMethodAccessorImpl.invoke(NativeMethodAccessorImpl.java:62) ~[na:1.8.0_151]
	at sun.reflect.DelegatingMethodAccessorImpl.invoke(DelegatingMethodAccessorImpl.java:43) ~[na:1.8.0_151]
	at java.lang.reflect.Method.invoke(Method.java:498) ~[na:1.8.0_151]
	at org.testng.internal.MethodInvocationHelper.invokeMethod(MethodInvocationHelper.java:84) [testng-6.8.8.jar:na]
	at org.testng.internal.Invoker.invokeConfigurationMethod(Invoker.java:564) [testng-6.8.8.jar:na]
	at org.testng.internal.Invoker.invokeConfigurations(Invoker.java:213) [testng-6.8.8.jar:na]
	at org.testng.internal.Invoker.invokeConfigurations(Invoker.java:138) [testng-6.8.8.jar:na]
	at org.testng.internal.TestMethodWorker.invokeBeforeClassMethods(TestMethodWorker.java:175) [testng-6.8.8.jar:na]
	at org.testng.internal.TestMethodWorker.run(TestMethodWorker.java:107) [testng-6.8.8.jar:na]
	at org.testng.TestRunner.privateRun(TestRunner.java:767) [testng-6.8.8.jar:na]
	at org.testng.TestRunner.run(TestRunner.java:617) [testng-6.8.8.jar:na]
	at org.testng.SuiteRunner.runTest(SuiteRunner.java:348) [testng-6.8.8.jar:na]
	at org.testng.SuiteRunner.runSequentially(SuiteRunner.java:343) [testng-6.8.8.jar:na]
	at org.testng.SuiteRunner.privateRun(SuiteRunner.java:305) [testng-6.8.8.jar:na]
	at org.testng.SuiteRunner.run(SuiteRunner.java:254) [testng-6.8.8.jar:na]
	at org.testng.SuiteRunnerWorker.runSuite(SuiteRunnerWorker.java:52) [testng-6.8.8.jar:na]
	at org.testng.SuiteRunnerWorker.run(SuiteRunnerWorker.java:86) [testng-6.8.8.jar:na]
	at org.testng.TestNG.runSuitesSequentially(TestNG.java:1224) [testng-6.8.8.jar:na]
	at org.testng.TestNG.runSuitesLocally(TestNG.java:1149) [testng-6.8.8.jar:na]
	at org.testng.TestNG.run(TestNG.java:1057) [testng-6.8.8.jar:na]
	at org.apache.maven.surefire.testng.TestNGExecutor.run(TestNGExecutor.java:115) [surefire-testng-2.17.jar:2.17]
	at org.apache.maven.surefire.testng.TestNGDirectoryTestSuite.executeMulti(TestNGDirectoryTestSuite.java:204) [surefire-testng-2.17.jar:2.17]
	at org.apache.maven.surefire.testng.TestNGDirectoryTestSuite.execute(TestNGDirectoryTestSuite.java:107) [surefire-testng-2.17.jar:2.17]
	at org.apache.maven.surefire.testng.TestNGProvider.invoke(TestNGProvider.java:112) [surefire-testng-2.17.jar:2.17]
	at org.apache.maven.surefire.booter.ForkedBooter.invokeProviderInSameClassLoader(ForkedBooter.java:200) [surefire-booter-2.17.jar:2.17]
	at org.apache.maven.surefire.booter.ForkedBooter.runSuitesInProcess(ForkedBooter.java:153) [surefire-booter-2.17.jar:2.17]
	at org.apache.maven.surefire.booter.ForkedBooter.main(ForkedBooter.java:103) [surefire-booter-2.17.jar:2.17]
Caused by: java.lang.IllegalStateException: Conflicting persistence unit definitions for name 'default': file:/home/val/Documents/Masaryk/Java/Seminars/project/tennisClub/tennisclubproject/tennisclub-persistence/target/tennisclub-persistence-1.0-SNAPSHOT.jar, file:/home/val/Documents/Masaryk/Java/Seminars/project/tennisClub/tennisclubproject/tennisclub-sample-data/target/classes
	at org.springframework.orm.jpa.persistenceunit.DefaultPersistenceUnitManager.preparePersistenceUnitInfos(DefaultPersistenceUnitManager.java:470) ~[spring-orm-4.1.8.RELEASE.jar:4.1.8.RELEASE]
	at org.springframework.orm.jpa.persistenceunit.DefaultPersistenceUnitManager.afterPropertiesSet(DefaultPersistenceUnitManager.java:424) ~[spring-orm-4.1.8.RELEASE.jar:4.1.8.RELEASE]
	at org.springframework.orm.jpa.LocalContainerEntityManagerFactoryBean.createNativeEntityManagerFactory(LocalContainerEntityManagerFactoryBean.java:310) ~[spring-orm-4.1.8.RELEASE.jar:4.1.8.RELEASE]
	at org.springframework.orm.jpa.AbstractEntityManagerFactoryBean.afterPropertiesSet(AbstractEntityManagerFactoryBean.java:318) ~[spring-orm-4.1.8.RELEASE.jar:4.1.8.RELEASE]
	at org.springframework.beans.factory.support.AbstractAutowireCapableBeanFactory.invokeInitMethods(AbstractAutowireCapableBeanFactory.java:1631) ~[spring-beans-4.1.8.RELEASE.jar:4.1.8.RELEASE]
	at org.springframework.beans.factory.support.AbstractAutowireCapableBeanFactory.initializeBean(AbstractAutowireCapableBeanFactory.java:1568) ~[spring-beans-4.1.8.RELEASE.jar:4.1.8.RELEASE]
	... 48 common frames omitted
14:04:02.733 [main] DEBUG o.s.b.f.s.DefaultListableBeanFactory - Destroying singletons in org.springframework.beans.factory.support.DefaultListableBeanFactory@48aaecc3: defining beans [org.springframework.context.annotation.internalConfigurationAnnotationProcessor,org.springframework.context.annotation.internalAutowiredAnnotationProcessor,org.springframework.context.annotation.internalRequiredAnnotationProcessor,org.springframework.context.annotation.internalCommonAnnotationProcessor,org.springframework.context.annotation.internalPersistenceAnnotationProcessor,tennisClubWithSampleDataConfiguration,org.springframework.context.annotation.ConfigurationClassPostProcessor.importAwareProcessor,org.springframework.context.annotation.ConfigurationClassPostProcessor.enhancedConfigurationProcessor,sampleDataLoadingFacadeImpl,userServiceImpl,bookingServiceImpl,courtFacadeImpl,userFacadeImpl,bookingFacadeImpl,timeServiceImpl,courtServiceImpl,serviceConfiguration,beanMappingServiceImpl,inMemoryDatabaseSpring,userDaoImpl,bookingDaoImpl,courtDaoImpl,org.springframework.transaction.annotation.ProxyTransactionManagementConfiguration,org.springframework.transaction.config.internalTransactionAdvisor,transactionAttributeSource,transactionInterceptor,com.frenchies.tennisclub.PersistenceSampleApplicationContext,transactionManager,entityManagerFactory,localValidatorFactoryBean,instrumentationLoadTimeWeaver,db,org.springframework.aop.config.internalAutoProxyCreator,org.springframework.data.jpa.repository.config.JpaRepositoryConfigExtension#0,org.springframework.data.repository.core.support.RepositoryInterfaceAwareBeanPostProcessor,foo,jpaMappingContext,dozer,org.springframework.orm.jpa.SharedEntityManagerCreator#0]; root of factory hierarchy
14:04:02.738 [main] DEBUG o.s.b.f.s.DisposableBeanAdapter - Invoking destroy method 'shutdown' on bean with name 'db'
14:04:03.255 [main] ERROR o.s.test.context.TestContextManager - Caught exception while allowing TestExecutionListener [org.springframework.test.context.support.DependencyInjectionTestExecutionListener@7a3d45bd] to prepare test instance [com.frenchies.tennisclub.sampledata.SampleDataLoadingFacadeTest@51c8530f]
java.lang.IllegalStateException: Failed to load ApplicationContext
	at org.springframework.test.context.DefaultCacheAwareContextLoaderDelegate.loadContext(DefaultCacheAwareContextLoaderDelegate.java:94) ~[spring-test-4.1.8.RELEASE.jar:4.1.8.RELEASE]
	at org.springframework.test.context.DefaultTestContext.getApplicationContext(DefaultTestContext.java:72) ~[spring-test-4.1.8.RELEASE.jar:4.1.8.RELEASE]
	at org.springframework.test.context.support.DependencyInjectionTestExecutionListener.injectDependencies(DependencyInjectionTestExecutionListener.java:117) ~[spring-test-4.1.8.RELEASE.jar:4.1.8.RELEASE]
	at org.springframework.test.context.support.DependencyInjectionTestExecutionListener.prepareTestInstance(DependencyInjectionTestExecutionListener.java:83) ~[spring-test-4.1.8.RELEASE.jar:4.1.8.RELEASE]
	at org.springframework.test.context.TestContextManager.prepareTestInstance(TestContextManager.java:212) ~[spring-test-4.1.8.RELEASE.jar:4.1.8.RELEASE]
	at org.springframework.test.context.testng.AbstractTestNGSpringContextTests.springTestContextPrepareTestInstance(AbstractTestNGSpringContextTests.java:145) [spring-test-4.1.8.RELEASE.jar:4.1.8.RELEASE]
	at sun.reflect.NativeMethodAccessorImpl.invoke0(Native Method) ~[na:1.8.0_151]
	at sun.reflect.NativeMethodAccessorImpl.invoke(NativeMethodAccessorImpl.java:62) ~[na:1.8.0_151]
	at sun.reflect.DelegatingMethodAccessorImpl.invoke(DelegatingMethodAccessorImpl.java:43) ~[na:1.8.0_151]
	at java.lang.reflect.Method.invoke(Method.java:498) ~[na:1.8.0_151]
	at org.testng.internal.MethodInvocationHelper.invokeMethod(MethodInvocationHelper.java:84) [testng-6.8.8.jar:na]
	at org.testng.internal.Invoker.invokeConfigurationMethod(Invoker.java:564) [testng-6.8.8.jar:na]
	at org.testng.internal.Invoker.invokeConfigurations(Invoker.java:213) [testng-6.8.8.jar:na]
	at org.testng.internal.Invoker.invokeConfigurations(Invoker.java:138) [testng-6.8.8.jar:na]
	at org.testng.internal.TestMethodWorker.invokeBeforeClassMethods(TestMethodWorker.java:175) [testng-6.8.8.jar:na]
	at org.testng.internal.TestMethodWorker.run(TestMethodWorker.java:107) [testng-6.8.8.jar:na]
	at org.testng.TestRunner.privateRun(TestRunner.java:767) [testng-6.8.8.jar:na]
	at org.testng.TestRunner.run(TestRunner.java:617) [testng-6.8.8.jar:na]
	at org.testng.SuiteRunner.runTest(SuiteRunner.java:348) [testng-6.8.8.jar:na]
	at org.testng.SuiteRunner.runSequentially(SuiteRunner.java:343) [testng-6.8.8.jar:na]
	at org.testng.SuiteRunner.privateRun(SuiteRunner.java:305) [testng-6.8.8.jar:na]
	at org.testng.SuiteRunner.run(SuiteRunner.java:254) [testng-6.8.8.jar:na]
	at org.testng.SuiteRunnerWorker.runSuite(SuiteRunnerWorker.java:52) [testng-6.8.8.jar:na]
	at org.testng.SuiteRunnerWorker.run(SuiteRunnerWorker.java:86) [testng-6.8.8.jar:na]
	at org.testng.TestNG.runSuitesSequentially(TestNG.java:1224) [testng-6.8.8.jar:na]
	at org.testng.TestNG.runSuitesLocally(TestNG.java:1149) [testng-6.8.8.jar:na]
	at org.testng.TestNG.run(TestNG.java:1057) [testng-6.8.8.jar:na]
	at org.apache.maven.surefire.testng.TestNGExecutor.run(TestNGExecutor.java:115) [surefire-testng-2.17.jar:2.17]
	at org.apache.maven.surefire.testng.TestNGDirectoryTestSuite.executeMulti(TestNGDirectoryTestSuite.java:204) [surefire-testng-2.17.jar:2.17]
	at org.apache.maven.surefire.testng.TestNGDirectoryTestSuite.execute(TestNGDirectoryTestSuite.java:107) [surefire-testng-2.17.jar:2.17]
	at org.apache.maven.surefire.testng.TestNGProvider.invoke(TestNGProvider.java:112) [surefire-testng-2.17.jar:2.17]
	at org.apache.maven.surefire.booter.ForkedBooter.invokeProviderInSameClassLoader(ForkedBooter.java:200) [surefire-booter-2.17.jar:2.17]
	at org.apache.maven.surefire.booter.ForkedBooter.runSuitesInProcess(ForkedBooter.java:153) [surefire-booter-2.17.jar:2.17]
	at org.apache.maven.surefire.booter.ForkedBooter.main(ForkedBooter.java:103) [surefire-booter-2.17.jar:2.17]
Caused by: org.springframework.beans.factory.BeanCreationException: Error creating bean with name 'entityManagerFactory' defined in class path resource [com/frenchies/tennisclub/PersistenceSampleApplicationContext.class]: Invocation of init method failed; nested exception is java.lang.IllegalStateException: Conflicting persistence unit definitions for name 'default': file:/home/val/Documents/Masaryk/Java/Seminars/project/tennisClub/tennisclubproject/tennisclub-persistence/target/tennisclub-persistence-1.0-SNAPSHOT.jar, file:/home/val/Documents/Masaryk/Java/Seminars/project/tennisClub/tennisclubproject/tennisclub-sample-data/target/classes
	at org.springframework.beans.factory.support.AbstractAutowireCapableBeanFactory.initializeBean(AbstractAutowireCapableBeanFactory.java:1572) ~[spring-beans-4.1.8.RELEASE.jar:4.1.8.RELEASE]
	at org.springframework.beans.factory.support.AbstractAutowireCapableBeanFactory.doCreateBean(AbstractAutowireCapableBeanFactory.java:539) ~[spring-beans-4.1.8.RELEASE.jar:4.1.8.RELEASE]
	at org.springframework.beans.factory.support.AbstractAutowireCapableBeanFactory.createBean(AbstractAutowireCapableBeanFactory.java:476) ~[spring-beans-4.1.8.RELEASE.jar:4.1.8.RELEASE]
	at org.springframework.beans.factory.support.AbstractBeanFactory$1.getObject(AbstractBeanFactory.java:303) ~[spring-beans-4.1.8.RELEASE.jar:4.1.8.RELEASE]
	at org.springframework.beans.factory.support.DefaultSingletonBeanRegistry.getSingleton(DefaultSingletonBeanRegistry.java:230) ~[spring-beans-4.1.8.RELEASE.jar:4.1.8.RELEASE]
	at org.springframework.beans.factory.support.AbstractBeanFactory.doGetBean(AbstractBeanFactory.java:299) ~[spring-beans-4.1.8.RELEASE.jar:4.1.8.RELEASE]
	at org.springframework.beans.factory.support.AbstractBeanFactory.getBean(AbstractBeanFactory.java:194) ~[spring-beans-4.1.8.RELEASE.jar:4.1.8.RELEASE]
	at org.springframework.context.support.AbstractApplicationContext.getBean(AbstractApplicationContext.java:960) ~[spring-context-4.1.8.RELEASE.jar:4.1.8.RELEASE]
	at org.springframework.context.support.AbstractApplicationContext.finishBeanFactoryInitialization(AbstractApplicationContext.java:749) ~[spring-context-4.1.8.RELEASE.jar:4.1.8.RELEASE]
	at org.springframework.context.support.AbstractApplicationContext.refresh(AbstractApplicationContext.java:480) ~[spring-context-4.1.8.RELEASE.jar:4.1.8.RELEASE]
	at org.springframework.test.context.support.AbstractGenericContextLoader.loadContext(AbstractGenericContextLoader.java:125) ~[spring-test-4.1.8.RELEASE.jar:4.1.8.RELEASE]
	at org.springframework.test.context.support.AbstractGenericContextLoader.loadContext(AbstractGenericContextLoader.java:60) ~[spring-test-4.1.8.RELEASE.jar:4.1.8.RELEASE]
	at org.springframework.test.context.support.AbstractDelegatingSmartContextLoader.delegateLoading(AbstractDelegatingSmartContextLoader.java:109) ~[spring-test-4.1.8.RELEASE.jar:4.1.8.RELEASE]
	at org.springframework.test.context.support.AbstractDelegatingSmartContextLoader.loadContext(AbstractDelegatingSmartContextLoader.java:261) ~[spring-test-4.1.8.RELEASE.jar:4.1.8.RELEASE]
	at org.springframework.test.context.DefaultCacheAwareContextLoaderDelegate.loadContextInternal(DefaultCacheAwareContextLoaderDelegate.java:68) ~[spring-test-4.1.8.RELEASE.jar:4.1.8.RELEASE]
	at org.springframework.test.context.DefaultCacheAwareContextLoaderDelegate.loadContext(DefaultCacheAwareContextLoaderDelegate.java:86) ~[spring-test-4.1.8.RELEASE.jar:4.1.8.RELEASE]
	... 33 common frames omitted
Caused by: java.lang.IllegalStateException: Conflicting persistence unit definitions for name 'default': file:/home/val/Documents/Masaryk/Java/Seminars/project/tennisClub/tennisclubproject/tennisclub-persistence/target/tennisclub-persistence-1.0-SNAPSHOT.jar, file:/home/val/Documents/Masaryk/Java/Seminars/project/tennisClub/tennisclubproject/tennisclub-sample-data/target/classes
	at org.springframework.orm.jpa.persistenceunit.DefaultPersistenceUnitManager.preparePersistenceUnitInfos(DefaultPersistenceUnitManager.java:470) ~[spring-orm-4.1.8.RELEASE.jar:4.1.8.RELEASE]
	at org.springframework.orm.jpa.persistenceunit.DefaultPersistenceUnitManager.afterPropertiesSet(DefaultPersistenceUnitManager.java:424) ~[spring-orm-4.1.8.RELEASE.jar:4.1.8.RELEASE]
	at org.springframework.orm.jpa.LocalContainerEntityManagerFactoryBean.createNativeEntityManagerFactory(LocalContainerEntityManagerFactoryBean.java:310) ~[spring-orm-4.1.8.RELEASE.jar:4.1.8.RELEASE]
	at org.springframework.orm.jpa.AbstractEntityManagerFactoryBean.afterPropertiesSet(AbstractEntityManagerFactoryBean.java:318) ~[spring-orm-4.1.8.RELEASE.jar:4.1.8.RELEASE]
	at org.springframework.beans.factory.support.AbstractAutowireCapableBeanFactory.invokeInitMethods(AbstractAutowireCapableBeanFactory.java:1631) ~[spring-beans-4.1.8.RELEASE.jar:4.1.8.RELEASE]
	at org.springframework.beans.factory.support.AbstractAutowireCapableBeanFactory.initializeBean(AbstractAutowireCapableBeanFactory.java:1568) ~[spring-beans-4.1.8.RELEASE.jar:4.1.8.RELEASE]
	... 48 common frames omitted
]]></system-out>
  </testcase>
  <testcase name="springTestContextBeforeTestMethod" classname="com.frenchies.tennisclub.sampledata.SampleDataLoadingFacadeTest" time="0">
    <skipped/>
  </testcase>
  <testcase name="createSampleData" classname="com.frenchies.tennisclub.sampledata.SampleDataLoadingFacadeTest" time="0">
    <skipped/>
  </testcase>
</testsuite>